[2024-08-02T17:08:32.333+0900] {local_task_job_runner.py:120} INFO - ::group::Pre task execution logs
[2024-08-02T17:08:32.361+0900] {taskinstance.py:2076} INFO - Dependencies all met for dep_context=non-requeueable deps ti=<TaskInstance: movie.get.data scheduled__2017-01-02T05:47:00+00:00 [queued]>
[2024-08-02T17:08:32.371+0900] {taskinstance.py:2076} INFO - Dependencies all met for dep_context=requeueable deps ti=<TaskInstance: movie.get.data scheduled__2017-01-02T05:47:00+00:00 [queued]>
[2024-08-02T17:08:32.371+0900] {taskinstance.py:2306} INFO - Starting attempt 1 of 3
[2024-08-02T17:08:32.390+0900] {taskinstance.py:2330} INFO - Executing <Task(PythonVirtualenvOperator): get.data> on 2017-01-02 05:47:00+00:00
[2024-08-02T17:08:32.393+0900] {standard_task_runner.py:64} INFO - Started process 154818 to run task
[2024-08-02T17:08:32.398+0900] {standard_task_runner.py:90} INFO - Running: ['airflow', 'tasks', 'run', 'movie', 'get.data', 'scheduled__2017-01-02T05:47:00+00:00', '--job-id', '118', '--raw', '--subdir', 'DAGS_FOLDER/movie.py', '--cfg-path', '/tmp/tmp8fvujpat']
[2024-08-02T17:08:32.401+0900] {standard_task_runner.py:91} INFO - Job 118: Subtask get.data
[2024-08-02T17:08:32.442+0900] {task_command.py:426} INFO - Running <TaskInstance: movie.get.data scheduled__2017-01-02T05:47:00+00:00 [running]> on host playdata.
[2024-08-02T17:08:32.540+0900] {taskinstance.py:2648} INFO - Exporting env vars: AIRFLOW_CTX_DAG_OWNER='airflow' AIRFLOW_CTX_DAG_ID='movie' AIRFLOW_CTX_TASK_ID='get.data' AIRFLOW_CTX_EXECUTION_DATE='2017-01-02T05:47:00+00:00' AIRFLOW_CTX_TRY_NUMBER='1' AIRFLOW_CTX_DAG_RUN_ID='scheduled__2017-01-02T05:47:00+00:00'
[2024-08-02T17:08:32.540+0900] {taskinstance.py:430} INFO - ::endgroup::
[2024-08-02T17:08:32.555+0900] {baseoperator.py:400} WARNING - PythonVirtualenvOperator.execute cannot be called outside TaskInstance!
[2024-08-02T17:08:32.556+0900] {process_utils.py:183} INFO - Executing cmd: /home/oddsummer/.pyenv/versions/3.11.9/envs/air/bin/python -m virtualenv /tmp/venvt8qxm8wk --python=python
[2024-08-02T17:08:32.558+0900] {process_utils.py:187} INFO - Output:
[2024-08-02T17:08:32.986+0900] {process_utils.py:191} INFO - created virtual environment CPython3.11.9.final.0-64 in 308ms
[2024-08-02T17:08:32.987+0900] {process_utils.py:191} INFO -   creator CPython3Posix(dest=/tmp/venvt8qxm8wk, clear=False, no_vcs_ignore=False, global=False)
[2024-08-02T17:08:32.987+0900] {process_utils.py:191} INFO -   seeder FromAppData(download=False, pip=bundle, setuptools=bundle, wheel=bundle, via=copy, app_data_dir=/home/oddsummer/.local/share/virtualenv)
[2024-08-02T17:08:32.988+0900] {process_utils.py:191} INFO -     added seed packages: pip==24.1.2, setuptools==70.2.0, wheel==0.43.0
[2024-08-02T17:08:32.988+0900] {process_utils.py:191} INFO -   activators BashActivator,CShellActivator,FishActivator,NushellActivator,PowerShellActivator,PythonActivator
[2024-08-02T17:08:33.015+0900] {process_utils.py:183} INFO - Executing cmd: /tmp/venvt8qxm8wk/bin/pip install -r /tmp/venvt8qxm8wk/requirements.txt
[2024-08-02T17:08:33.016+0900] {process_utils.py:187} INFO - Output:
[2024-08-02T17:08:34.363+0900] {process_utils.py:191} INFO - Collecting git+https://github.com/7-TRG/extract_trg.git@main (from -r /tmp/venvt8qxm8wk/requirements.txt (line 1))
[2024-08-02T17:08:34.364+0900] {process_utils.py:191} INFO -   Cloning https://github.com/7-TRG/extract_trg.git (to revision main) to /tmp/pip-req-build-l2x29jjm
[2024-08-02T17:08:34.367+0900] {process_utils.py:191} INFO -   Running command git clone --filter=blob:none --quiet https://github.com/7-TRG/extract_trg.git /tmp/pip-req-build-l2x29jjm
[2024-08-02T17:08:36.044+0900] {process_utils.py:191} INFO -   Resolved https://github.com/7-TRG/extract_trg.git to commit 0712b3f1bbaeeeea58bf80749079a62c7e1bec3d
[2024-08-02T17:08:36.053+0900] {process_utils.py:191} INFO -   Installing build dependencies: started
[2024-08-02T17:08:38.644+0900] {process_utils.py:191} INFO -   Installing build dependencies: finished with status 'done'
[2024-08-02T17:08:38.645+0900] {process_utils.py:191} INFO -   Getting requirements to build wheel: started
[2024-08-02T17:08:38.916+0900] {process_utils.py:191} INFO -   Getting requirements to build wheel: finished with status 'done'
[2024-08-02T17:08:38.919+0900] {process_utils.py:191} INFO -   Preparing metadata (pyproject.toml): started
[2024-08-02T17:08:39.255+0900] {process_utils.py:191} INFO -   Preparing metadata (pyproject.toml): finished with status 'done'
[2024-08-02T17:08:39.259+0900] {process_utils.py:191} INFO - Building wheels for collected packages: extract_trg
[2024-08-02T17:08:39.264+0900] {process_utils.py:191} INFO -   Building wheel for extract_trg (pyproject.toml): started
[2024-08-02T17:08:39.621+0900] {process_utils.py:191} INFO -   Building wheel for extract_trg (pyproject.toml): finished with status 'done'
[2024-08-02T17:08:39.622+0900] {process_utils.py:191} INFO -   Created wheel for extract_trg: filename=extract_trg-0.1.0-py3-none-any.whl size=2219 sha256=e9affb64f64960beba165a2402c67ed4bfaf1611a53e0094bc56ae2ed28b6b38
[2024-08-02T17:08:39.622+0900] {process_utils.py:191} INFO -   Stored in directory: /tmp/pip-ephem-wheel-cache-n1oi5chp/wheels/21/97/ea/e27bc4298590f1b8a2b9c46b60aefbe2e3076cf05f6bd5e464
[2024-08-02T17:08:39.625+0900] {process_utils.py:191} INFO - Successfully built extract_trg
[2024-08-02T17:08:39.637+0900] {process_utils.py:191} INFO - Installing collected packages: extract_trg
[2024-08-02T17:08:39.669+0900] {process_utils.py:191} INFO - Successfully installed extract_trg-0.1.0
[2024-08-02T17:08:39.678+0900] {process_utils.py:191} INFO - 
[2024-08-02T17:08:39.678+0900] {process_utils.py:191} INFO - [notice] A new release of pip is available: 24.1.2 -> 24.2
[2024-08-02T17:08:39.678+0900] {process_utils.py:191} INFO - [notice] To update, run: python -m pip install --upgrade pip
[2024-08-02T17:08:39.808+0900] {process_utils.py:183} INFO - Executing cmd: /tmp/venvt8qxm8wk/bin/python /tmp/venv-call5g8m2x2k/script.py /tmp/venv-call5g8m2x2k/script.in /tmp/venv-call5g8m2x2k/script.out /tmp/venv-call5g8m2x2k/string_args.txt /tmp/venv-call5g8m2x2k/termination.log
[2024-08-02T17:08:39.809+0900] {process_utils.py:187} INFO - Output:
[2024-08-02T17:08:39.837+0900] {process_utils.py:191} INFO - 
[2024-08-02T17:08:39.837+0900] {process_utils.py:191} INFO - ---------------======---::::::------+--=======++++++++++===--:...::-=--==============--:.....:-=====
[2024-08-02T17:08:39.837+0900] {process_utils.py:191} INFO - ----::---------------------===--::--+-----=============++++++===---:....--===============--:...:-===
[2024-08-02T17:08:39.837+0900] {process_utils.py:191} INFO - ----------------------------------=++----------------------=+===========-::.:-======================
[2024-08-02T17:08:39.837+0900] {process_utils.py:191} INFO - =----------------------------------==-----------------------=-----==============================+=--
[2024-08-02T17:08:39.838+0900] {process_utils.py:191} INFO - %%####=----------------------------==----------------------=-::::-----======+*%#++================::
[2024-08-02T17:08:39.838+0900] {process_utils.py:191} INFO - %%%%%#=----------------------------=-:---------------------=--==--------=====*#*=================-::
[2024-08-02T17:08:39.838+0900] {process_utils.py:191} INFO - @@%%%*-----------------+***++=-----=-::-------------------:+---------=====+++====================-::
[2024-08-02T17:08:39.838+0900] {process_utils.py:191} INFO - @@%%%*---------------#%%%%##%%#=---=-+##*#+----------------=------------=====+====-=--===========-::
[2024-08-02T17:08:39.838+0900] {process_utils.py:191} INFO - @@@%%+--=+*%%%+-----+%@@%#++%%%#=--=*%+===#+::----------::=-----------=+*##*++=-----------=======-::
[2024-08-02T17:08:39.838+0900] {process_utils.py:191} INFO - +++++=-+#+***#*=-----#*++**+#@@@*--+#+**+***-:=-:---=*+-::=-----==+++*######%%%#=-------------==-:::
[2024-08-02T17:08:39.839+0900] {process_utils.py:191} INFO - *******-:::-*=-------+===+=-=+#%%:-=++++=+==-:=-:::=%%#-::###=-*#%%%%%%%%%%%%%%%%+---------------:::
[2024-08-02T17:08:39.839+0900] {process_utils.py:191} INFO - =====+=:--::+---+--+**++++*+++#%*-=--**++++-:=++=::+#*-::=%%%#*#%%%%%%%%@@%%%%@@%%#====------+#%%=-*
[2024-08-02T17:08:39.839+0900] {process_utils.py:191} INFO - =-==++---=+==*#%%%%%%=*++++++++==-=-*##*+=##**++=--++-:--*=-=*#%%%@%###*###*+++*%%%*=============-#%
[2024-08-02T17:08:39.839+0900] {process_utils.py:191} INFO - +-=------=*%%%%@%@@@@***=+*#+*##*#%%@@**++%@%%%%*+=--=-=+-:--:#%@@%#*****###*+---+*++#**===---=++*%@
[2024-08-02T17:08:39.839+0900] {process_utils.py:191} INFO - --==-::-*%%%@@@@@@@%#*=-+++%@%##%%@@@@@%#%@@@%%@%%%*=--=#%####-%@%%####++++++=---==++*####*+++*%@%@@
[2024-08-02T17:08:39.839+0900] {process_utils.py:191} INFO - -=*+=-=#@@@@@@@@@#*+++++*@@@@@@@@@@@@@@@@@@@@@@@@@@@#+==-+*+#=:-+#%##**==++**+++=====+*###*+**#@%##%
[2024-08-02T17:08:39.839+0900] {process_utils.py:191} INFO - -=++-+%%@%@@@@%+=-++***#@@@@@@@@@@@@%:+@@*%+=%@@@@@@%%#%%#*=+--:-=#++**%#*+=+++++===+**####=*%%%%%%%
[2024-08-02T17:08:39.840+0900] {process_utils.py:191} INFO - -=++#%%####+-:---=*%%@@%#######**++++=+++++++++%%=+%@@%##*+==-=++=+*****##*===+++++==*#####*+#%%##%%
[2024-08-02T17:08:39.840+0900] {process_utils.py:191} INFO - -=*+=---==+=-::::-*@@@%+=======++++++++++++++*#%#**%%%*==-+*=--+==*****#**+=====+++++=***+++=+==::::
[2024-08-02T17:08:39.840+0900] {process_utils.py:191} INFO - =#*=++++++*###**==*@@@%=======++++++++*@@@@@@@@%%#####-:=+----==******##****+++++***==-=+=:::.::::::
[2024-08-02T17:08:39.840+0900] {process_utils.py:191} INFO - #%*+*++++**##*###*+#@@#=========++++==*%%%%%%%%######*=-----==+*********##########*+====::::::::::::
[2024-08-02T17:08:39.840+0900] {process_utils.py:191} INFO - ++++*#%%@%*##*##***%@@*===============+%##%%######%%%%*==-===+*********+=+*#######*++++-:::--::-----
[2024-08-02T17:08:39.840+0900] {process_utils.py:191} INFO - ===+*#%@@%*##**#**+=--================+%%#%%###%#%%%%%#======*#######*-:-++*####*****++:------------
[2024-08-02T17:08:39.841+0900] {process_utils.py:191} INFO - =+=------=##**##**+=--================+%%#%%###%%#%%%%%+=====+###**++==----:-*####****=------==-====
[2024-08-02T17:08:39.841+0900] {process_utils.py:191} INFO - 
[2024-08-02T17:08:39.868+0900] {python.py:237} INFO - Done. Returned value was: None
[2024-08-02T17:08:39.868+0900] {taskinstance.py:441} INFO - ::group::Post task execution logs
[2024-08-02T17:08:39.874+0900] {taskinstance.py:1206} INFO - Marking task as SUCCESS. dag_id=movie, task_id=get.data, run_id=scheduled__2017-01-02T05:47:00+00:00, execution_date=20170102T054700, start_date=20240802T080832, end_date=20240802T080839
[2024-08-02T17:08:39.908+0900] {local_task_job_runner.py:243} INFO - Task exited with return code 0
[2024-08-02T17:08:39.924+0900] {taskinstance.py:3503} INFO - 0 downstream tasks scheduled from follow-on schedule check
[2024-08-02T17:08:39.925+0900] {local_task_job_runner.py:222} INFO - ::endgroup::
