[2024-08-02T17:03:20.620+0900] {local_task_job_runner.py:120} INFO - ::group::Pre task execution logs
[2024-08-02T17:03:20.641+0900] {taskinstance.py:2076} INFO - Dependencies all met for dep_context=non-requeueable deps ti=<TaskInstance: movie.get.data scheduled__2017-01-02T05:20:00+00:00 [queued]>
[2024-08-02T17:03:20.648+0900] {taskinstance.py:2076} INFO - Dependencies all met for dep_context=requeueable deps ti=<TaskInstance: movie.get.data scheduled__2017-01-02T05:20:00+00:00 [queued]>
[2024-08-02T17:03:20.648+0900] {taskinstance.py:2306} INFO - Starting attempt 1 of 3
[2024-08-02T17:03:20.665+0900] {taskinstance.py:2330} INFO - Executing <Task(PythonVirtualenvOperator): get.data> on 2017-01-02 05:20:00+00:00
[2024-08-02T17:03:20.668+0900] {standard_task_runner.py:64} INFO - Started process 152538 to run task
[2024-08-02T17:03:20.671+0900] {standard_task_runner.py:90} INFO - Running: ['airflow', 'tasks', 'run', 'movie', 'get.data', 'scheduled__2017-01-02T05:20:00+00:00', '--job-id', '91', '--raw', '--subdir', 'DAGS_FOLDER/movie.py', '--cfg-path', '/tmp/tmppwntjdpn']
[2024-08-02T17:03:20.672+0900] {standard_task_runner.py:91} INFO - Job 91: Subtask get.data
[2024-08-02T17:03:20.711+0900] {task_command.py:426} INFO - Running <TaskInstance: movie.get.data scheduled__2017-01-02T05:20:00+00:00 [running]> on host playdata.
[2024-08-02T17:03:20.784+0900] {taskinstance.py:2648} INFO - Exporting env vars: AIRFLOW_CTX_DAG_OWNER='airflow' AIRFLOW_CTX_DAG_ID='movie' AIRFLOW_CTX_TASK_ID='get.data' AIRFLOW_CTX_EXECUTION_DATE='2017-01-02T05:20:00+00:00' AIRFLOW_CTX_TRY_NUMBER='1' AIRFLOW_CTX_DAG_RUN_ID='scheduled__2017-01-02T05:20:00+00:00'
[2024-08-02T17:03:20.784+0900] {taskinstance.py:430} INFO - ::endgroup::
[2024-08-02T17:03:20.795+0900] {baseoperator.py:400} WARNING - PythonVirtualenvOperator.execute cannot be called outside TaskInstance!
[2024-08-02T17:03:20.796+0900] {process_utils.py:183} INFO - Executing cmd: /home/oddsummer/.pyenv/versions/3.11.9/envs/air/bin/python -m virtualenv /tmp/venvx0bf99x8 --python=python
[2024-08-02T17:03:20.797+0900] {process_utils.py:187} INFO - Output:
[2024-08-02T17:03:21.225+0900] {process_utils.py:191} INFO - created virtual environment CPython3.11.9.final.0-64 in 320ms
[2024-08-02T17:03:21.226+0900] {process_utils.py:191} INFO -   creator CPython3Posix(dest=/tmp/venvx0bf99x8, clear=False, no_vcs_ignore=False, global=False)
[2024-08-02T17:03:21.226+0900] {process_utils.py:191} INFO -   seeder FromAppData(download=False, pip=bundle, setuptools=bundle, wheel=bundle, via=copy, app_data_dir=/home/oddsummer/.local/share/virtualenv)
[2024-08-02T17:03:21.226+0900] {process_utils.py:191} INFO -     added seed packages: pip==24.1.2, setuptools==70.2.0, wheel==0.43.0
[2024-08-02T17:03:21.226+0900] {process_utils.py:191} INFO -   activators BashActivator,CShellActivator,FishActivator,NushellActivator,PowerShellActivator,PythonActivator
[2024-08-02T17:03:21.250+0900] {process_utils.py:183} INFO - Executing cmd: /tmp/venvx0bf99x8/bin/pip install -r /tmp/venvx0bf99x8/requirements.txt
[2024-08-02T17:03:21.251+0900] {process_utils.py:187} INFO - Output:
[2024-08-02T17:03:22.193+0900] {process_utils.py:191} INFO - Collecting git+https://github.com/7-TRG/extract_trg.git@main (from -r /tmp/venvx0bf99x8/requirements.txt (line 1))
[2024-08-02T17:03:22.193+0900] {process_utils.py:191} INFO -   Cloning https://github.com/7-TRG/extract_trg.git (to revision main) to /tmp/pip-req-build-yjr8plsw
[2024-08-02T17:03:22.196+0900] {process_utils.py:191} INFO -   Running command git clone --filter=blob:none --quiet https://github.com/7-TRG/extract_trg.git /tmp/pip-req-build-yjr8plsw
[2024-08-02T17:03:23.979+0900] {process_utils.py:191} INFO -   Resolved https://github.com/7-TRG/extract_trg.git to commit 0712b3f1bbaeeeea58bf80749079a62c7e1bec3d
[2024-08-02T17:03:23.984+0900] {process_utils.py:191} INFO -   Installing build dependencies: started
[2024-08-02T17:03:25.825+0900] {process_utils.py:191} INFO -   Installing build dependencies: finished with status 'done'
[2024-08-02T17:03:25.826+0900] {process_utils.py:191} INFO -   Getting requirements to build wheel: started
[2024-08-02T17:03:26.100+0900] {process_utils.py:191} INFO -   Getting requirements to build wheel: finished with status 'done'
[2024-08-02T17:03:26.101+0900] {process_utils.py:191} INFO -   Preparing metadata (pyproject.toml): started
[2024-08-02T17:03:26.350+0900] {process_utils.py:191} INFO -   Preparing metadata (pyproject.toml): finished with status 'done'
[2024-08-02T17:03:26.353+0900] {process_utils.py:191} INFO - Building wheels for collected packages: extract_trg
[2024-08-02T17:03:26.356+0900] {process_utils.py:191} INFO -   Building wheel for extract_trg (pyproject.toml): started
[2024-08-02T17:03:26.617+0900] {process_utils.py:191} INFO -   Building wheel for extract_trg (pyproject.toml): finished with status 'done'
[2024-08-02T17:03:26.618+0900] {process_utils.py:191} INFO -   Created wheel for extract_trg: filename=extract_trg-0.1.0-py3-none-any.whl size=2219 sha256=6691092be142e4d86b0be01344e24604d59bd7ccd70462e2dbe3de593919e97d
[2024-08-02T17:03:26.618+0900] {process_utils.py:191} INFO -   Stored in directory: /tmp/pip-ephem-wheel-cache-o9gbglyz/wheels/21/97/ea/e27bc4298590f1b8a2b9c46b60aefbe2e3076cf05f6bd5e464
[2024-08-02T17:03:26.620+0900] {process_utils.py:191} INFO - Successfully built extract_trg
[2024-08-02T17:03:26.630+0900] {process_utils.py:191} INFO - Installing collected packages: extract_trg
[2024-08-02T17:03:26.649+0900] {process_utils.py:191} INFO - Successfully installed extract_trg-0.1.0
[2024-08-02T17:03:26.655+0900] {process_utils.py:191} INFO - 
[2024-08-02T17:03:26.655+0900] {process_utils.py:191} INFO - [notice] A new release of pip is available: 24.1.2 -> 24.2
[2024-08-02T17:03:26.655+0900] {process_utils.py:191} INFO - [notice] To update, run: python -m pip install --upgrade pip
[2024-08-02T17:03:26.748+0900] {process_utils.py:183} INFO - Executing cmd: /tmp/venvx0bf99x8/bin/python /tmp/venv-call2s65dgpc/script.py /tmp/venv-call2s65dgpc/script.in /tmp/venv-call2s65dgpc/script.out /tmp/venv-call2s65dgpc/string_args.txt /tmp/venv-call2s65dgpc/termination.log
[2024-08-02T17:03:26.748+0900] {process_utils.py:187} INFO - Output:
[2024-08-02T17:03:26.768+0900] {process_utils.py:191} INFO - 
[2024-08-02T17:03:26.768+0900] {process_utils.py:191} INFO - ---------------======---::::::------+--=======++++++++++===--:...::-=--==============--:.....:-=====
[2024-08-02T17:03:26.769+0900] {process_utils.py:191} INFO - ----::---------------------===--::--+-----=============++++++===---:....--===============--:...:-===
[2024-08-02T17:03:26.769+0900] {process_utils.py:191} INFO - ----------------------------------=++----------------------=+===========-::.:-======================
[2024-08-02T17:03:26.769+0900] {process_utils.py:191} INFO - =----------------------------------==-----------------------=-----==============================+=--
[2024-08-02T17:03:26.769+0900] {process_utils.py:191} INFO - %%####=----------------------------==----------------------=-::::-----======+*%#++================::
[2024-08-02T17:03:26.770+0900] {process_utils.py:191} INFO - %%%%%#=----------------------------=-:---------------------=--==--------=====*#*=================-::
[2024-08-02T17:03:26.770+0900] {process_utils.py:191} INFO - @@%%%*-----------------+***++=-----=-::-------------------:+---------=====+++====================-::
[2024-08-02T17:03:26.770+0900] {process_utils.py:191} INFO - @@%%%*---------------#%%%%##%%#=---=-+##*#+----------------=------------=====+====-=--===========-::
[2024-08-02T17:03:26.771+0900] {process_utils.py:191} INFO - @@@%%+--=+*%%%+-----+%@@%#++%%%#=--=*%+===#+::----------::=-----------=+*##*++=-----------=======-::
[2024-08-02T17:03:26.771+0900] {process_utils.py:191} INFO - +++++=-+#+***#*=-----#*++**+#@@@*--+#+**+***-:=-:---=*+-::=-----==+++*######%%%#=-------------==-:::
[2024-08-02T17:03:26.771+0900] {process_utils.py:191} INFO - *******-:::-*=-------+===+=-=+#%%:-=++++=+==-:=-:::=%%#-::###=-*#%%%%%%%%%%%%%%%%+---------------:::
[2024-08-02T17:03:26.771+0900] {process_utils.py:191} INFO - =====+=:--::+---+--+**++++*+++#%*-=--**++++-:=++=::+#*-::=%%%#*#%%%%%%%%@@%%%%@@%%#====------+#%%=-*
[2024-08-02T17:03:26.771+0900] {process_utils.py:191} INFO - =-==++---=+==*#%%%%%%=*++++++++==-=-*##*+=##**++=--++-:--*=-=*#%%%@%###*###*+++*%%%*=============-#%
[2024-08-02T17:03:26.771+0900] {process_utils.py:191} INFO - +-=------=*%%%%@%@@@@***=+*#+*##*#%%@@**++%@%%%%*+=--=-=+-:--:#%@@%#*****###*+---+*++#**===---=++*%@
[2024-08-02T17:03:26.772+0900] {process_utils.py:191} INFO - --==-::-*%%%@@@@@@@%#*=-+++%@%##%%@@@@@%#%@@@%%@%%%*=--=#%####-%@%%####++++++=---==++*####*+++*%@%@@
[2024-08-02T17:03:26.772+0900] {process_utils.py:191} INFO - -=*+=-=#@@@@@@@@@#*+++++*@@@@@@@@@@@@@@@@@@@@@@@@@@@#+==-+*+#=:-+#%##**==++**+++=====+*###*+**#@%##%
[2024-08-02T17:03:26.772+0900] {process_utils.py:191} INFO - -=++-+%%@%@@@@%+=-++***#@@@@@@@@@@@@%:+@@*%+=%@@@@@@%%#%%#*=+--:-=#++**%#*+=+++++===+**####=*%%%%%%%
[2024-08-02T17:03:26.772+0900] {process_utils.py:191} INFO - -=++#%%####+-:---=*%%@@%#######**++++=+++++++++%%=+%@@%##*+==-=++=+*****##*===+++++==*#####*+#%%##%%
[2024-08-02T17:03:26.772+0900] {process_utils.py:191} INFO - -=*+=---==+=-::::-*@@@%+=======++++++++++++++*#%#**%%%*==-+*=--+==*****#**+=====+++++=***+++=+==::::
[2024-08-02T17:03:26.772+0900] {process_utils.py:191} INFO - =#*=++++++*###**==*@@@%=======++++++++*@@@@@@@@%%#####-:=+----==******##****+++++***==-=+=:::.::::::
[2024-08-02T17:03:26.772+0900] {process_utils.py:191} INFO - #%*+*++++**##*###*+#@@#=========++++==*%%%%%%%%######*=-----==+*********##########*+====::::::::::::
[2024-08-02T17:03:26.772+0900] {process_utils.py:191} INFO - ++++*#%%@%*##*##***%@@*===============+%##%%######%%%%*==-===+*********+=+*#######*++++-:::--::-----
[2024-08-02T17:03:26.773+0900] {process_utils.py:191} INFO - ===+*#%@@%*##**#**+=--================+%%#%%###%#%%%%%#======*#######*-:-++*####*****++:------------
[2024-08-02T17:03:26.773+0900] {process_utils.py:191} INFO - =+=------=##**##**+=--================+%%#%%###%%#%%%%%+=====+###**++==----:-*####****=------==-====
[2024-08-02T17:03:26.773+0900] {process_utils.py:191} INFO - 
[2024-08-02T17:03:26.795+0900] {python.py:237} INFO - Done. Returned value was: None
[2024-08-02T17:03:26.796+0900] {taskinstance.py:441} INFO - ::group::Post task execution logs
[2024-08-02T17:03:26.799+0900] {taskinstance.py:1206} INFO - Marking task as SUCCESS. dag_id=movie, task_id=get.data, run_id=scheduled__2017-01-02T05:20:00+00:00, execution_date=20170102T052000, start_date=20240802T080320, end_date=20240802T080326
[2024-08-02T17:03:26.837+0900] {local_task_job_runner.py:243} INFO - Task exited with return code 0
[2024-08-02T17:03:26.848+0900] {taskinstance.py:3503} INFO - 0 downstream tasks scheduled from follow-on schedule check
[2024-08-02T17:03:26.848+0900] {local_task_job_runner.py:222} INFO - ::endgroup::
