[2024-08-02T17:33:21.954+0900] {local_task_job_runner.py:120} INFO - ::group::Pre task execution logs
[2024-08-02T17:33:21.981+0900] {taskinstance.py:2076} INFO - Dependencies all met for dep_context=non-requeueable deps ti=<TaskInstance: movie.get.data scheduled__2017-01-04T05:54:00+00:00 [queued]>
[2024-08-02T17:33:21.988+0900] {taskinstance.py:2076} INFO - Dependencies all met for dep_context=requeueable deps ti=<TaskInstance: movie.get.data scheduled__2017-01-04T05:54:00+00:00 [queued]>
[2024-08-02T17:33:21.988+0900] {taskinstance.py:2306} INFO - Starting attempt 1 of 3
[2024-08-02T17:33:22.003+0900] {taskinstance.py:2330} INFO - Executing <Task(PythonVirtualenvOperator): get.data> on 2017-01-04 05:54:00+00:00
[2024-08-02T17:33:22.006+0900] {standard_task_runner.py:64} INFO - Started process 167270 to run task
[2024-08-02T17:33:22.009+0900] {standard_task_runner.py:90} INFO - Running: ['airflow', 'tasks', 'run', 'movie', 'get.data', 'scheduled__2017-01-04T05:54:00+00:00', '--job-id', '245', '--raw', '--subdir', 'DAGS_FOLDER/movie.py', '--cfg-path', '/tmp/tmpvvu_fxkf']
[2024-08-02T17:33:22.011+0900] {standard_task_runner.py:91} INFO - Job 245: Subtask get.data
[2024-08-02T17:33:22.046+0900] {task_command.py:426} INFO - Running <TaskInstance: movie.get.data scheduled__2017-01-04T05:54:00+00:00 [running]> on host playdata.
[2024-08-02T17:33:22.122+0900] {taskinstance.py:2648} INFO - Exporting env vars: AIRFLOW_CTX_DAG_OWNER='airflow' AIRFLOW_CTX_DAG_ID='movie' AIRFLOW_CTX_TASK_ID='get.data' AIRFLOW_CTX_EXECUTION_DATE='2017-01-04T05:54:00+00:00' AIRFLOW_CTX_TRY_NUMBER='1' AIRFLOW_CTX_DAG_RUN_ID='scheduled__2017-01-04T05:54:00+00:00'
[2024-08-02T17:33:22.123+0900] {taskinstance.py:430} INFO - ::endgroup::
[2024-08-02T17:33:22.133+0900] {baseoperator.py:400} WARNING - PythonVirtualenvOperator.execute cannot be called outside TaskInstance!
[2024-08-02T17:33:22.134+0900] {process_utils.py:183} INFO - Executing cmd: /home/oddsummer/.pyenv/versions/3.11.9/envs/air/bin/python -m virtualenv /tmp/venvgrqm1c5q --python=python
[2024-08-02T17:33:22.135+0900] {process_utils.py:187} INFO - Output:
[2024-08-02T17:33:22.479+0900] {process_utils.py:191} INFO - created virtual environment CPython3.11.9.final.0-64 in 237ms
[2024-08-02T17:33:22.479+0900] {process_utils.py:191} INFO -   creator CPython3Posix(dest=/tmp/venvgrqm1c5q, clear=False, no_vcs_ignore=False, global=False)
[2024-08-02T17:33:22.479+0900] {process_utils.py:191} INFO -   seeder FromAppData(download=False, pip=bundle, setuptools=bundle, wheel=bundle, via=copy, app_data_dir=/home/oddsummer/.local/share/virtualenv)
[2024-08-02T17:33:22.479+0900] {process_utils.py:191} INFO -     added seed packages: pip==24.1.2, setuptools==70.2.0, wheel==0.43.0
[2024-08-02T17:33:22.479+0900] {process_utils.py:191} INFO -   activators BashActivator,CShellActivator,FishActivator,NushellActivator,PowerShellActivator,PythonActivator
[2024-08-02T17:33:22.505+0900] {process_utils.py:183} INFO - Executing cmd: /tmp/venvgrqm1c5q/bin/pip install -r /tmp/venvgrqm1c5q/requirements.txt
[2024-08-02T17:33:22.506+0900] {process_utils.py:187} INFO - Output:
[2024-08-02T17:33:23.439+0900] {process_utils.py:191} INFO - Collecting git+https://github.com/7-TRG/extract_trg.git@main (from -r /tmp/venvgrqm1c5q/requirements.txt (line 1))
[2024-08-02T17:33:23.440+0900] {process_utils.py:191} INFO -   Cloning https://github.com/7-TRG/extract_trg.git (to revision main) to /tmp/pip-req-build-4nql3agf
[2024-08-02T17:33:23.443+0900] {process_utils.py:191} INFO -   Running command git clone --filter=blob:none --quiet https://github.com/7-TRG/extract_trg.git /tmp/pip-req-build-4nql3agf
[2024-08-02T17:33:25.409+0900] {process_utils.py:191} INFO -   Resolved https://github.com/7-TRG/extract_trg.git to commit 0712b3f1bbaeeeea58bf80749079a62c7e1bec3d
[2024-08-02T17:33:25.414+0900] {process_utils.py:191} INFO -   Installing build dependencies: started
[2024-08-02T17:33:27.274+0900] {process_utils.py:191} INFO -   Installing build dependencies: finished with status 'done'
[2024-08-02T17:33:27.275+0900] {process_utils.py:191} INFO -   Getting requirements to build wheel: started
[2024-08-02T17:33:27.506+0900] {process_utils.py:191} INFO -   Getting requirements to build wheel: finished with status 'done'
[2024-08-02T17:33:27.507+0900] {process_utils.py:191} INFO -   Preparing metadata (pyproject.toml): started
[2024-08-02T17:33:27.757+0900] {process_utils.py:191} INFO -   Preparing metadata (pyproject.toml): finished with status 'done'
[2024-08-02T17:33:27.760+0900] {process_utils.py:191} INFO - Building wheels for collected packages: extract_trg
[2024-08-02T17:33:27.764+0900] {process_utils.py:191} INFO -   Building wheel for extract_trg (pyproject.toml): started
[2024-08-02T17:33:28.024+0900] {process_utils.py:191} INFO -   Building wheel for extract_trg (pyproject.toml): finished with status 'done'
[2024-08-02T17:33:28.025+0900] {process_utils.py:191} INFO -   Created wheel for extract_trg: filename=extract_trg-0.1.0-py3-none-any.whl size=2219 sha256=3b88c413bc106def03b01ad4288feabe6ea15aa02d87234f4c0d36253f408eec
[2024-08-02T17:33:28.025+0900] {process_utils.py:191} INFO -   Stored in directory: /tmp/pip-ephem-wheel-cache-wc1njaur/wheels/21/97/ea/e27bc4298590f1b8a2b9c46b60aefbe2e3076cf05f6bd5e464
[2024-08-02T17:33:28.027+0900] {process_utils.py:191} INFO - Successfully built extract_trg
[2024-08-02T17:33:28.038+0900] {process_utils.py:191} INFO - Installing collected packages: extract_trg
[2024-08-02T17:33:28.051+0900] {process_utils.py:191} INFO - Successfully installed extract_trg-0.1.0
[2024-08-02T17:33:28.057+0900] {process_utils.py:191} INFO - 
[2024-08-02T17:33:28.058+0900] {process_utils.py:191} INFO - [notice] A new release of pip is available: 24.1.2 -> 24.2
[2024-08-02T17:33:28.058+0900] {process_utils.py:191} INFO - [notice] To update, run: python -m pip install --upgrade pip
[2024-08-02T17:33:28.161+0900] {process_utils.py:183} INFO - Executing cmd: /tmp/venvgrqm1c5q/bin/python /tmp/venv-calldkv4lx_n/script.py /tmp/venv-calldkv4lx_n/script.in /tmp/venv-calldkv4lx_n/script.out /tmp/venv-calldkv4lx_n/string_args.txt /tmp/venv-calldkv4lx_n/termination.log
[2024-08-02T17:33:28.162+0900] {process_utils.py:187} INFO - Output:
[2024-08-02T17:33:28.181+0900] {process_utils.py:191} INFO - 
[2024-08-02T17:33:28.181+0900] {process_utils.py:191} INFO - ---------------======---::::::------+--=======++++++++++===--:...::-=--==============--:.....:-=====
[2024-08-02T17:33:28.181+0900] {process_utils.py:191} INFO - ----::---------------------===--::--+-----=============++++++===---:....--===============--:...:-===
[2024-08-02T17:33:28.181+0900] {process_utils.py:191} INFO - ----------------------------------=++----------------------=+===========-::.:-======================
[2024-08-02T17:33:28.181+0900] {process_utils.py:191} INFO - =----------------------------------==-----------------------=-----==============================+=--
[2024-08-02T17:33:28.182+0900] {process_utils.py:191} INFO - %%####=----------------------------==----------------------=-::::-----======+*%#++================::
[2024-08-02T17:33:28.182+0900] {process_utils.py:191} INFO - %%%%%#=----------------------------=-:---------------------=--==--------=====*#*=================-::
[2024-08-02T17:33:28.182+0900] {process_utils.py:191} INFO - @@%%%*-----------------+***++=-----=-::-------------------:+---------=====+++====================-::
[2024-08-02T17:33:28.182+0900] {process_utils.py:191} INFO - @@%%%*---------------#%%%%##%%#=---=-+##*#+----------------=------------=====+====-=--===========-::
[2024-08-02T17:33:28.182+0900] {process_utils.py:191} INFO - @@@%%+--=+*%%%+-----+%@@%#++%%%#=--=*%+===#+::----------::=-----------=+*##*++=-----------=======-::
[2024-08-02T17:33:28.182+0900] {process_utils.py:191} INFO - +++++=-+#+***#*=-----#*++**+#@@@*--+#+**+***-:=-:---=*+-::=-----==+++*######%%%#=-------------==-:::
[2024-08-02T17:33:28.182+0900] {process_utils.py:191} INFO - *******-:::-*=-------+===+=-=+#%%:-=++++=+==-:=-:::=%%#-::###=-*#%%%%%%%%%%%%%%%%+---------------:::
[2024-08-02T17:33:28.183+0900] {process_utils.py:191} INFO - =====+=:--::+---+--+**++++*+++#%*-=--**++++-:=++=::+#*-::=%%%#*#%%%%%%%%@@%%%%@@%%#====------+#%%=-*
[2024-08-02T17:33:28.183+0900] {process_utils.py:191} INFO - =-==++---=+==*#%%%%%%=*++++++++==-=-*##*+=##**++=--++-:--*=-=*#%%%@%###*###*+++*%%%*=============-#%
[2024-08-02T17:33:28.183+0900] {process_utils.py:191} INFO - +-=------=*%%%%@%@@@@***=+*#+*##*#%%@@**++%@%%%%*+=--=-=+-:--:#%@@%#*****###*+---+*++#**===---=++*%@
[2024-08-02T17:33:28.183+0900] {process_utils.py:191} INFO - --==-::-*%%%@@@@@@@%#*=-+++%@%##%%@@@@@%#%@@@%%@%%%*=--=#%####-%@%%####++++++=---==++*####*+++*%@%@@
[2024-08-02T17:33:28.183+0900] {process_utils.py:191} INFO - -=*+=-=#@@@@@@@@@#*+++++*@@@@@@@@@@@@@@@@@@@@@@@@@@@#+==-+*+#=:-+#%##**==++**+++=====+*###*+**#@%##%
[2024-08-02T17:33:28.183+0900] {process_utils.py:191} INFO - -=++-+%%@%@@@@%+=-++***#@@@@@@@@@@@@%:+@@*%+=%@@@@@@%%#%%#*=+--:-=#++**%#*+=+++++===+**####=*%%%%%%%
[2024-08-02T17:33:28.183+0900] {process_utils.py:191} INFO - -=++#%%####+-:---=*%%@@%#######**++++=+++++++++%%=+%@@%##*+==-=++=+*****##*===+++++==*#####*+#%%##%%
[2024-08-02T17:33:28.183+0900] {process_utils.py:191} INFO - -=*+=---==+=-::::-*@@@%+=======++++++++++++++*#%#**%%%*==-+*=--+==*****#**+=====+++++=***+++=+==::::
[2024-08-02T17:33:28.184+0900] {process_utils.py:191} INFO - =#*=++++++*###**==*@@@%=======++++++++*@@@@@@@@%%#####-:=+----==******##****+++++***==-=+=:::.::::::
[2024-08-02T17:33:28.184+0900] {process_utils.py:191} INFO - #%*+*++++**##*###*+#@@#=========++++==*%%%%%%%%######*=-----==+*********##########*+====::::::::::::
[2024-08-02T17:33:28.184+0900] {process_utils.py:191} INFO - ++++*#%%@%*##*##***%@@*===============+%##%%######%%%%*==-===+*********+=+*#######*++++-:::--::-----
[2024-08-02T17:33:28.184+0900] {process_utils.py:191} INFO - ===+*#%@@%*##**#**+=--================+%%#%%###%#%%%%%#======*#######*-:-++*####*****++:------------
[2024-08-02T17:33:28.184+0900] {process_utils.py:191} INFO - =+=------=##**##**+=--================+%%#%%###%%#%%%%%+=====+###**++==----:-*####****=------==-====
[2024-08-02T17:33:28.184+0900] {process_utils.py:191} INFO - 
[2024-08-02T17:33:28.205+0900] {python.py:237} INFO - Done. Returned value was: None
[2024-08-02T17:33:28.206+0900] {taskinstance.py:441} INFO - ::group::Post task execution logs
[2024-08-02T17:33:28.209+0900] {taskinstance.py:1206} INFO - Marking task as SUCCESS. dag_id=movie, task_id=get.data, run_id=scheduled__2017-01-04T05:54:00+00:00, execution_date=20170104T055400, start_date=20240802T083321, end_date=20240802T083328
[2024-08-02T17:33:28.251+0900] {local_task_job_runner.py:243} INFO - Task exited with return code 0
[2024-08-02T17:33:28.265+0900] {taskinstance.py:3503} INFO - 0 downstream tasks scheduled from follow-on schedule check
[2024-08-02T17:33:28.266+0900] {local_task_job_runner.py:222} INFO - ::endgroup::
