[2024-08-02T16:47:56.268+0900] {local_task_job_runner.py:120} INFO - ::group::Pre task execution logs
[2024-08-02T16:47:56.295+0900] {taskinstance.py:2076} INFO - Dependencies all met for dep_context=non-requeueable deps ti=<TaskInstance: movie.get.data scheduled__2017-01-01T05:00:00+00:00 [queued]>
[2024-08-02T16:47:56.303+0900] {taskinstance.py:2076} INFO - Dependencies all met for dep_context=requeueable deps ti=<TaskInstance: movie.get.data scheduled__2017-01-01T05:00:00+00:00 [queued]>
[2024-08-02T16:47:56.303+0900] {taskinstance.py:2306} INFO - Starting attempt 1 of 3
[2024-08-02T16:47:56.330+0900] {taskinstance.py:2330} INFO - Executing <Task(PythonVirtualenvOperator): get.data> on 2017-01-01 05:00:00+00:00
[2024-08-02T16:47:56.332+0900] {standard_task_runner.py:64} INFO - Started process 143443 to run task
[2024-08-02T16:47:56.336+0900] {standard_task_runner.py:90} INFO - Running: ['airflow', 'tasks', 'run', 'movie', 'get.data', 'scheduled__2017-01-01T05:00:00+00:00', '--job-id', '11', '--raw', '--subdir', 'DAGS_FOLDER/movie.py', '--cfg-path', '/tmp/tmpnty3rjvv']
[2024-08-02T16:47:56.338+0900] {standard_task_runner.py:91} INFO - Job 11: Subtask get.data
[2024-08-02T16:47:56.401+0900] {task_command.py:426} INFO - Running <TaskInstance: movie.get.data scheduled__2017-01-01T05:00:00+00:00 [running]> on host playdata.
[2024-08-02T16:47:56.475+0900] {taskinstance.py:2648} INFO - Exporting env vars: AIRFLOW_CTX_DAG_OWNER='airflow' AIRFLOW_CTX_DAG_ID='movie' AIRFLOW_CTX_TASK_ID='get.data' AIRFLOW_CTX_EXECUTION_DATE='2017-01-01T05:00:00+00:00' AIRFLOW_CTX_TRY_NUMBER='1' AIRFLOW_CTX_DAG_RUN_ID='scheduled__2017-01-01T05:00:00+00:00'
[2024-08-02T16:47:56.476+0900] {taskinstance.py:430} INFO - ::endgroup::
[2024-08-02T16:47:56.490+0900] {baseoperator.py:400} WARNING - PythonVirtualenvOperator.execute cannot be called outside TaskInstance!
[2024-08-02T16:47:56.491+0900] {process_utils.py:183} INFO - Executing cmd: /home/oddsummer/.pyenv/versions/3.11.9/envs/air/bin/python -m virtualenv /tmp/venvntlq97te --python=python
[2024-08-02T16:47:56.492+0900] {process_utils.py:187} INFO - Output:
[2024-08-02T16:47:57.093+0900] {process_utils.py:191} INFO - created virtual environment CPython3.11.9.final.0-64 in 456ms
[2024-08-02T16:47:57.094+0900] {process_utils.py:191} INFO -   creator CPython3Posix(dest=/tmp/venvntlq97te, clear=False, no_vcs_ignore=False, global=False)
[2024-08-02T16:47:57.095+0900] {process_utils.py:191} INFO -   seeder FromAppData(download=False, pip=bundle, setuptools=bundle, wheel=bundle, via=copy, app_data_dir=/home/oddsummer/.local/share/virtualenv)
[2024-08-02T16:47:57.096+0900] {process_utils.py:191} INFO -     added seed packages: pip==24.1.2, setuptools==70.2.0, wheel==0.43.0
[2024-08-02T16:47:57.096+0900] {process_utils.py:191} INFO -   activators BashActivator,CShellActivator,FishActivator,NushellActivator,PowerShellActivator,PythonActivator
[2024-08-02T16:47:57.124+0900] {process_utils.py:183} INFO - Executing cmd: /tmp/venvntlq97te/bin/pip install -r /tmp/venvntlq97te/requirements.txt
[2024-08-02T16:47:57.125+0900] {process_utils.py:187} INFO - Output:
[2024-08-02T16:47:58.430+0900] {process_utils.py:191} INFO - Collecting git+https://github.com/7-TRG/extract_trg.git@main (from -r /tmp/venvntlq97te/requirements.txt (line 1))
[2024-08-02T16:47:58.431+0900] {process_utils.py:191} INFO -   Cloning https://github.com/7-TRG/extract_trg.git (to revision main) to /tmp/pip-req-build-w1to7c_v
[2024-08-02T16:47:58.434+0900] {process_utils.py:191} INFO -   Running command git clone --filter=blob:none --quiet https://github.com/7-TRG/extract_trg.git /tmp/pip-req-build-w1to7c_v
[2024-08-02T16:48:00.239+0900] {process_utils.py:191} INFO -   Resolved https://github.com/7-TRG/extract_trg.git to commit 0712b3f1bbaeeeea58bf80749079a62c7e1bec3d
[2024-08-02T16:48:00.249+0900] {process_utils.py:191} INFO -   Installing build dependencies: started
[2024-08-02T16:48:02.608+0900] {process_utils.py:191} INFO -   Installing build dependencies: finished with status 'done'
[2024-08-02T16:48:02.609+0900] {process_utils.py:191} INFO -   Getting requirements to build wheel: started
[2024-08-02T16:48:02.899+0900] {process_utils.py:191} INFO -   Getting requirements to build wheel: finished with status 'done'
[2024-08-02T16:48:02.901+0900] {process_utils.py:191} INFO -   Preparing metadata (pyproject.toml): started
[2024-08-02T16:48:03.201+0900] {process_utils.py:191} INFO -   Preparing metadata (pyproject.toml): finished with status 'done'
[2024-08-02T16:48:03.204+0900] {process_utils.py:191} INFO - Building wheels for collected packages: extract_trg
[2024-08-02T16:48:03.209+0900] {process_utils.py:191} INFO -   Building wheel for extract_trg (pyproject.toml): started
[2024-08-02T16:48:03.533+0900] {process_utils.py:191} INFO -   Building wheel for extract_trg (pyproject.toml): finished with status 'done'
[2024-08-02T16:48:03.534+0900] {process_utils.py:191} INFO -   Created wheel for extract_trg: filename=extract_trg-0.1.0-py3-none-any.whl size=2219 sha256=f68dd0ca79a4e3fe6f883f37391cfed0bcccf00a88cba50a22c36c5cada03728
[2024-08-02T16:48:03.534+0900] {process_utils.py:191} INFO -   Stored in directory: /tmp/pip-ephem-wheel-cache-7kbkjxwt/wheels/21/97/ea/e27bc4298590f1b8a2b9c46b60aefbe2e3076cf05f6bd5e464
[2024-08-02T16:48:03.536+0900] {process_utils.py:191} INFO - Successfully built extract_trg
[2024-08-02T16:48:03.548+0900] {process_utils.py:191} INFO - Installing collected packages: extract_trg
[2024-08-02T16:48:03.570+0900] {process_utils.py:191} INFO - Successfully installed extract_trg-0.1.0
[2024-08-02T16:48:03.577+0900] {process_utils.py:191} INFO - 
[2024-08-02T16:48:03.579+0900] {process_utils.py:191} INFO - [notice] A new release of pip is available: 24.1.2 -> 24.2
[2024-08-02T16:48:03.579+0900] {process_utils.py:191} INFO - [notice] To update, run: python -m pip install --upgrade pip
[2024-08-02T16:48:03.736+0900] {process_utils.py:183} INFO - Executing cmd: /tmp/venvntlq97te/bin/python /tmp/venv-callskqnjspn/script.py /tmp/venv-callskqnjspn/script.in /tmp/venv-callskqnjspn/script.out /tmp/venv-callskqnjspn/string_args.txt /tmp/venv-callskqnjspn/termination.log
[2024-08-02T16:48:03.737+0900] {process_utils.py:187} INFO - Output:
[2024-08-02T16:48:03.758+0900] {process_utils.py:191} INFO - 
[2024-08-02T16:48:03.759+0900] {process_utils.py:191} INFO - ---------------======---::::::------+--=======++++++++++===--:...::-=--==============--:.....:-=====
[2024-08-02T16:48:03.759+0900] {process_utils.py:191} INFO - ----::---------------------===--::--+-----=============++++++===---:....--===============--:...:-===
[2024-08-02T16:48:03.759+0900] {process_utils.py:191} INFO - ----------------------------------=++----------------------=+===========-::.:-======================
[2024-08-02T16:48:03.759+0900] {process_utils.py:191} INFO - =----------------------------------==-----------------------=-----==============================+=--
[2024-08-02T16:48:03.759+0900] {process_utils.py:191} INFO - %%####=----------------------------==----------------------=-::::-----======+*%#++================::
[2024-08-02T16:48:03.760+0900] {process_utils.py:191} INFO - %%%%%#=----------------------------=-:---------------------=--==--------=====*#*=================-::
[2024-08-02T16:48:03.760+0900] {process_utils.py:191} INFO - @@%%%*-----------------+***++=-----=-::-------------------:+---------=====+++====================-::
[2024-08-02T16:48:03.761+0900] {process_utils.py:191} INFO - @@%%%*---------------#%%%%##%%#=---=-+##*#+----------------=------------=====+====-=--===========-::
[2024-08-02T16:48:03.762+0900] {process_utils.py:191} INFO - @@@%%+--=+*%%%+-----+%@@%#++%%%#=--=*%+===#+::----------::=-----------=+*##*++=-----------=======-::
[2024-08-02T16:48:03.762+0900] {process_utils.py:191} INFO - +++++=-+#+***#*=-----#*++**+#@@@*--+#+**+***-:=-:---=*+-::=-----==+++*######%%%#=-------------==-:::
[2024-08-02T16:48:03.762+0900] {process_utils.py:191} INFO - *******-:::-*=-------+===+=-=+#%%:-=++++=+==-:=-:::=%%#-::###=-*#%%%%%%%%%%%%%%%%+---------------:::
[2024-08-02T16:48:03.762+0900] {process_utils.py:191} INFO - =====+=:--::+---+--+**++++*+++#%*-=--**++++-:=++=::+#*-::=%%%#*#%%%%%%%%@@%%%%@@%%#====------+#%%=-*
[2024-08-02T16:48:03.763+0900] {process_utils.py:191} INFO - =-==++---=+==*#%%%%%%=*++++++++==-=-*##*+=##**++=--++-:--*=-=*#%%%@%###*###*+++*%%%*=============-#%
[2024-08-02T16:48:03.763+0900] {process_utils.py:191} INFO - +-=------=*%%%%@%@@@@***=+*#+*##*#%%@@**++%@%%%%*+=--=-=+-:--:#%@@%#*****###*+---+*++#**===---=++*%@
[2024-08-02T16:48:03.763+0900] {process_utils.py:191} INFO - --==-::-*%%%@@@@@@@%#*=-+++%@%##%%@@@@@%#%@@@%%@%%%*=--=#%####-%@%%####++++++=---==++*####*+++*%@%@@
[2024-08-02T16:48:03.763+0900] {process_utils.py:191} INFO - -=*+=-=#@@@@@@@@@#*+++++*@@@@@@@@@@@@@@@@@@@@@@@@@@@#+==-+*+#=:-+#%##**==++**+++=====+*###*+**#@%##%
[2024-08-02T16:48:03.763+0900] {process_utils.py:191} INFO - -=++-+%%@%@@@@%+=-++***#@@@@@@@@@@@@%:+@@*%+=%@@@@@@%%#%%#*=+--:-=#++**%#*+=+++++===+**####=*%%%%%%%
[2024-08-02T16:48:03.764+0900] {process_utils.py:191} INFO - -=++#%%####+-:---=*%%@@%#######**++++=+++++++++%%=+%@@%##*+==-=++=+*****##*===+++++==*#####*+#%%##%%
[2024-08-02T16:48:03.764+0900] {process_utils.py:191} INFO - -=*+=---==+=-::::-*@@@%+=======++++++++++++++*#%#**%%%*==-+*=--+==*****#**+=====+++++=***+++=+==::::
[2024-08-02T16:48:03.764+0900] {process_utils.py:191} INFO - =#*=++++++*###**==*@@@%=======++++++++*@@@@@@@@%%#####-:=+----==******##****+++++***==-=+=:::.::::::
[2024-08-02T16:48:03.764+0900] {process_utils.py:191} INFO - #%*+*++++**##*###*+#@@#=========++++==*%%%%%%%%######*=-----==+*********##########*+====::::::::::::
[2024-08-02T16:48:03.764+0900] {process_utils.py:191} INFO - ++++*#%%@%*##*##***%@@*===============+%##%%######%%%%*==-===+*********+=+*#######*++++-:::--::-----
[2024-08-02T16:48:03.764+0900] {process_utils.py:191} INFO - ===+*#%@@%*##**#**+=--================+%%#%%###%#%%%%%#======*#######*-:-++*####*****++:------------
[2024-08-02T16:48:03.764+0900] {process_utils.py:191} INFO - =+=------=##**##**+=--================+%%#%%###%%#%%%%%+=====+###**++==----:-*####****=------==-====
[2024-08-02T16:48:03.764+0900] {process_utils.py:191} INFO - 
[2024-08-02T16:48:03.800+0900] {python.py:237} INFO - Done. Returned value was: None
[2024-08-02T16:48:03.800+0900] {taskinstance.py:441} INFO - ::group::Post task execution logs
[2024-08-02T16:48:03.804+0900] {taskinstance.py:1206} INFO - Marking task as SUCCESS. dag_id=movie, task_id=get.data, run_id=scheduled__2017-01-01T05:00:00+00:00, execution_date=20170101T050000, start_date=20240802T074756, end_date=20240802T074803
[2024-08-02T16:48:03.866+0900] {local_task_job_runner.py:243} INFO - Task exited with return code 0
[2024-08-02T16:48:03.888+0900] {taskinstance.py:3503} INFO - 0 downstream tasks scheduled from follow-on schedule check
[2024-08-02T16:48:03.889+0900] {local_task_job_runner.py:222} INFO - ::endgroup::
