[2024-08-02T17:19:07.650+0900] {local_task_job_runner.py:120} INFO - ::group::Pre task execution logs
[2024-08-02T17:19:07.677+0900] {taskinstance.py:2076} INFO - Dependencies all met for dep_context=non-requeueable deps ti=<TaskInstance: movie.get.data scheduled__2017-01-03T05:41:00+00:00 [queued]>
[2024-08-02T17:19:07.684+0900] {taskinstance.py:2076} INFO - Dependencies all met for dep_context=requeueable deps ti=<TaskInstance: movie.get.data scheduled__2017-01-03T05:41:00+00:00 [queued]>
[2024-08-02T17:19:07.684+0900] {taskinstance.py:2306} INFO - Starting attempt 1 of 3
[2024-08-02T17:19:07.701+0900] {taskinstance.py:2330} INFO - Executing <Task(PythonVirtualenvOperator): get.data> on 2017-01-03 05:41:00+00:00
[2024-08-02T17:19:07.704+0900] {standard_task_runner.py:64} INFO - Started process 160776 to run task
[2024-08-02T17:19:07.707+0900] {standard_task_runner.py:90} INFO - Running: ['airflow', 'tasks', 'run', 'movie', 'get.data', 'scheduled__2017-01-03T05:41:00+00:00', '--job-id', '172', '--raw', '--subdir', 'DAGS_FOLDER/movie.py', '--cfg-path', '/tmp/tmp6qnpjbb6']
[2024-08-02T17:19:07.709+0900] {standard_task_runner.py:91} INFO - Job 172: Subtask get.data
[2024-08-02T17:19:07.745+0900] {task_command.py:426} INFO - Running <TaskInstance: movie.get.data scheduled__2017-01-03T05:41:00+00:00 [running]> on host playdata.
[2024-08-02T17:19:07.823+0900] {taskinstance.py:2648} INFO - Exporting env vars: AIRFLOW_CTX_DAG_OWNER='airflow' AIRFLOW_CTX_DAG_ID='movie' AIRFLOW_CTX_TASK_ID='get.data' AIRFLOW_CTX_EXECUTION_DATE='2017-01-03T05:41:00+00:00' AIRFLOW_CTX_TRY_NUMBER='1' AIRFLOW_CTX_DAG_RUN_ID='scheduled__2017-01-03T05:41:00+00:00'
[2024-08-02T17:19:07.824+0900] {taskinstance.py:430} INFO - ::endgroup::
[2024-08-02T17:19:07.834+0900] {baseoperator.py:400} WARNING - PythonVirtualenvOperator.execute cannot be called outside TaskInstance!
[2024-08-02T17:19:07.835+0900] {process_utils.py:183} INFO - Executing cmd: /home/oddsummer/.pyenv/versions/3.11.9/envs/air/bin/python -m virtualenv /tmp/venviu3kenwf --python=python
[2024-08-02T17:19:07.836+0900] {process_utils.py:187} INFO - Output:
[2024-08-02T17:19:08.277+0900] {process_utils.py:191} INFO - created virtual environment CPython3.11.9.final.0-64 in 329ms
[2024-08-02T17:19:08.278+0900] {process_utils.py:191} INFO -   creator CPython3Posix(dest=/tmp/venviu3kenwf, clear=False, no_vcs_ignore=False, global=False)
[2024-08-02T17:19:08.278+0900] {process_utils.py:191} INFO -   seeder FromAppData(download=False, pip=bundle, setuptools=bundle, wheel=bundle, via=copy, app_data_dir=/home/oddsummer/.local/share/virtualenv)
[2024-08-02T17:19:08.278+0900] {process_utils.py:191} INFO -     added seed packages: pip==24.1.2, setuptools==70.2.0, wheel==0.43.0
[2024-08-02T17:19:08.278+0900] {process_utils.py:191} INFO -   activators BashActivator,CShellActivator,FishActivator,NushellActivator,PowerShellActivator,PythonActivator
[2024-08-02T17:19:08.302+0900] {process_utils.py:183} INFO - Executing cmd: /tmp/venviu3kenwf/bin/pip install -r /tmp/venviu3kenwf/requirements.txt
[2024-08-02T17:19:08.302+0900] {process_utils.py:187} INFO - Output:
[2024-08-02T17:19:09.396+0900] {process_utils.py:191} INFO - Collecting git+https://github.com/7-TRG/extract_trg.git@main (from -r /tmp/venviu3kenwf/requirements.txt (line 1))
[2024-08-02T17:19:09.397+0900] {process_utils.py:191} INFO -   Cloning https://github.com/7-TRG/extract_trg.git (to revision main) to /tmp/pip-req-build-gz_rp9z4
[2024-08-02T17:19:09.400+0900] {process_utils.py:191} INFO -   Running command git clone --filter=blob:none --quiet https://github.com/7-TRG/extract_trg.git /tmp/pip-req-build-gz_rp9z4
[2024-08-02T17:19:10.997+0900] {process_utils.py:191} INFO -   Resolved https://github.com/7-TRG/extract_trg.git to commit 0712b3f1bbaeeeea58bf80749079a62c7e1bec3d
[2024-08-02T17:19:11.003+0900] {process_utils.py:191} INFO -   Installing build dependencies: started
[2024-08-02T17:19:13.583+0900] {process_utils.py:191} INFO -   Installing build dependencies: finished with status 'done'
[2024-08-02T17:19:13.585+0900] {process_utils.py:191} INFO -   Getting requirements to build wheel: started
[2024-08-02T17:19:13.866+0900] {process_utils.py:191} INFO -   Getting requirements to build wheel: finished with status 'done'
[2024-08-02T17:19:13.867+0900] {process_utils.py:191} INFO -   Preparing metadata (pyproject.toml): started
[2024-08-02T17:19:14.110+0900] {process_utils.py:191} INFO -   Preparing metadata (pyproject.toml): finished with status 'done'
[2024-08-02T17:19:14.113+0900] {process_utils.py:191} INFO - Building wheels for collected packages: extract_trg
[2024-08-02T17:19:14.117+0900] {process_utils.py:191} INFO -   Building wheel for extract_trg (pyproject.toml): started
[2024-08-02T17:19:14.374+0900] {process_utils.py:191} INFO -   Building wheel for extract_trg (pyproject.toml): finished with status 'done'
[2024-08-02T17:19:14.375+0900] {process_utils.py:191} INFO -   Created wheel for extract_trg: filename=extract_trg-0.1.0-py3-none-any.whl size=2219 sha256=a4019289a48b05f5fc285b17c3fa9a7a5e86b6341a1fa0e4969768d5a19f882f
[2024-08-02T17:19:14.375+0900] {process_utils.py:191} INFO -   Stored in directory: /tmp/pip-ephem-wheel-cache-9i041uny/wheels/21/97/ea/e27bc4298590f1b8a2b9c46b60aefbe2e3076cf05f6bd5e464
[2024-08-02T17:19:14.377+0900] {process_utils.py:191} INFO - Successfully built extract_trg
[2024-08-02T17:19:14.387+0900] {process_utils.py:191} INFO - Installing collected packages: extract_trg
[2024-08-02T17:19:14.401+0900] {process_utils.py:191} INFO - Successfully installed extract_trg-0.1.0
[2024-08-02T17:19:14.408+0900] {process_utils.py:191} INFO - 
[2024-08-02T17:19:14.408+0900] {process_utils.py:191} INFO - [notice] A new release of pip is available: 24.1.2 -> 24.2
[2024-08-02T17:19:14.408+0900] {process_utils.py:191} INFO - [notice] To update, run: python -m pip install --upgrade pip
[2024-08-02T17:19:14.499+0900] {process_utils.py:183} INFO - Executing cmd: /tmp/venviu3kenwf/bin/python /tmp/venv-callcv3l2k0z/script.py /tmp/venv-callcv3l2k0z/script.in /tmp/venv-callcv3l2k0z/script.out /tmp/venv-callcv3l2k0z/string_args.txt /tmp/venv-callcv3l2k0z/termination.log
[2024-08-02T17:19:14.500+0900] {process_utils.py:187} INFO - Output:
[2024-08-02T17:19:14.519+0900] {process_utils.py:191} INFO - 
[2024-08-02T17:19:14.519+0900] {process_utils.py:191} INFO - ---------------======---::::::------+--=======++++++++++===--:...::-=--==============--:.....:-=====
[2024-08-02T17:19:14.520+0900] {process_utils.py:191} INFO - ----::---------------------===--::--+-----=============++++++===---:....--===============--:...:-===
[2024-08-02T17:19:14.520+0900] {process_utils.py:191} INFO - ----------------------------------=++----------------------=+===========-::.:-======================
[2024-08-02T17:19:14.520+0900] {process_utils.py:191} INFO - =----------------------------------==-----------------------=-----==============================+=--
[2024-08-02T17:19:14.521+0900] {process_utils.py:191} INFO - %%####=----------------------------==----------------------=-::::-----======+*%#++================::
[2024-08-02T17:19:14.521+0900] {process_utils.py:191} INFO - %%%%%#=----------------------------=-:---------------------=--==--------=====*#*=================-::
[2024-08-02T17:19:14.521+0900] {process_utils.py:191} INFO - @@%%%*-----------------+***++=-----=-::-------------------:+---------=====+++====================-::
[2024-08-02T17:19:14.521+0900] {process_utils.py:191} INFO - @@%%%*---------------#%%%%##%%#=---=-+##*#+----------------=------------=====+====-=--===========-::
[2024-08-02T17:19:14.521+0900] {process_utils.py:191} INFO - @@@%%+--=+*%%%+-----+%@@%#++%%%#=--=*%+===#+::----------::=-----------=+*##*++=-----------=======-::
[2024-08-02T17:19:14.522+0900] {process_utils.py:191} INFO - +++++=-+#+***#*=-----#*++**+#@@@*--+#+**+***-:=-:---=*+-::=-----==+++*######%%%#=-------------==-:::
[2024-08-02T17:19:14.522+0900] {process_utils.py:191} INFO - *******-:::-*=-------+===+=-=+#%%:-=++++=+==-:=-:::=%%#-::###=-*#%%%%%%%%%%%%%%%%+---------------:::
[2024-08-02T17:19:14.522+0900] {process_utils.py:191} INFO - =====+=:--::+---+--+**++++*+++#%*-=--**++++-:=++=::+#*-::=%%%#*#%%%%%%%%@@%%%%@@%%#====------+#%%=-*
[2024-08-02T17:19:14.522+0900] {process_utils.py:191} INFO - =-==++---=+==*#%%%%%%=*++++++++==-=-*##*+=##**++=--++-:--*=-=*#%%%@%###*###*+++*%%%*=============-#%
[2024-08-02T17:19:14.522+0900] {process_utils.py:191} INFO - +-=------=*%%%%@%@@@@***=+*#+*##*#%%@@**++%@%%%%*+=--=-=+-:--:#%@@%#*****###*+---+*++#**===---=++*%@
[2024-08-02T17:19:14.523+0900] {process_utils.py:191} INFO - --==-::-*%%%@@@@@@@%#*=-+++%@%##%%@@@@@%#%@@@%%@%%%*=--=#%####-%@%%####++++++=---==++*####*+++*%@%@@
[2024-08-02T17:19:14.523+0900] {process_utils.py:191} INFO - -=*+=-=#@@@@@@@@@#*+++++*@@@@@@@@@@@@@@@@@@@@@@@@@@@#+==-+*+#=:-+#%##**==++**+++=====+*###*+**#@%##%
[2024-08-02T17:19:14.523+0900] {process_utils.py:191} INFO - -=++-+%%@%@@@@%+=-++***#@@@@@@@@@@@@%:+@@*%+=%@@@@@@%%#%%#*=+--:-=#++**%#*+=+++++===+**####=*%%%%%%%
[2024-08-02T17:19:14.523+0900] {process_utils.py:191} INFO - -=++#%%####+-:---=*%%@@%#######**++++=+++++++++%%=+%@@%##*+==-=++=+*****##*===+++++==*#####*+#%%##%%
[2024-08-02T17:19:14.523+0900] {process_utils.py:191} INFO - -=*+=---==+=-::::-*@@@%+=======++++++++++++++*#%#**%%%*==-+*=--+==*****#**+=====+++++=***+++=+==::::
[2024-08-02T17:19:14.524+0900] {process_utils.py:191} INFO - =#*=++++++*###**==*@@@%=======++++++++*@@@@@@@@%%#####-:=+----==******##****+++++***==-=+=:::.::::::
[2024-08-02T17:19:14.524+0900] {process_utils.py:191} INFO - #%*+*++++**##*###*+#@@#=========++++==*%%%%%%%%######*=-----==+*********##########*+====::::::::::::
[2024-08-02T17:19:14.524+0900] {process_utils.py:191} INFO - ++++*#%%@%*##*##***%@@*===============+%##%%######%%%%*==-===+*********+=+*#######*++++-:::--::-----
[2024-08-02T17:19:14.524+0900] {process_utils.py:191} INFO - ===+*#%@@%*##**#**+=--================+%%#%%###%#%%%%%#======*#######*-:-++*####*****++:------------
[2024-08-02T17:19:14.524+0900] {process_utils.py:191} INFO - =+=------=##**##**+=--================+%%#%%###%%#%%%%%+=====+###**++==----:-*####****=------==-====
[2024-08-02T17:19:14.525+0900] {process_utils.py:191} INFO - 
[2024-08-02T17:19:14.547+0900] {python.py:237} INFO - Done. Returned value was: None
[2024-08-02T17:19:14.547+0900] {taskinstance.py:441} INFO - ::group::Post task execution logs
[2024-08-02T17:19:14.553+0900] {taskinstance.py:1206} INFO - Marking task as SUCCESS. dag_id=movie, task_id=get.data, run_id=scheduled__2017-01-03T05:41:00+00:00, execution_date=20170103T054100, start_date=20240802T081907, end_date=20240802T081914
[2024-08-02T17:19:14.610+0900] {local_task_job_runner.py:243} INFO - Task exited with return code 0
[2024-08-02T17:19:14.621+0900] {taskinstance.py:3503} INFO - 0 downstream tasks scheduled from follow-on schedule check
[2024-08-02T17:19:14.621+0900] {local_task_job_runner.py:222} INFO - ::endgroup::
