[2024-08-02T17:00:20.071+0900] {local_task_job_runner.py:120} INFO - ::group::Pre task execution logs
[2024-08-02T17:00:20.103+0900] {taskinstance.py:2076} INFO - Dependencies all met for dep_context=non-requeueable deps ti=<TaskInstance: movie.get.data scheduled__2017-01-02T05:04:00+00:00 [queued]>
[2024-08-02T17:00:20.113+0900] {taskinstance.py:2076} INFO - Dependencies all met for dep_context=requeueable deps ti=<TaskInstance: movie.get.data scheduled__2017-01-02T05:04:00+00:00 [queued]>
[2024-08-02T17:00:20.114+0900] {taskinstance.py:2306} INFO - Starting attempt 1 of 3
[2024-08-02T17:00:20.136+0900] {taskinstance.py:2330} INFO - Executing <Task(PythonVirtualenvOperator): get.data> on 2017-01-02 05:04:00+00:00
[2024-08-02T17:00:20.141+0900] {standard_task_runner.py:64} INFO - Started process 150932 to run task
[2024-08-02T17:00:20.150+0900] {standard_task_runner.py:90} INFO - Running: ['airflow', 'tasks', 'run', 'movie', 'get.data', 'scheduled__2017-01-02T05:04:00+00:00', '--job-id', '75', '--raw', '--subdir', 'DAGS_FOLDER/movie.py', '--cfg-path', '/tmp/tmpw43a2unw']
[2024-08-02T17:00:20.154+0900] {standard_task_runner.py:91} INFO - Job 75: Subtask get.data
[2024-08-02T17:00:20.213+0900] {task_command.py:426} INFO - Running <TaskInstance: movie.get.data scheduled__2017-01-02T05:04:00+00:00 [running]> on host playdata.
[2024-08-02T17:00:20.323+0900] {taskinstance.py:2648} INFO - Exporting env vars: AIRFLOW_CTX_DAG_OWNER='airflow' AIRFLOW_CTX_DAG_ID='movie' AIRFLOW_CTX_TASK_ID='get.data' AIRFLOW_CTX_EXECUTION_DATE='2017-01-02T05:04:00+00:00' AIRFLOW_CTX_TRY_NUMBER='1' AIRFLOW_CTX_DAG_RUN_ID='scheduled__2017-01-02T05:04:00+00:00'
[2024-08-02T17:00:20.324+0900] {taskinstance.py:430} INFO - ::endgroup::
[2024-08-02T17:00:20.343+0900] {baseoperator.py:400} WARNING - PythonVirtualenvOperator.execute cannot be called outside TaskInstance!
[2024-08-02T17:00:20.345+0900] {process_utils.py:183} INFO - Executing cmd: /home/oddsummer/.pyenv/versions/3.11.9/envs/air/bin/python -m virtualenv /tmp/venvgdeyncph --python=python
[2024-08-02T17:00:20.346+0900] {process_utils.py:187} INFO - Output:
[2024-08-02T17:00:20.795+0900] {process_utils.py:191} INFO - created virtual environment CPython3.11.9.final.0-64 in 339ms
[2024-08-02T17:00:20.795+0900] {process_utils.py:191} INFO -   creator CPython3Posix(dest=/tmp/venvgdeyncph, clear=False, no_vcs_ignore=False, global=False)
[2024-08-02T17:00:20.796+0900] {process_utils.py:191} INFO -   seeder FromAppData(download=False, pip=bundle, setuptools=bundle, wheel=bundle, via=copy, app_data_dir=/home/oddsummer/.local/share/virtualenv)
[2024-08-02T17:00:20.796+0900] {process_utils.py:191} INFO -     added seed packages: pip==24.1.2, setuptools==70.2.0, wheel==0.43.0
[2024-08-02T17:00:20.796+0900] {process_utils.py:191} INFO -   activators BashActivator,CShellActivator,FishActivator,NushellActivator,PowerShellActivator,PythonActivator
[2024-08-02T17:00:20.827+0900] {process_utils.py:183} INFO - Executing cmd: /tmp/venvgdeyncph/bin/pip install -r /tmp/venvgdeyncph/requirements.txt
[2024-08-02T17:00:20.827+0900] {process_utils.py:187} INFO - Output:
[2024-08-02T17:00:21.886+0900] {process_utils.py:191} INFO - Collecting git+https://github.com/7-TRG/extract_trg.git@main (from -r /tmp/venvgdeyncph/requirements.txt (line 1))
[2024-08-02T17:00:21.887+0900] {process_utils.py:191} INFO -   Cloning https://github.com/7-TRG/extract_trg.git (to revision main) to /tmp/pip-req-build-a9z3rp5v
[2024-08-02T17:00:21.890+0900] {process_utils.py:191} INFO -   Running command git clone --filter=blob:none --quiet https://github.com/7-TRG/extract_trg.git /tmp/pip-req-build-a9z3rp5v
[2024-08-02T17:00:23.553+0900] {process_utils.py:191} INFO -   Resolved https://github.com/7-TRG/extract_trg.git to commit 0712b3f1bbaeeeea58bf80749079a62c7e1bec3d
[2024-08-02T17:00:23.559+0900] {process_utils.py:191} INFO -   Installing build dependencies: started
[2024-08-02T17:00:25.840+0900] {process_utils.py:191} INFO -   Installing build dependencies: finished with status 'done'
[2024-08-02T17:00:25.841+0900] {process_utils.py:191} INFO -   Getting requirements to build wheel: started
[2024-08-02T17:00:26.113+0900] {process_utils.py:191} INFO -   Getting requirements to build wheel: finished with status 'done'
[2024-08-02T17:00:26.114+0900] {process_utils.py:191} INFO -   Preparing metadata (pyproject.toml): started
[2024-08-02T17:00:26.367+0900] {process_utils.py:191} INFO -   Preparing metadata (pyproject.toml): finished with status 'done'
[2024-08-02T17:00:26.370+0900] {process_utils.py:191} INFO - Building wheels for collected packages: extract_trg
[2024-08-02T17:00:26.374+0900] {process_utils.py:191} INFO -   Building wheel for extract_trg (pyproject.toml): started
[2024-08-02T17:00:26.650+0900] {process_utils.py:191} INFO -   Building wheel for extract_trg (pyproject.toml): finished with status 'done'
[2024-08-02T17:00:26.651+0900] {process_utils.py:191} INFO -   Created wheel for extract_trg: filename=extract_trg-0.1.0-py3-none-any.whl size=2219 sha256=9d68cc2d688b950a10a695c61413ea3104d9fdb98438e73968ca4574456f6b2d
[2024-08-02T17:00:26.652+0900] {process_utils.py:191} INFO -   Stored in directory: /tmp/pip-ephem-wheel-cache-x94kte0x/wheels/21/97/ea/e27bc4298590f1b8a2b9c46b60aefbe2e3076cf05f6bd5e464
[2024-08-02T17:00:26.654+0900] {process_utils.py:191} INFO - Successfully built extract_trg
[2024-08-02T17:00:26.666+0900] {process_utils.py:191} INFO - Installing collected packages: extract_trg
[2024-08-02T17:00:26.685+0900] {process_utils.py:191} INFO - Successfully installed extract_trg-0.1.0
[2024-08-02T17:00:26.691+0900] {process_utils.py:191} INFO - 
[2024-08-02T17:00:26.691+0900] {process_utils.py:191} INFO - [notice] A new release of pip is available: 24.1.2 -> 24.2
[2024-08-02T17:00:26.692+0900] {process_utils.py:191} INFO - [notice] To update, run: python -m pip install --upgrade pip
[2024-08-02T17:00:26.786+0900] {process_utils.py:183} INFO - Executing cmd: /tmp/venvgdeyncph/bin/python /tmp/venv-callv9xg_511/script.py /tmp/venv-callv9xg_511/script.in /tmp/venv-callv9xg_511/script.out /tmp/venv-callv9xg_511/string_args.txt /tmp/venv-callv9xg_511/termination.log
[2024-08-02T17:00:26.786+0900] {process_utils.py:187} INFO - Output:
[2024-08-02T17:00:26.806+0900] {process_utils.py:191} INFO - 
[2024-08-02T17:00:26.806+0900] {process_utils.py:191} INFO - ---------------======---::::::------+--=======++++++++++===--:...::-=--==============--:.....:-=====
[2024-08-02T17:00:26.806+0900] {process_utils.py:191} INFO - ----::---------------------===--::--+-----=============++++++===---:....--===============--:...:-===
[2024-08-02T17:00:26.807+0900] {process_utils.py:191} INFO - ----------------------------------=++----------------------=+===========-::.:-======================
[2024-08-02T17:00:26.807+0900] {process_utils.py:191} INFO - =----------------------------------==-----------------------=-----==============================+=--
[2024-08-02T17:00:26.807+0900] {process_utils.py:191} INFO - %%####=----------------------------==----------------------=-::::-----======+*%#++================::
[2024-08-02T17:00:26.807+0900] {process_utils.py:191} INFO - %%%%%#=----------------------------=-:---------------------=--==--------=====*#*=================-::
[2024-08-02T17:00:26.807+0900] {process_utils.py:191} INFO - @@%%%*-----------------+***++=-----=-::-------------------:+---------=====+++====================-::
[2024-08-02T17:00:26.807+0900] {process_utils.py:191} INFO - @@%%%*---------------#%%%%##%%#=---=-+##*#+----------------=------------=====+====-=--===========-::
[2024-08-02T17:00:26.807+0900] {process_utils.py:191} INFO - @@@%%+--=+*%%%+-----+%@@%#++%%%#=--=*%+===#+::----------::=-----------=+*##*++=-----------=======-::
[2024-08-02T17:00:26.807+0900] {process_utils.py:191} INFO - +++++=-+#+***#*=-----#*++**+#@@@*--+#+**+***-:=-:---=*+-::=-----==+++*######%%%#=-------------==-:::
[2024-08-02T17:00:26.808+0900] {process_utils.py:191} INFO - *******-:::-*=-------+===+=-=+#%%:-=++++=+==-:=-:::=%%#-::###=-*#%%%%%%%%%%%%%%%%+---------------:::
[2024-08-02T17:00:26.808+0900] {process_utils.py:191} INFO - =====+=:--::+---+--+**++++*+++#%*-=--**++++-:=++=::+#*-::=%%%#*#%%%%%%%%@@%%%%@@%%#====------+#%%=-*
[2024-08-02T17:00:26.808+0900] {process_utils.py:191} INFO - =-==++---=+==*#%%%%%%=*++++++++==-=-*##*+=##**++=--++-:--*=-=*#%%%@%###*###*+++*%%%*=============-#%
[2024-08-02T17:00:26.808+0900] {process_utils.py:191} INFO - +-=------=*%%%%@%@@@@***=+*#+*##*#%%@@**++%@%%%%*+=--=-=+-:--:#%@@%#*****###*+---+*++#**===---=++*%@
[2024-08-02T17:00:26.808+0900] {process_utils.py:191} INFO - --==-::-*%%%@@@@@@@%#*=-+++%@%##%%@@@@@%#%@@@%%@%%%*=--=#%####-%@%%####++++++=---==++*####*+++*%@%@@
[2024-08-02T17:00:26.808+0900] {process_utils.py:191} INFO - -=*+=-=#@@@@@@@@@#*+++++*@@@@@@@@@@@@@@@@@@@@@@@@@@@#+==-+*+#=:-+#%##**==++**+++=====+*###*+**#@%##%
[2024-08-02T17:00:26.808+0900] {process_utils.py:191} INFO - -=++-+%%@%@@@@%+=-++***#@@@@@@@@@@@@%:+@@*%+=%@@@@@@%%#%%#*=+--:-=#++**%#*+=+++++===+**####=*%%%%%%%
[2024-08-02T17:00:26.809+0900] {process_utils.py:191} INFO - -=++#%%####+-:---=*%%@@%#######**++++=+++++++++%%=+%@@%##*+==-=++=+*****##*===+++++==*#####*+#%%##%%
[2024-08-02T17:00:26.809+0900] {process_utils.py:191} INFO - -=*+=---==+=-::::-*@@@%+=======++++++++++++++*#%#**%%%*==-+*=--+==*****#**+=====+++++=***+++=+==::::
[2024-08-02T17:00:26.809+0900] {process_utils.py:191} INFO - =#*=++++++*###**==*@@@%=======++++++++*@@@@@@@@%%#####-:=+----==******##****+++++***==-=+=:::.::::::
[2024-08-02T17:00:26.809+0900] {process_utils.py:191} INFO - #%*+*++++**##*###*+#@@#=========++++==*%%%%%%%%######*=-----==+*********##########*+====::::::::::::
[2024-08-02T17:00:26.809+0900] {process_utils.py:191} INFO - ++++*#%%@%*##*##***%@@*===============+%##%%######%%%%*==-===+*********+=+*#######*++++-:::--::-----
[2024-08-02T17:00:26.809+0900] {process_utils.py:191} INFO - ===+*#%@@%*##**#**+=--================+%%#%%###%#%%%%%#======*#######*-:-++*####*****++:------------
[2024-08-02T17:00:26.810+0900] {process_utils.py:191} INFO - =+=------=##**##**+=--================+%%#%%###%%#%%%%%+=====+###**++==----:-*####****=------==-====
[2024-08-02T17:00:26.810+0900] {process_utils.py:191} INFO - 
[2024-08-02T17:00:26.832+0900] {python.py:237} INFO - Done. Returned value was: None
[2024-08-02T17:00:26.832+0900] {taskinstance.py:441} INFO - ::group::Post task execution logs
[2024-08-02T17:00:26.835+0900] {taskinstance.py:1206} INFO - Marking task as SUCCESS. dag_id=movie, task_id=get.data, run_id=scheduled__2017-01-02T05:04:00+00:00, execution_date=20170102T050400, start_date=20240802T080020, end_date=20240802T080026
[2024-08-02T17:00:26.864+0900] {local_task_job_runner.py:243} INFO - Task exited with return code 0
[2024-08-02T17:00:26.877+0900] {taskinstance.py:3503} INFO - 0 downstream tasks scheduled from follow-on schedule check
[2024-08-02T17:00:26.878+0900] {local_task_job_runner.py:222} INFO - ::endgroup::
