[2024-08-02T17:09:32.504+0900] {local_task_job_runner.py:120} INFO - ::group::Pre task execution logs
[2024-08-02T17:09:32.524+0900] {taskinstance.py:2076} INFO - Dependencies all met for dep_context=non-requeueable deps ti=<TaskInstance: movie.get.data scheduled__2017-01-02T05:52:00+00:00 [queued]>
[2024-08-02T17:09:32.530+0900] {taskinstance.py:2076} INFO - Dependencies all met for dep_context=requeueable deps ti=<TaskInstance: movie.get.data scheduled__2017-01-02T05:52:00+00:00 [queued]>
[2024-08-02T17:09:32.531+0900] {taskinstance.py:2306} INFO - Starting attempt 1 of 3
[2024-08-02T17:09:32.545+0900] {taskinstance.py:2330} INFO - Executing <Task(PythonVirtualenvOperator): get.data> on 2017-01-02 05:52:00+00:00
[2024-08-02T17:09:32.548+0900] {standard_task_runner.py:64} INFO - Started process 155248 to run task
[2024-08-02T17:09:32.551+0900] {standard_task_runner.py:90} INFO - Running: ['airflow', 'tasks', 'run', 'movie', 'get.data', 'scheduled__2017-01-02T05:52:00+00:00', '--job-id', '123', '--raw', '--subdir', 'DAGS_FOLDER/movie.py', '--cfg-path', '/tmp/tmp3emh0fqq']
[2024-08-02T17:09:32.553+0900] {standard_task_runner.py:91} INFO - Job 123: Subtask get.data
[2024-08-02T17:09:32.590+0900] {task_command.py:426} INFO - Running <TaskInstance: movie.get.data scheduled__2017-01-02T05:52:00+00:00 [running]> on host playdata.
[2024-08-02T17:09:32.672+0900] {taskinstance.py:2648} INFO - Exporting env vars: AIRFLOW_CTX_DAG_OWNER='airflow' AIRFLOW_CTX_DAG_ID='movie' AIRFLOW_CTX_TASK_ID='get.data' AIRFLOW_CTX_EXECUTION_DATE='2017-01-02T05:52:00+00:00' AIRFLOW_CTX_TRY_NUMBER='1' AIRFLOW_CTX_DAG_RUN_ID='scheduled__2017-01-02T05:52:00+00:00'
[2024-08-02T17:09:32.673+0900] {taskinstance.py:430} INFO - ::endgroup::
[2024-08-02T17:09:32.690+0900] {baseoperator.py:400} WARNING - PythonVirtualenvOperator.execute cannot be called outside TaskInstance!
[2024-08-02T17:09:32.692+0900] {process_utils.py:183} INFO - Executing cmd: /home/oddsummer/.pyenv/versions/3.11.9/envs/air/bin/python -m virtualenv /tmp/venv0cn47mqz --python=python
[2024-08-02T17:09:32.694+0900] {process_utils.py:187} INFO - Output:
[2024-08-02T17:09:33.059+0900] {process_utils.py:191} INFO - created virtual environment CPython3.11.9.final.0-64 in 249ms
[2024-08-02T17:09:33.060+0900] {process_utils.py:191} INFO -   creator CPython3Posix(dest=/tmp/venv0cn47mqz, clear=False, no_vcs_ignore=False, global=False)
[2024-08-02T17:09:33.060+0900] {process_utils.py:191} INFO -   seeder FromAppData(download=False, pip=bundle, setuptools=bundle, wheel=bundle, via=copy, app_data_dir=/home/oddsummer/.local/share/virtualenv)
[2024-08-02T17:09:33.060+0900] {process_utils.py:191} INFO -     added seed packages: pip==24.1.2, setuptools==70.2.0, wheel==0.43.0
[2024-08-02T17:09:33.061+0900] {process_utils.py:191} INFO -   activators BashActivator,CShellActivator,FishActivator,NushellActivator,PowerShellActivator,PythonActivator
[2024-08-02T17:09:33.085+0900] {process_utils.py:183} INFO - Executing cmd: /tmp/venv0cn47mqz/bin/pip install -r /tmp/venv0cn47mqz/requirements.txt
[2024-08-02T17:09:33.085+0900] {process_utils.py:187} INFO - Output:
[2024-08-02T17:09:34.108+0900] {process_utils.py:191} INFO - Collecting git+https://github.com/7-TRG/extract_trg.git@main (from -r /tmp/venv0cn47mqz/requirements.txt (line 1))
[2024-08-02T17:09:34.108+0900] {process_utils.py:191} INFO -   Cloning https://github.com/7-TRG/extract_trg.git (to revision main) to /tmp/pip-req-build-j3mygedb
[2024-08-02T17:09:34.111+0900] {process_utils.py:191} INFO -   Running command git clone --filter=blob:none --quiet https://github.com/7-TRG/extract_trg.git /tmp/pip-req-build-j3mygedb
[2024-08-02T17:09:35.709+0900] {process_utils.py:191} INFO -   Resolved https://github.com/7-TRG/extract_trg.git to commit 0712b3f1bbaeeeea58bf80749079a62c7e1bec3d
[2024-08-02T17:09:35.716+0900] {process_utils.py:191} INFO -   Installing build dependencies: started
[2024-08-02T17:09:37.793+0900] {process_utils.py:191} INFO -   Installing build dependencies: finished with status 'done'
[2024-08-02T17:09:37.794+0900] {process_utils.py:191} INFO -   Getting requirements to build wheel: started
[2024-08-02T17:09:38.077+0900] {process_utils.py:191} INFO -   Getting requirements to build wheel: finished with status 'done'
[2024-08-02T17:09:38.078+0900] {process_utils.py:191} INFO -   Preparing metadata (pyproject.toml): started
[2024-08-02T17:09:38.384+0900] {process_utils.py:191} INFO -   Preparing metadata (pyproject.toml): finished with status 'done'
[2024-08-02T17:09:38.386+0900] {process_utils.py:191} INFO - Building wheels for collected packages: extract_trg
[2024-08-02T17:09:38.391+0900] {process_utils.py:191} INFO -   Building wheel for extract_trg (pyproject.toml): started
[2024-08-02T17:09:38.677+0900] {process_utils.py:191} INFO -   Building wheel for extract_trg (pyproject.toml): finished with status 'done'
[2024-08-02T17:09:38.678+0900] {process_utils.py:191} INFO -   Created wheel for extract_trg: filename=extract_trg-0.1.0-py3-none-any.whl size=2219 sha256=47d862b22d027ee4f114503010e5099709385d64c977e22802f8d3de50974f83
[2024-08-02T17:09:38.678+0900] {process_utils.py:191} INFO -   Stored in directory: /tmp/pip-ephem-wheel-cache-8z5fn31f/wheels/21/97/ea/e27bc4298590f1b8a2b9c46b60aefbe2e3076cf05f6bd5e464
[2024-08-02T17:09:38.681+0900] {process_utils.py:191} INFO - Successfully built extract_trg
[2024-08-02T17:09:38.690+0900] {process_utils.py:191} INFO - Installing collected packages: extract_trg
[2024-08-02T17:09:38.708+0900] {process_utils.py:191} INFO - Successfully installed extract_trg-0.1.0
[2024-08-02T17:09:38.714+0900] {process_utils.py:191} INFO - 
[2024-08-02T17:09:38.715+0900] {process_utils.py:191} INFO - [notice] A new release of pip is available: 24.1.2 -> 24.2
[2024-08-02T17:09:38.715+0900] {process_utils.py:191} INFO - [notice] To update, run: python -m pip install --upgrade pip
[2024-08-02T17:09:38.815+0900] {process_utils.py:183} INFO - Executing cmd: /tmp/venv0cn47mqz/bin/python /tmp/venv-calluyoclk_3/script.py /tmp/venv-calluyoclk_3/script.in /tmp/venv-calluyoclk_3/script.out /tmp/venv-calluyoclk_3/string_args.txt /tmp/venv-calluyoclk_3/termination.log
[2024-08-02T17:09:38.816+0900] {process_utils.py:187} INFO - Output:
[2024-08-02T17:09:38.837+0900] {process_utils.py:191} INFO - 
[2024-08-02T17:09:38.837+0900] {process_utils.py:191} INFO - ---------------======---::::::------+--=======++++++++++===--:...::-=--==============--:.....:-=====
[2024-08-02T17:09:38.838+0900] {process_utils.py:191} INFO - ----::---------------------===--::--+-----=============++++++===---:....--===============--:...:-===
[2024-08-02T17:09:38.838+0900] {process_utils.py:191} INFO - ----------------------------------=++----------------------=+===========-::.:-======================
[2024-08-02T17:09:38.838+0900] {process_utils.py:191} INFO - =----------------------------------==-----------------------=-----==============================+=--
[2024-08-02T17:09:38.838+0900] {process_utils.py:191} INFO - %%####=----------------------------==----------------------=-::::-----======+*%#++================::
[2024-08-02T17:09:38.838+0900] {process_utils.py:191} INFO - %%%%%#=----------------------------=-:---------------------=--==--------=====*#*=================-::
[2024-08-02T17:09:38.838+0900] {process_utils.py:191} INFO - @@%%%*-----------------+***++=-----=-::-------------------:+---------=====+++====================-::
[2024-08-02T17:09:38.838+0900] {process_utils.py:191} INFO - @@%%%*---------------#%%%%##%%#=---=-+##*#+----------------=------------=====+====-=--===========-::
[2024-08-02T17:09:38.838+0900] {process_utils.py:191} INFO - @@@%%+--=+*%%%+-----+%@@%#++%%%#=--=*%+===#+::----------::=-----------=+*##*++=-----------=======-::
[2024-08-02T17:09:38.839+0900] {process_utils.py:191} INFO - +++++=-+#+***#*=-----#*++**+#@@@*--+#+**+***-:=-:---=*+-::=-----==+++*######%%%#=-------------==-:::
[2024-08-02T17:09:38.839+0900] {process_utils.py:191} INFO - *******-:::-*=-------+===+=-=+#%%:-=++++=+==-:=-:::=%%#-::###=-*#%%%%%%%%%%%%%%%%+---------------:::
[2024-08-02T17:09:38.839+0900] {process_utils.py:191} INFO - =====+=:--::+---+--+**++++*+++#%*-=--**++++-:=++=::+#*-::=%%%#*#%%%%%%%%@@%%%%@@%%#====------+#%%=-*
[2024-08-02T17:09:38.839+0900] {process_utils.py:191} INFO - =-==++---=+==*#%%%%%%=*++++++++==-=-*##*+=##**++=--++-:--*=-=*#%%%@%###*###*+++*%%%*=============-#%
[2024-08-02T17:09:38.839+0900] {process_utils.py:191} INFO - +-=------=*%%%%@%@@@@***=+*#+*##*#%%@@**++%@%%%%*+=--=-=+-:--:#%@@%#*****###*+---+*++#**===---=++*%@
[2024-08-02T17:09:38.839+0900] {process_utils.py:191} INFO - --==-::-*%%%@@@@@@@%#*=-+++%@%##%%@@@@@%#%@@@%%@%%%*=--=#%####-%@%%####++++++=---==++*####*+++*%@%@@
[2024-08-02T17:09:38.839+0900] {process_utils.py:191} INFO - -=*+=-=#@@@@@@@@@#*+++++*@@@@@@@@@@@@@@@@@@@@@@@@@@@#+==-+*+#=:-+#%##**==++**+++=====+*###*+**#@%##%
[2024-08-02T17:09:38.840+0900] {process_utils.py:191} INFO - -=++-+%%@%@@@@%+=-++***#@@@@@@@@@@@@%:+@@*%+=%@@@@@@%%#%%#*=+--:-=#++**%#*+=+++++===+**####=*%%%%%%%
[2024-08-02T17:09:38.840+0900] {process_utils.py:191} INFO - -=++#%%####+-:---=*%%@@%#######**++++=+++++++++%%=+%@@%##*+==-=++=+*****##*===+++++==*#####*+#%%##%%
[2024-08-02T17:09:38.840+0900] {process_utils.py:191} INFO - -=*+=---==+=-::::-*@@@%+=======++++++++++++++*#%#**%%%*==-+*=--+==*****#**+=====+++++=***+++=+==::::
[2024-08-02T17:09:38.840+0900] {process_utils.py:191} INFO - =#*=++++++*###**==*@@@%=======++++++++*@@@@@@@@%%#####-:=+----==******##****+++++***==-=+=:::.::::::
[2024-08-02T17:09:38.840+0900] {process_utils.py:191} INFO - #%*+*++++**##*###*+#@@#=========++++==*%%%%%%%%######*=-----==+*********##########*+====::::::::::::
[2024-08-02T17:09:38.840+0900] {process_utils.py:191} INFO - ++++*#%%@%*##*##***%@@*===============+%##%%######%%%%*==-===+*********+=+*#######*++++-:::--::-----
[2024-08-02T17:09:38.840+0900] {process_utils.py:191} INFO - ===+*#%@@%*##**#**+=--================+%%#%%###%#%%%%%#======*#######*-:-++*####*****++:------------
[2024-08-02T17:09:38.841+0900] {process_utils.py:191} INFO - =+=------=##**##**+=--================+%%#%%###%%#%%%%%+=====+###**++==----:-*####****=------==-====
[2024-08-02T17:09:38.841+0900] {process_utils.py:191} INFO - 
[2024-08-02T17:09:38.861+0900] {python.py:237} INFO - Done. Returned value was: None
[2024-08-02T17:09:38.862+0900] {taskinstance.py:441} INFO - ::group::Post task execution logs
[2024-08-02T17:09:38.866+0900] {taskinstance.py:1206} INFO - Marking task as SUCCESS. dag_id=movie, task_id=get.data, run_id=scheduled__2017-01-02T05:52:00+00:00, execution_date=20170102T055200, start_date=20240802T080932, end_date=20240802T080938
[2024-08-02T17:09:38.895+0900] {local_task_job_runner.py:243} INFO - Task exited with return code 0
[2024-08-02T17:09:38.905+0900] {taskinstance.py:3503} INFO - 0 downstream tasks scheduled from follow-on schedule check
[2024-08-02T17:09:38.906+0900] {local_task_job_runner.py:222} INFO - ::endgroup::
