[2024-08-02T17:09:56.080+0900] {local_task_job_runner.py:120} INFO - ::group::Pre task execution logs
[2024-08-02T17:09:56.110+0900] {taskinstance.py:2076} INFO - Dependencies all met for dep_context=non-requeueable deps ti=<TaskInstance: movie.get.data scheduled__2017-01-02T05:54:00+00:00 [queued]>
[2024-08-02T17:09:56.119+0900] {taskinstance.py:2076} INFO - Dependencies all met for dep_context=requeueable deps ti=<TaskInstance: movie.get.data scheduled__2017-01-02T05:54:00+00:00 [queued]>
[2024-08-02T17:09:56.119+0900] {taskinstance.py:2306} INFO - Starting attempt 1 of 3
[2024-08-02T17:09:56.150+0900] {taskinstance.py:2330} INFO - Executing <Task(PythonVirtualenvOperator): get.data> on 2017-01-02 05:54:00+00:00
[2024-08-02T17:09:56.152+0900] {standard_task_runner.py:64} INFO - Started process 155421 to run task
[2024-08-02T17:09:56.156+0900] {standard_task_runner.py:90} INFO - Running: ['airflow', 'tasks', 'run', 'movie', 'get.data', 'scheduled__2017-01-02T05:54:00+00:00', '--job-id', '125', '--raw', '--subdir', 'DAGS_FOLDER/movie.py', '--cfg-path', '/tmp/tmpw5y80lsp']
[2024-08-02T17:09:56.157+0900] {standard_task_runner.py:91} INFO - Job 125: Subtask get.data
[2024-08-02T17:09:56.205+0900] {task_command.py:426} INFO - Running <TaskInstance: movie.get.data scheduled__2017-01-02T05:54:00+00:00 [running]> on host playdata.
[2024-08-02T17:09:56.297+0900] {taskinstance.py:2648} INFO - Exporting env vars: AIRFLOW_CTX_DAG_OWNER='airflow' AIRFLOW_CTX_DAG_ID='movie' AIRFLOW_CTX_TASK_ID='get.data' AIRFLOW_CTX_EXECUTION_DATE='2017-01-02T05:54:00+00:00' AIRFLOW_CTX_TRY_NUMBER='1' AIRFLOW_CTX_DAG_RUN_ID='scheduled__2017-01-02T05:54:00+00:00'
[2024-08-02T17:09:56.298+0900] {taskinstance.py:430} INFO - ::endgroup::
[2024-08-02T17:09:56.311+0900] {baseoperator.py:400} WARNING - PythonVirtualenvOperator.execute cannot be called outside TaskInstance!
[2024-08-02T17:09:56.312+0900] {process_utils.py:183} INFO - Executing cmd: /home/oddsummer/.pyenv/versions/3.11.9/envs/air/bin/python -m virtualenv /tmp/venvrr_5kpwi --python=python
[2024-08-02T17:09:56.312+0900] {process_utils.py:187} INFO - Output:
[2024-08-02T17:09:56.760+0900] {process_utils.py:191} INFO - created virtual environment CPython3.11.9.final.0-64 in 320ms
[2024-08-02T17:09:56.760+0900] {process_utils.py:191} INFO -   creator CPython3Posix(dest=/tmp/venvrr_5kpwi, clear=False, no_vcs_ignore=False, global=False)
[2024-08-02T17:09:56.761+0900] {process_utils.py:191} INFO -   seeder FromAppData(download=False, pip=bundle, setuptools=bundle, wheel=bundle, via=copy, app_data_dir=/home/oddsummer/.local/share/virtualenv)
[2024-08-02T17:09:56.761+0900] {process_utils.py:191} INFO -     added seed packages: pip==24.1.2, setuptools==70.2.0, wheel==0.43.0
[2024-08-02T17:09:56.761+0900] {process_utils.py:191} INFO -   activators BashActivator,CShellActivator,FishActivator,NushellActivator,PowerShellActivator,PythonActivator
[2024-08-02T17:09:56.790+0900] {process_utils.py:183} INFO - Executing cmd: /tmp/venvrr_5kpwi/bin/pip install -r /tmp/venvrr_5kpwi/requirements.txt
[2024-08-02T17:09:56.790+0900] {process_utils.py:187} INFO - Output:
[2024-08-02T17:09:58.184+0900] {process_utils.py:191} INFO - Collecting git+https://github.com/7-TRG/extract_trg.git@main (from -r /tmp/venvrr_5kpwi/requirements.txt (line 1))
[2024-08-02T17:09:58.185+0900] {process_utils.py:191} INFO -   Cloning https://github.com/7-TRG/extract_trg.git (to revision main) to /tmp/pip-req-build-_7zwj5ou
[2024-08-02T17:09:58.187+0900] {process_utils.py:191} INFO -   Running command git clone --filter=blob:none --quiet https://github.com/7-TRG/extract_trg.git /tmp/pip-req-build-_7zwj5ou
[2024-08-02T17:09:59.763+0900] {process_utils.py:191} INFO -   Resolved https://github.com/7-TRG/extract_trg.git to commit 0712b3f1bbaeeeea58bf80749079a62c7e1bec3d
[2024-08-02T17:09:59.775+0900] {process_utils.py:191} INFO -   Installing build dependencies: started
[2024-08-02T17:10:02.509+0900] {process_utils.py:191} INFO -   Installing build dependencies: finished with status 'done'
[2024-08-02T17:10:02.510+0900] {process_utils.py:191} INFO -   Getting requirements to build wheel: started
[2024-08-02T17:10:02.823+0900] {process_utils.py:191} INFO -   Getting requirements to build wheel: finished with status 'done'
[2024-08-02T17:10:02.824+0900] {process_utils.py:191} INFO -   Preparing metadata (pyproject.toml): started
[2024-08-02T17:10:03.124+0900] {process_utils.py:191} INFO -   Preparing metadata (pyproject.toml): finished with status 'done'
[2024-08-02T17:10:03.127+0900] {process_utils.py:191} INFO - Building wheels for collected packages: extract_trg
[2024-08-02T17:10:03.130+0900] {process_utils.py:191} INFO -   Building wheel for extract_trg (pyproject.toml): started
[2024-08-02T17:10:03.378+0900] {process_utils.py:191} INFO -   Building wheel for extract_trg (pyproject.toml): finished with status 'done'
[2024-08-02T17:10:03.378+0900] {process_utils.py:191} INFO -   Created wheel for extract_trg: filename=extract_trg-0.1.0-py3-none-any.whl size=2219 sha256=db744923e98a7266549b7a9a53aadba13b60cc3b47e43d702d49823401830d71
[2024-08-02T17:10:03.379+0900] {process_utils.py:191} INFO -   Stored in directory: /tmp/pip-ephem-wheel-cache-39rhd681/wheels/21/97/ea/e27bc4298590f1b8a2b9c46b60aefbe2e3076cf05f6bd5e464
[2024-08-02T17:10:03.381+0900] {process_utils.py:191} INFO - Successfully built extract_trg
[2024-08-02T17:10:03.391+0900] {process_utils.py:191} INFO - Installing collected packages: extract_trg
[2024-08-02T17:10:03.411+0900] {process_utils.py:191} INFO - Successfully installed extract_trg-0.1.0
[2024-08-02T17:10:03.417+0900] {process_utils.py:191} INFO - 
[2024-08-02T17:10:03.417+0900] {process_utils.py:191} INFO - [notice] A new release of pip is available: 24.1.2 -> 24.2
[2024-08-02T17:10:03.417+0900] {process_utils.py:191} INFO - [notice] To update, run: python -m pip install --upgrade pip
[2024-08-02T17:10:03.514+0900] {process_utils.py:183} INFO - Executing cmd: /tmp/venvrr_5kpwi/bin/python /tmp/venv-callb137mr50/script.py /tmp/venv-callb137mr50/script.in /tmp/venv-callb137mr50/script.out /tmp/venv-callb137mr50/string_args.txt /tmp/venv-callb137mr50/termination.log
[2024-08-02T17:10:03.517+0900] {process_utils.py:187} INFO - Output:
[2024-08-02T17:10:03.536+0900] {process_utils.py:191} INFO - 
[2024-08-02T17:10:03.536+0900] {process_utils.py:191} INFO - ---------------======---::::::------+--=======++++++++++===--:...::-=--==============--:.....:-=====
[2024-08-02T17:10:03.537+0900] {process_utils.py:191} INFO - ----::---------------------===--::--+-----=============++++++===---:....--===============--:...:-===
[2024-08-02T17:10:03.537+0900] {process_utils.py:191} INFO - ----------------------------------=++----------------------=+===========-::.:-======================
[2024-08-02T17:10:03.537+0900] {process_utils.py:191} INFO - =----------------------------------==-----------------------=-----==============================+=--
[2024-08-02T17:10:03.537+0900] {process_utils.py:191} INFO - %%####=----------------------------==----------------------=-::::-----======+*%#++================::
[2024-08-02T17:10:03.537+0900] {process_utils.py:191} INFO - %%%%%#=----------------------------=-:---------------------=--==--------=====*#*=================-::
[2024-08-02T17:10:03.537+0900] {process_utils.py:191} INFO - @@%%%*-----------------+***++=-----=-::-------------------:+---------=====+++====================-::
[2024-08-02T17:10:03.537+0900] {process_utils.py:191} INFO - @@%%%*---------------#%%%%##%%#=---=-+##*#+----------------=------------=====+====-=--===========-::
[2024-08-02T17:10:03.538+0900] {process_utils.py:191} INFO - @@@%%+--=+*%%%+-----+%@@%#++%%%#=--=*%+===#+::----------::=-----------=+*##*++=-----------=======-::
[2024-08-02T17:10:03.538+0900] {process_utils.py:191} INFO - +++++=-+#+***#*=-----#*++**+#@@@*--+#+**+***-:=-:---=*+-::=-----==+++*######%%%#=-------------==-:::
[2024-08-02T17:10:03.538+0900] {process_utils.py:191} INFO - *******-:::-*=-------+===+=-=+#%%:-=++++=+==-:=-:::=%%#-::###=-*#%%%%%%%%%%%%%%%%+---------------:::
[2024-08-02T17:10:03.538+0900] {process_utils.py:191} INFO - =====+=:--::+---+--+**++++*+++#%*-=--**++++-:=++=::+#*-::=%%%#*#%%%%%%%%@@%%%%@@%%#====------+#%%=-*
[2024-08-02T17:10:03.538+0900] {process_utils.py:191} INFO - =-==++---=+==*#%%%%%%=*++++++++==-=-*##*+=##**++=--++-:--*=-=*#%%%@%###*###*+++*%%%*=============-#%
[2024-08-02T17:10:03.538+0900] {process_utils.py:191} INFO - +-=------=*%%%%@%@@@@***=+*#+*##*#%%@@**++%@%%%%*+=--=-=+-:--:#%@@%#*****###*+---+*++#**===---=++*%@
[2024-08-02T17:10:03.538+0900] {process_utils.py:191} INFO - --==-::-*%%%@@@@@@@%#*=-+++%@%##%%@@@@@%#%@@@%%@%%%*=--=#%####-%@%%####++++++=---==++*####*+++*%@%@@
[2024-08-02T17:10:03.538+0900] {process_utils.py:191} INFO - -=*+=-=#@@@@@@@@@#*+++++*@@@@@@@@@@@@@@@@@@@@@@@@@@@#+==-+*+#=:-+#%##**==++**+++=====+*###*+**#@%##%
[2024-08-02T17:10:03.539+0900] {process_utils.py:191} INFO - -=++-+%%@%@@@@%+=-++***#@@@@@@@@@@@@%:+@@*%+=%@@@@@@%%#%%#*=+--:-=#++**%#*+=+++++===+**####=*%%%%%%%
[2024-08-02T17:10:03.539+0900] {process_utils.py:191} INFO - -=++#%%####+-:---=*%%@@%#######**++++=+++++++++%%=+%@@%##*+==-=++=+*****##*===+++++==*#####*+#%%##%%
[2024-08-02T17:10:03.539+0900] {process_utils.py:191} INFO - -=*+=---==+=-::::-*@@@%+=======++++++++++++++*#%#**%%%*==-+*=--+==*****#**+=====+++++=***+++=+==::::
[2024-08-02T17:10:03.539+0900] {process_utils.py:191} INFO - =#*=++++++*###**==*@@@%=======++++++++*@@@@@@@@%%#####-:=+----==******##****+++++***==-=+=:::.::::::
[2024-08-02T17:10:03.539+0900] {process_utils.py:191} INFO - #%*+*++++**##*###*+#@@#=========++++==*%%%%%%%%######*=-----==+*********##########*+====::::::::::::
[2024-08-02T17:10:03.539+0900] {process_utils.py:191} INFO - ++++*#%%@%*##*##***%@@*===============+%##%%######%%%%*==-===+*********+=+*#######*++++-:::--::-----
[2024-08-02T17:10:03.539+0900] {process_utils.py:191} INFO - ===+*#%@@%*##**#**+=--================+%%#%%###%#%%%%%#======*#######*-:-++*####*****++:------------
[2024-08-02T17:10:03.540+0900] {process_utils.py:191} INFO - =+=------=##**##**+=--================+%%#%%###%%#%%%%%+=====+###**++==----:-*####****=------==-====
[2024-08-02T17:10:03.540+0900] {process_utils.py:191} INFO - 
[2024-08-02T17:10:03.573+0900] {python.py:237} INFO - Done. Returned value was: None
[2024-08-02T17:10:03.573+0900] {taskinstance.py:441} INFO - ::group::Post task execution logs
[2024-08-02T17:10:03.578+0900] {taskinstance.py:1206} INFO - Marking task as SUCCESS. dag_id=movie, task_id=get.data, run_id=scheduled__2017-01-02T05:54:00+00:00, execution_date=20170102T055400, start_date=20240802T080956, end_date=20240802T081003
[2024-08-02T17:10:03.637+0900] {local_task_job_runner.py:243} INFO - Task exited with return code 0
[2024-08-02T17:10:03.653+0900] {taskinstance.py:3503} INFO - 0 downstream tasks scheduled from follow-on schedule check
[2024-08-02T17:10:03.653+0900] {local_task_job_runner.py:222} INFO - ::endgroup::
