[2024-08-02T17:03:54.774+0900] {local_task_job_runner.py:120} INFO - ::group::Pre task execution logs
[2024-08-02T17:03:54.799+0900] {taskinstance.py:2076} INFO - Dependencies all met for dep_context=non-requeueable deps ti=<TaskInstance: movie.get.data scheduled__2017-01-02T05:23:00+00:00 [queued]>
[2024-08-02T17:03:54.804+0900] {taskinstance.py:2076} INFO - Dependencies all met for dep_context=requeueable deps ti=<TaskInstance: movie.get.data scheduled__2017-01-02T05:23:00+00:00 [queued]>
[2024-08-02T17:03:54.804+0900] {taskinstance.py:2306} INFO - Starting attempt 1 of 3
[2024-08-02T17:03:54.821+0900] {taskinstance.py:2330} INFO - Executing <Task(PythonVirtualenvOperator): get.data> on 2017-01-02 05:23:00+00:00
[2024-08-02T17:03:54.824+0900] {standard_task_runner.py:64} INFO - Started process 152789 to run task
[2024-08-02T17:03:54.828+0900] {standard_task_runner.py:90} INFO - Running: ['airflow', 'tasks', 'run', 'movie', 'get.data', 'scheduled__2017-01-02T05:23:00+00:00', '--job-id', '94', '--raw', '--subdir', 'DAGS_FOLDER/movie.py', '--cfg-path', '/tmp/tmpzwg24zjt']
[2024-08-02T17:03:54.830+0900] {standard_task_runner.py:91} INFO - Job 94: Subtask get.data
[2024-08-02T17:03:54.878+0900] {task_command.py:426} INFO - Running <TaskInstance: movie.get.data scheduled__2017-01-02T05:23:00+00:00 [running]> on host playdata.
[2024-08-02T17:03:54.955+0900] {taskinstance.py:2648} INFO - Exporting env vars: AIRFLOW_CTX_DAG_OWNER='airflow' AIRFLOW_CTX_DAG_ID='movie' AIRFLOW_CTX_TASK_ID='get.data' AIRFLOW_CTX_EXECUTION_DATE='2017-01-02T05:23:00+00:00' AIRFLOW_CTX_TRY_NUMBER='1' AIRFLOW_CTX_DAG_RUN_ID='scheduled__2017-01-02T05:23:00+00:00'
[2024-08-02T17:03:54.956+0900] {taskinstance.py:430} INFO - ::endgroup::
[2024-08-02T17:03:54.966+0900] {baseoperator.py:400} WARNING - PythonVirtualenvOperator.execute cannot be called outside TaskInstance!
[2024-08-02T17:03:54.967+0900] {process_utils.py:183} INFO - Executing cmd: /home/oddsummer/.pyenv/versions/3.11.9/envs/air/bin/python -m virtualenv /tmp/venvxde5nxl2 --python=python
[2024-08-02T17:03:54.968+0900] {process_utils.py:187} INFO - Output:
[2024-08-02T17:03:55.379+0900] {process_utils.py:191} INFO - created virtual environment CPython3.11.9.final.0-64 in 304ms
[2024-08-02T17:03:55.379+0900] {process_utils.py:191} INFO -   creator CPython3Posix(dest=/tmp/venvxde5nxl2, clear=False, no_vcs_ignore=False, global=False)
[2024-08-02T17:03:55.380+0900] {process_utils.py:191} INFO -   seeder FromAppData(download=False, pip=bundle, setuptools=bundle, wheel=bundle, via=copy, app_data_dir=/home/oddsummer/.local/share/virtualenv)
[2024-08-02T17:03:55.380+0900] {process_utils.py:191} INFO -     added seed packages: pip==24.1.2, setuptools==70.2.0, wheel==0.43.0
[2024-08-02T17:03:55.380+0900] {process_utils.py:191} INFO -   activators BashActivator,CShellActivator,FishActivator,NushellActivator,PowerShellActivator,PythonActivator
[2024-08-02T17:03:55.404+0900] {process_utils.py:183} INFO - Executing cmd: /tmp/venvxde5nxl2/bin/pip install -r /tmp/venvxde5nxl2/requirements.txt
[2024-08-02T17:03:55.405+0900] {process_utils.py:187} INFO - Output:
[2024-08-02T17:03:56.357+0900] {process_utils.py:191} INFO - Collecting git+https://github.com/7-TRG/extract_trg.git@main (from -r /tmp/venvxde5nxl2/requirements.txt (line 1))
[2024-08-02T17:03:56.358+0900] {process_utils.py:191} INFO -   Cloning https://github.com/7-TRG/extract_trg.git (to revision main) to /tmp/pip-req-build-xsu0o2wc
[2024-08-02T17:03:56.361+0900] {process_utils.py:191} INFO -   Running command git clone --filter=blob:none --quiet https://github.com/7-TRG/extract_trg.git /tmp/pip-req-build-xsu0o2wc
[2024-08-02T17:03:58.085+0900] {process_utils.py:191} INFO -   Resolved https://github.com/7-TRG/extract_trg.git to commit 0712b3f1bbaeeeea58bf80749079a62c7e1bec3d
[2024-08-02T17:03:58.092+0900] {process_utils.py:191} INFO -   Installing build dependencies: started
[2024-08-02T17:04:00.045+0900] {process_utils.py:191} INFO -   Installing build dependencies: finished with status 'done'
[2024-08-02T17:04:00.047+0900] {process_utils.py:191} INFO -   Getting requirements to build wheel: started
[2024-08-02T17:04:00.307+0900] {process_utils.py:191} INFO -   Getting requirements to build wheel: finished with status 'done'
[2024-08-02T17:04:00.309+0900] {process_utils.py:191} INFO -   Preparing metadata (pyproject.toml): started
[2024-08-02T17:04:00.574+0900] {process_utils.py:191} INFO -   Preparing metadata (pyproject.toml): finished with status 'done'
[2024-08-02T17:04:00.577+0900] {process_utils.py:191} INFO - Building wheels for collected packages: extract_trg
[2024-08-02T17:04:00.581+0900] {process_utils.py:191} INFO -   Building wheel for extract_trg (pyproject.toml): started
[2024-08-02T17:04:00.840+0900] {process_utils.py:191} INFO -   Building wheel for extract_trg (pyproject.toml): finished with status 'done'
[2024-08-02T17:04:00.841+0900] {process_utils.py:191} INFO -   Created wheel for extract_trg: filename=extract_trg-0.1.0-py3-none-any.whl size=2219 sha256=812e71e104811671e27b6db0f4261900d903a5d982213a42f1393c1bb32df7a0
[2024-08-02T17:04:00.841+0900] {process_utils.py:191} INFO -   Stored in directory: /tmp/pip-ephem-wheel-cache-mcjw5r8a/wheels/21/97/ea/e27bc4298590f1b8a2b9c46b60aefbe2e3076cf05f6bd5e464
[2024-08-02T17:04:00.844+0900] {process_utils.py:191} INFO - Successfully built extract_trg
[2024-08-02T17:04:00.853+0900] {process_utils.py:191} INFO - Installing collected packages: extract_trg
[2024-08-02T17:04:00.878+0900] {process_utils.py:191} INFO - Successfully installed extract_trg-0.1.0
[2024-08-02T17:04:00.884+0900] {process_utils.py:191} INFO - 
[2024-08-02T17:04:00.884+0900] {process_utils.py:191} INFO - [notice] A new release of pip is available: 24.1.2 -> 24.2
[2024-08-02T17:04:00.884+0900] {process_utils.py:191} INFO - [notice] To update, run: python -m pip install --upgrade pip
[2024-08-02T17:04:00.983+0900] {process_utils.py:183} INFO - Executing cmd: /tmp/venvxde5nxl2/bin/python /tmp/venv-calljb58y207/script.py /tmp/venv-calljb58y207/script.in /tmp/venv-calljb58y207/script.out /tmp/venv-calljb58y207/string_args.txt /tmp/venv-calljb58y207/termination.log
[2024-08-02T17:04:00.984+0900] {process_utils.py:187} INFO - Output:
[2024-08-02T17:04:01.004+0900] {process_utils.py:191} INFO - 
[2024-08-02T17:04:01.004+0900] {process_utils.py:191} INFO - ---------------======---::::::------+--=======++++++++++===--:...::-=--==============--:.....:-=====
[2024-08-02T17:04:01.004+0900] {process_utils.py:191} INFO - ----::---------------------===--::--+-----=============++++++===---:....--===============--:...:-===
[2024-08-02T17:04:01.004+0900] {process_utils.py:191} INFO - ----------------------------------=++----------------------=+===========-::.:-======================
[2024-08-02T17:04:01.004+0900] {process_utils.py:191} INFO - =----------------------------------==-----------------------=-----==============================+=--
[2024-08-02T17:04:01.005+0900] {process_utils.py:191} INFO - %%####=----------------------------==----------------------=-::::-----======+*%#++================::
[2024-08-02T17:04:01.005+0900] {process_utils.py:191} INFO - %%%%%#=----------------------------=-:---------------------=--==--------=====*#*=================-::
[2024-08-02T17:04:01.005+0900] {process_utils.py:191} INFO - @@%%%*-----------------+***++=-----=-::-------------------:+---------=====+++====================-::
[2024-08-02T17:04:01.005+0900] {process_utils.py:191} INFO - @@%%%*---------------#%%%%##%%#=---=-+##*#+----------------=------------=====+====-=--===========-::
[2024-08-02T17:04:01.005+0900] {process_utils.py:191} INFO - @@@%%+--=+*%%%+-----+%@@%#++%%%#=--=*%+===#+::----------::=-----------=+*##*++=-----------=======-::
[2024-08-02T17:04:01.005+0900] {process_utils.py:191} INFO - +++++=-+#+***#*=-----#*++**+#@@@*--+#+**+***-:=-:---=*+-::=-----==+++*######%%%#=-------------==-:::
[2024-08-02T17:04:01.005+0900] {process_utils.py:191} INFO - *******-:::-*=-------+===+=-=+#%%:-=++++=+==-:=-:::=%%#-::###=-*#%%%%%%%%%%%%%%%%+---------------:::
[2024-08-02T17:04:01.005+0900] {process_utils.py:191} INFO - =====+=:--::+---+--+**++++*+++#%*-=--**++++-:=++=::+#*-::=%%%#*#%%%%%%%%@@%%%%@@%%#====------+#%%=-*
[2024-08-02T17:04:01.006+0900] {process_utils.py:191} INFO - =-==++---=+==*#%%%%%%=*++++++++==-=-*##*+=##**++=--++-:--*=-=*#%%%@%###*###*+++*%%%*=============-#%
[2024-08-02T17:04:01.006+0900] {process_utils.py:191} INFO - +-=------=*%%%%@%@@@@***=+*#+*##*#%%@@**++%@%%%%*+=--=-=+-:--:#%@@%#*****###*+---+*++#**===---=++*%@
[2024-08-02T17:04:01.006+0900] {process_utils.py:191} INFO - --==-::-*%%%@@@@@@@%#*=-+++%@%##%%@@@@@%#%@@@%%@%%%*=--=#%####-%@%%####++++++=---==++*####*+++*%@%@@
[2024-08-02T17:04:01.006+0900] {process_utils.py:191} INFO - -=*+=-=#@@@@@@@@@#*+++++*@@@@@@@@@@@@@@@@@@@@@@@@@@@#+==-+*+#=:-+#%##**==++**+++=====+*###*+**#@%##%
[2024-08-02T17:04:01.006+0900] {process_utils.py:191} INFO - -=++-+%%@%@@@@%+=-++***#@@@@@@@@@@@@%:+@@*%+=%@@@@@@%%#%%#*=+--:-=#++**%#*+=+++++===+**####=*%%%%%%%
[2024-08-02T17:04:01.006+0900] {process_utils.py:191} INFO - -=++#%%####+-:---=*%%@@%#######**++++=+++++++++%%=+%@@%##*+==-=++=+*****##*===+++++==*#####*+#%%##%%
[2024-08-02T17:04:01.007+0900] {process_utils.py:191} INFO - -=*+=---==+=-::::-*@@@%+=======++++++++++++++*#%#**%%%*==-+*=--+==*****#**+=====+++++=***+++=+==::::
[2024-08-02T17:04:01.007+0900] {process_utils.py:191} INFO - =#*=++++++*###**==*@@@%=======++++++++*@@@@@@@@%%#####-:=+----==******##****+++++***==-=+=:::.::::::
[2024-08-02T17:04:01.007+0900] {process_utils.py:191} INFO - #%*+*++++**##*###*+#@@#=========++++==*%%%%%%%%######*=-----==+*********##########*+====::::::::::::
[2024-08-02T17:04:01.007+0900] {process_utils.py:191} INFO - ++++*#%%@%*##*##***%@@*===============+%##%%######%%%%*==-===+*********+=+*#######*++++-:::--::-----
[2024-08-02T17:04:01.007+0900] {process_utils.py:191} INFO - ===+*#%@@%*##**#**+=--================+%%#%%###%#%%%%%#======*#######*-:-++*####*****++:------------
[2024-08-02T17:04:01.007+0900] {process_utils.py:191} INFO - =+=------=##**##**+=--================+%%#%%###%%#%%%%%+=====+###**++==----:-*####****=------==-====
[2024-08-02T17:04:01.007+0900] {process_utils.py:191} INFO - 
[2024-08-02T17:04:01.029+0900] {python.py:237} INFO - Done. Returned value was: None
[2024-08-02T17:04:01.029+0900] {taskinstance.py:441} INFO - ::group::Post task execution logs
[2024-08-02T17:04:01.033+0900] {taskinstance.py:1206} INFO - Marking task as SUCCESS. dag_id=movie, task_id=get.data, run_id=scheduled__2017-01-02T05:23:00+00:00, execution_date=20170102T052300, start_date=20240802T080354, end_date=20240802T080401
[2024-08-02T17:04:01.114+0900] {local_task_job_runner.py:243} INFO - Task exited with return code 0
[2024-08-02T17:04:01.128+0900] {taskinstance.py:3503} INFO - 0 downstream tasks scheduled from follow-on schedule check
[2024-08-02T17:04:01.128+0900] {local_task_job_runner.py:222} INFO - ::endgroup::
