[2024-08-02T17:29:25.025+0900] {local_task_job_runner.py:120} INFO - ::group::Pre task execution logs
[2024-08-02T17:29:25.057+0900] {taskinstance.py:2076} INFO - Dependencies all met for dep_context=non-requeueable deps ti=<TaskInstance: movie.get.data scheduled__2017-01-04T05:33:00+00:00 [queued]>
[2024-08-02T17:29:25.066+0900] {taskinstance.py:2076} INFO - Dependencies all met for dep_context=requeueable deps ti=<TaskInstance: movie.get.data scheduled__2017-01-04T05:33:00+00:00 [queued]>
[2024-08-02T17:29:25.067+0900] {taskinstance.py:2306} INFO - Starting attempt 1 of 3
[2024-08-02T17:29:25.088+0900] {taskinstance.py:2330} INFO - Executing <Task(PythonVirtualenvOperator): get.data> on 2017-01-04 05:33:00+00:00
[2024-08-02T17:29:25.091+0900] {standard_task_runner.py:64} INFO - Started process 165337 to run task
[2024-08-02T17:29:25.094+0900] {standard_task_runner.py:90} INFO - Running: ['airflow', 'tasks', 'run', 'movie', 'get.data', 'scheduled__2017-01-04T05:33:00+00:00', '--job-id', '224', '--raw', '--subdir', 'DAGS_FOLDER/movie.py', '--cfg-path', '/tmp/tmp5wbv31wc']
[2024-08-02T17:29:25.096+0900] {standard_task_runner.py:91} INFO - Job 224: Subtask get.data
[2024-08-02T17:29:25.139+0900] {task_command.py:426} INFO - Running <TaskInstance: movie.get.data scheduled__2017-01-04T05:33:00+00:00 [running]> on host playdata.
[2024-08-02T17:29:25.223+0900] {taskinstance.py:2648} INFO - Exporting env vars: AIRFLOW_CTX_DAG_OWNER='airflow' AIRFLOW_CTX_DAG_ID='movie' AIRFLOW_CTX_TASK_ID='get.data' AIRFLOW_CTX_EXECUTION_DATE='2017-01-04T05:33:00+00:00' AIRFLOW_CTX_TRY_NUMBER='1' AIRFLOW_CTX_DAG_RUN_ID='scheduled__2017-01-04T05:33:00+00:00'
[2024-08-02T17:29:25.223+0900] {taskinstance.py:430} INFO - ::endgroup::
[2024-08-02T17:29:25.234+0900] {baseoperator.py:400} WARNING - PythonVirtualenvOperator.execute cannot be called outside TaskInstance!
[2024-08-02T17:29:25.235+0900] {process_utils.py:183} INFO - Executing cmd: /home/oddsummer/.pyenv/versions/3.11.9/envs/air/bin/python -m virtualenv /tmp/venvsf3jj33e --python=python
[2024-08-02T17:29:25.236+0900] {process_utils.py:187} INFO - Output:
[2024-08-02T17:29:25.582+0900] {process_utils.py:191} INFO - created virtual environment CPython3.11.9.final.0-64 in 240ms
[2024-08-02T17:29:25.582+0900] {process_utils.py:191} INFO -   creator CPython3Posix(dest=/tmp/venvsf3jj33e, clear=False, no_vcs_ignore=False, global=False)
[2024-08-02T17:29:25.582+0900] {process_utils.py:191} INFO -   seeder FromAppData(download=False, pip=bundle, setuptools=bundle, wheel=bundle, via=copy, app_data_dir=/home/oddsummer/.local/share/virtualenv)
[2024-08-02T17:29:25.583+0900] {process_utils.py:191} INFO -     added seed packages: pip==24.1.2, setuptools==70.2.0, wheel==0.43.0
[2024-08-02T17:29:25.583+0900] {process_utils.py:191} INFO -   activators BashActivator,CShellActivator,FishActivator,NushellActivator,PowerShellActivator,PythonActivator
[2024-08-02T17:29:25.607+0900] {process_utils.py:183} INFO - Executing cmd: /tmp/venvsf3jj33e/bin/pip install -r /tmp/venvsf3jj33e/requirements.txt
[2024-08-02T17:29:25.607+0900] {process_utils.py:187} INFO - Output:
[2024-08-02T17:29:26.625+0900] {process_utils.py:191} INFO - Collecting git+https://github.com/7-TRG/extract_trg.git@main (from -r /tmp/venvsf3jj33e/requirements.txt (line 1))
[2024-08-02T17:29:26.625+0900] {process_utils.py:191} INFO -   Cloning https://github.com/7-TRG/extract_trg.git (to revision main) to /tmp/pip-req-build-k3ku8mpb
[2024-08-02T17:29:26.628+0900] {process_utils.py:191} INFO -   Running command git clone --filter=blob:none --quiet https://github.com/7-TRG/extract_trg.git /tmp/pip-req-build-k3ku8mpb
[2024-08-02T17:29:28.367+0900] {process_utils.py:191} INFO -   Resolved https://github.com/7-TRG/extract_trg.git to commit 0712b3f1bbaeeeea58bf80749079a62c7e1bec3d
[2024-08-02T17:29:28.373+0900] {process_utils.py:191} INFO -   Installing build dependencies: started
[2024-08-02T17:29:30.616+0900] {process_utils.py:191} INFO -   Installing build dependencies: finished with status 'done'
[2024-08-02T17:29:30.617+0900] {process_utils.py:191} INFO -   Getting requirements to build wheel: started
[2024-08-02T17:29:30.858+0900] {process_utils.py:191} INFO -   Getting requirements to build wheel: finished with status 'done'
[2024-08-02T17:29:30.860+0900] {process_utils.py:191} INFO -   Preparing metadata (pyproject.toml): started
[2024-08-02T17:29:31.156+0900] {process_utils.py:191} INFO -   Preparing metadata (pyproject.toml): finished with status 'done'
[2024-08-02T17:29:31.158+0900] {process_utils.py:191} INFO - Building wheels for collected packages: extract_trg
[2024-08-02T17:29:31.163+0900] {process_utils.py:191} INFO -   Building wheel for extract_trg (pyproject.toml): started
[2024-08-02T17:29:31.504+0900] {process_utils.py:191} INFO -   Building wheel for extract_trg (pyproject.toml): finished with status 'done'
[2024-08-02T17:29:31.505+0900] {process_utils.py:191} INFO -   Created wheel for extract_trg: filename=extract_trg-0.1.0-py3-none-any.whl size=2219 sha256=fdcec7b7ec721b51d4ea45a034a922289a7349185ee1740ffd2ead2992ad55ce
[2024-08-02T17:29:31.505+0900] {process_utils.py:191} INFO -   Stored in directory: /tmp/pip-ephem-wheel-cache-z94bxivg/wheels/21/97/ea/e27bc4298590f1b8a2b9c46b60aefbe2e3076cf05f6bd5e464
[2024-08-02T17:29:31.507+0900] {process_utils.py:191} INFO - Successfully built extract_trg
[2024-08-02T17:29:31.517+0900] {process_utils.py:191} INFO - Installing collected packages: extract_trg
[2024-08-02T17:29:31.539+0900] {process_utils.py:191} INFO - Successfully installed extract_trg-0.1.0
[2024-08-02T17:29:31.545+0900] {process_utils.py:191} INFO - 
[2024-08-02T17:29:31.545+0900] {process_utils.py:191} INFO - [notice] A new release of pip is available: 24.1.2 -> 24.2
[2024-08-02T17:29:31.546+0900] {process_utils.py:191} INFO - [notice] To update, run: python -m pip install --upgrade pip
[2024-08-02T17:29:31.702+0900] {process_utils.py:183} INFO - Executing cmd: /tmp/venvsf3jj33e/bin/python /tmp/venv-call6dr52o7o/script.py /tmp/venv-call6dr52o7o/script.in /tmp/venv-call6dr52o7o/script.out /tmp/venv-call6dr52o7o/string_args.txt /tmp/venv-call6dr52o7o/termination.log
[2024-08-02T17:29:31.704+0900] {process_utils.py:187} INFO - Output:
[2024-08-02T17:29:31.750+0900] {process_utils.py:191} INFO - 
[2024-08-02T17:29:31.751+0900] {process_utils.py:191} INFO - ---------------======---::::::------+--=======++++++++++===--:...::-=--==============--:.....:-=====
[2024-08-02T17:29:31.751+0900] {process_utils.py:191} INFO - ----::---------------------===--::--+-----=============++++++===---:....--===============--:...:-===
[2024-08-02T17:29:31.751+0900] {process_utils.py:191} INFO - ----------------------------------=++----------------------=+===========-::.:-======================
[2024-08-02T17:29:31.751+0900] {process_utils.py:191} INFO - =----------------------------------==-----------------------=-----==============================+=--
[2024-08-02T17:29:31.751+0900] {process_utils.py:191} INFO - %%####=----------------------------==----------------------=-::::-----======+*%#++================::
[2024-08-02T17:29:31.752+0900] {process_utils.py:191} INFO - %%%%%#=----------------------------=-:---------------------=--==--------=====*#*=================-::
[2024-08-02T17:29:31.752+0900] {process_utils.py:191} INFO - @@%%%*-----------------+***++=-----=-::-------------------:+---------=====+++====================-::
[2024-08-02T17:29:31.752+0900] {process_utils.py:191} INFO - @@%%%*---------------#%%%%##%%#=---=-+##*#+----------------=------------=====+====-=--===========-::
[2024-08-02T17:29:31.752+0900] {process_utils.py:191} INFO - @@@%%+--=+*%%%+-----+%@@%#++%%%#=--=*%+===#+::----------::=-----------=+*##*++=-----------=======-::
[2024-08-02T17:29:31.752+0900] {process_utils.py:191} INFO - +++++=-+#+***#*=-----#*++**+#@@@*--+#+**+***-:=-:---=*+-::=-----==+++*######%%%#=-------------==-:::
[2024-08-02T17:29:31.752+0900] {process_utils.py:191} INFO - *******-:::-*=-------+===+=-=+#%%:-=++++=+==-:=-:::=%%#-::###=-*#%%%%%%%%%%%%%%%%+---------------:::
[2024-08-02T17:29:31.753+0900] {process_utils.py:191} INFO - =====+=:--::+---+--+**++++*+++#%*-=--**++++-:=++=::+#*-::=%%%#*#%%%%%%%%@@%%%%@@%%#====------+#%%=-*
[2024-08-02T17:29:31.753+0900] {process_utils.py:191} INFO - =-==++---=+==*#%%%%%%=*++++++++==-=-*##*+=##**++=--++-:--*=-=*#%%%@%###*###*+++*%%%*=============-#%
[2024-08-02T17:29:31.753+0900] {process_utils.py:191} INFO - +-=------=*%%%%@%@@@@***=+*#+*##*#%%@@**++%@%%%%*+=--=-=+-:--:#%@@%#*****###*+---+*++#**===---=++*%@
[2024-08-02T17:29:31.753+0900] {process_utils.py:191} INFO - --==-::-*%%%@@@@@@@%#*=-+++%@%##%%@@@@@%#%@@@%%@%%%*=--=#%####-%@%%####++++++=---==++*####*+++*%@%@@
[2024-08-02T17:29:31.753+0900] {process_utils.py:191} INFO - -=*+=-=#@@@@@@@@@#*+++++*@@@@@@@@@@@@@@@@@@@@@@@@@@@#+==-+*+#=:-+#%##**==++**+++=====+*###*+**#@%##%
[2024-08-02T17:29:31.753+0900] {process_utils.py:191} INFO - -=++-+%%@%@@@@%+=-++***#@@@@@@@@@@@@%:+@@*%+=%@@@@@@%%#%%#*=+--:-=#++**%#*+=+++++===+**####=*%%%%%%%
[2024-08-02T17:29:31.754+0900] {process_utils.py:191} INFO - -=++#%%####+-:---=*%%@@%#######**++++=+++++++++%%=+%@@%##*+==-=++=+*****##*===+++++==*#####*+#%%##%%
[2024-08-02T17:29:31.754+0900] {process_utils.py:191} INFO - -=*+=---==+=-::::-*@@@%+=======++++++++++++++*#%#**%%%*==-+*=--+==*****#**+=====+++++=***+++=+==::::
[2024-08-02T17:29:31.754+0900] {process_utils.py:191} INFO - =#*=++++++*###**==*@@@%=======++++++++*@@@@@@@@%%#####-:=+----==******##****+++++***==-=+=:::.::::::
[2024-08-02T17:29:31.754+0900] {process_utils.py:191} INFO - #%*+*++++**##*###*+#@@#=========++++==*%%%%%%%%######*=-----==+*********##########*+====::::::::::::
[2024-08-02T17:29:31.754+0900] {process_utils.py:191} INFO - ++++*#%%@%*##*##***%@@*===============+%##%%######%%%%*==-===+*********+=+*#######*++++-:::--::-----
[2024-08-02T17:29:31.754+0900] {process_utils.py:191} INFO - ===+*#%@@%*##**#**+=--================+%%#%%###%#%%%%%#======*#######*-:-++*####*****++:------------
[2024-08-02T17:29:31.755+0900] {process_utils.py:191} INFO - =+=------=##**##**+=--================+%%#%%###%%#%%%%%+=====+###**++==----:-*####****=------==-====
[2024-08-02T17:29:31.755+0900] {process_utils.py:191} INFO - 
[2024-08-02T17:29:31.796+0900] {python.py:237} INFO - Done. Returned value was: None
[2024-08-02T17:29:31.796+0900] {taskinstance.py:441} INFO - ::group::Post task execution logs
[2024-08-02T17:29:31.810+0900] {taskinstance.py:1206} INFO - Marking task as SUCCESS. dag_id=movie, task_id=get.data, run_id=scheduled__2017-01-04T05:33:00+00:00, execution_date=20170104T053300, start_date=20240802T082925, end_date=20240802T082931
[2024-08-02T17:29:31.881+0900] {local_task_job_runner.py:243} INFO - Task exited with return code 0
[2024-08-02T17:29:31.908+0900] {taskinstance.py:3503} INFO - 0 downstream tasks scheduled from follow-on schedule check
[2024-08-02T17:29:31.909+0900] {local_task_job_runner.py:222} INFO - ::endgroup::
