[2024-08-02T17:40:42.873+0900] {local_task_job_runner.py:120} INFO - ::group::Pre task execution logs
[2024-08-02T17:40:42.894+0900] {taskinstance.py:2076} INFO - Dependencies all met for dep_context=non-requeueable deps ti=<TaskInstance: movie.transform scheduled__2017-01-05T05:14:00+00:00 [queued]>
[2024-08-02T17:40:42.901+0900] {taskinstance.py:2076} INFO - Dependencies all met for dep_context=requeueable deps ti=<TaskInstance: movie.transform scheduled__2017-01-05T05:14:00+00:00 [queued]>
[2024-08-02T17:40:42.901+0900] {taskinstance.py:2306} INFO - Starting attempt 1 of 3
[2024-08-02T17:40:42.916+0900] {taskinstance.py:2330} INFO - Executing <Task(PythonVirtualenvOperator): transform> on 2017-01-05 05:14:00+00:00
[2024-08-02T17:40:42.920+0900] {standard_task_runner.py:64} INFO - Started process 173269 to run task
[2024-08-02T17:40:42.924+0900] {standard_task_runner.py:90} INFO - Running: ['airflow', 'tasks', 'run', 'movie', 'transform', 'scheduled__2017-01-05T05:14:00+00:00', '--job-id', '289', '--raw', '--subdir', 'DAGS_FOLDER/movie.py', '--cfg-path', '/tmp/tmpy8hfapx5']
[2024-08-02T17:40:42.927+0900] {standard_task_runner.py:91} INFO - Job 289: Subtask transform
[2024-08-02T17:40:42.965+0900] {task_command.py:426} INFO - Running <TaskInstance: movie.transform scheduled__2017-01-05T05:14:00+00:00 [running]> on host playdata.
[2024-08-02T17:40:43.036+0900] {taskinstance.py:2648} INFO - Exporting env vars: AIRFLOW_CTX_DAG_OWNER='airflow' AIRFLOW_CTX_DAG_ID='movie' AIRFLOW_CTX_TASK_ID='transform' AIRFLOW_CTX_EXECUTION_DATE='2017-01-05T05:14:00+00:00' AIRFLOW_CTX_TRY_NUMBER='1' AIRFLOW_CTX_DAG_RUN_ID='scheduled__2017-01-05T05:14:00+00:00'
[2024-08-02T17:40:43.036+0900] {taskinstance.py:430} INFO - ::endgroup::
[2024-08-02T17:40:43.046+0900] {baseoperator.py:400} WARNING - PythonVirtualenvOperator.execute cannot be called outside TaskInstance!
[2024-08-02T17:40:43.047+0900] {process_utils.py:183} INFO - Executing cmd: /home/oddsummer/.pyenv/versions/3.11.9/envs/air/bin/python -m virtualenv /tmp/venv9varfq0k --python=python
[2024-08-02T17:40:43.048+0900] {process_utils.py:187} INFO - Output:
[2024-08-02T17:40:43.518+0900] {process_utils.py:191} INFO - created virtual environment CPython3.11.9.final.0-64 in 361ms
[2024-08-02T17:40:43.519+0900] {process_utils.py:191} INFO -   creator CPython3Posix(dest=/tmp/venv9varfq0k, clear=False, no_vcs_ignore=False, global=False)
[2024-08-02T17:40:43.519+0900] {process_utils.py:191} INFO -   seeder FromAppData(download=False, pip=bundle, setuptools=bundle, wheel=bundle, via=copy, app_data_dir=/home/oddsummer/.local/share/virtualenv)
[2024-08-02T17:40:43.519+0900] {process_utils.py:191} INFO -     added seed packages: pip==24.1.2, setuptools==70.2.0, wheel==0.43.0
[2024-08-02T17:40:43.519+0900] {process_utils.py:191} INFO -   activators BashActivator,CShellActivator,FishActivator,NushellActivator,PowerShellActivator,PythonActivator
[2024-08-02T17:40:43.543+0900] {process_utils.py:183} INFO - Executing cmd: /tmp/venv9varfq0k/bin/pip install -r /tmp/venv9varfq0k/requirements.txt
[2024-08-02T17:40:43.544+0900] {process_utils.py:187} INFO - Output:
[2024-08-02T17:40:44.489+0900] {process_utils.py:191} INFO - Collecting git+https://github.com/7-TRG/transform_trg.git@main (from -r /tmp/venv9varfq0k/requirements.txt (line 1))
[2024-08-02T17:40:44.490+0900] {process_utils.py:191} INFO -   Cloning https://github.com/7-TRG/transform_trg.git (to revision main) to /tmp/pip-req-build-96t2vlw0
[2024-08-02T17:40:44.493+0900] {process_utils.py:191} INFO -   Running command git clone --filter=blob:none --quiet https://github.com/7-TRG/transform_trg.git /tmp/pip-req-build-96t2vlw0
[2024-08-02T17:40:46.239+0900] {process_utils.py:191} INFO -   Resolved https://github.com/7-TRG/transform_trg.git to commit 789fe432a030fafcbef44ec873bc256dce822228
[2024-08-02T17:40:46.246+0900] {process_utils.py:191} INFO -   Installing build dependencies: started
[2024-08-02T17:40:48.048+0900] {process_utils.py:191} INFO -   Installing build dependencies: finished with status 'done'
[2024-08-02T17:40:48.049+0900] {process_utils.py:191} INFO -   Getting requirements to build wheel: started
[2024-08-02T17:40:48.279+0900] {process_utils.py:191} INFO -   Getting requirements to build wheel: finished with status 'done'
[2024-08-02T17:40:48.280+0900] {process_utils.py:191} INFO -   Preparing metadata (pyproject.toml): started
[2024-08-02T17:40:48.530+0900] {process_utils.py:191} INFO -   Preparing metadata (pyproject.toml): finished with status 'done'
[2024-08-02T17:40:48.533+0900] {process_utils.py:191} INFO - Building wheels for collected packages: transform_trg
[2024-08-02T17:40:48.537+0900] {process_utils.py:191} INFO -   Building wheel for transform_trg (pyproject.toml): started
[2024-08-02T17:40:48.798+0900] {process_utils.py:191} INFO -   Building wheel for transform_trg (pyproject.toml): finished with status 'done'
[2024-08-02T17:40:48.799+0900] {process_utils.py:191} INFO -   Created wheel for transform_trg: filename=transform_trg-0.1.0-py3-none-any.whl size=2244 sha256=4e5e78bbf78d28139da5ccaf800228b2c99dd19bdad6d4fd493739c7e9813fd6
[2024-08-02T17:40:48.799+0900] {process_utils.py:191} INFO -   Stored in directory: /tmp/pip-ephem-wheel-cache-xlg5dcmz/wheels/52/ed/12/e63285a730e0434716bf2b76c497e2eca12531b214fbcca988
[2024-08-02T17:40:48.801+0900] {process_utils.py:191} INFO - Successfully built transform_trg
[2024-08-02T17:40:48.810+0900] {process_utils.py:191} INFO - Installing collected packages: transform_trg
[2024-08-02T17:40:48.853+0900] {process_utils.py:191} INFO - Successfully installed transform_trg-0.1.0
[2024-08-02T17:40:48.860+0900] {process_utils.py:191} INFO - 
[2024-08-02T17:40:48.861+0900] {process_utils.py:191} INFO - [notice] A new release of pip is available: 24.1.2 -> 24.2
[2024-08-02T17:40:48.861+0900] {process_utils.py:191} INFO - [notice] To update, run: python -m pip install --upgrade pip
[2024-08-02T17:40:48.954+0900] {process_utils.py:183} INFO - Executing cmd: /tmp/venv9varfq0k/bin/python /tmp/venv-call5s9l9jrs/script.py /tmp/venv-call5s9l9jrs/script.in /tmp/venv-call5s9l9jrs/script.out /tmp/venv-call5s9l9jrs/string_args.txt /tmp/venv-call5s9l9jrs/termination.log
[2024-08-02T17:40:48.955+0900] {process_utils.py:187} INFO - Output:
[2024-08-02T17:40:48.973+0900] {process_utils.py:191} INFO - 
[2024-08-02T17:40:48.974+0900] {process_utils.py:191} INFO - ---------------======---::::::------+--=======++++++++++===--:...::-=--==============--:.....:-=====
[2024-08-02T17:40:48.974+0900] {process_utils.py:191} INFO - ----::---------------------===--::--+-----=============++++++===---:....--===============--:...:-===
[2024-08-02T17:40:48.974+0900] {process_utils.py:191} INFO - ----------------------------------=++----------------------=+===========-::.:-======================
[2024-08-02T17:40:48.974+0900] {process_utils.py:191} INFO - =----------------------------------==-----------------------=-----==============================+=--
[2024-08-02T17:40:48.974+0900] {process_utils.py:191} INFO - %%####=----------------------------==----------------------=-::::-----======+*%#++================::
[2024-08-02T17:40:48.975+0900] {process_utils.py:191} INFO - %%%%%#=----------------------------=-:---------------------=--==--------=====*#*=================-::
[2024-08-02T17:40:48.975+0900] {process_utils.py:191} INFO - @@%%%*-----------------+***++=-----=-::-------------------:+---------=====+++====================-::
[2024-08-02T17:40:48.975+0900] {process_utils.py:191} INFO - @@%%%*---------------#%%%%##%%#=---=-+##*#+----------------=------------=====+====-=--===========-::
[2024-08-02T17:40:48.975+0900] {process_utils.py:191} INFO - @@@%%+--=+*%%%+-----+%@@%#++%%%#=--=*%+===#+::----------::=-----------=+*##*++=-----------=======-::
[2024-08-02T17:40:48.975+0900] {process_utils.py:191} INFO - +++++=-+#+***#*=-----#*++**+#@@@*--+#+**+***-:=-:---=*+-::=-----==+++*######%%%#=-------------==-:::
[2024-08-02T17:40:48.976+0900] {process_utils.py:191} INFO - *******-:::-*=-------+===+=-=+#%%:-=++++=+==-:=-:::=%%#-::###=-*#%%%%%%%%%%%%%%%%+---------------:::
[2024-08-02T17:40:48.976+0900] {process_utils.py:191} INFO - =====+=:--::+---+--+**++++*+++#%*-=--**++++-:=++=::+#*-::=%%%#*#%%%%%%%%@@%%%%@@%%#====------+#%%=-*
[2024-08-02T17:40:48.976+0900] {process_utils.py:191} INFO - =-==++---=+==*#%%%%%%=*++++++++==-=-*##*+=##**++=--++-:--*=-=*#%%%@%###*###*+++*%%%*=============-#%
[2024-08-02T17:40:48.976+0900] {process_utils.py:191} INFO - +-=------=*%%%%@%@@@@***=+*#+*##*#%%@@**++%@%%%%*+=--=-=+-:--:#%@@%#*****###*+---+*++#**===---=++*%@
[2024-08-02T17:40:48.976+0900] {process_utils.py:191} INFO - --==-::-*%%%@@@@@@@%#*=-+++%@%##%%@@@@@%#%@@@%%@%%%*=--=#%####-%@%%####++++++=---==++*####*+++*%@%@@
[2024-08-02T17:40:48.976+0900] {process_utils.py:191} INFO - -=*+=-=#@@@@@@@@@#*+++++*@@@@@@@@@@@@@@@@@@@@@@@@@@@#+==-+*+#=:-+#%##**==++**+++=====+*###*+**#@%##%
[2024-08-02T17:40:48.977+0900] {process_utils.py:191} INFO - -=++-+%%@%@@@@%+=-++***#@@@@@@@@@@@@%:+@@*%+=%@@@@@@%%#%%#*=+--:-=#++**%#*+=+++++===+**####=*%%%%%%%
[2024-08-02T17:40:48.977+0900] {process_utils.py:191} INFO - -=++#%%####+-:---=*%%@@%#######**++++=+++++++++%%=+%@@%##*+==-=++=+*****##*===+++++==*#####*+#%%##%%
[2024-08-02T17:40:48.977+0900] {process_utils.py:191} INFO - -=*+=---==+=-::::-*@@@%+=======++++++++++++++*#%#**%%%*==-+*=--+==*****#**+=====+++++=***+++=+==::::
[2024-08-02T17:40:48.977+0900] {process_utils.py:191} INFO - =#*=++++++*###**==*@@@%=======++++++++*@@@@@@@@%%#####-:=+----==******##****+++++***==-=+=:::.::::::
[2024-08-02T17:40:48.977+0900] {process_utils.py:191} INFO - #%*+*++++**##*###*+#@@#=========++++==*%%%%%%%%######*=-----==+*********##########*+====::::::::::::
[2024-08-02T17:40:48.977+0900] {process_utils.py:191} INFO - ++++*#%%@%*##*##***%@@*===============+%##%%######%%%%*==-===+*********+=+*#######*++++-:::--::-----
[2024-08-02T17:40:48.977+0900] {process_utils.py:191} INFO - ===+*#%@@%*##**#**+=--================+%%#%%###%#%%%%%#======*#######*-:-++*####*****++:------------
[2024-08-02T17:40:48.978+0900] {process_utils.py:191} INFO - =+=------=##**##**+=--================+%%#%%###%%#%%%%%+=====+###**++==----:-*####****=------==-====
[2024-08-02T17:40:48.978+0900] {process_utils.py:191} INFO - 
[2024-08-02T17:40:48.999+0900] {python.py:237} INFO - Done. Returned value was: None
[2024-08-02T17:40:49.000+0900] {taskinstance.py:441} INFO - ::group::Post task execution logs
[2024-08-02T17:40:49.004+0900] {taskinstance.py:1206} INFO - Marking task as SUCCESS. dag_id=movie, task_id=transform, run_id=scheduled__2017-01-05T05:14:00+00:00, execution_date=20170105T051400, start_date=20240802T084042, end_date=20240802T084049
[2024-08-02T17:40:49.053+0900] {local_task_job_runner.py:243} INFO - Task exited with return code 0
[2024-08-02T17:40:49.070+0900] {taskinstance.py:3503} INFO - 1 downstream tasks scheduled from follow-on schedule check
[2024-08-02T17:40:49.079+0900] {local_task_job_runner.py:222} INFO - ::endgroup::
