[2024-08-02T17:04:40.363+0900] {local_task_job_runner.py:120} INFO - ::group::Pre task execution logs
[2024-08-02T17:04:40.383+0900] {taskinstance.py:2076} INFO - Dependencies all met for dep_context=non-requeueable deps ti=<TaskInstance: movie.get.data scheduled__2017-01-02T05:27:00+00:00 [queued]>
[2024-08-02T17:04:40.388+0900] {taskinstance.py:2076} INFO - Dependencies all met for dep_context=requeueable deps ti=<TaskInstance: movie.get.data scheduled__2017-01-02T05:27:00+00:00 [queued]>
[2024-08-02T17:04:40.388+0900] {taskinstance.py:2306} INFO - Starting attempt 1 of 3
[2024-08-02T17:04:40.403+0900] {taskinstance.py:2330} INFO - Executing <Task(PythonVirtualenvOperator): get.data> on 2017-01-02 05:27:00+00:00
[2024-08-02T17:04:40.406+0900] {standard_task_runner.py:64} INFO - Started process 153125 to run task
[2024-08-02T17:04:40.410+0900] {standard_task_runner.py:90} INFO - Running: ['airflow', 'tasks', 'run', 'movie', 'get.data', 'scheduled__2017-01-02T05:27:00+00:00', '--job-id', '98', '--raw', '--subdir', 'DAGS_FOLDER/movie.py', '--cfg-path', '/tmp/tmpku0u34vh']
[2024-08-02T17:04:40.413+0900] {standard_task_runner.py:91} INFO - Job 98: Subtask get.data
[2024-08-02T17:04:40.451+0900] {task_command.py:426} INFO - Running <TaskInstance: movie.get.data scheduled__2017-01-02T05:27:00+00:00 [running]> on host playdata.
[2024-08-02T17:04:40.519+0900] {taskinstance.py:2648} INFO - Exporting env vars: AIRFLOW_CTX_DAG_OWNER='airflow' AIRFLOW_CTX_DAG_ID='movie' AIRFLOW_CTX_TASK_ID='get.data' AIRFLOW_CTX_EXECUTION_DATE='2017-01-02T05:27:00+00:00' AIRFLOW_CTX_TRY_NUMBER='1' AIRFLOW_CTX_DAG_RUN_ID='scheduled__2017-01-02T05:27:00+00:00'
[2024-08-02T17:04:40.520+0900] {taskinstance.py:430} INFO - ::endgroup::
[2024-08-02T17:04:40.531+0900] {baseoperator.py:400} WARNING - PythonVirtualenvOperator.execute cannot be called outside TaskInstance!
[2024-08-02T17:04:40.532+0900] {process_utils.py:183} INFO - Executing cmd: /home/oddsummer/.pyenv/versions/3.11.9/envs/air/bin/python -m virtualenv /tmp/venvn2li245i --python=python
[2024-08-02T17:04:40.532+0900] {process_utils.py:187} INFO - Output:
[2024-08-02T17:04:40.987+0900] {process_utils.py:191} INFO - created virtual environment CPython3.11.9.final.0-64 in 348ms
[2024-08-02T17:04:40.988+0900] {process_utils.py:191} INFO -   creator CPython3Posix(dest=/tmp/venvn2li245i, clear=False, no_vcs_ignore=False, global=False)
[2024-08-02T17:04:40.988+0900] {process_utils.py:191} INFO -   seeder FromAppData(download=False, pip=bundle, setuptools=bundle, wheel=bundle, via=copy, app_data_dir=/home/oddsummer/.local/share/virtualenv)
[2024-08-02T17:04:40.988+0900] {process_utils.py:191} INFO -     added seed packages: pip==24.1.2, setuptools==70.2.0, wheel==0.43.0
[2024-08-02T17:04:40.988+0900] {process_utils.py:191} INFO -   activators BashActivator,CShellActivator,FishActivator,NushellActivator,PowerShellActivator,PythonActivator
[2024-08-02T17:04:41.010+0900] {process_utils.py:183} INFO - Executing cmd: /tmp/venvn2li245i/bin/pip install -r /tmp/venvn2li245i/requirements.txt
[2024-08-02T17:04:41.011+0900] {process_utils.py:187} INFO - Output:
[2024-08-02T17:04:41.948+0900] {process_utils.py:191} INFO - Collecting git+https://github.com/7-TRG/extract_trg.git@main (from -r /tmp/venvn2li245i/requirements.txt (line 1))
[2024-08-02T17:04:41.949+0900] {process_utils.py:191} INFO -   Cloning https://github.com/7-TRG/extract_trg.git (to revision main) to /tmp/pip-req-build-kif35f0b
[2024-08-02T17:04:41.951+0900] {process_utils.py:191} INFO -   Running command git clone --filter=blob:none --quiet https://github.com/7-TRG/extract_trg.git /tmp/pip-req-build-kif35f0b
[2024-08-02T17:04:43.645+0900] {process_utils.py:191} INFO -   Resolved https://github.com/7-TRG/extract_trg.git to commit 0712b3f1bbaeeeea58bf80749079a62c7e1bec3d
[2024-08-02T17:04:43.652+0900] {process_utils.py:191} INFO -   Installing build dependencies: started
[2024-08-02T17:04:45.843+0900] {process_utils.py:191} INFO -   Installing build dependencies: finished with status 'done'
[2024-08-02T17:04:45.844+0900] {process_utils.py:191} INFO -   Getting requirements to build wheel: started
[2024-08-02T17:04:46.083+0900] {process_utils.py:191} INFO -   Getting requirements to build wheel: finished with status 'done'
[2024-08-02T17:04:46.084+0900] {process_utils.py:191} INFO -   Preparing metadata (pyproject.toml): started
[2024-08-02T17:04:46.398+0900] {process_utils.py:191} INFO -   Preparing metadata (pyproject.toml): finished with status 'done'
[2024-08-02T17:04:46.401+0900] {process_utils.py:191} INFO - Building wheels for collected packages: extract_trg
[2024-08-02T17:04:46.405+0900] {process_utils.py:191} INFO -   Building wheel for extract_trg (pyproject.toml): started
[2024-08-02T17:04:46.736+0900] {process_utils.py:191} INFO -   Building wheel for extract_trg (pyproject.toml): finished with status 'done'
[2024-08-02T17:04:46.737+0900] {process_utils.py:191} INFO -   Created wheel for extract_trg: filename=extract_trg-0.1.0-py3-none-any.whl size=2219 sha256=962c763fc39764da649498c0f439d33c64e95774f827164c534e0246fd9a655d
[2024-08-02T17:04:46.737+0900] {process_utils.py:191} INFO -   Stored in directory: /tmp/pip-ephem-wheel-cache-oc250sat/wheels/21/97/ea/e27bc4298590f1b8a2b9c46b60aefbe2e3076cf05f6bd5e464
[2024-08-02T17:04:46.740+0900] {process_utils.py:191} INFO - Successfully built extract_trg
[2024-08-02T17:04:46.763+0900] {process_utils.py:191} INFO - Installing collected packages: extract_trg
[2024-08-02T17:04:46.789+0900] {process_utils.py:191} INFO - Successfully installed extract_trg-0.1.0
[2024-08-02T17:04:46.798+0900] {process_utils.py:191} INFO - 
[2024-08-02T17:04:46.798+0900] {process_utils.py:191} INFO - [notice] A new release of pip is available: 24.1.2 -> 24.2
[2024-08-02T17:04:46.798+0900] {process_utils.py:191} INFO - [notice] To update, run: python -m pip install --upgrade pip
[2024-08-02T17:04:46.961+0900] {process_utils.py:183} INFO - Executing cmd: /tmp/venvn2li245i/bin/python /tmp/venv-callafvwxf4l/script.py /tmp/venv-callafvwxf4l/script.in /tmp/venv-callafvwxf4l/script.out /tmp/venv-callafvwxf4l/string_args.txt /tmp/venv-callafvwxf4l/termination.log
[2024-08-02T17:04:46.963+0900] {process_utils.py:187} INFO - Output:
[2024-08-02T17:04:46.996+0900] {process_utils.py:191} INFO - 
[2024-08-02T17:04:46.997+0900] {process_utils.py:191} INFO - ---------------======---::::::------+--=======++++++++++===--:...::-=--==============--:.....:-=====
[2024-08-02T17:04:46.997+0900] {process_utils.py:191} INFO - ----::---------------------===--::--+-----=============++++++===---:....--===============--:...:-===
[2024-08-02T17:04:46.997+0900] {process_utils.py:191} INFO - ----------------------------------=++----------------------=+===========-::.:-======================
[2024-08-02T17:04:46.997+0900] {process_utils.py:191} INFO - =----------------------------------==-----------------------=-----==============================+=--
[2024-08-02T17:04:46.998+0900] {process_utils.py:191} INFO - %%####=----------------------------==----------------------=-::::-----======+*%#++================::
[2024-08-02T17:04:46.998+0900] {process_utils.py:191} INFO - %%%%%#=----------------------------=-:---------------------=--==--------=====*#*=================-::
[2024-08-02T17:04:46.998+0900] {process_utils.py:191} INFO - @@%%%*-----------------+***++=-----=-::-------------------:+---------=====+++====================-::
[2024-08-02T17:04:46.998+0900] {process_utils.py:191} INFO - @@%%%*---------------#%%%%##%%#=---=-+##*#+----------------=------------=====+====-=--===========-::
[2024-08-02T17:04:46.998+0900] {process_utils.py:191} INFO - @@@%%+--=+*%%%+-----+%@@%#++%%%#=--=*%+===#+::----------::=-----------=+*##*++=-----------=======-::
[2024-08-02T17:04:46.999+0900] {process_utils.py:191} INFO - +++++=-+#+***#*=-----#*++**+#@@@*--+#+**+***-:=-:---=*+-::=-----==+++*######%%%#=-------------==-:::
[2024-08-02T17:04:46.999+0900] {process_utils.py:191} INFO - *******-:::-*=-------+===+=-=+#%%:-=++++=+==-:=-:::=%%#-::###=-*#%%%%%%%%%%%%%%%%+---------------:::
[2024-08-02T17:04:46.999+0900] {process_utils.py:191} INFO - =====+=:--::+---+--+**++++*+++#%*-=--**++++-:=++=::+#*-::=%%%#*#%%%%%%%%@@%%%%@@%%#====------+#%%=-*
[2024-08-02T17:04:46.999+0900] {process_utils.py:191} INFO - =-==++---=+==*#%%%%%%=*++++++++==-=-*##*+=##**++=--++-:--*=-=*#%%%@%###*###*+++*%%%*=============-#%
[2024-08-02T17:04:46.999+0900] {process_utils.py:191} INFO - +-=------=*%%%%@%@@@@***=+*#+*##*#%%@@**++%@%%%%*+=--=-=+-:--:#%@@%#*****###*+---+*++#**===---=++*%@
[2024-08-02T17:04:47.000+0900] {process_utils.py:191} INFO - --==-::-*%%%@@@@@@@%#*=-+++%@%##%%@@@@@%#%@@@%%@%%%*=--=#%####-%@%%####++++++=---==++*####*+++*%@%@@
[2024-08-02T17:04:47.000+0900] {process_utils.py:191} INFO - -=*+=-=#@@@@@@@@@#*+++++*@@@@@@@@@@@@@@@@@@@@@@@@@@@#+==-+*+#=:-+#%##**==++**+++=====+*###*+**#@%##%
[2024-08-02T17:04:47.000+0900] {process_utils.py:191} INFO - -=++-+%%@%@@@@%+=-++***#@@@@@@@@@@@@%:+@@*%+=%@@@@@@%%#%%#*=+--:-=#++**%#*+=+++++===+**####=*%%%%%%%
[2024-08-02T17:04:47.000+0900] {process_utils.py:191} INFO - -=++#%%####+-:---=*%%@@%#######**++++=+++++++++%%=+%@@%##*+==-=++=+*****##*===+++++==*#####*+#%%##%%
[2024-08-02T17:04:47.000+0900] {process_utils.py:191} INFO - -=*+=---==+=-::::-*@@@%+=======++++++++++++++*#%#**%%%*==-+*=--+==*****#**+=====+++++=***+++=+==::::
[2024-08-02T17:04:47.000+0900] {process_utils.py:191} INFO - =#*=++++++*###**==*@@@%=======++++++++*@@@@@@@@%%#####-:=+----==******##****+++++***==-=+=:::.::::::
[2024-08-02T17:04:47.001+0900] {process_utils.py:191} INFO - #%*+*++++**##*###*+#@@#=========++++==*%%%%%%%%######*=-----==+*********##########*+====::::::::::::
[2024-08-02T17:04:47.001+0900] {process_utils.py:191} INFO - ++++*#%%@%*##*##***%@@*===============+%##%%######%%%%*==-===+*********+=+*#######*++++-:::--::-----
[2024-08-02T17:04:47.001+0900] {process_utils.py:191} INFO - ===+*#%@@%*##**#**+=--================+%%#%%###%#%%%%%#======*#######*-:-++*####*****++:------------
[2024-08-02T17:04:47.001+0900] {process_utils.py:191} INFO - =+=------=##**##**+=--================+%%#%%###%%#%%%%%+=====+###**++==----:-*####****=------==-====
[2024-08-02T17:04:47.001+0900] {process_utils.py:191} INFO - 
[2024-08-02T17:04:47.037+0900] {python.py:237} INFO - Done. Returned value was: None
[2024-08-02T17:04:47.037+0900] {taskinstance.py:441} INFO - ::group::Post task execution logs
[2024-08-02T17:04:47.042+0900] {taskinstance.py:1206} INFO - Marking task as SUCCESS. dag_id=movie, task_id=get.data, run_id=scheduled__2017-01-02T05:27:00+00:00, execution_date=20170102T052700, start_date=20240802T080440, end_date=20240802T080447
[2024-08-02T17:04:47.087+0900] {local_task_job_runner.py:243} INFO - Task exited with return code 0
[2024-08-02T17:04:47.111+0900] {taskinstance.py:3503} INFO - 0 downstream tasks scheduled from follow-on schedule check
[2024-08-02T17:04:47.113+0900] {local_task_job_runner.py:222} INFO - ::endgroup::
