[2024-08-02T16:49:50.017+0900] {local_task_job_runner.py:120} INFO - ::group::Pre task execution logs
[2024-08-02T16:49:50.036+0900] {taskinstance.py:2076} INFO - Dependencies all met for dep_context=non-requeueable deps ti=<TaskInstance: movie.get.data scheduled__2017-01-01T05:09:00+00:00 [queued]>
[2024-08-02T16:49:50.041+0900] {taskinstance.py:2076} INFO - Dependencies all met for dep_context=requeueable deps ti=<TaskInstance: movie.get.data scheduled__2017-01-01T05:09:00+00:00 [queued]>
[2024-08-02T16:49:50.041+0900] {taskinstance.py:2306} INFO - Starting attempt 1 of 3
[2024-08-02T16:49:50.057+0900] {taskinstance.py:2330} INFO - Executing <Task(PythonVirtualenvOperator): get.data> on 2017-01-01 05:09:00+00:00
[2024-08-02T16:49:50.060+0900] {standard_task_runner.py:64} INFO - Started process 144253 to run task
[2024-08-02T16:49:50.064+0900] {standard_task_runner.py:90} INFO - Running: ['airflow', 'tasks', 'run', 'movie', 'get.data', 'scheduled__2017-01-01T05:09:00+00:00', '--job-id', '20', '--raw', '--subdir', 'DAGS_FOLDER/movie.py', '--cfg-path', '/tmp/tmpkdsmppzq']
[2024-08-02T16:49:50.066+0900] {standard_task_runner.py:91} INFO - Job 20: Subtask get.data
[2024-08-02T16:49:50.101+0900] {task_command.py:426} INFO - Running <TaskInstance: movie.get.data scheduled__2017-01-01T05:09:00+00:00 [running]> on host playdata.
[2024-08-02T16:49:50.167+0900] {taskinstance.py:2648} INFO - Exporting env vars: AIRFLOW_CTX_DAG_OWNER='airflow' AIRFLOW_CTX_DAG_ID='movie' AIRFLOW_CTX_TASK_ID='get.data' AIRFLOW_CTX_EXECUTION_DATE='2017-01-01T05:09:00+00:00' AIRFLOW_CTX_TRY_NUMBER='1' AIRFLOW_CTX_DAG_RUN_ID='scheduled__2017-01-01T05:09:00+00:00'
[2024-08-02T16:49:50.167+0900] {taskinstance.py:430} INFO - ::endgroup::
[2024-08-02T16:49:50.178+0900] {baseoperator.py:400} WARNING - PythonVirtualenvOperator.execute cannot be called outside TaskInstance!
[2024-08-02T16:49:50.179+0900] {process_utils.py:183} INFO - Executing cmd: /home/oddsummer/.pyenv/versions/3.11.9/envs/air/bin/python -m virtualenv /tmp/venvt6su9cc1 --python=python
[2024-08-02T16:49:50.180+0900] {process_utils.py:187} INFO - Output:
[2024-08-02T16:49:50.558+0900] {process_utils.py:191} INFO - created virtual environment CPython3.11.9.final.0-64 in 264ms
[2024-08-02T16:49:50.558+0900] {process_utils.py:191} INFO -   creator CPython3Posix(dest=/tmp/venvt6su9cc1, clear=False, no_vcs_ignore=False, global=False)
[2024-08-02T16:49:50.558+0900] {process_utils.py:191} INFO -   seeder FromAppData(download=False, pip=bundle, setuptools=bundle, wheel=bundle, via=copy, app_data_dir=/home/oddsummer/.local/share/virtualenv)
[2024-08-02T16:49:50.559+0900] {process_utils.py:191} INFO -     added seed packages: pip==24.1.2, setuptools==70.2.0, wheel==0.43.0
[2024-08-02T16:49:50.559+0900] {process_utils.py:191} INFO -   activators BashActivator,CShellActivator,FishActivator,NushellActivator,PowerShellActivator,PythonActivator
[2024-08-02T16:49:50.582+0900] {process_utils.py:183} INFO - Executing cmd: /tmp/venvt6su9cc1/bin/pip install -r /tmp/venvt6su9cc1/requirements.txt
[2024-08-02T16:49:50.583+0900] {process_utils.py:187} INFO - Output:
[2024-08-02T16:49:51.518+0900] {process_utils.py:191} INFO - Collecting git+https://github.com/7-TRG/extract_trg.git@main (from -r /tmp/venvt6su9cc1/requirements.txt (line 1))
[2024-08-02T16:49:51.519+0900] {process_utils.py:191} INFO -   Cloning https://github.com/7-TRG/extract_trg.git (to revision main) to /tmp/pip-req-build-t8tho0yv
[2024-08-02T16:49:51.521+0900] {process_utils.py:191} INFO -   Running command git clone --filter=blob:none --quiet https://github.com/7-TRG/extract_trg.git /tmp/pip-req-build-t8tho0yv
[2024-08-02T16:49:53.390+0900] {process_utils.py:191} INFO -   Resolved https://github.com/7-TRG/extract_trg.git to commit 0712b3f1bbaeeeea58bf80749079a62c7e1bec3d
[2024-08-02T16:49:53.396+0900] {process_utils.py:191} INFO -   Installing build dependencies: started
[2024-08-02T16:49:55.350+0900] {process_utils.py:191} INFO -   Installing build dependencies: finished with status 'done'
[2024-08-02T16:49:55.351+0900] {process_utils.py:191} INFO -   Getting requirements to build wheel: started
[2024-08-02T16:49:55.629+0900] {process_utils.py:191} INFO -   Getting requirements to build wheel: finished with status 'done'
[2024-08-02T16:49:55.631+0900] {process_utils.py:191} INFO -   Preparing metadata (pyproject.toml): started
[2024-08-02T16:49:55.914+0900] {process_utils.py:191} INFO -   Preparing metadata (pyproject.toml): finished with status 'done'
[2024-08-02T16:49:55.917+0900] {process_utils.py:191} INFO - Building wheels for collected packages: extract_trg
[2024-08-02T16:49:55.923+0900] {process_utils.py:191} INFO -   Building wheel for extract_trg (pyproject.toml): started
[2024-08-02T16:49:56.311+0900] {process_utils.py:191} INFO -   Building wheel for extract_trg (pyproject.toml): finished with status 'done'
[2024-08-02T16:49:56.312+0900] {process_utils.py:191} INFO -   Created wheel for extract_trg: filename=extract_trg-0.1.0-py3-none-any.whl size=2219 sha256=bb5fbdb476cc926412bdd76162b4e7424b693446152d14890354736f53b5b75b
[2024-08-02T16:49:56.312+0900] {process_utils.py:191} INFO -   Stored in directory: /tmp/pip-ephem-wheel-cache-obam_rq5/wheels/21/97/ea/e27bc4298590f1b8a2b9c46b60aefbe2e3076cf05f6bd5e464
[2024-08-02T16:49:56.316+0900] {process_utils.py:191} INFO - Successfully built extract_trg
[2024-08-02T16:49:56.338+0900] {process_utils.py:191} INFO - Installing collected packages: extract_trg
[2024-08-02T16:49:56.374+0900] {process_utils.py:191} INFO - Successfully installed extract_trg-0.1.0
[2024-08-02T16:49:56.387+0900] {process_utils.py:191} INFO - 
[2024-08-02T16:49:56.388+0900] {process_utils.py:191} INFO - [notice] A new release of pip is available: 24.1.2 -> 24.2
[2024-08-02T16:49:56.388+0900] {process_utils.py:191} INFO - [notice] To update, run: python -m pip install --upgrade pip
[2024-08-02T16:49:56.512+0900] {process_utils.py:183} INFO - Executing cmd: /tmp/venvt6su9cc1/bin/python /tmp/venv-callk1t_jeb3/script.py /tmp/venv-callk1t_jeb3/script.in /tmp/venv-callk1t_jeb3/script.out /tmp/venv-callk1t_jeb3/string_args.txt /tmp/venv-callk1t_jeb3/termination.log
[2024-08-02T16:49:56.515+0900] {process_utils.py:187} INFO - Output:
[2024-08-02T16:49:56.537+0900] {process_utils.py:191} INFO - 
[2024-08-02T16:49:56.538+0900] {process_utils.py:191} INFO - ---------------======---::::::------+--=======++++++++++===--:...::-=--==============--:.....:-=====
[2024-08-02T16:49:56.538+0900] {process_utils.py:191} INFO - ----::---------------------===--::--+-----=============++++++===---:....--===============--:...:-===
[2024-08-02T16:49:56.538+0900] {process_utils.py:191} INFO - ----------------------------------=++----------------------=+===========-::.:-======================
[2024-08-02T16:49:56.538+0900] {process_utils.py:191} INFO - =----------------------------------==-----------------------=-----==============================+=--
[2024-08-02T16:49:56.538+0900] {process_utils.py:191} INFO - %%####=----------------------------==----------------------=-::::-----======+*%#++================::
[2024-08-02T16:49:56.538+0900] {process_utils.py:191} INFO - %%%%%#=----------------------------=-:---------------------=--==--------=====*#*=================-::
[2024-08-02T16:49:56.539+0900] {process_utils.py:191} INFO - @@%%%*-----------------+***++=-----=-::-------------------:+---------=====+++====================-::
[2024-08-02T16:49:56.539+0900] {process_utils.py:191} INFO - @@%%%*---------------#%%%%##%%#=---=-+##*#+----------------=------------=====+====-=--===========-::
[2024-08-02T16:49:56.539+0900] {process_utils.py:191} INFO - @@@%%+--=+*%%%+-----+%@@%#++%%%#=--=*%+===#+::----------::=-----------=+*##*++=-----------=======-::
[2024-08-02T16:49:56.539+0900] {process_utils.py:191} INFO - +++++=-+#+***#*=-----#*++**+#@@@*--+#+**+***-:=-:---=*+-::=-----==+++*######%%%#=-------------==-:::
[2024-08-02T16:49:56.539+0900] {process_utils.py:191} INFO - *******-:::-*=-------+===+=-=+#%%:-=++++=+==-:=-:::=%%#-::###=-*#%%%%%%%%%%%%%%%%+---------------:::
[2024-08-02T16:49:56.539+0900] {process_utils.py:191} INFO - =====+=:--::+---+--+**++++*+++#%*-=--**++++-:=++=::+#*-::=%%%#*#%%%%%%%%@@%%%%@@%%#====------+#%%=-*
[2024-08-02T16:49:56.539+0900] {process_utils.py:191} INFO - =-==++---=+==*#%%%%%%=*++++++++==-=-*##*+=##**++=--++-:--*=-=*#%%%@%###*###*+++*%%%*=============-#%
[2024-08-02T16:49:56.540+0900] {process_utils.py:191} INFO - +-=------=*%%%%@%@@@@***=+*#+*##*#%%@@**++%@%%%%*+=--=-=+-:--:#%@@%#*****###*+---+*++#**===---=++*%@
[2024-08-02T16:49:56.540+0900] {process_utils.py:191} INFO - --==-::-*%%%@@@@@@@%#*=-+++%@%##%%@@@@@%#%@@@%%@%%%*=--=#%####-%@%%####++++++=---==++*####*+++*%@%@@
[2024-08-02T16:49:56.540+0900] {process_utils.py:191} INFO - -=*+=-=#@@@@@@@@@#*+++++*@@@@@@@@@@@@@@@@@@@@@@@@@@@#+==-+*+#=:-+#%##**==++**+++=====+*###*+**#@%##%
[2024-08-02T16:49:56.540+0900] {process_utils.py:191} INFO - -=++-+%%@%@@@@%+=-++***#@@@@@@@@@@@@%:+@@*%+=%@@@@@@%%#%%#*=+--:-=#++**%#*+=+++++===+**####=*%%%%%%%
[2024-08-02T16:49:56.540+0900] {process_utils.py:191} INFO - -=++#%%####+-:---=*%%@@%#######**++++=+++++++++%%=+%@@%##*+==-=++=+*****##*===+++++==*#####*+#%%##%%
[2024-08-02T16:49:56.540+0900] {process_utils.py:191} INFO - -=*+=---==+=-::::-*@@@%+=======++++++++++++++*#%#**%%%*==-+*=--+==*****#**+=====+++++=***+++=+==::::
[2024-08-02T16:49:56.540+0900] {process_utils.py:191} INFO - =#*=++++++*###**==*@@@%=======++++++++*@@@@@@@@%%#####-:=+----==******##****+++++***==-=+=:::.::::::
[2024-08-02T16:49:56.541+0900] {process_utils.py:191} INFO - #%*+*++++**##*###*+#@@#=========++++==*%%%%%%%%######*=-----==+*********##########*+====::::::::::::
[2024-08-02T16:49:56.541+0900] {process_utils.py:191} INFO - ++++*#%%@%*##*##***%@@*===============+%##%%######%%%%*==-===+*********+=+*#######*++++-:::--::-----
[2024-08-02T16:49:56.541+0900] {process_utils.py:191} INFO - ===+*#%@@%*##**#**+=--================+%%#%%###%#%%%%%#======*#######*-:-++*####*****++:------------
[2024-08-02T16:49:56.541+0900] {process_utils.py:191} INFO - =+=------=##**##**+=--================+%%#%%###%%#%%%%%+=====+###**++==----:-*####****=------==-====
[2024-08-02T16:49:56.541+0900] {process_utils.py:191} INFO - 
[2024-08-02T16:49:56.574+0900] {python.py:237} INFO - Done. Returned value was: None
[2024-08-02T16:49:56.574+0900] {taskinstance.py:441} INFO - ::group::Post task execution logs
[2024-08-02T16:49:56.578+0900] {taskinstance.py:1206} INFO - Marking task as SUCCESS. dag_id=movie, task_id=get.data, run_id=scheduled__2017-01-01T05:09:00+00:00, execution_date=20170101T050900, start_date=20240802T074950, end_date=20240802T074956
[2024-08-02T16:49:56.616+0900] {local_task_job_runner.py:243} INFO - Task exited with return code 0
[2024-08-02T16:49:56.633+0900] {taskinstance.py:3503} INFO - 0 downstream tasks scheduled from follow-on schedule check
[2024-08-02T16:49:56.633+0900] {local_task_job_runner.py:222} INFO - ::endgroup::
