[2024-08-02T17:15:14.382+0900] {local_task_job_runner.py:120} INFO - ::group::Pre task execution logs
[2024-08-02T17:15:14.403+0900] {taskinstance.py:2076} INFO - Dependencies all met for dep_context=non-requeueable deps ti=<TaskInstance: movie.get.data scheduled__2017-01-03T05:21:00+00:00 [queued]>
[2024-08-02T17:15:14.409+0900] {taskinstance.py:2076} INFO - Dependencies all met for dep_context=requeueable deps ti=<TaskInstance: movie.get.data scheduled__2017-01-03T05:21:00+00:00 [queued]>
[2024-08-02T17:15:14.410+0900] {taskinstance.py:2306} INFO - Starting attempt 1 of 3
[2024-08-02T17:15:14.424+0900] {taskinstance.py:2330} INFO - Executing <Task(PythonVirtualenvOperator): get.data> on 2017-01-03 05:21:00+00:00
[2024-08-02T17:15:14.427+0900] {standard_task_runner.py:64} INFO - Started process 159064 to run task
[2024-08-02T17:15:14.430+0900] {standard_task_runner.py:90} INFO - Running: ['airflow', 'tasks', 'run', 'movie', 'get.data', 'scheduled__2017-01-03T05:21:00+00:00', '--job-id', '152', '--raw', '--subdir', 'DAGS_FOLDER/movie.py', '--cfg-path', '/tmp/tmp8ytanso_']
[2024-08-02T17:15:14.432+0900] {standard_task_runner.py:91} INFO - Job 152: Subtask get.data
[2024-08-02T17:15:14.471+0900] {task_command.py:426} INFO - Running <TaskInstance: movie.get.data scheduled__2017-01-03T05:21:00+00:00 [running]> on host playdata.
[2024-08-02T17:15:14.540+0900] {taskinstance.py:2648} INFO - Exporting env vars: AIRFLOW_CTX_DAG_OWNER='airflow' AIRFLOW_CTX_DAG_ID='movie' AIRFLOW_CTX_TASK_ID='get.data' AIRFLOW_CTX_EXECUTION_DATE='2017-01-03T05:21:00+00:00' AIRFLOW_CTX_TRY_NUMBER='1' AIRFLOW_CTX_DAG_RUN_ID='scheduled__2017-01-03T05:21:00+00:00'
[2024-08-02T17:15:14.541+0900] {taskinstance.py:430} INFO - ::endgroup::
[2024-08-02T17:15:14.552+0900] {baseoperator.py:400} WARNING - PythonVirtualenvOperator.execute cannot be called outside TaskInstance!
[2024-08-02T17:15:14.553+0900] {process_utils.py:183} INFO - Executing cmd: /home/oddsummer/.pyenv/versions/3.11.9/envs/air/bin/python -m virtualenv /tmp/venvfipytmup --python=python
[2024-08-02T17:15:14.553+0900] {process_utils.py:187} INFO - Output:
[2024-08-02T17:15:14.899+0900] {process_utils.py:191} INFO - created virtual environment CPython3.11.9.final.0-64 in 238ms
[2024-08-02T17:15:14.900+0900] {process_utils.py:191} INFO -   creator CPython3Posix(dest=/tmp/venvfipytmup, clear=False, no_vcs_ignore=False, global=False)
[2024-08-02T17:15:14.900+0900] {process_utils.py:191} INFO -   seeder FromAppData(download=False, pip=bundle, setuptools=bundle, wheel=bundle, via=copy, app_data_dir=/home/oddsummer/.local/share/virtualenv)
[2024-08-02T17:15:14.900+0900] {process_utils.py:191} INFO -     added seed packages: pip==24.1.2, setuptools==70.2.0, wheel==0.43.0
[2024-08-02T17:15:14.900+0900] {process_utils.py:191} INFO -   activators BashActivator,CShellActivator,FishActivator,NushellActivator,PowerShellActivator,PythonActivator
[2024-08-02T17:15:14.925+0900] {process_utils.py:183} INFO - Executing cmd: /tmp/venvfipytmup/bin/pip install -r /tmp/venvfipytmup/requirements.txt
[2024-08-02T17:15:14.926+0900] {process_utils.py:187} INFO - Output:
[2024-08-02T17:15:15.875+0900] {process_utils.py:191} INFO - Collecting git+https://github.com/7-TRG/extract_trg.git@main (from -r /tmp/venvfipytmup/requirements.txt (line 1))
[2024-08-02T17:15:15.876+0900] {process_utils.py:191} INFO -   Cloning https://github.com/7-TRG/extract_trg.git (to revision main) to /tmp/pip-req-build-25j66tle
[2024-08-02T17:15:15.878+0900] {process_utils.py:191} INFO -   Running command git clone --filter=blob:none --quiet https://github.com/7-TRG/extract_trg.git /tmp/pip-req-build-25j66tle
[2024-08-02T17:15:17.722+0900] {process_utils.py:191} INFO -   Resolved https://github.com/7-TRG/extract_trg.git to commit 0712b3f1bbaeeeea58bf80749079a62c7e1bec3d
[2024-08-02T17:15:17.727+0900] {process_utils.py:191} INFO -   Installing build dependencies: started
[2024-08-02T17:15:19.755+0900] {process_utils.py:191} INFO -   Installing build dependencies: finished with status 'done'
[2024-08-02T17:15:19.755+0900] {process_utils.py:191} INFO -   Getting requirements to build wheel: started
[2024-08-02T17:15:19.994+0900] {process_utils.py:191} INFO -   Getting requirements to build wheel: finished with status 'done'
[2024-08-02T17:15:19.996+0900] {process_utils.py:191} INFO -   Preparing metadata (pyproject.toml): started
[2024-08-02T17:15:20.240+0900] {process_utils.py:191} INFO -   Preparing metadata (pyproject.toml): finished with status 'done'
[2024-08-02T17:15:20.242+0900] {process_utils.py:191} INFO - Building wheels for collected packages: extract_trg
[2024-08-02T17:15:20.246+0900] {process_utils.py:191} INFO -   Building wheel for extract_trg (pyproject.toml): started
[2024-08-02T17:15:20.522+0900] {process_utils.py:191} INFO -   Building wheel for extract_trg (pyproject.toml): finished with status 'done'
[2024-08-02T17:15:20.523+0900] {process_utils.py:191} INFO -   Created wheel for extract_trg: filename=extract_trg-0.1.0-py3-none-any.whl size=2219 sha256=36d45d9833a01402f1ea14ddf2ecbb9187cf5f78f0b0664faf8f799b72b079d0
[2024-08-02T17:15:20.523+0900] {process_utils.py:191} INFO -   Stored in directory: /tmp/pip-ephem-wheel-cache-mysgz554/wheels/21/97/ea/e27bc4298590f1b8a2b9c46b60aefbe2e3076cf05f6bd5e464
[2024-08-02T17:15:20.525+0900] {process_utils.py:191} INFO - Successfully built extract_trg
[2024-08-02T17:15:20.535+0900] {process_utils.py:191} INFO - Installing collected packages: extract_trg
[2024-08-02T17:15:20.556+0900] {process_utils.py:191} INFO - Successfully installed extract_trg-0.1.0
[2024-08-02T17:15:20.563+0900] {process_utils.py:191} INFO - 
[2024-08-02T17:15:20.563+0900] {process_utils.py:191} INFO - [notice] A new release of pip is available: 24.1.2 -> 24.2
[2024-08-02T17:15:20.563+0900] {process_utils.py:191} INFO - [notice] To update, run: python -m pip install --upgrade pip
[2024-08-02T17:15:20.657+0900] {process_utils.py:183} INFO - Executing cmd: /tmp/venvfipytmup/bin/python /tmp/venv-callvh5bhlpi/script.py /tmp/venv-callvh5bhlpi/script.in /tmp/venv-callvh5bhlpi/script.out /tmp/venv-callvh5bhlpi/string_args.txt /tmp/venv-callvh5bhlpi/termination.log
[2024-08-02T17:15:20.658+0900] {process_utils.py:187} INFO - Output:
[2024-08-02T17:15:20.677+0900] {process_utils.py:191} INFO - 
[2024-08-02T17:15:20.678+0900] {process_utils.py:191} INFO - ---------------======---::::::------+--=======++++++++++===--:...::-=--==============--:.....:-=====
[2024-08-02T17:15:20.678+0900] {process_utils.py:191} INFO - ----::---------------------===--::--+-----=============++++++===---:....--===============--:...:-===
[2024-08-02T17:15:20.678+0900] {process_utils.py:191} INFO - ----------------------------------=++----------------------=+===========-::.:-======================
[2024-08-02T17:15:20.678+0900] {process_utils.py:191} INFO - =----------------------------------==-----------------------=-----==============================+=--
[2024-08-02T17:15:20.678+0900] {process_utils.py:191} INFO - %%####=----------------------------==----------------------=-::::-----======+*%#++================::
[2024-08-02T17:15:20.678+0900] {process_utils.py:191} INFO - %%%%%#=----------------------------=-:---------------------=--==--------=====*#*=================-::
[2024-08-02T17:15:20.679+0900] {process_utils.py:191} INFO - @@%%%*-----------------+***++=-----=-::-------------------:+---------=====+++====================-::
[2024-08-02T17:15:20.679+0900] {process_utils.py:191} INFO - @@%%%*---------------#%%%%##%%#=---=-+##*#+----------------=------------=====+====-=--===========-::
[2024-08-02T17:15:20.679+0900] {process_utils.py:191} INFO - @@@%%+--=+*%%%+-----+%@@%#++%%%#=--=*%+===#+::----------::=-----------=+*##*++=-----------=======-::
[2024-08-02T17:15:20.679+0900] {process_utils.py:191} INFO - +++++=-+#+***#*=-----#*++**+#@@@*--+#+**+***-:=-:---=*+-::=-----==+++*######%%%#=-------------==-:::
[2024-08-02T17:15:20.679+0900] {process_utils.py:191} INFO - *******-:::-*=-------+===+=-=+#%%:-=++++=+==-:=-:::=%%#-::###=-*#%%%%%%%%%%%%%%%%+---------------:::
[2024-08-02T17:15:20.679+0900] {process_utils.py:191} INFO - =====+=:--::+---+--+**++++*+++#%*-=--**++++-:=++=::+#*-::=%%%#*#%%%%%%%%@@%%%%@@%%#====------+#%%=-*
[2024-08-02T17:15:20.679+0900] {process_utils.py:191} INFO - =-==++---=+==*#%%%%%%=*++++++++==-=-*##*+=##**++=--++-:--*=-=*#%%%@%###*###*+++*%%%*=============-#%
[2024-08-02T17:15:20.680+0900] {process_utils.py:191} INFO - +-=------=*%%%%@%@@@@***=+*#+*##*#%%@@**++%@%%%%*+=--=-=+-:--:#%@@%#*****###*+---+*++#**===---=++*%@
[2024-08-02T17:15:20.680+0900] {process_utils.py:191} INFO - --==-::-*%%%@@@@@@@%#*=-+++%@%##%%@@@@@%#%@@@%%@%%%*=--=#%####-%@%%####++++++=---==++*####*+++*%@%@@
[2024-08-02T17:15:20.680+0900] {process_utils.py:191} INFO - -=*+=-=#@@@@@@@@@#*+++++*@@@@@@@@@@@@@@@@@@@@@@@@@@@#+==-+*+#=:-+#%##**==++**+++=====+*###*+**#@%##%
[2024-08-02T17:15:20.680+0900] {process_utils.py:191} INFO - -=++-+%%@%@@@@%+=-++***#@@@@@@@@@@@@%:+@@*%+=%@@@@@@%%#%%#*=+--:-=#++**%#*+=+++++===+**####=*%%%%%%%
[2024-08-02T17:15:20.680+0900] {process_utils.py:191} INFO - -=++#%%####+-:---=*%%@@%#######**++++=+++++++++%%=+%@@%##*+==-=++=+*****##*===+++++==*#####*+#%%##%%
[2024-08-02T17:15:20.680+0900] {process_utils.py:191} INFO - -=*+=---==+=-::::-*@@@%+=======++++++++++++++*#%#**%%%*==-+*=--+==*****#**+=====+++++=***+++=+==::::
[2024-08-02T17:15:20.680+0900] {process_utils.py:191} INFO - =#*=++++++*###**==*@@@%=======++++++++*@@@@@@@@%%#####-:=+----==******##****+++++***==-=+=:::.::::::
[2024-08-02T17:15:20.681+0900] {process_utils.py:191} INFO - #%*+*++++**##*###*+#@@#=========++++==*%%%%%%%%######*=-----==+*********##########*+====::::::::::::
[2024-08-02T17:15:20.681+0900] {process_utils.py:191} INFO - ++++*#%%@%*##*##***%@@*===============+%##%%######%%%%*==-===+*********+=+*#######*++++-:::--::-----
[2024-08-02T17:15:20.681+0900] {process_utils.py:191} INFO - ===+*#%@@%*##**#**+=--================+%%#%%###%#%%%%%#======*#######*-:-++*####*****++:------------
[2024-08-02T17:15:20.681+0900] {process_utils.py:191} INFO - =+=------=##**##**+=--================+%%#%%###%%#%%%%%+=====+###**++==----:-*####****=------==-====
[2024-08-02T17:15:20.681+0900] {process_utils.py:191} INFO - 
[2024-08-02T17:15:20.703+0900] {python.py:237} INFO - Done. Returned value was: None
[2024-08-02T17:15:20.703+0900] {taskinstance.py:441} INFO - ::group::Post task execution logs
[2024-08-02T17:15:20.707+0900] {taskinstance.py:1206} INFO - Marking task as SUCCESS. dag_id=movie, task_id=get.data, run_id=scheduled__2017-01-03T05:21:00+00:00, execution_date=20170103T052100, start_date=20240802T081514, end_date=20240802T081520
[2024-08-02T17:15:20.765+0900] {local_task_job_runner.py:243} INFO - Task exited with return code 0
[2024-08-02T17:15:20.776+0900] {taskinstance.py:3503} INFO - 0 downstream tasks scheduled from follow-on schedule check
[2024-08-02T17:15:20.777+0900] {local_task_job_runner.py:222} INFO - ::endgroup::
