[2024-08-02T17:28:02.003+0900] {local_task_job_runner.py:120} INFO - ::group::Pre task execution logs
[2024-08-02T17:28:02.031+0900] {taskinstance.py:2076} INFO - Dependencies all met for dep_context=non-requeueable deps ti=<TaskInstance: movie.get.data scheduled__2017-01-04T05:26:00+00:00 [queued]>
[2024-08-02T17:28:02.040+0900] {taskinstance.py:2076} INFO - Dependencies all met for dep_context=requeueable deps ti=<TaskInstance: movie.get.data scheduled__2017-01-04T05:26:00+00:00 [queued]>
[2024-08-02T17:28:02.041+0900] {taskinstance.py:2306} INFO - Starting attempt 1 of 3
[2024-08-02T17:28:02.059+0900] {taskinstance.py:2330} INFO - Executing <Task(PythonVirtualenvOperator): get.data> on 2017-01-04 05:26:00+00:00
[2024-08-02T17:28:02.062+0900] {standard_task_runner.py:64} INFO - Started process 164649 to run task
[2024-08-02T17:28:02.066+0900] {standard_task_runner.py:90} INFO - Running: ['airflow', 'tasks', 'run', 'movie', 'get.data', 'scheduled__2017-01-04T05:26:00+00:00', '--job-id', '217', '--raw', '--subdir', 'DAGS_FOLDER/movie.py', '--cfg-path', '/tmp/tmp1b8zkkm1']
[2024-08-02T17:28:02.068+0900] {standard_task_runner.py:91} INFO - Job 217: Subtask get.data
[2024-08-02T17:28:02.109+0900] {task_command.py:426} INFO - Running <TaskInstance: movie.get.data scheduled__2017-01-04T05:26:00+00:00 [running]> on host playdata.
[2024-08-02T17:28:02.192+0900] {taskinstance.py:2648} INFO - Exporting env vars: AIRFLOW_CTX_DAG_OWNER='airflow' AIRFLOW_CTX_DAG_ID='movie' AIRFLOW_CTX_TASK_ID='get.data' AIRFLOW_CTX_EXECUTION_DATE='2017-01-04T05:26:00+00:00' AIRFLOW_CTX_TRY_NUMBER='1' AIRFLOW_CTX_DAG_RUN_ID='scheduled__2017-01-04T05:26:00+00:00'
[2024-08-02T17:28:02.193+0900] {taskinstance.py:430} INFO - ::endgroup::
[2024-08-02T17:28:02.207+0900] {baseoperator.py:400} WARNING - PythonVirtualenvOperator.execute cannot be called outside TaskInstance!
[2024-08-02T17:28:02.208+0900] {process_utils.py:183} INFO - Executing cmd: /home/oddsummer/.pyenv/versions/3.11.9/envs/air/bin/python -m virtualenv /tmp/venvnxpnlrdv --python=python
[2024-08-02T17:28:02.209+0900] {process_utils.py:187} INFO - Output:
[2024-08-02T17:28:02.684+0900] {process_utils.py:191} INFO - created virtual environment CPython3.11.9.final.0-64 in 337ms
[2024-08-02T17:28:02.685+0900] {process_utils.py:191} INFO -   creator CPython3Posix(dest=/tmp/venvnxpnlrdv, clear=False, no_vcs_ignore=False, global=False)
[2024-08-02T17:28:02.685+0900] {process_utils.py:191} INFO -   seeder FromAppData(download=False, pip=bundle, setuptools=bundle, wheel=bundle, via=copy, app_data_dir=/home/oddsummer/.local/share/virtualenv)
[2024-08-02T17:28:02.685+0900] {process_utils.py:191} INFO -     added seed packages: pip==24.1.2, setuptools==70.2.0, wheel==0.43.0
[2024-08-02T17:28:02.685+0900] {process_utils.py:191} INFO -   activators BashActivator,CShellActivator,FishActivator,NushellActivator,PowerShellActivator,PythonActivator
[2024-08-02T17:28:02.711+0900] {process_utils.py:183} INFO - Executing cmd: /tmp/venvnxpnlrdv/bin/pip install -r /tmp/venvnxpnlrdv/requirements.txt
[2024-08-02T17:28:02.712+0900] {process_utils.py:187} INFO - Output:
[2024-08-02T17:28:03.746+0900] {process_utils.py:191} INFO - Collecting git+https://github.com/7-TRG/extract_trg.git@main (from -r /tmp/venvnxpnlrdv/requirements.txt (line 1))
[2024-08-02T17:28:03.747+0900] {process_utils.py:191} INFO -   Cloning https://github.com/7-TRG/extract_trg.git (to revision main) to /tmp/pip-req-build-h0mce1_j
[2024-08-02T17:28:03.751+0900] {process_utils.py:191} INFO -   Running command git clone --filter=blob:none --quiet https://github.com/7-TRG/extract_trg.git /tmp/pip-req-build-h0mce1_j
[2024-08-02T17:28:05.363+0900] {process_utils.py:191} INFO -   Resolved https://github.com/7-TRG/extract_trg.git to commit 0712b3f1bbaeeeea58bf80749079a62c7e1bec3d
[2024-08-02T17:28:05.374+0900] {process_utils.py:191} INFO -   Installing build dependencies: started
[2024-08-02T17:28:07.641+0900] {process_utils.py:191} INFO -   Installing build dependencies: finished with status 'done'
[2024-08-02T17:28:07.642+0900] {process_utils.py:191} INFO -   Getting requirements to build wheel: started
[2024-08-02T17:28:07.901+0900] {process_utils.py:191} INFO -   Getting requirements to build wheel: finished with status 'done'
[2024-08-02T17:28:07.903+0900] {process_utils.py:191} INFO -   Preparing metadata (pyproject.toml): started
[2024-08-02T17:28:08.205+0900] {process_utils.py:191} INFO -   Preparing metadata (pyproject.toml): finished with status 'done'
[2024-08-02T17:28:08.207+0900] {process_utils.py:191} INFO - Building wheels for collected packages: extract_trg
[2024-08-02T17:28:08.211+0900] {process_utils.py:191} INFO -   Building wheel for extract_trg (pyproject.toml): started
[2024-08-02T17:28:08.518+0900] {process_utils.py:191} INFO -   Building wheel for extract_trg (pyproject.toml): finished with status 'done'
[2024-08-02T17:28:08.519+0900] {process_utils.py:191} INFO -   Created wheel for extract_trg: filename=extract_trg-0.1.0-py3-none-any.whl size=2219 sha256=7b7a7624dad6e1c134b20e8203358341b718c1a63ef2e4d9018f58ce26686118
[2024-08-02T17:28:08.519+0900] {process_utils.py:191} INFO -   Stored in directory: /tmp/pip-ephem-wheel-cache-t4m4vvz6/wheels/21/97/ea/e27bc4298590f1b8a2b9c46b60aefbe2e3076cf05f6bd5e464
[2024-08-02T17:28:08.522+0900] {process_utils.py:191} INFO - Successfully built extract_trg
[2024-08-02T17:28:08.534+0900] {process_utils.py:191} INFO - Installing collected packages: extract_trg
[2024-08-02T17:28:08.560+0900] {process_utils.py:191} INFO - Successfully installed extract_trg-0.1.0
[2024-08-02T17:28:08.570+0900] {process_utils.py:191} INFO - 
[2024-08-02T17:28:08.570+0900] {process_utils.py:191} INFO - [notice] A new release of pip is available: 24.1.2 -> 24.2
[2024-08-02T17:28:08.570+0900] {process_utils.py:191} INFO - [notice] To update, run: python -m pip install --upgrade pip
[2024-08-02T17:28:08.690+0900] {process_utils.py:183} INFO - Executing cmd: /tmp/venvnxpnlrdv/bin/python /tmp/venv-call53fwa07w/script.py /tmp/venv-call53fwa07w/script.in /tmp/venv-call53fwa07w/script.out /tmp/venv-call53fwa07w/string_args.txt /tmp/venv-call53fwa07w/termination.log
[2024-08-02T17:28:08.690+0900] {process_utils.py:187} INFO - Output:
[2024-08-02T17:28:08.712+0900] {process_utils.py:191} INFO - 
[2024-08-02T17:28:08.712+0900] {process_utils.py:191} INFO - ---------------======---::::::------+--=======++++++++++===--:...::-=--==============--:.....:-=====
[2024-08-02T17:28:08.712+0900] {process_utils.py:191} INFO - ----::---------------------===--::--+-----=============++++++===---:....--===============--:...:-===
[2024-08-02T17:28:08.712+0900] {process_utils.py:191} INFO - ----------------------------------=++----------------------=+===========-::.:-======================
[2024-08-02T17:28:08.712+0900] {process_utils.py:191} INFO - =----------------------------------==-----------------------=-----==============================+=--
[2024-08-02T17:28:08.713+0900] {process_utils.py:191} INFO - %%####=----------------------------==----------------------=-::::-----======+*%#++================::
[2024-08-02T17:28:08.713+0900] {process_utils.py:191} INFO - %%%%%#=----------------------------=-:---------------------=--==--------=====*#*=================-::
[2024-08-02T17:28:08.713+0900] {process_utils.py:191} INFO - @@%%%*-----------------+***++=-----=-::-------------------:+---------=====+++====================-::
[2024-08-02T17:28:08.713+0900] {process_utils.py:191} INFO - @@%%%*---------------#%%%%##%%#=---=-+##*#+----------------=------------=====+====-=--===========-::
[2024-08-02T17:28:08.713+0900] {process_utils.py:191} INFO - @@@%%+--=+*%%%+-----+%@@%#++%%%#=--=*%+===#+::----------::=-----------=+*##*++=-----------=======-::
[2024-08-02T17:28:08.713+0900] {process_utils.py:191} INFO - +++++=-+#+***#*=-----#*++**+#@@@*--+#+**+***-:=-:---=*+-::=-----==+++*######%%%#=-------------==-:::
[2024-08-02T17:28:08.713+0900] {process_utils.py:191} INFO - *******-:::-*=-------+===+=-=+#%%:-=++++=+==-:=-:::=%%#-::###=-*#%%%%%%%%%%%%%%%%+---------------:::
[2024-08-02T17:28:08.714+0900] {process_utils.py:191} INFO - =====+=:--::+---+--+**++++*+++#%*-=--**++++-:=++=::+#*-::=%%%#*#%%%%%%%%@@%%%%@@%%#====------+#%%=-*
[2024-08-02T17:28:08.714+0900] {process_utils.py:191} INFO - =-==++---=+==*#%%%%%%=*++++++++==-=-*##*+=##**++=--++-:--*=-=*#%%%@%###*###*+++*%%%*=============-#%
[2024-08-02T17:28:08.714+0900] {process_utils.py:191} INFO - +-=------=*%%%%@%@@@@***=+*#+*##*#%%@@**++%@%%%%*+=--=-=+-:--:#%@@%#*****###*+---+*++#**===---=++*%@
[2024-08-02T17:28:08.715+0900] {process_utils.py:191} INFO - --==-::-*%%%@@@@@@@%#*=-+++%@%##%%@@@@@%#%@@@%%@%%%*=--=#%####-%@%%####++++++=---==++*####*+++*%@%@@
[2024-08-02T17:28:08.715+0900] {process_utils.py:191} INFO - -=*+=-=#@@@@@@@@@#*+++++*@@@@@@@@@@@@@@@@@@@@@@@@@@@#+==-+*+#=:-+#%##**==++**+++=====+*###*+**#@%##%
[2024-08-02T17:28:08.715+0900] {process_utils.py:191} INFO - -=++-+%%@%@@@@%+=-++***#@@@@@@@@@@@@%:+@@*%+=%@@@@@@%%#%%#*=+--:-=#++**%#*+=+++++===+**####=*%%%%%%%
[2024-08-02T17:28:08.715+0900] {process_utils.py:191} INFO - -=++#%%####+-:---=*%%@@%#######**++++=+++++++++%%=+%@@%##*+==-=++=+*****##*===+++++==*#####*+#%%##%%
[2024-08-02T17:28:08.715+0900] {process_utils.py:191} INFO - -=*+=---==+=-::::-*@@@%+=======++++++++++++++*#%#**%%%*==-+*=--+==*****#**+=====+++++=***+++=+==::::
[2024-08-02T17:28:08.716+0900] {process_utils.py:191} INFO - =#*=++++++*###**==*@@@%=======++++++++*@@@@@@@@%%#####-:=+----==******##****+++++***==-=+=:::.::::::
[2024-08-02T17:28:08.716+0900] {process_utils.py:191} INFO - #%*+*++++**##*###*+#@@#=========++++==*%%%%%%%%######*=-----==+*********##########*+====::::::::::::
[2024-08-02T17:28:08.716+0900] {process_utils.py:191} INFO - ++++*#%%@%*##*##***%@@*===============+%##%%######%%%%*==-===+*********+=+*#######*++++-:::--::-----
[2024-08-02T17:28:08.716+0900] {process_utils.py:191} INFO - ===+*#%@@%*##**#**+=--================+%%#%%###%#%%%%%#======*#######*-:-++*####*****++:------------
[2024-08-02T17:28:08.716+0900] {process_utils.py:191} INFO - =+=------=##**##**+=--================+%%#%%###%%#%%%%%+=====+###**++==----:-*####****=------==-====
[2024-08-02T17:28:08.716+0900] {process_utils.py:191} INFO - 
[2024-08-02T17:28:08.737+0900] {python.py:237} INFO - Done. Returned value was: None
[2024-08-02T17:28:08.738+0900] {taskinstance.py:441} INFO - ::group::Post task execution logs
[2024-08-02T17:28:08.741+0900] {taskinstance.py:1206} INFO - Marking task as SUCCESS. dag_id=movie, task_id=get.data, run_id=scheduled__2017-01-04T05:26:00+00:00, execution_date=20170104T052600, start_date=20240802T082802, end_date=20240802T082808
[2024-08-02T17:28:08.792+0900] {local_task_job_runner.py:243} INFO - Task exited with return code 0
[2024-08-02T17:28:08.808+0900] {taskinstance.py:3503} INFO - 0 downstream tasks scheduled from follow-on schedule check
[2024-08-02T17:28:08.808+0900] {local_task_job_runner.py:222} INFO - ::endgroup::
