[2024-08-02T17:18:34.037+0900] {local_task_job_runner.py:120} INFO - ::group::Pre task execution logs
[2024-08-02T17:18:34.062+0900] {taskinstance.py:2076} INFO - Dependencies all met for dep_context=non-requeueable deps ti=<TaskInstance: movie.get.data scheduled__2017-01-03T05:38:00+00:00 [queued]>
[2024-08-02T17:18:34.075+0900] {taskinstance.py:2076} INFO - Dependencies all met for dep_context=requeueable deps ti=<TaskInstance: movie.get.data scheduled__2017-01-03T05:38:00+00:00 [queued]>
[2024-08-02T17:18:34.076+0900] {taskinstance.py:2306} INFO - Starting attempt 1 of 3
[2024-08-02T17:18:34.096+0900] {taskinstance.py:2330} INFO - Executing <Task(PythonVirtualenvOperator): get.data> on 2017-01-03 05:38:00+00:00
[2024-08-02T17:18:34.098+0900] {standard_task_runner.py:64} INFO - Started process 160525 to run task
[2024-08-02T17:18:34.101+0900] {standard_task_runner.py:90} INFO - Running: ['airflow', 'tasks', 'run', 'movie', 'get.data', 'scheduled__2017-01-03T05:38:00+00:00', '--job-id', '169', '--raw', '--subdir', 'DAGS_FOLDER/movie.py', '--cfg-path', '/tmp/tmpgbfpfizv']
[2024-08-02T17:18:34.102+0900] {standard_task_runner.py:91} INFO - Job 169: Subtask get.data
[2024-08-02T17:18:34.148+0900] {task_command.py:426} INFO - Running <TaskInstance: movie.get.data scheduled__2017-01-03T05:38:00+00:00 [running]> on host playdata.
[2024-08-02T17:18:34.227+0900] {taskinstance.py:2648} INFO - Exporting env vars: AIRFLOW_CTX_DAG_OWNER='airflow' AIRFLOW_CTX_DAG_ID='movie' AIRFLOW_CTX_TASK_ID='get.data' AIRFLOW_CTX_EXECUTION_DATE='2017-01-03T05:38:00+00:00' AIRFLOW_CTX_TRY_NUMBER='1' AIRFLOW_CTX_DAG_RUN_ID='scheduled__2017-01-03T05:38:00+00:00'
[2024-08-02T17:18:34.227+0900] {taskinstance.py:430} INFO - ::endgroup::
[2024-08-02T17:18:34.237+0900] {baseoperator.py:400} WARNING - PythonVirtualenvOperator.execute cannot be called outside TaskInstance!
[2024-08-02T17:18:34.238+0900] {process_utils.py:183} INFO - Executing cmd: /home/oddsummer/.pyenv/versions/3.11.9/envs/air/bin/python -m virtualenv /tmp/venvhnm2vek6 --python=python
[2024-08-02T17:18:34.239+0900] {process_utils.py:187} INFO - Output:
[2024-08-02T17:18:34.615+0900] {process_utils.py:191} INFO - created virtual environment CPython3.11.9.final.0-64 in 266ms
[2024-08-02T17:18:34.616+0900] {process_utils.py:191} INFO -   creator CPython3Posix(dest=/tmp/venvhnm2vek6, clear=False, no_vcs_ignore=False, global=False)
[2024-08-02T17:18:34.616+0900] {process_utils.py:191} INFO -   seeder FromAppData(download=False, pip=bundle, setuptools=bundle, wheel=bundle, via=copy, app_data_dir=/home/oddsummer/.local/share/virtualenv)
[2024-08-02T17:18:34.616+0900] {process_utils.py:191} INFO -     added seed packages: pip==24.1.2, setuptools==70.2.0, wheel==0.43.0
[2024-08-02T17:18:34.617+0900] {process_utils.py:191} INFO -   activators BashActivator,CShellActivator,FishActivator,NushellActivator,PowerShellActivator,PythonActivator
[2024-08-02T17:18:34.643+0900] {process_utils.py:183} INFO - Executing cmd: /tmp/venvhnm2vek6/bin/pip install -r /tmp/venvhnm2vek6/requirements.txt
[2024-08-02T17:18:34.643+0900] {process_utils.py:187} INFO - Output:
[2024-08-02T17:18:35.584+0900] {process_utils.py:191} INFO - Collecting git+https://github.com/7-TRG/extract_trg.git@main (from -r /tmp/venvhnm2vek6/requirements.txt (line 1))
[2024-08-02T17:18:35.585+0900] {process_utils.py:191} INFO -   Cloning https://github.com/7-TRG/extract_trg.git (to revision main) to /tmp/pip-req-build-11nfx5qq
[2024-08-02T17:18:35.588+0900] {process_utils.py:191} INFO -   Running command git clone --filter=blob:none --quiet https://github.com/7-TRG/extract_trg.git /tmp/pip-req-build-11nfx5qq
[2024-08-02T17:18:37.209+0900] {process_utils.py:191} INFO -   Resolved https://github.com/7-TRG/extract_trg.git to commit 0712b3f1bbaeeeea58bf80749079a62c7e1bec3d
[2024-08-02T17:18:37.215+0900] {process_utils.py:191} INFO -   Installing build dependencies: started
[2024-08-02T17:18:39.065+0900] {process_utils.py:191} INFO -   Installing build dependencies: finished with status 'done'
[2024-08-02T17:18:39.066+0900] {process_utils.py:191} INFO -   Getting requirements to build wheel: started
[2024-08-02T17:18:39.315+0900] {process_utils.py:191} INFO -   Getting requirements to build wheel: finished with status 'done'
[2024-08-02T17:18:39.317+0900] {process_utils.py:191} INFO -   Preparing metadata (pyproject.toml): started
[2024-08-02T17:18:39.571+0900] {process_utils.py:191} INFO -   Preparing metadata (pyproject.toml): finished with status 'done'
[2024-08-02T17:18:39.574+0900] {process_utils.py:191} INFO - Building wheels for collected packages: extract_trg
[2024-08-02T17:18:39.578+0900] {process_utils.py:191} INFO -   Building wheel for extract_trg (pyproject.toml): started
[2024-08-02T17:18:39.843+0900] {process_utils.py:191} INFO -   Building wheel for extract_trg (pyproject.toml): finished with status 'done'
[2024-08-02T17:18:39.843+0900] {process_utils.py:191} INFO -   Created wheel for extract_trg: filename=extract_trg-0.1.0-py3-none-any.whl size=2219 sha256=a1f255c6b404bcad73bbb51611dfc9c5e2f7b2cb17d8cd389dfee45cdc3f560f
[2024-08-02T17:18:39.843+0900] {process_utils.py:191} INFO -   Stored in directory: /tmp/pip-ephem-wheel-cache-hug4kumx/wheels/21/97/ea/e27bc4298590f1b8a2b9c46b60aefbe2e3076cf05f6bd5e464
[2024-08-02T17:18:39.845+0900] {process_utils.py:191} INFO - Successfully built extract_trg
[2024-08-02T17:18:39.855+0900] {process_utils.py:191} INFO - Installing collected packages: extract_trg
[2024-08-02T17:18:39.875+0900] {process_utils.py:191} INFO - Successfully installed extract_trg-0.1.0
[2024-08-02T17:18:39.881+0900] {process_utils.py:191} INFO - 
[2024-08-02T17:18:39.881+0900] {process_utils.py:191} INFO - [notice] A new release of pip is available: 24.1.2 -> 24.2
[2024-08-02T17:18:39.881+0900] {process_utils.py:191} INFO - [notice] To update, run: python -m pip install --upgrade pip
[2024-08-02T17:18:39.974+0900] {process_utils.py:183} INFO - Executing cmd: /tmp/venvhnm2vek6/bin/python /tmp/venv-callribj681w/script.py /tmp/venv-callribj681w/script.in /tmp/venv-callribj681w/script.out /tmp/venv-callribj681w/string_args.txt /tmp/venv-callribj681w/termination.log
[2024-08-02T17:18:39.975+0900] {process_utils.py:187} INFO - Output:
[2024-08-02T17:18:39.995+0900] {process_utils.py:191} INFO - 
[2024-08-02T17:18:39.995+0900] {process_utils.py:191} INFO - ---------------======---::::::------+--=======++++++++++===--:...::-=--==============--:.....:-=====
[2024-08-02T17:18:39.995+0900] {process_utils.py:191} INFO - ----::---------------------===--::--+-----=============++++++===---:....--===============--:...:-===
[2024-08-02T17:18:39.996+0900] {process_utils.py:191} INFO - ----------------------------------=++----------------------=+===========-::.:-======================
[2024-08-02T17:18:39.996+0900] {process_utils.py:191} INFO - =----------------------------------==-----------------------=-----==============================+=--
[2024-08-02T17:18:39.996+0900] {process_utils.py:191} INFO - %%####=----------------------------==----------------------=-::::-----======+*%#++================::
[2024-08-02T17:18:39.996+0900] {process_utils.py:191} INFO - %%%%%#=----------------------------=-:---------------------=--==--------=====*#*=================-::
[2024-08-02T17:18:39.996+0900] {process_utils.py:191} INFO - @@%%%*-----------------+***++=-----=-::-------------------:+---------=====+++====================-::
[2024-08-02T17:18:39.996+0900] {process_utils.py:191} INFO - @@%%%*---------------#%%%%##%%#=---=-+##*#+----------------=------------=====+====-=--===========-::
[2024-08-02T17:18:39.996+0900] {process_utils.py:191} INFO - @@@%%+--=+*%%%+-----+%@@%#++%%%#=--=*%+===#+::----------::=-----------=+*##*++=-----------=======-::
[2024-08-02T17:18:39.997+0900] {process_utils.py:191} INFO - +++++=-+#+***#*=-----#*++**+#@@@*--+#+**+***-:=-:---=*+-::=-----==+++*######%%%#=-------------==-:::
[2024-08-02T17:18:39.997+0900] {process_utils.py:191} INFO - *******-:::-*=-------+===+=-=+#%%:-=++++=+==-:=-:::=%%#-::###=-*#%%%%%%%%%%%%%%%%+---------------:::
[2024-08-02T17:18:39.997+0900] {process_utils.py:191} INFO - =====+=:--::+---+--+**++++*+++#%*-=--**++++-:=++=::+#*-::=%%%#*#%%%%%%%%@@%%%%@@%%#====------+#%%=-*
[2024-08-02T17:18:39.997+0900] {process_utils.py:191} INFO - =-==++---=+==*#%%%%%%=*++++++++==-=-*##*+=##**++=--++-:--*=-=*#%%%@%###*###*+++*%%%*=============-#%
[2024-08-02T17:18:39.997+0900] {process_utils.py:191} INFO - +-=------=*%%%%@%@@@@***=+*#+*##*#%%@@**++%@%%%%*+=--=-=+-:--:#%@@%#*****###*+---+*++#**===---=++*%@
[2024-08-02T17:18:39.997+0900] {process_utils.py:191} INFO - --==-::-*%%%@@@@@@@%#*=-+++%@%##%%@@@@@%#%@@@%%@%%%*=--=#%####-%@%%####++++++=---==++*####*+++*%@%@@
[2024-08-02T17:18:39.997+0900] {process_utils.py:191} INFO - -=*+=-=#@@@@@@@@@#*+++++*@@@@@@@@@@@@@@@@@@@@@@@@@@@#+==-+*+#=:-+#%##**==++**+++=====+*###*+**#@%##%
[2024-08-02T17:18:39.998+0900] {process_utils.py:191} INFO - -=++-+%%@%@@@@%+=-++***#@@@@@@@@@@@@%:+@@*%+=%@@@@@@%%#%%#*=+--:-=#++**%#*+=+++++===+**####=*%%%%%%%
[2024-08-02T17:18:39.998+0900] {process_utils.py:191} INFO - -=++#%%####+-:---=*%%@@%#######**++++=+++++++++%%=+%@@%##*+==-=++=+*****##*===+++++==*#####*+#%%##%%
[2024-08-02T17:18:39.998+0900] {process_utils.py:191} INFO - -=*+=---==+=-::::-*@@@%+=======++++++++++++++*#%#**%%%*==-+*=--+==*****#**+=====+++++=***+++=+==::::
[2024-08-02T17:18:39.998+0900] {process_utils.py:191} INFO - =#*=++++++*###**==*@@@%=======++++++++*@@@@@@@@%%#####-:=+----==******##****+++++***==-=+=:::.::::::
[2024-08-02T17:18:39.998+0900] {process_utils.py:191} INFO - #%*+*++++**##*###*+#@@#=========++++==*%%%%%%%%######*=-----==+*********##########*+====::::::::::::
[2024-08-02T17:18:39.998+0900] {process_utils.py:191} INFO - ++++*#%%@%*##*##***%@@*===============+%##%%######%%%%*==-===+*********+=+*#######*++++-:::--::-----
[2024-08-02T17:18:39.998+0900] {process_utils.py:191} INFO - ===+*#%@@%*##**#**+=--================+%%#%%###%#%%%%%#======*#######*-:-++*####*****++:------------
[2024-08-02T17:18:39.998+0900] {process_utils.py:191} INFO - =+=------=##**##**+=--================+%%#%%###%%#%%%%%+=====+###**++==----:-*####****=------==-====
[2024-08-02T17:18:39.999+0900] {process_utils.py:191} INFO - 
[2024-08-02T17:18:40.020+0900] {python.py:237} INFO - Done. Returned value was: None
[2024-08-02T17:18:40.021+0900] {taskinstance.py:441} INFO - ::group::Post task execution logs
[2024-08-02T17:18:40.025+0900] {taskinstance.py:1206} INFO - Marking task as SUCCESS. dag_id=movie, task_id=get.data, run_id=scheduled__2017-01-03T05:38:00+00:00, execution_date=20170103T053800, start_date=20240802T081834, end_date=20240802T081840
[2024-08-02T17:18:40.083+0900] {local_task_job_runner.py:243} INFO - Task exited with return code 0
[2024-08-02T17:18:40.098+0900] {taskinstance.py:3503} INFO - 0 downstream tasks scheduled from follow-on schedule check
[2024-08-02T17:18:40.099+0900] {local_task_job_runner.py:222} INFO - ::endgroup::
