[2024-08-02T17:21:18.649+0900] {local_task_job_runner.py:120} INFO - ::group::Pre task execution logs
[2024-08-02T17:21:18.673+0900] {taskinstance.py:2076} INFO - Dependencies all met for dep_context=non-requeueable deps ti=<TaskInstance: movie.get.data scheduled__2017-01-03T05:52:00+00:00 [queued]>
[2024-08-02T17:21:18.680+0900] {taskinstance.py:2076} INFO - Dependencies all met for dep_context=requeueable deps ti=<TaskInstance: movie.get.data scheduled__2017-01-03T05:52:00+00:00 [queued]>
[2024-08-02T17:21:18.680+0900] {taskinstance.py:2306} INFO - Starting attempt 1 of 3
[2024-08-02T17:21:18.693+0900] {taskinstance.py:2330} INFO - Executing <Task(PythonVirtualenvOperator): get.data> on 2017-01-03 05:52:00+00:00
[2024-08-02T17:21:18.695+0900] {standard_task_runner.py:64} INFO - Started process 161721 to run task
[2024-08-02T17:21:18.699+0900] {standard_task_runner.py:90} INFO - Running: ['airflow', 'tasks', 'run', 'movie', 'get.data', 'scheduled__2017-01-03T05:52:00+00:00', '--job-id', '183', '--raw', '--subdir', 'DAGS_FOLDER/movie.py', '--cfg-path', '/tmp/tmpcbcz9h48']
[2024-08-02T17:21:18.700+0900] {standard_task_runner.py:91} INFO - Job 183: Subtask get.data
[2024-08-02T17:21:18.736+0900] {task_command.py:426} INFO - Running <TaskInstance: movie.get.data scheduled__2017-01-03T05:52:00+00:00 [running]> on host playdata.
[2024-08-02T17:21:18.803+0900] {taskinstance.py:2648} INFO - Exporting env vars: AIRFLOW_CTX_DAG_OWNER='airflow' AIRFLOW_CTX_DAG_ID='movie' AIRFLOW_CTX_TASK_ID='get.data' AIRFLOW_CTX_EXECUTION_DATE='2017-01-03T05:52:00+00:00' AIRFLOW_CTX_TRY_NUMBER='1' AIRFLOW_CTX_DAG_RUN_ID='scheduled__2017-01-03T05:52:00+00:00'
[2024-08-02T17:21:18.804+0900] {taskinstance.py:430} INFO - ::endgroup::
[2024-08-02T17:21:18.814+0900] {baseoperator.py:400} WARNING - PythonVirtualenvOperator.execute cannot be called outside TaskInstance!
[2024-08-02T17:21:18.815+0900] {process_utils.py:183} INFO - Executing cmd: /home/oddsummer/.pyenv/versions/3.11.9/envs/air/bin/python -m virtualenv /tmp/venvo_wp1oh0 --python=python
[2024-08-02T17:21:18.816+0900] {process_utils.py:187} INFO - Output:
[2024-08-02T17:21:19.144+0900] {process_utils.py:191} INFO - created virtual environment CPython3.11.9.final.0-64 in 222ms
[2024-08-02T17:21:19.144+0900] {process_utils.py:191} INFO -   creator CPython3Posix(dest=/tmp/venvo_wp1oh0, clear=False, no_vcs_ignore=False, global=False)
[2024-08-02T17:21:19.145+0900] {process_utils.py:191} INFO -   seeder FromAppData(download=False, pip=bundle, setuptools=bundle, wheel=bundle, via=copy, app_data_dir=/home/oddsummer/.local/share/virtualenv)
[2024-08-02T17:21:19.145+0900] {process_utils.py:191} INFO -     added seed packages: pip==24.1.2, setuptools==70.2.0, wheel==0.43.0
[2024-08-02T17:21:19.145+0900] {process_utils.py:191} INFO -   activators BashActivator,CShellActivator,FishActivator,NushellActivator,PowerShellActivator,PythonActivator
[2024-08-02T17:21:19.170+0900] {process_utils.py:183} INFO - Executing cmd: /tmp/venvo_wp1oh0/bin/pip install -r /tmp/venvo_wp1oh0/requirements.txt
[2024-08-02T17:21:19.170+0900] {process_utils.py:187} INFO - Output:
[2024-08-02T17:21:20.089+0900] {process_utils.py:191} INFO - Collecting git+https://github.com/7-TRG/extract_trg.git@main (from -r /tmp/venvo_wp1oh0/requirements.txt (line 1))
[2024-08-02T17:21:20.090+0900] {process_utils.py:191} INFO -   Cloning https://github.com/7-TRG/extract_trg.git (to revision main) to /tmp/pip-req-build-06fesk8_
[2024-08-02T17:21:20.093+0900] {process_utils.py:191} INFO -   Running command git clone --filter=blob:none --quiet https://github.com/7-TRG/extract_trg.git /tmp/pip-req-build-06fesk8_
[2024-08-02T17:21:21.940+0900] {process_utils.py:191} INFO -   Resolved https://github.com/7-TRG/extract_trg.git to commit 0712b3f1bbaeeeea58bf80749079a62c7e1bec3d
[2024-08-02T17:21:21.946+0900] {process_utils.py:191} INFO -   Installing build dependencies: started
[2024-08-02T17:21:24.089+0900] {process_utils.py:191} INFO -   Installing build dependencies: finished with status 'done'
[2024-08-02T17:21:24.090+0900] {process_utils.py:191} INFO -   Getting requirements to build wheel: started
[2024-08-02T17:21:24.351+0900] {process_utils.py:191} INFO -   Getting requirements to build wheel: finished with status 'done'
[2024-08-02T17:21:24.353+0900] {process_utils.py:191} INFO -   Preparing metadata (pyproject.toml): started
[2024-08-02T17:21:24.594+0900] {process_utils.py:191} INFO -   Preparing metadata (pyproject.toml): finished with status 'done'
[2024-08-02T17:21:24.596+0900] {process_utils.py:191} INFO - Building wheels for collected packages: extract_trg
[2024-08-02T17:21:24.601+0900] {process_utils.py:191} INFO -   Building wheel for extract_trg (pyproject.toml): started
[2024-08-02T17:21:24.865+0900] {process_utils.py:191} INFO -   Building wheel for extract_trg (pyproject.toml): finished with status 'done'
[2024-08-02T17:21:24.866+0900] {process_utils.py:191} INFO -   Created wheel for extract_trg: filename=extract_trg-0.1.0-py3-none-any.whl size=2219 sha256=eb27ffe9ecf5065103c94d83b777b206397525214820c9651c19a6dc615ef6a7
[2024-08-02T17:21:24.866+0900] {process_utils.py:191} INFO -   Stored in directory: /tmp/pip-ephem-wheel-cache-fkhla3h8/wheels/21/97/ea/e27bc4298590f1b8a2b9c46b60aefbe2e3076cf05f6bd5e464
[2024-08-02T17:21:24.868+0900] {process_utils.py:191} INFO - Successfully built extract_trg
[2024-08-02T17:21:24.878+0900] {process_utils.py:191} INFO - Installing collected packages: extract_trg
[2024-08-02T17:21:24.900+0900] {process_utils.py:191} INFO - Successfully installed extract_trg-0.1.0
[2024-08-02T17:21:24.905+0900] {process_utils.py:191} INFO - 
[2024-08-02T17:21:24.905+0900] {process_utils.py:191} INFO - [notice] A new release of pip is available: 24.1.2 -> 24.2
[2024-08-02T17:21:24.906+0900] {process_utils.py:191} INFO - [notice] To update, run: python -m pip install --upgrade pip
[2024-08-02T17:21:24.999+0900] {process_utils.py:183} INFO - Executing cmd: /tmp/venvo_wp1oh0/bin/python /tmp/venv-callp_mgzjxc/script.py /tmp/venv-callp_mgzjxc/script.in /tmp/venv-callp_mgzjxc/script.out /tmp/venv-callp_mgzjxc/string_args.txt /tmp/venv-callp_mgzjxc/termination.log
[2024-08-02T17:21:25.000+0900] {process_utils.py:187} INFO - Output:
[2024-08-02T17:21:25.022+0900] {process_utils.py:191} INFO - 
[2024-08-02T17:21:25.022+0900] {process_utils.py:191} INFO - ---------------======---::::::------+--=======++++++++++===--:...::-=--==============--:.....:-=====
[2024-08-02T17:21:25.022+0900] {process_utils.py:191} INFO - ----::---------------------===--::--+-----=============++++++===---:....--===============--:...:-===
[2024-08-02T17:21:25.022+0900] {process_utils.py:191} INFO - ----------------------------------=++----------------------=+===========-::.:-======================
[2024-08-02T17:21:25.022+0900] {process_utils.py:191} INFO - =----------------------------------==-----------------------=-----==============================+=--
[2024-08-02T17:21:25.023+0900] {process_utils.py:191} INFO - %%####=----------------------------==----------------------=-::::-----======+*%#++================::
[2024-08-02T17:21:25.023+0900] {process_utils.py:191} INFO - %%%%%#=----------------------------=-:---------------------=--==--------=====*#*=================-::
[2024-08-02T17:21:25.023+0900] {process_utils.py:191} INFO - @@%%%*-----------------+***++=-----=-::-------------------:+---------=====+++====================-::
[2024-08-02T17:21:25.023+0900] {process_utils.py:191} INFO - @@%%%*---------------#%%%%##%%#=---=-+##*#+----------------=------------=====+====-=--===========-::
[2024-08-02T17:21:25.023+0900] {process_utils.py:191} INFO - @@@%%+--=+*%%%+-----+%@@%#++%%%#=--=*%+===#+::----------::=-----------=+*##*++=-----------=======-::
[2024-08-02T17:21:25.023+0900] {process_utils.py:191} INFO - +++++=-+#+***#*=-----#*++**+#@@@*--+#+**+***-:=-:---=*+-::=-----==+++*######%%%#=-------------==-:::
[2024-08-02T17:21:25.023+0900] {process_utils.py:191} INFO - *******-:::-*=-------+===+=-=+#%%:-=++++=+==-:=-:::=%%#-::###=-*#%%%%%%%%%%%%%%%%+---------------:::
[2024-08-02T17:21:25.023+0900] {process_utils.py:191} INFO - =====+=:--::+---+--+**++++*+++#%*-=--**++++-:=++=::+#*-::=%%%#*#%%%%%%%%@@%%%%@@%%#====------+#%%=-*
[2024-08-02T17:21:25.024+0900] {process_utils.py:191} INFO - =-==++---=+==*#%%%%%%=*++++++++==-=-*##*+=##**++=--++-:--*=-=*#%%%@%###*###*+++*%%%*=============-#%
[2024-08-02T17:21:25.024+0900] {process_utils.py:191} INFO - +-=------=*%%%%@%@@@@***=+*#+*##*#%%@@**++%@%%%%*+=--=-=+-:--:#%@@%#*****###*+---+*++#**===---=++*%@
[2024-08-02T17:21:25.024+0900] {process_utils.py:191} INFO - --==-::-*%%%@@@@@@@%#*=-+++%@%##%%@@@@@%#%@@@%%@%%%*=--=#%####-%@%%####++++++=---==++*####*+++*%@%@@
[2024-08-02T17:21:25.024+0900] {process_utils.py:191} INFO - -=*+=-=#@@@@@@@@@#*+++++*@@@@@@@@@@@@@@@@@@@@@@@@@@@#+==-+*+#=:-+#%##**==++**+++=====+*###*+**#@%##%
[2024-08-02T17:21:25.024+0900] {process_utils.py:191} INFO - -=++-+%%@%@@@@%+=-++***#@@@@@@@@@@@@%:+@@*%+=%@@@@@@%%#%%#*=+--:-=#++**%#*+=+++++===+**####=*%%%%%%%
[2024-08-02T17:21:25.024+0900] {process_utils.py:191} INFO - -=++#%%####+-:---=*%%@@%#######**++++=+++++++++%%=+%@@%##*+==-=++=+*****##*===+++++==*#####*+#%%##%%
[2024-08-02T17:21:25.025+0900] {process_utils.py:191} INFO - -=*+=---==+=-::::-*@@@%+=======++++++++++++++*#%#**%%%*==-+*=--+==*****#**+=====+++++=***+++=+==::::
[2024-08-02T17:21:25.025+0900] {process_utils.py:191} INFO - =#*=++++++*###**==*@@@%=======++++++++*@@@@@@@@%%#####-:=+----==******##****+++++***==-=+=:::.::::::
[2024-08-02T17:21:25.025+0900] {process_utils.py:191} INFO - #%*+*++++**##*###*+#@@#=========++++==*%%%%%%%%######*=-----==+*********##########*+====::::::::::::
[2024-08-02T17:21:25.025+0900] {process_utils.py:191} INFO - ++++*#%%@%*##*##***%@@*===============+%##%%######%%%%*==-===+*********+=+*#######*++++-:::--::-----
[2024-08-02T17:21:25.025+0900] {process_utils.py:191} INFO - ===+*#%@@%*##**#**+=--================+%%#%%###%#%%%%%#======*#######*-:-++*####*****++:------------
[2024-08-02T17:21:25.025+0900] {process_utils.py:191} INFO - =+=------=##**##**+=--================+%%#%%###%%#%%%%%+=====+###**++==----:-*####****=------==-====
[2024-08-02T17:21:25.025+0900] {process_utils.py:191} INFO - 
[2024-08-02T17:21:25.047+0900] {python.py:237} INFO - Done. Returned value was: None
[2024-08-02T17:21:25.047+0900] {taskinstance.py:441} INFO - ::group::Post task execution logs
[2024-08-02T17:21:25.052+0900] {taskinstance.py:1206} INFO - Marking task as SUCCESS. dag_id=movie, task_id=get.data, run_id=scheduled__2017-01-03T05:52:00+00:00, execution_date=20170103T055200, start_date=20240802T082118, end_date=20240802T082125
[2024-08-02T17:21:25.087+0900] {local_task_job_runner.py:243} INFO - Task exited with return code 0
[2024-08-02T17:21:25.098+0900] {taskinstance.py:3503} INFO - 0 downstream tasks scheduled from follow-on schedule check
[2024-08-02T17:21:25.098+0900] {local_task_job_runner.py:222} INFO - ::endgroup::
