[2024-08-02T17:48:58.114+0900] {local_task_job_runner.py:120} INFO - ::group::Pre task execution logs
[2024-08-02T17:48:58.135+0900] {taskinstance.py:2076} INFO - Dependencies all met for dep_context=non-requeueable deps ti=<TaskInstance: movie.load scheduled__2017-01-05T05:31:00+00:00 [queued]>
[2024-08-02T17:48:58.142+0900] {taskinstance.py:2076} INFO - Dependencies all met for dep_context=requeueable deps ti=<TaskInstance: movie.load scheduled__2017-01-05T05:31:00+00:00 [queued]>
[2024-08-02T17:48:58.142+0900] {taskinstance.py:2306} INFO - Starting attempt 1 of 3
[2024-08-02T17:48:58.159+0900] {taskinstance.py:2330} INFO - Executing <Task(PythonVirtualenvOperator): load> on 2017-01-05 05:31:00+00:00
[2024-08-02T17:48:58.162+0900] {standard_task_runner.py:64} INFO - Started process 177724 to run task
[2024-08-02T17:48:58.165+0900] {standard_task_runner.py:90} INFO - Running: ['airflow', 'tasks', 'run', 'movie', 'load', 'scheduled__2017-01-05T05:31:00+00:00', '--job-id', '341', '--raw', '--subdir', 'DAGS_FOLDER/movie.py', '--cfg-path', '/tmp/tmpgalfd7v5']
[2024-08-02T17:48:58.168+0900] {standard_task_runner.py:91} INFO - Job 341: Subtask load
[2024-08-02T17:48:58.205+0900] {task_command.py:426} INFO - Running <TaskInstance: movie.load scheduled__2017-01-05T05:31:00+00:00 [running]> on host playdata.
[2024-08-02T17:48:58.291+0900] {taskinstance.py:2648} INFO - Exporting env vars: AIRFLOW_CTX_DAG_OWNER='airflow' AIRFLOW_CTX_DAG_ID='movie' AIRFLOW_CTX_TASK_ID='load' AIRFLOW_CTX_EXECUTION_DATE='2017-01-05T05:31:00+00:00' AIRFLOW_CTX_TRY_NUMBER='1' AIRFLOW_CTX_DAG_RUN_ID='scheduled__2017-01-05T05:31:00+00:00'
[2024-08-02T17:48:58.292+0900] {taskinstance.py:430} INFO - ::endgroup::
[2024-08-02T17:48:58.302+0900] {baseoperator.py:400} WARNING - PythonVirtualenvOperator.execute cannot be called outside TaskInstance!
[2024-08-02T17:48:58.302+0900] {process_utils.py:183} INFO - Executing cmd: /home/oddsummer/.pyenv/versions/3.11.9/envs/air/bin/python -m virtualenv /tmp/venvrx17d7w6 --python=python
[2024-08-02T17:48:58.304+0900] {process_utils.py:187} INFO - Output:
[2024-08-02T17:48:58.766+0900] {process_utils.py:191} INFO - created virtual environment CPython3.11.9.final.0-64 in 358ms
[2024-08-02T17:48:58.766+0900] {process_utils.py:191} INFO -   creator CPython3Posix(dest=/tmp/venvrx17d7w6, clear=False, no_vcs_ignore=False, global=False)
[2024-08-02T17:48:58.767+0900] {process_utils.py:191} INFO -   seeder FromAppData(download=False, pip=bundle, setuptools=bundle, wheel=bundle, via=copy, app_data_dir=/home/oddsummer/.local/share/virtualenv)
[2024-08-02T17:48:58.767+0900] {process_utils.py:191} INFO -     added seed packages: pip==24.1.2, setuptools==70.2.0, wheel==0.43.0
[2024-08-02T17:48:58.768+0900] {process_utils.py:191} INFO -   activators BashActivator,CShellActivator,FishActivator,NushellActivator,PowerShellActivator,PythonActivator
[2024-08-02T17:48:58.803+0900] {process_utils.py:183} INFO - Executing cmd: /tmp/venvrx17d7w6/bin/pip install -r /tmp/venvrx17d7w6/requirements.txt
[2024-08-02T17:48:58.803+0900] {process_utils.py:187} INFO - Output:
[2024-08-02T17:48:59.963+0900] {process_utils.py:191} INFO - Collecting git+https://github.com/7-TRG/load_trg.git@main (from -r /tmp/venvrx17d7w6/requirements.txt (line 1))
[2024-08-02T17:48:59.964+0900] {process_utils.py:191} INFO -   Cloning https://github.com/7-TRG/load_trg.git (to revision main) to /tmp/pip-req-build-dq8rf5r7
[2024-08-02T17:48:59.966+0900] {process_utils.py:191} INFO -   Running command git clone --filter=blob:none --quiet https://github.com/7-TRG/load_trg.git /tmp/pip-req-build-dq8rf5r7
[2024-08-02T17:49:01.747+0900] {process_utils.py:191} INFO -   Resolved https://github.com/7-TRG/load_trg.git to commit a78367af409831858479a749824cec8cc5149efe
[2024-08-02T17:49:01.752+0900] {process_utils.py:191} INFO -   Installing build dependencies: started
[2024-08-02T17:49:04.192+0900] {process_utils.py:191} INFO -   Installing build dependencies: finished with status 'done'
[2024-08-02T17:49:04.194+0900] {process_utils.py:191} INFO -   Getting requirements to build wheel: started
[2024-08-02T17:49:04.530+0900] {process_utils.py:191} INFO -   Getting requirements to build wheel: finished with status 'done'
[2024-08-02T17:49:04.532+0900] {process_utils.py:191} INFO -   Preparing metadata (pyproject.toml): started
[2024-08-02T17:49:04.864+0900] {process_utils.py:191} INFO -   Preparing metadata (pyproject.toml): finished with status 'done'
[2024-08-02T17:49:04.869+0900] {process_utils.py:191} INFO - Building wheels for collected packages: load_trg
[2024-08-02T17:49:04.874+0900] {process_utils.py:191} INFO -   Building wheel for load_trg (pyproject.toml): started
[2024-08-02T17:49:05.229+0900] {process_utils.py:191} INFO -   Building wheel for load_trg (pyproject.toml): finished with status 'done'
[2024-08-02T17:49:05.229+0900] {process_utils.py:191} INFO -   Created wheel for load_trg: filename=load_trg-0.1.0-py3-none-any.whl size=2181 sha256=c69bbe79c20aa07a5c2533adedf8764359a88be94736627425d176dff4753d99
[2024-08-02T17:49:05.230+0900] {process_utils.py:191} INFO -   Stored in directory: /tmp/pip-ephem-wheel-cache-gt29ef2i/wheels/a8/48/51/c448b4db115fa94c6efe6c0747490b8a38ea43c45c28f37c7f
[2024-08-02T17:49:05.232+0900] {process_utils.py:191} INFO - Successfully built load_trg
[2024-08-02T17:49:05.244+0900] {process_utils.py:191} INFO - Installing collected packages: load_trg
[2024-08-02T17:49:05.277+0900] {process_utils.py:191} INFO - Successfully installed load_trg-0.1.0
[2024-08-02T17:49:05.286+0900] {process_utils.py:191} INFO - 
[2024-08-02T17:49:05.286+0900] {process_utils.py:191} INFO - [notice] A new release of pip is available: 24.1.2 -> 24.2
[2024-08-02T17:49:05.287+0900] {process_utils.py:191} INFO - [notice] To update, run: python -m pip install --upgrade pip
[2024-08-02T17:49:05.392+0900] {process_utils.py:183} INFO - Executing cmd: /tmp/venvrx17d7w6/bin/python /tmp/venv-call3vjqgfqj/script.py /tmp/venv-call3vjqgfqj/script.in /tmp/venv-call3vjqgfqj/script.out /tmp/venv-call3vjqgfqj/string_args.txt /tmp/venv-call3vjqgfqj/termination.log
[2024-08-02T17:49:05.393+0900] {process_utils.py:187} INFO - Output:
[2024-08-02T17:49:05.414+0900] {process_utils.py:191} INFO - 
[2024-08-02T17:49:05.415+0900] {process_utils.py:191} INFO -     ---------------======---::::::------+--=======++++++++++===--:...::-=--==============--:.....:-=====
[2024-08-02T17:49:05.415+0900] {process_utils.py:191} INFO - ----::---------------------===--::--+-----=============++++++===---:....--===============--:...:-===
[2024-08-02T17:49:05.415+0900] {process_utils.py:191} INFO - ----------------------------------=++----------------------=+===========-::.:-======================
[2024-08-02T17:49:05.416+0900] {process_utils.py:191} INFO - =----------------------------------==-----------------------=-----==============================+=--
[2024-08-02T17:49:05.416+0900] {process_utils.py:191} INFO - %%####=----------------------------==----------------------=-::::-----======+*%#++================::
[2024-08-02T17:49:05.416+0900] {process_utils.py:191} INFO - %%%%%#=----------------------------=-:---------------------=--==--------=====*#*=================-::
[2024-08-02T17:49:05.416+0900] {process_utils.py:191} INFO - @@%%%*-----------------+***++=-----=-::-------------------:+---------=====+++====================-::
[2024-08-02T17:49:05.417+0900] {process_utils.py:191} INFO - @@%%%*---------------#%%%%##%%#=---=-+##*#+----------------=------------=====+====-=--===========-::
[2024-08-02T17:49:05.417+0900] {process_utils.py:191} INFO - @@@%%+--=+*%%%+-----+%@@%#++%%%#=--=*%+===#+::----------::=-----------=+*##*++=-----------=======-::
[2024-08-02T17:49:05.417+0900] {process_utils.py:191} INFO - +++++=-+#+***#*=-----#*++**+#@@@*--+#+**+***-:=-:---=*+-::=-----==+++*######%%%#=-------------==-:::
[2024-08-02T17:49:05.417+0900] {process_utils.py:191} INFO - *******-:::-*=-------+===+=-=+#%%:-=++++=+==-:=-:::=%%#-::###=-*#%%%%%%%%%%%%%%%%+---------------:::
[2024-08-02T17:49:05.418+0900] {process_utils.py:191} INFO - =====+=:--::+---+--+**++++*+++#%*-=--**++++-:=++=::+#*-::=%%%#*#%%%%%%%%@@%%%%@@%%#====------+#%%=-*
[2024-08-02T17:49:05.418+0900] {process_utils.py:191} INFO - =-==++---=+==*#%%%%%%=*++++++++==-=-*##*+=##**++=--++-:--*=-=*#%%%@%###*###*+++*%%%*=============-#%
[2024-08-02T17:49:05.418+0900] {process_utils.py:191} INFO - +-=------=*%%%%@%@@@@***=+*#+*##*#%%@@**++%@%%%%*+=--=-=+-:--:#%@@%#*****###*+---+*++#**===---=++*%@
[2024-08-02T17:49:05.418+0900] {process_utils.py:191} INFO - --==-::-*%%%@@@@@@@%#*=-+++%@%##%%@@@@@%#%@@@%%@%%%*=--=#%####-%@%%####++++++=---==++*####*+++*%@%@@
[2024-08-02T17:49:05.419+0900] {process_utils.py:191} INFO - -=*+=-=#@@@@@@@@@#*+++++*@@@@@@@@@@@@@@@@@@@@@@@@@@@#+==-+*+#=:-+#%##**==++**+++=====+*###*+**#@%##%
[2024-08-02T17:49:05.419+0900] {process_utils.py:191} INFO - -=++-+%%@%@@@@%+=-++***#@@@@@@@@@@@@%:+@@*%+=%@@@@@@%%#%%#*=+--:-=#++**%#*+=+++++===+**####=*%%%%%%%
[2024-08-02T17:49:05.419+0900] {process_utils.py:191} INFO - -=++#%%####+-:---=*%%@@%#######**++++=+++++++++%%=+%@@%##*+==-=++=+*****##*===+++++==*#####*+#%%##%%
[2024-08-02T17:49:05.419+0900] {process_utils.py:191} INFO - -=*+=---==+=-::::-*@@@%+=======++++++++++++++*#%#**%%%*==-+*=--+==*****#**+=====+++++=***+++=+==::::
[2024-08-02T17:49:05.419+0900] {process_utils.py:191} INFO - =#*=++++++*###**==*@@@%=======++++++++*@@@@@@@@%%#####-:=+----==******##****+++++***==-=+=:::.::::::
[2024-08-02T17:49:05.420+0900] {process_utils.py:191} INFO - #%*+*++++**##*###*+#@@#=========++++==*%%%%%%%%######*=-----==+*********##########*+====::::::::::::
[2024-08-02T17:49:05.420+0900] {process_utils.py:191} INFO - ++++*#%%@%*##*##***%@@*===============+%##%%######%%%%*==-===+*********+=+*#######*++++-:::--::-----
[2024-08-02T17:49:05.420+0900] {process_utils.py:191} INFO - ===+*#%@@%*##**#**+=--================+%%#%%###%#%%%%%#======*#######*-:-++*####*****++:------------
[2024-08-02T17:49:05.420+0900] {process_utils.py:191} INFO - =+=------=##**##**+=--================+%%#%%###%%#%%%%%+=====+###**++==----:-*####****=------==-====
[2024-08-02T17:49:05.421+0900] {process_utils.py:191} INFO - 
[2024-08-02T17:49:05.421+0900] {process_utils.py:191} INFO - 
[2024-08-02T17:49:05.421+0900] {process_utils.py:191} INFO -     ---------------======---::::::------+--=======++++++++++===--:...::-=--==============--:.....:-=====
[2024-08-02T17:49:05.421+0900] {process_utils.py:191} INFO - ----::---------------------===--::--+-----=============++++++===---:....--===============--:...:-===
[2024-08-02T17:49:05.421+0900] {process_utils.py:191} INFO - ----------------------------------=++----------------------=+===========-::.:-======================
[2024-08-02T17:49:05.421+0900] {process_utils.py:191} INFO - =----------------------------------==-----------------------=-----==============================+=--
[2024-08-02T17:49:05.421+0900] {process_utils.py:191} INFO - %%####=----------------------------==----------------------=-::::-----======+*%#++================::
[2024-08-02T17:49:05.422+0900] {process_utils.py:191} INFO - %%%%%#=----------------------------=-:---------------------=--==--------=====*#*=================-::
[2024-08-02T17:49:05.422+0900] {process_utils.py:191} INFO - @@%%%*-----------------+***++=-----=-::-------------------:+---------=====+++====================-::
[2024-08-02T17:49:05.422+0900] {process_utils.py:191} INFO - @@%%%*---------------#%%%%##%%#=---=-+##*#+----------------=------------=====+====-=--===========-::
[2024-08-02T17:49:05.422+0900] {process_utils.py:191} INFO - @@@%%+--=+*%%%+-----+%@@%#++%%%#=--=*%+===#+::----------::=-----------=+*##*++=-----------=======-::
[2024-08-02T17:49:05.422+0900] {process_utils.py:191} INFO - +++++=-+#+***#*=-----#*++**+#@@@*--+#+**+***-:=-:---=*+-::=-----==+++*######%%%#=-------------==-:::
[2024-08-02T17:49:05.422+0900] {process_utils.py:191} INFO - *******-:::-*=-------+===+=-=+#%%:-=++++=+==-:=-:::=%%#-::###=-*#%%%%%%%%%%%%%%%%+---------------:::
[2024-08-02T17:49:05.423+0900] {process_utils.py:191} INFO - =====+=:--::+---+--+**++++*+++#%*-=--**++++-:=++=::+#*-::=%%%#*#%%%%%%%%@@%%%%@@%%#====------+#%%=-*
[2024-08-02T17:49:05.423+0900] {process_utils.py:191} INFO - =-==++---=+==*#%%%%%%=*++++++++==-=-*##*+=##**++=--++-:--*=-=*#%%%@%###*###*+++*%%%*=============-#%
[2024-08-02T17:49:05.423+0900] {process_utils.py:191} INFO - +-=------=*%%%%@%@@@@***=+*#+*##*#%%@@**++%@%%%%*+=--=-=+-:--:#%@@%#*****###*+---+*++#**===---=++*%@
[2024-08-02T17:49:05.423+0900] {process_utils.py:191} INFO - --==-::-*%%%@@@@@@@%#*=-+++%@%##%%@@@@@%#%@@@%%@%%%*=--=#%####-%@%%####++++++=---==++*####*+++*%@%@@
[2024-08-02T17:49:05.423+0900] {process_utils.py:191} INFO - -=*+=-=#@@@@@@@@@#*+++++*@@@@@@@@@@@@@@@@@@@@@@@@@@@#+==-+*+#=:-+#%##**==++**+++=====+*###*+**#@%##%
[2024-08-02T17:49:05.423+0900] {process_utils.py:191} INFO - -=++-+%%@%@@@@%+=-++***#@@@@@@@@@@@@%:+@@*%+=%@@@@@@%%#%%#*=+--:-=#++**%#*+=+++++===+**####=*%%%%%%%
[2024-08-02T17:49:05.423+0900] {process_utils.py:191} INFO - -=++#%%####+-:---=*%%@@%#######**++++=+++++++++%%=+%@@%##*+==-=++=+*****##*===+++++==*#####*+#%%##%%
[2024-08-02T17:49:05.423+0900] {process_utils.py:191} INFO - -=*+=---==+=-::::-*@@@%+=======++++++++++++++*#%#**%%%*==-+*=--+==*****#**+=====+++++=***+++=+==::::
[2024-08-02T17:49:05.424+0900] {process_utils.py:191} INFO - =#*=++++++*###**==*@@@%=======++++++++*@@@@@@@@%%#####-:=+----==******##****+++++***==-=+=:::.::::::
[2024-08-02T17:49:05.424+0900] {process_utils.py:191} INFO - #%*+*++++**##*###*+#@@#=========++++==*%%%%%%%%######*=-----==+*********##########*+====::::::::::::
[2024-08-02T17:49:05.424+0900] {process_utils.py:191} INFO - ++++*#%%@%*##*##***%@@*===============+%##%%######%%%%*==-===+*********+=+*#######*++++-:::--::-----
[2024-08-02T17:49:05.424+0900] {process_utils.py:191} INFO - ===+*#%@@%*##**#**+=--================+%%#%%###%#%%%%%#======*#######*-:-++*####*****++:------------
[2024-08-02T17:49:05.424+0900] {process_utils.py:191} INFO - =+=------=##**##**+=--================+%%#%%###%%#%%%%%+=====+###**++==----:-*####****=------==-====
[2024-08-02T17:49:05.424+0900] {process_utils.py:191} INFO - 
[2024-08-02T17:49:05.448+0900] {python.py:237} INFO - Done. Returned value was: None
[2024-08-02T17:49:05.448+0900] {taskinstance.py:441} INFO - ::group::Post task execution logs
[2024-08-02T17:49:05.453+0900] {taskinstance.py:1206} INFO - Marking task as SUCCESS. dag_id=movie, task_id=load, run_id=scheduled__2017-01-05T05:31:00+00:00, execution_date=20170105T053100, start_date=20240802T084858, end_date=20240802T084905
[2024-08-02T17:49:05.501+0900] {local_task_job_runner.py:243} INFO - Task exited with return code 0
[2024-08-02T17:49:05.514+0900] {taskinstance.py:3503} INFO - 0 downstream tasks scheduled from follow-on schedule check
[2024-08-02T17:49:05.515+0900] {local_task_job_runner.py:222} INFO - ::endgroup::
