[2024-08-02T17:14:15.803+0900] {local_task_job_runner.py:120} INFO - ::group::Pre task execution logs
[2024-08-02T17:14:15.822+0900] {taskinstance.py:2076} INFO - Dependencies all met for dep_context=non-requeueable deps ti=<TaskInstance: movie.get.data scheduled__2017-01-03T05:16:00+00:00 [queued]>
[2024-08-02T17:14:15.828+0900] {taskinstance.py:2076} INFO - Dependencies all met for dep_context=requeueable deps ti=<TaskInstance: movie.get.data scheduled__2017-01-03T05:16:00+00:00 [queued]>
[2024-08-02T17:14:15.828+0900] {taskinstance.py:2306} INFO - Starting attempt 1 of 3
[2024-08-02T17:14:15.842+0900] {taskinstance.py:2330} INFO - Executing <Task(PythonVirtualenvOperator): get.data> on 2017-01-03 05:16:00+00:00
[2024-08-02T17:14:15.845+0900] {standard_task_runner.py:64} INFO - Started process 158637 to run task
[2024-08-02T17:14:15.849+0900] {standard_task_runner.py:90} INFO - Running: ['airflow', 'tasks', 'run', 'movie', 'get.data', 'scheduled__2017-01-03T05:16:00+00:00', '--job-id', '147', '--raw', '--subdir', 'DAGS_FOLDER/movie.py', '--cfg-path', '/tmp/tmpgv1ab9p5']
[2024-08-02T17:14:15.851+0900] {standard_task_runner.py:91} INFO - Job 147: Subtask get.data
[2024-08-02T17:14:15.884+0900] {task_command.py:426} INFO - Running <TaskInstance: movie.get.data scheduled__2017-01-03T05:16:00+00:00 [running]> on host playdata.
[2024-08-02T17:14:15.953+0900] {taskinstance.py:2648} INFO - Exporting env vars: AIRFLOW_CTX_DAG_OWNER='airflow' AIRFLOW_CTX_DAG_ID='movie' AIRFLOW_CTX_TASK_ID='get.data' AIRFLOW_CTX_EXECUTION_DATE='2017-01-03T05:16:00+00:00' AIRFLOW_CTX_TRY_NUMBER='1' AIRFLOW_CTX_DAG_RUN_ID='scheduled__2017-01-03T05:16:00+00:00'
[2024-08-02T17:14:15.954+0900] {taskinstance.py:430} INFO - ::endgroup::
[2024-08-02T17:14:15.964+0900] {baseoperator.py:400} WARNING - PythonVirtualenvOperator.execute cannot be called outside TaskInstance!
[2024-08-02T17:14:15.965+0900] {process_utils.py:183} INFO - Executing cmd: /home/oddsummer/.pyenv/versions/3.11.9/envs/air/bin/python -m virtualenv /tmp/venv9cr90nnw --python=python
[2024-08-02T17:14:15.965+0900] {process_utils.py:187} INFO - Output:
[2024-08-02T17:14:16.319+0900] {process_utils.py:191} INFO - created virtual environment CPython3.11.9.final.0-64 in 245ms
[2024-08-02T17:14:16.320+0900] {process_utils.py:191} INFO -   creator CPython3Posix(dest=/tmp/venv9cr90nnw, clear=False, no_vcs_ignore=False, global=False)
[2024-08-02T17:14:16.320+0900] {process_utils.py:191} INFO -   seeder FromAppData(download=False, pip=bundle, setuptools=bundle, wheel=bundle, via=copy, app_data_dir=/home/oddsummer/.local/share/virtualenv)
[2024-08-02T17:14:16.320+0900] {process_utils.py:191} INFO -     added seed packages: pip==24.1.2, setuptools==70.2.0, wheel==0.43.0
[2024-08-02T17:14:16.321+0900] {process_utils.py:191} INFO -   activators BashActivator,CShellActivator,FishActivator,NushellActivator,PowerShellActivator,PythonActivator
[2024-08-02T17:14:16.344+0900] {process_utils.py:183} INFO - Executing cmd: /tmp/venv9cr90nnw/bin/pip install -r /tmp/venv9cr90nnw/requirements.txt
[2024-08-02T17:14:16.344+0900] {process_utils.py:187} INFO - Output:
[2024-08-02T17:14:17.285+0900] {process_utils.py:191} INFO - Collecting git+https://github.com/7-TRG/extract_trg.git@main (from -r /tmp/venv9cr90nnw/requirements.txt (line 1))
[2024-08-02T17:14:17.286+0900] {process_utils.py:191} INFO -   Cloning https://github.com/7-TRG/extract_trg.git (to revision main) to /tmp/pip-req-build-qeed3yxm
[2024-08-02T17:14:17.288+0900] {process_utils.py:191} INFO -   Running command git clone --filter=blob:none --quiet https://github.com/7-TRG/extract_trg.git /tmp/pip-req-build-qeed3yxm
[2024-08-02T17:14:18.952+0900] {process_utils.py:191} INFO -   Resolved https://github.com/7-TRG/extract_trg.git to commit 0712b3f1bbaeeeea58bf80749079a62c7e1bec3d
[2024-08-02T17:14:18.957+0900] {process_utils.py:191} INFO -   Installing build dependencies: started
[2024-08-02T17:14:20.867+0900] {process_utils.py:191} INFO -   Installing build dependencies: finished with status 'done'
[2024-08-02T17:14:20.868+0900] {process_utils.py:191} INFO -   Getting requirements to build wheel: started
[2024-08-02T17:14:21.105+0900] {process_utils.py:191} INFO -   Getting requirements to build wheel: finished with status 'done'
[2024-08-02T17:14:21.107+0900] {process_utils.py:191} INFO -   Preparing metadata (pyproject.toml): started
[2024-08-02T17:14:21.345+0900] {process_utils.py:191} INFO -   Preparing metadata (pyproject.toml): finished with status 'done'
[2024-08-02T17:14:21.348+0900] {process_utils.py:191} INFO - Building wheels for collected packages: extract_trg
[2024-08-02T17:14:21.352+0900] {process_utils.py:191} INFO -   Building wheel for extract_trg (pyproject.toml): started
[2024-08-02T17:14:21.622+0900] {process_utils.py:191} INFO -   Building wheel for extract_trg (pyproject.toml): finished with status 'done'
[2024-08-02T17:14:21.623+0900] {process_utils.py:191} INFO -   Created wheel for extract_trg: filename=extract_trg-0.1.0-py3-none-any.whl size=2219 sha256=e1cf1c4f080d8873222316c8953aa0389868181930695cbd0120c6e53cbea948
[2024-08-02T17:14:21.623+0900] {process_utils.py:191} INFO -   Stored in directory: /tmp/pip-ephem-wheel-cache-fufx18j8/wheels/21/97/ea/e27bc4298590f1b8a2b9c46b60aefbe2e3076cf05f6bd5e464
[2024-08-02T17:14:21.625+0900] {process_utils.py:191} INFO - Successfully built extract_trg
[2024-08-02T17:14:21.634+0900] {process_utils.py:191} INFO - Installing collected packages: extract_trg
[2024-08-02T17:14:21.654+0900] {process_utils.py:191} INFO - Successfully installed extract_trg-0.1.0
[2024-08-02T17:14:21.660+0900] {process_utils.py:191} INFO - 
[2024-08-02T17:14:21.660+0900] {process_utils.py:191} INFO - [notice] A new release of pip is available: 24.1.2 -> 24.2
[2024-08-02T17:14:21.660+0900] {process_utils.py:191} INFO - [notice] To update, run: python -m pip install --upgrade pip
[2024-08-02T17:14:21.782+0900] {process_utils.py:183} INFO - Executing cmd: /tmp/venv9cr90nnw/bin/python /tmp/venv-callnxgjyote/script.py /tmp/venv-callnxgjyote/script.in /tmp/venv-callnxgjyote/script.out /tmp/venv-callnxgjyote/string_args.txt /tmp/venv-callnxgjyote/termination.log
[2024-08-02T17:14:21.783+0900] {process_utils.py:187} INFO - Output:
[2024-08-02T17:14:21.806+0900] {process_utils.py:191} INFO - 
[2024-08-02T17:14:21.807+0900] {process_utils.py:191} INFO - ---------------======---::::::------+--=======++++++++++===--:...::-=--==============--:.....:-=====
[2024-08-02T17:14:21.807+0900] {process_utils.py:191} INFO - ----::---------------------===--::--+-----=============++++++===---:....--===============--:...:-===
[2024-08-02T17:14:21.807+0900] {process_utils.py:191} INFO - ----------------------------------=++----------------------=+===========-::.:-======================
[2024-08-02T17:14:21.808+0900] {process_utils.py:191} INFO - =----------------------------------==-----------------------=-----==============================+=--
[2024-08-02T17:14:21.808+0900] {process_utils.py:191} INFO - %%####=----------------------------==----------------------=-::::-----======+*%#++================::
[2024-08-02T17:14:21.808+0900] {process_utils.py:191} INFO - %%%%%#=----------------------------=-:---------------------=--==--------=====*#*=================-::
[2024-08-02T17:14:21.808+0900] {process_utils.py:191} INFO - @@%%%*-----------------+***++=-----=-::-------------------:+---------=====+++====================-::
[2024-08-02T17:14:21.808+0900] {process_utils.py:191} INFO - @@%%%*---------------#%%%%##%%#=---=-+##*#+----------------=------------=====+====-=--===========-::
[2024-08-02T17:14:21.808+0900] {process_utils.py:191} INFO - @@@%%+--=+*%%%+-----+%@@%#++%%%#=--=*%+===#+::----------::=-----------=+*##*++=-----------=======-::
[2024-08-02T17:14:21.808+0900] {process_utils.py:191} INFO - +++++=-+#+***#*=-----#*++**+#@@@*--+#+**+***-:=-:---=*+-::=-----==+++*######%%%#=-------------==-:::
[2024-08-02T17:14:21.809+0900] {process_utils.py:191} INFO - *******-:::-*=-------+===+=-=+#%%:-=++++=+==-:=-:::=%%#-::###=-*#%%%%%%%%%%%%%%%%+---------------:::
[2024-08-02T17:14:21.809+0900] {process_utils.py:191} INFO - =====+=:--::+---+--+**++++*+++#%*-=--**++++-:=++=::+#*-::=%%%#*#%%%%%%%%@@%%%%@@%%#====------+#%%=-*
[2024-08-02T17:14:21.809+0900] {process_utils.py:191} INFO - =-==++---=+==*#%%%%%%=*++++++++==-=-*##*+=##**++=--++-:--*=-=*#%%%@%###*###*+++*%%%*=============-#%
[2024-08-02T17:14:21.809+0900] {process_utils.py:191} INFO - +-=------=*%%%%@%@@@@***=+*#+*##*#%%@@**++%@%%%%*+=--=-=+-:--:#%@@%#*****###*+---+*++#**===---=++*%@
[2024-08-02T17:14:21.809+0900] {process_utils.py:191} INFO - --==-::-*%%%@@@@@@@%#*=-+++%@%##%%@@@@@%#%@@@%%@%%%*=--=#%####-%@%%####++++++=---==++*####*+++*%@%@@
[2024-08-02T17:14:21.809+0900] {process_utils.py:191} INFO - -=*+=-=#@@@@@@@@@#*+++++*@@@@@@@@@@@@@@@@@@@@@@@@@@@#+==-+*+#=:-+#%##**==++**+++=====+*###*+**#@%##%
[2024-08-02T17:14:21.809+0900] {process_utils.py:191} INFO - -=++-+%%@%@@@@%+=-++***#@@@@@@@@@@@@%:+@@*%+=%@@@@@@%%#%%#*=+--:-=#++**%#*+=+++++===+**####=*%%%%%%%
[2024-08-02T17:14:21.810+0900] {process_utils.py:191} INFO - -=++#%%####+-:---=*%%@@%#######**++++=+++++++++%%=+%@@%##*+==-=++=+*****##*===+++++==*#####*+#%%##%%
[2024-08-02T17:14:21.810+0900] {process_utils.py:191} INFO - -=*+=---==+=-::::-*@@@%+=======++++++++++++++*#%#**%%%*==-+*=--+==*****#**+=====+++++=***+++=+==::::
[2024-08-02T17:14:21.810+0900] {process_utils.py:191} INFO - =#*=++++++*###**==*@@@%=======++++++++*@@@@@@@@%%#####-:=+----==******##****+++++***==-=+=:::.::::::
[2024-08-02T17:14:21.810+0900] {process_utils.py:191} INFO - #%*+*++++**##*###*+#@@#=========++++==*%%%%%%%%######*=-----==+*********##########*+====::::::::::::
[2024-08-02T17:14:21.810+0900] {process_utils.py:191} INFO - ++++*#%%@%*##*##***%@@*===============+%##%%######%%%%*==-===+*********+=+*#######*++++-:::--::-----
[2024-08-02T17:14:21.810+0900] {process_utils.py:191} INFO - ===+*#%@@%*##**#**+=--================+%%#%%###%#%%%%%#======*#######*-:-++*####*****++:------------
[2024-08-02T17:14:21.811+0900] {process_utils.py:191} INFO - =+=------=##**##**+=--================+%%#%%###%%#%%%%%+=====+###**++==----:-*####****=------==-====
[2024-08-02T17:14:21.811+0900] {process_utils.py:191} INFO - 
[2024-08-02T17:14:21.836+0900] {python.py:237} INFO - Done. Returned value was: None
[2024-08-02T17:14:21.836+0900] {taskinstance.py:441} INFO - ::group::Post task execution logs
[2024-08-02T17:14:21.841+0900] {taskinstance.py:1206} INFO - Marking task as SUCCESS. dag_id=movie, task_id=get.data, run_id=scheduled__2017-01-03T05:16:00+00:00, execution_date=20170103T051600, start_date=20240802T081415, end_date=20240802T081421
[2024-08-02T17:14:21.893+0900] {local_task_job_runner.py:243} INFO - Task exited with return code 0
[2024-08-02T17:14:21.906+0900] {taskinstance.py:3503} INFO - 0 downstream tasks scheduled from follow-on schedule check
[2024-08-02T17:14:21.907+0900] {local_task_job_runner.py:222} INFO - ::endgroup::
