[2024-08-02T17:45:56.498+0900] {local_task_job_runner.py:120} INFO - ::group::Pre task execution logs
[2024-08-02T17:45:56.518+0900] {taskinstance.py:2076} INFO - Dependencies all met for dep_context=non-requeueable deps ti=<TaskInstance: movie.transform scheduled__2017-01-05T05:25:00+00:00 [queued]>
[2024-08-02T17:45:56.525+0900] {taskinstance.py:2076} INFO - Dependencies all met for dep_context=requeueable deps ti=<TaskInstance: movie.transform scheduled__2017-01-05T05:25:00+00:00 [queued]>
[2024-08-02T17:45:56.525+0900] {taskinstance.py:2306} INFO - Starting attempt 1 of 3
[2024-08-02T17:45:56.541+0900] {taskinstance.py:2330} INFO - Executing <Task(PythonVirtualenvOperator): transform> on 2017-01-05 05:25:00+00:00
[2024-08-02T17:45:56.544+0900] {standard_task_runner.py:64} INFO - Started process 176260 to run task
[2024-08-02T17:45:56.549+0900] {standard_task_runner.py:90} INFO - Running: ['airflow', 'tasks', 'run', 'movie', 'transform', 'scheduled__2017-01-05T05:25:00+00:00', '--job-id', '322', '--raw', '--subdir', 'DAGS_FOLDER/movie.py', '--cfg-path', '/tmp/tmphojz7z_r']
[2024-08-02T17:45:56.550+0900] {standard_task_runner.py:91} INFO - Job 322: Subtask transform
[2024-08-02T17:45:56.587+0900] {task_command.py:426} INFO - Running <TaskInstance: movie.transform scheduled__2017-01-05T05:25:00+00:00 [running]> on host playdata.
[2024-08-02T17:45:56.654+0900] {taskinstance.py:2648} INFO - Exporting env vars: AIRFLOW_CTX_DAG_OWNER='airflow' AIRFLOW_CTX_DAG_ID='movie' AIRFLOW_CTX_TASK_ID='transform' AIRFLOW_CTX_EXECUTION_DATE='2017-01-05T05:25:00+00:00' AIRFLOW_CTX_TRY_NUMBER='1' AIRFLOW_CTX_DAG_RUN_ID='scheduled__2017-01-05T05:25:00+00:00'
[2024-08-02T17:45:56.655+0900] {taskinstance.py:430} INFO - ::endgroup::
[2024-08-02T17:45:56.666+0900] {baseoperator.py:400} WARNING - PythonVirtualenvOperator.execute cannot be called outside TaskInstance!
[2024-08-02T17:45:56.667+0900] {process_utils.py:183} INFO - Executing cmd: /home/oddsummer/.pyenv/versions/3.11.9/envs/air/bin/python -m virtualenv /tmp/venv_2slaacp --python=python
[2024-08-02T17:45:56.668+0900] {process_utils.py:187} INFO - Output:
[2024-08-02T17:45:57.033+0900] {process_utils.py:191} INFO - created virtual environment CPython3.11.9.final.0-64 in 257ms
[2024-08-02T17:45:57.033+0900] {process_utils.py:191} INFO -   creator CPython3Posix(dest=/tmp/venv_2slaacp, clear=False, no_vcs_ignore=False, global=False)
[2024-08-02T17:45:57.033+0900] {process_utils.py:191} INFO -   seeder FromAppData(download=False, pip=bundle, setuptools=bundle, wheel=bundle, via=copy, app_data_dir=/home/oddsummer/.local/share/virtualenv)
[2024-08-02T17:45:57.033+0900] {process_utils.py:191} INFO -     added seed packages: pip==24.1.2, setuptools==70.2.0, wheel==0.43.0
[2024-08-02T17:45:57.034+0900] {process_utils.py:191} INFO -   activators BashActivator,CShellActivator,FishActivator,NushellActivator,PowerShellActivator,PythonActivator
[2024-08-02T17:45:57.057+0900] {process_utils.py:183} INFO - Executing cmd: /tmp/venv_2slaacp/bin/pip install -r /tmp/venv_2slaacp/requirements.txt
[2024-08-02T17:45:57.058+0900] {process_utils.py:187} INFO - Output:
[2024-08-02T17:45:57.991+0900] {process_utils.py:191} INFO - Collecting git+https://github.com/7-TRG/transform_trg.git@main (from -r /tmp/venv_2slaacp/requirements.txt (line 1))
[2024-08-02T17:45:57.993+0900] {process_utils.py:191} INFO -   Cloning https://github.com/7-TRG/transform_trg.git (to revision main) to /tmp/pip-req-build-qbi19lxs
[2024-08-02T17:45:57.995+0900] {process_utils.py:191} INFO -   Running command git clone --filter=blob:none --quiet https://github.com/7-TRG/transform_trg.git /tmp/pip-req-build-qbi19lxs
[2024-08-02T17:45:59.778+0900] {process_utils.py:191} INFO -   Resolved https://github.com/7-TRG/transform_trg.git to commit 789fe432a030fafcbef44ec873bc256dce822228
[2024-08-02T17:45:59.784+0900] {process_utils.py:191} INFO -   Installing build dependencies: started
[2024-08-02T17:46:01.666+0900] {process_utils.py:191} INFO -   Installing build dependencies: finished with status 'done'
[2024-08-02T17:46:01.667+0900] {process_utils.py:191} INFO -   Getting requirements to build wheel: started
[2024-08-02T17:46:01.907+0900] {process_utils.py:191} INFO -   Getting requirements to build wheel: finished with status 'done'
[2024-08-02T17:46:01.909+0900] {process_utils.py:191} INFO -   Preparing metadata (pyproject.toml): started
[2024-08-02T17:46:02.158+0900] {process_utils.py:191} INFO -   Preparing metadata (pyproject.toml): finished with status 'done'
[2024-08-02T17:46:02.160+0900] {process_utils.py:191} INFO - Building wheels for collected packages: transform_trg
[2024-08-02T17:46:02.165+0900] {process_utils.py:191} INFO -   Building wheel for transform_trg (pyproject.toml): started
[2024-08-02T17:46:02.431+0900] {process_utils.py:191} INFO -   Building wheel for transform_trg (pyproject.toml): finished with status 'done'
[2024-08-02T17:46:02.432+0900] {process_utils.py:191} INFO -   Created wheel for transform_trg: filename=transform_trg-0.1.0-py3-none-any.whl size=2244 sha256=11b542d721e88ba480eb4c7bfb619b0ab0af0077b84973f10152b28aa96ac798
[2024-08-02T17:46:02.432+0900] {process_utils.py:191} INFO -   Stored in directory: /tmp/pip-ephem-wheel-cache-2vquy_ur/wheels/52/ed/12/e63285a730e0434716bf2b76c497e2eca12531b214fbcca988
[2024-08-02T17:46:02.434+0900] {process_utils.py:191} INFO - Successfully built transform_trg
[2024-08-02T17:46:02.443+0900] {process_utils.py:191} INFO - Installing collected packages: transform_trg
[2024-08-02T17:46:02.474+0900] {process_utils.py:191} INFO - Successfully installed transform_trg-0.1.0
[2024-08-02T17:46:02.481+0900] {process_utils.py:191} INFO - 
[2024-08-02T17:46:02.481+0900] {process_utils.py:191} INFO - [notice] A new release of pip is available: 24.1.2 -> 24.2
[2024-08-02T17:46:02.481+0900] {process_utils.py:191} INFO - [notice] To update, run: python -m pip install --upgrade pip
[2024-08-02T17:46:02.576+0900] {process_utils.py:183} INFO - Executing cmd: /tmp/venv_2slaacp/bin/python /tmp/venv-callgpn0a7g2/script.py /tmp/venv-callgpn0a7g2/script.in /tmp/venv-callgpn0a7g2/script.out /tmp/venv-callgpn0a7g2/string_args.txt /tmp/venv-callgpn0a7g2/termination.log
[2024-08-02T17:46:02.577+0900] {process_utils.py:187} INFO - Output:
[2024-08-02T17:46:02.596+0900] {process_utils.py:191} INFO - 
[2024-08-02T17:46:02.596+0900] {process_utils.py:191} INFO - ---------------======---::::::------+--=======++++++++++===--:...::-=--==============--:.....:-=====
[2024-08-02T17:46:02.596+0900] {process_utils.py:191} INFO - ----::---------------------===--::--+-----=============++++++===---:....--===============--:...:-===
[2024-08-02T17:46:02.596+0900] {process_utils.py:191} INFO - ----------------------------------=++----------------------=+===========-::.:-======================
[2024-08-02T17:46:02.597+0900] {process_utils.py:191} INFO - =----------------------------------==-----------------------=-----==============================+=--
[2024-08-02T17:46:02.597+0900] {process_utils.py:191} INFO - %%####=----------------------------==----------------------=-::::-----======+*%#++================::
[2024-08-02T17:46:02.597+0900] {process_utils.py:191} INFO - %%%%%#=----------------------------=-:---------------------=--==--------=====*#*=================-::
[2024-08-02T17:46:02.597+0900] {process_utils.py:191} INFO - @@%%%*-----------------+***++=-----=-::-------------------:+---------=====+++====================-::
[2024-08-02T17:46:02.598+0900] {process_utils.py:191} INFO - @@%%%*---------------#%%%%##%%#=---=-+##*#+----------------=------------=====+====-=--===========-::
[2024-08-02T17:46:02.598+0900] {process_utils.py:191} INFO - @@@%%+--=+*%%%+-----+%@@%#++%%%#=--=*%+===#+::----------::=-----------=+*##*++=-----------=======-::
[2024-08-02T17:46:02.598+0900] {process_utils.py:191} INFO - +++++=-+#+***#*=-----#*++**+#@@@*--+#+**+***-:=-:---=*+-::=-----==+++*######%%%#=-------------==-:::
[2024-08-02T17:46:02.598+0900] {process_utils.py:191} INFO - *******-:::-*=-------+===+=-=+#%%:-=++++=+==-:=-:::=%%#-::###=-*#%%%%%%%%%%%%%%%%+---------------:::
[2024-08-02T17:46:02.598+0900] {process_utils.py:191} INFO - =====+=:--::+---+--+**++++*+++#%*-=--**++++-:=++=::+#*-::=%%%#*#%%%%%%%%@@%%%%@@%%#====------+#%%=-*
[2024-08-02T17:46:02.598+0900] {process_utils.py:191} INFO - =-==++---=+==*#%%%%%%=*++++++++==-=-*##*+=##**++=--++-:--*=-=*#%%%@%###*###*+++*%%%*=============-#%
[2024-08-02T17:46:02.599+0900] {process_utils.py:191} INFO - +-=------=*%%%%@%@@@@***=+*#+*##*#%%@@**++%@%%%%*+=--=-=+-:--:#%@@%#*****###*+---+*++#**===---=++*%@
[2024-08-02T17:46:02.599+0900] {process_utils.py:191} INFO - --==-::-*%%%@@@@@@@%#*=-+++%@%##%%@@@@@%#%@@@%%@%%%*=--=#%####-%@%%####++++++=---==++*####*+++*%@%@@
[2024-08-02T17:46:02.599+0900] {process_utils.py:191} INFO - -=*+=-=#@@@@@@@@@#*+++++*@@@@@@@@@@@@@@@@@@@@@@@@@@@#+==-+*+#=:-+#%##**==++**+++=====+*###*+**#@%##%
[2024-08-02T17:46:02.599+0900] {process_utils.py:191} INFO - -=++-+%%@%@@@@%+=-++***#@@@@@@@@@@@@%:+@@*%+=%@@@@@@%%#%%#*=+--:-=#++**%#*+=+++++===+**####=*%%%%%%%
[2024-08-02T17:46:02.599+0900] {process_utils.py:191} INFO - -=++#%%####+-:---=*%%@@%#######**++++=+++++++++%%=+%@@%##*+==-=++=+*****##*===+++++==*#####*+#%%##%%
[2024-08-02T17:46:02.599+0900] {process_utils.py:191} INFO - -=*+=---==+=-::::-*@@@%+=======++++++++++++++*#%#**%%%*==-+*=--+==*****#**+=====+++++=***+++=+==::::
[2024-08-02T17:46:02.599+0900] {process_utils.py:191} INFO - =#*=++++++*###**==*@@@%=======++++++++*@@@@@@@@%%#####-:=+----==******##****+++++***==-=+=:::.::::::
[2024-08-02T17:46:02.600+0900] {process_utils.py:191} INFO - #%*+*++++**##*###*+#@@#=========++++==*%%%%%%%%######*=-----==+*********##########*+====::::::::::::
[2024-08-02T17:46:02.600+0900] {process_utils.py:191} INFO - ++++*#%%@%*##*##***%@@*===============+%##%%######%%%%*==-===+*********+=+*#######*++++-:::--::-----
[2024-08-02T17:46:02.600+0900] {process_utils.py:191} INFO - ===+*#%@@%*##**#**+=--================+%%#%%###%#%%%%%#======*#######*-:-++*####*****++:------------
[2024-08-02T17:46:02.600+0900] {process_utils.py:191} INFO - =+=------=##**##**+=--================+%%#%%###%%#%%%%%+=====+###**++==----:-*####****=------==-====
[2024-08-02T17:46:02.600+0900] {process_utils.py:191} INFO - 
[2024-08-02T17:46:02.628+0900] {python.py:237} INFO - Done. Returned value was: None
[2024-08-02T17:46:02.628+0900] {taskinstance.py:441} INFO - ::group::Post task execution logs
[2024-08-02T17:46:02.635+0900] {taskinstance.py:1206} INFO - Marking task as SUCCESS. dag_id=movie, task_id=transform, run_id=scheduled__2017-01-05T05:25:00+00:00, execution_date=20170105T052500, start_date=20240802T084556, end_date=20240802T084602
[2024-08-02T17:46:02.673+0900] {local_task_job_runner.py:243} INFO - Task exited with return code 0
[2024-08-02T17:46:02.694+0900] {taskinstance.py:3503} INFO - 1 downstream tasks scheduled from follow-on schedule check
[2024-08-02T17:46:02.703+0900] {local_task_job_runner.py:222} INFO - ::endgroup::
