[2024-08-02T17:30:01.927+0900] {local_task_job_runner.py:120} INFO - ::group::Pre task execution logs
[2024-08-02T17:30:01.951+0900] {taskinstance.py:2076} INFO - Dependencies all met for dep_context=non-requeueable deps ti=<TaskInstance: movie.get.data scheduled__2017-01-04T05:36:00+00:00 [queued]>
[2024-08-02T17:30:01.958+0900] {taskinstance.py:2076} INFO - Dependencies all met for dep_context=requeueable deps ti=<TaskInstance: movie.get.data scheduled__2017-01-04T05:36:00+00:00 [queued]>
[2024-08-02T17:30:01.959+0900] {taskinstance.py:2306} INFO - Starting attempt 1 of 3
[2024-08-02T17:30:01.974+0900] {taskinstance.py:2330} INFO - Executing <Task(PythonVirtualenvOperator): get.data> on 2017-01-04 05:36:00+00:00
[2024-08-02T17:30:01.977+0900] {standard_task_runner.py:64} INFO - Started process 165599 to run task
[2024-08-02T17:30:01.980+0900] {standard_task_runner.py:90} INFO - Running: ['airflow', 'tasks', 'run', 'movie', 'get.data', 'scheduled__2017-01-04T05:36:00+00:00', '--job-id', '227', '--raw', '--subdir', 'DAGS_FOLDER/movie.py', '--cfg-path', '/tmp/tmpi99osves']
[2024-08-02T17:30:01.982+0900] {standard_task_runner.py:91} INFO - Job 227: Subtask get.data
[2024-08-02T17:30:02.023+0900] {task_command.py:426} INFO - Running <TaskInstance: movie.get.data scheduled__2017-01-04T05:36:00+00:00 [running]> on host playdata.
[2024-08-02T17:30:02.103+0900] {taskinstance.py:2648} INFO - Exporting env vars: AIRFLOW_CTX_DAG_OWNER='airflow' AIRFLOW_CTX_DAG_ID='movie' AIRFLOW_CTX_TASK_ID='get.data' AIRFLOW_CTX_EXECUTION_DATE='2017-01-04T05:36:00+00:00' AIRFLOW_CTX_TRY_NUMBER='1' AIRFLOW_CTX_DAG_RUN_ID='scheduled__2017-01-04T05:36:00+00:00'
[2024-08-02T17:30:02.104+0900] {taskinstance.py:430} INFO - ::endgroup::
[2024-08-02T17:30:02.119+0900] {baseoperator.py:400} WARNING - PythonVirtualenvOperator.execute cannot be called outside TaskInstance!
[2024-08-02T17:30:02.120+0900] {process_utils.py:183} INFO - Executing cmd: /home/oddsummer/.pyenv/versions/3.11.9/envs/air/bin/python -m virtualenv /tmp/venvx6st84s7 --python=python
[2024-08-02T17:30:02.121+0900] {process_utils.py:187} INFO - Output:
[2024-08-02T17:30:02.530+0900] {process_utils.py:191} INFO - created virtual environment CPython3.11.9.final.0-64 in 302ms
[2024-08-02T17:30:02.531+0900] {process_utils.py:191} INFO -   creator CPython3Posix(dest=/tmp/venvx6st84s7, clear=False, no_vcs_ignore=False, global=False)
[2024-08-02T17:30:02.531+0900] {process_utils.py:191} INFO -   seeder FromAppData(download=False, pip=bundle, setuptools=bundle, wheel=bundle, via=copy, app_data_dir=/home/oddsummer/.local/share/virtualenv)
[2024-08-02T17:30:02.531+0900] {process_utils.py:191} INFO -     added seed packages: pip==24.1.2, setuptools==70.2.0, wheel==0.43.0
[2024-08-02T17:30:02.531+0900] {process_utils.py:191} INFO -   activators BashActivator,CShellActivator,FishActivator,NushellActivator,PowerShellActivator,PythonActivator
[2024-08-02T17:30:02.556+0900] {process_utils.py:183} INFO - Executing cmd: /tmp/venvx6st84s7/bin/pip install -r /tmp/venvx6st84s7/requirements.txt
[2024-08-02T17:30:02.557+0900] {process_utils.py:187} INFO - Output:
[2024-08-02T17:30:03.523+0900] {process_utils.py:191} INFO - Collecting git+https://github.com/7-TRG/extract_trg.git@main (from -r /tmp/venvx6st84s7/requirements.txt (line 1))
[2024-08-02T17:30:03.524+0900] {process_utils.py:191} INFO -   Cloning https://github.com/7-TRG/extract_trg.git (to revision main) to /tmp/pip-req-build-91hwobab
[2024-08-02T17:30:03.527+0900] {process_utils.py:191} INFO -   Running command git clone --filter=blob:none --quiet https://github.com/7-TRG/extract_trg.git /tmp/pip-req-build-91hwobab
[2024-08-02T17:30:05.288+0900] {process_utils.py:191} INFO -   Resolved https://github.com/7-TRG/extract_trg.git to commit 0712b3f1bbaeeeea58bf80749079a62c7e1bec3d
[2024-08-02T17:30:05.295+0900] {process_utils.py:191} INFO -   Installing build dependencies: started
[2024-08-02T17:30:07.130+0900] {process_utils.py:191} INFO -   Installing build dependencies: finished with status 'done'
[2024-08-02T17:30:07.131+0900] {process_utils.py:191} INFO -   Getting requirements to build wheel: started
[2024-08-02T17:30:07.369+0900] {process_utils.py:191} INFO -   Getting requirements to build wheel: finished with status 'done'
[2024-08-02T17:30:07.370+0900] {process_utils.py:191} INFO -   Preparing metadata (pyproject.toml): started
[2024-08-02T17:30:07.616+0900] {process_utils.py:191} INFO -   Preparing metadata (pyproject.toml): finished with status 'done'
[2024-08-02T17:30:07.619+0900] {process_utils.py:191} INFO - Building wheels for collected packages: extract_trg
[2024-08-02T17:30:07.623+0900] {process_utils.py:191} INFO -   Building wheel for extract_trg (pyproject.toml): started
[2024-08-02T17:30:07.874+0900] {process_utils.py:191} INFO -   Building wheel for extract_trg (pyproject.toml): finished with status 'done'
[2024-08-02T17:30:07.874+0900] {process_utils.py:191} INFO -   Created wheel for extract_trg: filename=extract_trg-0.1.0-py3-none-any.whl size=2219 sha256=5ffd10e352ef14043a22aaeafd3b07365ab373af20b4c89623057d01bd8f1090
[2024-08-02T17:30:07.875+0900] {process_utils.py:191} INFO -   Stored in directory: /tmp/pip-ephem-wheel-cache-d3wibpp_/wheels/21/97/ea/e27bc4298590f1b8a2b9c46b60aefbe2e3076cf05f6bd5e464
[2024-08-02T17:30:07.877+0900] {process_utils.py:191} INFO - Successfully built extract_trg
[2024-08-02T17:30:07.886+0900] {process_utils.py:191} INFO - Installing collected packages: extract_trg
[2024-08-02T17:30:07.906+0900] {process_utils.py:191} INFO - Successfully installed extract_trg-0.1.0
[2024-08-02T17:30:07.913+0900] {process_utils.py:191} INFO - 
[2024-08-02T17:30:07.914+0900] {process_utils.py:191} INFO - [notice] A new release of pip is available: 24.1.2 -> 24.2
[2024-08-02T17:30:07.914+0900] {process_utils.py:191} INFO - [notice] To update, run: python -m pip install --upgrade pip
[2024-08-02T17:30:08.012+0900] {process_utils.py:183} INFO - Executing cmd: /tmp/venvx6st84s7/bin/python /tmp/venv-callg3j46923/script.py /tmp/venv-callg3j46923/script.in /tmp/venv-callg3j46923/script.out /tmp/venv-callg3j46923/string_args.txt /tmp/venv-callg3j46923/termination.log
[2024-08-02T17:30:08.013+0900] {process_utils.py:187} INFO - Output:
[2024-08-02T17:30:08.032+0900] {process_utils.py:191} INFO - 
[2024-08-02T17:30:08.033+0900] {process_utils.py:191} INFO - ---------------======---::::::------+--=======++++++++++===--:...::-=--==============--:.....:-=====
[2024-08-02T17:30:08.033+0900] {process_utils.py:191} INFO - ----::---------------------===--::--+-----=============++++++===---:....--===============--:...:-===
[2024-08-02T17:30:08.033+0900] {process_utils.py:191} INFO - ----------------------------------=++----------------------=+===========-::.:-======================
[2024-08-02T17:30:08.033+0900] {process_utils.py:191} INFO - =----------------------------------==-----------------------=-----==============================+=--
[2024-08-02T17:30:08.034+0900] {process_utils.py:191} INFO - %%####=----------------------------==----------------------=-::::-----======+*%#++================::
[2024-08-02T17:30:08.034+0900] {process_utils.py:191} INFO - %%%%%#=----------------------------=-:---------------------=--==--------=====*#*=================-::
[2024-08-02T17:30:08.034+0900] {process_utils.py:191} INFO - @@%%%*-----------------+***++=-----=-::-------------------:+---------=====+++====================-::
[2024-08-02T17:30:08.034+0900] {process_utils.py:191} INFO - @@%%%*---------------#%%%%##%%#=---=-+##*#+----------------=------------=====+====-=--===========-::
[2024-08-02T17:30:08.034+0900] {process_utils.py:191} INFO - @@@%%+--=+*%%%+-----+%@@%#++%%%#=--=*%+===#+::----------::=-----------=+*##*++=-----------=======-::
[2024-08-02T17:30:08.035+0900] {process_utils.py:191} INFO - +++++=-+#+***#*=-----#*++**+#@@@*--+#+**+***-:=-:---=*+-::=-----==+++*######%%%#=-------------==-:::
[2024-08-02T17:30:08.035+0900] {process_utils.py:191} INFO - *******-:::-*=-------+===+=-=+#%%:-=++++=+==-:=-:::=%%#-::###=-*#%%%%%%%%%%%%%%%%+---------------:::
[2024-08-02T17:30:08.035+0900] {process_utils.py:191} INFO - =====+=:--::+---+--+**++++*+++#%*-=--**++++-:=++=::+#*-::=%%%#*#%%%%%%%%@@%%%%@@%%#====------+#%%=-*
[2024-08-02T17:30:08.036+0900] {process_utils.py:191} INFO - =-==++---=+==*#%%%%%%=*++++++++==-=-*##*+=##**++=--++-:--*=-=*#%%%@%###*###*+++*%%%*=============-#%
[2024-08-02T17:30:08.036+0900] {process_utils.py:191} INFO - +-=------=*%%%%@%@@@@***=+*#+*##*#%%@@**++%@%%%%*+=--=-=+-:--:#%@@%#*****###*+---+*++#**===---=++*%@
[2024-08-02T17:30:08.036+0900] {process_utils.py:191} INFO - --==-::-*%%%@@@@@@@%#*=-+++%@%##%%@@@@@%#%@@@%%@%%%*=--=#%####-%@%%####++++++=---==++*####*+++*%@%@@
[2024-08-02T17:30:08.036+0900] {process_utils.py:191} INFO - -=*+=-=#@@@@@@@@@#*+++++*@@@@@@@@@@@@@@@@@@@@@@@@@@@#+==-+*+#=:-+#%##**==++**+++=====+*###*+**#@%##%
[2024-08-02T17:30:08.036+0900] {process_utils.py:191} INFO - -=++-+%%@%@@@@%+=-++***#@@@@@@@@@@@@%:+@@*%+=%@@@@@@%%#%%#*=+--:-=#++**%#*+=+++++===+**####=*%%%%%%%
[2024-08-02T17:30:08.037+0900] {process_utils.py:191} INFO - -=++#%%####+-:---=*%%@@%#######**++++=+++++++++%%=+%@@%##*+==-=++=+*****##*===+++++==*#####*+#%%##%%
[2024-08-02T17:30:08.037+0900] {process_utils.py:191} INFO - -=*+=---==+=-::::-*@@@%+=======++++++++++++++*#%#**%%%*==-+*=--+==*****#**+=====+++++=***+++=+==::::
[2024-08-02T17:30:08.037+0900] {process_utils.py:191} INFO - =#*=++++++*###**==*@@@%=======++++++++*@@@@@@@@%%#####-:=+----==******##****+++++***==-=+=:::.::::::
[2024-08-02T17:30:08.038+0900] {process_utils.py:191} INFO - #%*+*++++**##*###*+#@@#=========++++==*%%%%%%%%######*=-----==+*********##########*+====::::::::::::
[2024-08-02T17:30:08.038+0900] {process_utils.py:191} INFO - ++++*#%%@%*##*##***%@@*===============+%##%%######%%%%*==-===+*********+=+*#######*++++-:::--::-----
[2024-08-02T17:30:08.039+0900] {process_utils.py:191} INFO - ===+*#%@@%*##**#**+=--================+%%#%%###%#%%%%%#======*#######*-:-++*####*****++:------------
[2024-08-02T17:30:08.039+0900] {process_utils.py:191} INFO - =+=------=##**##**+=--================+%%#%%###%%#%%%%%+=====+###**++==----:-*####****=------==-====
[2024-08-02T17:30:08.039+0900] {process_utils.py:191} INFO - 
[2024-08-02T17:30:08.072+0900] {python.py:237} INFO - Done. Returned value was: None
[2024-08-02T17:30:08.073+0900] {taskinstance.py:441} INFO - ::group::Post task execution logs
[2024-08-02T17:30:08.077+0900] {taskinstance.py:1206} INFO - Marking task as SUCCESS. dag_id=movie, task_id=get.data, run_id=scheduled__2017-01-04T05:36:00+00:00, execution_date=20170104T053600, start_date=20240802T083001, end_date=20240802T083008
[2024-08-02T17:30:08.110+0900] {local_task_job_runner.py:243} INFO - Task exited with return code 0
[2024-08-02T17:30:08.125+0900] {taskinstance.py:3503} INFO - 0 downstream tasks scheduled from follow-on schedule check
[2024-08-02T17:30:08.126+0900] {local_task_job_runner.py:222} INFO - ::endgroup::
