[2024-08-02T17:27:14.232+0900] {local_task_job_runner.py:120} INFO - ::group::Pre task execution logs
[2024-08-02T17:27:14.251+0900] {taskinstance.py:2076} INFO - Dependencies all met for dep_context=non-requeueable deps ti=<TaskInstance: movie.get.data scheduled__2017-01-04T05:22:00+00:00 [queued]>
[2024-08-02T17:27:14.257+0900] {taskinstance.py:2076} INFO - Dependencies all met for dep_context=requeueable deps ti=<TaskInstance: movie.get.data scheduled__2017-01-04T05:22:00+00:00 [queued]>
[2024-08-02T17:27:14.257+0900] {taskinstance.py:2306} INFO - Starting attempt 1 of 3
[2024-08-02T17:27:14.273+0900] {taskinstance.py:2330} INFO - Executing <Task(PythonVirtualenvOperator): get.data> on 2017-01-04 05:22:00+00:00
[2024-08-02T17:27:14.276+0900] {standard_task_runner.py:64} INFO - Started process 164303 to run task
[2024-08-02T17:27:14.281+0900] {standard_task_runner.py:90} INFO - Running: ['airflow', 'tasks', 'run', 'movie', 'get.data', 'scheduled__2017-01-04T05:22:00+00:00', '--job-id', '213', '--raw', '--subdir', 'DAGS_FOLDER/movie.py', '--cfg-path', '/tmp/tmp3n0euek9']
[2024-08-02T17:27:14.283+0900] {standard_task_runner.py:91} INFO - Job 213: Subtask get.data
[2024-08-02T17:27:14.324+0900] {task_command.py:426} INFO - Running <TaskInstance: movie.get.data scheduled__2017-01-04T05:22:00+00:00 [running]> on host playdata.
[2024-08-02T17:27:14.397+0900] {taskinstance.py:2648} INFO - Exporting env vars: AIRFLOW_CTX_DAG_OWNER='airflow' AIRFLOW_CTX_DAG_ID='movie' AIRFLOW_CTX_TASK_ID='get.data' AIRFLOW_CTX_EXECUTION_DATE='2017-01-04T05:22:00+00:00' AIRFLOW_CTX_TRY_NUMBER='1' AIRFLOW_CTX_DAG_RUN_ID='scheduled__2017-01-04T05:22:00+00:00'
[2024-08-02T17:27:14.398+0900] {taskinstance.py:430} INFO - ::endgroup::
[2024-08-02T17:27:14.408+0900] {baseoperator.py:400} WARNING - PythonVirtualenvOperator.execute cannot be called outside TaskInstance!
[2024-08-02T17:27:14.409+0900] {process_utils.py:183} INFO - Executing cmd: /home/oddsummer/.pyenv/versions/3.11.9/envs/air/bin/python -m virtualenv /tmp/venvlzuuwq7j --python=python
[2024-08-02T17:27:14.409+0900] {process_utils.py:187} INFO - Output:
[2024-08-02T17:27:14.822+0900] {process_utils.py:191} INFO - created virtual environment CPython3.11.9.final.0-64 in 299ms
[2024-08-02T17:27:14.823+0900] {process_utils.py:191} INFO -   creator CPython3Posix(dest=/tmp/venvlzuuwq7j, clear=False, no_vcs_ignore=False, global=False)
[2024-08-02T17:27:14.823+0900] {process_utils.py:191} INFO -   seeder FromAppData(download=False, pip=bundle, setuptools=bundle, wheel=bundle, via=copy, app_data_dir=/home/oddsummer/.local/share/virtualenv)
[2024-08-02T17:27:14.823+0900] {process_utils.py:191} INFO -     added seed packages: pip==24.1.2, setuptools==70.2.0, wheel==0.43.0
[2024-08-02T17:27:14.823+0900] {process_utils.py:191} INFO -   activators BashActivator,CShellActivator,FishActivator,NushellActivator,PowerShellActivator,PythonActivator
[2024-08-02T17:27:14.851+0900] {process_utils.py:183} INFO - Executing cmd: /tmp/venvlzuuwq7j/bin/pip install -r /tmp/venvlzuuwq7j/requirements.txt
[2024-08-02T17:27:14.852+0900] {process_utils.py:187} INFO - Output:
[2024-08-02T17:27:16.020+0900] {process_utils.py:191} INFO - Collecting git+https://github.com/7-TRG/extract_trg.git@main (from -r /tmp/venvlzuuwq7j/requirements.txt (line 1))
[2024-08-02T17:27:16.022+0900] {process_utils.py:191} INFO -   Cloning https://github.com/7-TRG/extract_trg.git (to revision main) to /tmp/pip-req-build-qgkp5vjo
[2024-08-02T17:27:16.024+0900] {process_utils.py:191} INFO -   Running command git clone --filter=blob:none --quiet https://github.com/7-TRG/extract_trg.git /tmp/pip-req-build-qgkp5vjo
[2024-08-02T17:27:17.810+0900] {process_utils.py:191} INFO -   Resolved https://github.com/7-TRG/extract_trg.git to commit 0712b3f1bbaeeeea58bf80749079a62c7e1bec3d
[2024-08-02T17:27:17.818+0900] {process_utils.py:191} INFO -   Installing build dependencies: started
[2024-08-02T17:27:20.120+0900] {process_utils.py:191} INFO -   Installing build dependencies: finished with status 'done'
[2024-08-02T17:27:20.121+0900] {process_utils.py:191} INFO -   Getting requirements to build wheel: started
[2024-08-02T17:27:20.426+0900] {process_utils.py:191} INFO -   Getting requirements to build wheel: finished with status 'done'
[2024-08-02T17:27:20.427+0900] {process_utils.py:191} INFO -   Preparing metadata (pyproject.toml): started
[2024-08-02T17:27:20.698+0900] {process_utils.py:191} INFO -   Preparing metadata (pyproject.toml): finished with status 'done'
[2024-08-02T17:27:20.700+0900] {process_utils.py:191} INFO - Building wheels for collected packages: extract_trg
[2024-08-02T17:27:20.704+0900] {process_utils.py:191} INFO -   Building wheel for extract_trg (pyproject.toml): started
[2024-08-02T17:27:20.977+0900] {process_utils.py:191} INFO -   Building wheel for extract_trg (pyproject.toml): finished with status 'done'
[2024-08-02T17:27:20.978+0900] {process_utils.py:191} INFO -   Created wheel for extract_trg: filename=extract_trg-0.1.0-py3-none-any.whl size=2219 sha256=4b4009f3da613a10e8121a49211449786a50085dc8cb5d7e53266dc68ab2875a
[2024-08-02T17:27:20.978+0900] {process_utils.py:191} INFO -   Stored in directory: /tmp/pip-ephem-wheel-cache-5r_isvpn/wheels/21/97/ea/e27bc4298590f1b8a2b9c46b60aefbe2e3076cf05f6bd5e464
[2024-08-02T17:27:20.981+0900] {process_utils.py:191} INFO - Successfully built extract_trg
[2024-08-02T17:27:20.990+0900] {process_utils.py:191} INFO - Installing collected packages: extract_trg
[2024-08-02T17:27:21.028+0900] {process_utils.py:191} INFO - Successfully installed extract_trg-0.1.0
[2024-08-02T17:27:21.034+0900] {process_utils.py:191} INFO - 
[2024-08-02T17:27:21.034+0900] {process_utils.py:191} INFO - [notice] A new release of pip is available: 24.1.2 -> 24.2
[2024-08-02T17:27:21.034+0900] {process_utils.py:191} INFO - [notice] To update, run: python -m pip install --upgrade pip
[2024-08-02T17:27:21.142+0900] {process_utils.py:183} INFO - Executing cmd: /tmp/venvlzuuwq7j/bin/python /tmp/venv-callfe6xajzz/script.py /tmp/venv-callfe6xajzz/script.in /tmp/venv-callfe6xajzz/script.out /tmp/venv-callfe6xajzz/string_args.txt /tmp/venv-callfe6xajzz/termination.log
[2024-08-02T17:27:21.143+0900] {process_utils.py:187} INFO - Output:
[2024-08-02T17:27:21.163+0900] {process_utils.py:191} INFO - 
[2024-08-02T17:27:21.164+0900] {process_utils.py:191} INFO - ---------------======---::::::------+--=======++++++++++===--:...::-=--==============--:.....:-=====
[2024-08-02T17:27:21.164+0900] {process_utils.py:191} INFO - ----::---------------------===--::--+-----=============++++++===---:....--===============--:...:-===
[2024-08-02T17:27:21.164+0900] {process_utils.py:191} INFO - ----------------------------------=++----------------------=+===========-::.:-======================
[2024-08-02T17:27:21.164+0900] {process_utils.py:191} INFO - =----------------------------------==-----------------------=-----==============================+=--
[2024-08-02T17:27:21.164+0900] {process_utils.py:191} INFO - %%####=----------------------------==----------------------=-::::-----======+*%#++================::
[2024-08-02T17:27:21.165+0900] {process_utils.py:191} INFO - %%%%%#=----------------------------=-:---------------------=--==--------=====*#*=================-::
[2024-08-02T17:27:21.165+0900] {process_utils.py:191} INFO - @@%%%*-----------------+***++=-----=-::-------------------:+---------=====+++====================-::
[2024-08-02T17:27:21.165+0900] {process_utils.py:191} INFO - @@%%%*---------------#%%%%##%%#=---=-+##*#+----------------=------------=====+====-=--===========-::
[2024-08-02T17:27:21.165+0900] {process_utils.py:191} INFO - @@@%%+--=+*%%%+-----+%@@%#++%%%#=--=*%+===#+::----------::=-----------=+*##*++=-----------=======-::
[2024-08-02T17:27:21.165+0900] {process_utils.py:191} INFO - +++++=-+#+***#*=-----#*++**+#@@@*--+#+**+***-:=-:---=*+-::=-----==+++*######%%%#=-------------==-:::
[2024-08-02T17:27:21.165+0900] {process_utils.py:191} INFO - *******-:::-*=-------+===+=-=+#%%:-=++++=+==-:=-:::=%%#-::###=-*#%%%%%%%%%%%%%%%%+---------------:::
[2024-08-02T17:27:21.166+0900] {process_utils.py:191} INFO - =====+=:--::+---+--+**++++*+++#%*-=--**++++-:=++=::+#*-::=%%%#*#%%%%%%%%@@%%%%@@%%#====------+#%%=-*
[2024-08-02T17:27:21.166+0900] {process_utils.py:191} INFO - =-==++---=+==*#%%%%%%=*++++++++==-=-*##*+=##**++=--++-:--*=-=*#%%%@%###*###*+++*%%%*=============-#%
[2024-08-02T17:27:21.166+0900] {process_utils.py:191} INFO - +-=------=*%%%%@%@@@@***=+*#+*##*#%%@@**++%@%%%%*+=--=-=+-:--:#%@@%#*****###*+---+*++#**===---=++*%@
[2024-08-02T17:27:21.166+0900] {process_utils.py:191} INFO - --==-::-*%%%@@@@@@@%#*=-+++%@%##%%@@@@@%#%@@@%%@%%%*=--=#%####-%@%%####++++++=---==++*####*+++*%@%@@
[2024-08-02T17:27:21.166+0900] {process_utils.py:191} INFO - -=*+=-=#@@@@@@@@@#*+++++*@@@@@@@@@@@@@@@@@@@@@@@@@@@#+==-+*+#=:-+#%##**==++**+++=====+*###*+**#@%##%
[2024-08-02T17:27:21.166+0900] {process_utils.py:191} INFO - -=++-+%%@%@@@@%+=-++***#@@@@@@@@@@@@%:+@@*%+=%@@@@@@%%#%%#*=+--:-=#++**%#*+=+++++===+**####=*%%%%%%%
[2024-08-02T17:27:21.166+0900] {process_utils.py:191} INFO - -=++#%%####+-:---=*%%@@%#######**++++=+++++++++%%=+%@@%##*+==-=++=+*****##*===+++++==*#####*+#%%##%%
[2024-08-02T17:27:21.167+0900] {process_utils.py:191} INFO - -=*+=---==+=-::::-*@@@%+=======++++++++++++++*#%#**%%%*==-+*=--+==*****#**+=====+++++=***+++=+==::::
[2024-08-02T17:27:21.167+0900] {process_utils.py:191} INFO - =#*=++++++*###**==*@@@%=======++++++++*@@@@@@@@%%#####-:=+----==******##****+++++***==-=+=:::.::::::
[2024-08-02T17:27:21.167+0900] {process_utils.py:191} INFO - #%*+*++++**##*###*+#@@#=========++++==*%%%%%%%%######*=-----==+*********##########*+====::::::::::::
[2024-08-02T17:27:21.167+0900] {process_utils.py:191} INFO - ++++*#%%@%*##*##***%@@*===============+%##%%######%%%%*==-===+*********+=+*#######*++++-:::--::-----
[2024-08-02T17:27:21.167+0900] {process_utils.py:191} INFO - ===+*#%@@%*##**#**+=--================+%%#%%###%#%%%%%#======*#######*-:-++*####*****++:------------
[2024-08-02T17:27:21.167+0900] {process_utils.py:191} INFO - =+=------=##**##**+=--================+%%#%%###%%#%%%%%+=====+###**++==----:-*####****=------==-====
[2024-08-02T17:27:21.167+0900] {process_utils.py:191} INFO - 
[2024-08-02T17:27:21.193+0900] {python.py:237} INFO - Done. Returned value was: None
[2024-08-02T17:27:21.194+0900] {taskinstance.py:441} INFO - ::group::Post task execution logs
[2024-08-02T17:27:21.199+0900] {taskinstance.py:1206} INFO - Marking task as SUCCESS. dag_id=movie, task_id=get.data, run_id=scheduled__2017-01-04T05:22:00+00:00, execution_date=20170104T052200, start_date=20240802T082714, end_date=20240802T082721
[2024-08-02T17:27:21.276+0900] {local_task_job_runner.py:243} INFO - Task exited with return code 0
[2024-08-02T17:27:21.297+0900] {taskinstance.py:3503} INFO - 0 downstream tasks scheduled from follow-on schedule check
[2024-08-02T17:27:21.298+0900] {local_task_job_runner.py:222} INFO - ::endgroup::
