[2024-08-02T17:22:40.403+0900] {local_task_job_runner.py:120} INFO - ::group::Pre task execution logs
[2024-08-02T17:22:40.421+0900] {taskinstance.py:2076} INFO - Dependencies all met for dep_context=non-requeueable deps ti=<TaskInstance: movie.get.data scheduled__2017-01-03T05:59:00+00:00 [queued]>
[2024-08-02T17:22:40.426+0900] {taskinstance.py:2076} INFO - Dependencies all met for dep_context=requeueable deps ti=<TaskInstance: movie.get.data scheduled__2017-01-03T05:59:00+00:00 [queued]>
[2024-08-02T17:22:40.427+0900] {taskinstance.py:2306} INFO - Starting attempt 1 of 3
[2024-08-02T17:22:40.442+0900] {taskinstance.py:2330} INFO - Executing <Task(PythonVirtualenvOperator): get.data> on 2017-01-03 05:59:00+00:00
[2024-08-02T17:22:40.445+0900] {standard_task_runner.py:64} INFO - Started process 162328 to run task
[2024-08-02T17:22:40.448+0900] {standard_task_runner.py:90} INFO - Running: ['airflow', 'tasks', 'run', 'movie', 'get.data', 'scheduled__2017-01-03T05:59:00+00:00', '--job-id', '190', '--raw', '--subdir', 'DAGS_FOLDER/movie.py', '--cfg-path', '/tmp/tmp0ix4jp9c']
[2024-08-02T17:22:40.450+0900] {standard_task_runner.py:91} INFO - Job 190: Subtask get.data
[2024-08-02T17:22:40.484+0900] {task_command.py:426} INFO - Running <TaskInstance: movie.get.data scheduled__2017-01-03T05:59:00+00:00 [running]> on host playdata.
[2024-08-02T17:22:40.550+0900] {taskinstance.py:2648} INFO - Exporting env vars: AIRFLOW_CTX_DAG_OWNER='airflow' AIRFLOW_CTX_DAG_ID='movie' AIRFLOW_CTX_TASK_ID='get.data' AIRFLOW_CTX_EXECUTION_DATE='2017-01-03T05:59:00+00:00' AIRFLOW_CTX_TRY_NUMBER='1' AIRFLOW_CTX_DAG_RUN_ID='scheduled__2017-01-03T05:59:00+00:00'
[2024-08-02T17:22:40.551+0900] {taskinstance.py:430} INFO - ::endgroup::
[2024-08-02T17:22:40.566+0900] {baseoperator.py:400} WARNING - PythonVirtualenvOperator.execute cannot be called outside TaskInstance!
[2024-08-02T17:22:40.567+0900] {process_utils.py:183} INFO - Executing cmd: /home/oddsummer/.pyenv/versions/3.11.9/envs/air/bin/python -m virtualenv /tmp/venvf9df45ol --python=python
[2024-08-02T17:22:40.567+0900] {process_utils.py:187} INFO - Output:
[2024-08-02T17:22:40.896+0900] {process_utils.py:191} INFO - created virtual environment CPython3.11.9.final.0-64 in 219ms
[2024-08-02T17:22:40.896+0900] {process_utils.py:191} INFO -   creator CPython3Posix(dest=/tmp/venvf9df45ol, clear=False, no_vcs_ignore=False, global=False)
[2024-08-02T17:22:40.897+0900] {process_utils.py:191} INFO -   seeder FromAppData(download=False, pip=bundle, setuptools=bundle, wheel=bundle, via=copy, app_data_dir=/home/oddsummer/.local/share/virtualenv)
[2024-08-02T17:22:40.897+0900] {process_utils.py:191} INFO -     added seed packages: pip==24.1.2, setuptools==70.2.0, wheel==0.43.0
[2024-08-02T17:22:40.897+0900] {process_utils.py:191} INFO -   activators BashActivator,CShellActivator,FishActivator,NushellActivator,PowerShellActivator,PythonActivator
[2024-08-02T17:22:40.920+0900] {process_utils.py:183} INFO - Executing cmd: /tmp/venvf9df45ol/bin/pip install -r /tmp/venvf9df45ol/requirements.txt
[2024-08-02T17:22:40.921+0900] {process_utils.py:187} INFO - Output:
[2024-08-02T17:22:41.838+0900] {process_utils.py:191} INFO - Collecting git+https://github.com/7-TRG/extract_trg.git@main (from -r /tmp/venvf9df45ol/requirements.txt (line 1))
[2024-08-02T17:22:41.839+0900] {process_utils.py:191} INFO -   Cloning https://github.com/7-TRG/extract_trg.git (to revision main) to /tmp/pip-req-build-z73lf8a8
[2024-08-02T17:22:41.842+0900] {process_utils.py:191} INFO -   Running command git clone --filter=blob:none --quiet https://github.com/7-TRG/extract_trg.git /tmp/pip-req-build-z73lf8a8
[2024-08-02T17:22:43.664+0900] {process_utils.py:191} INFO -   Resolved https://github.com/7-TRG/extract_trg.git to commit 0712b3f1bbaeeeea58bf80749079a62c7e1bec3d
[2024-08-02T17:22:43.670+0900] {process_utils.py:191} INFO -   Installing build dependencies: started
[2024-08-02T17:22:45.772+0900] {process_utils.py:191} INFO -   Installing build dependencies: finished with status 'done'
[2024-08-02T17:22:45.773+0900] {process_utils.py:191} INFO -   Getting requirements to build wheel: started
[2024-08-02T17:22:46.003+0900] {process_utils.py:191} INFO -   Getting requirements to build wheel: finished with status 'done'
[2024-08-02T17:22:46.004+0900] {process_utils.py:191} INFO -   Preparing metadata (pyproject.toml): started
[2024-08-02T17:22:46.239+0900] {process_utils.py:191} INFO -   Preparing metadata (pyproject.toml): finished with status 'done'
[2024-08-02T17:22:46.242+0900] {process_utils.py:191} INFO - Building wheels for collected packages: extract_trg
[2024-08-02T17:22:46.247+0900] {process_utils.py:191} INFO -   Building wheel for extract_trg (pyproject.toml): started
[2024-08-02T17:22:46.502+0900] {process_utils.py:191} INFO -   Building wheel for extract_trg (pyproject.toml): finished with status 'done'
[2024-08-02T17:22:46.502+0900] {process_utils.py:191} INFO -   Created wheel for extract_trg: filename=extract_trg-0.1.0-py3-none-any.whl size=2219 sha256=dfb294b6df323112d1a6cfd93768f8b5eb687d46d03d810231a6c2d1eb4d6b42
[2024-08-02T17:22:46.503+0900] {process_utils.py:191} INFO -   Stored in directory: /tmp/pip-ephem-wheel-cache-ezwxf7a7/wheels/21/97/ea/e27bc4298590f1b8a2b9c46b60aefbe2e3076cf05f6bd5e464
[2024-08-02T17:22:46.505+0900] {process_utils.py:191} INFO - Successfully built extract_trg
[2024-08-02T17:22:46.516+0900] {process_utils.py:191} INFO - Installing collected packages: extract_trg
[2024-08-02T17:22:46.535+0900] {process_utils.py:191} INFO - Successfully installed extract_trg-0.1.0
[2024-08-02T17:22:46.540+0900] {process_utils.py:191} INFO - 
[2024-08-02T17:22:46.541+0900] {process_utils.py:191} INFO - [notice] A new release of pip is available: 24.1.2 -> 24.2
[2024-08-02T17:22:46.541+0900] {process_utils.py:191} INFO - [notice] To update, run: python -m pip install --upgrade pip
[2024-08-02T17:22:46.636+0900] {process_utils.py:183} INFO - Executing cmd: /tmp/venvf9df45ol/bin/python /tmp/venv-callbxy27qpm/script.py /tmp/venv-callbxy27qpm/script.in /tmp/venv-callbxy27qpm/script.out /tmp/venv-callbxy27qpm/string_args.txt /tmp/venv-callbxy27qpm/termination.log
[2024-08-02T17:22:46.637+0900] {process_utils.py:187} INFO - Output:
[2024-08-02T17:22:46.669+0900] {process_utils.py:191} INFO - 
[2024-08-02T17:22:46.669+0900] {process_utils.py:191} INFO - ---------------======---::::::------+--=======++++++++++===--:...::-=--==============--:.....:-=====
[2024-08-02T17:22:46.670+0900] {process_utils.py:191} INFO - ----::---------------------===--::--+-----=============++++++===---:....--===============--:...:-===
[2024-08-02T17:22:46.670+0900] {process_utils.py:191} INFO - ----------------------------------=++----------------------=+===========-::.:-======================
[2024-08-02T17:22:46.670+0900] {process_utils.py:191} INFO - =----------------------------------==-----------------------=-----==============================+=--
[2024-08-02T17:22:46.671+0900] {process_utils.py:191} INFO - %%####=----------------------------==----------------------=-::::-----======+*%#++================::
[2024-08-02T17:22:46.671+0900] {process_utils.py:191} INFO - %%%%%#=----------------------------=-:---------------------=--==--------=====*#*=================-::
[2024-08-02T17:22:46.671+0900] {process_utils.py:191} INFO - @@%%%*-----------------+***++=-----=-::-------------------:+---------=====+++====================-::
[2024-08-02T17:22:46.671+0900] {process_utils.py:191} INFO - @@%%%*---------------#%%%%##%%#=---=-+##*#+----------------=------------=====+====-=--===========-::
[2024-08-02T17:22:46.671+0900] {process_utils.py:191} INFO - @@@%%+--=+*%%%+-----+%@@%#++%%%#=--=*%+===#+::----------::=-----------=+*##*++=-----------=======-::
[2024-08-02T17:22:46.671+0900] {process_utils.py:191} INFO - +++++=-+#+***#*=-----#*++**+#@@@*--+#+**+***-:=-:---=*+-::=-----==+++*######%%%#=-------------==-:::
[2024-08-02T17:22:46.672+0900] {process_utils.py:191} INFO - *******-:::-*=-------+===+=-=+#%%:-=++++=+==-:=-:::=%%#-::###=-*#%%%%%%%%%%%%%%%%+---------------:::
[2024-08-02T17:22:46.672+0900] {process_utils.py:191} INFO - =====+=:--::+---+--+**++++*+++#%*-=--**++++-:=++=::+#*-::=%%%#*#%%%%%%%%@@%%%%@@%%#====------+#%%=-*
[2024-08-02T17:22:46.672+0900] {process_utils.py:191} INFO - =-==++---=+==*#%%%%%%=*++++++++==-=-*##*+=##**++=--++-:--*=-=*#%%%@%###*###*+++*%%%*=============-#%
[2024-08-02T17:22:46.672+0900] {process_utils.py:191} INFO - +-=------=*%%%%@%@@@@***=+*#+*##*#%%@@**++%@%%%%*+=--=-=+-:--:#%@@%#*****###*+---+*++#**===---=++*%@
[2024-08-02T17:22:46.673+0900] {process_utils.py:191} INFO - --==-::-*%%%@@@@@@@%#*=-+++%@%##%%@@@@@%#%@@@%%@%%%*=--=#%####-%@%%####++++++=---==++*####*+++*%@%@@
[2024-08-02T17:22:46.673+0900] {process_utils.py:191} INFO - -=*+=-=#@@@@@@@@@#*+++++*@@@@@@@@@@@@@@@@@@@@@@@@@@@#+==-+*+#=:-+#%##**==++**+++=====+*###*+**#@%##%
[2024-08-02T17:22:46.673+0900] {process_utils.py:191} INFO - -=++-+%%@%@@@@%+=-++***#@@@@@@@@@@@@%:+@@*%+=%@@@@@@%%#%%#*=+--:-=#++**%#*+=+++++===+**####=*%%%%%%%
[2024-08-02T17:22:46.673+0900] {process_utils.py:191} INFO - -=++#%%####+-:---=*%%@@%#######**++++=+++++++++%%=+%@@%##*+==-=++=+*****##*===+++++==*#####*+#%%##%%
[2024-08-02T17:22:46.673+0900] {process_utils.py:191} INFO - -=*+=---==+=-::::-*@@@%+=======++++++++++++++*#%#**%%%*==-+*=--+==*****#**+=====+++++=***+++=+==::::
[2024-08-02T17:22:46.674+0900] {process_utils.py:191} INFO - =#*=++++++*###**==*@@@%=======++++++++*@@@@@@@@%%#####-:=+----==******##****+++++***==-=+=:::.::::::
[2024-08-02T17:22:46.674+0900] {process_utils.py:191} INFO - #%*+*++++**##*###*+#@@#=========++++==*%%%%%%%%######*=-----==+*********##########*+====::::::::::::
[2024-08-02T17:22:46.674+0900] {process_utils.py:191} INFO - ++++*#%%@%*##*##***%@@*===============+%##%%######%%%%*==-===+*********+=+*#######*++++-:::--::-----
[2024-08-02T17:22:46.674+0900] {process_utils.py:191} INFO - ===+*#%@@%*##**#**+=--================+%%#%%###%#%%%%%#======*#######*-:-++*####*****++:------------
[2024-08-02T17:22:46.674+0900] {process_utils.py:191} INFO - =+=------=##**##**+=--================+%%#%%###%%#%%%%%+=====+###**++==----:-*####****=------==-====
[2024-08-02T17:22:46.674+0900] {process_utils.py:191} INFO - 
[2024-08-02T17:22:46.707+0900] {python.py:237} INFO - Done. Returned value was: None
[2024-08-02T17:22:46.707+0900] {taskinstance.py:441} INFO - ::group::Post task execution logs
[2024-08-02T17:22:46.713+0900] {taskinstance.py:1206} INFO - Marking task as SUCCESS. dag_id=movie, task_id=get.data, run_id=scheduled__2017-01-03T05:59:00+00:00, execution_date=20170103T055900, start_date=20240802T082240, end_date=20240802T082246
[2024-08-02T17:22:46.756+0900] {local_task_job_runner.py:243} INFO - Task exited with return code 0
[2024-08-02T17:22:46.768+0900] {taskinstance.py:3503} INFO - 0 downstream tasks scheduled from follow-on schedule check
[2024-08-02T17:22:46.769+0900] {local_task_job_runner.py:222} INFO - ::endgroup::
