[2024-08-02T16:57:02.013+0900] {local_task_job_runner.py:120} INFO - ::group::Pre task execution logs
[2024-08-02T16:57:02.033+0900] {taskinstance.py:2076} INFO - Dependencies all met for dep_context=non-requeueable deps ti=<TaskInstance: movie.get.data scheduled__2017-01-01T05:47:00+00:00 [queued]>
[2024-08-02T16:57:02.041+0900] {taskinstance.py:2076} INFO - Dependencies all met for dep_context=requeueable deps ti=<TaskInstance: movie.get.data scheduled__2017-01-01T05:47:00+00:00 [queued]>
[2024-08-02T16:57:02.041+0900] {taskinstance.py:2306} INFO - Starting attempt 1 of 3
[2024-08-02T16:57:02.057+0900] {taskinstance.py:2330} INFO - Executing <Task(PythonVirtualenvOperator): get.data> on 2017-01-01 05:47:00+00:00
[2024-08-02T16:57:02.060+0900] {standard_task_runner.py:64} INFO - Started process 149490 to run task
[2024-08-02T16:57:02.064+0900] {standard_task_runner.py:90} INFO - Running: ['airflow', 'tasks', 'run', 'movie', 'get.data', 'scheduled__2017-01-01T05:47:00+00:00', '--job-id', '58', '--raw', '--subdir', 'DAGS_FOLDER/movie.py', '--cfg-path', '/tmp/tmpkfx4_9k4']
[2024-08-02T16:57:02.065+0900] {standard_task_runner.py:91} INFO - Job 58: Subtask get.data
[2024-08-02T16:57:02.105+0900] {task_command.py:426} INFO - Running <TaskInstance: movie.get.data scheduled__2017-01-01T05:47:00+00:00 [running]> on host playdata.
[2024-08-02T16:57:02.175+0900] {taskinstance.py:2648} INFO - Exporting env vars: AIRFLOW_CTX_DAG_OWNER='airflow' AIRFLOW_CTX_DAG_ID='movie' AIRFLOW_CTX_TASK_ID='get.data' AIRFLOW_CTX_EXECUTION_DATE='2017-01-01T05:47:00+00:00' AIRFLOW_CTX_TRY_NUMBER='1' AIRFLOW_CTX_DAG_RUN_ID='scheduled__2017-01-01T05:47:00+00:00'
[2024-08-02T16:57:02.175+0900] {taskinstance.py:430} INFO - ::endgroup::
[2024-08-02T16:57:02.184+0900] {baseoperator.py:400} WARNING - PythonVirtualenvOperator.execute cannot be called outside TaskInstance!
[2024-08-02T16:57:02.185+0900] {process_utils.py:183} INFO - Executing cmd: /home/oddsummer/.pyenv/versions/3.11.9/envs/air/bin/python -m virtualenv /tmp/venvwv3r_am3 --python=python
[2024-08-02T16:57:02.186+0900] {process_utils.py:187} INFO - Output:
[2024-08-02T16:57:02.549+0900] {process_utils.py:191} INFO - created virtual environment CPython3.11.9.final.0-64 in 254ms
[2024-08-02T16:57:02.549+0900] {process_utils.py:191} INFO -   creator CPython3Posix(dest=/tmp/venvwv3r_am3, clear=False, no_vcs_ignore=False, global=False)
[2024-08-02T16:57:02.549+0900] {process_utils.py:191} INFO -   seeder FromAppData(download=False, pip=bundle, setuptools=bundle, wheel=bundle, via=copy, app_data_dir=/home/oddsummer/.local/share/virtualenv)
[2024-08-02T16:57:02.549+0900] {process_utils.py:191} INFO -     added seed packages: pip==24.1.2, setuptools==70.2.0, wheel==0.43.0
[2024-08-02T16:57:02.550+0900] {process_utils.py:191} INFO -   activators BashActivator,CShellActivator,FishActivator,NushellActivator,PowerShellActivator,PythonActivator
[2024-08-02T16:57:02.576+0900] {process_utils.py:183} INFO - Executing cmd: /tmp/venvwv3r_am3/bin/pip install -r /tmp/venvwv3r_am3/requirements.txt
[2024-08-02T16:57:02.576+0900] {process_utils.py:187} INFO - Output:
[2024-08-02T16:57:03.505+0900] {process_utils.py:191} INFO - Collecting git+https://github.com/7-TRG/extract_trg.git@main (from -r /tmp/venvwv3r_am3/requirements.txt (line 1))
[2024-08-02T16:57:03.506+0900] {process_utils.py:191} INFO -   Cloning https://github.com/7-TRG/extract_trg.git (to revision main) to /tmp/pip-req-build-061euex_
[2024-08-02T16:57:03.509+0900] {process_utils.py:191} INFO -   Running command git clone --filter=blob:none --quiet https://github.com/7-TRG/extract_trg.git /tmp/pip-req-build-061euex_
[2024-08-02T16:57:05.102+0900] {process_utils.py:191} INFO -   Resolved https://github.com/7-TRG/extract_trg.git to commit 0712b3f1bbaeeeea58bf80749079a62c7e1bec3d
[2024-08-02T16:57:05.109+0900] {process_utils.py:191} INFO -   Installing build dependencies: started
[2024-08-02T16:57:07.181+0900] {process_utils.py:191} INFO -   Installing build dependencies: finished with status 'done'
[2024-08-02T16:57:07.182+0900] {process_utils.py:191} INFO -   Getting requirements to build wheel: started
[2024-08-02T16:57:07.425+0900] {process_utils.py:191} INFO -   Getting requirements to build wheel: finished with status 'done'
[2024-08-02T16:57:07.427+0900] {process_utils.py:191} INFO -   Preparing metadata (pyproject.toml): started
[2024-08-02T16:57:07.670+0900] {process_utils.py:191} INFO -   Preparing metadata (pyproject.toml): finished with status 'done'
[2024-08-02T16:57:07.673+0900] {process_utils.py:191} INFO - Building wheels for collected packages: extract_trg
[2024-08-02T16:57:07.677+0900] {process_utils.py:191} INFO -   Building wheel for extract_trg (pyproject.toml): started
[2024-08-02T16:57:07.946+0900] {process_utils.py:191} INFO -   Building wheel for extract_trg (pyproject.toml): finished with status 'done'
[2024-08-02T16:57:07.947+0900] {process_utils.py:191} INFO -   Created wheel for extract_trg: filename=extract_trg-0.1.0-py3-none-any.whl size=2219 sha256=6438b1f2a74c04cac52d6bec302919e71eac01e2e9500b73996bf96736732cc0
[2024-08-02T16:57:07.947+0900] {process_utils.py:191} INFO -   Stored in directory: /tmp/pip-ephem-wheel-cache-o5gcvkpi/wheels/21/97/ea/e27bc4298590f1b8a2b9c46b60aefbe2e3076cf05f6bd5e464
[2024-08-02T16:57:07.950+0900] {process_utils.py:191} INFO - Successfully built extract_trg
[2024-08-02T16:57:07.960+0900] {process_utils.py:191} INFO - Installing collected packages: extract_trg
[2024-08-02T16:57:07.980+0900] {process_utils.py:191} INFO - Successfully installed extract_trg-0.1.0
[2024-08-02T16:57:07.986+0900] {process_utils.py:191} INFO - 
[2024-08-02T16:57:07.987+0900] {process_utils.py:191} INFO - [notice] A new release of pip is available: 24.1.2 -> 24.2
[2024-08-02T16:57:07.987+0900] {process_utils.py:191} INFO - [notice] To update, run: python -m pip install --upgrade pip
[2024-08-02T16:57:08.079+0900] {process_utils.py:183} INFO - Executing cmd: /tmp/venvwv3r_am3/bin/python /tmp/venv-call7dwodot9/script.py /tmp/venv-call7dwodot9/script.in /tmp/venv-call7dwodot9/script.out /tmp/venv-call7dwodot9/string_args.txt /tmp/venv-call7dwodot9/termination.log
[2024-08-02T16:57:08.080+0900] {process_utils.py:187} INFO - Output:
[2024-08-02T16:57:08.099+0900] {process_utils.py:191} INFO - 
[2024-08-02T16:57:08.099+0900] {process_utils.py:191} INFO - ---------------======---::::::------+--=======++++++++++===--:...::-=--==============--:.....:-=====
[2024-08-02T16:57:08.099+0900] {process_utils.py:191} INFO - ----::---------------------===--::--+-----=============++++++===---:....--===============--:...:-===
[2024-08-02T16:57:08.099+0900] {process_utils.py:191} INFO - ----------------------------------=++----------------------=+===========-::.:-======================
[2024-08-02T16:57:08.099+0900] {process_utils.py:191} INFO - =----------------------------------==-----------------------=-----==============================+=--
[2024-08-02T16:57:08.100+0900] {process_utils.py:191} INFO - %%####=----------------------------==----------------------=-::::-----======+*%#++================::
[2024-08-02T16:57:08.100+0900] {process_utils.py:191} INFO - %%%%%#=----------------------------=-:---------------------=--==--------=====*#*=================-::
[2024-08-02T16:57:08.100+0900] {process_utils.py:191} INFO - @@%%%*-----------------+***++=-----=-::-------------------:+---------=====+++====================-::
[2024-08-02T16:57:08.100+0900] {process_utils.py:191} INFO - @@%%%*---------------#%%%%##%%#=---=-+##*#+----------------=------------=====+====-=--===========-::
[2024-08-02T16:57:08.100+0900] {process_utils.py:191} INFO - @@@%%+--=+*%%%+-----+%@@%#++%%%#=--=*%+===#+::----------::=-----------=+*##*++=-----------=======-::
[2024-08-02T16:57:08.100+0900] {process_utils.py:191} INFO - +++++=-+#+***#*=-----#*++**+#@@@*--+#+**+***-:=-:---=*+-::=-----==+++*######%%%#=-------------==-:::
[2024-08-02T16:57:08.100+0900] {process_utils.py:191} INFO - *******-:::-*=-------+===+=-=+#%%:-=++++=+==-:=-:::=%%#-::###=-*#%%%%%%%%%%%%%%%%+---------------:::
[2024-08-02T16:57:08.101+0900] {process_utils.py:191} INFO - =====+=:--::+---+--+**++++*+++#%*-=--**++++-:=++=::+#*-::=%%%#*#%%%%%%%%@@%%%%@@%%#====------+#%%=-*
[2024-08-02T16:57:08.101+0900] {process_utils.py:191} INFO - =-==++---=+==*#%%%%%%=*++++++++==-=-*##*+=##**++=--++-:--*=-=*#%%%@%###*###*+++*%%%*=============-#%
[2024-08-02T16:57:08.101+0900] {process_utils.py:191} INFO - +-=------=*%%%%@%@@@@***=+*#+*##*#%%@@**++%@%%%%*+=--=-=+-:--:#%@@%#*****###*+---+*++#**===---=++*%@
[2024-08-02T16:57:08.101+0900] {process_utils.py:191} INFO - --==-::-*%%%@@@@@@@%#*=-+++%@%##%%@@@@@%#%@@@%%@%%%*=--=#%####-%@%%####++++++=---==++*####*+++*%@%@@
[2024-08-02T16:57:08.101+0900] {process_utils.py:191} INFO - -=*+=-=#@@@@@@@@@#*+++++*@@@@@@@@@@@@@@@@@@@@@@@@@@@#+==-+*+#=:-+#%##**==++**+++=====+*###*+**#@%##%
[2024-08-02T16:57:08.101+0900] {process_utils.py:191} INFO - -=++-+%%@%@@@@%+=-++***#@@@@@@@@@@@@%:+@@*%+=%@@@@@@%%#%%#*=+--:-=#++**%#*+=+++++===+**####=*%%%%%%%
[2024-08-02T16:57:08.101+0900] {process_utils.py:191} INFO - -=++#%%####+-:---=*%%@@%#######**++++=+++++++++%%=+%@@%##*+==-=++=+*****##*===+++++==*#####*+#%%##%%
[2024-08-02T16:57:08.102+0900] {process_utils.py:191} INFO - -=*+=---==+=-::::-*@@@%+=======++++++++++++++*#%#**%%%*==-+*=--+==*****#**+=====+++++=***+++=+==::::
[2024-08-02T16:57:08.102+0900] {process_utils.py:191} INFO - =#*=++++++*###**==*@@@%=======++++++++*@@@@@@@@%%#####-:=+----==******##****+++++***==-=+=:::.::::::
[2024-08-02T16:57:08.102+0900] {process_utils.py:191} INFO - #%*+*++++**##*###*+#@@#=========++++==*%%%%%%%%######*=-----==+*********##########*+====::::::::::::
[2024-08-02T16:57:08.102+0900] {process_utils.py:191} INFO - ++++*#%%@%*##*##***%@@*===============+%##%%######%%%%*==-===+*********+=+*#######*++++-:::--::-----
[2024-08-02T16:57:08.102+0900] {process_utils.py:191} INFO - ===+*#%@@%*##**#**+=--================+%%#%%###%#%%%%%#======*#######*-:-++*####*****++:------------
[2024-08-02T16:57:08.103+0900] {process_utils.py:191} INFO - =+=------=##**##**+=--================+%%#%%###%%#%%%%%+=====+###**++==----:-*####****=------==-====
[2024-08-02T16:57:08.103+0900] {process_utils.py:191} INFO - 
[2024-08-02T16:57:08.124+0900] {python.py:237} INFO - Done. Returned value was: None
[2024-08-02T16:57:08.124+0900] {taskinstance.py:441} INFO - ::group::Post task execution logs
[2024-08-02T16:57:08.128+0900] {taskinstance.py:1206} INFO - Marking task as SUCCESS. dag_id=movie, task_id=get.data, run_id=scheduled__2017-01-01T05:47:00+00:00, execution_date=20170101T054700, start_date=20240802T075702, end_date=20240802T075708
[2024-08-02T16:57:08.186+0900] {local_task_job_runner.py:243} INFO - Task exited with return code 0
[2024-08-02T16:57:08.205+0900] {taskinstance.py:3503} INFO - 0 downstream tasks scheduled from follow-on schedule check
[2024-08-02T16:57:08.205+0900] {local_task_job_runner.py:222} INFO - ::endgroup::
