[2024-08-02T17:00:54.972+0900] {local_task_job_runner.py:120} INFO - ::group::Pre task execution logs
[2024-08-02T17:00:54.993+0900] {taskinstance.py:2076} INFO - Dependencies all met for dep_context=non-requeueable deps ti=<TaskInstance: movie.get.data scheduled__2017-01-02T05:07:00+00:00 [queued]>
[2024-08-02T17:00:54.999+0900] {taskinstance.py:2076} INFO - Dependencies all met for dep_context=requeueable deps ti=<TaskInstance: movie.get.data scheduled__2017-01-02T05:07:00+00:00 [queued]>
[2024-08-02T17:00:55.000+0900] {taskinstance.py:2306} INFO - Starting attempt 1 of 3
[2024-08-02T17:00:55.016+0900] {taskinstance.py:2330} INFO - Executing <Task(PythonVirtualenvOperator): get.data> on 2017-01-02 05:07:00+00:00
[2024-08-02T17:00:55.018+0900] {standard_task_runner.py:64} INFO - Started process 151455 to run task
[2024-08-02T17:00:55.021+0900] {standard_task_runner.py:90} INFO - Running: ['airflow', 'tasks', 'run', 'movie', 'get.data', 'scheduled__2017-01-02T05:07:00+00:00', '--job-id', '78', '--raw', '--subdir', 'DAGS_FOLDER/movie.py', '--cfg-path', '/tmp/tmpa_sjs6gi']
[2024-08-02T17:00:55.023+0900] {standard_task_runner.py:91} INFO - Job 78: Subtask get.data
[2024-08-02T17:00:55.059+0900] {task_command.py:426} INFO - Running <TaskInstance: movie.get.data scheduled__2017-01-02T05:07:00+00:00 [running]> on host playdata.
[2024-08-02T17:00:55.133+0900] {taskinstance.py:2648} INFO - Exporting env vars: AIRFLOW_CTX_DAG_OWNER='airflow' AIRFLOW_CTX_DAG_ID='movie' AIRFLOW_CTX_TASK_ID='get.data' AIRFLOW_CTX_EXECUTION_DATE='2017-01-02T05:07:00+00:00' AIRFLOW_CTX_TRY_NUMBER='1' AIRFLOW_CTX_DAG_RUN_ID='scheduled__2017-01-02T05:07:00+00:00'
[2024-08-02T17:00:55.134+0900] {taskinstance.py:430} INFO - ::endgroup::
[2024-08-02T17:00:55.144+0900] {baseoperator.py:400} WARNING - PythonVirtualenvOperator.execute cannot be called outside TaskInstance!
[2024-08-02T17:00:55.146+0900] {process_utils.py:183} INFO - Executing cmd: /home/oddsummer/.pyenv/versions/3.11.9/envs/air/bin/python -m virtualenv /tmp/venvx69pndcg --python=python
[2024-08-02T17:00:55.147+0900] {process_utils.py:187} INFO - Output:
[2024-08-02T17:00:55.564+0900] {process_utils.py:191} INFO - created virtual environment CPython3.11.9.final.0-64 in 307ms
[2024-08-02T17:00:55.564+0900] {process_utils.py:191} INFO -   creator CPython3Posix(dest=/tmp/venvx69pndcg, clear=False, no_vcs_ignore=False, global=False)
[2024-08-02T17:00:55.564+0900] {process_utils.py:191} INFO -   seeder FromAppData(download=False, pip=bundle, setuptools=bundle, wheel=bundle, via=copy, app_data_dir=/home/oddsummer/.local/share/virtualenv)
[2024-08-02T17:00:55.565+0900] {process_utils.py:191} INFO -     added seed packages: pip==24.1.2, setuptools==70.2.0, wheel==0.43.0
[2024-08-02T17:00:55.565+0900] {process_utils.py:191} INFO -   activators BashActivator,CShellActivator,FishActivator,NushellActivator,PowerShellActivator,PythonActivator
[2024-08-02T17:00:55.587+0900] {process_utils.py:183} INFO - Executing cmd: /tmp/venvx69pndcg/bin/pip install -r /tmp/venvx69pndcg/requirements.txt
[2024-08-02T17:00:55.588+0900] {process_utils.py:187} INFO - Output:
[2024-08-02T17:00:56.531+0900] {process_utils.py:191} INFO - Collecting git+https://github.com/7-TRG/extract_trg.git@main (from -r /tmp/venvx69pndcg/requirements.txt (line 1))
[2024-08-02T17:00:56.532+0900] {process_utils.py:191} INFO -   Cloning https://github.com/7-TRG/extract_trg.git (to revision main) to /tmp/pip-req-build-9cwivswd
[2024-08-02T17:00:56.534+0900] {process_utils.py:191} INFO -   Running command git clone --filter=blob:none --quiet https://github.com/7-TRG/extract_trg.git /tmp/pip-req-build-9cwivswd
[2024-08-02T17:00:58.080+0900] {process_utils.py:191} INFO -   Resolved https://github.com/7-TRG/extract_trg.git to commit 0712b3f1bbaeeeea58bf80749079a62c7e1bec3d
[2024-08-02T17:00:58.085+0900] {process_utils.py:191} INFO -   Installing build dependencies: started
[2024-08-02T17:00:59.961+0900] {process_utils.py:191} INFO -   Installing build dependencies: finished with status 'done'
[2024-08-02T17:00:59.962+0900] {process_utils.py:191} INFO -   Getting requirements to build wheel: started
[2024-08-02T17:01:00.231+0900] {process_utils.py:191} INFO -   Getting requirements to build wheel: finished with status 'done'
[2024-08-02T17:01:00.233+0900] {process_utils.py:191} INFO -   Preparing metadata (pyproject.toml): started
[2024-08-02T17:01:00.477+0900] {process_utils.py:191} INFO -   Preparing metadata (pyproject.toml): finished with status 'done'
[2024-08-02T17:01:00.480+0900] {process_utils.py:191} INFO - Building wheels for collected packages: extract_trg
[2024-08-02T17:01:00.483+0900] {process_utils.py:191} INFO -   Building wheel for extract_trg (pyproject.toml): started
[2024-08-02T17:01:00.758+0900] {process_utils.py:191} INFO -   Building wheel for extract_trg (pyproject.toml): finished with status 'done'
[2024-08-02T17:01:00.759+0900] {process_utils.py:191} INFO -   Created wheel for extract_trg: filename=extract_trg-0.1.0-py3-none-any.whl size=2219 sha256=7ae68696346ac19068015de76864d97bab1ec2e589bd83436d6ac0fa57889a51
[2024-08-02T17:01:00.760+0900] {process_utils.py:191} INFO -   Stored in directory: /tmp/pip-ephem-wheel-cache-j999z2x7/wheels/21/97/ea/e27bc4298590f1b8a2b9c46b60aefbe2e3076cf05f6bd5e464
[2024-08-02T17:01:00.762+0900] {process_utils.py:191} INFO - Successfully built extract_trg
[2024-08-02T17:01:00.771+0900] {process_utils.py:191} INFO - Installing collected packages: extract_trg
[2024-08-02T17:01:00.789+0900] {process_utils.py:191} INFO - Successfully installed extract_trg-0.1.0
[2024-08-02T17:01:00.795+0900] {process_utils.py:191} INFO - 
[2024-08-02T17:01:00.796+0900] {process_utils.py:191} INFO - [notice] A new release of pip is available: 24.1.2 -> 24.2
[2024-08-02T17:01:00.796+0900] {process_utils.py:191} INFO - [notice] To update, run: python -m pip install --upgrade pip
[2024-08-02T17:01:00.892+0900] {process_utils.py:183} INFO - Executing cmd: /tmp/venvx69pndcg/bin/python /tmp/venv-callu_5ozz5q/script.py /tmp/venv-callu_5ozz5q/script.in /tmp/venv-callu_5ozz5q/script.out /tmp/venv-callu_5ozz5q/string_args.txt /tmp/venv-callu_5ozz5q/termination.log
[2024-08-02T17:01:00.893+0900] {process_utils.py:187} INFO - Output:
[2024-08-02T17:01:00.913+0900] {process_utils.py:191} INFO - 
[2024-08-02T17:01:00.913+0900] {process_utils.py:191} INFO - ---------------======---::::::------+--=======++++++++++===--:...::-=--==============--:.....:-=====
[2024-08-02T17:01:00.913+0900] {process_utils.py:191} INFO - ----::---------------------===--::--+-----=============++++++===---:....--===============--:...:-===
[2024-08-02T17:01:00.913+0900] {process_utils.py:191} INFO - ----------------------------------=++----------------------=+===========-::.:-======================
[2024-08-02T17:01:00.913+0900] {process_utils.py:191} INFO - =----------------------------------==-----------------------=-----==============================+=--
[2024-08-02T17:01:00.914+0900] {process_utils.py:191} INFO - %%####=----------------------------==----------------------=-::::-----======+*%#++================::
[2024-08-02T17:01:00.914+0900] {process_utils.py:191} INFO - %%%%%#=----------------------------=-:---------------------=--==--------=====*#*=================-::
[2024-08-02T17:01:00.914+0900] {process_utils.py:191} INFO - @@%%%*-----------------+***++=-----=-::-------------------:+---------=====+++====================-::
[2024-08-02T17:01:00.914+0900] {process_utils.py:191} INFO - @@%%%*---------------#%%%%##%%#=---=-+##*#+----------------=------------=====+====-=--===========-::
[2024-08-02T17:01:00.914+0900] {process_utils.py:191} INFO - @@@%%+--=+*%%%+-----+%@@%#++%%%#=--=*%+===#+::----------::=-----------=+*##*++=-----------=======-::
[2024-08-02T17:01:00.914+0900] {process_utils.py:191} INFO - +++++=-+#+***#*=-----#*++**+#@@@*--+#+**+***-:=-:---=*+-::=-----==+++*######%%%#=-------------==-:::
[2024-08-02T17:01:00.914+0900] {process_utils.py:191} INFO - *******-:::-*=-------+===+=-=+#%%:-=++++=+==-:=-:::=%%#-::###=-*#%%%%%%%%%%%%%%%%+---------------:::
[2024-08-02T17:01:00.915+0900] {process_utils.py:191} INFO - =====+=:--::+---+--+**++++*+++#%*-=--**++++-:=++=::+#*-::=%%%#*#%%%%%%%%@@%%%%@@%%#====------+#%%=-*
[2024-08-02T17:01:00.915+0900] {process_utils.py:191} INFO - =-==++---=+==*#%%%%%%=*++++++++==-=-*##*+=##**++=--++-:--*=-=*#%%%@%###*###*+++*%%%*=============-#%
[2024-08-02T17:01:00.915+0900] {process_utils.py:191} INFO - +-=------=*%%%%@%@@@@***=+*#+*##*#%%@@**++%@%%%%*+=--=-=+-:--:#%@@%#*****###*+---+*++#**===---=++*%@
[2024-08-02T17:01:00.915+0900] {process_utils.py:191} INFO - --==-::-*%%%@@@@@@@%#*=-+++%@%##%%@@@@@%#%@@@%%@%%%*=--=#%####-%@%%####++++++=---==++*####*+++*%@%@@
[2024-08-02T17:01:00.915+0900] {process_utils.py:191} INFO - -=*+=-=#@@@@@@@@@#*+++++*@@@@@@@@@@@@@@@@@@@@@@@@@@@#+==-+*+#=:-+#%##**==++**+++=====+*###*+**#@%##%
[2024-08-02T17:01:00.915+0900] {process_utils.py:191} INFO - -=++-+%%@%@@@@%+=-++***#@@@@@@@@@@@@%:+@@*%+=%@@@@@@%%#%%#*=+--:-=#++**%#*+=+++++===+**####=*%%%%%%%
[2024-08-02T17:01:00.915+0900] {process_utils.py:191} INFO - -=++#%%####+-:---=*%%@@%#######**++++=+++++++++%%=+%@@%##*+==-=++=+*****##*===+++++==*#####*+#%%##%%
[2024-08-02T17:01:00.916+0900] {process_utils.py:191} INFO - -=*+=---==+=-::::-*@@@%+=======++++++++++++++*#%#**%%%*==-+*=--+==*****#**+=====+++++=***+++=+==::::
[2024-08-02T17:01:00.916+0900] {process_utils.py:191} INFO - =#*=++++++*###**==*@@@%=======++++++++*@@@@@@@@%%#####-:=+----==******##****+++++***==-=+=:::.::::::
[2024-08-02T17:01:00.916+0900] {process_utils.py:191} INFO - #%*+*++++**##*###*+#@@#=========++++==*%%%%%%%%######*=-----==+*********##########*+====::::::::::::
[2024-08-02T17:01:00.916+0900] {process_utils.py:191} INFO - ++++*#%%@%*##*##***%@@*===============+%##%%######%%%%*==-===+*********+=+*#######*++++-:::--::-----
[2024-08-02T17:01:00.916+0900] {process_utils.py:191} INFO - ===+*#%@@%*##**#**+=--================+%%#%%###%#%%%%%#======*#######*-:-++*####*****++:------------
[2024-08-02T17:01:00.916+0900] {process_utils.py:191} INFO - =+=------=##**##**+=--================+%%#%%###%%#%%%%%+=====+###**++==----:-*####****=------==-====
[2024-08-02T17:01:00.916+0900] {process_utils.py:191} INFO - 
[2024-08-02T17:01:00.938+0900] {python.py:237} INFO - Done. Returned value was: None
[2024-08-02T17:01:00.938+0900] {taskinstance.py:441} INFO - ::group::Post task execution logs
[2024-08-02T17:01:00.943+0900] {taskinstance.py:1206} INFO - Marking task as SUCCESS. dag_id=movie, task_id=get.data, run_id=scheduled__2017-01-02T05:07:00+00:00, execution_date=20170102T050700, start_date=20240802T080054, end_date=20240802T080100
[2024-08-02T17:01:01.002+0900] {local_task_job_runner.py:243} INFO - Task exited with return code 0
[2024-08-02T17:01:01.019+0900] {taskinstance.py:3503} INFO - 0 downstream tasks scheduled from follow-on schedule check
[2024-08-02T17:01:01.020+0900] {local_task_job_runner.py:222} INFO - ::endgroup::
