[2024-08-02T17:48:10.929+0900] {local_task_job_runner.py:120} INFO - ::group::Pre task execution logs
[2024-08-02T17:48:10.959+0900] {taskinstance.py:2076} INFO - Dependencies all met for dep_context=non-requeueable deps ti=<TaskInstance: movie.extract scheduled__2017-01-05T05:30:00+00:00 [queued]>
[2024-08-02T17:48:10.967+0900] {taskinstance.py:2076} INFO - Dependencies all met for dep_context=requeueable deps ti=<TaskInstance: movie.extract scheduled__2017-01-05T05:30:00+00:00 [queued]>
[2024-08-02T17:48:10.968+0900] {taskinstance.py:2306} INFO - Starting attempt 1 of 3
[2024-08-02T17:48:10.983+0900] {taskinstance.py:2330} INFO - Executing <Task(PythonVirtualenvOperator): extract> on 2017-01-05 05:30:00+00:00
[2024-08-02T17:48:10.988+0900] {standard_task_runner.py:64} INFO - Started process 177343 to run task
[2024-08-02T17:48:10.992+0900] {standard_task_runner.py:90} INFO - Running: ['airflow', 'tasks', 'run', 'movie', 'extract', 'scheduled__2017-01-05T05:30:00+00:00', '--job-id', '336', '--raw', '--subdir', 'DAGS_FOLDER/movie.py', '--cfg-path', '/tmp/tmp3lx1658w']
[2024-08-02T17:48:10.994+0900] {standard_task_runner.py:91} INFO - Job 336: Subtask extract
[2024-08-02T17:48:11.068+0900] {task_command.py:426} INFO - Running <TaskInstance: movie.extract scheduled__2017-01-05T05:30:00+00:00 [running]> on host playdata.
[2024-08-02T17:48:11.281+0900] {taskinstance.py:2648} INFO - Exporting env vars: AIRFLOW_CTX_DAG_OWNER='airflow' AIRFLOW_CTX_DAG_ID='movie' AIRFLOW_CTX_TASK_ID='extract' AIRFLOW_CTX_EXECUTION_DATE='2017-01-05T05:30:00+00:00' AIRFLOW_CTX_TRY_NUMBER='1' AIRFLOW_CTX_DAG_RUN_ID='scheduled__2017-01-05T05:30:00+00:00'
[2024-08-02T17:48:11.283+0900] {taskinstance.py:430} INFO - ::endgroup::
[2024-08-02T17:48:11.301+0900] {baseoperator.py:400} WARNING - PythonVirtualenvOperator.execute cannot be called outside TaskInstance!
[2024-08-02T17:48:11.302+0900] {process_utils.py:183} INFO - Executing cmd: /home/oddsummer/.pyenv/versions/3.11.9/envs/air/bin/python -m virtualenv /tmp/venv38idttlu --python=python
[2024-08-02T17:48:11.304+0900] {process_utils.py:187} INFO - Output:
[2024-08-02T17:48:11.745+0900] {process_utils.py:191} INFO - created virtual environment CPython3.11.9.final.0-64 in 293ms
[2024-08-02T17:48:11.746+0900] {process_utils.py:191} INFO -   creator CPython3Posix(dest=/tmp/venv38idttlu, clear=False, no_vcs_ignore=False, global=False)
[2024-08-02T17:48:11.746+0900] {process_utils.py:191} INFO -   seeder FromAppData(download=False, pip=bundle, setuptools=bundle, wheel=bundle, via=copy, app_data_dir=/home/oddsummer/.local/share/virtualenv)
[2024-08-02T17:48:11.746+0900] {process_utils.py:191} INFO -     added seed packages: pip==24.1.2, setuptools==70.2.0, wheel==0.43.0
[2024-08-02T17:48:11.746+0900] {process_utils.py:191} INFO -   activators BashActivator,CShellActivator,FishActivator,NushellActivator,PowerShellActivator,PythonActivator
[2024-08-02T17:48:11.777+0900] {process_utils.py:183} INFO - Executing cmd: /tmp/venv38idttlu/bin/pip install -r /tmp/venv38idttlu/requirements.txt
[2024-08-02T17:48:11.778+0900] {process_utils.py:187} INFO - Output:
[2024-08-02T17:48:12.972+0900] {process_utils.py:191} INFO - Collecting git+https://github.com/7-TRG/extract_trg.git@main (from -r /tmp/venv38idttlu/requirements.txt (line 1))
[2024-08-02T17:48:12.973+0900] {process_utils.py:191} INFO -   Cloning https://github.com/7-TRG/extract_trg.git (to revision main) to /tmp/pip-req-build-4_ookwwu
[2024-08-02T17:48:12.975+0900] {process_utils.py:191} INFO -   Running command git clone --filter=blob:none --quiet https://github.com/7-TRG/extract_trg.git /tmp/pip-req-build-4_ookwwu
[2024-08-02T17:48:14.394+0900] {process_utils.py:191} INFO -   Resolved https://github.com/7-TRG/extract_trg.git to commit 0712b3f1bbaeeeea58bf80749079a62c7e1bec3d
[2024-08-02T17:48:14.406+0900] {process_utils.py:191} INFO -   Installing build dependencies: started
[2024-08-02T17:48:16.692+0900] {process_utils.py:191} INFO -   Installing build dependencies: finished with status 'done'
[2024-08-02T17:48:16.693+0900] {process_utils.py:191} INFO -   Getting requirements to build wheel: started
[2024-08-02T17:48:16.971+0900] {process_utils.py:191} INFO -   Getting requirements to build wheel: finished with status 'done'
[2024-08-02T17:48:16.972+0900] {process_utils.py:191} INFO -   Preparing metadata (pyproject.toml): started
[2024-08-02T17:48:17.242+0900] {process_utils.py:191} INFO -   Preparing metadata (pyproject.toml): finished with status 'done'
[2024-08-02T17:48:17.244+0900] {process_utils.py:191} INFO - Building wheels for collected packages: extract_trg
[2024-08-02T17:48:17.247+0900] {process_utils.py:191} INFO -   Building wheel for extract_trg (pyproject.toml): started
[2024-08-02T17:48:17.543+0900] {process_utils.py:191} INFO -   Building wheel for extract_trg (pyproject.toml): finished with status 'done'
[2024-08-02T17:48:17.543+0900] {process_utils.py:191} INFO -   Created wheel for extract_trg: filename=extract_trg-0.1.0-py3-none-any.whl size=2219 sha256=0df8a6056bf340ce6af60ce6861716120aaeaa2680187e4292efa47ca9b5cfc4
[2024-08-02T17:48:17.544+0900] {process_utils.py:191} INFO -   Stored in directory: /tmp/pip-ephem-wheel-cache-1feupewf/wheels/21/97/ea/e27bc4298590f1b8a2b9c46b60aefbe2e3076cf05f6bd5e464
[2024-08-02T17:48:17.546+0900] {process_utils.py:191} INFO - Successfully built extract_trg
[2024-08-02T17:48:17.557+0900] {process_utils.py:191} INFO - Installing collected packages: extract_trg
[2024-08-02T17:48:17.573+0900] {process_utils.py:191} INFO - Successfully installed extract_trg-0.1.0
[2024-08-02T17:48:17.580+0900] {process_utils.py:191} INFO - 
[2024-08-02T17:48:17.580+0900] {process_utils.py:191} INFO - [notice] A new release of pip is available: 24.1.2 -> 24.2
[2024-08-02T17:48:17.580+0900] {process_utils.py:191} INFO - [notice] To update, run: python -m pip install --upgrade pip
[2024-08-02T17:48:17.688+0900] {process_utils.py:183} INFO - Executing cmd: /tmp/venv38idttlu/bin/python /tmp/venv-calljah3zwjd/script.py /tmp/venv-calljah3zwjd/script.in /tmp/venv-calljah3zwjd/script.out /tmp/venv-calljah3zwjd/string_args.txt /tmp/venv-calljah3zwjd/termination.log
[2024-08-02T17:48:17.689+0900] {process_utils.py:187} INFO - Output:
[2024-08-02T17:48:17.715+0900] {process_utils.py:191} INFO - 
[2024-08-02T17:48:17.716+0900] {process_utils.py:191} INFO - ---------------======---::::::------+--=======++++++++++===--:...::-=--==============--:.....:-=====
[2024-08-02T17:48:17.716+0900] {process_utils.py:191} INFO - ----::---------------------===--::--+-----=============++++++===---:....--===============--:...:-===
[2024-08-02T17:48:17.716+0900] {process_utils.py:191} INFO - ----------------------------------=++----------------------=+===========-::.:-======================
[2024-08-02T17:48:17.717+0900] {process_utils.py:191} INFO - =----------------------------------==-----------------------=-----==============================+=--
[2024-08-02T17:48:17.717+0900] {process_utils.py:191} INFO - %%####=----------------------------==----------------------=-::::-----======+*%#++================::
[2024-08-02T17:48:17.717+0900] {process_utils.py:191} INFO - %%%%%#=----------------------------=-:---------------------=--==--------=====*#*=================-::
[2024-08-02T17:48:17.717+0900] {process_utils.py:191} INFO - @@%%%*-----------------+***++=-----=-::-------------------:+---------=====+++====================-::
[2024-08-02T17:48:17.718+0900] {process_utils.py:191} INFO - @@%%%*---------------#%%%%##%%#=---=-+##*#+----------------=------------=====+====-=--===========-::
[2024-08-02T17:48:17.718+0900] {process_utils.py:191} INFO - @@@%%+--=+*%%%+-----+%@@%#++%%%#=--=*%+===#+::----------::=-----------=+*##*++=-----------=======-::
[2024-08-02T17:48:17.718+0900] {process_utils.py:191} INFO - +++++=-+#+***#*=-----#*++**+#@@@*--+#+**+***-:=-:---=*+-::=-----==+++*######%%%#=-------------==-:::
[2024-08-02T17:48:17.718+0900] {process_utils.py:191} INFO - *******-:::-*=-------+===+=-=+#%%:-=++++=+==-:=-:::=%%#-::###=-*#%%%%%%%%%%%%%%%%+---------------:::
[2024-08-02T17:48:17.718+0900] {process_utils.py:191} INFO - =====+=:--::+---+--+**++++*+++#%*-=--**++++-:=++=::+#*-::=%%%#*#%%%%%%%%@@%%%%@@%%#====------+#%%=-*
[2024-08-02T17:48:17.719+0900] {process_utils.py:191} INFO - =-==++---=+==*#%%%%%%=*++++++++==-=-*##*+=##**++=--++-:--*=-=*#%%%@%###*###*+++*%%%*=============-#%
[2024-08-02T17:48:17.719+0900] {process_utils.py:191} INFO - +-=------=*%%%%@%@@@@***=+*#+*##*#%%@@**++%@%%%%*+=--=-=+-:--:#%@@%#*****###*+---+*++#**===---=++*%@
[2024-08-02T17:48:17.719+0900] {process_utils.py:191} INFO - --==-::-*%%%@@@@@@@%#*=-+++%@%##%%@@@@@%#%@@@%%@%%%*=--=#%####-%@%%####++++++=---==++*####*+++*%@%@@
[2024-08-02T17:48:17.719+0900] {process_utils.py:191} INFO - -=*+=-=#@@@@@@@@@#*+++++*@@@@@@@@@@@@@@@@@@@@@@@@@@@#+==-+*+#=:-+#%##**==++**+++=====+*###*+**#@%##%
[2024-08-02T17:48:17.719+0900] {process_utils.py:191} INFO - -=++-+%%@%@@@@%+=-++***#@@@@@@@@@@@@%:+@@*%+=%@@@@@@%%#%%#*=+--:-=#++**%#*+=+++++===+**####=*%%%%%%%
[2024-08-02T17:48:17.719+0900] {process_utils.py:191} INFO - -=++#%%####+-:---=*%%@@%#######**++++=+++++++++%%=+%@@%##*+==-=++=+*****##*===+++++==*#####*+#%%##%%
[2024-08-02T17:48:17.720+0900] {process_utils.py:191} INFO - -=*+=---==+=-::::-*@@@%+=======++++++++++++++*#%#**%%%*==-+*=--+==*****#**+=====+++++=***+++=+==::::
[2024-08-02T17:48:17.720+0900] {process_utils.py:191} INFO - =#*=++++++*###**==*@@@%=======++++++++*@@@@@@@@%%#####-:=+----==******##****+++++***==-=+=:::.::::::
[2024-08-02T17:48:17.720+0900] {process_utils.py:191} INFO - #%*+*++++**##*###*+#@@#=========++++==*%%%%%%%%######*=-----==+*********##########*+====::::::::::::
[2024-08-02T17:48:17.720+0900] {process_utils.py:191} INFO - ++++*#%%@%*##*##***%@@*===============+%##%%######%%%%*==-===+*********+=+*#######*++++-:::--::-----
[2024-08-02T17:48:17.720+0900] {process_utils.py:191} INFO - ===+*#%@@%*##**#**+=--================+%%#%%###%#%%%%%#======*#######*-:-++*####*****++:------------
[2024-08-02T17:48:17.720+0900] {process_utils.py:191} INFO - =+=------=##**##**+=--================+%%#%%###%%#%%%%%+=====+###**++==----:-*####****=------==-====
[2024-08-02T17:48:17.721+0900] {process_utils.py:191} INFO - 
[2024-08-02T17:48:17.744+0900] {python.py:237} INFO - Done. Returned value was: None
[2024-08-02T17:48:17.745+0900] {taskinstance.py:441} INFO - ::group::Post task execution logs
[2024-08-02T17:48:17.749+0900] {taskinstance.py:1206} INFO - Marking task as SUCCESS. dag_id=movie, task_id=extract, run_id=scheduled__2017-01-05T05:30:00+00:00, execution_date=20170105T053000, start_date=20240802T084810, end_date=20240802T084817
[2024-08-02T17:48:17.799+0900] {local_task_job_runner.py:243} INFO - Task exited with return code 0
[2024-08-02T17:48:17.822+0900] {taskinstance.py:3503} INFO - 1 downstream tasks scheduled from follow-on schedule check
[2024-08-02T17:48:17.827+0900] {local_task_job_runner.py:222} INFO - ::endgroup::
