[2024-08-02T17:02:58.270+0900] {local_task_job_runner.py:120} INFO - ::group::Pre task execution logs
[2024-08-02T17:02:58.291+0900] {taskinstance.py:2076} INFO - Dependencies all met for dep_context=non-requeueable deps ti=<TaskInstance: movie.get.data scheduled__2017-01-02T05:18:00+00:00 [queued]>
[2024-08-02T17:02:58.298+0900] {taskinstance.py:2076} INFO - Dependencies all met for dep_context=requeueable deps ti=<TaskInstance: movie.get.data scheduled__2017-01-02T05:18:00+00:00 [queued]>
[2024-08-02T17:02:58.298+0900] {taskinstance.py:2306} INFO - Starting attempt 1 of 3
[2024-08-02T17:02:58.313+0900] {taskinstance.py:2330} INFO - Executing <Task(PythonVirtualenvOperator): get.data> on 2017-01-02 05:18:00+00:00
[2024-08-02T17:02:58.316+0900] {standard_task_runner.py:64} INFO - Started process 152372 to run task
[2024-08-02T17:02:58.320+0900] {standard_task_runner.py:90} INFO - Running: ['airflow', 'tasks', 'run', 'movie', 'get.data', 'scheduled__2017-01-02T05:18:00+00:00', '--job-id', '89', '--raw', '--subdir', 'DAGS_FOLDER/movie.py', '--cfg-path', '/tmp/tmps9uquk41']
[2024-08-02T17:02:58.321+0900] {standard_task_runner.py:91} INFO - Job 89: Subtask get.data
[2024-08-02T17:02:58.357+0900] {task_command.py:426} INFO - Running <TaskInstance: movie.get.data scheduled__2017-01-02T05:18:00+00:00 [running]> on host playdata.
[2024-08-02T17:02:58.430+0900] {taskinstance.py:2648} INFO - Exporting env vars: AIRFLOW_CTX_DAG_OWNER='airflow' AIRFLOW_CTX_DAG_ID='movie' AIRFLOW_CTX_TASK_ID='get.data' AIRFLOW_CTX_EXECUTION_DATE='2017-01-02T05:18:00+00:00' AIRFLOW_CTX_TRY_NUMBER='1' AIRFLOW_CTX_DAG_RUN_ID='scheduled__2017-01-02T05:18:00+00:00'
[2024-08-02T17:02:58.431+0900] {taskinstance.py:430} INFO - ::endgroup::
[2024-08-02T17:02:58.440+0900] {baseoperator.py:400} WARNING - PythonVirtualenvOperator.execute cannot be called outside TaskInstance!
[2024-08-02T17:02:58.441+0900] {process_utils.py:183} INFO - Executing cmd: /home/oddsummer/.pyenv/versions/3.11.9/envs/air/bin/python -m virtualenv /tmp/venvvqqu0fod --python=python
[2024-08-02T17:02:58.442+0900] {process_utils.py:187} INFO - Output:
[2024-08-02T17:02:58.765+0900] {process_utils.py:191} INFO - created virtual environment CPython3.11.9.final.0-64 in 212ms
[2024-08-02T17:02:58.766+0900] {process_utils.py:191} INFO -   creator CPython3Posix(dest=/tmp/venvvqqu0fod, clear=False, no_vcs_ignore=False, global=False)
[2024-08-02T17:02:58.766+0900] {process_utils.py:191} INFO -   seeder FromAppData(download=False, pip=bundle, setuptools=bundle, wheel=bundle, via=copy, app_data_dir=/home/oddsummer/.local/share/virtualenv)
[2024-08-02T17:02:58.766+0900] {process_utils.py:191} INFO -     added seed packages: pip==24.1.2, setuptools==70.2.0, wheel==0.43.0
[2024-08-02T17:02:58.767+0900] {process_utils.py:191} INFO -   activators BashActivator,CShellActivator,FishActivator,NushellActivator,PowerShellActivator,PythonActivator
[2024-08-02T17:02:58.796+0900] {process_utils.py:183} INFO - Executing cmd: /tmp/venvvqqu0fod/bin/pip install -r /tmp/venvvqqu0fod/requirements.txt
[2024-08-02T17:02:58.797+0900] {process_utils.py:187} INFO - Output:
[2024-08-02T17:02:59.715+0900] {process_utils.py:191} INFO - Collecting git+https://github.com/7-TRG/extract_trg.git@main (from -r /tmp/venvvqqu0fod/requirements.txt (line 1))
[2024-08-02T17:02:59.716+0900] {process_utils.py:191} INFO -   Cloning https://github.com/7-TRG/extract_trg.git (to revision main) to /tmp/pip-req-build-v8ru_nxn
[2024-08-02T17:02:59.718+0900] {process_utils.py:191} INFO -   Running command git clone --filter=blob:none --quiet https://github.com/7-TRG/extract_trg.git /tmp/pip-req-build-v8ru_nxn
[2024-08-02T17:03:01.250+0900] {process_utils.py:191} INFO -   Resolved https://github.com/7-TRG/extract_trg.git to commit 0712b3f1bbaeeeea58bf80749079a62c7e1bec3d
[2024-08-02T17:03:01.255+0900] {process_utils.py:191} INFO -   Installing build dependencies: started
[2024-08-02T17:03:03.092+0900] {process_utils.py:191} INFO -   Installing build dependencies: finished with status 'done'
[2024-08-02T17:03:03.093+0900] {process_utils.py:191} INFO -   Getting requirements to build wheel: started
[2024-08-02T17:03:03.329+0900] {process_utils.py:191} INFO -   Getting requirements to build wheel: finished with status 'done'
[2024-08-02T17:03:03.332+0900] {process_utils.py:191} INFO -   Preparing metadata (pyproject.toml): started
[2024-08-02T17:03:03.591+0900] {process_utils.py:191} INFO -   Preparing metadata (pyproject.toml): finished with status 'done'
[2024-08-02T17:03:03.593+0900] {process_utils.py:191} INFO - Building wheels for collected packages: extract_trg
[2024-08-02T17:03:03.597+0900] {process_utils.py:191} INFO -   Building wheel for extract_trg (pyproject.toml): started
[2024-08-02T17:03:03.851+0900] {process_utils.py:191} INFO -   Building wheel for extract_trg (pyproject.toml): finished with status 'done'
[2024-08-02T17:03:03.852+0900] {process_utils.py:191} INFO -   Created wheel for extract_trg: filename=extract_trg-0.1.0-py3-none-any.whl size=2219 sha256=a5fe6782454fffbdab41501bc7ec753bed9ebf0433087a53d68c363294415d9c
[2024-08-02T17:03:03.852+0900] {process_utils.py:191} INFO -   Stored in directory: /tmp/pip-ephem-wheel-cache-rasihfkb/wheels/21/97/ea/e27bc4298590f1b8a2b9c46b60aefbe2e3076cf05f6bd5e464
[2024-08-02T17:03:03.856+0900] {process_utils.py:191} INFO - Successfully built extract_trg
[2024-08-02T17:03:03.866+0900] {process_utils.py:191} INFO - Installing collected packages: extract_trg
[2024-08-02T17:03:03.883+0900] {process_utils.py:191} INFO - Successfully installed extract_trg-0.1.0
[2024-08-02T17:03:03.891+0900] {process_utils.py:191} INFO - 
[2024-08-02T17:03:03.891+0900] {process_utils.py:191} INFO - [notice] A new release of pip is available: 24.1.2 -> 24.2
[2024-08-02T17:03:03.891+0900] {process_utils.py:191} INFO - [notice] To update, run: python -m pip install --upgrade pip
[2024-08-02T17:03:03.986+0900] {process_utils.py:183} INFO - Executing cmd: /tmp/venvvqqu0fod/bin/python /tmp/venv-call1ujpz0iz/script.py /tmp/venv-call1ujpz0iz/script.in /tmp/venv-call1ujpz0iz/script.out /tmp/venv-call1ujpz0iz/string_args.txt /tmp/venv-call1ujpz0iz/termination.log
[2024-08-02T17:03:03.987+0900] {process_utils.py:187} INFO - Output:
[2024-08-02T17:03:04.011+0900] {process_utils.py:191} INFO - 
[2024-08-02T17:03:04.011+0900] {process_utils.py:191} INFO - ---------------======---::::::------+--=======++++++++++===--:...::-=--==============--:.....:-=====
[2024-08-02T17:03:04.011+0900] {process_utils.py:191} INFO - ----::---------------------===--::--+-----=============++++++===---:....--===============--:...:-===
[2024-08-02T17:03:04.012+0900] {process_utils.py:191} INFO - ----------------------------------=++----------------------=+===========-::.:-======================
[2024-08-02T17:03:04.012+0900] {process_utils.py:191} INFO - =----------------------------------==-----------------------=-----==============================+=--
[2024-08-02T17:03:04.012+0900] {process_utils.py:191} INFO - %%####=----------------------------==----------------------=-::::-----======+*%#++================::
[2024-08-02T17:03:04.012+0900] {process_utils.py:191} INFO - %%%%%#=----------------------------=-:---------------------=--==--------=====*#*=================-::
[2024-08-02T17:03:04.012+0900] {process_utils.py:191} INFO - @@%%%*-----------------+***++=-----=-::-------------------:+---------=====+++====================-::
[2024-08-02T17:03:04.012+0900] {process_utils.py:191} INFO - @@%%%*---------------#%%%%##%%#=---=-+##*#+----------------=------------=====+====-=--===========-::
[2024-08-02T17:03:04.013+0900] {process_utils.py:191} INFO - @@@%%+--=+*%%%+-----+%@@%#++%%%#=--=*%+===#+::----------::=-----------=+*##*++=-----------=======-::
[2024-08-02T17:03:04.013+0900] {process_utils.py:191} INFO - +++++=-+#+***#*=-----#*++**+#@@@*--+#+**+***-:=-:---=*+-::=-----==+++*######%%%#=-------------==-:::
[2024-08-02T17:03:04.013+0900] {process_utils.py:191} INFO - *******-:::-*=-------+===+=-=+#%%:-=++++=+==-:=-:::=%%#-::###=-*#%%%%%%%%%%%%%%%%+---------------:::
[2024-08-02T17:03:04.013+0900] {process_utils.py:191} INFO - =====+=:--::+---+--+**++++*+++#%*-=--**++++-:=++=::+#*-::=%%%#*#%%%%%%%%@@%%%%@@%%#====------+#%%=-*
[2024-08-02T17:03:04.013+0900] {process_utils.py:191} INFO - =-==++---=+==*#%%%%%%=*++++++++==-=-*##*+=##**++=--++-:--*=-=*#%%%@%###*###*+++*%%%*=============-#%
[2024-08-02T17:03:04.013+0900] {process_utils.py:191} INFO - +-=------=*%%%%@%@@@@***=+*#+*##*#%%@@**++%@%%%%*+=--=-=+-:--:#%@@%#*****###*+---+*++#**===---=++*%@
[2024-08-02T17:03:04.013+0900] {process_utils.py:191} INFO - --==-::-*%%%@@@@@@@%#*=-+++%@%##%%@@@@@%#%@@@%%@%%%*=--=#%####-%@%%####++++++=---==++*####*+++*%@%@@
[2024-08-02T17:03:04.014+0900] {process_utils.py:191} INFO - -=*+=-=#@@@@@@@@@#*+++++*@@@@@@@@@@@@@@@@@@@@@@@@@@@#+==-+*+#=:-+#%##**==++**+++=====+*###*+**#@%##%
[2024-08-02T17:03:04.014+0900] {process_utils.py:191} INFO - -=++-+%%@%@@@@%+=-++***#@@@@@@@@@@@@%:+@@*%+=%@@@@@@%%#%%#*=+--:-=#++**%#*+=+++++===+**####=*%%%%%%%
[2024-08-02T17:03:04.014+0900] {process_utils.py:191} INFO - -=++#%%####+-:---=*%%@@%#######**++++=+++++++++%%=+%@@%##*+==-=++=+*****##*===+++++==*#####*+#%%##%%
[2024-08-02T17:03:04.014+0900] {process_utils.py:191} INFO - -=*+=---==+=-::::-*@@@%+=======++++++++++++++*#%#**%%%*==-+*=--+==*****#**+=====+++++=***+++=+==::::
[2024-08-02T17:03:04.014+0900] {process_utils.py:191} INFO - =#*=++++++*###**==*@@@%=======++++++++*@@@@@@@@%%#####-:=+----==******##****+++++***==-=+=:::.::::::
[2024-08-02T17:03:04.014+0900] {process_utils.py:191} INFO - #%*+*++++**##*###*+#@@#=========++++==*%%%%%%%%######*=-----==+*********##########*+====::::::::::::
[2024-08-02T17:03:04.014+0900] {process_utils.py:191} INFO - ++++*#%%@%*##*##***%@@*===============+%##%%######%%%%*==-===+*********+=+*#######*++++-:::--::-----
[2024-08-02T17:03:04.015+0900] {process_utils.py:191} INFO - ===+*#%@@%*##**#**+=--================+%%#%%###%#%%%%%#======*#######*-:-++*####*****++:------------
[2024-08-02T17:03:04.015+0900] {process_utils.py:191} INFO - =+=------=##**##**+=--================+%%#%%###%%#%%%%%+=====+###**++==----:-*####****=------==-====
[2024-08-02T17:03:04.015+0900] {process_utils.py:191} INFO - 
[2024-08-02T17:03:04.036+0900] {python.py:237} INFO - Done. Returned value was: None
[2024-08-02T17:03:04.036+0900] {taskinstance.py:441} INFO - ::group::Post task execution logs
[2024-08-02T17:03:04.040+0900] {taskinstance.py:1206} INFO - Marking task as SUCCESS. dag_id=movie, task_id=get.data, run_id=scheduled__2017-01-02T05:18:00+00:00, execution_date=20170102T051800, start_date=20240802T080258, end_date=20240802T080304
[2024-08-02T17:03:04.087+0900] {local_task_job_runner.py:243} INFO - Task exited with return code 0
[2024-08-02T17:03:04.104+0900] {taskinstance.py:3503} INFO - 0 downstream tasks scheduled from follow-on schedule check
[2024-08-02T17:03:04.104+0900] {local_task_job_runner.py:222} INFO - ::endgroup::
