[2024-08-02T17:39:36.321+0900] {local_task_job_runner.py:120} INFO - ::group::Pre task execution logs
[2024-08-02T17:39:36.348+0900] {taskinstance.py:2076} INFO - Dependencies all met for dep_context=non-requeueable deps ti=<TaskInstance: movie.extract scheduled__2017-01-05T05:12:00+00:00 [queued]>
[2024-08-02T17:39:36.355+0900] {taskinstance.py:2076} INFO - Dependencies all met for dep_context=requeueable deps ti=<TaskInstance: movie.extract scheduled__2017-01-05T05:12:00+00:00 [queued]>
[2024-08-02T17:39:36.355+0900] {taskinstance.py:2306} INFO - Starting attempt 1 of 3
[2024-08-02T17:39:36.371+0900] {taskinstance.py:2330} INFO - Executing <Task(PythonVirtualenvOperator): extract> on 2017-01-05 05:12:00+00:00
[2024-08-02T17:39:36.374+0900] {standard_task_runner.py:64} INFO - Started process 172733 to run task
[2024-08-02T17:39:36.378+0900] {standard_task_runner.py:90} INFO - Running: ['airflow', 'tasks', 'run', 'movie', 'extract', 'scheduled__2017-01-05T05:12:00+00:00', '--job-id', '282', '--raw', '--subdir', 'DAGS_FOLDER/movie.py', '--cfg-path', '/tmp/tmp44mqva57']
[2024-08-02T17:39:36.380+0900] {standard_task_runner.py:91} INFO - Job 282: Subtask extract
[2024-08-02T17:39:36.417+0900] {task_command.py:426} INFO - Running <TaskInstance: movie.extract scheduled__2017-01-05T05:12:00+00:00 [running]> on host playdata.
[2024-08-02T17:39:36.494+0900] {taskinstance.py:2648} INFO - Exporting env vars: AIRFLOW_CTX_DAG_OWNER='airflow' AIRFLOW_CTX_DAG_ID='movie' AIRFLOW_CTX_TASK_ID='extract' AIRFLOW_CTX_EXECUTION_DATE='2017-01-05T05:12:00+00:00' AIRFLOW_CTX_TRY_NUMBER='1' AIRFLOW_CTX_DAG_RUN_ID='scheduled__2017-01-05T05:12:00+00:00'
[2024-08-02T17:39:36.494+0900] {taskinstance.py:430} INFO - ::endgroup::
[2024-08-02T17:39:36.505+0900] {baseoperator.py:400} WARNING - PythonVirtualenvOperator.execute cannot be called outside TaskInstance!
[2024-08-02T17:39:36.506+0900] {process_utils.py:183} INFO - Executing cmd: /home/oddsummer/.pyenv/versions/3.11.9/envs/air/bin/python -m virtualenv /tmp/venv84to3crn --python=python
[2024-08-02T17:39:36.508+0900] {process_utils.py:187} INFO - Output:
[2024-08-02T17:39:37.139+0900] {process_utils.py:191} INFO - created virtual environment CPython3.11.9.final.0-64 in 482ms
[2024-08-02T17:39:37.140+0900] {process_utils.py:191} INFO -   creator CPython3Posix(dest=/tmp/venv84to3crn, clear=False, no_vcs_ignore=False, global=False)
[2024-08-02T17:39:37.140+0900] {process_utils.py:191} INFO -   seeder FromAppData(download=False, pip=bundle, setuptools=bundle, wheel=bundle, via=copy, app_data_dir=/home/oddsummer/.local/share/virtualenv)
[2024-08-02T17:39:37.141+0900] {process_utils.py:191} INFO -     added seed packages: pip==24.1.2, setuptools==70.2.0, wheel==0.43.0
[2024-08-02T17:39:37.141+0900] {process_utils.py:191} INFO -   activators BashActivator,CShellActivator,FishActivator,NushellActivator,PowerShellActivator,PythonActivator
[2024-08-02T17:39:37.173+0900] {process_utils.py:183} INFO - Executing cmd: /tmp/venv84to3crn/bin/pip install -r /tmp/venv84to3crn/requirements.txt
[2024-08-02T17:39:37.174+0900] {process_utils.py:187} INFO - Output:
[2024-08-02T17:39:38.396+0900] {process_utils.py:191} INFO - Collecting git+https://github.com/7-TRG/extract_trg.git@main (from -r /tmp/venv84to3crn/requirements.txt (line 1))
[2024-08-02T17:39:38.397+0900] {process_utils.py:191} INFO -   Cloning https://github.com/7-TRG/extract_trg.git (to revision main) to /tmp/pip-req-build-rjd25vji
[2024-08-02T17:39:38.399+0900] {process_utils.py:191} INFO -   Running command git clone --filter=blob:none --quiet https://github.com/7-TRG/extract_trg.git /tmp/pip-req-build-rjd25vji
[2024-08-02T17:39:39.976+0900] {process_utils.py:191} INFO -   Resolved https://github.com/7-TRG/extract_trg.git to commit 0712b3f1bbaeeeea58bf80749079a62c7e1bec3d
[2024-08-02T17:39:39.985+0900] {process_utils.py:191} INFO -   Installing build dependencies: started
[2024-08-02T17:39:42.158+0900] {process_utils.py:191} INFO -   Installing build dependencies: finished with status 'done'
[2024-08-02T17:39:42.160+0900] {process_utils.py:191} INFO -   Getting requirements to build wheel: started
[2024-08-02T17:39:42.426+0900] {process_utils.py:191} INFO -   Getting requirements to build wheel: finished with status 'done'
[2024-08-02T17:39:42.427+0900] {process_utils.py:191} INFO -   Preparing metadata (pyproject.toml): started
[2024-08-02T17:39:42.678+0900] {process_utils.py:191} INFO -   Preparing metadata (pyproject.toml): finished with status 'done'
[2024-08-02T17:39:42.682+0900] {process_utils.py:191} INFO - Building wheels for collected packages: extract_trg
[2024-08-02T17:39:42.686+0900] {process_utils.py:191} INFO -   Building wheel for extract_trg (pyproject.toml): started
[2024-08-02T17:39:43.045+0900] {process_utils.py:191} INFO -   Building wheel for extract_trg (pyproject.toml): finished with status 'done'
[2024-08-02T17:39:43.046+0900] {process_utils.py:191} INFO -   Created wheel for extract_trg: filename=extract_trg-0.1.0-py3-none-any.whl size=2219 sha256=c2252a88869fe9a96e2c65131110679ff9afda62112c5d50ae96ef4eb9ddb3c2
[2024-08-02T17:39:43.046+0900] {process_utils.py:191} INFO -   Stored in directory: /tmp/pip-ephem-wheel-cache-zkuq1ftx/wheels/21/97/ea/e27bc4298590f1b8a2b9c46b60aefbe2e3076cf05f6bd5e464
[2024-08-02T17:39:43.048+0900] {process_utils.py:191} INFO - Successfully built extract_trg
[2024-08-02T17:39:43.056+0900] {process_utils.py:191} INFO - Installing collected packages: extract_trg
[2024-08-02T17:39:43.074+0900] {process_utils.py:191} INFO - Successfully installed extract_trg-0.1.0
[2024-08-02T17:39:43.080+0900] {process_utils.py:191} INFO - 
[2024-08-02T17:39:43.081+0900] {process_utils.py:191} INFO - [notice] A new release of pip is available: 24.1.2 -> 24.2
[2024-08-02T17:39:43.081+0900] {process_utils.py:191} INFO - [notice] To update, run: python -m pip install --upgrade pip
[2024-08-02T17:39:43.177+0900] {process_utils.py:183} INFO - Executing cmd: /tmp/venv84to3crn/bin/python /tmp/venv-callbx0ht4iy/script.py /tmp/venv-callbx0ht4iy/script.in /tmp/venv-callbx0ht4iy/script.out /tmp/venv-callbx0ht4iy/string_args.txt /tmp/venv-callbx0ht4iy/termination.log
[2024-08-02T17:39:43.177+0900] {process_utils.py:187} INFO - Output:
[2024-08-02T17:39:43.199+0900] {process_utils.py:191} INFO - 
[2024-08-02T17:39:43.199+0900] {process_utils.py:191} INFO - ---------------======---::::::------+--=======++++++++++===--:...::-=--==============--:.....:-=====
[2024-08-02T17:39:43.200+0900] {process_utils.py:191} INFO - ----::---------------------===--::--+-----=============++++++===---:....--===============--:...:-===
[2024-08-02T17:39:43.200+0900] {process_utils.py:191} INFO - ----------------------------------=++----------------------=+===========-::.:-======================
[2024-08-02T17:39:43.200+0900] {process_utils.py:191} INFO - =----------------------------------==-----------------------=-----==============================+=--
[2024-08-02T17:39:43.201+0900] {process_utils.py:191} INFO - %%####=----------------------------==----------------------=-::::-----======+*%#++================::
[2024-08-02T17:39:43.201+0900] {process_utils.py:191} INFO - %%%%%#=----------------------------=-:---------------------=--==--------=====*#*=================-::
[2024-08-02T17:39:43.201+0900] {process_utils.py:191} INFO - @@%%%*-----------------+***++=-----=-::-------------------:+---------=====+++====================-::
[2024-08-02T17:39:43.201+0900] {process_utils.py:191} INFO - @@%%%*---------------#%%%%##%%#=---=-+##*#+----------------=------------=====+====-=--===========-::
[2024-08-02T17:39:43.202+0900] {process_utils.py:191} INFO - @@@%%+--=+*%%%+-----+%@@%#++%%%#=--=*%+===#+::----------::=-----------=+*##*++=-----------=======-::
[2024-08-02T17:39:43.202+0900] {process_utils.py:191} INFO - +++++=-+#+***#*=-----#*++**+#@@@*--+#+**+***-:=-:---=*+-::=-----==+++*######%%%#=-------------==-:::
[2024-08-02T17:39:43.202+0900] {process_utils.py:191} INFO - *******-:::-*=-------+===+=-=+#%%:-=++++=+==-:=-:::=%%#-::###=-*#%%%%%%%%%%%%%%%%+---------------:::
[2024-08-02T17:39:43.202+0900] {process_utils.py:191} INFO - =====+=:--::+---+--+**++++*+++#%*-=--**++++-:=++=::+#*-::=%%%#*#%%%%%%%%@@%%%%@@%%#====------+#%%=-*
[2024-08-02T17:39:43.203+0900] {process_utils.py:191} INFO - =-==++---=+==*#%%%%%%=*++++++++==-=-*##*+=##**++=--++-:--*=-=*#%%%@%###*###*+++*%%%*=============-#%
[2024-08-02T17:39:43.203+0900] {process_utils.py:191} INFO - +-=------=*%%%%@%@@@@***=+*#+*##*#%%@@**++%@%%%%*+=--=-=+-:--:#%@@%#*****###*+---+*++#**===---=++*%@
[2024-08-02T17:39:43.203+0900] {process_utils.py:191} INFO - --==-::-*%%%@@@@@@@%#*=-+++%@%##%%@@@@@%#%@@@%%@%%%*=--=#%####-%@%%####++++++=---==++*####*+++*%@%@@
[2024-08-02T17:39:43.203+0900] {process_utils.py:191} INFO - -=*+=-=#@@@@@@@@@#*+++++*@@@@@@@@@@@@@@@@@@@@@@@@@@@#+==-+*+#=:-+#%##**==++**+++=====+*###*+**#@%##%
[2024-08-02T17:39:43.203+0900] {process_utils.py:191} INFO - -=++-+%%@%@@@@%+=-++***#@@@@@@@@@@@@%:+@@*%+=%@@@@@@%%#%%#*=+--:-=#++**%#*+=+++++===+**####=*%%%%%%%
[2024-08-02T17:39:43.204+0900] {process_utils.py:191} INFO - -=++#%%####+-:---=*%%@@%#######**++++=+++++++++%%=+%@@%##*+==-=++=+*****##*===+++++==*#####*+#%%##%%
[2024-08-02T17:39:43.204+0900] {process_utils.py:191} INFO - -=*+=---==+=-::::-*@@@%+=======++++++++++++++*#%#**%%%*==-+*=--+==*****#**+=====+++++=***+++=+==::::
[2024-08-02T17:39:43.204+0900] {process_utils.py:191} INFO - =#*=++++++*###**==*@@@%=======++++++++*@@@@@@@@%%#####-:=+----==******##****+++++***==-=+=:::.::::::
[2024-08-02T17:39:43.204+0900] {process_utils.py:191} INFO - #%*+*++++**##*###*+#@@#=========++++==*%%%%%%%%######*=-----==+*********##########*+====::::::::::::
[2024-08-02T17:39:43.204+0900] {process_utils.py:191} INFO - ++++*#%%@%*##*##***%@@*===============+%##%%######%%%%*==-===+*********+=+*#######*++++-:::--::-----
[2024-08-02T17:39:43.204+0900] {process_utils.py:191} INFO - ===+*#%@@%*##**#**+=--================+%%#%%###%#%%%%%#======*#######*-:-++*####*****++:------------
[2024-08-02T17:39:43.205+0900] {process_utils.py:191} INFO - =+=------=##**##**+=--================+%%#%%###%%#%%%%%+=====+###**++==----:-*####****=------==-====
[2024-08-02T17:39:43.205+0900] {process_utils.py:191} INFO - 
[2024-08-02T17:39:43.232+0900] {python.py:237} INFO - Done. Returned value was: None
[2024-08-02T17:39:43.232+0900] {taskinstance.py:441} INFO - ::group::Post task execution logs
[2024-08-02T17:39:43.236+0900] {taskinstance.py:1206} INFO - Marking task as SUCCESS. dag_id=movie, task_id=extract, run_id=scheduled__2017-01-05T05:12:00+00:00, execution_date=20170105T051200, start_date=20240802T083936, end_date=20240802T083943
[2024-08-02T17:39:43.293+0900] {local_task_job_runner.py:243} INFO - Task exited with return code 0
[2024-08-02T17:39:43.321+0900] {taskinstance.py:3503} INFO - 1 downstream tasks scheduled from follow-on schedule check
[2024-08-02T17:39:43.328+0900] {local_task_job_runner.py:222} INFO - ::endgroup::
