[2024-08-02T16:58:44.791+0900] {local_task_job_runner.py:120} INFO - ::group::Pre task execution logs
[2024-08-02T16:58:44.812+0900] {taskinstance.py:2076} INFO - Dependencies all met for dep_context=non-requeueable deps ti=<TaskInstance: movie.get.data scheduled__2017-01-01T05:56:00+00:00 [queued]>
[2024-08-02T16:58:44.818+0900] {taskinstance.py:2076} INFO - Dependencies all met for dep_context=requeueable deps ti=<TaskInstance: movie.get.data scheduled__2017-01-01T05:56:00+00:00 [queued]>
[2024-08-02T16:58:44.818+0900] {taskinstance.py:2306} INFO - Starting attempt 1 of 3
[2024-08-02T16:58:44.835+0900] {taskinstance.py:2330} INFO - Executing <Task(PythonVirtualenvOperator): get.data> on 2017-01-01 05:56:00+00:00
[2024-08-02T16:58:44.839+0900] {standard_task_runner.py:64} INFO - Started process 150243 to run task
[2024-08-02T16:58:44.842+0900] {standard_task_runner.py:90} INFO - Running: ['airflow', 'tasks', 'run', 'movie', 'get.data', 'scheduled__2017-01-01T05:56:00+00:00', '--job-id', '67', '--raw', '--subdir', 'DAGS_FOLDER/movie.py', '--cfg-path', '/tmp/tmpq_x0il49']
[2024-08-02T16:58:44.844+0900] {standard_task_runner.py:91} INFO - Job 67: Subtask get.data
[2024-08-02T16:58:44.886+0900] {task_command.py:426} INFO - Running <TaskInstance: movie.get.data scheduled__2017-01-01T05:56:00+00:00 [running]> on host playdata.
[2024-08-02T16:58:44.994+0900] {taskinstance.py:2648} INFO - Exporting env vars: AIRFLOW_CTX_DAG_OWNER='airflow' AIRFLOW_CTX_DAG_ID='movie' AIRFLOW_CTX_TASK_ID='get.data' AIRFLOW_CTX_EXECUTION_DATE='2017-01-01T05:56:00+00:00' AIRFLOW_CTX_TRY_NUMBER='1' AIRFLOW_CTX_DAG_RUN_ID='scheduled__2017-01-01T05:56:00+00:00'
[2024-08-02T16:58:44.995+0900] {taskinstance.py:430} INFO - ::endgroup::
[2024-08-02T16:58:45.010+0900] {baseoperator.py:400} WARNING - PythonVirtualenvOperator.execute cannot be called outside TaskInstance!
[2024-08-02T16:58:45.012+0900] {process_utils.py:183} INFO - Executing cmd: /home/oddsummer/.pyenv/versions/3.11.9/envs/air/bin/python -m virtualenv /tmp/venv7jsop89p --python=python
[2024-08-02T16:58:45.012+0900] {process_utils.py:187} INFO - Output:
[2024-08-02T16:58:45.454+0900] {process_utils.py:191} INFO - created virtual environment CPython3.11.9.final.0-64 in 307ms
[2024-08-02T16:58:45.454+0900] {process_utils.py:191} INFO -   creator CPython3Posix(dest=/tmp/venv7jsop89p, clear=False, no_vcs_ignore=False, global=False)
[2024-08-02T16:58:45.455+0900] {process_utils.py:191} INFO -   seeder FromAppData(download=False, pip=bundle, setuptools=bundle, wheel=bundle, via=copy, app_data_dir=/home/oddsummer/.local/share/virtualenv)
[2024-08-02T16:58:45.455+0900] {process_utils.py:191} INFO -     added seed packages: pip==24.1.2, setuptools==70.2.0, wheel==0.43.0
[2024-08-02T16:58:45.455+0900] {process_utils.py:191} INFO -   activators BashActivator,CShellActivator,FishActivator,NushellActivator,PowerShellActivator,PythonActivator
[2024-08-02T16:58:45.480+0900] {process_utils.py:183} INFO - Executing cmd: /tmp/venv7jsop89p/bin/pip install -r /tmp/venv7jsop89p/requirements.txt
[2024-08-02T16:58:45.480+0900] {process_utils.py:187} INFO - Output:
[2024-08-02T16:58:46.418+0900] {process_utils.py:191} INFO - Collecting git+https://github.com/7-TRG/extract_trg.git@main (from -r /tmp/venv7jsop89p/requirements.txt (line 1))
[2024-08-02T16:58:46.420+0900] {process_utils.py:191} INFO -   Cloning https://github.com/7-TRG/extract_trg.git (to revision main) to /tmp/pip-req-build-y24p6kws
[2024-08-02T16:58:46.424+0900] {process_utils.py:191} INFO -   Running command git clone --filter=blob:none --quiet https://github.com/7-TRG/extract_trg.git /tmp/pip-req-build-y24p6kws
[2024-08-02T16:58:48.120+0900] {process_utils.py:191} INFO -   Resolved https://github.com/7-TRG/extract_trg.git to commit 0712b3f1bbaeeeea58bf80749079a62c7e1bec3d
[2024-08-02T16:58:48.126+0900] {process_utils.py:191} INFO -   Installing build dependencies: started
[2024-08-02T16:58:50.036+0900] {process_utils.py:191} INFO -   Installing build dependencies: finished with status 'done'
[2024-08-02T16:58:50.037+0900] {process_utils.py:191} INFO -   Getting requirements to build wheel: started
[2024-08-02T16:58:50.295+0900] {process_utils.py:191} INFO -   Getting requirements to build wheel: finished with status 'done'
[2024-08-02T16:58:50.296+0900] {process_utils.py:191} INFO -   Preparing metadata (pyproject.toml): started
[2024-08-02T16:58:50.550+0900] {process_utils.py:191} INFO -   Preparing metadata (pyproject.toml): finished with status 'done'
[2024-08-02T16:58:50.553+0900] {process_utils.py:191} INFO - Building wheels for collected packages: extract_trg
[2024-08-02T16:58:50.558+0900] {process_utils.py:191} INFO -   Building wheel for extract_trg (pyproject.toml): started
[2024-08-02T16:58:50.895+0900] {process_utils.py:191} INFO -   Building wheel for extract_trg (pyproject.toml): finished with status 'done'
[2024-08-02T16:58:50.896+0900] {process_utils.py:191} INFO -   Created wheel for extract_trg: filename=extract_trg-0.1.0-py3-none-any.whl size=2219 sha256=b0c4fabefde68afe02936a3c5d9a2b8f841a55650223fb0de325bb951b4c59ab
[2024-08-02T16:58:50.896+0900] {process_utils.py:191} INFO -   Stored in directory: /tmp/pip-ephem-wheel-cache-z0zqxkbg/wheels/21/97/ea/e27bc4298590f1b8a2b9c46b60aefbe2e3076cf05f6bd5e464
[2024-08-02T16:58:50.898+0900] {process_utils.py:191} INFO - Successfully built extract_trg
[2024-08-02T16:58:50.907+0900] {process_utils.py:191} INFO - Installing collected packages: extract_trg
[2024-08-02T16:58:50.927+0900] {process_utils.py:191} INFO - Successfully installed extract_trg-0.1.0
[2024-08-02T16:58:50.932+0900] {process_utils.py:191} INFO - 
[2024-08-02T16:58:50.932+0900] {process_utils.py:191} INFO - [notice] A new release of pip is available: 24.1.2 -> 24.2
[2024-08-02T16:58:50.933+0900] {process_utils.py:191} INFO - [notice] To update, run: python -m pip install --upgrade pip
[2024-08-02T16:58:51.057+0900] {process_utils.py:183} INFO - Executing cmd: /tmp/venv7jsop89p/bin/python /tmp/venv-call88ajiw5j/script.py /tmp/venv-call88ajiw5j/script.in /tmp/venv-call88ajiw5j/script.out /tmp/venv-call88ajiw5j/string_args.txt /tmp/venv-call88ajiw5j/termination.log
[2024-08-02T16:58:51.058+0900] {process_utils.py:187} INFO - Output:
[2024-08-02T16:58:51.087+0900] {process_utils.py:191} INFO - 
[2024-08-02T16:58:51.087+0900] {process_utils.py:191} INFO - ---------------======---::::::------+--=======++++++++++===--:...::-=--==============--:.....:-=====
[2024-08-02T16:58:51.088+0900] {process_utils.py:191} INFO - ----::---------------------===--::--+-----=============++++++===---:....--===============--:...:-===
[2024-08-02T16:58:51.088+0900] {process_utils.py:191} INFO - ----------------------------------=++----------------------=+===========-::.:-======================
[2024-08-02T16:58:51.089+0900] {process_utils.py:191} INFO - =----------------------------------==-----------------------=-----==============================+=--
[2024-08-02T16:58:51.090+0900] {process_utils.py:191} INFO - %%####=----------------------------==----------------------=-::::-----======+*%#++================::
[2024-08-02T16:58:51.090+0900] {process_utils.py:191} INFO - %%%%%#=----------------------------=-:---------------------=--==--------=====*#*=================-::
[2024-08-02T16:58:51.090+0900] {process_utils.py:191} INFO - @@%%%*-----------------+***++=-----=-::-------------------:+---------=====+++====================-::
[2024-08-02T16:58:51.091+0900] {process_utils.py:191} INFO - @@%%%*---------------#%%%%##%%#=---=-+##*#+----------------=------------=====+====-=--===========-::
[2024-08-02T16:58:51.091+0900] {process_utils.py:191} INFO - @@@%%+--=+*%%%+-----+%@@%#++%%%#=--=*%+===#+::----------::=-----------=+*##*++=-----------=======-::
[2024-08-02T16:58:51.092+0900] {process_utils.py:191} INFO - +++++=-+#+***#*=-----#*++**+#@@@*--+#+**+***-:=-:---=*+-::=-----==+++*######%%%#=-------------==-:::
[2024-08-02T16:58:51.092+0900] {process_utils.py:191} INFO - *******-:::-*=-------+===+=-=+#%%:-=++++=+==-:=-:::=%%#-::###=-*#%%%%%%%%%%%%%%%%+---------------:::
[2024-08-02T16:58:51.093+0900] {process_utils.py:191} INFO - =====+=:--::+---+--+**++++*+++#%*-=--**++++-:=++=::+#*-::=%%%#*#%%%%%%%%@@%%%%@@%%#====------+#%%=-*
[2024-08-02T16:58:51.093+0900] {process_utils.py:191} INFO - =-==++---=+==*#%%%%%%=*++++++++==-=-*##*+=##**++=--++-:--*=-=*#%%%@%###*###*+++*%%%*=============-#%
[2024-08-02T16:58:51.093+0900] {process_utils.py:191} INFO - +-=------=*%%%%@%@@@@***=+*#+*##*#%%@@**++%@%%%%*+=--=-=+-:--:#%@@%#*****###*+---+*++#**===---=++*%@
[2024-08-02T16:58:51.094+0900] {process_utils.py:191} INFO - --==-::-*%%%@@@@@@@%#*=-+++%@%##%%@@@@@%#%@@@%%@%%%*=--=#%####-%@%%####++++++=---==++*####*+++*%@%@@
[2024-08-02T16:58:51.094+0900] {process_utils.py:191} INFO - -=*+=-=#@@@@@@@@@#*+++++*@@@@@@@@@@@@@@@@@@@@@@@@@@@#+==-+*+#=:-+#%##**==++**+++=====+*###*+**#@%##%
[2024-08-02T16:58:51.094+0900] {process_utils.py:191} INFO - -=++-+%%@%@@@@%+=-++***#@@@@@@@@@@@@%:+@@*%+=%@@@@@@%%#%%#*=+--:-=#++**%#*+=+++++===+**####=*%%%%%%%
[2024-08-02T16:58:51.094+0900] {process_utils.py:191} INFO - -=++#%%####+-:---=*%%@@%#######**++++=+++++++++%%=+%@@%##*+==-=++=+*****##*===+++++==*#####*+#%%##%%
[2024-08-02T16:58:51.095+0900] {process_utils.py:191} INFO - -=*+=---==+=-::::-*@@@%+=======++++++++++++++*#%#**%%%*==-+*=--+==*****#**+=====+++++=***+++=+==::::
[2024-08-02T16:58:51.095+0900] {process_utils.py:191} INFO - =#*=++++++*###**==*@@@%=======++++++++*@@@@@@@@%%#####-:=+----==******##****+++++***==-=+=:::.::::::
[2024-08-02T16:58:51.095+0900] {process_utils.py:191} INFO - #%*+*++++**##*###*+#@@#=========++++==*%%%%%%%%######*=-----==+*********##########*+====::::::::::::
[2024-08-02T16:58:51.095+0900] {process_utils.py:191} INFO - ++++*#%%@%*##*##***%@@*===============+%##%%######%%%%*==-===+*********+=+*#######*++++-:::--::-----
[2024-08-02T16:58:51.096+0900] {process_utils.py:191} INFO - ===+*#%@@%*##**#**+=--================+%%#%%###%#%%%%%#======*#######*-:-++*####*****++:------------
[2024-08-02T16:58:51.096+0900] {process_utils.py:191} INFO - =+=------=##**##**+=--================+%%#%%###%%#%%%%%+=====+###**++==----:-*####****=------==-====
[2024-08-02T16:58:51.096+0900] {process_utils.py:191} INFO - 
[2024-08-02T16:58:51.121+0900] {python.py:237} INFO - Done. Returned value was: None
[2024-08-02T16:58:51.122+0900] {taskinstance.py:441} INFO - ::group::Post task execution logs
[2024-08-02T16:58:51.129+0900] {taskinstance.py:1206} INFO - Marking task as SUCCESS. dag_id=movie, task_id=get.data, run_id=scheduled__2017-01-01T05:56:00+00:00, execution_date=20170101T055600, start_date=20240802T075844, end_date=20240802T075851
[2024-08-02T16:58:51.174+0900] {local_task_job_runner.py:243} INFO - Task exited with return code 0
[2024-08-02T16:58:51.186+0900] {taskinstance.py:3503} INFO - 0 downstream tasks scheduled from follow-on schedule check
[2024-08-02T16:58:51.186+0900] {local_task_job_runner.py:222} INFO - ::endgroup::
