[2024-08-02T17:47:26.913+0900] {local_task_job_runner.py:120} INFO - ::group::Pre task execution logs
[2024-08-02T17:47:26.936+0900] {taskinstance.py:2076} INFO - Dependencies all met for dep_context=non-requeueable deps ti=<TaskInstance: movie.load scheduled__2017-01-05T05:28:00+00:00 [queued]>
[2024-08-02T17:47:26.943+0900] {taskinstance.py:2076} INFO - Dependencies all met for dep_context=requeueable deps ti=<TaskInstance: movie.load scheduled__2017-01-05T05:28:00+00:00 [queued]>
[2024-08-02T17:47:26.943+0900] {taskinstance.py:2306} INFO - Starting attempt 1 of 3
[2024-08-02T17:47:26.960+0900] {taskinstance.py:2330} INFO - Executing <Task(PythonVirtualenvOperator): load> on 2017-01-05 05:28:00+00:00
[2024-08-02T17:47:26.963+0900] {standard_task_runner.py:64} INFO - Started process 177010 to run task
[2024-08-02T17:47:26.966+0900] {standard_task_runner.py:90} INFO - Running: ['airflow', 'tasks', 'run', 'movie', 'load', 'scheduled__2017-01-05T05:28:00+00:00', '--job-id', '332', '--raw', '--subdir', 'DAGS_FOLDER/movie.py', '--cfg-path', '/tmp/tmp2quuplym']
[2024-08-02T17:47:26.967+0900] {standard_task_runner.py:91} INFO - Job 332: Subtask load
[2024-08-02T17:47:27.008+0900] {task_command.py:426} INFO - Running <TaskInstance: movie.load scheduled__2017-01-05T05:28:00+00:00 [running]> on host playdata.
[2024-08-02T17:47:27.077+0900] {taskinstance.py:2648} INFO - Exporting env vars: AIRFLOW_CTX_DAG_OWNER='airflow' AIRFLOW_CTX_DAG_ID='movie' AIRFLOW_CTX_TASK_ID='load' AIRFLOW_CTX_EXECUTION_DATE='2017-01-05T05:28:00+00:00' AIRFLOW_CTX_TRY_NUMBER='1' AIRFLOW_CTX_DAG_RUN_ID='scheduled__2017-01-05T05:28:00+00:00'
[2024-08-02T17:47:27.077+0900] {taskinstance.py:430} INFO - ::endgroup::
[2024-08-02T17:47:27.088+0900] {baseoperator.py:400} WARNING - PythonVirtualenvOperator.execute cannot be called outside TaskInstance!
[2024-08-02T17:47:27.088+0900] {process_utils.py:183} INFO - Executing cmd: /home/oddsummer/.pyenv/versions/3.11.9/envs/air/bin/python -m virtualenv /tmp/venv07il0vmf --python=python
[2024-08-02T17:47:27.089+0900] {process_utils.py:187} INFO - Output:
[2024-08-02T17:47:27.482+0900] {process_utils.py:191} INFO - created virtual environment CPython3.11.9.final.0-64 in 283ms
[2024-08-02T17:47:27.483+0900] {process_utils.py:191} INFO -   creator CPython3Posix(dest=/tmp/venv07il0vmf, clear=False, no_vcs_ignore=False, global=False)
[2024-08-02T17:47:27.483+0900] {process_utils.py:191} INFO -   seeder FromAppData(download=False, pip=bundle, setuptools=bundle, wheel=bundle, via=copy, app_data_dir=/home/oddsummer/.local/share/virtualenv)
[2024-08-02T17:47:27.483+0900] {process_utils.py:191} INFO -     added seed packages: pip==24.1.2, setuptools==70.2.0, wheel==0.43.0
[2024-08-02T17:47:27.483+0900] {process_utils.py:191} INFO -   activators BashActivator,CShellActivator,FishActivator,NushellActivator,PowerShellActivator,PythonActivator
[2024-08-02T17:47:27.507+0900] {process_utils.py:183} INFO - Executing cmd: /tmp/venv07il0vmf/bin/pip install -r /tmp/venv07il0vmf/requirements.txt
[2024-08-02T17:47:27.508+0900] {process_utils.py:187} INFO - Output:
[2024-08-02T17:47:28.446+0900] {process_utils.py:191} INFO - Collecting git+https://github.com/7-TRG/load_trg.git@main (from -r /tmp/venv07il0vmf/requirements.txt (line 1))
[2024-08-02T17:47:28.447+0900] {process_utils.py:191} INFO -   Cloning https://github.com/7-TRG/load_trg.git (to revision main) to /tmp/pip-req-build-zs8b4vta
[2024-08-02T17:47:28.450+0900] {process_utils.py:191} INFO -   Running command git clone --filter=blob:none --quiet https://github.com/7-TRG/load_trg.git /tmp/pip-req-build-zs8b4vta
[2024-08-02T17:47:30.209+0900] {process_utils.py:191} INFO -   Resolved https://github.com/7-TRG/load_trg.git to commit a78367af409831858479a749824cec8cc5149efe
[2024-08-02T17:47:30.215+0900] {process_utils.py:191} INFO -   Installing build dependencies: started
[2024-08-02T17:47:32.461+0900] {process_utils.py:191} INFO -   Installing build dependencies: finished with status 'done'
[2024-08-02T17:47:32.462+0900] {process_utils.py:191} INFO -   Getting requirements to build wheel: started
[2024-08-02T17:47:32.708+0900] {process_utils.py:191} INFO -   Getting requirements to build wheel: finished with status 'done'
[2024-08-02T17:47:32.710+0900] {process_utils.py:191} INFO -   Preparing metadata (pyproject.toml): started
[2024-08-02T17:47:32.956+0900] {process_utils.py:191} INFO -   Preparing metadata (pyproject.toml): finished with status 'done'
[2024-08-02T17:47:32.959+0900] {process_utils.py:191} INFO - Building wheels for collected packages: load_trg
[2024-08-02T17:47:32.963+0900] {process_utils.py:191} INFO -   Building wheel for load_trg (pyproject.toml): started
[2024-08-02T17:47:33.222+0900] {process_utils.py:191} INFO -   Building wheel for load_trg (pyproject.toml): finished with status 'done'
[2024-08-02T17:47:33.222+0900] {process_utils.py:191} INFO -   Created wheel for load_trg: filename=load_trg-0.1.0-py3-none-any.whl size=2181 sha256=edc41bdac108722270ae49eed2608a7a55e2f4d60ef970a84e91fb1d578279a6
[2024-08-02T17:47:33.223+0900] {process_utils.py:191} INFO -   Stored in directory: /tmp/pip-ephem-wheel-cache-kpw3z9cw/wheels/a8/48/51/c448b4db115fa94c6efe6c0747490b8a38ea43c45c28f37c7f
[2024-08-02T17:47:33.225+0900] {process_utils.py:191} INFO - Successfully built load_trg
[2024-08-02T17:47:33.235+0900] {process_utils.py:191} INFO - Installing collected packages: load_trg
[2024-08-02T17:47:33.255+0900] {process_utils.py:191} INFO - Successfully installed load_trg-0.1.0
[2024-08-02T17:47:33.262+0900] {process_utils.py:191} INFO - 
[2024-08-02T17:47:33.262+0900] {process_utils.py:191} INFO - [notice] A new release of pip is available: 24.1.2 -> 24.2
[2024-08-02T17:47:33.262+0900] {process_utils.py:191} INFO - [notice] To update, run: python -m pip install --upgrade pip
[2024-08-02T17:47:33.362+0900] {process_utils.py:183} INFO - Executing cmd: /tmp/venv07il0vmf/bin/python /tmp/venv-call_pux3nu0/script.py /tmp/venv-call_pux3nu0/script.in /tmp/venv-call_pux3nu0/script.out /tmp/venv-call_pux3nu0/string_args.txt /tmp/venv-call_pux3nu0/termination.log
[2024-08-02T17:47:33.362+0900] {process_utils.py:187} INFO - Output:
[2024-08-02T17:47:33.382+0900] {process_utils.py:191} INFO - 
[2024-08-02T17:47:33.383+0900] {process_utils.py:191} INFO -     ---------------======---::::::------+--=======++++++++++===--:...::-=--==============--:.....:-=====
[2024-08-02T17:47:33.383+0900] {process_utils.py:191} INFO - ----::---------------------===--::--+-----=============++++++===---:....--===============--:...:-===
[2024-08-02T17:47:33.383+0900] {process_utils.py:191} INFO - ----------------------------------=++----------------------=+===========-::.:-======================
[2024-08-02T17:47:33.383+0900] {process_utils.py:191} INFO - =----------------------------------==-----------------------=-----==============================+=--
[2024-08-02T17:47:33.383+0900] {process_utils.py:191} INFO - %%####=----------------------------==----------------------=-::::-----======+*%#++================::
[2024-08-02T17:47:33.384+0900] {process_utils.py:191} INFO - %%%%%#=----------------------------=-:---------------------=--==--------=====*#*=================-::
[2024-08-02T17:47:33.384+0900] {process_utils.py:191} INFO - @@%%%*-----------------+***++=-----=-::-------------------:+---------=====+++====================-::
[2024-08-02T17:47:33.384+0900] {process_utils.py:191} INFO - @@%%%*---------------#%%%%##%%#=---=-+##*#+----------------=------------=====+====-=--===========-::
[2024-08-02T17:47:33.384+0900] {process_utils.py:191} INFO - @@@%%+--=+*%%%+-----+%@@%#++%%%#=--=*%+===#+::----------::=-----------=+*##*++=-----------=======-::
[2024-08-02T17:47:33.384+0900] {process_utils.py:191} INFO - +++++=-+#+***#*=-----#*++**+#@@@*--+#+**+***-:=-:---=*+-::=-----==+++*######%%%#=-------------==-:::
[2024-08-02T17:47:33.384+0900] {process_utils.py:191} INFO - *******-:::-*=-------+===+=-=+#%%:-=++++=+==-:=-:::=%%#-::###=-*#%%%%%%%%%%%%%%%%+---------------:::
[2024-08-02T17:47:33.384+0900] {process_utils.py:191} INFO - =====+=:--::+---+--+**++++*+++#%*-=--**++++-:=++=::+#*-::=%%%#*#%%%%%%%%@@%%%%@@%%#====------+#%%=-*
[2024-08-02T17:47:33.384+0900] {process_utils.py:191} INFO - =-==++---=+==*#%%%%%%=*++++++++==-=-*##*+=##**++=--++-:--*=-=*#%%%@%###*###*+++*%%%*=============-#%
[2024-08-02T17:47:33.385+0900] {process_utils.py:191} INFO - +-=------=*%%%%@%@@@@***=+*#+*##*#%%@@**++%@%%%%*+=--=-=+-:--:#%@@%#*****###*+---+*++#**===---=++*%@
[2024-08-02T17:47:33.385+0900] {process_utils.py:191} INFO - --==-::-*%%%@@@@@@@%#*=-+++%@%##%%@@@@@%#%@@@%%@%%%*=--=#%####-%@%%####++++++=---==++*####*+++*%@%@@
[2024-08-02T17:47:33.385+0900] {process_utils.py:191} INFO - -=*+=-=#@@@@@@@@@#*+++++*@@@@@@@@@@@@@@@@@@@@@@@@@@@#+==-+*+#=:-+#%##**==++**+++=====+*###*+**#@%##%
[2024-08-02T17:47:33.385+0900] {process_utils.py:191} INFO - -=++-+%%@%@@@@%+=-++***#@@@@@@@@@@@@%:+@@*%+=%@@@@@@%%#%%#*=+--:-=#++**%#*+=+++++===+**####=*%%%%%%%
[2024-08-02T17:47:33.385+0900] {process_utils.py:191} INFO - -=++#%%####+-:---=*%%@@%#######**++++=+++++++++%%=+%@@%##*+==-=++=+*****##*===+++++==*#####*+#%%##%%
[2024-08-02T17:47:33.385+0900] {process_utils.py:191} INFO - -=*+=---==+=-::::-*@@@%+=======++++++++++++++*#%#**%%%*==-+*=--+==*****#**+=====+++++=***+++=+==::::
[2024-08-02T17:47:33.385+0900] {process_utils.py:191} INFO - =#*=++++++*###**==*@@@%=======++++++++*@@@@@@@@%%#####-:=+----==******##****+++++***==-=+=:::.::::::
[2024-08-02T17:47:33.385+0900] {process_utils.py:191} INFO - #%*+*++++**##*###*+#@@#=========++++==*%%%%%%%%######*=-----==+*********##########*+====::::::::::::
[2024-08-02T17:47:33.386+0900] {process_utils.py:191} INFO - ++++*#%%@%*##*##***%@@*===============+%##%%######%%%%*==-===+*********+=+*#######*++++-:::--::-----
[2024-08-02T17:47:33.386+0900] {process_utils.py:191} INFO - ===+*#%@@%*##**#**+=--================+%%#%%###%#%%%%%#======*#######*-:-++*####*****++:------------
[2024-08-02T17:47:33.386+0900] {process_utils.py:191} INFO - =+=------=##**##**+=--================+%%#%%###%%#%%%%%+=====+###**++==----:-*####****=------==-====
[2024-08-02T17:47:33.386+0900] {process_utils.py:191} INFO - 
[2024-08-02T17:47:33.386+0900] {process_utils.py:191} INFO - 
[2024-08-02T17:47:33.386+0900] {process_utils.py:191} INFO -     ---------------======---::::::------+--=======++++++++++===--:...::-=--==============--:.....:-=====
[2024-08-02T17:47:33.386+0900] {process_utils.py:191} INFO - ----::---------------------===--::--+-----=============++++++===---:....--===============--:...:-===
[2024-08-02T17:47:33.386+0900] {process_utils.py:191} INFO - ----------------------------------=++----------------------=+===========-::.:-======================
[2024-08-02T17:47:33.387+0900] {process_utils.py:191} INFO - =----------------------------------==-----------------------=-----==============================+=--
[2024-08-02T17:47:33.387+0900] {process_utils.py:191} INFO - %%####=----------------------------==----------------------=-::::-----======+*%#++================::
[2024-08-02T17:47:33.387+0900] {process_utils.py:191} INFO - %%%%%#=----------------------------=-:---------------------=--==--------=====*#*=================-::
[2024-08-02T17:47:33.387+0900] {process_utils.py:191} INFO - @@%%%*-----------------+***++=-----=-::-------------------:+---------=====+++====================-::
[2024-08-02T17:47:33.387+0900] {process_utils.py:191} INFO - @@%%%*---------------#%%%%##%%#=---=-+##*#+----------------=------------=====+====-=--===========-::
[2024-08-02T17:47:33.387+0900] {process_utils.py:191} INFO - @@@%%+--=+*%%%+-----+%@@%#++%%%#=--=*%+===#+::----------::=-----------=+*##*++=-----------=======-::
[2024-08-02T17:47:33.387+0900] {process_utils.py:191} INFO - +++++=-+#+***#*=-----#*++**+#@@@*--+#+**+***-:=-:---=*+-::=-----==+++*######%%%#=-------------==-:::
[2024-08-02T17:47:33.387+0900] {process_utils.py:191} INFO - *******-:::-*=-------+===+=-=+#%%:-=++++=+==-:=-:::=%%#-::###=-*#%%%%%%%%%%%%%%%%+---------------:::
[2024-08-02T17:47:33.387+0900] {process_utils.py:191} INFO - =====+=:--::+---+--+**++++*+++#%*-=--**++++-:=++=::+#*-::=%%%#*#%%%%%%%%@@%%%%@@%%#====------+#%%=-*
[2024-08-02T17:47:33.388+0900] {process_utils.py:191} INFO - =-==++---=+==*#%%%%%%=*++++++++==-=-*##*+=##**++=--++-:--*=-=*#%%%@%###*###*+++*%%%*=============-#%
[2024-08-02T17:47:33.388+0900] {process_utils.py:191} INFO - +-=------=*%%%%@%@@@@***=+*#+*##*#%%@@**++%@%%%%*+=--=-=+-:--:#%@@%#*****###*+---+*++#**===---=++*%@
[2024-08-02T17:47:33.388+0900] {process_utils.py:191} INFO - --==-::-*%%%@@@@@@@%#*=-+++%@%##%%@@@@@%#%@@@%%@%%%*=--=#%####-%@%%####++++++=---==++*####*+++*%@%@@
[2024-08-02T17:47:33.388+0900] {process_utils.py:191} INFO - -=*+=-=#@@@@@@@@@#*+++++*@@@@@@@@@@@@@@@@@@@@@@@@@@@#+==-+*+#=:-+#%##**==++**+++=====+*###*+**#@%##%
[2024-08-02T17:47:33.388+0900] {process_utils.py:191} INFO - -=++-+%%@%@@@@%+=-++***#@@@@@@@@@@@@%:+@@*%+=%@@@@@@%%#%%#*=+--:-=#++**%#*+=+++++===+**####=*%%%%%%%
[2024-08-02T17:47:33.388+0900] {process_utils.py:191} INFO - -=++#%%####+-:---=*%%@@%#######**++++=+++++++++%%=+%@@%##*+==-=++=+*****##*===+++++==*#####*+#%%##%%
[2024-08-02T17:47:33.388+0900] {process_utils.py:191} INFO - -=*+=---==+=-::::-*@@@%+=======++++++++++++++*#%#**%%%*==-+*=--+==*****#**+=====+++++=***+++=+==::::
[2024-08-02T17:47:33.388+0900] {process_utils.py:191} INFO - =#*=++++++*###**==*@@@%=======++++++++*@@@@@@@@%%#####-:=+----==******##****+++++***==-=+=:::.::::::
[2024-08-02T17:47:33.389+0900] {process_utils.py:191} INFO - #%*+*++++**##*###*+#@@#=========++++==*%%%%%%%%######*=-----==+*********##########*+====::::::::::::
[2024-08-02T17:47:33.389+0900] {process_utils.py:191} INFO - ++++*#%%@%*##*##***%@@*===============+%##%%######%%%%*==-===+*********+=+*#######*++++-:::--::-----
[2024-08-02T17:47:33.389+0900] {process_utils.py:191} INFO - ===+*#%@@%*##**#**+=--================+%%#%%###%#%%%%%#======*#######*-:-++*####*****++:------------
[2024-08-02T17:47:33.389+0900] {process_utils.py:191} INFO - =+=------=##**##**+=--================+%%#%%###%%#%%%%%+=====+###**++==----:-*####****=------==-====
[2024-08-02T17:47:33.389+0900] {process_utils.py:191} INFO - 
[2024-08-02T17:47:33.410+0900] {python.py:237} INFO - Done. Returned value was: None
[2024-08-02T17:47:33.411+0900] {taskinstance.py:441} INFO - ::group::Post task execution logs
[2024-08-02T17:47:33.414+0900] {taskinstance.py:1206} INFO - Marking task as SUCCESS. dag_id=movie, task_id=load, run_id=scheduled__2017-01-05T05:28:00+00:00, execution_date=20170105T052800, start_date=20240802T084726, end_date=20240802T084733
[2024-08-02T17:47:33.475+0900] {local_task_job_runner.py:243} INFO - Task exited with return code 0
[2024-08-02T17:47:33.491+0900] {taskinstance.py:3503} INFO - 0 downstream tasks scheduled from follow-on schedule check
[2024-08-02T17:47:33.492+0900] {local_task_job_runner.py:222} INFO - ::endgroup::
