[2024-08-02T17:03:43.368+0900] {local_task_job_runner.py:120} INFO - ::group::Pre task execution logs
[2024-08-02T17:03:43.399+0900] {taskinstance.py:2076} INFO - Dependencies all met for dep_context=non-requeueable deps ti=<TaskInstance: movie.get.data scheduled__2017-01-02T05:22:00+00:00 [queued]>
[2024-08-02T17:03:43.407+0900] {taskinstance.py:2076} INFO - Dependencies all met for dep_context=requeueable deps ti=<TaskInstance: movie.get.data scheduled__2017-01-02T05:22:00+00:00 [queued]>
[2024-08-02T17:03:43.407+0900] {taskinstance.py:2306} INFO - Starting attempt 1 of 3
[2024-08-02T17:03:43.427+0900] {taskinstance.py:2330} INFO - Executing <Task(PythonVirtualenvOperator): get.data> on 2017-01-02 05:22:00+00:00
[2024-08-02T17:03:43.431+0900] {standard_task_runner.py:64} INFO - Started process 152704 to run task
[2024-08-02T17:03:43.435+0900] {standard_task_runner.py:90} INFO - Running: ['airflow', 'tasks', 'run', 'movie', 'get.data', 'scheduled__2017-01-02T05:22:00+00:00', '--job-id', '93', '--raw', '--subdir', 'DAGS_FOLDER/movie.py', '--cfg-path', '/tmp/tmpesn8y9el']
[2024-08-02T17:03:43.437+0900] {standard_task_runner.py:91} INFO - Job 93: Subtask get.data
[2024-08-02T17:03:43.479+0900] {task_command.py:426} INFO - Running <TaskInstance: movie.get.data scheduled__2017-01-02T05:22:00+00:00 [running]> on host playdata.
[2024-08-02T17:03:43.554+0900] {taskinstance.py:2648} INFO - Exporting env vars: AIRFLOW_CTX_DAG_OWNER='airflow' AIRFLOW_CTX_DAG_ID='movie' AIRFLOW_CTX_TASK_ID='get.data' AIRFLOW_CTX_EXECUTION_DATE='2017-01-02T05:22:00+00:00' AIRFLOW_CTX_TRY_NUMBER='1' AIRFLOW_CTX_DAG_RUN_ID='scheduled__2017-01-02T05:22:00+00:00'
[2024-08-02T17:03:43.555+0900] {taskinstance.py:430} INFO - ::endgroup::
[2024-08-02T17:03:43.568+0900] {baseoperator.py:400} WARNING - PythonVirtualenvOperator.execute cannot be called outside TaskInstance!
[2024-08-02T17:03:43.569+0900] {process_utils.py:183} INFO - Executing cmd: /home/oddsummer/.pyenv/versions/3.11.9/envs/air/bin/python -m virtualenv /tmp/venvuxd515np --python=python
[2024-08-02T17:03:43.569+0900] {process_utils.py:187} INFO - Output:
[2024-08-02T17:03:43.935+0900] {process_utils.py:191} INFO - created virtual environment CPython3.11.9.final.0-64 in 253ms
[2024-08-02T17:03:43.935+0900] {process_utils.py:191} INFO -   creator CPython3Posix(dest=/tmp/venvuxd515np, clear=False, no_vcs_ignore=False, global=False)
[2024-08-02T17:03:43.935+0900] {process_utils.py:191} INFO -   seeder FromAppData(download=False, pip=bundle, setuptools=bundle, wheel=bundle, via=copy, app_data_dir=/home/oddsummer/.local/share/virtualenv)
[2024-08-02T17:03:43.935+0900] {process_utils.py:191} INFO -     added seed packages: pip==24.1.2, setuptools==70.2.0, wheel==0.43.0
[2024-08-02T17:03:43.936+0900] {process_utils.py:191} INFO -   activators BashActivator,CShellActivator,FishActivator,NushellActivator,PowerShellActivator,PythonActivator
[2024-08-02T17:03:43.958+0900] {process_utils.py:183} INFO - Executing cmd: /tmp/venvuxd515np/bin/pip install -r /tmp/venvuxd515np/requirements.txt
[2024-08-02T17:03:43.959+0900] {process_utils.py:187} INFO - Output:
[2024-08-02T17:03:44.889+0900] {process_utils.py:191} INFO - Collecting git+https://github.com/7-TRG/extract_trg.git@main (from -r /tmp/venvuxd515np/requirements.txt (line 1))
[2024-08-02T17:03:44.890+0900] {process_utils.py:191} INFO -   Cloning https://github.com/7-TRG/extract_trg.git (to revision main) to /tmp/pip-req-build-n8wqzmlo
[2024-08-02T17:03:44.893+0900] {process_utils.py:191} INFO -   Running command git clone --filter=blob:none --quiet https://github.com/7-TRG/extract_trg.git /tmp/pip-req-build-n8wqzmlo
[2024-08-02T17:03:46.735+0900] {process_utils.py:191} INFO -   Resolved https://github.com/7-TRG/extract_trg.git to commit 0712b3f1bbaeeeea58bf80749079a62c7e1bec3d
[2024-08-02T17:03:46.740+0900] {process_utils.py:191} INFO -   Installing build dependencies: started
[2024-08-02T17:03:48.548+0900] {process_utils.py:191} INFO -   Installing build dependencies: finished with status 'done'
[2024-08-02T17:03:48.549+0900] {process_utils.py:191} INFO -   Getting requirements to build wheel: started
[2024-08-02T17:03:48.793+0900] {process_utils.py:191} INFO -   Getting requirements to build wheel: finished with status 'done'
[2024-08-02T17:03:48.794+0900] {process_utils.py:191} INFO -   Preparing metadata (pyproject.toml): started
[2024-08-02T17:03:49.039+0900] {process_utils.py:191} INFO -   Preparing metadata (pyproject.toml): finished with status 'done'
[2024-08-02T17:03:49.042+0900] {process_utils.py:191} INFO - Building wheels for collected packages: extract_trg
[2024-08-02T17:03:49.046+0900] {process_utils.py:191} INFO -   Building wheel for extract_trg (pyproject.toml): started
[2024-08-02T17:03:49.292+0900] {process_utils.py:191} INFO -   Building wheel for extract_trg (pyproject.toml): finished with status 'done'
[2024-08-02T17:03:49.293+0900] {process_utils.py:191} INFO -   Created wheel for extract_trg: filename=extract_trg-0.1.0-py3-none-any.whl size=2219 sha256=86e04b89086ac0952bb34b980482c17e0b7429fa5e080664996d65d07052ca10
[2024-08-02T17:03:49.293+0900] {process_utils.py:191} INFO -   Stored in directory: /tmp/pip-ephem-wheel-cache-rh9mxv0v/wheels/21/97/ea/e27bc4298590f1b8a2b9c46b60aefbe2e3076cf05f6bd5e464
[2024-08-02T17:03:49.295+0900] {process_utils.py:191} INFO - Successfully built extract_trg
[2024-08-02T17:03:49.304+0900] {process_utils.py:191} INFO - Installing collected packages: extract_trg
[2024-08-02T17:03:49.320+0900] {process_utils.py:191} INFO - Successfully installed extract_trg-0.1.0
[2024-08-02T17:03:49.326+0900] {process_utils.py:191} INFO - 
[2024-08-02T17:03:49.327+0900] {process_utils.py:191} INFO - [notice] A new release of pip is available: 24.1.2 -> 24.2
[2024-08-02T17:03:49.327+0900] {process_utils.py:191} INFO - [notice] To update, run: python -m pip install --upgrade pip
[2024-08-02T17:03:49.426+0900] {process_utils.py:183} INFO - Executing cmd: /tmp/venvuxd515np/bin/python /tmp/venv-callxr93b2z_/script.py /tmp/venv-callxr93b2z_/script.in /tmp/venv-callxr93b2z_/script.out /tmp/venv-callxr93b2z_/string_args.txt /tmp/venv-callxr93b2z_/termination.log
[2024-08-02T17:03:49.426+0900] {process_utils.py:187} INFO - Output:
[2024-08-02T17:03:49.445+0900] {process_utils.py:191} INFO - 
[2024-08-02T17:03:49.446+0900] {process_utils.py:191} INFO - ---------------======---::::::------+--=======++++++++++===--:...::-=--==============--:.....:-=====
[2024-08-02T17:03:49.446+0900] {process_utils.py:191} INFO - ----::---------------------===--::--+-----=============++++++===---:....--===============--:...:-===
[2024-08-02T17:03:49.446+0900] {process_utils.py:191} INFO - ----------------------------------=++----------------------=+===========-::.:-======================
[2024-08-02T17:03:49.446+0900] {process_utils.py:191} INFO - =----------------------------------==-----------------------=-----==============================+=--
[2024-08-02T17:03:49.446+0900] {process_utils.py:191} INFO - %%####=----------------------------==----------------------=-::::-----======+*%#++================::
[2024-08-02T17:03:49.447+0900] {process_utils.py:191} INFO - %%%%%#=----------------------------=-:---------------------=--==--------=====*#*=================-::
[2024-08-02T17:03:49.447+0900] {process_utils.py:191} INFO - @@%%%*-----------------+***++=-----=-::-------------------:+---------=====+++====================-::
[2024-08-02T17:03:49.447+0900] {process_utils.py:191} INFO - @@%%%*---------------#%%%%##%%#=---=-+##*#+----------------=------------=====+====-=--===========-::
[2024-08-02T17:03:49.447+0900] {process_utils.py:191} INFO - @@@%%+--=+*%%%+-----+%@@%#++%%%#=--=*%+===#+::----------::=-----------=+*##*++=-----------=======-::
[2024-08-02T17:03:49.448+0900] {process_utils.py:191} INFO - +++++=-+#+***#*=-----#*++**+#@@@*--+#+**+***-:=-:---=*+-::=-----==+++*######%%%#=-------------==-:::
[2024-08-02T17:03:49.448+0900] {process_utils.py:191} INFO - *******-:::-*=-------+===+=-=+#%%:-=++++=+==-:=-:::=%%#-::###=-*#%%%%%%%%%%%%%%%%+---------------:::
[2024-08-02T17:03:49.448+0900] {process_utils.py:191} INFO - =====+=:--::+---+--+**++++*+++#%*-=--**++++-:=++=::+#*-::=%%%#*#%%%%%%%%@@%%%%@@%%#====------+#%%=-*
[2024-08-02T17:03:49.448+0900] {process_utils.py:191} INFO - =-==++---=+==*#%%%%%%=*++++++++==-=-*##*+=##**++=--++-:--*=-=*#%%%@%###*###*+++*%%%*=============-#%
[2024-08-02T17:03:49.448+0900] {process_utils.py:191} INFO - +-=------=*%%%%@%@@@@***=+*#+*##*#%%@@**++%@%%%%*+=--=-=+-:--:#%@@%#*****###*+---+*++#**===---=++*%@
[2024-08-02T17:03:49.449+0900] {process_utils.py:191} INFO - --==-::-*%%%@@@@@@@%#*=-+++%@%##%%@@@@@%#%@@@%%@%%%*=--=#%####-%@%%####++++++=---==++*####*+++*%@%@@
[2024-08-02T17:03:49.449+0900] {process_utils.py:191} INFO - -=*+=-=#@@@@@@@@@#*+++++*@@@@@@@@@@@@@@@@@@@@@@@@@@@#+==-+*+#=:-+#%##**==++**+++=====+*###*+**#@%##%
[2024-08-02T17:03:49.449+0900] {process_utils.py:191} INFO - -=++-+%%@%@@@@%+=-++***#@@@@@@@@@@@@%:+@@*%+=%@@@@@@%%#%%#*=+--:-=#++**%#*+=+++++===+**####=*%%%%%%%
[2024-08-02T17:03:49.449+0900] {process_utils.py:191} INFO - -=++#%%####+-:---=*%%@@%#######**++++=+++++++++%%=+%@@%##*+==-=++=+*****##*===+++++==*#####*+#%%##%%
[2024-08-02T17:03:49.449+0900] {process_utils.py:191} INFO - -=*+=---==+=-::::-*@@@%+=======++++++++++++++*#%#**%%%*==-+*=--+==*****#**+=====+++++=***+++=+==::::
[2024-08-02T17:03:49.449+0900] {process_utils.py:191} INFO - =#*=++++++*###**==*@@@%=======++++++++*@@@@@@@@%%#####-:=+----==******##****+++++***==-=+=:::.::::::
[2024-08-02T17:03:49.450+0900] {process_utils.py:191} INFO - #%*+*++++**##*###*+#@@#=========++++==*%%%%%%%%######*=-----==+*********##########*+====::::::::::::
[2024-08-02T17:03:49.450+0900] {process_utils.py:191} INFO - ++++*#%%@%*##*##***%@@*===============+%##%%######%%%%*==-===+*********+=+*#######*++++-:::--::-----
[2024-08-02T17:03:49.450+0900] {process_utils.py:191} INFO - ===+*#%@@%*##**#**+=--================+%%#%%###%#%%%%%#======*#######*-:-++*####*****++:------------
[2024-08-02T17:03:49.451+0900] {process_utils.py:191} INFO - =+=------=##**##**+=--================+%%#%%###%%#%%%%%+=====+###**++==----:-*####****=------==-====
[2024-08-02T17:03:49.451+0900] {process_utils.py:191} INFO - 
[2024-08-02T17:03:49.476+0900] {python.py:237} INFO - Done. Returned value was: None
[2024-08-02T17:03:49.476+0900] {taskinstance.py:441} INFO - ::group::Post task execution logs
[2024-08-02T17:03:49.480+0900] {taskinstance.py:1206} INFO - Marking task as SUCCESS. dag_id=movie, task_id=get.data, run_id=scheduled__2017-01-02T05:22:00+00:00, execution_date=20170102T052200, start_date=20240802T080343, end_date=20240802T080349
[2024-08-02T17:03:49.530+0900] {local_task_job_runner.py:243} INFO - Task exited with return code 0
[2024-08-02T17:03:49.546+0900] {taskinstance.py:3503} INFO - 0 downstream tasks scheduled from follow-on schedule check
[2024-08-02T17:03:49.546+0900] {local_task_job_runner.py:222} INFO - ::endgroup::
