[2024-08-02T17:13:17.608+0900] {local_task_job_runner.py:120} INFO - ::group::Pre task execution logs
[2024-08-02T17:13:17.630+0900] {taskinstance.py:2076} INFO - Dependencies all met for dep_context=non-requeueable deps ti=<TaskInstance: movie.get.data scheduled__2017-01-03T05:11:00+00:00 [queued]>
[2024-08-02T17:13:17.638+0900] {taskinstance.py:2076} INFO - Dependencies all met for dep_context=requeueable deps ti=<TaskInstance: movie.get.data scheduled__2017-01-03T05:11:00+00:00 [queued]>
[2024-08-02T17:13:17.639+0900] {taskinstance.py:2306} INFO - Starting attempt 1 of 3
[2024-08-02T17:13:17.661+0900] {taskinstance.py:2330} INFO - Executing <Task(PythonVirtualenvOperator): get.data> on 2017-01-03 05:11:00+00:00
[2024-08-02T17:13:17.664+0900] {standard_task_runner.py:64} INFO - Started process 158215 to run task
[2024-08-02T17:13:17.668+0900] {standard_task_runner.py:90} INFO - Running: ['airflow', 'tasks', 'run', 'movie', 'get.data', 'scheduled__2017-01-03T05:11:00+00:00', '--job-id', '142', '--raw', '--subdir', 'DAGS_FOLDER/movie.py', '--cfg-path', '/tmp/tmpfsov1t0d']
[2024-08-02T17:13:17.670+0900] {standard_task_runner.py:91} INFO - Job 142: Subtask get.data
[2024-08-02T17:13:17.716+0900] {task_command.py:426} INFO - Running <TaskInstance: movie.get.data scheduled__2017-01-03T05:11:00+00:00 [running]> on host playdata.
[2024-08-02T17:13:17.826+0900] {taskinstance.py:2648} INFO - Exporting env vars: AIRFLOW_CTX_DAG_OWNER='airflow' AIRFLOW_CTX_DAG_ID='movie' AIRFLOW_CTX_TASK_ID='get.data' AIRFLOW_CTX_EXECUTION_DATE='2017-01-03T05:11:00+00:00' AIRFLOW_CTX_TRY_NUMBER='1' AIRFLOW_CTX_DAG_RUN_ID='scheduled__2017-01-03T05:11:00+00:00'
[2024-08-02T17:13:17.826+0900] {taskinstance.py:430} INFO - ::endgroup::
[2024-08-02T17:13:17.839+0900] {baseoperator.py:400} WARNING - PythonVirtualenvOperator.execute cannot be called outside TaskInstance!
[2024-08-02T17:13:17.841+0900] {process_utils.py:183} INFO - Executing cmd: /home/oddsummer/.pyenv/versions/3.11.9/envs/air/bin/python -m virtualenv /tmp/venvwb_5m2z3 --python=python
[2024-08-02T17:13:17.842+0900] {process_utils.py:187} INFO - Output:
[2024-08-02T17:13:18.286+0900] {process_utils.py:191} INFO - created virtual environment CPython3.11.9.final.0-64 in 308ms
[2024-08-02T17:13:18.287+0900] {process_utils.py:191} INFO -   creator CPython3Posix(dest=/tmp/venvwb_5m2z3, clear=False, no_vcs_ignore=False, global=False)
[2024-08-02T17:13:18.287+0900] {process_utils.py:191} INFO -   seeder FromAppData(download=False, pip=bundle, setuptools=bundle, wheel=bundle, via=copy, app_data_dir=/home/oddsummer/.local/share/virtualenv)
[2024-08-02T17:13:18.287+0900] {process_utils.py:191} INFO -     added seed packages: pip==24.1.2, setuptools==70.2.0, wheel==0.43.0
[2024-08-02T17:13:18.287+0900] {process_utils.py:191} INFO -   activators BashActivator,CShellActivator,FishActivator,NushellActivator,PowerShellActivator,PythonActivator
[2024-08-02T17:13:18.312+0900] {process_utils.py:183} INFO - Executing cmd: /tmp/venvwb_5m2z3/bin/pip install -r /tmp/venvwb_5m2z3/requirements.txt
[2024-08-02T17:13:18.313+0900] {process_utils.py:187} INFO - Output:
[2024-08-02T17:13:19.225+0900] {process_utils.py:191} INFO - Collecting git+https://github.com/7-TRG/extract_trg.git@main (from -r /tmp/venvwb_5m2z3/requirements.txt (line 1))
[2024-08-02T17:13:19.225+0900] {process_utils.py:191} INFO -   Cloning https://github.com/7-TRG/extract_trg.git (to revision main) to /tmp/pip-req-build-p1_lq7ao
[2024-08-02T17:13:19.228+0900] {process_utils.py:191} INFO -   Running command git clone --filter=blob:none --quiet https://github.com/7-TRG/extract_trg.git /tmp/pip-req-build-p1_lq7ao
[2024-08-02T17:13:20.877+0900] {process_utils.py:191} INFO -   Resolved https://github.com/7-TRG/extract_trg.git to commit 0712b3f1bbaeeeea58bf80749079a62c7e1bec3d
[2024-08-02T17:13:20.883+0900] {process_utils.py:191} INFO -   Installing build dependencies: started
[2024-08-02T17:13:22.824+0900] {process_utils.py:191} INFO -   Installing build dependencies: finished with status 'done'
[2024-08-02T17:13:22.825+0900] {process_utils.py:191} INFO -   Getting requirements to build wheel: started
[2024-08-02T17:13:23.073+0900] {process_utils.py:191} INFO -   Getting requirements to build wheel: finished with status 'done'
[2024-08-02T17:13:23.075+0900] {process_utils.py:191} INFO -   Preparing metadata (pyproject.toml): started
[2024-08-02T17:13:23.358+0900] {process_utils.py:191} INFO -   Preparing metadata (pyproject.toml): finished with status 'done'
[2024-08-02T17:13:23.361+0900] {process_utils.py:191} INFO - Building wheels for collected packages: extract_trg
[2024-08-02T17:13:23.365+0900] {process_utils.py:191} INFO -   Building wheel for extract_trg (pyproject.toml): started
[2024-08-02T17:13:23.639+0900] {process_utils.py:191} INFO -   Building wheel for extract_trg (pyproject.toml): finished with status 'done'
[2024-08-02T17:13:23.640+0900] {process_utils.py:191} INFO -   Created wheel for extract_trg: filename=extract_trg-0.1.0-py3-none-any.whl size=2219 sha256=83f4881938cd5efd4cafb3de64422fc639c2ce9a530ccd851f30f6fef2f46b68
[2024-08-02T17:13:23.640+0900] {process_utils.py:191} INFO -   Stored in directory: /tmp/pip-ephem-wheel-cache-joi5zybz/wheels/21/97/ea/e27bc4298590f1b8a2b9c46b60aefbe2e3076cf05f6bd5e464
[2024-08-02T17:13:23.642+0900] {process_utils.py:191} INFO - Successfully built extract_trg
[2024-08-02T17:13:23.653+0900] {process_utils.py:191} INFO - Installing collected packages: extract_trg
[2024-08-02T17:13:23.672+0900] {process_utils.py:191} INFO - Successfully installed extract_trg-0.1.0
[2024-08-02T17:13:23.678+0900] {process_utils.py:191} INFO - 
[2024-08-02T17:13:23.679+0900] {process_utils.py:191} INFO - [notice] A new release of pip is available: 24.1.2 -> 24.2
[2024-08-02T17:13:23.679+0900] {process_utils.py:191} INFO - [notice] To update, run: python -m pip install --upgrade pip
[2024-08-02T17:13:23.775+0900] {process_utils.py:183} INFO - Executing cmd: /tmp/venvwb_5m2z3/bin/python /tmp/venv-callylbv0d3o/script.py /tmp/venv-callylbv0d3o/script.in /tmp/venv-callylbv0d3o/script.out /tmp/venv-callylbv0d3o/string_args.txt /tmp/venv-callylbv0d3o/termination.log
[2024-08-02T17:13:23.776+0900] {process_utils.py:187} INFO - Output:
[2024-08-02T17:13:23.796+0900] {process_utils.py:191} INFO - 
[2024-08-02T17:13:23.797+0900] {process_utils.py:191} INFO - ---------------======---::::::------+--=======++++++++++===--:...::-=--==============--:.....:-=====
[2024-08-02T17:13:23.797+0900] {process_utils.py:191} INFO - ----::---------------------===--::--+-----=============++++++===---:....--===============--:...:-===
[2024-08-02T17:13:23.797+0900] {process_utils.py:191} INFO - ----------------------------------=++----------------------=+===========-::.:-======================
[2024-08-02T17:13:23.797+0900] {process_utils.py:191} INFO - =----------------------------------==-----------------------=-----==============================+=--
[2024-08-02T17:13:23.797+0900] {process_utils.py:191} INFO - %%####=----------------------------==----------------------=-::::-----======+*%#++================::
[2024-08-02T17:13:23.797+0900] {process_utils.py:191} INFO - %%%%%#=----------------------------=-:---------------------=--==--------=====*#*=================-::
[2024-08-02T17:13:23.798+0900] {process_utils.py:191} INFO - @@%%%*-----------------+***++=-----=-::-------------------:+---------=====+++====================-::
[2024-08-02T17:13:23.798+0900] {process_utils.py:191} INFO - @@%%%*---------------#%%%%##%%#=---=-+##*#+----------------=------------=====+====-=--===========-::
[2024-08-02T17:13:23.798+0900] {process_utils.py:191} INFO - @@@%%+--=+*%%%+-----+%@@%#++%%%#=--=*%+===#+::----------::=-----------=+*##*++=-----------=======-::
[2024-08-02T17:13:23.798+0900] {process_utils.py:191} INFO - +++++=-+#+***#*=-----#*++**+#@@@*--+#+**+***-:=-:---=*+-::=-----==+++*######%%%#=-------------==-:::
[2024-08-02T17:13:23.798+0900] {process_utils.py:191} INFO - *******-:::-*=-------+===+=-=+#%%:-=++++=+==-:=-:::=%%#-::###=-*#%%%%%%%%%%%%%%%%+---------------:::
[2024-08-02T17:13:23.798+0900] {process_utils.py:191} INFO - =====+=:--::+---+--+**++++*+++#%*-=--**++++-:=++=::+#*-::=%%%#*#%%%%%%%%@@%%%%@@%%#====------+#%%=-*
[2024-08-02T17:13:23.798+0900] {process_utils.py:191} INFO - =-==++---=+==*#%%%%%%=*++++++++==-=-*##*+=##**++=--++-:--*=-=*#%%%@%###*###*+++*%%%*=============-#%
[2024-08-02T17:13:23.798+0900] {process_utils.py:191} INFO - +-=------=*%%%%@%@@@@***=+*#+*##*#%%@@**++%@%%%%*+=--=-=+-:--:#%@@%#*****###*+---+*++#**===---=++*%@
[2024-08-02T17:13:23.799+0900] {process_utils.py:191} INFO - --==-::-*%%%@@@@@@@%#*=-+++%@%##%%@@@@@%#%@@@%%@%%%*=--=#%####-%@%%####++++++=---==++*####*+++*%@%@@
[2024-08-02T17:13:23.799+0900] {process_utils.py:191} INFO - -=*+=-=#@@@@@@@@@#*+++++*@@@@@@@@@@@@@@@@@@@@@@@@@@@#+==-+*+#=:-+#%##**==++**+++=====+*###*+**#@%##%
[2024-08-02T17:13:23.799+0900] {process_utils.py:191} INFO - -=++-+%%@%@@@@%+=-++***#@@@@@@@@@@@@%:+@@*%+=%@@@@@@%%#%%#*=+--:-=#++**%#*+=+++++===+**####=*%%%%%%%
[2024-08-02T17:13:23.799+0900] {process_utils.py:191} INFO - -=++#%%####+-:---=*%%@@%#######**++++=+++++++++%%=+%@@%##*+==-=++=+*****##*===+++++==*#####*+#%%##%%
[2024-08-02T17:13:23.799+0900] {process_utils.py:191} INFO - -=*+=---==+=-::::-*@@@%+=======++++++++++++++*#%#**%%%*==-+*=--+==*****#**+=====+++++=***+++=+==::::
[2024-08-02T17:13:23.799+0900] {process_utils.py:191} INFO - =#*=++++++*###**==*@@@%=======++++++++*@@@@@@@@%%#####-:=+----==******##****+++++***==-=+=:::.::::::
[2024-08-02T17:13:23.799+0900] {process_utils.py:191} INFO - #%*+*++++**##*###*+#@@#=========++++==*%%%%%%%%######*=-----==+*********##########*+====::::::::::::
[2024-08-02T17:13:23.800+0900] {process_utils.py:191} INFO - ++++*#%%@%*##*##***%@@*===============+%##%%######%%%%*==-===+*********+=+*#######*++++-:::--::-----
[2024-08-02T17:13:23.800+0900] {process_utils.py:191} INFO - ===+*#%@@%*##**#**+=--================+%%#%%###%#%%%%%#======*#######*-:-++*####*****++:------------
[2024-08-02T17:13:23.800+0900] {process_utils.py:191} INFO - =+=------=##**##**+=--================+%%#%%###%%#%%%%%+=====+###**++==----:-*####****=------==-====
[2024-08-02T17:13:23.800+0900] {process_utils.py:191} INFO - 
[2024-08-02T17:13:23.821+0900] {python.py:237} INFO - Done. Returned value was: None
[2024-08-02T17:13:23.822+0900] {taskinstance.py:441} INFO - ::group::Post task execution logs
[2024-08-02T17:13:23.825+0900] {taskinstance.py:1206} INFO - Marking task as SUCCESS. dag_id=movie, task_id=get.data, run_id=scheduled__2017-01-03T05:11:00+00:00, execution_date=20170103T051100, start_date=20240802T081317, end_date=20240802T081323
[2024-08-02T17:13:23.910+0900] {local_task_job_runner.py:243} INFO - Task exited with return code 0
[2024-08-02T17:13:23.925+0900] {taskinstance.py:3503} INFO - 0 downstream tasks scheduled from follow-on schedule check
[2024-08-02T17:13:23.926+0900] {local_task_job_runner.py:222} INFO - ::endgroup::
