[2024-08-02T17:23:03.218+0900] {local_task_job_runner.py:120} INFO - ::group::Pre task execution logs
[2024-08-02T17:23:03.235+0900] {taskinstance.py:2076} INFO - Dependencies all met for dep_context=non-requeueable deps ti=<TaskInstance: movie.get.data scheduled__2017-01-04T05:01:00+00:00 [queued]>
[2024-08-02T17:23:03.241+0900] {taskinstance.py:2076} INFO - Dependencies all met for dep_context=requeueable deps ti=<TaskInstance: movie.get.data scheduled__2017-01-04T05:01:00+00:00 [queued]>
[2024-08-02T17:23:03.241+0900] {taskinstance.py:2306} INFO - Starting attempt 1 of 3
[2024-08-02T17:23:03.256+0900] {taskinstance.py:2330} INFO - Executing <Task(PythonVirtualenvOperator): get.data> on 2017-01-04 05:01:00+00:00
[2024-08-02T17:23:03.259+0900] {standard_task_runner.py:64} INFO - Started process 162495 to run task
[2024-08-02T17:23:03.262+0900] {standard_task_runner.py:90} INFO - Running: ['airflow', 'tasks', 'run', 'movie', 'get.data', 'scheduled__2017-01-04T05:01:00+00:00', '--job-id', '192', '--raw', '--subdir', 'DAGS_FOLDER/movie.py', '--cfg-path', '/tmp/tmp05cvpwjn']
[2024-08-02T17:23:03.264+0900] {standard_task_runner.py:91} INFO - Job 192: Subtask get.data
[2024-08-02T17:23:03.299+0900] {task_command.py:426} INFO - Running <TaskInstance: movie.get.data scheduled__2017-01-04T05:01:00+00:00 [running]> on host playdata.
[2024-08-02T17:23:03.371+0900] {taskinstance.py:2648} INFO - Exporting env vars: AIRFLOW_CTX_DAG_OWNER='airflow' AIRFLOW_CTX_DAG_ID='movie' AIRFLOW_CTX_TASK_ID='get.data' AIRFLOW_CTX_EXECUTION_DATE='2017-01-04T05:01:00+00:00' AIRFLOW_CTX_TRY_NUMBER='1' AIRFLOW_CTX_DAG_RUN_ID='scheduled__2017-01-04T05:01:00+00:00'
[2024-08-02T17:23:03.372+0900] {taskinstance.py:430} INFO - ::endgroup::
[2024-08-02T17:23:03.383+0900] {baseoperator.py:400} WARNING - PythonVirtualenvOperator.execute cannot be called outside TaskInstance!
[2024-08-02T17:23:03.384+0900] {process_utils.py:183} INFO - Executing cmd: /home/oddsummer/.pyenv/versions/3.11.9/envs/air/bin/python -m virtualenv /tmp/venvkislxldc --python=python
[2024-08-02T17:23:03.385+0900] {process_utils.py:187} INFO - Output:
[2024-08-02T17:23:03.841+0900] {process_utils.py:191} INFO - created virtual environment CPython3.11.9.final.0-64 in 341ms
[2024-08-02T17:23:03.841+0900] {process_utils.py:191} INFO -   creator CPython3Posix(dest=/tmp/venvkislxldc, clear=False, no_vcs_ignore=False, global=False)
[2024-08-02T17:23:03.842+0900] {process_utils.py:191} INFO -   seeder FromAppData(download=False, pip=bundle, setuptools=bundle, wheel=bundle, via=copy, app_data_dir=/home/oddsummer/.local/share/virtualenv)
[2024-08-02T17:23:03.842+0900] {process_utils.py:191} INFO -     added seed packages: pip==24.1.2, setuptools==70.2.0, wheel==0.43.0
[2024-08-02T17:23:03.842+0900] {process_utils.py:191} INFO -   activators BashActivator,CShellActivator,FishActivator,NushellActivator,PowerShellActivator,PythonActivator
[2024-08-02T17:23:03.867+0900] {process_utils.py:183} INFO - Executing cmd: /tmp/venvkislxldc/bin/pip install -r /tmp/venvkislxldc/requirements.txt
[2024-08-02T17:23:03.868+0900] {process_utils.py:187} INFO - Output:
[2024-08-02T17:23:04.824+0900] {process_utils.py:191} INFO - Collecting git+https://github.com/7-TRG/extract_trg.git@main (from -r /tmp/venvkislxldc/requirements.txt (line 1))
[2024-08-02T17:23:04.825+0900] {process_utils.py:191} INFO -   Cloning https://github.com/7-TRG/extract_trg.git (to revision main) to /tmp/pip-req-build-9x85ot41
[2024-08-02T17:23:04.828+0900] {process_utils.py:191} INFO -   Running command git clone --filter=blob:none --quiet https://github.com/7-TRG/extract_trg.git /tmp/pip-req-build-9x85ot41
[2024-08-02T17:23:06.702+0900] {process_utils.py:191} INFO -   Resolved https://github.com/7-TRG/extract_trg.git to commit 0712b3f1bbaeeeea58bf80749079a62c7e1bec3d
[2024-08-02T17:23:06.707+0900] {process_utils.py:191} INFO -   Installing build dependencies: started
[2024-08-02T17:23:08.485+0900] {process_utils.py:191} INFO -   Installing build dependencies: finished with status 'done'
[2024-08-02T17:23:08.486+0900] {process_utils.py:191} INFO -   Getting requirements to build wheel: started
[2024-08-02T17:23:08.737+0900] {process_utils.py:191} INFO -   Getting requirements to build wheel: finished with status 'done'
[2024-08-02T17:23:08.738+0900] {process_utils.py:191} INFO -   Preparing metadata (pyproject.toml): started
[2024-08-02T17:23:08.990+0900] {process_utils.py:191} INFO -   Preparing metadata (pyproject.toml): finished with status 'done'
[2024-08-02T17:23:08.993+0900] {process_utils.py:191} INFO - Building wheels for collected packages: extract_trg
[2024-08-02T17:23:08.997+0900] {process_utils.py:191} INFO -   Building wheel for extract_trg (pyproject.toml): started
[2024-08-02T17:23:09.260+0900] {process_utils.py:191} INFO -   Building wheel for extract_trg (pyproject.toml): finished with status 'done'
[2024-08-02T17:23:09.261+0900] {process_utils.py:191} INFO -   Created wheel for extract_trg: filename=extract_trg-0.1.0-py3-none-any.whl size=2219 sha256=13e9b76fd45b72133759266970810d53aac5751f62f7737bd33c5ee9e3af715b
[2024-08-02T17:23:09.262+0900] {process_utils.py:191} INFO -   Stored in directory: /tmp/pip-ephem-wheel-cache-4wcq7kcj/wheels/21/97/ea/e27bc4298590f1b8a2b9c46b60aefbe2e3076cf05f6bd5e464
[2024-08-02T17:23:09.263+0900] {process_utils.py:191} INFO - Successfully built extract_trg
[2024-08-02T17:23:09.271+0900] {process_utils.py:191} INFO - Installing collected packages: extract_trg
[2024-08-02T17:23:09.286+0900] {process_utils.py:191} INFO - Successfully installed extract_trg-0.1.0
[2024-08-02T17:23:09.292+0900] {process_utils.py:191} INFO - 
[2024-08-02T17:23:09.292+0900] {process_utils.py:191} INFO - [notice] A new release of pip is available: 24.1.2 -> 24.2
[2024-08-02T17:23:09.293+0900] {process_utils.py:191} INFO - [notice] To update, run: python -m pip install --upgrade pip
[2024-08-02T17:23:09.386+0900] {process_utils.py:183} INFO - Executing cmd: /tmp/venvkislxldc/bin/python /tmp/venv-calludecn5az/script.py /tmp/venv-calludecn5az/script.in /tmp/venv-calludecn5az/script.out /tmp/venv-calludecn5az/string_args.txt /tmp/venv-calludecn5az/termination.log
[2024-08-02T17:23:09.387+0900] {process_utils.py:187} INFO - Output:
[2024-08-02T17:23:09.407+0900] {process_utils.py:191} INFO - 
[2024-08-02T17:23:09.407+0900] {process_utils.py:191} INFO - ---------------======---::::::------+--=======++++++++++===--:...::-=--==============--:.....:-=====
[2024-08-02T17:23:09.407+0900] {process_utils.py:191} INFO - ----::---------------------===--::--+-----=============++++++===---:....--===============--:...:-===
[2024-08-02T17:23:09.407+0900] {process_utils.py:191} INFO - ----------------------------------=++----------------------=+===========-::.:-======================
[2024-08-02T17:23:09.408+0900] {process_utils.py:191} INFO - =----------------------------------==-----------------------=-----==============================+=--
[2024-08-02T17:23:09.408+0900] {process_utils.py:191} INFO - %%####=----------------------------==----------------------=-::::-----======+*%#++================::
[2024-08-02T17:23:09.408+0900] {process_utils.py:191} INFO - %%%%%#=----------------------------=-:---------------------=--==--------=====*#*=================-::
[2024-08-02T17:23:09.408+0900] {process_utils.py:191} INFO - @@%%%*-----------------+***++=-----=-::-------------------:+---------=====+++====================-::
[2024-08-02T17:23:09.408+0900] {process_utils.py:191} INFO - @@%%%*---------------#%%%%##%%#=---=-+##*#+----------------=------------=====+====-=--===========-::
[2024-08-02T17:23:09.408+0900] {process_utils.py:191} INFO - @@@%%+--=+*%%%+-----+%@@%#++%%%#=--=*%+===#+::----------::=-----------=+*##*++=-----------=======-::
[2024-08-02T17:23:09.408+0900] {process_utils.py:191} INFO - +++++=-+#+***#*=-----#*++**+#@@@*--+#+**+***-:=-:---=*+-::=-----==+++*######%%%#=-------------==-:::
[2024-08-02T17:23:09.409+0900] {process_utils.py:191} INFO - *******-:::-*=-------+===+=-=+#%%:-=++++=+==-:=-:::=%%#-::###=-*#%%%%%%%%%%%%%%%%+---------------:::
[2024-08-02T17:23:09.409+0900] {process_utils.py:191} INFO - =====+=:--::+---+--+**++++*+++#%*-=--**++++-:=++=::+#*-::=%%%#*#%%%%%%%%@@%%%%@@%%#====------+#%%=-*
[2024-08-02T17:23:09.409+0900] {process_utils.py:191} INFO - =-==++---=+==*#%%%%%%=*++++++++==-=-*##*+=##**++=--++-:--*=-=*#%%%@%###*###*+++*%%%*=============-#%
[2024-08-02T17:23:09.409+0900] {process_utils.py:191} INFO - +-=------=*%%%%@%@@@@***=+*#+*##*#%%@@**++%@%%%%*+=--=-=+-:--:#%@@%#*****###*+---+*++#**===---=++*%@
[2024-08-02T17:23:09.410+0900] {process_utils.py:191} INFO - --==-::-*%%%@@@@@@@%#*=-+++%@%##%%@@@@@%#%@@@%%@%%%*=--=#%####-%@%%####++++++=---==++*####*+++*%@%@@
[2024-08-02T17:23:09.410+0900] {process_utils.py:191} INFO - -=*+=-=#@@@@@@@@@#*+++++*@@@@@@@@@@@@@@@@@@@@@@@@@@@#+==-+*+#=:-+#%##**==++**+++=====+*###*+**#@%##%
[2024-08-02T17:23:09.410+0900] {process_utils.py:191} INFO - -=++-+%%@%@@@@%+=-++***#@@@@@@@@@@@@%:+@@*%+=%@@@@@@%%#%%#*=+--:-=#++**%#*+=+++++===+**####=*%%%%%%%
[2024-08-02T17:23:09.410+0900] {process_utils.py:191} INFO - -=++#%%####+-:---=*%%@@%#######**++++=+++++++++%%=+%@@%##*+==-=++=+*****##*===+++++==*#####*+#%%##%%
[2024-08-02T17:23:09.410+0900] {process_utils.py:191} INFO - -=*+=---==+=-::::-*@@@%+=======++++++++++++++*#%#**%%%*==-+*=--+==*****#**+=====+++++=***+++=+==::::
[2024-08-02T17:23:09.410+0900] {process_utils.py:191} INFO - =#*=++++++*###**==*@@@%=======++++++++*@@@@@@@@%%#####-:=+----==******##****+++++***==-=+=:::.::::::
[2024-08-02T17:23:09.411+0900] {process_utils.py:191} INFO - #%*+*++++**##*###*+#@@#=========++++==*%%%%%%%%######*=-----==+*********##########*+====::::::::::::
[2024-08-02T17:23:09.411+0900] {process_utils.py:191} INFO - ++++*#%%@%*##*##***%@@*===============+%##%%######%%%%*==-===+*********+=+*#######*++++-:::--::-----
[2024-08-02T17:23:09.411+0900] {process_utils.py:191} INFO - ===+*#%@@%*##**#**+=--================+%%#%%###%#%%%%%#======*#######*-:-++*####*****++:------------
[2024-08-02T17:23:09.411+0900] {process_utils.py:191} INFO - =+=------=##**##**+=--================+%%#%%###%%#%%%%%+=====+###**++==----:-*####****=------==-====
[2024-08-02T17:23:09.411+0900] {process_utils.py:191} INFO - 
[2024-08-02T17:23:09.432+0900] {python.py:237} INFO - Done. Returned value was: None
[2024-08-02T17:23:09.433+0900] {taskinstance.py:441} INFO - ::group::Post task execution logs
[2024-08-02T17:23:09.438+0900] {taskinstance.py:1206} INFO - Marking task as SUCCESS. dag_id=movie, task_id=get.data, run_id=scheduled__2017-01-04T05:01:00+00:00, execution_date=20170104T050100, start_date=20240802T082303, end_date=20240802T082309
[2024-08-02T17:23:09.483+0900] {local_task_job_runner.py:243} INFO - Task exited with return code 0
[2024-08-02T17:23:09.494+0900] {taskinstance.py:3503} INFO - 0 downstream tasks scheduled from follow-on schedule check
[2024-08-02T17:23:09.494+0900] {local_task_job_runner.py:222} INFO - ::endgroup::
