[2024-08-02T17:40:15.532+0900] {local_task_job_runner.py:120} INFO - ::group::Pre task execution logs
[2024-08-02T17:40:15.554+0900] {taskinstance.py:2076} INFO - Dependencies all met for dep_context=non-requeueable deps ti=<TaskInstance: movie.transform scheduled__2017-01-05T05:13:00+00:00 [queued]>
[2024-08-02T17:40:15.562+0900] {taskinstance.py:2076} INFO - Dependencies all met for dep_context=requeueable deps ti=<TaskInstance: movie.transform scheduled__2017-01-05T05:13:00+00:00 [queued]>
[2024-08-02T17:40:15.563+0900] {taskinstance.py:2306} INFO - Starting attempt 1 of 3
[2024-08-02T17:40:15.578+0900] {taskinstance.py:2330} INFO - Executing <Task(PythonVirtualenvOperator): transform> on 2017-01-05 05:13:00+00:00
[2024-08-02T17:40:15.582+0900] {standard_task_runner.py:64} INFO - Started process 173044 to run task
[2024-08-02T17:40:15.586+0900] {standard_task_runner.py:90} INFO - Running: ['airflow', 'tasks', 'run', 'movie', 'transform', 'scheduled__2017-01-05T05:13:00+00:00', '--job-id', '286', '--raw', '--subdir', 'DAGS_FOLDER/movie.py', '--cfg-path', '/tmp/tmpy8cmtm8x']
[2024-08-02T17:40:15.587+0900] {standard_task_runner.py:91} INFO - Job 286: Subtask transform
[2024-08-02T17:40:15.633+0900] {task_command.py:426} INFO - Running <TaskInstance: movie.transform scheduled__2017-01-05T05:13:00+00:00 [running]> on host playdata.
[2024-08-02T17:40:15.702+0900] {taskinstance.py:2648} INFO - Exporting env vars: AIRFLOW_CTX_DAG_OWNER='airflow' AIRFLOW_CTX_DAG_ID='movie' AIRFLOW_CTX_TASK_ID='transform' AIRFLOW_CTX_EXECUTION_DATE='2017-01-05T05:13:00+00:00' AIRFLOW_CTX_TRY_NUMBER='1' AIRFLOW_CTX_DAG_RUN_ID='scheduled__2017-01-05T05:13:00+00:00'
[2024-08-02T17:40:15.703+0900] {taskinstance.py:430} INFO - ::endgroup::
[2024-08-02T17:40:15.714+0900] {baseoperator.py:400} WARNING - PythonVirtualenvOperator.execute cannot be called outside TaskInstance!
[2024-08-02T17:40:15.715+0900] {process_utils.py:183} INFO - Executing cmd: /home/oddsummer/.pyenv/versions/3.11.9/envs/air/bin/python -m virtualenv /tmp/venvra5gqn9j --python=python
[2024-08-02T17:40:15.715+0900] {process_utils.py:187} INFO - Output:
[2024-08-02T17:40:16.082+0900] {process_utils.py:191} INFO - created virtual environment CPython3.11.9.final.0-64 in 262ms
[2024-08-02T17:40:16.083+0900] {process_utils.py:191} INFO -   creator CPython3Posix(dest=/tmp/venvra5gqn9j, clear=False, no_vcs_ignore=False, global=False)
[2024-08-02T17:40:16.083+0900] {process_utils.py:191} INFO -   seeder FromAppData(download=False, pip=bundle, setuptools=bundle, wheel=bundle, via=copy, app_data_dir=/home/oddsummer/.local/share/virtualenv)
[2024-08-02T17:40:16.083+0900] {process_utils.py:191} INFO -     added seed packages: pip==24.1.2, setuptools==70.2.0, wheel==0.43.0
[2024-08-02T17:40:16.084+0900] {process_utils.py:191} INFO -   activators BashActivator,CShellActivator,FishActivator,NushellActivator,PowerShellActivator,PythonActivator
[2024-08-02T17:40:16.116+0900] {process_utils.py:183} INFO - Executing cmd: /tmp/venvra5gqn9j/bin/pip install -r /tmp/venvra5gqn9j/requirements.txt
[2024-08-02T17:40:16.117+0900] {process_utils.py:187} INFO - Output:
[2024-08-02T17:40:17.201+0900] {process_utils.py:191} INFO - Collecting git+https://github.com/7-TRG/transform_trg.git@main (from -r /tmp/venvra5gqn9j/requirements.txt (line 1))
[2024-08-02T17:40:17.201+0900] {process_utils.py:191} INFO -   Cloning https://github.com/7-TRG/transform_trg.git (to revision main) to /tmp/pip-req-build-05ehhpi0
[2024-08-02T17:40:17.203+0900] {process_utils.py:191} INFO -   Running command git clone --filter=blob:none --quiet https://github.com/7-TRG/transform_trg.git /tmp/pip-req-build-05ehhpi0
[2024-08-02T17:40:18.904+0900] {process_utils.py:191} INFO -   Resolved https://github.com/7-TRG/transform_trg.git to commit 789fe432a030fafcbef44ec873bc256dce822228
[2024-08-02T17:40:18.910+0900] {process_utils.py:191} INFO -   Installing build dependencies: started
[2024-08-02T17:40:20.966+0900] {process_utils.py:191} INFO -   Installing build dependencies: finished with status 'done'
[2024-08-02T17:40:20.967+0900] {process_utils.py:191} INFO -   Getting requirements to build wheel: started
[2024-08-02T17:40:21.213+0900] {process_utils.py:191} INFO -   Getting requirements to build wheel: finished with status 'done'
[2024-08-02T17:40:21.215+0900] {process_utils.py:191} INFO -   Preparing metadata (pyproject.toml): started
[2024-08-02T17:40:21.461+0900] {process_utils.py:191} INFO -   Preparing metadata (pyproject.toml): finished with status 'done'
[2024-08-02T17:40:21.464+0900] {process_utils.py:191} INFO - Building wheels for collected packages: transform_trg
[2024-08-02T17:40:21.468+0900] {process_utils.py:191} INFO -   Building wheel for transform_trg (pyproject.toml): started
[2024-08-02T17:40:21.719+0900] {process_utils.py:191} INFO -   Building wheel for transform_trg (pyproject.toml): finished with status 'done'
[2024-08-02T17:40:21.720+0900] {process_utils.py:191} INFO -   Created wheel for transform_trg: filename=transform_trg-0.1.0-py3-none-any.whl size=2244 sha256=2c0d23014fe6a8e93004940691dfa37b88005bc38e5317758be8e7f3c13a2870
[2024-08-02T17:40:21.721+0900] {process_utils.py:191} INFO -   Stored in directory: /tmp/pip-ephem-wheel-cache-jt1185vj/wheels/52/ed/12/e63285a730e0434716bf2b76c497e2eca12531b214fbcca988
[2024-08-02T17:40:21.723+0900] {process_utils.py:191} INFO - Successfully built transform_trg
[2024-08-02T17:40:21.732+0900] {process_utils.py:191} INFO - Installing collected packages: transform_trg
[2024-08-02T17:40:21.750+0900] {process_utils.py:191} INFO - Successfully installed transform_trg-0.1.0
[2024-08-02T17:40:21.757+0900] {process_utils.py:191} INFO - 
[2024-08-02T17:40:21.757+0900] {process_utils.py:191} INFO - [notice] A new release of pip is available: 24.1.2 -> 24.2
[2024-08-02T17:40:21.757+0900] {process_utils.py:191} INFO - [notice] To update, run: python -m pip install --upgrade pip
[2024-08-02T17:40:21.854+0900] {process_utils.py:183} INFO - Executing cmd: /tmp/venvra5gqn9j/bin/python /tmp/venv-call0ufsbdas/script.py /tmp/venv-call0ufsbdas/script.in /tmp/venv-call0ufsbdas/script.out /tmp/venv-call0ufsbdas/string_args.txt /tmp/venv-call0ufsbdas/termination.log
[2024-08-02T17:40:21.855+0900] {process_utils.py:187} INFO - Output:
[2024-08-02T17:40:21.876+0900] {process_utils.py:191} INFO - 
[2024-08-02T17:40:21.876+0900] {process_utils.py:191} INFO - ---------------======---::::::------+--=======++++++++++===--:...::-=--==============--:.....:-=====
[2024-08-02T17:40:21.876+0900] {process_utils.py:191} INFO - ----::---------------------===--::--+-----=============++++++===---:....--===============--:...:-===
[2024-08-02T17:40:21.876+0900] {process_utils.py:191} INFO - ----------------------------------=++----------------------=+===========-::.:-======================
[2024-08-02T17:40:21.876+0900] {process_utils.py:191} INFO - =----------------------------------==-----------------------=-----==============================+=--
[2024-08-02T17:40:21.877+0900] {process_utils.py:191} INFO - %%####=----------------------------==----------------------=-::::-----======+*%#++================::
[2024-08-02T17:40:21.877+0900] {process_utils.py:191} INFO - %%%%%#=----------------------------=-:---------------------=--==--------=====*#*=================-::
[2024-08-02T17:40:21.877+0900] {process_utils.py:191} INFO - @@%%%*-----------------+***++=-----=-::-------------------:+---------=====+++====================-::
[2024-08-02T17:40:21.877+0900] {process_utils.py:191} INFO - @@%%%*---------------#%%%%##%%#=---=-+##*#+----------------=------------=====+====-=--===========-::
[2024-08-02T17:40:21.877+0900] {process_utils.py:191} INFO - @@@%%+--=+*%%%+-----+%@@%#++%%%#=--=*%+===#+::----------::=-----------=+*##*++=-----------=======-::
[2024-08-02T17:40:21.877+0900] {process_utils.py:191} INFO - +++++=-+#+***#*=-----#*++**+#@@@*--+#+**+***-:=-:---=*+-::=-----==+++*######%%%#=-------------==-:::
[2024-08-02T17:40:21.877+0900] {process_utils.py:191} INFO - *******-:::-*=-------+===+=-=+#%%:-=++++=+==-:=-:::=%%#-::###=-*#%%%%%%%%%%%%%%%%+---------------:::
[2024-08-02T17:40:21.878+0900] {process_utils.py:191} INFO - =====+=:--::+---+--+**++++*+++#%*-=--**++++-:=++=::+#*-::=%%%#*#%%%%%%%%@@%%%%@@%%#====------+#%%=-*
[2024-08-02T17:40:21.878+0900] {process_utils.py:191} INFO - =-==++---=+==*#%%%%%%=*++++++++==-=-*##*+=##**++=--++-:--*=-=*#%%%@%###*###*+++*%%%*=============-#%
[2024-08-02T17:40:21.878+0900] {process_utils.py:191} INFO - +-=------=*%%%%@%@@@@***=+*#+*##*#%%@@**++%@%%%%*+=--=-=+-:--:#%@@%#*****###*+---+*++#**===---=++*%@
[2024-08-02T17:40:21.878+0900] {process_utils.py:191} INFO - --==-::-*%%%@@@@@@@%#*=-+++%@%##%%@@@@@%#%@@@%%@%%%*=--=#%####-%@%%####++++++=---==++*####*+++*%@%@@
[2024-08-02T17:40:21.878+0900] {process_utils.py:191} INFO - -=*+=-=#@@@@@@@@@#*+++++*@@@@@@@@@@@@@@@@@@@@@@@@@@@#+==-+*+#=:-+#%##**==++**+++=====+*###*+**#@%##%
[2024-08-02T17:40:21.878+0900] {process_utils.py:191} INFO - -=++-+%%@%@@@@%+=-++***#@@@@@@@@@@@@%:+@@*%+=%@@@@@@%%#%%#*=+--:-=#++**%#*+=+++++===+**####=*%%%%%%%
[2024-08-02T17:40:21.878+0900] {process_utils.py:191} INFO - -=++#%%####+-:---=*%%@@%#######**++++=+++++++++%%=+%@@%##*+==-=++=+*****##*===+++++==*#####*+#%%##%%
[2024-08-02T17:40:21.879+0900] {process_utils.py:191} INFO - -=*+=---==+=-::::-*@@@%+=======++++++++++++++*#%#**%%%*==-+*=--+==*****#**+=====+++++=***+++=+==::::
[2024-08-02T17:40:21.879+0900] {process_utils.py:191} INFO - =#*=++++++*###**==*@@@%=======++++++++*@@@@@@@@%%#####-:=+----==******##****+++++***==-=+=:::.::::::
[2024-08-02T17:40:21.879+0900] {process_utils.py:191} INFO - #%*+*++++**##*###*+#@@#=========++++==*%%%%%%%%######*=-----==+*********##########*+====::::::::::::
[2024-08-02T17:40:21.879+0900] {process_utils.py:191} INFO - ++++*#%%@%*##*##***%@@*===============+%##%%######%%%%*==-===+*********+=+*#######*++++-:::--::-----
[2024-08-02T17:40:21.879+0900] {process_utils.py:191} INFO - ===+*#%@@%*##**#**+=--================+%%#%%###%#%%%%%#======*#######*-:-++*####*****++:------------
[2024-08-02T17:40:21.879+0900] {process_utils.py:191} INFO - =+=------=##**##**+=--================+%%#%%###%%#%%%%%+=====+###**++==----:-*####****=------==-====
[2024-08-02T17:40:21.879+0900] {process_utils.py:191} INFO - 
[2024-08-02T17:40:21.901+0900] {python.py:237} INFO - Done. Returned value was: None
[2024-08-02T17:40:21.901+0900] {taskinstance.py:441} INFO - ::group::Post task execution logs
[2024-08-02T17:40:21.905+0900] {taskinstance.py:1206} INFO - Marking task as SUCCESS. dag_id=movie, task_id=transform, run_id=scheduled__2017-01-05T05:13:00+00:00, execution_date=20170105T051300, start_date=20240802T084015, end_date=20240802T084021
[2024-08-02T17:40:21.972+0900] {local_task_job_runner.py:243} INFO - Task exited with return code 0
[2024-08-02T17:40:21.997+0900] {taskinstance.py:3503} INFO - 1 downstream tasks scheduled from follow-on schedule check
[2024-08-02T17:40:22.009+0900] {local_task_job_runner.py:222} INFO - ::endgroup::
