[2024-08-02T17:07:23.235+0900] {local_task_job_runner.py:120} INFO - ::group::Pre task execution logs
[2024-08-02T17:07:23.258+0900] {taskinstance.py:2076} INFO - Dependencies all met for dep_context=non-requeueable deps ti=<TaskInstance: movie.get.data scheduled__2017-01-02T05:41:00+00:00 [queued]>
[2024-08-02T17:07:23.265+0900] {taskinstance.py:2076} INFO - Dependencies all met for dep_context=requeueable deps ti=<TaskInstance: movie.get.data scheduled__2017-01-02T05:41:00+00:00 [queued]>
[2024-08-02T17:07:23.266+0900] {taskinstance.py:2306} INFO - Starting attempt 1 of 3
[2024-08-02T17:07:23.280+0900] {taskinstance.py:2330} INFO - Executing <Task(PythonVirtualenvOperator): get.data> on 2017-01-02 05:41:00+00:00
[2024-08-02T17:07:23.283+0900] {standard_task_runner.py:64} INFO - Started process 154311 to run task
[2024-08-02T17:07:23.286+0900] {standard_task_runner.py:90} INFO - Running: ['airflow', 'tasks', 'run', 'movie', 'get.data', 'scheduled__2017-01-02T05:41:00+00:00', '--job-id', '112', '--raw', '--subdir', 'DAGS_FOLDER/movie.py', '--cfg-path', '/tmp/tmp4csagqtb']
[2024-08-02T17:07:23.288+0900] {standard_task_runner.py:91} INFO - Job 112: Subtask get.data
[2024-08-02T17:07:23.322+0900] {task_command.py:426} INFO - Running <TaskInstance: movie.get.data scheduled__2017-01-02T05:41:00+00:00 [running]> on host playdata.
[2024-08-02T17:07:23.393+0900] {taskinstance.py:2648} INFO - Exporting env vars: AIRFLOW_CTX_DAG_OWNER='airflow' AIRFLOW_CTX_DAG_ID='movie' AIRFLOW_CTX_TASK_ID='get.data' AIRFLOW_CTX_EXECUTION_DATE='2017-01-02T05:41:00+00:00' AIRFLOW_CTX_TRY_NUMBER='1' AIRFLOW_CTX_DAG_RUN_ID='scheduled__2017-01-02T05:41:00+00:00'
[2024-08-02T17:07:23.394+0900] {taskinstance.py:430} INFO - ::endgroup::
[2024-08-02T17:07:23.405+0900] {baseoperator.py:400} WARNING - PythonVirtualenvOperator.execute cannot be called outside TaskInstance!
[2024-08-02T17:07:23.405+0900] {process_utils.py:183} INFO - Executing cmd: /home/oddsummer/.pyenv/versions/3.11.9/envs/air/bin/python -m virtualenv /tmp/venvb5euciji --python=python
[2024-08-02T17:07:23.406+0900] {process_utils.py:187} INFO - Output:
[2024-08-02T17:07:23.762+0900] {process_utils.py:191} INFO - created virtual environment CPython3.11.9.final.0-64 in 260ms
[2024-08-02T17:07:23.763+0900] {process_utils.py:191} INFO -   creator CPython3Posix(dest=/tmp/venvb5euciji, clear=False, no_vcs_ignore=False, global=False)
[2024-08-02T17:07:23.763+0900] {process_utils.py:191} INFO -   seeder FromAppData(download=False, pip=bundle, setuptools=bundle, wheel=bundle, via=copy, app_data_dir=/home/oddsummer/.local/share/virtualenv)
[2024-08-02T17:07:23.763+0900] {process_utils.py:191} INFO -     added seed packages: pip==24.1.2, setuptools==70.2.0, wheel==0.43.0
[2024-08-02T17:07:23.763+0900] {process_utils.py:191} INFO -   activators BashActivator,CShellActivator,FishActivator,NushellActivator,PowerShellActivator,PythonActivator
[2024-08-02T17:07:23.786+0900] {process_utils.py:183} INFO - Executing cmd: /tmp/venvb5euciji/bin/pip install -r /tmp/venvb5euciji/requirements.txt
[2024-08-02T17:07:23.786+0900] {process_utils.py:187} INFO - Output:
[2024-08-02T17:07:24.732+0900] {process_utils.py:191} INFO - Collecting git+https://github.com/7-TRG/extract_trg.git@main (from -r /tmp/venvb5euciji/requirements.txt (line 1))
[2024-08-02T17:07:24.733+0900] {process_utils.py:191} INFO -   Cloning https://github.com/7-TRG/extract_trg.git (to revision main) to /tmp/pip-req-build-bc2nqbqq
[2024-08-02T17:07:24.735+0900] {process_utils.py:191} INFO -   Running command git clone --filter=blob:none --quiet https://github.com/7-TRG/extract_trg.git /tmp/pip-req-build-bc2nqbqq
[2024-08-02T17:07:26.296+0900] {process_utils.py:191} INFO -   Resolved https://github.com/7-TRG/extract_trg.git to commit 0712b3f1bbaeeeea58bf80749079a62c7e1bec3d
[2024-08-02T17:07:26.302+0900] {process_utils.py:191} INFO -   Installing build dependencies: started
[2024-08-02T17:07:28.099+0900] {process_utils.py:191} INFO -   Installing build dependencies: finished with status 'done'
[2024-08-02T17:07:28.100+0900] {process_utils.py:191} INFO -   Getting requirements to build wheel: started
[2024-08-02T17:07:28.347+0900] {process_utils.py:191} INFO -   Getting requirements to build wheel: finished with status 'done'
[2024-08-02T17:07:28.348+0900] {process_utils.py:191} INFO -   Preparing metadata (pyproject.toml): started
[2024-08-02T17:07:28.592+0900] {process_utils.py:191} INFO -   Preparing metadata (pyproject.toml): finished with status 'done'
[2024-08-02T17:07:28.595+0900] {process_utils.py:191} INFO - Building wheels for collected packages: extract_trg
[2024-08-02T17:07:28.599+0900] {process_utils.py:191} INFO -   Building wheel for extract_trg (pyproject.toml): started
[2024-08-02T17:07:28.868+0900] {process_utils.py:191} INFO -   Building wheel for extract_trg (pyproject.toml): finished with status 'done'
[2024-08-02T17:07:28.869+0900] {process_utils.py:191} INFO -   Created wheel for extract_trg: filename=extract_trg-0.1.0-py3-none-any.whl size=2219 sha256=355a693426c7e11ef90659646e47bfd848b66d6c636bf889d3a662fefdc73289
[2024-08-02T17:07:28.870+0900] {process_utils.py:191} INFO -   Stored in directory: /tmp/pip-ephem-wheel-cache-1cdek_75/wheels/21/97/ea/e27bc4298590f1b8a2b9c46b60aefbe2e3076cf05f6bd5e464
[2024-08-02T17:07:28.872+0900] {process_utils.py:191} INFO - Successfully built extract_trg
[2024-08-02T17:07:28.881+0900] {process_utils.py:191} INFO - Installing collected packages: extract_trg
[2024-08-02T17:07:28.902+0900] {process_utils.py:191} INFO - Successfully installed extract_trg-0.1.0
[2024-08-02T17:07:28.912+0900] {process_utils.py:191} INFO - 
[2024-08-02T17:07:28.912+0900] {process_utils.py:191} INFO - [notice] A new release of pip is available: 24.1.2 -> 24.2
[2024-08-02T17:07:28.912+0900] {process_utils.py:191} INFO - [notice] To update, run: python -m pip install --upgrade pip
[2024-08-02T17:07:29.004+0900] {process_utils.py:183} INFO - Executing cmd: /tmp/venvb5euciji/bin/python /tmp/venv-callcj5bdui9/script.py /tmp/venv-callcj5bdui9/script.in /tmp/venv-callcj5bdui9/script.out /tmp/venv-callcj5bdui9/string_args.txt /tmp/venv-callcj5bdui9/termination.log
[2024-08-02T17:07:29.004+0900] {process_utils.py:187} INFO - Output:
[2024-08-02T17:07:29.023+0900] {process_utils.py:191} INFO - 
[2024-08-02T17:07:29.024+0900] {process_utils.py:191} INFO - ---------------======---::::::------+--=======++++++++++===--:...::-=--==============--:.....:-=====
[2024-08-02T17:07:29.024+0900] {process_utils.py:191} INFO - ----::---------------------===--::--+-----=============++++++===---:....--===============--:...:-===
[2024-08-02T17:07:29.024+0900] {process_utils.py:191} INFO - ----------------------------------=++----------------------=+===========-::.:-======================
[2024-08-02T17:07:29.024+0900] {process_utils.py:191} INFO - =----------------------------------==-----------------------=-----==============================+=--
[2024-08-02T17:07:29.024+0900] {process_utils.py:191} INFO - %%####=----------------------------==----------------------=-::::-----======+*%#++================::
[2024-08-02T17:07:29.024+0900] {process_utils.py:191} INFO - %%%%%#=----------------------------=-:---------------------=--==--------=====*#*=================-::
[2024-08-02T17:07:29.025+0900] {process_utils.py:191} INFO - @@%%%*-----------------+***++=-----=-::-------------------:+---------=====+++====================-::
[2024-08-02T17:07:29.025+0900] {process_utils.py:191} INFO - @@%%%*---------------#%%%%##%%#=---=-+##*#+----------------=------------=====+====-=--===========-::
[2024-08-02T17:07:29.025+0900] {process_utils.py:191} INFO - @@@%%+--=+*%%%+-----+%@@%#++%%%#=--=*%+===#+::----------::=-----------=+*##*++=-----------=======-::
[2024-08-02T17:07:29.025+0900] {process_utils.py:191} INFO - +++++=-+#+***#*=-----#*++**+#@@@*--+#+**+***-:=-:---=*+-::=-----==+++*######%%%#=-------------==-:::
[2024-08-02T17:07:29.025+0900] {process_utils.py:191} INFO - *******-:::-*=-------+===+=-=+#%%:-=++++=+==-:=-:::=%%#-::###=-*#%%%%%%%%%%%%%%%%+---------------:::
[2024-08-02T17:07:29.025+0900] {process_utils.py:191} INFO - =====+=:--::+---+--+**++++*+++#%*-=--**++++-:=++=::+#*-::=%%%#*#%%%%%%%%@@%%%%@@%%#====------+#%%=-*
[2024-08-02T17:07:29.025+0900] {process_utils.py:191} INFO - =-==++---=+==*#%%%%%%=*++++++++==-=-*##*+=##**++=--++-:--*=-=*#%%%@%###*###*+++*%%%*=============-#%
[2024-08-02T17:07:29.025+0900] {process_utils.py:191} INFO - +-=------=*%%%%@%@@@@***=+*#+*##*#%%@@**++%@%%%%*+=--=-=+-:--:#%@@%#*****###*+---+*++#**===---=++*%@
[2024-08-02T17:07:29.026+0900] {process_utils.py:191} INFO - --==-::-*%%%@@@@@@@%#*=-+++%@%##%%@@@@@%#%@@@%%@%%%*=--=#%####-%@%%####++++++=---==++*####*+++*%@%@@
[2024-08-02T17:07:29.026+0900] {process_utils.py:191} INFO - -=*+=-=#@@@@@@@@@#*+++++*@@@@@@@@@@@@@@@@@@@@@@@@@@@#+==-+*+#=:-+#%##**==++**+++=====+*###*+**#@%##%
[2024-08-02T17:07:29.026+0900] {process_utils.py:191} INFO - -=++-+%%@%@@@@%+=-++***#@@@@@@@@@@@@%:+@@*%+=%@@@@@@%%#%%#*=+--:-=#++**%#*+=+++++===+**####=*%%%%%%%
[2024-08-02T17:07:29.026+0900] {process_utils.py:191} INFO - -=++#%%####+-:---=*%%@@%#######**++++=+++++++++%%=+%@@%##*+==-=++=+*****##*===+++++==*#####*+#%%##%%
[2024-08-02T17:07:29.026+0900] {process_utils.py:191} INFO - -=*+=---==+=-::::-*@@@%+=======++++++++++++++*#%#**%%%*==-+*=--+==*****#**+=====+++++=***+++=+==::::
[2024-08-02T17:07:29.026+0900] {process_utils.py:191} INFO - =#*=++++++*###**==*@@@%=======++++++++*@@@@@@@@%%#####-:=+----==******##****+++++***==-=+=:::.::::::
[2024-08-02T17:07:29.026+0900] {process_utils.py:191} INFO - #%*+*++++**##*###*+#@@#=========++++==*%%%%%%%%######*=-----==+*********##########*+====::::::::::::
[2024-08-02T17:07:29.026+0900] {process_utils.py:191} INFO - ++++*#%%@%*##*##***%@@*===============+%##%%######%%%%*==-===+*********+=+*#######*++++-:::--::-----
[2024-08-02T17:07:29.026+0900] {process_utils.py:191} INFO - ===+*#%@@%*##**#**+=--================+%%#%%###%#%%%%%#======*#######*-:-++*####*****++:------------
[2024-08-02T17:07:29.027+0900] {process_utils.py:191} INFO - =+=------=##**##**+=--================+%%#%%###%%#%%%%%+=====+###**++==----:-*####****=------==-====
[2024-08-02T17:07:29.027+0900] {process_utils.py:191} INFO - 
[2024-08-02T17:07:29.050+0900] {python.py:237} INFO - Done. Returned value was: None
[2024-08-02T17:07:29.050+0900] {taskinstance.py:441} INFO - ::group::Post task execution logs
[2024-08-02T17:07:29.054+0900] {taskinstance.py:1206} INFO - Marking task as SUCCESS. dag_id=movie, task_id=get.data, run_id=scheduled__2017-01-02T05:41:00+00:00, execution_date=20170102T054100, start_date=20240802T080723, end_date=20240802T080729
[2024-08-02T17:07:29.132+0900] {local_task_job_runner.py:243} INFO - Task exited with return code 0
[2024-08-02T17:07:29.147+0900] {taskinstance.py:3503} INFO - 0 downstream tasks scheduled from follow-on schedule check
[2024-08-02T17:07:29.148+0900] {local_task_job_runner.py:222} INFO - ::endgroup::
