[2024-08-02T17:21:06.631+0900] {local_task_job_runner.py:120} INFO - ::group::Pre task execution logs
[2024-08-02T17:21:06.650+0900] {taskinstance.py:2076} INFO - Dependencies all met for dep_context=non-requeueable deps ti=<TaskInstance: movie.get.data scheduled__2017-01-03T05:51:00+00:00 [queued]>
[2024-08-02T17:21:06.656+0900] {taskinstance.py:2076} INFO - Dependencies all met for dep_context=requeueable deps ti=<TaskInstance: movie.get.data scheduled__2017-01-03T05:51:00+00:00 [queued]>
[2024-08-02T17:21:06.656+0900] {taskinstance.py:2306} INFO - Starting attempt 1 of 3
[2024-08-02T17:21:06.674+0900] {taskinstance.py:2330} INFO - Executing <Task(PythonVirtualenvOperator): get.data> on 2017-01-03 05:51:00+00:00
[2024-08-02T17:21:06.677+0900] {standard_task_runner.py:64} INFO - Started process 161633 to run task
[2024-08-02T17:21:06.681+0900] {standard_task_runner.py:90} INFO - Running: ['airflow', 'tasks', 'run', 'movie', 'get.data', 'scheduled__2017-01-03T05:51:00+00:00', '--job-id', '182', '--raw', '--subdir', 'DAGS_FOLDER/movie.py', '--cfg-path', '/tmp/tmpk5nhf2t1']
[2024-08-02T17:21:06.683+0900] {standard_task_runner.py:91} INFO - Job 182: Subtask get.data
[2024-08-02T17:21:06.723+0900] {task_command.py:426} INFO - Running <TaskInstance: movie.get.data scheduled__2017-01-03T05:51:00+00:00 [running]> on host playdata.
[2024-08-02T17:21:06.803+0900] {taskinstance.py:2648} INFO - Exporting env vars: AIRFLOW_CTX_DAG_OWNER='airflow' AIRFLOW_CTX_DAG_ID='movie' AIRFLOW_CTX_TASK_ID='get.data' AIRFLOW_CTX_EXECUTION_DATE='2017-01-03T05:51:00+00:00' AIRFLOW_CTX_TRY_NUMBER='1' AIRFLOW_CTX_DAG_RUN_ID='scheduled__2017-01-03T05:51:00+00:00'
[2024-08-02T17:21:06.804+0900] {taskinstance.py:430} INFO - ::endgroup::
[2024-08-02T17:21:06.815+0900] {baseoperator.py:400} WARNING - PythonVirtualenvOperator.execute cannot be called outside TaskInstance!
[2024-08-02T17:21:06.816+0900] {process_utils.py:183} INFO - Executing cmd: /home/oddsummer/.pyenv/versions/3.11.9/envs/air/bin/python -m virtualenv /tmp/venvvm1fb4b_ --python=python
[2024-08-02T17:21:06.817+0900] {process_utils.py:187} INFO - Output:
[2024-08-02T17:21:07.206+0900] {process_utils.py:191} INFO - created virtual environment CPython3.11.9.final.0-64 in 285ms
[2024-08-02T17:21:07.207+0900] {process_utils.py:191} INFO -   creator CPython3Posix(dest=/tmp/venvvm1fb4b_, clear=False, no_vcs_ignore=False, global=False)
[2024-08-02T17:21:07.207+0900] {process_utils.py:191} INFO -   seeder FromAppData(download=False, pip=bundle, setuptools=bundle, wheel=bundle, via=copy, app_data_dir=/home/oddsummer/.local/share/virtualenv)
[2024-08-02T17:21:07.207+0900] {process_utils.py:191} INFO -     added seed packages: pip==24.1.2, setuptools==70.2.0, wheel==0.43.0
[2024-08-02T17:21:07.208+0900] {process_utils.py:191} INFO -   activators BashActivator,CShellActivator,FishActivator,NushellActivator,PowerShellActivator,PythonActivator
[2024-08-02T17:21:07.235+0900] {process_utils.py:183} INFO - Executing cmd: /tmp/venvvm1fb4b_/bin/pip install -r /tmp/venvvm1fb4b_/requirements.txt
[2024-08-02T17:21:07.236+0900] {process_utils.py:187} INFO - Output:
[2024-08-02T17:21:08.253+0900] {process_utils.py:191} INFO - Collecting git+https://github.com/7-TRG/extract_trg.git@main (from -r /tmp/venvvm1fb4b_/requirements.txt (line 1))
[2024-08-02T17:21:08.253+0900] {process_utils.py:191} INFO -   Cloning https://github.com/7-TRG/extract_trg.git (to revision main) to /tmp/pip-req-build-ed5hrklz
[2024-08-02T17:21:08.256+0900] {process_utils.py:191} INFO -   Running command git clone --filter=blob:none --quiet https://github.com/7-TRG/extract_trg.git /tmp/pip-req-build-ed5hrklz
[2024-08-02T17:21:10.061+0900] {process_utils.py:191} INFO -   Resolved https://github.com/7-TRG/extract_trg.git to commit 0712b3f1bbaeeeea58bf80749079a62c7e1bec3d
[2024-08-02T17:21:10.065+0900] {process_utils.py:191} INFO -   Installing build dependencies: started
[2024-08-02T17:21:12.287+0900] {process_utils.py:191} INFO -   Installing build dependencies: finished with status 'done'
[2024-08-02T17:21:12.288+0900] {process_utils.py:191} INFO -   Getting requirements to build wheel: started
[2024-08-02T17:21:12.563+0900] {process_utils.py:191} INFO -   Getting requirements to build wheel: finished with status 'done'
[2024-08-02T17:21:12.564+0900] {process_utils.py:191} INFO -   Preparing metadata (pyproject.toml): started
[2024-08-02T17:21:12.903+0900] {process_utils.py:191} INFO -   Preparing metadata (pyproject.toml): finished with status 'done'
[2024-08-02T17:21:12.906+0900] {process_utils.py:191} INFO - Building wheels for collected packages: extract_trg
[2024-08-02T17:21:12.912+0900] {process_utils.py:191} INFO -   Building wheel for extract_trg (pyproject.toml): started
[2024-08-02T17:21:13.242+0900] {process_utils.py:191} INFO -   Building wheel for extract_trg (pyproject.toml): finished with status 'done'
[2024-08-02T17:21:13.243+0900] {process_utils.py:191} INFO -   Created wheel for extract_trg: filename=extract_trg-0.1.0-py3-none-any.whl size=2219 sha256=974181afc555103e022e4d4fb72d1ee265d8a8bf91a6a61f8da8afbe4fe80c56
[2024-08-02T17:21:13.244+0900] {process_utils.py:191} INFO -   Stored in directory: /tmp/pip-ephem-wheel-cache-mkl7fl52/wheels/21/97/ea/e27bc4298590f1b8a2b9c46b60aefbe2e3076cf05f6bd5e464
[2024-08-02T17:21:13.245+0900] {process_utils.py:191} INFO - Successfully built extract_trg
[2024-08-02T17:21:13.254+0900] {process_utils.py:191} INFO - Installing collected packages: extract_trg
[2024-08-02T17:21:13.279+0900] {process_utils.py:191} INFO - Successfully installed extract_trg-0.1.0
[2024-08-02T17:21:13.284+0900] {process_utils.py:191} INFO - 
[2024-08-02T17:21:13.284+0900] {process_utils.py:191} INFO - [notice] A new release of pip is available: 24.1.2 -> 24.2
[2024-08-02T17:21:13.285+0900] {process_utils.py:191} INFO - [notice] To update, run: python -m pip install --upgrade pip
[2024-08-02T17:21:13.389+0900] {process_utils.py:183} INFO - Executing cmd: /tmp/venvvm1fb4b_/bin/python /tmp/venv-calllbks4ulm/script.py /tmp/venv-calllbks4ulm/script.in /tmp/venv-calllbks4ulm/script.out /tmp/venv-calllbks4ulm/string_args.txt /tmp/venv-calllbks4ulm/termination.log
[2024-08-02T17:21:13.389+0900] {process_utils.py:187} INFO - Output:
[2024-08-02T17:21:13.417+0900] {process_utils.py:191} INFO - 
[2024-08-02T17:21:13.417+0900] {process_utils.py:191} INFO - ---------------======---::::::------+--=======++++++++++===--:...::-=--==============--:.....:-=====
[2024-08-02T17:21:13.417+0900] {process_utils.py:191} INFO - ----::---------------------===--::--+-----=============++++++===---:....--===============--:...:-===
[2024-08-02T17:21:13.418+0900] {process_utils.py:191} INFO - ----------------------------------=++----------------------=+===========-::.:-======================
[2024-08-02T17:21:13.418+0900] {process_utils.py:191} INFO - =----------------------------------==-----------------------=-----==============================+=--
[2024-08-02T17:21:13.418+0900] {process_utils.py:191} INFO - %%####=----------------------------==----------------------=-::::-----======+*%#++================::
[2024-08-02T17:21:13.418+0900] {process_utils.py:191} INFO - %%%%%#=----------------------------=-:---------------------=--==--------=====*#*=================-::
[2024-08-02T17:21:13.418+0900] {process_utils.py:191} INFO - @@%%%*-----------------+***++=-----=-::-------------------:+---------=====+++====================-::
[2024-08-02T17:21:13.419+0900] {process_utils.py:191} INFO - @@%%%*---------------#%%%%##%%#=---=-+##*#+----------------=------------=====+====-=--===========-::
[2024-08-02T17:21:13.419+0900] {process_utils.py:191} INFO - @@@%%+--=+*%%%+-----+%@@%#++%%%#=--=*%+===#+::----------::=-----------=+*##*++=-----------=======-::
[2024-08-02T17:21:13.419+0900] {process_utils.py:191} INFO - +++++=-+#+***#*=-----#*++**+#@@@*--+#+**+***-:=-:---=*+-::=-----==+++*######%%%#=-------------==-:::
[2024-08-02T17:21:13.419+0900] {process_utils.py:191} INFO - *******-:::-*=-------+===+=-=+#%%:-=++++=+==-:=-:::=%%#-::###=-*#%%%%%%%%%%%%%%%%+---------------:::
[2024-08-02T17:21:13.419+0900] {process_utils.py:191} INFO - =====+=:--::+---+--+**++++*+++#%*-=--**++++-:=++=::+#*-::=%%%#*#%%%%%%%%@@%%%%@@%%#====------+#%%=-*
[2024-08-02T17:21:13.419+0900] {process_utils.py:191} INFO - =-==++---=+==*#%%%%%%=*++++++++==-=-*##*+=##**++=--++-:--*=-=*#%%%@%###*###*+++*%%%*=============-#%
[2024-08-02T17:21:13.420+0900] {process_utils.py:191} INFO - +-=------=*%%%%@%@@@@***=+*#+*##*#%%@@**++%@%%%%*+=--=-=+-:--:#%@@%#*****###*+---+*++#**===---=++*%@
[2024-08-02T17:21:13.420+0900] {process_utils.py:191} INFO - --==-::-*%%%@@@@@@@%#*=-+++%@%##%%@@@@@%#%@@@%%@%%%*=--=#%####-%@%%####++++++=---==++*####*+++*%@%@@
[2024-08-02T17:21:13.420+0900] {process_utils.py:191} INFO - -=*+=-=#@@@@@@@@@#*+++++*@@@@@@@@@@@@@@@@@@@@@@@@@@@#+==-+*+#=:-+#%##**==++**+++=====+*###*+**#@%##%
[2024-08-02T17:21:13.421+0900] {process_utils.py:191} INFO - -=++-+%%@%@@@@%+=-++***#@@@@@@@@@@@@%:+@@*%+=%@@@@@@%%#%%#*=+--:-=#++**%#*+=+++++===+**####=*%%%%%%%
[2024-08-02T17:21:13.421+0900] {process_utils.py:191} INFO - -=++#%%####+-:---=*%%@@%#######**++++=+++++++++%%=+%@@%##*+==-=++=+*****##*===+++++==*#####*+#%%##%%
[2024-08-02T17:21:13.421+0900] {process_utils.py:191} INFO - -=*+=---==+=-::::-*@@@%+=======++++++++++++++*#%#**%%%*==-+*=--+==*****#**+=====+++++=***+++=+==::::
[2024-08-02T17:21:13.421+0900] {process_utils.py:191} INFO - =#*=++++++*###**==*@@@%=======++++++++*@@@@@@@@%%#####-:=+----==******##****+++++***==-=+=:::.::::::
[2024-08-02T17:21:13.422+0900] {process_utils.py:191} INFO - #%*+*++++**##*###*+#@@#=========++++==*%%%%%%%%######*=-----==+*********##########*+====::::::::::::
[2024-08-02T17:21:13.422+0900] {process_utils.py:191} INFO - ++++*#%%@%*##*##***%@@*===============+%##%%######%%%%*==-===+*********+=+*#######*++++-:::--::-----
[2024-08-02T17:21:13.422+0900] {process_utils.py:191} INFO - ===+*#%@@%*##**#**+=--================+%%#%%###%#%%%%%#======*#######*-:-++*####*****++:------------
[2024-08-02T17:21:13.423+0900] {process_utils.py:191} INFO - =+=------=##**##**+=--================+%%#%%###%%#%%%%%+=====+###**++==----:-*####****=------==-====
[2024-08-02T17:21:13.423+0900] {process_utils.py:191} INFO - 
[2024-08-02T17:21:13.449+0900] {python.py:237} INFO - Done. Returned value was: None
[2024-08-02T17:21:13.449+0900] {taskinstance.py:441} INFO - ::group::Post task execution logs
[2024-08-02T17:21:13.453+0900] {taskinstance.py:1206} INFO - Marking task as SUCCESS. dag_id=movie, task_id=get.data, run_id=scheduled__2017-01-03T05:51:00+00:00, execution_date=20170103T055100, start_date=20240802T082106, end_date=20240802T082113
[2024-08-02T17:21:13.478+0900] {local_task_job_runner.py:243} INFO - Task exited with return code 0
[2024-08-02T17:21:13.492+0900] {taskinstance.py:3503} INFO - 0 downstream tasks scheduled from follow-on schedule check
[2024-08-02T17:21:13.492+0900] {local_task_job_runner.py:222} INFO - ::endgroup::
