[2024-08-02T17:41:33.667+0900] {local_task_job_runner.py:120} INFO - ::group::Pre task execution logs
[2024-08-02T17:41:33.689+0900] {taskinstance.py:2076} INFO - Dependencies all met for dep_context=non-requeueable deps ti=<TaskInstance: movie.extract scheduled__2017-01-05T05:16:00+00:00 [queued]>
[2024-08-02T17:41:33.696+0900] {taskinstance.py:2076} INFO - Dependencies all met for dep_context=requeueable deps ti=<TaskInstance: movie.extract scheduled__2017-01-05T05:16:00+00:00 [queued]>
[2024-08-02T17:41:33.696+0900] {taskinstance.py:2306} INFO - Starting attempt 1 of 3
[2024-08-02T17:41:33.711+0900] {taskinstance.py:2330} INFO - Executing <Task(PythonVirtualenvOperator): extract> on 2017-01-05 05:16:00+00:00
[2024-08-02T17:41:33.714+0900] {standard_task_runner.py:64} INFO - Started process 174116 to run task
[2024-08-02T17:41:33.718+0900] {standard_task_runner.py:90} INFO - Running: ['airflow', 'tasks', 'run', 'movie', 'extract', 'scheduled__2017-01-05T05:16:00+00:00', '--job-id', '294', '--raw', '--subdir', 'DAGS_FOLDER/movie.py', '--cfg-path', '/tmp/tmpaf7cizvn']
[2024-08-02T17:41:33.720+0900] {standard_task_runner.py:91} INFO - Job 294: Subtask extract
[2024-08-02T17:41:33.760+0900] {task_command.py:426} INFO - Running <TaskInstance: movie.extract scheduled__2017-01-05T05:16:00+00:00 [running]> on host playdata.
[2024-08-02T17:41:33.830+0900] {taskinstance.py:2648} INFO - Exporting env vars: AIRFLOW_CTX_DAG_OWNER='airflow' AIRFLOW_CTX_DAG_ID='movie' AIRFLOW_CTX_TASK_ID='extract' AIRFLOW_CTX_EXECUTION_DATE='2017-01-05T05:16:00+00:00' AIRFLOW_CTX_TRY_NUMBER='1' AIRFLOW_CTX_DAG_RUN_ID='scheduled__2017-01-05T05:16:00+00:00'
[2024-08-02T17:41:33.831+0900] {taskinstance.py:430} INFO - ::endgroup::
[2024-08-02T17:41:33.844+0900] {baseoperator.py:400} WARNING - PythonVirtualenvOperator.execute cannot be called outside TaskInstance!
[2024-08-02T17:41:33.844+0900] {process_utils.py:183} INFO - Executing cmd: /home/oddsummer/.pyenv/versions/3.11.9/envs/air/bin/python -m virtualenv /tmp/venvnn_a7b_s --python=python
[2024-08-02T17:41:33.845+0900] {process_utils.py:187} INFO - Output:
[2024-08-02T17:41:34.249+0900] {process_utils.py:191} INFO - created virtual environment CPython3.11.9.final.0-64 in 293ms
[2024-08-02T17:41:34.250+0900] {process_utils.py:191} INFO -   creator CPython3Posix(dest=/tmp/venvnn_a7b_s, clear=False, no_vcs_ignore=False, global=False)
[2024-08-02T17:41:34.250+0900] {process_utils.py:191} INFO -   seeder FromAppData(download=False, pip=bundle, setuptools=bundle, wheel=bundle, via=copy, app_data_dir=/home/oddsummer/.local/share/virtualenv)
[2024-08-02T17:41:34.250+0900] {process_utils.py:191} INFO -     added seed packages: pip==24.1.2, setuptools==70.2.0, wheel==0.43.0
[2024-08-02T17:41:34.251+0900] {process_utils.py:191} INFO -   activators BashActivator,CShellActivator,FishActivator,NushellActivator,PowerShellActivator,PythonActivator
[2024-08-02T17:41:34.277+0900] {process_utils.py:183} INFO - Executing cmd: /tmp/venvnn_a7b_s/bin/pip install -r /tmp/venvnn_a7b_s/requirements.txt
[2024-08-02T17:41:34.278+0900] {process_utils.py:187} INFO - Output:
[2024-08-02T17:41:35.281+0900] {process_utils.py:191} INFO - Collecting git+https://github.com/7-TRG/extract_trg.git@main (from -r /tmp/venvnn_a7b_s/requirements.txt (line 1))
[2024-08-02T17:41:35.282+0900] {process_utils.py:191} INFO -   Cloning https://github.com/7-TRG/extract_trg.git (to revision main) to /tmp/pip-req-build-oe0d32o4
[2024-08-02T17:41:35.284+0900] {process_utils.py:191} INFO -   Running command git clone --filter=blob:none --quiet https://github.com/7-TRG/extract_trg.git /tmp/pip-req-build-oe0d32o4
[2024-08-02T17:41:37.025+0900] {process_utils.py:191} INFO -   Resolved https://github.com/7-TRG/extract_trg.git to commit 0712b3f1bbaeeeea58bf80749079a62c7e1bec3d
[2024-08-02T17:41:37.033+0900] {process_utils.py:191} INFO -   Installing build dependencies: started
[2024-08-02T17:41:39.142+0900] {process_utils.py:191} INFO -   Installing build dependencies: finished with status 'done'
[2024-08-02T17:41:39.144+0900] {process_utils.py:191} INFO -   Getting requirements to build wheel: started
[2024-08-02T17:41:39.397+0900] {process_utils.py:191} INFO -   Getting requirements to build wheel: finished with status 'done'
[2024-08-02T17:41:39.398+0900] {process_utils.py:191} INFO -   Preparing metadata (pyproject.toml): started
[2024-08-02T17:41:39.641+0900] {process_utils.py:191} INFO -   Preparing metadata (pyproject.toml): finished with status 'done'
[2024-08-02T17:41:39.643+0900] {process_utils.py:191} INFO - Building wheels for collected packages: extract_trg
[2024-08-02T17:41:39.647+0900] {process_utils.py:191} INFO -   Building wheel for extract_trg (pyproject.toml): started
[2024-08-02T17:41:39.932+0900] {process_utils.py:191} INFO -   Building wheel for extract_trg (pyproject.toml): finished with status 'done'
[2024-08-02T17:41:39.933+0900] {process_utils.py:191} INFO -   Created wheel for extract_trg: filename=extract_trg-0.1.0-py3-none-any.whl size=2219 sha256=a58594b4e8854b6e57e9de153cae79f46cc6e480f0f6c5adc86e6ddc61f951c0
[2024-08-02T17:41:39.933+0900] {process_utils.py:191} INFO -   Stored in directory: /tmp/pip-ephem-wheel-cache-t6nu4dff/wheels/21/97/ea/e27bc4298590f1b8a2b9c46b60aefbe2e3076cf05f6bd5e464
[2024-08-02T17:41:39.935+0900] {process_utils.py:191} INFO - Successfully built extract_trg
[2024-08-02T17:41:39.946+0900] {process_utils.py:191} INFO - Installing collected packages: extract_trg
[2024-08-02T17:41:39.972+0900] {process_utils.py:191} INFO - Successfully installed extract_trg-0.1.0
[2024-08-02T17:41:39.978+0900] {process_utils.py:191} INFO - 
[2024-08-02T17:41:39.979+0900] {process_utils.py:191} INFO - [notice] A new release of pip is available: 24.1.2 -> 24.2
[2024-08-02T17:41:39.979+0900] {process_utils.py:191} INFO - [notice] To update, run: python -m pip install --upgrade pip
[2024-08-02T17:41:40.077+0900] {process_utils.py:183} INFO - Executing cmd: /tmp/venvnn_a7b_s/bin/python /tmp/venv-callsv4ppfnf/script.py /tmp/venv-callsv4ppfnf/script.in /tmp/venv-callsv4ppfnf/script.out /tmp/venv-callsv4ppfnf/string_args.txt /tmp/venv-callsv4ppfnf/termination.log
[2024-08-02T17:41:40.077+0900] {process_utils.py:187} INFO - Output:
[2024-08-02T17:41:40.098+0900] {process_utils.py:191} INFO - 
[2024-08-02T17:41:40.098+0900] {process_utils.py:191} INFO - ---------------======---::::::------+--=======++++++++++===--:...::-=--==============--:.....:-=====
[2024-08-02T17:41:40.099+0900] {process_utils.py:191} INFO - ----::---------------------===--::--+-----=============++++++===---:....--===============--:...:-===
[2024-08-02T17:41:40.099+0900] {process_utils.py:191} INFO - ----------------------------------=++----------------------=+===========-::.:-======================
[2024-08-02T17:41:40.099+0900] {process_utils.py:191} INFO - =----------------------------------==-----------------------=-----==============================+=--
[2024-08-02T17:41:40.099+0900] {process_utils.py:191} INFO - %%####=----------------------------==----------------------=-::::-----======+*%#++================::
[2024-08-02T17:41:40.100+0900] {process_utils.py:191} INFO - %%%%%#=----------------------------=-:---------------------=--==--------=====*#*=================-::
[2024-08-02T17:41:40.100+0900] {process_utils.py:191} INFO - @@%%%*-----------------+***++=-----=-::-------------------:+---------=====+++====================-::
[2024-08-02T17:41:40.100+0900] {process_utils.py:191} INFO - @@%%%*---------------#%%%%##%%#=---=-+##*#+----------------=------------=====+====-=--===========-::
[2024-08-02T17:41:40.100+0900] {process_utils.py:191} INFO - @@@%%+--=+*%%%+-----+%@@%#++%%%#=--=*%+===#+::----------::=-----------=+*##*++=-----------=======-::
[2024-08-02T17:41:40.100+0900] {process_utils.py:191} INFO - +++++=-+#+***#*=-----#*++**+#@@@*--+#+**+***-:=-:---=*+-::=-----==+++*######%%%#=-------------==-:::
[2024-08-02T17:41:40.101+0900] {process_utils.py:191} INFO - *******-:::-*=-------+===+=-=+#%%:-=++++=+==-:=-:::=%%#-::###=-*#%%%%%%%%%%%%%%%%+---------------:::
[2024-08-02T17:41:40.101+0900] {process_utils.py:191} INFO - =====+=:--::+---+--+**++++*+++#%*-=--**++++-:=++=::+#*-::=%%%#*#%%%%%%%%@@%%%%@@%%#====------+#%%=-*
[2024-08-02T17:41:40.101+0900] {process_utils.py:191} INFO - =-==++---=+==*#%%%%%%=*++++++++==-=-*##*+=##**++=--++-:--*=-=*#%%%@%###*###*+++*%%%*=============-#%
[2024-08-02T17:41:40.101+0900] {process_utils.py:191} INFO - +-=------=*%%%%@%@@@@***=+*#+*##*#%%@@**++%@%%%%*+=--=-=+-:--:#%@@%#*****###*+---+*++#**===---=++*%@
[2024-08-02T17:41:40.101+0900] {process_utils.py:191} INFO - --==-::-*%%%@@@@@@@%#*=-+++%@%##%%@@@@@%#%@@@%%@%%%*=--=#%####-%@%%####++++++=---==++*####*+++*%@%@@
[2024-08-02T17:41:40.102+0900] {process_utils.py:191} INFO - -=*+=-=#@@@@@@@@@#*+++++*@@@@@@@@@@@@@@@@@@@@@@@@@@@#+==-+*+#=:-+#%##**==++**+++=====+*###*+**#@%##%
[2024-08-02T17:41:40.102+0900] {process_utils.py:191} INFO - -=++-+%%@%@@@@%+=-++***#@@@@@@@@@@@@%:+@@*%+=%@@@@@@%%#%%#*=+--:-=#++**%#*+=+++++===+**####=*%%%%%%%
[2024-08-02T17:41:40.102+0900] {process_utils.py:191} INFO - -=++#%%####+-:---=*%%@@%#######**++++=+++++++++%%=+%@@%##*+==-=++=+*****##*===+++++==*#####*+#%%##%%
[2024-08-02T17:41:40.102+0900] {process_utils.py:191} INFO - -=*+=---==+=-::::-*@@@%+=======++++++++++++++*#%#**%%%*==-+*=--+==*****#**+=====+++++=***+++=+==::::
[2024-08-02T17:41:40.102+0900] {process_utils.py:191} INFO - =#*=++++++*###**==*@@@%=======++++++++*@@@@@@@@%%#####-:=+----==******##****+++++***==-=+=:::.::::::
[2024-08-02T17:41:40.102+0900] {process_utils.py:191} INFO - #%*+*++++**##*###*+#@@#=========++++==*%%%%%%%%######*=-----==+*********##########*+====::::::::::::
[2024-08-02T17:41:40.103+0900] {process_utils.py:191} INFO - ++++*#%%@%*##*##***%@@*===============+%##%%######%%%%*==-===+*********+=+*#######*++++-:::--::-----
[2024-08-02T17:41:40.103+0900] {process_utils.py:191} INFO - ===+*#%@@%*##**#**+=--================+%%#%%###%#%%%%%#======*#######*-:-++*####*****++:------------
[2024-08-02T17:41:40.103+0900] {process_utils.py:191} INFO - =+=------=##**##**+=--================+%%#%%###%%#%%%%%+=====+###**++==----:-*####****=------==-====
[2024-08-02T17:41:40.103+0900] {process_utils.py:191} INFO - 
[2024-08-02T17:41:40.125+0900] {python.py:237} INFO - Done. Returned value was: None
[2024-08-02T17:41:40.125+0900] {taskinstance.py:441} INFO - ::group::Post task execution logs
[2024-08-02T17:41:40.130+0900] {taskinstance.py:1206} INFO - Marking task as SUCCESS. dag_id=movie, task_id=extract, run_id=scheduled__2017-01-05T05:16:00+00:00, execution_date=20170105T051600, start_date=20240802T084133, end_date=20240802T084140
[2024-08-02T17:41:40.183+0900] {local_task_job_runner.py:243} INFO - Task exited with return code 0
[2024-08-02T17:41:40.208+0900] {taskinstance.py:3503} INFO - 1 downstream tasks scheduled from follow-on schedule check
[2024-08-02T17:41:40.216+0900] {local_task_job_runner.py:222} INFO - ::endgroup::
