[2024-08-02T17:34:19.167+0900] {local_task_job_runner.py:120} INFO - ::group::Pre task execution logs
[2024-08-02T17:34:19.187+0900] {taskinstance.py:2076} INFO - Dependencies all met for dep_context=non-requeueable deps ti=<TaskInstance: movie.get.data scheduled__2017-01-04T05:59:00+00:00 [queued]>
[2024-08-02T17:34:19.193+0900] {taskinstance.py:2076} INFO - Dependencies all met for dep_context=requeueable deps ti=<TaskInstance: movie.get.data scheduled__2017-01-04T05:59:00+00:00 [queued]>
[2024-08-02T17:34:19.194+0900] {taskinstance.py:2306} INFO - Starting attempt 1 of 3
[2024-08-02T17:34:19.209+0900] {taskinstance.py:2330} INFO - Executing <Task(PythonVirtualenvOperator): get.data> on 2017-01-04 05:59:00+00:00
[2024-08-02T17:34:19.212+0900] {standard_task_runner.py:64} INFO - Started process 167875 to run task
[2024-08-02T17:34:19.216+0900] {standard_task_runner.py:90} INFO - Running: ['airflow', 'tasks', 'run', 'movie', 'get.data', 'scheduled__2017-01-04T05:59:00+00:00', '--job-id', '250', '--raw', '--subdir', 'DAGS_FOLDER/movie.py', '--cfg-path', '/tmp/tmp4883ncee']
[2024-08-02T17:34:19.218+0900] {standard_task_runner.py:91} INFO - Job 250: Subtask get.data
[2024-08-02T17:34:19.261+0900] {task_command.py:426} INFO - Running <TaskInstance: movie.get.data scheduled__2017-01-04T05:59:00+00:00 [running]> on host playdata.
[2024-08-02T17:34:19.335+0900] {taskinstance.py:2648} INFO - Exporting env vars: AIRFLOW_CTX_DAG_OWNER='airflow' AIRFLOW_CTX_DAG_ID='movie' AIRFLOW_CTX_TASK_ID='get.data' AIRFLOW_CTX_EXECUTION_DATE='2017-01-04T05:59:00+00:00' AIRFLOW_CTX_TRY_NUMBER='1' AIRFLOW_CTX_DAG_RUN_ID='scheduled__2017-01-04T05:59:00+00:00'
[2024-08-02T17:34:19.335+0900] {taskinstance.py:430} INFO - ::endgroup::
[2024-08-02T17:34:19.346+0900] {baseoperator.py:400} WARNING - PythonVirtualenvOperator.execute cannot be called outside TaskInstance!
[2024-08-02T17:34:19.347+0900] {process_utils.py:183} INFO - Executing cmd: /home/oddsummer/.pyenv/versions/3.11.9/envs/air/bin/python -m virtualenv /tmp/venv6c8aifqa --python=python
[2024-08-02T17:34:19.348+0900] {process_utils.py:187} INFO - Output:
[2024-08-02T17:34:19.701+0900] {process_utils.py:191} INFO - created virtual environment CPython3.11.9.final.0-64 in 242ms
[2024-08-02T17:34:19.702+0900] {process_utils.py:191} INFO -   creator CPython3Posix(dest=/tmp/venv6c8aifqa, clear=False, no_vcs_ignore=False, global=False)
[2024-08-02T17:34:19.702+0900] {process_utils.py:191} INFO -   seeder FromAppData(download=False, pip=bundle, setuptools=bundle, wheel=bundle, via=copy, app_data_dir=/home/oddsummer/.local/share/virtualenv)
[2024-08-02T17:34:19.703+0900] {process_utils.py:191} INFO -     added seed packages: pip==24.1.2, setuptools==70.2.0, wheel==0.43.0
[2024-08-02T17:34:19.703+0900] {process_utils.py:191} INFO -   activators BashActivator,CShellActivator,FishActivator,NushellActivator,PowerShellActivator,PythonActivator
[2024-08-02T17:34:19.728+0900] {process_utils.py:183} INFO - Executing cmd: /tmp/venv6c8aifqa/bin/pip install -r /tmp/venv6c8aifqa/requirements.txt
[2024-08-02T17:34:19.729+0900] {process_utils.py:187} INFO - Output:
[2024-08-02T17:34:20.642+0900] {process_utils.py:191} INFO - Collecting git+https://github.com/7-TRG/extract_trg.git@main (from -r /tmp/venv6c8aifqa/requirements.txt (line 1))
[2024-08-02T17:34:20.643+0900] {process_utils.py:191} INFO -   Cloning https://github.com/7-TRG/extract_trg.git (to revision main) to /tmp/pip-req-build-5ezknlru
[2024-08-02T17:34:20.645+0900] {process_utils.py:191} INFO -   Running command git clone --filter=blob:none --quiet https://github.com/7-TRG/extract_trg.git /tmp/pip-req-build-5ezknlru
[2024-08-02T17:34:22.333+0900] {process_utils.py:191} INFO -   Resolved https://github.com/7-TRG/extract_trg.git to commit 0712b3f1bbaeeeea58bf80749079a62c7e1bec3d
[2024-08-02T17:34:22.339+0900] {process_utils.py:191} INFO -   Installing build dependencies: started
[2024-08-02T17:34:24.108+0900] {process_utils.py:191} INFO -   Installing build dependencies: finished with status 'done'
[2024-08-02T17:34:24.109+0900] {process_utils.py:191} INFO -   Getting requirements to build wheel: started
[2024-08-02T17:34:24.356+0900] {process_utils.py:191} INFO -   Getting requirements to build wheel: finished with status 'done'
[2024-08-02T17:34:24.357+0900] {process_utils.py:191} INFO -   Preparing metadata (pyproject.toml): started
[2024-08-02T17:34:24.611+0900] {process_utils.py:191} INFO -   Preparing metadata (pyproject.toml): finished with status 'done'
[2024-08-02T17:34:24.614+0900] {process_utils.py:191} INFO - Building wheels for collected packages: extract_trg
[2024-08-02T17:34:24.618+0900] {process_utils.py:191} INFO -   Building wheel for extract_trg (pyproject.toml): started
[2024-08-02T17:34:24.886+0900] {process_utils.py:191} INFO -   Building wheel for extract_trg (pyproject.toml): finished with status 'done'
[2024-08-02T17:34:24.887+0900] {process_utils.py:191} INFO -   Created wheel for extract_trg: filename=extract_trg-0.1.0-py3-none-any.whl size=2219 sha256=8625747e86087148e1504c682b6f0582c12123f29b06a316efdfae701206391e
[2024-08-02T17:34:24.887+0900] {process_utils.py:191} INFO -   Stored in directory: /tmp/pip-ephem-wheel-cache-1clyh0d3/wheels/21/97/ea/e27bc4298590f1b8a2b9c46b60aefbe2e3076cf05f6bd5e464
[2024-08-02T17:34:24.889+0900] {process_utils.py:191} INFO - Successfully built extract_trg
[2024-08-02T17:34:24.897+0900] {process_utils.py:191} INFO - Installing collected packages: extract_trg
[2024-08-02T17:34:24.912+0900] {process_utils.py:191} INFO - Successfully installed extract_trg-0.1.0
[2024-08-02T17:34:24.918+0900] {process_utils.py:191} INFO - 
[2024-08-02T17:34:24.918+0900] {process_utils.py:191} INFO - [notice] A new release of pip is available: 24.1.2 -> 24.2
[2024-08-02T17:34:24.918+0900] {process_utils.py:191} INFO - [notice] To update, run: python -m pip install --upgrade pip
[2024-08-02T17:34:25.016+0900] {process_utils.py:183} INFO - Executing cmd: /tmp/venv6c8aifqa/bin/python /tmp/venv-callicsgqjqf/script.py /tmp/venv-callicsgqjqf/script.in /tmp/venv-callicsgqjqf/script.out /tmp/venv-callicsgqjqf/string_args.txt /tmp/venv-callicsgqjqf/termination.log
[2024-08-02T17:34:25.016+0900] {process_utils.py:187} INFO - Output:
[2024-08-02T17:34:25.035+0900] {process_utils.py:191} INFO - 
[2024-08-02T17:34:25.036+0900] {process_utils.py:191} INFO - ---------------======---::::::------+--=======++++++++++===--:...::-=--==============--:.....:-=====
[2024-08-02T17:34:25.036+0900] {process_utils.py:191} INFO - ----::---------------------===--::--+-----=============++++++===---:....--===============--:...:-===
[2024-08-02T17:34:25.037+0900] {process_utils.py:191} INFO - ----------------------------------=++----------------------=+===========-::.:-======================
[2024-08-02T17:34:25.037+0900] {process_utils.py:191} INFO - =----------------------------------==-----------------------=-----==============================+=--
[2024-08-02T17:34:25.037+0900] {process_utils.py:191} INFO - %%####=----------------------------==----------------------=-::::-----======+*%#++================::
[2024-08-02T17:34:25.037+0900] {process_utils.py:191} INFO - %%%%%#=----------------------------=-:---------------------=--==--------=====*#*=================-::
[2024-08-02T17:34:25.038+0900] {process_utils.py:191} INFO - @@%%%*-----------------+***++=-----=-::-------------------:+---------=====+++====================-::
[2024-08-02T17:34:25.038+0900] {process_utils.py:191} INFO - @@%%%*---------------#%%%%##%%#=---=-+##*#+----------------=------------=====+====-=--===========-::
[2024-08-02T17:34:25.038+0900] {process_utils.py:191} INFO - @@@%%+--=+*%%%+-----+%@@%#++%%%#=--=*%+===#+::----------::=-----------=+*##*++=-----------=======-::
[2024-08-02T17:34:25.038+0900] {process_utils.py:191} INFO - +++++=-+#+***#*=-----#*++**+#@@@*--+#+**+***-:=-:---=*+-::=-----==+++*######%%%#=-------------==-:::
[2024-08-02T17:34:25.039+0900] {process_utils.py:191} INFO - *******-:::-*=-------+===+=-=+#%%:-=++++=+==-:=-:::=%%#-::###=-*#%%%%%%%%%%%%%%%%+---------------:::
[2024-08-02T17:34:25.039+0900] {process_utils.py:191} INFO - =====+=:--::+---+--+**++++*+++#%*-=--**++++-:=++=::+#*-::=%%%#*#%%%%%%%%@@%%%%@@%%#====------+#%%=-*
[2024-08-02T17:34:25.039+0900] {process_utils.py:191} INFO - =-==++---=+==*#%%%%%%=*++++++++==-=-*##*+=##**++=--++-:--*=-=*#%%%@%###*###*+++*%%%*=============-#%
[2024-08-02T17:34:25.039+0900] {process_utils.py:191} INFO - +-=------=*%%%%@%@@@@***=+*#+*##*#%%@@**++%@%%%%*+=--=-=+-:--:#%@@%#*****###*+---+*++#**===---=++*%@
[2024-08-02T17:34:25.039+0900] {process_utils.py:191} INFO - --==-::-*%%%@@@@@@@%#*=-+++%@%##%%@@@@@%#%@@@%%@%%%*=--=#%####-%@%%####++++++=---==++*####*+++*%@%@@
[2024-08-02T17:34:25.040+0900] {process_utils.py:191} INFO - -=*+=-=#@@@@@@@@@#*+++++*@@@@@@@@@@@@@@@@@@@@@@@@@@@#+==-+*+#=:-+#%##**==++**+++=====+*###*+**#@%##%
[2024-08-02T17:34:25.040+0900] {process_utils.py:191} INFO - -=++-+%%@%@@@@%+=-++***#@@@@@@@@@@@@%:+@@*%+=%@@@@@@%%#%%#*=+--:-=#++**%#*+=+++++===+**####=*%%%%%%%
[2024-08-02T17:34:25.040+0900] {process_utils.py:191} INFO - -=++#%%####+-:---=*%%@@%#######**++++=+++++++++%%=+%@@%##*+==-=++=+*****##*===+++++==*#####*+#%%##%%
[2024-08-02T17:34:25.040+0900] {process_utils.py:191} INFO - -=*+=---==+=-::::-*@@@%+=======++++++++++++++*#%#**%%%*==-+*=--+==*****#**+=====+++++=***+++=+==::::
[2024-08-02T17:34:25.040+0900] {process_utils.py:191} INFO - =#*=++++++*###**==*@@@%=======++++++++*@@@@@@@@%%#####-:=+----==******##****+++++***==-=+=:::.::::::
[2024-08-02T17:34:25.041+0900] {process_utils.py:191} INFO - #%*+*++++**##*###*+#@@#=========++++==*%%%%%%%%######*=-----==+*********##########*+====::::::::::::
[2024-08-02T17:34:25.041+0900] {process_utils.py:191} INFO - ++++*#%%@%*##*##***%@@*===============+%##%%######%%%%*==-===+*********+=+*#######*++++-:::--::-----
[2024-08-02T17:34:25.041+0900] {process_utils.py:191} INFO - ===+*#%@@%*##**#**+=--================+%%#%%###%#%%%%%#======*#######*-:-++*####*****++:------------
[2024-08-02T17:34:25.041+0900] {process_utils.py:191} INFO - =+=------=##**##**+=--================+%%#%%###%%#%%%%%+=====+###**++==----:-*####****=------==-====
[2024-08-02T17:34:25.041+0900] {process_utils.py:191} INFO - 
[2024-08-02T17:34:25.065+0900] {python.py:237} INFO - Done. Returned value was: None
[2024-08-02T17:34:25.065+0900] {taskinstance.py:441} INFO - ::group::Post task execution logs
[2024-08-02T17:34:25.070+0900] {taskinstance.py:1206} INFO - Marking task as SUCCESS. dag_id=movie, task_id=get.data, run_id=scheduled__2017-01-04T05:59:00+00:00, execution_date=20170104T055900, start_date=20240802T083419, end_date=20240802T083425
[2024-08-02T17:34:25.116+0900] {local_task_job_runner.py:243} INFO - Task exited with return code 0
[2024-08-02T17:34:25.128+0900] {taskinstance.py:3503} INFO - 0 downstream tasks scheduled from follow-on schedule check
[2024-08-02T17:34:25.128+0900] {local_task_job_runner.py:222} INFO - ::endgroup::
