[2024-08-02T17:36:19.726+0900] {local_task_job_runner.py:120} INFO - ::group::Pre task execution logs
[2024-08-02T17:36:19.752+0900] {taskinstance.py:2076} INFO - Dependencies all met for dep_context=non-requeueable deps ti=<TaskInstance: movie.extract scheduled__2017-01-05T05:05:00+00:00 [queued]>
[2024-08-02T17:36:19.761+0900] {taskinstance.py:2076} INFO - Dependencies all met for dep_context=requeueable deps ti=<TaskInstance: movie.extract scheduled__2017-01-05T05:05:00+00:00 [queued]>
[2024-08-02T17:36:19.761+0900] {taskinstance.py:2306} INFO - Starting attempt 1 of 3
[2024-08-02T17:36:19.781+0900] {taskinstance.py:2330} INFO - Executing <Task(PythonVirtualenvOperator): extract> on 2017-01-05 05:05:00+00:00
[2024-08-02T17:36:19.783+0900] {standard_task_runner.py:64} INFO - Started process 170157 to run task
[2024-08-02T17:36:19.786+0900] {standard_task_runner.py:90} INFO - Running: ['airflow', 'tasks', 'run', 'movie', 'extract', 'scheduled__2017-01-05T05:05:00+00:00', '--job-id', '261', '--raw', '--subdir', 'DAGS_FOLDER/movie.py', '--cfg-path', '/tmp/tmp0hvx2p5v']
[2024-08-02T17:36:19.788+0900] {standard_task_runner.py:91} INFO - Job 261: Subtask extract
[2024-08-02T17:36:19.828+0900] {task_command.py:426} INFO - Running <TaskInstance: movie.extract scheduled__2017-01-05T05:05:00+00:00 [running]> on host playdata.
[2024-08-02T17:36:19.898+0900] {taskinstance.py:2648} INFO - Exporting env vars: AIRFLOW_CTX_DAG_OWNER='airflow' AIRFLOW_CTX_DAG_ID='movie' AIRFLOW_CTX_TASK_ID='extract' AIRFLOW_CTX_EXECUTION_DATE='2017-01-05T05:05:00+00:00' AIRFLOW_CTX_TRY_NUMBER='1' AIRFLOW_CTX_DAG_RUN_ID='scheduled__2017-01-05T05:05:00+00:00'
[2024-08-02T17:36:19.899+0900] {taskinstance.py:430} INFO - ::endgroup::
[2024-08-02T17:36:19.911+0900] {baseoperator.py:400} WARNING - PythonVirtualenvOperator.execute cannot be called outside TaskInstance!
[2024-08-02T17:36:19.912+0900] {process_utils.py:183} INFO - Executing cmd: /home/oddsummer/.pyenv/versions/3.11.9/envs/air/bin/python -m virtualenv /tmp/venvkb78v0ff --python=python
[2024-08-02T17:36:19.912+0900] {process_utils.py:187} INFO - Output:
[2024-08-02T17:36:20.328+0900] {process_utils.py:191} INFO - created virtual environment CPython3.11.9.final.0-64 in 304ms
[2024-08-02T17:36:20.329+0900] {process_utils.py:191} INFO -   creator CPython3Posix(dest=/tmp/venvkb78v0ff, clear=False, no_vcs_ignore=False, global=False)
[2024-08-02T17:36:20.329+0900] {process_utils.py:191} INFO -   seeder FromAppData(download=False, pip=bundle, setuptools=bundle, wheel=bundle, via=copy, app_data_dir=/home/oddsummer/.local/share/virtualenv)
[2024-08-02T17:36:20.329+0900] {process_utils.py:191} INFO -     added seed packages: pip==24.1.2, setuptools==70.2.0, wheel==0.43.0
[2024-08-02T17:36:20.330+0900] {process_utils.py:191} INFO -   activators BashActivator,CShellActivator,FishActivator,NushellActivator,PowerShellActivator,PythonActivator
[2024-08-02T17:36:20.355+0900] {process_utils.py:183} INFO - Executing cmd: /tmp/venvkb78v0ff/bin/pip install -r /tmp/venvkb78v0ff/requirements.txt
[2024-08-02T17:36:20.356+0900] {process_utils.py:187} INFO - Output:
[2024-08-02T17:36:21.303+0900] {process_utils.py:191} INFO - Collecting git+https://github.com/7-TRG/extract_trg.git@main (from -r /tmp/venvkb78v0ff/requirements.txt (line 1))
[2024-08-02T17:36:21.303+0900] {process_utils.py:191} INFO -   Cloning https://github.com/7-TRG/extract_trg.git (to revision main) to /tmp/pip-req-build-hhu5vfj4
[2024-08-02T17:36:21.306+0900] {process_utils.py:191} INFO -   Running command git clone --filter=blob:none --quiet https://github.com/7-TRG/extract_trg.git /tmp/pip-req-build-hhu5vfj4
[2024-08-02T17:36:22.887+0900] {process_utils.py:191} INFO -   Resolved https://github.com/7-TRG/extract_trg.git to commit 0712b3f1bbaeeeea58bf80749079a62c7e1bec3d
[2024-08-02T17:36:22.892+0900] {process_utils.py:191} INFO -   Installing build dependencies: started
[2024-08-02T17:36:24.721+0900] {process_utils.py:191} INFO -   Installing build dependencies: finished with status 'done'
[2024-08-02T17:36:24.723+0900] {process_utils.py:191} INFO -   Getting requirements to build wheel: started
[2024-08-02T17:36:24.972+0900] {process_utils.py:191} INFO -   Getting requirements to build wheel: finished with status 'done'
[2024-08-02T17:36:24.973+0900] {process_utils.py:191} INFO -   Preparing metadata (pyproject.toml): started
[2024-08-02T17:36:25.235+0900] {process_utils.py:191} INFO -   Preparing metadata (pyproject.toml): finished with status 'done'
[2024-08-02T17:36:25.237+0900] {process_utils.py:191} INFO - Building wheels for collected packages: extract_trg
[2024-08-02T17:36:25.241+0900] {process_utils.py:191} INFO -   Building wheel for extract_trg (pyproject.toml): started
[2024-08-02T17:36:25.546+0900] {process_utils.py:191} INFO -   Building wheel for extract_trg (pyproject.toml): finished with status 'done'
[2024-08-02T17:36:25.547+0900] {process_utils.py:191} INFO -   Created wheel for extract_trg: filename=extract_trg-0.1.0-py3-none-any.whl size=2219 sha256=0d5e2127657dc341d83adc7b375f50be5788f89ddc8d9fbd5f019490dcaa9a7d
[2024-08-02T17:36:25.548+0900] {process_utils.py:191} INFO -   Stored in directory: /tmp/pip-ephem-wheel-cache-7siozh5y/wheels/21/97/ea/e27bc4298590f1b8a2b9c46b60aefbe2e3076cf05f6bd5e464
[2024-08-02T17:36:25.551+0900] {process_utils.py:191} INFO - Successfully built extract_trg
[2024-08-02T17:36:25.566+0900] {process_utils.py:191} INFO - Installing collected packages: extract_trg
[2024-08-02T17:36:25.587+0900] {process_utils.py:191} INFO - Successfully installed extract_trg-0.1.0
[2024-08-02T17:36:25.596+0900] {process_utils.py:191} INFO - 
[2024-08-02T17:36:25.596+0900] {process_utils.py:191} INFO - [notice] A new release of pip is available: 24.1.2 -> 24.2
[2024-08-02T17:36:25.597+0900] {process_utils.py:191} INFO - [notice] To update, run: python -m pip install --upgrade pip
[2024-08-02T17:36:25.719+0900] {process_utils.py:183} INFO - Executing cmd: /tmp/venvkb78v0ff/bin/python /tmp/venv-callg4j72kg3/script.py /tmp/venv-callg4j72kg3/script.in /tmp/venv-callg4j72kg3/script.out /tmp/venv-callg4j72kg3/string_args.txt /tmp/venv-callg4j72kg3/termination.log
[2024-08-02T17:36:25.719+0900] {process_utils.py:187} INFO - Output:
[2024-08-02T17:36:25.738+0900] {process_utils.py:191} INFO - 
[2024-08-02T17:36:25.739+0900] {process_utils.py:191} INFO - ---------------======---::::::------+--=======++++++++++===--:...::-=--==============--:.....:-=====
[2024-08-02T17:36:25.739+0900] {process_utils.py:191} INFO - ----::---------------------===--::--+-----=============++++++===---:....--===============--:...:-===
[2024-08-02T17:36:25.739+0900] {process_utils.py:191} INFO - ----------------------------------=++----------------------=+===========-::.:-======================
[2024-08-02T17:36:25.739+0900] {process_utils.py:191} INFO - =----------------------------------==-----------------------=-----==============================+=--
[2024-08-02T17:36:25.740+0900] {process_utils.py:191} INFO - %%####=----------------------------==----------------------=-::::-----======+*%#++================::
[2024-08-02T17:36:25.740+0900] {process_utils.py:191} INFO - %%%%%#=----------------------------=-:---------------------=--==--------=====*#*=================-::
[2024-08-02T17:36:25.740+0900] {process_utils.py:191} INFO - @@%%%*-----------------+***++=-----=-::-------------------:+---------=====+++====================-::
[2024-08-02T17:36:25.740+0900] {process_utils.py:191} INFO - @@%%%*---------------#%%%%##%%#=---=-+##*#+----------------=------------=====+====-=--===========-::
[2024-08-02T17:36:25.741+0900] {process_utils.py:191} INFO - @@@%%+--=+*%%%+-----+%@@%#++%%%#=--=*%+===#+::----------::=-----------=+*##*++=-----------=======-::
[2024-08-02T17:36:25.741+0900] {process_utils.py:191} INFO - +++++=-+#+***#*=-----#*++**+#@@@*--+#+**+***-:=-:---=*+-::=-----==+++*######%%%#=-------------==-:::
[2024-08-02T17:36:25.741+0900] {process_utils.py:191} INFO - *******-:::-*=-------+===+=-=+#%%:-=++++=+==-:=-:::=%%#-::###=-*#%%%%%%%%%%%%%%%%+---------------:::
[2024-08-02T17:36:25.741+0900] {process_utils.py:191} INFO - =====+=:--::+---+--+**++++*+++#%*-=--**++++-:=++=::+#*-::=%%%#*#%%%%%%%%@@%%%%@@%%#====------+#%%=-*
[2024-08-02T17:36:25.741+0900] {process_utils.py:191} INFO - =-==++---=+==*#%%%%%%=*++++++++==-=-*##*+=##**++=--++-:--*=-=*#%%%@%###*###*+++*%%%*=============-#%
[2024-08-02T17:36:25.742+0900] {process_utils.py:191} INFO - +-=------=*%%%%@%@@@@***=+*#+*##*#%%@@**++%@%%%%*+=--=-=+-:--:#%@@%#*****###*+---+*++#**===---=++*%@
[2024-08-02T17:36:25.742+0900] {process_utils.py:191} INFO - --==-::-*%%%@@@@@@@%#*=-+++%@%##%%@@@@@%#%@@@%%@%%%*=--=#%####-%@%%####++++++=---==++*####*+++*%@%@@
[2024-08-02T17:36:25.742+0900] {process_utils.py:191} INFO - -=*+=-=#@@@@@@@@@#*+++++*@@@@@@@@@@@@@@@@@@@@@@@@@@@#+==-+*+#=:-+#%##**==++**+++=====+*###*+**#@%##%
[2024-08-02T17:36:25.742+0900] {process_utils.py:191} INFO - -=++-+%%@%@@@@%+=-++***#@@@@@@@@@@@@%:+@@*%+=%@@@@@@%%#%%#*=+--:-=#++**%#*+=+++++===+**####=*%%%%%%%
[2024-08-02T17:36:25.742+0900] {process_utils.py:191} INFO - -=++#%%####+-:---=*%%@@%#######**++++=+++++++++%%=+%@@%##*+==-=++=+*****##*===+++++==*#####*+#%%##%%
[2024-08-02T17:36:25.742+0900] {process_utils.py:191} INFO - -=*+=---==+=-::::-*@@@%+=======++++++++++++++*#%#**%%%*==-+*=--+==*****#**+=====+++++=***+++=+==::::
[2024-08-02T17:36:25.743+0900] {process_utils.py:191} INFO - =#*=++++++*###**==*@@@%=======++++++++*@@@@@@@@%%#####-:=+----==******##****+++++***==-=+=:::.::::::
[2024-08-02T17:36:25.743+0900] {process_utils.py:191} INFO - #%*+*++++**##*###*+#@@#=========++++==*%%%%%%%%######*=-----==+*********##########*+====::::::::::::
[2024-08-02T17:36:25.743+0900] {process_utils.py:191} INFO - ++++*#%%@%*##*##***%@@*===============+%##%%######%%%%*==-===+*********+=+*#######*++++-:::--::-----
[2024-08-02T17:36:25.743+0900] {process_utils.py:191} INFO - ===+*#%@@%*##**#**+=--================+%%#%%###%#%%%%%#======*#######*-:-++*####*****++:------------
[2024-08-02T17:36:25.743+0900] {process_utils.py:191} INFO - =+=------=##**##**+=--================+%%#%%###%%#%%%%%+=====+###**++==----:-*####****=------==-====
[2024-08-02T17:36:25.743+0900] {process_utils.py:191} INFO - 
[2024-08-02T17:36:25.765+0900] {python.py:237} INFO - Done. Returned value was: None
[2024-08-02T17:36:25.765+0900] {taskinstance.py:441} INFO - ::group::Post task execution logs
[2024-08-02T17:36:25.769+0900] {taskinstance.py:1206} INFO - Marking task as SUCCESS. dag_id=movie, task_id=extract, run_id=scheduled__2017-01-05T05:05:00+00:00, execution_date=20170105T050500, start_date=20240802T083619, end_date=20240802T083625
[2024-08-02T17:36:25.848+0900] {local_task_job_runner.py:243} INFO - Task exited with return code 0
[2024-08-02T17:36:25.873+0900] {taskinstance.py:3503} INFO - 1 downstream tasks scheduled from follow-on schedule check
[2024-08-02T17:36:25.879+0900] {local_task_job_runner.py:222} INFO - ::endgroup::
