[2024-08-02T17:20:54.374+0900] {local_task_job_runner.py:120} INFO - ::group::Pre task execution logs
[2024-08-02T17:20:54.397+0900] {taskinstance.py:2076} INFO - Dependencies all met for dep_context=non-requeueable deps ti=<TaskInstance: movie.get.data scheduled__2017-01-03T05:50:00+00:00 [queued]>
[2024-08-02T17:20:54.403+0900] {taskinstance.py:2076} INFO - Dependencies all met for dep_context=requeueable deps ti=<TaskInstance: movie.get.data scheduled__2017-01-03T05:50:00+00:00 [queued]>
[2024-08-02T17:20:54.403+0900] {taskinstance.py:2306} INFO - Starting attempt 1 of 3
[2024-08-02T17:20:54.419+0900] {taskinstance.py:2330} INFO - Executing <Task(PythonVirtualenvOperator): get.data> on 2017-01-03 05:50:00+00:00
[2024-08-02T17:20:54.421+0900] {standard_task_runner.py:64} INFO - Started process 161547 to run task
[2024-08-02T17:20:54.425+0900] {standard_task_runner.py:90} INFO - Running: ['airflow', 'tasks', 'run', 'movie', 'get.data', 'scheduled__2017-01-03T05:50:00+00:00', '--job-id', '181', '--raw', '--subdir', 'DAGS_FOLDER/movie.py', '--cfg-path', '/tmp/tmpiu8g4y1d']
[2024-08-02T17:20:54.427+0900] {standard_task_runner.py:91} INFO - Job 181: Subtask get.data
[2024-08-02T17:20:54.468+0900] {task_command.py:426} INFO - Running <TaskInstance: movie.get.data scheduled__2017-01-03T05:50:00+00:00 [running]> on host playdata.
[2024-08-02T17:20:54.551+0900] {taskinstance.py:2648} INFO - Exporting env vars: AIRFLOW_CTX_DAG_OWNER='airflow' AIRFLOW_CTX_DAG_ID='movie' AIRFLOW_CTX_TASK_ID='get.data' AIRFLOW_CTX_EXECUTION_DATE='2017-01-03T05:50:00+00:00' AIRFLOW_CTX_TRY_NUMBER='1' AIRFLOW_CTX_DAG_RUN_ID='scheduled__2017-01-03T05:50:00+00:00'
[2024-08-02T17:20:54.552+0900] {taskinstance.py:430} INFO - ::endgroup::
[2024-08-02T17:20:54.564+0900] {baseoperator.py:400} WARNING - PythonVirtualenvOperator.execute cannot be called outside TaskInstance!
[2024-08-02T17:20:54.565+0900] {process_utils.py:183} INFO - Executing cmd: /home/oddsummer/.pyenv/versions/3.11.9/envs/air/bin/python -m virtualenv /tmp/venv1b7qp0v1 --python=python
[2024-08-02T17:20:54.565+0900] {process_utils.py:187} INFO - Output:
[2024-08-02T17:20:54.935+0900] {process_utils.py:191} INFO - created virtual environment CPython3.11.9.final.0-64 in 259ms
[2024-08-02T17:20:54.935+0900] {process_utils.py:191} INFO -   creator CPython3Posix(dest=/tmp/venv1b7qp0v1, clear=False, no_vcs_ignore=False, global=False)
[2024-08-02T17:20:54.936+0900] {process_utils.py:191} INFO -   seeder FromAppData(download=False, pip=bundle, setuptools=bundle, wheel=bundle, via=copy, app_data_dir=/home/oddsummer/.local/share/virtualenv)
[2024-08-02T17:20:54.936+0900] {process_utils.py:191} INFO -     added seed packages: pip==24.1.2, setuptools==70.2.0, wheel==0.43.0
[2024-08-02T17:20:54.936+0900] {process_utils.py:191} INFO -   activators BashActivator,CShellActivator,FishActivator,NushellActivator,PowerShellActivator,PythonActivator
[2024-08-02T17:20:54.960+0900] {process_utils.py:183} INFO - Executing cmd: /tmp/venv1b7qp0v1/bin/pip install -r /tmp/venv1b7qp0v1/requirements.txt
[2024-08-02T17:20:54.961+0900] {process_utils.py:187} INFO - Output:
[2024-08-02T17:20:55.949+0900] {process_utils.py:191} INFO - Collecting git+https://github.com/7-TRG/extract_trg.git@main (from -r /tmp/venv1b7qp0v1/requirements.txt (line 1))
[2024-08-02T17:20:55.950+0900] {process_utils.py:191} INFO -   Cloning https://github.com/7-TRG/extract_trg.git (to revision main) to /tmp/pip-req-build-3ibr5kvm
[2024-08-02T17:20:55.953+0900] {process_utils.py:191} INFO -   Running command git clone --filter=blob:none --quiet https://github.com/7-TRG/extract_trg.git /tmp/pip-req-build-3ibr5kvm
[2024-08-02T17:20:57.705+0900] {process_utils.py:191} INFO -   Resolved https://github.com/7-TRG/extract_trg.git to commit 0712b3f1bbaeeeea58bf80749079a62c7e1bec3d
[2024-08-02T17:20:57.710+0900] {process_utils.py:191} INFO -   Installing build dependencies: started
[2024-08-02T17:20:59.859+0900] {process_utils.py:191} INFO -   Installing build dependencies: finished with status 'done'
[2024-08-02T17:20:59.860+0900] {process_utils.py:191} INFO -   Getting requirements to build wheel: started
[2024-08-02T17:21:00.211+0900] {process_utils.py:191} INFO -   Getting requirements to build wheel: finished with status 'done'
[2024-08-02T17:21:00.213+0900] {process_utils.py:191} INFO -   Preparing metadata (pyproject.toml): started
[2024-08-02T17:21:00.716+0900] {process_utils.py:191} INFO -   Preparing metadata (pyproject.toml): finished with status 'done'
[2024-08-02T17:21:00.721+0900] {process_utils.py:191} INFO - Building wheels for collected packages: extract_trg
[2024-08-02T17:21:00.729+0900] {process_utils.py:191} INFO -   Building wheel for extract_trg (pyproject.toml): started
[2024-08-02T17:21:01.217+0900] {process_utils.py:191} INFO -   Building wheel for extract_trg (pyproject.toml): finished with status 'done'
[2024-08-02T17:21:01.218+0900] {process_utils.py:191} INFO -   Created wheel for extract_trg: filename=extract_trg-0.1.0-py3-none-any.whl size=2219 sha256=33db5217ef2c7499571ef2c78fba2ff974afd865e0ecb93024268403f0649325
[2024-08-02T17:21:01.219+0900] {process_utils.py:191} INFO -   Stored in directory: /tmp/pip-ephem-wheel-cache-n7owr6a1/wheels/21/97/ea/e27bc4298590f1b8a2b9c46b60aefbe2e3076cf05f6bd5e464
[2024-08-02T17:21:01.223+0900] {process_utils.py:191} INFO - Successfully built extract_trg
[2024-08-02T17:21:01.236+0900] {process_utils.py:191} INFO - Installing collected packages: extract_trg
[2024-08-02T17:21:01.279+0900] {process_utils.py:191} INFO - Successfully installed extract_trg-0.1.0
[2024-08-02T17:21:01.288+0900] {process_utils.py:191} INFO - 
[2024-08-02T17:21:01.289+0900] {process_utils.py:191} INFO - [notice] A new release of pip is available: 24.1.2 -> 24.2
[2024-08-02T17:21:01.289+0900] {process_utils.py:191} INFO - [notice] To update, run: python -m pip install --upgrade pip
[2024-08-02T17:21:01.411+0900] {process_utils.py:183} INFO - Executing cmd: /tmp/venv1b7qp0v1/bin/python /tmp/venv-callyh17x5a6/script.py /tmp/venv-callyh17x5a6/script.in /tmp/venv-callyh17x5a6/script.out /tmp/venv-callyh17x5a6/string_args.txt /tmp/venv-callyh17x5a6/termination.log
[2024-08-02T17:21:01.413+0900] {process_utils.py:187} INFO - Output:
[2024-08-02T17:21:01.439+0900] {process_utils.py:191} INFO - 
[2024-08-02T17:21:01.439+0900] {process_utils.py:191} INFO - ---------------======---::::::------+--=======++++++++++===--:...::-=--==============--:.....:-=====
[2024-08-02T17:21:01.439+0900] {process_utils.py:191} INFO - ----::---------------------===--::--+-----=============++++++===---:....--===============--:...:-===
[2024-08-02T17:21:01.439+0900] {process_utils.py:191} INFO - ----------------------------------=++----------------------=+===========-::.:-======================
[2024-08-02T17:21:01.439+0900] {process_utils.py:191} INFO - =----------------------------------==-----------------------=-----==============================+=--
[2024-08-02T17:21:01.440+0900] {process_utils.py:191} INFO - %%####=----------------------------==----------------------=-::::-----======+*%#++================::
[2024-08-02T17:21:01.440+0900] {process_utils.py:191} INFO - %%%%%#=----------------------------=-:---------------------=--==--------=====*#*=================-::
[2024-08-02T17:21:01.440+0900] {process_utils.py:191} INFO - @@%%%*-----------------+***++=-----=-::-------------------:+---------=====+++====================-::
[2024-08-02T17:21:01.440+0900] {process_utils.py:191} INFO - @@%%%*---------------#%%%%##%%#=---=-+##*#+----------------=------------=====+====-=--===========-::
[2024-08-02T17:21:01.441+0900] {process_utils.py:191} INFO - @@@%%+--=+*%%%+-----+%@@%#++%%%#=--=*%+===#+::----------::=-----------=+*##*++=-----------=======-::
[2024-08-02T17:21:01.441+0900] {process_utils.py:191} INFO - +++++=-+#+***#*=-----#*++**+#@@@*--+#+**+***-:=-:---=*+-::=-----==+++*######%%%#=-------------==-:::
[2024-08-02T17:21:01.441+0900] {process_utils.py:191} INFO - *******-:::-*=-------+===+=-=+#%%:-=++++=+==-:=-:::=%%#-::###=-*#%%%%%%%%%%%%%%%%+---------------:::
[2024-08-02T17:21:01.441+0900] {process_utils.py:191} INFO - =====+=:--::+---+--+**++++*+++#%*-=--**++++-:=++=::+#*-::=%%%#*#%%%%%%%%@@%%%%@@%%#====------+#%%=-*
[2024-08-02T17:21:01.442+0900] {process_utils.py:191} INFO - =-==++---=+==*#%%%%%%=*++++++++==-=-*##*+=##**++=--++-:--*=-=*#%%%@%###*###*+++*%%%*=============-#%
[2024-08-02T17:21:01.442+0900] {process_utils.py:191} INFO - +-=------=*%%%%@%@@@@***=+*#+*##*#%%@@**++%@%%%%*+=--=-=+-:--:#%@@%#*****###*+---+*++#**===---=++*%@
[2024-08-02T17:21:01.442+0900] {process_utils.py:191} INFO - --==-::-*%%%@@@@@@@%#*=-+++%@%##%%@@@@@%#%@@@%%@%%%*=--=#%####-%@%%####++++++=---==++*####*+++*%@%@@
[2024-08-02T17:21:01.442+0900] {process_utils.py:191} INFO - -=*+=-=#@@@@@@@@@#*+++++*@@@@@@@@@@@@@@@@@@@@@@@@@@@#+==-+*+#=:-+#%##**==++**+++=====+*###*+**#@%##%
[2024-08-02T17:21:01.442+0900] {process_utils.py:191} INFO - -=++-+%%@%@@@@%+=-++***#@@@@@@@@@@@@%:+@@*%+=%@@@@@@%%#%%#*=+--:-=#++**%#*+=+++++===+**####=*%%%%%%%
[2024-08-02T17:21:01.442+0900] {process_utils.py:191} INFO - -=++#%%####+-:---=*%%@@%#######**++++=+++++++++%%=+%@@%##*+==-=++=+*****##*===+++++==*#####*+#%%##%%
[2024-08-02T17:21:01.442+0900] {process_utils.py:191} INFO - -=*+=---==+=-::::-*@@@%+=======++++++++++++++*#%#**%%%*==-+*=--+==*****#**+=====+++++=***+++=+==::::
[2024-08-02T17:21:01.443+0900] {process_utils.py:191} INFO - =#*=++++++*###**==*@@@%=======++++++++*@@@@@@@@%%#####-:=+----==******##****+++++***==-=+=:::.::::::
[2024-08-02T17:21:01.443+0900] {process_utils.py:191} INFO - #%*+*++++**##*###*+#@@#=========++++==*%%%%%%%%######*=-----==+*********##########*+====::::::::::::
[2024-08-02T17:21:01.443+0900] {process_utils.py:191} INFO - ++++*#%%@%*##*##***%@@*===============+%##%%######%%%%*==-===+*********+=+*#######*++++-:::--::-----
[2024-08-02T17:21:01.443+0900] {process_utils.py:191} INFO - ===+*#%@@%*##**#**+=--================+%%#%%###%#%%%%%#======*#######*-:-++*####*****++:------------
[2024-08-02T17:21:01.444+0900] {process_utils.py:191} INFO - =+=------=##**##**+=--================+%%#%%###%%#%%%%%+=====+###**++==----:-*####****=------==-====
[2024-08-02T17:21:01.444+0900] {process_utils.py:191} INFO - 
[2024-08-02T17:21:01.474+0900] {python.py:237} INFO - Done. Returned value was: None
[2024-08-02T17:21:01.474+0900] {taskinstance.py:441} INFO - ::group::Post task execution logs
[2024-08-02T17:21:01.483+0900] {taskinstance.py:1206} INFO - Marking task as SUCCESS. dag_id=movie, task_id=get.data, run_id=scheduled__2017-01-03T05:50:00+00:00, execution_date=20170103T055000, start_date=20240802T082054, end_date=20240802T082101
[2024-08-02T17:21:01.539+0900] {local_task_job_runner.py:243} INFO - Task exited with return code 0
[2024-08-02T17:21:01.560+0900] {taskinstance.py:3503} INFO - 0 downstream tasks scheduled from follow-on schedule check
[2024-08-02T17:21:01.561+0900] {local_task_job_runner.py:222} INFO - ::endgroup::
