[2024-08-02T17:43:27.319+0900] {local_task_job_runner.py:120} INFO - ::group::Pre task execution logs
[2024-08-02T17:43:27.340+0900] {taskinstance.py:2076} INFO - Dependencies all met for dep_context=non-requeueable deps ti=<TaskInstance: movie.extract scheduled__2017-01-05T05:20:00+00:00 [queued]>
[2024-08-02T17:43:27.348+0900] {taskinstance.py:2076} INFO - Dependencies all met for dep_context=requeueable deps ti=<TaskInstance: movie.extract scheduled__2017-01-05T05:20:00+00:00 [queued]>
[2024-08-02T17:43:27.348+0900] {taskinstance.py:2306} INFO - Starting attempt 1 of 3
[2024-08-02T17:43:27.364+0900] {taskinstance.py:2330} INFO - Executing <Task(PythonVirtualenvOperator): extract> on 2017-01-05 05:20:00+00:00
[2024-08-02T17:43:27.367+0900] {standard_task_runner.py:64} INFO - Started process 175043 to run task
[2024-08-02T17:43:27.370+0900] {standard_task_runner.py:90} INFO - Running: ['airflow', 'tasks', 'run', 'movie', 'extract', 'scheduled__2017-01-05T05:20:00+00:00', '--job-id', '306', '--raw', '--subdir', 'DAGS_FOLDER/movie.py', '--cfg-path', '/tmp/tmp8pbkc5px']
[2024-08-02T17:43:27.372+0900] {standard_task_runner.py:91} INFO - Job 306: Subtask extract
[2024-08-02T17:43:27.408+0900] {task_command.py:426} INFO - Running <TaskInstance: movie.extract scheduled__2017-01-05T05:20:00+00:00 [running]> on host playdata.
[2024-08-02T17:43:27.472+0900] {taskinstance.py:2648} INFO - Exporting env vars: AIRFLOW_CTX_DAG_OWNER='airflow' AIRFLOW_CTX_DAG_ID='movie' AIRFLOW_CTX_TASK_ID='extract' AIRFLOW_CTX_EXECUTION_DATE='2017-01-05T05:20:00+00:00' AIRFLOW_CTX_TRY_NUMBER='1' AIRFLOW_CTX_DAG_RUN_ID='scheduled__2017-01-05T05:20:00+00:00'
[2024-08-02T17:43:27.473+0900] {taskinstance.py:430} INFO - ::endgroup::
[2024-08-02T17:43:27.482+0900] {baseoperator.py:400} WARNING - PythonVirtualenvOperator.execute cannot be called outside TaskInstance!
[2024-08-02T17:43:27.483+0900] {process_utils.py:183} INFO - Executing cmd: /home/oddsummer/.pyenv/versions/3.11.9/envs/air/bin/python -m virtualenv /tmp/venvobubel2w --python=python
[2024-08-02T17:43:27.484+0900] {process_utils.py:187} INFO - Output:
[2024-08-02T17:43:27.823+0900] {process_utils.py:191} INFO - created virtual environment CPython3.11.9.final.0-64 in 230ms
[2024-08-02T17:43:27.823+0900] {process_utils.py:191} INFO -   creator CPython3Posix(dest=/tmp/venvobubel2w, clear=False, no_vcs_ignore=False, global=False)
[2024-08-02T17:43:27.823+0900] {process_utils.py:191} INFO -   seeder FromAppData(download=False, pip=bundle, setuptools=bundle, wheel=bundle, via=copy, app_data_dir=/home/oddsummer/.local/share/virtualenv)
[2024-08-02T17:43:27.824+0900] {process_utils.py:191} INFO -     added seed packages: pip==24.1.2, setuptools==70.2.0, wheel==0.43.0
[2024-08-02T17:43:27.824+0900] {process_utils.py:191} INFO -   activators BashActivator,CShellActivator,FishActivator,NushellActivator,PowerShellActivator,PythonActivator
[2024-08-02T17:43:27.849+0900] {process_utils.py:183} INFO - Executing cmd: /tmp/venvobubel2w/bin/pip install -r /tmp/venvobubel2w/requirements.txt
[2024-08-02T17:43:27.850+0900] {process_utils.py:187} INFO - Output:
[2024-08-02T17:43:28.756+0900] {process_utils.py:191} INFO - Collecting git+https://github.com/7-TRG/extract_trg.git@main (from -r /tmp/venvobubel2w/requirements.txt (line 1))
[2024-08-02T17:43:28.757+0900] {process_utils.py:191} INFO -   Cloning https://github.com/7-TRG/extract_trg.git (to revision main) to /tmp/pip-req-build-cdr85vi6
[2024-08-02T17:43:28.759+0900] {process_utils.py:191} INFO -   Running command git clone --filter=blob:none --quiet https://github.com/7-TRG/extract_trg.git /tmp/pip-req-build-cdr85vi6
[2024-08-02T17:43:30.319+0900] {process_utils.py:191} INFO -   Resolved https://github.com/7-TRG/extract_trg.git to commit 0712b3f1bbaeeeea58bf80749079a62c7e1bec3d
[2024-08-02T17:43:30.324+0900] {process_utils.py:191} INFO -   Installing build dependencies: started
[2024-08-02T17:43:32.178+0900] {process_utils.py:191} INFO -   Installing build dependencies: finished with status 'done'
[2024-08-02T17:43:32.179+0900] {process_utils.py:191} INFO -   Getting requirements to build wheel: started
[2024-08-02T17:43:32.427+0900] {process_utils.py:191} INFO -   Getting requirements to build wheel: finished with status 'done'
[2024-08-02T17:43:32.428+0900] {process_utils.py:191} INFO -   Preparing metadata (pyproject.toml): started
[2024-08-02T17:43:32.673+0900] {process_utils.py:191} INFO -   Preparing metadata (pyproject.toml): finished with status 'done'
[2024-08-02T17:43:32.675+0900] {process_utils.py:191} INFO - Building wheels for collected packages: extract_trg
[2024-08-02T17:43:32.679+0900] {process_utils.py:191} INFO -   Building wheel for extract_trg (pyproject.toml): started
[2024-08-02T17:43:32.932+0900] {process_utils.py:191} INFO -   Building wheel for extract_trg (pyproject.toml): finished with status 'done'
[2024-08-02T17:43:32.932+0900] {process_utils.py:191} INFO -   Created wheel for extract_trg: filename=extract_trg-0.1.0-py3-none-any.whl size=2219 sha256=cbe958988686329899be861a2e44fc92ba848fd58e87e2647d080472c2ea8f2e
[2024-08-02T17:43:32.933+0900] {process_utils.py:191} INFO -   Stored in directory: /tmp/pip-ephem-wheel-cache-b4h8s3bq/wheels/21/97/ea/e27bc4298590f1b8a2b9c46b60aefbe2e3076cf05f6bd5e464
[2024-08-02T17:43:32.935+0900] {process_utils.py:191} INFO - Successfully built extract_trg
[2024-08-02T17:43:32.943+0900] {process_utils.py:191} INFO - Installing collected packages: extract_trg
[2024-08-02T17:43:32.963+0900] {process_utils.py:191} INFO - Successfully installed extract_trg-0.1.0
[2024-08-02T17:43:32.969+0900] {process_utils.py:191} INFO - 
[2024-08-02T17:43:32.969+0900] {process_utils.py:191} INFO - [notice] A new release of pip is available: 24.1.2 -> 24.2
[2024-08-02T17:43:32.969+0900] {process_utils.py:191} INFO - [notice] To update, run: python -m pip install --upgrade pip
[2024-08-02T17:43:33.066+0900] {process_utils.py:183} INFO - Executing cmd: /tmp/venvobubel2w/bin/python /tmp/venv-callb7ucx6ui/script.py /tmp/venv-callb7ucx6ui/script.in /tmp/venv-callb7ucx6ui/script.out /tmp/venv-callb7ucx6ui/string_args.txt /tmp/venv-callb7ucx6ui/termination.log
[2024-08-02T17:43:33.067+0900] {process_utils.py:187} INFO - Output:
[2024-08-02T17:43:33.086+0900] {process_utils.py:191} INFO - 
[2024-08-02T17:43:33.086+0900] {process_utils.py:191} INFO - ---------------======---::::::------+--=======++++++++++===--:...::-=--==============--:.....:-=====
[2024-08-02T17:43:33.087+0900] {process_utils.py:191} INFO - ----::---------------------===--::--+-----=============++++++===---:....--===============--:...:-===
[2024-08-02T17:43:33.087+0900] {process_utils.py:191} INFO - ----------------------------------=++----------------------=+===========-::.:-======================
[2024-08-02T17:43:33.087+0900] {process_utils.py:191} INFO - =----------------------------------==-----------------------=-----==============================+=--
[2024-08-02T17:43:33.087+0900] {process_utils.py:191} INFO - %%####=----------------------------==----------------------=-::::-----======+*%#++================::
[2024-08-02T17:43:33.087+0900] {process_utils.py:191} INFO - %%%%%#=----------------------------=-:---------------------=--==--------=====*#*=================-::
[2024-08-02T17:43:33.088+0900] {process_utils.py:191} INFO - @@%%%*-----------------+***++=-----=-::-------------------:+---------=====+++====================-::
[2024-08-02T17:43:33.088+0900] {process_utils.py:191} INFO - @@%%%*---------------#%%%%##%%#=---=-+##*#+----------------=------------=====+====-=--===========-::
[2024-08-02T17:43:33.088+0900] {process_utils.py:191} INFO - @@@%%+--=+*%%%+-----+%@@%#++%%%#=--=*%+===#+::----------::=-----------=+*##*++=-----------=======-::
[2024-08-02T17:43:33.088+0900] {process_utils.py:191} INFO - +++++=-+#+***#*=-----#*++**+#@@@*--+#+**+***-:=-:---=*+-::=-----==+++*######%%%#=-------------==-:::
[2024-08-02T17:43:33.088+0900] {process_utils.py:191} INFO - *******-:::-*=-------+===+=-=+#%%:-=++++=+==-:=-:::=%%#-::###=-*#%%%%%%%%%%%%%%%%+---------------:::
[2024-08-02T17:43:33.089+0900] {process_utils.py:191} INFO - =====+=:--::+---+--+**++++*+++#%*-=--**++++-:=++=::+#*-::=%%%#*#%%%%%%%%@@%%%%@@%%#====------+#%%=-*
[2024-08-02T17:43:33.089+0900] {process_utils.py:191} INFO - =-==++---=+==*#%%%%%%=*++++++++==-=-*##*+=##**++=--++-:--*=-=*#%%%@%###*###*+++*%%%*=============-#%
[2024-08-02T17:43:33.089+0900] {process_utils.py:191} INFO - +-=------=*%%%%@%@@@@***=+*#+*##*#%%@@**++%@%%%%*+=--=-=+-:--:#%@@%#*****###*+---+*++#**===---=++*%@
[2024-08-02T17:43:33.089+0900] {process_utils.py:191} INFO - --==-::-*%%%@@@@@@@%#*=-+++%@%##%%@@@@@%#%@@@%%@%%%*=--=#%####-%@%%####++++++=---==++*####*+++*%@%@@
[2024-08-02T17:43:33.090+0900] {process_utils.py:191} INFO - -=*+=-=#@@@@@@@@@#*+++++*@@@@@@@@@@@@@@@@@@@@@@@@@@@#+==-+*+#=:-+#%##**==++**+++=====+*###*+**#@%##%
[2024-08-02T17:43:33.090+0900] {process_utils.py:191} INFO - -=++-+%%@%@@@@%+=-++***#@@@@@@@@@@@@%:+@@*%+=%@@@@@@%%#%%#*=+--:-=#++**%#*+=+++++===+**####=*%%%%%%%
[2024-08-02T17:43:33.090+0900] {process_utils.py:191} INFO - -=++#%%####+-:---=*%%@@%#######**++++=+++++++++%%=+%@@%##*+==-=++=+*****##*===+++++==*#####*+#%%##%%
[2024-08-02T17:43:33.090+0900] {process_utils.py:191} INFO - -=*+=---==+=-::::-*@@@%+=======++++++++++++++*#%#**%%%*==-+*=--+==*****#**+=====+++++=***+++=+==::::
[2024-08-02T17:43:33.090+0900] {process_utils.py:191} INFO - =#*=++++++*###**==*@@@%=======++++++++*@@@@@@@@%%#####-:=+----==******##****+++++***==-=+=:::.::::::
[2024-08-02T17:43:33.090+0900] {process_utils.py:191} INFO - #%*+*++++**##*###*+#@@#=========++++==*%%%%%%%%######*=-----==+*********##########*+====::::::::::::
[2024-08-02T17:43:33.091+0900] {process_utils.py:191} INFO - ++++*#%%@%*##*##***%@@*===============+%##%%######%%%%*==-===+*********+=+*#######*++++-:::--::-----
[2024-08-02T17:43:33.091+0900] {process_utils.py:191} INFO - ===+*#%@@%*##**#**+=--================+%%#%%###%#%%%%%#======*#######*-:-++*####*****++:------------
[2024-08-02T17:43:33.091+0900] {process_utils.py:191} INFO - =+=------=##**##**+=--================+%%#%%###%%#%%%%%+=====+###**++==----:-*####****=------==-====
[2024-08-02T17:43:33.091+0900] {process_utils.py:191} INFO - 
[2024-08-02T17:43:33.113+0900] {python.py:237} INFO - Done. Returned value was: None
[2024-08-02T17:43:33.113+0900] {taskinstance.py:441} INFO - ::group::Post task execution logs
[2024-08-02T17:43:33.117+0900] {taskinstance.py:1206} INFO - Marking task as SUCCESS. dag_id=movie, task_id=extract, run_id=scheduled__2017-01-05T05:20:00+00:00, execution_date=20170105T052000, start_date=20240802T084327, end_date=20240802T084333
[2024-08-02T17:43:33.181+0900] {local_task_job_runner.py:243} INFO - Task exited with return code 0
[2024-08-02T17:43:33.202+0900] {taskinstance.py:3503} INFO - 1 downstream tasks scheduled from follow-on schedule check
[2024-08-02T17:43:33.208+0900] {local_task_job_runner.py:222} INFO - ::endgroup::
