[2024-08-02T16:49:24.904+0900] {local_task_job_runner.py:120} INFO - ::group::Pre task execution logs
[2024-08-02T16:49:24.971+0900] {taskinstance.py:2076} INFO - Dependencies all met for dep_context=non-requeueable deps ti=<TaskInstance: movie.get.data scheduled__2017-01-01T05:07:00+00:00 [queued]>
[2024-08-02T16:49:24.987+0900] {taskinstance.py:2076} INFO - Dependencies all met for dep_context=requeueable deps ti=<TaskInstance: movie.get.data scheduled__2017-01-01T05:07:00+00:00 [queued]>
[2024-08-02T16:49:24.987+0900] {taskinstance.py:2306} INFO - Starting attempt 1 of 3
[2024-08-02T16:49:25.016+0900] {taskinstance.py:2330} INFO - Executing <Task(PythonVirtualenvOperator): get.data> on 2017-01-01 05:07:00+00:00
[2024-08-02T16:49:25.018+0900] {standard_task_runner.py:64} INFO - Started process 144077 to run task
[2024-08-02T16:49:25.023+0900] {standard_task_runner.py:90} INFO - Running: ['airflow', 'tasks', 'run', 'movie', 'get.data', 'scheduled__2017-01-01T05:07:00+00:00', '--job-id', '18', '--raw', '--subdir', 'DAGS_FOLDER/movie.py', '--cfg-path', '/tmp/tmps5owmhxg']
[2024-08-02T16:49:25.025+0900] {standard_task_runner.py:91} INFO - Job 18: Subtask get.data
[2024-08-02T16:49:25.090+0900] {task_command.py:426} INFO - Running <TaskInstance: movie.get.data scheduled__2017-01-01T05:07:00+00:00 [running]> on host playdata.
[2024-08-02T16:49:25.193+0900] {taskinstance.py:2648} INFO - Exporting env vars: AIRFLOW_CTX_DAG_OWNER='airflow' AIRFLOW_CTX_DAG_ID='movie' AIRFLOW_CTX_TASK_ID='get.data' AIRFLOW_CTX_EXECUTION_DATE='2017-01-01T05:07:00+00:00' AIRFLOW_CTX_TRY_NUMBER='1' AIRFLOW_CTX_DAG_RUN_ID='scheduled__2017-01-01T05:07:00+00:00'
[2024-08-02T16:49:25.194+0900] {taskinstance.py:430} INFO - ::endgroup::
[2024-08-02T16:49:25.206+0900] {baseoperator.py:400} WARNING - PythonVirtualenvOperator.execute cannot be called outside TaskInstance!
[2024-08-02T16:49:25.207+0900] {process_utils.py:183} INFO - Executing cmd: /home/oddsummer/.pyenv/versions/3.11.9/envs/air/bin/python -m virtualenv /tmp/venvuag1v2nc --python=python
[2024-08-02T16:49:25.208+0900] {process_utils.py:187} INFO - Output:
[2024-08-02T16:49:25.694+0900] {process_utils.py:191} INFO - created virtual environment CPython3.11.9.final.0-64 in 316ms
[2024-08-02T16:49:25.695+0900] {process_utils.py:191} INFO -   creator CPython3Posix(dest=/tmp/venvuag1v2nc, clear=False, no_vcs_ignore=False, global=False)
[2024-08-02T16:49:25.695+0900] {process_utils.py:191} INFO -   seeder FromAppData(download=False, pip=bundle, setuptools=bundle, wheel=bundle, via=copy, app_data_dir=/home/oddsummer/.local/share/virtualenv)
[2024-08-02T16:49:25.695+0900] {process_utils.py:191} INFO -     added seed packages: pip==24.1.2, setuptools==70.2.0, wheel==0.43.0
[2024-08-02T16:49:25.696+0900] {process_utils.py:191} INFO -   activators BashActivator,CShellActivator,FishActivator,NushellActivator,PowerShellActivator,PythonActivator
[2024-08-02T16:49:25.718+0900] {process_utils.py:183} INFO - Executing cmd: /tmp/venvuag1v2nc/bin/pip install -r /tmp/venvuag1v2nc/requirements.txt
[2024-08-02T16:49:25.719+0900] {process_utils.py:187} INFO - Output:
[2024-08-02T16:49:26.914+0900] {process_utils.py:191} INFO - Collecting git+https://github.com/7-TRG/extract_trg.git@main (from -r /tmp/venvuag1v2nc/requirements.txt (line 1))
[2024-08-02T16:49:26.914+0900] {process_utils.py:191} INFO -   Cloning https://github.com/7-TRG/extract_trg.git (to revision main) to /tmp/pip-req-build-dmjli30a
[2024-08-02T16:49:26.917+0900] {process_utils.py:191} INFO -   Running command git clone --filter=blob:none --quiet https://github.com/7-TRG/extract_trg.git /tmp/pip-req-build-dmjli30a
[2024-08-02T16:49:28.357+0900] {process_utils.py:191} INFO -   Resolved https://github.com/7-TRG/extract_trg.git to commit 0712b3f1bbaeeeea58bf80749079a62c7e1bec3d
[2024-08-02T16:49:28.363+0900] {process_utils.py:191} INFO -   Installing build dependencies: started
[2024-08-02T16:49:30.452+0900] {process_utils.py:191} INFO -   Installing build dependencies: finished with status 'done'
[2024-08-02T16:49:30.452+0900] {process_utils.py:191} INFO -   Getting requirements to build wheel: started
[2024-08-02T16:49:30.784+0900] {process_utils.py:191} INFO -   Getting requirements to build wheel: finished with status 'done'
[2024-08-02T16:49:30.785+0900] {process_utils.py:191} INFO -   Preparing metadata (pyproject.toml): started
[2024-08-02T16:49:31.094+0900] {process_utils.py:191} INFO -   Preparing metadata (pyproject.toml): finished with status 'done'
[2024-08-02T16:49:31.099+0900] {process_utils.py:191} INFO - Building wheels for collected packages: extract_trg
[2024-08-02T16:49:31.105+0900] {process_utils.py:191} INFO -   Building wheel for extract_trg (pyproject.toml): started
[2024-08-02T16:49:31.486+0900] {process_utils.py:191} INFO -   Building wheel for extract_trg (pyproject.toml): finished with status 'done'
[2024-08-02T16:49:31.487+0900] {process_utils.py:191} INFO -   Created wheel for extract_trg: filename=extract_trg-0.1.0-py3-none-any.whl size=2219 sha256=68934445318acab60c5047078fca60a8dce544faf9939968207610c77705f66a
[2024-08-02T16:49:31.487+0900] {process_utils.py:191} INFO -   Stored in directory: /tmp/pip-ephem-wheel-cache-676ep1xh/wheels/21/97/ea/e27bc4298590f1b8a2b9c46b60aefbe2e3076cf05f6bd5e464
[2024-08-02T16:49:31.489+0900] {process_utils.py:191} INFO - Successfully built extract_trg
[2024-08-02T16:49:31.503+0900] {process_utils.py:191} INFO - Installing collected packages: extract_trg
[2024-08-02T16:49:31.522+0900] {process_utils.py:191} INFO - Successfully installed extract_trg-0.1.0
[2024-08-02T16:49:31.529+0900] {process_utils.py:191} INFO - 
[2024-08-02T16:49:31.529+0900] {process_utils.py:191} INFO - [notice] A new release of pip is available: 24.1.2 -> 24.2
[2024-08-02T16:49:31.530+0900] {process_utils.py:191} INFO - [notice] To update, run: python -m pip install --upgrade pip
[2024-08-02T16:49:31.642+0900] {process_utils.py:183} INFO - Executing cmd: /tmp/venvuag1v2nc/bin/python /tmp/venv-callwxz757ec/script.py /tmp/venv-callwxz757ec/script.in /tmp/venv-callwxz757ec/script.out /tmp/venv-callwxz757ec/string_args.txt /tmp/venv-callwxz757ec/termination.log
[2024-08-02T16:49:31.643+0900] {process_utils.py:187} INFO - Output:
[2024-08-02T16:49:31.668+0900] {process_utils.py:191} INFO - 
[2024-08-02T16:49:31.669+0900] {process_utils.py:191} INFO - ---------------======---::::::------+--=======++++++++++===--:...::-=--==============--:.....:-=====
[2024-08-02T16:49:31.669+0900] {process_utils.py:191} INFO - ----::---------------------===--::--+-----=============++++++===---:....--===============--:...:-===
[2024-08-02T16:49:31.669+0900] {process_utils.py:191} INFO - ----------------------------------=++----------------------=+===========-::.:-======================
[2024-08-02T16:49:31.669+0900] {process_utils.py:191} INFO - =----------------------------------==-----------------------=-----==============================+=--
[2024-08-02T16:49:31.670+0900] {process_utils.py:191} INFO - %%####=----------------------------==----------------------=-::::-----======+*%#++================::
[2024-08-02T16:49:31.670+0900] {process_utils.py:191} INFO - %%%%%#=----------------------------=-:---------------------=--==--------=====*#*=================-::
[2024-08-02T16:49:31.670+0900] {process_utils.py:191} INFO - @@%%%*-----------------+***++=-----=-::-------------------:+---------=====+++====================-::
[2024-08-02T16:49:31.670+0900] {process_utils.py:191} INFO - @@%%%*---------------#%%%%##%%#=---=-+##*#+----------------=------------=====+====-=--===========-::
[2024-08-02T16:49:31.670+0900] {process_utils.py:191} INFO - @@@%%+--=+*%%%+-----+%@@%#++%%%#=--=*%+===#+::----------::=-----------=+*##*++=-----------=======-::
[2024-08-02T16:49:31.671+0900] {process_utils.py:191} INFO - +++++=-+#+***#*=-----#*++**+#@@@*--+#+**+***-:=-:---=*+-::=-----==+++*######%%%#=-------------==-:::
[2024-08-02T16:49:31.671+0900] {process_utils.py:191} INFO - *******-:::-*=-------+===+=-=+#%%:-=++++=+==-:=-:::=%%#-::###=-*#%%%%%%%%%%%%%%%%+---------------:::
[2024-08-02T16:49:31.671+0900] {process_utils.py:191} INFO - =====+=:--::+---+--+**++++*+++#%*-=--**++++-:=++=::+#*-::=%%%#*#%%%%%%%%@@%%%%@@%%#====------+#%%=-*
[2024-08-02T16:49:31.671+0900] {process_utils.py:191} INFO - =-==++---=+==*#%%%%%%=*++++++++==-=-*##*+=##**++=--++-:--*=-=*#%%%@%###*###*+++*%%%*=============-#%
[2024-08-02T16:49:31.671+0900] {process_utils.py:191} INFO - +-=------=*%%%%@%@@@@***=+*#+*##*#%%@@**++%@%%%%*+=--=-=+-:--:#%@@%#*****###*+---+*++#**===---=++*%@
[2024-08-02T16:49:31.671+0900] {process_utils.py:191} INFO - --==-::-*%%%@@@@@@@%#*=-+++%@%##%%@@@@@%#%@@@%%@%%%*=--=#%####-%@%%####++++++=---==++*####*+++*%@%@@
[2024-08-02T16:49:31.671+0900] {process_utils.py:191} INFO - -=*+=-=#@@@@@@@@@#*+++++*@@@@@@@@@@@@@@@@@@@@@@@@@@@#+==-+*+#=:-+#%##**==++**+++=====+*###*+**#@%##%
[2024-08-02T16:49:31.672+0900] {process_utils.py:191} INFO - -=++-+%%@%@@@@%+=-++***#@@@@@@@@@@@@%:+@@*%+=%@@@@@@%%#%%#*=+--:-=#++**%#*+=+++++===+**####=*%%%%%%%
[2024-08-02T16:49:31.672+0900] {process_utils.py:191} INFO - -=++#%%####+-:---=*%%@@%#######**++++=+++++++++%%=+%@@%##*+==-=++=+*****##*===+++++==*#####*+#%%##%%
[2024-08-02T16:49:31.672+0900] {process_utils.py:191} INFO - -=*+=---==+=-::::-*@@@%+=======++++++++++++++*#%#**%%%*==-+*=--+==*****#**+=====+++++=***+++=+==::::
[2024-08-02T16:49:31.672+0900] {process_utils.py:191} INFO - =#*=++++++*###**==*@@@%=======++++++++*@@@@@@@@%%#####-:=+----==******##****+++++***==-=+=:::.::::::
[2024-08-02T16:49:31.672+0900] {process_utils.py:191} INFO - #%*+*++++**##*###*+#@@#=========++++==*%%%%%%%%######*=-----==+*********##########*+====::::::::::::
[2024-08-02T16:49:31.672+0900] {process_utils.py:191} INFO - ++++*#%%@%*##*##***%@@*===============+%##%%######%%%%*==-===+*********+=+*#######*++++-:::--::-----
[2024-08-02T16:49:31.672+0900] {process_utils.py:191} INFO - ===+*#%@@%*##**#**+=--================+%%#%%###%#%%%%%#======*#######*-:-++*####*****++:------------
[2024-08-02T16:49:31.672+0900] {process_utils.py:191} INFO - =+=------=##**##**+=--================+%%#%%###%%#%%%%%+=====+###**++==----:-*####****=------==-====
[2024-08-02T16:49:31.673+0900] {process_utils.py:191} INFO - 
[2024-08-02T16:49:31.700+0900] {python.py:237} INFO - Done. Returned value was: None
[2024-08-02T16:49:31.700+0900] {taskinstance.py:441} INFO - ::group::Post task execution logs
[2024-08-02T16:49:31.705+0900] {taskinstance.py:1206} INFO - Marking task as SUCCESS. dag_id=movie, task_id=get.data, run_id=scheduled__2017-01-01T05:07:00+00:00, execution_date=20170101T050700, start_date=20240802T074924, end_date=20240802T074931
[2024-08-02T16:49:31.740+0900] {local_task_job_runner.py:243} INFO - Task exited with return code 0
[2024-08-02T16:49:31.755+0900] {taskinstance.py:3503} INFO - 0 downstream tasks scheduled from follow-on schedule check
[2024-08-02T16:49:31.755+0900] {local_task_job_runner.py:222} INFO - ::endgroup::
