[2024-08-02T17:30:57.219+0900] {local_task_job_runner.py:120} INFO - ::group::Pre task execution logs
[2024-08-02T17:30:57.238+0900] {taskinstance.py:2076} INFO - Dependencies all met for dep_context=non-requeueable deps ti=<TaskInstance: movie.get.data scheduled__2017-01-04T05:41:00+00:00 [queued]>
[2024-08-02T17:30:57.244+0900] {taskinstance.py:2076} INFO - Dependencies all met for dep_context=requeueable deps ti=<TaskInstance: movie.get.data scheduled__2017-01-04T05:41:00+00:00 [queued]>
[2024-08-02T17:30:57.245+0900] {taskinstance.py:2306} INFO - Starting attempt 1 of 3
[2024-08-02T17:30:57.261+0900] {taskinstance.py:2330} INFO - Executing <Task(PythonVirtualenvOperator): get.data> on 2017-01-04 05:41:00+00:00
[2024-08-02T17:30:57.263+0900] {standard_task_runner.py:64} INFO - Started process 166104 to run task
[2024-08-02T17:30:57.267+0900] {standard_task_runner.py:90} INFO - Running: ['airflow', 'tasks', 'run', 'movie', 'get.data', 'scheduled__2017-01-04T05:41:00+00:00', '--job-id', '232', '--raw', '--subdir', 'DAGS_FOLDER/movie.py', '--cfg-path', '/tmp/tmpf__1xsg3']
[2024-08-02T17:30:57.269+0900] {standard_task_runner.py:91} INFO - Job 232: Subtask get.data
[2024-08-02T17:30:57.312+0900] {task_command.py:426} INFO - Running <TaskInstance: movie.get.data scheduled__2017-01-04T05:41:00+00:00 [running]> on host playdata.
[2024-08-02T17:30:57.388+0900] {taskinstance.py:2648} INFO - Exporting env vars: AIRFLOW_CTX_DAG_OWNER='airflow' AIRFLOW_CTX_DAG_ID='movie' AIRFLOW_CTX_TASK_ID='get.data' AIRFLOW_CTX_EXECUTION_DATE='2017-01-04T05:41:00+00:00' AIRFLOW_CTX_TRY_NUMBER='1' AIRFLOW_CTX_DAG_RUN_ID='scheduled__2017-01-04T05:41:00+00:00'
[2024-08-02T17:30:57.389+0900] {taskinstance.py:430} INFO - ::endgroup::
[2024-08-02T17:30:57.400+0900] {baseoperator.py:400} WARNING - PythonVirtualenvOperator.execute cannot be called outside TaskInstance!
[2024-08-02T17:30:57.401+0900] {process_utils.py:183} INFO - Executing cmd: /home/oddsummer/.pyenv/versions/3.11.9/envs/air/bin/python -m virtualenv /tmp/venvzxtcs3e3 --python=python
[2024-08-02T17:30:57.402+0900] {process_utils.py:187} INFO - Output:
[2024-08-02T17:30:57.748+0900] {process_utils.py:191} INFO - created virtual environment CPython3.11.9.final.0-64 in 237ms
[2024-08-02T17:30:57.748+0900] {process_utils.py:191} INFO -   creator CPython3Posix(dest=/tmp/venvzxtcs3e3, clear=False, no_vcs_ignore=False, global=False)
[2024-08-02T17:30:57.749+0900] {process_utils.py:191} INFO -   seeder FromAppData(download=False, pip=bundle, setuptools=bundle, wheel=bundle, via=copy, app_data_dir=/home/oddsummer/.local/share/virtualenv)
[2024-08-02T17:30:57.749+0900] {process_utils.py:191} INFO -     added seed packages: pip==24.1.2, setuptools==70.2.0, wheel==0.43.0
[2024-08-02T17:30:57.749+0900] {process_utils.py:191} INFO -   activators BashActivator,CShellActivator,FishActivator,NushellActivator,PowerShellActivator,PythonActivator
[2024-08-02T17:30:57.773+0900] {process_utils.py:183} INFO - Executing cmd: /tmp/venvzxtcs3e3/bin/pip install -r /tmp/venvzxtcs3e3/requirements.txt
[2024-08-02T17:30:57.774+0900] {process_utils.py:187} INFO - Output:
[2024-08-02T17:30:58.707+0900] {process_utils.py:191} INFO - Collecting git+https://github.com/7-TRG/extract_trg.git@main (from -r /tmp/venvzxtcs3e3/requirements.txt (line 1))
[2024-08-02T17:30:58.708+0900] {process_utils.py:191} INFO -   Cloning https://github.com/7-TRG/extract_trg.git (to revision main) to /tmp/pip-req-build-7yi9jkyj
[2024-08-02T17:30:58.710+0900] {process_utils.py:191} INFO -   Running command git clone --filter=blob:none --quiet https://github.com/7-TRG/extract_trg.git /tmp/pip-req-build-7yi9jkyj
[2024-08-02T17:31:00.407+0900] {process_utils.py:191} INFO -   Resolved https://github.com/7-TRG/extract_trg.git to commit 0712b3f1bbaeeeea58bf80749079a62c7e1bec3d
[2024-08-02T17:31:00.413+0900] {process_utils.py:191} INFO -   Installing build dependencies: started
[2024-08-02T17:31:02.226+0900] {process_utils.py:191} INFO -   Installing build dependencies: finished with status 'done'
[2024-08-02T17:31:02.226+0900] {process_utils.py:191} INFO -   Getting requirements to build wheel: started
[2024-08-02T17:31:02.540+0900] {process_utils.py:191} INFO -   Getting requirements to build wheel: finished with status 'done'
[2024-08-02T17:31:02.541+0900] {process_utils.py:191} INFO -   Preparing metadata (pyproject.toml): started
[2024-08-02T17:31:02.808+0900] {process_utils.py:191} INFO -   Preparing metadata (pyproject.toml): finished with status 'done'
[2024-08-02T17:31:02.811+0900] {process_utils.py:191} INFO - Building wheels for collected packages: extract_trg
[2024-08-02T17:31:02.815+0900] {process_utils.py:191} INFO -   Building wheel for extract_trg (pyproject.toml): started
[2024-08-02T17:31:03.080+0900] {process_utils.py:191} INFO -   Building wheel for extract_trg (pyproject.toml): finished with status 'done'
[2024-08-02T17:31:03.080+0900] {process_utils.py:191} INFO -   Created wheel for extract_trg: filename=extract_trg-0.1.0-py3-none-any.whl size=2219 sha256=09e112a8da61c4a54a2d92625b1a614d82c501acceaa16eff4073c5f104b7f82
[2024-08-02T17:31:03.081+0900] {process_utils.py:191} INFO -   Stored in directory: /tmp/pip-ephem-wheel-cache-yuxr4qeh/wheels/21/97/ea/e27bc4298590f1b8a2b9c46b60aefbe2e3076cf05f6bd5e464
[2024-08-02T17:31:03.083+0900] {process_utils.py:191} INFO - Successfully built extract_trg
[2024-08-02T17:31:03.092+0900] {process_utils.py:191} INFO - Installing collected packages: extract_trg
[2024-08-02T17:31:03.112+0900] {process_utils.py:191} INFO - Successfully installed extract_trg-0.1.0
[2024-08-02T17:31:03.118+0900] {process_utils.py:191} INFO - 
[2024-08-02T17:31:03.119+0900] {process_utils.py:191} INFO - [notice] A new release of pip is available: 24.1.2 -> 24.2
[2024-08-02T17:31:03.119+0900] {process_utils.py:191} INFO - [notice] To update, run: python -m pip install --upgrade pip
[2024-08-02T17:31:03.219+0900] {process_utils.py:183} INFO - Executing cmd: /tmp/venvzxtcs3e3/bin/python /tmp/venv-call5w3nkcjn/script.py /tmp/venv-call5w3nkcjn/script.in /tmp/venv-call5w3nkcjn/script.out /tmp/venv-call5w3nkcjn/string_args.txt /tmp/venv-call5w3nkcjn/termination.log
[2024-08-02T17:31:03.219+0900] {process_utils.py:187} INFO - Output:
[2024-08-02T17:31:03.239+0900] {process_utils.py:191} INFO - 
[2024-08-02T17:31:03.239+0900] {process_utils.py:191} INFO - ---------------======---::::::------+--=======++++++++++===--:...::-=--==============--:.....:-=====
[2024-08-02T17:31:03.240+0900] {process_utils.py:191} INFO - ----::---------------------===--::--+-----=============++++++===---:....--===============--:...:-===
[2024-08-02T17:31:03.240+0900] {process_utils.py:191} INFO - ----------------------------------=++----------------------=+===========-::.:-======================
[2024-08-02T17:31:03.240+0900] {process_utils.py:191} INFO - =----------------------------------==-----------------------=-----==============================+=--
[2024-08-02T17:31:03.240+0900] {process_utils.py:191} INFO - %%####=----------------------------==----------------------=-::::-----======+*%#++================::
[2024-08-02T17:31:03.241+0900] {process_utils.py:191} INFO - %%%%%#=----------------------------=-:---------------------=--==--------=====*#*=================-::
[2024-08-02T17:31:03.241+0900] {process_utils.py:191} INFO - @@%%%*-----------------+***++=-----=-::-------------------:+---------=====+++====================-::
[2024-08-02T17:31:03.241+0900] {process_utils.py:191} INFO - @@%%%*---------------#%%%%##%%#=---=-+##*#+----------------=------------=====+====-=--===========-::
[2024-08-02T17:31:03.241+0900] {process_utils.py:191} INFO - @@@%%+--=+*%%%+-----+%@@%#++%%%#=--=*%+===#+::----------::=-----------=+*##*++=-----------=======-::
[2024-08-02T17:31:03.242+0900] {process_utils.py:191} INFO - +++++=-+#+***#*=-----#*++**+#@@@*--+#+**+***-:=-:---=*+-::=-----==+++*######%%%#=-------------==-:::
[2024-08-02T17:31:03.242+0900] {process_utils.py:191} INFO - *******-:::-*=-------+===+=-=+#%%:-=++++=+==-:=-:::=%%#-::###=-*#%%%%%%%%%%%%%%%%+---------------:::
[2024-08-02T17:31:03.242+0900] {process_utils.py:191} INFO - =====+=:--::+---+--+**++++*+++#%*-=--**++++-:=++=::+#*-::=%%%#*#%%%%%%%%@@%%%%@@%%#====------+#%%=-*
[2024-08-02T17:31:03.242+0900] {process_utils.py:191} INFO - =-==++---=+==*#%%%%%%=*++++++++==-=-*##*+=##**++=--++-:--*=-=*#%%%@%###*###*+++*%%%*=============-#%
[2024-08-02T17:31:03.242+0900] {process_utils.py:191} INFO - +-=------=*%%%%@%@@@@***=+*#+*##*#%%@@**++%@%%%%*+=--=-=+-:--:#%@@%#*****###*+---+*++#**===---=++*%@
[2024-08-02T17:31:03.243+0900] {process_utils.py:191} INFO - --==-::-*%%%@@@@@@@%#*=-+++%@%##%%@@@@@%#%@@@%%@%%%*=--=#%####-%@%%####++++++=---==++*####*+++*%@%@@
[2024-08-02T17:31:03.243+0900] {process_utils.py:191} INFO - -=*+=-=#@@@@@@@@@#*+++++*@@@@@@@@@@@@@@@@@@@@@@@@@@@#+==-+*+#=:-+#%##**==++**+++=====+*###*+**#@%##%
[2024-08-02T17:31:03.243+0900] {process_utils.py:191} INFO - -=++-+%%@%@@@@%+=-++***#@@@@@@@@@@@@%:+@@*%+=%@@@@@@%%#%%#*=+--:-=#++**%#*+=+++++===+**####=*%%%%%%%
[2024-08-02T17:31:03.243+0900] {process_utils.py:191} INFO - -=++#%%####+-:---=*%%@@%#######**++++=+++++++++%%=+%@@%##*+==-=++=+*****##*===+++++==*#####*+#%%##%%
[2024-08-02T17:31:03.244+0900] {process_utils.py:191} INFO - -=*+=---==+=-::::-*@@@%+=======++++++++++++++*#%#**%%%*==-+*=--+==*****#**+=====+++++=***+++=+==::::
[2024-08-02T17:31:03.244+0900] {process_utils.py:191} INFO - =#*=++++++*###**==*@@@%=======++++++++*@@@@@@@@%%#####-:=+----==******##****+++++***==-=+=:::.::::::
[2024-08-02T17:31:03.244+0900] {process_utils.py:191} INFO - #%*+*++++**##*###*+#@@#=========++++==*%%%%%%%%######*=-----==+*********##########*+====::::::::::::
[2024-08-02T17:31:03.244+0900] {process_utils.py:191} INFO - ++++*#%%@%*##*##***%@@*===============+%##%%######%%%%*==-===+*********+=+*#######*++++-:::--::-----
[2024-08-02T17:31:03.244+0900] {process_utils.py:191} INFO - ===+*#%@@%*##**#**+=--================+%%#%%###%#%%%%%#======*#######*-:-++*####*****++:------------
[2024-08-02T17:31:03.245+0900] {process_utils.py:191} INFO - =+=------=##**##**+=--================+%%#%%###%%#%%%%%+=====+###**++==----:-*####****=------==-====
[2024-08-02T17:31:03.245+0900] {process_utils.py:191} INFO - 
[2024-08-02T17:31:03.272+0900] {python.py:237} INFO - Done. Returned value was: None
[2024-08-02T17:31:03.272+0900] {taskinstance.py:441} INFO - ::group::Post task execution logs
[2024-08-02T17:31:03.276+0900] {taskinstance.py:1206} INFO - Marking task as SUCCESS. dag_id=movie, task_id=get.data, run_id=scheduled__2017-01-04T05:41:00+00:00, execution_date=20170104T054100, start_date=20240802T083057, end_date=20240802T083103
[2024-08-02T17:31:03.323+0900] {local_task_job_runner.py:243} INFO - Task exited with return code 0
[2024-08-02T17:31:03.336+0900] {taskinstance.py:3503} INFO - 0 downstream tasks scheduled from follow-on schedule check
[2024-08-02T17:31:03.336+0900] {local_task_job_runner.py:222} INFO - ::endgroup::
