[2024-08-02T17:39:45.568+0900] {local_task_job_runner.py:120} INFO - ::group::Pre task execution logs
[2024-08-02T17:39:45.590+0900] {taskinstance.py:2076} INFO - Dependencies all met for dep_context=non-requeueable deps ti=<TaskInstance: movie.transform scheduled__2017-01-05T05:12:00+00:00 [queued]>
[2024-08-02T17:39:45.599+0900] {taskinstance.py:2076} INFO - Dependencies all met for dep_context=requeueable deps ti=<TaskInstance: movie.transform scheduled__2017-01-05T05:12:00+00:00 [queued]>
[2024-08-02T17:39:45.599+0900] {taskinstance.py:2306} INFO - Starting attempt 1 of 3
[2024-08-02T17:39:45.621+0900] {taskinstance.py:2330} INFO - Executing <Task(PythonVirtualenvOperator): transform> on 2017-01-05 05:12:00+00:00
[2024-08-02T17:39:45.623+0900] {standard_task_runner.py:64} INFO - Started process 172808 to run task
[2024-08-02T17:39:45.629+0900] {standard_task_runner.py:90} INFO - Running: ['airflow', 'tasks', 'run', 'movie', 'transform', 'scheduled__2017-01-05T05:12:00+00:00', '--job-id', '283', '--raw', '--subdir', 'DAGS_FOLDER/movie.py', '--cfg-path', '/tmp/tmpbt9k3djq']
[2024-08-02T17:39:45.631+0900] {standard_task_runner.py:91} INFO - Job 283: Subtask transform
[2024-08-02T17:39:45.682+0900] {task_command.py:426} INFO - Running <TaskInstance: movie.transform scheduled__2017-01-05T05:12:00+00:00 [running]> on host playdata.
[2024-08-02T17:39:45.786+0900] {taskinstance.py:2648} INFO - Exporting env vars: AIRFLOW_CTX_DAG_OWNER='airflow' AIRFLOW_CTX_DAG_ID='movie' AIRFLOW_CTX_TASK_ID='transform' AIRFLOW_CTX_EXECUTION_DATE='2017-01-05T05:12:00+00:00' AIRFLOW_CTX_TRY_NUMBER='1' AIRFLOW_CTX_DAG_RUN_ID='scheduled__2017-01-05T05:12:00+00:00'
[2024-08-02T17:39:45.787+0900] {taskinstance.py:430} INFO - ::endgroup::
[2024-08-02T17:39:45.806+0900] {baseoperator.py:400} WARNING - PythonVirtualenvOperator.execute cannot be called outside TaskInstance!
[2024-08-02T17:39:45.818+0900] {process_utils.py:183} INFO - Executing cmd: /home/oddsummer/.pyenv/versions/3.11.9/envs/air/bin/python -m virtualenv /tmp/venv7vxtp3ql --python=python
[2024-08-02T17:39:45.820+0900] {process_utils.py:187} INFO - Output:
[2024-08-02T17:39:46.537+0900] {process_utils.py:191} INFO - created virtual environment CPython3.11.9.final.0-64 in 486ms
[2024-08-02T17:39:46.537+0900] {process_utils.py:191} INFO -   creator CPython3Posix(dest=/tmp/venv7vxtp3ql, clear=False, no_vcs_ignore=False, global=False)
[2024-08-02T17:39:46.538+0900] {process_utils.py:191} INFO -   seeder FromAppData(download=False, pip=bundle, setuptools=bundle, wheel=bundle, via=copy, app_data_dir=/home/oddsummer/.local/share/virtualenv)
[2024-08-02T17:39:46.538+0900] {process_utils.py:191} INFO -     added seed packages: pip==24.1.2, setuptools==70.2.0, wheel==0.43.0
[2024-08-02T17:39:46.538+0900] {process_utils.py:191} INFO -   activators BashActivator,CShellActivator,FishActivator,NushellActivator,PowerShellActivator,PythonActivator
[2024-08-02T17:39:46.572+0900] {process_utils.py:183} INFO - Executing cmd: /tmp/venv7vxtp3ql/bin/pip install -r /tmp/venv7vxtp3ql/requirements.txt
[2024-08-02T17:39:46.573+0900] {process_utils.py:187} INFO - Output:
[2024-08-02T17:39:47.899+0900] {process_utils.py:191} INFO - Collecting git+https://github.com/7-TRG/transform_trg.git@main (from -r /tmp/venv7vxtp3ql/requirements.txt (line 1))
[2024-08-02T17:39:47.901+0900] {process_utils.py:191} INFO -   Cloning https://github.com/7-TRG/transform_trg.git (to revision main) to /tmp/pip-req-build-l743kp58
[2024-08-02T17:39:47.904+0900] {process_utils.py:191} INFO -   Running command git clone --filter=blob:none --quiet https://github.com/7-TRG/transform_trg.git /tmp/pip-req-build-l743kp58
[2024-08-02T17:39:49.617+0900] {process_utils.py:191} INFO -   Resolved https://github.com/7-TRG/transform_trg.git to commit 789fe432a030fafcbef44ec873bc256dce822228
[2024-08-02T17:39:49.629+0900] {process_utils.py:191} INFO -   Installing build dependencies: started
[2024-08-02T17:39:52.167+0900] {process_utils.py:191} INFO -   Installing build dependencies: finished with status 'done'
[2024-08-02T17:39:52.168+0900] {process_utils.py:191} INFO -   Getting requirements to build wheel: started
[2024-08-02T17:39:52.504+0900] {process_utils.py:191} INFO -   Getting requirements to build wheel: finished with status 'done'
[2024-08-02T17:39:52.505+0900] {process_utils.py:191} INFO -   Preparing metadata (pyproject.toml): started
[2024-08-02T17:39:52.783+0900] {process_utils.py:191} INFO -   Preparing metadata (pyproject.toml): finished with status 'done'
[2024-08-02T17:39:52.786+0900] {process_utils.py:191} INFO - Building wheels for collected packages: transform_trg
[2024-08-02T17:39:52.790+0900] {process_utils.py:191} INFO -   Building wheel for transform_trg (pyproject.toml): started
[2024-08-02T17:39:53.155+0900] {process_utils.py:191} INFO -   Building wheel for transform_trg (pyproject.toml): finished with status 'done'
[2024-08-02T17:39:53.156+0900] {process_utils.py:191} INFO -   Created wheel for transform_trg: filename=transform_trg-0.1.0-py3-none-any.whl size=2244 sha256=98a384b498434ce8b7fb39853046e4d213598ec1b3758c3e4f5c279be4c5650f
[2024-08-02T17:39:53.156+0900] {process_utils.py:191} INFO -   Stored in directory: /tmp/pip-ephem-wheel-cache-3xx15b8c/wheels/52/ed/12/e63285a730e0434716bf2b76c497e2eca12531b214fbcca988
[2024-08-02T17:39:53.159+0900] {process_utils.py:191} INFO - Successfully built transform_trg
[2024-08-02T17:39:53.170+0900] {process_utils.py:191} INFO - Installing collected packages: transform_trg
[2024-08-02T17:39:53.187+0900] {process_utils.py:191} INFO - Successfully installed transform_trg-0.1.0
[2024-08-02T17:39:53.194+0900] {process_utils.py:191} INFO - 
[2024-08-02T17:39:53.194+0900] {process_utils.py:191} INFO - [notice] A new release of pip is available: 24.1.2 -> 24.2
[2024-08-02T17:39:53.194+0900] {process_utils.py:191} INFO - [notice] To update, run: python -m pip install --upgrade pip
[2024-08-02T17:39:53.309+0900] {process_utils.py:183} INFO - Executing cmd: /tmp/venv7vxtp3ql/bin/python /tmp/venv-call3uyh602a/script.py /tmp/venv-call3uyh602a/script.in /tmp/venv-call3uyh602a/script.out /tmp/venv-call3uyh602a/string_args.txt /tmp/venv-call3uyh602a/termination.log
[2024-08-02T17:39:53.310+0900] {process_utils.py:187} INFO - Output:
[2024-08-02T17:39:53.333+0900] {process_utils.py:191} INFO - 
[2024-08-02T17:39:53.333+0900] {process_utils.py:191} INFO - ---------------======---::::::------+--=======++++++++++===--:...::-=--==============--:.....:-=====
[2024-08-02T17:39:53.334+0900] {process_utils.py:191} INFO - ----::---------------------===--::--+-----=============++++++===---:....--===============--:...:-===
[2024-08-02T17:39:53.334+0900] {process_utils.py:191} INFO - ----------------------------------=++----------------------=+===========-::.:-======================
[2024-08-02T17:39:53.334+0900] {process_utils.py:191} INFO - =----------------------------------==-----------------------=-----==============================+=--
[2024-08-02T17:39:53.334+0900] {process_utils.py:191} INFO - %%####=----------------------------==----------------------=-::::-----======+*%#++================::
[2024-08-02T17:39:53.335+0900] {process_utils.py:191} INFO - %%%%%#=----------------------------=-:---------------------=--==--------=====*#*=================-::
[2024-08-02T17:39:53.335+0900] {process_utils.py:191} INFO - @@%%%*-----------------+***++=-----=-::-------------------:+---------=====+++====================-::
[2024-08-02T17:39:53.335+0900] {process_utils.py:191} INFO - @@%%%*---------------#%%%%##%%#=---=-+##*#+----------------=------------=====+====-=--===========-::
[2024-08-02T17:39:53.335+0900] {process_utils.py:191} INFO - @@@%%+--=+*%%%+-----+%@@%#++%%%#=--=*%+===#+::----------::=-----------=+*##*++=-----------=======-::
[2024-08-02T17:39:53.336+0900] {process_utils.py:191} INFO - +++++=-+#+***#*=-----#*++**+#@@@*--+#+**+***-:=-:---=*+-::=-----==+++*######%%%#=-------------==-:::
[2024-08-02T17:39:53.336+0900] {process_utils.py:191} INFO - *******-:::-*=-------+===+=-=+#%%:-=++++=+==-:=-:::=%%#-::###=-*#%%%%%%%%%%%%%%%%+---------------:::
[2024-08-02T17:39:53.336+0900] {process_utils.py:191} INFO - =====+=:--::+---+--+**++++*+++#%*-=--**++++-:=++=::+#*-::=%%%#*#%%%%%%%%@@%%%%@@%%#====------+#%%=-*
[2024-08-02T17:39:53.336+0900] {process_utils.py:191} INFO - =-==++---=+==*#%%%%%%=*++++++++==-=-*##*+=##**++=--++-:--*=-=*#%%%@%###*###*+++*%%%*=============-#%
[2024-08-02T17:39:53.337+0900] {process_utils.py:191} INFO - +-=------=*%%%%@%@@@@***=+*#+*##*#%%@@**++%@%%%%*+=--=-=+-:--:#%@@%#*****###*+---+*++#**===---=++*%@
[2024-08-02T17:39:53.337+0900] {process_utils.py:191} INFO - --==-::-*%%%@@@@@@@%#*=-+++%@%##%%@@@@@%#%@@@%%@%%%*=--=#%####-%@%%####++++++=---==++*####*+++*%@%@@
[2024-08-02T17:39:53.337+0900] {process_utils.py:191} INFO - -=*+=-=#@@@@@@@@@#*+++++*@@@@@@@@@@@@@@@@@@@@@@@@@@@#+==-+*+#=:-+#%##**==++**+++=====+*###*+**#@%##%
[2024-08-02T17:39:53.337+0900] {process_utils.py:191} INFO - -=++-+%%@%@@@@%+=-++***#@@@@@@@@@@@@%:+@@*%+=%@@@@@@%%#%%#*=+--:-=#++**%#*+=+++++===+**####=*%%%%%%%
[2024-08-02T17:39:53.337+0900] {process_utils.py:191} INFO - -=++#%%####+-:---=*%%@@%#######**++++=+++++++++%%=+%@@%##*+==-=++=+*****##*===+++++==*#####*+#%%##%%
[2024-08-02T17:39:53.337+0900] {process_utils.py:191} INFO - -=*+=---==+=-::::-*@@@%+=======++++++++++++++*#%#**%%%*==-+*=--+==*****#**+=====+++++=***+++=+==::::
[2024-08-02T17:39:53.338+0900] {process_utils.py:191} INFO - =#*=++++++*###**==*@@@%=======++++++++*@@@@@@@@%%#####-:=+----==******##****+++++***==-=+=:::.::::::
[2024-08-02T17:39:53.338+0900] {process_utils.py:191} INFO - #%*+*++++**##*###*+#@@#=========++++==*%%%%%%%%######*=-----==+*********##########*+====::::::::::::
[2024-08-02T17:39:53.338+0900] {process_utils.py:191} INFO - ++++*#%%@%*##*##***%@@*===============+%##%%######%%%%*==-===+*********+=+*#######*++++-:::--::-----
[2024-08-02T17:39:53.338+0900] {process_utils.py:191} INFO - ===+*#%@@%*##**#**+=--================+%%#%%###%#%%%%%#======*#######*-:-++*####*****++:------------
[2024-08-02T17:39:53.338+0900] {process_utils.py:191} INFO - =+=------=##**##**+=--================+%%#%%###%%#%%%%%+=====+###**++==----:-*####****=------==-====
[2024-08-02T17:39:53.338+0900] {process_utils.py:191} INFO - 
[2024-08-02T17:39:53.365+0900] {python.py:237} INFO - Done. Returned value was: None
[2024-08-02T17:39:53.365+0900] {taskinstance.py:441} INFO - ::group::Post task execution logs
[2024-08-02T17:39:53.370+0900] {taskinstance.py:1206} INFO - Marking task as SUCCESS. dag_id=movie, task_id=transform, run_id=scheduled__2017-01-05T05:12:00+00:00, execution_date=20170105T051200, start_date=20240802T083945, end_date=20240802T083953
[2024-08-02T17:39:53.394+0900] {local_task_job_runner.py:243} INFO - Task exited with return code 0
[2024-08-02T17:39:53.419+0900] {taskinstance.py:3503} INFO - 1 downstream tasks scheduled from follow-on schedule check
[2024-08-02T17:39:53.426+0900] {local_task_job_runner.py:222} INFO - ::endgroup::
