[2024-08-02T17:11:19.925+0900] {local_task_job_runner.py:120} INFO - ::group::Pre task execution logs
[2024-08-02T17:11:19.953+0900] {taskinstance.py:2076} INFO - Dependencies all met for dep_context=non-requeueable deps ti=<TaskInstance: movie.get.data scheduled__2017-01-03T05:01:00+00:00 [queued]>
[2024-08-02T17:11:19.959+0900] {taskinstance.py:2076} INFO - Dependencies all met for dep_context=requeueable deps ti=<TaskInstance: movie.get.data scheduled__2017-01-03T05:01:00+00:00 [queued]>
[2024-08-02T17:11:19.959+0900] {taskinstance.py:2306} INFO - Starting attempt 1 of 3
[2024-08-02T17:11:19.977+0900] {taskinstance.py:2330} INFO - Executing <Task(PythonVirtualenvOperator): get.data> on 2017-01-03 05:01:00+00:00
[2024-08-02T17:11:19.980+0900] {standard_task_runner.py:64} INFO - Started process 157358 to run task
[2024-08-02T17:11:19.984+0900] {standard_task_runner.py:90} INFO - Running: ['airflow', 'tasks', 'run', 'movie', 'get.data', 'scheduled__2017-01-03T05:01:00+00:00', '--job-id', '132', '--raw', '--subdir', 'DAGS_FOLDER/movie.py', '--cfg-path', '/tmp/tmpn76rx_gt']
[2024-08-02T17:11:19.986+0900] {standard_task_runner.py:91} INFO - Job 132: Subtask get.data
[2024-08-02T17:11:20.024+0900] {task_command.py:426} INFO - Running <TaskInstance: movie.get.data scheduled__2017-01-03T05:01:00+00:00 [running]> on host playdata.
[2024-08-02T17:11:20.098+0900] {taskinstance.py:2648} INFO - Exporting env vars: AIRFLOW_CTX_DAG_OWNER='airflow' AIRFLOW_CTX_DAG_ID='movie' AIRFLOW_CTX_TASK_ID='get.data' AIRFLOW_CTX_EXECUTION_DATE='2017-01-03T05:01:00+00:00' AIRFLOW_CTX_TRY_NUMBER='1' AIRFLOW_CTX_DAG_RUN_ID='scheduled__2017-01-03T05:01:00+00:00'
[2024-08-02T17:11:20.099+0900] {taskinstance.py:430} INFO - ::endgroup::
[2024-08-02T17:11:20.109+0900] {baseoperator.py:400} WARNING - PythonVirtualenvOperator.execute cannot be called outside TaskInstance!
[2024-08-02T17:11:20.110+0900] {process_utils.py:183} INFO - Executing cmd: /home/oddsummer/.pyenv/versions/3.11.9/envs/air/bin/python -m virtualenv /tmp/venvrwwbgekm --python=python
[2024-08-02T17:11:20.111+0900] {process_utils.py:187} INFO - Output:
[2024-08-02T17:11:20.547+0900] {process_utils.py:191} INFO - created virtual environment CPython3.11.9.final.0-64 in 318ms
[2024-08-02T17:11:20.548+0900] {process_utils.py:191} INFO -   creator CPython3Posix(dest=/tmp/venvrwwbgekm, clear=False, no_vcs_ignore=False, global=False)
[2024-08-02T17:11:20.549+0900] {process_utils.py:191} INFO -   seeder FromAppData(download=False, pip=bundle, setuptools=bundle, wheel=bundle, via=copy, app_data_dir=/home/oddsummer/.local/share/virtualenv)
[2024-08-02T17:11:20.549+0900] {process_utils.py:191} INFO -     added seed packages: pip==24.1.2, setuptools==70.2.0, wheel==0.43.0
[2024-08-02T17:11:20.550+0900] {process_utils.py:191} INFO -   activators BashActivator,CShellActivator,FishActivator,NushellActivator,PowerShellActivator,PythonActivator
[2024-08-02T17:11:20.586+0900] {process_utils.py:183} INFO - Executing cmd: /tmp/venvrwwbgekm/bin/pip install -r /tmp/venvrwwbgekm/requirements.txt
[2024-08-02T17:11:20.587+0900] {process_utils.py:187} INFO - Output:
[2024-08-02T17:11:21.573+0900] {process_utils.py:191} INFO - Collecting git+https://github.com/7-TRG/extract_trg.git@main (from -r /tmp/venvrwwbgekm/requirements.txt (line 1))
[2024-08-02T17:11:21.573+0900] {process_utils.py:191} INFO -   Cloning https://github.com/7-TRG/extract_trg.git (to revision main) to /tmp/pip-req-build-axeenxmd
[2024-08-02T17:11:21.576+0900] {process_utils.py:191} INFO -   Running command git clone --filter=blob:none --quiet https://github.com/7-TRG/extract_trg.git /tmp/pip-req-build-axeenxmd
[2024-08-02T17:11:23.224+0900] {process_utils.py:191} INFO -   Resolved https://github.com/7-TRG/extract_trg.git to commit 0712b3f1bbaeeeea58bf80749079a62c7e1bec3d
[2024-08-02T17:11:23.231+0900] {process_utils.py:191} INFO -   Installing build dependencies: started
[2024-08-02T17:11:25.361+0900] {process_utils.py:191} INFO -   Installing build dependencies: finished with status 'done'
[2024-08-02T17:11:25.362+0900] {process_utils.py:191} INFO -   Getting requirements to build wheel: started
[2024-08-02T17:11:25.734+0900] {process_utils.py:191} INFO -   Getting requirements to build wheel: finished with status 'done'
[2024-08-02T17:11:25.736+0900] {process_utils.py:191} INFO -   Preparing metadata (pyproject.toml): started
[2024-08-02T17:11:26.054+0900] {process_utils.py:191} INFO -   Preparing metadata (pyproject.toml): finished with status 'done'
[2024-08-02T17:11:26.056+0900] {process_utils.py:191} INFO - Building wheels for collected packages: extract_trg
[2024-08-02T17:11:26.061+0900] {process_utils.py:191} INFO -   Building wheel for extract_trg (pyproject.toml): started
[2024-08-02T17:11:26.447+0900] {process_utils.py:191} INFO -   Building wheel for extract_trg (pyproject.toml): finished with status 'done'
[2024-08-02T17:11:26.448+0900] {process_utils.py:191} INFO -   Created wheel for extract_trg: filename=extract_trg-0.1.0-py3-none-any.whl size=2219 sha256=3f2de44fa72d4e769ca8f7237ec4d9bd0286d058935d475f5000fd7708d1c60d
[2024-08-02T17:11:26.450+0900] {process_utils.py:191} INFO -   Stored in directory: /tmp/pip-ephem-wheel-cache-dgdnz2oe/wheels/21/97/ea/e27bc4298590f1b8a2b9c46b60aefbe2e3076cf05f6bd5e464
[2024-08-02T17:11:26.452+0900] {process_utils.py:191} INFO - Successfully built extract_trg
[2024-08-02T17:11:26.464+0900] {process_utils.py:191} INFO - Installing collected packages: extract_trg
[2024-08-02T17:11:26.484+0900] {process_utils.py:191} INFO - Successfully installed extract_trg-0.1.0
[2024-08-02T17:11:26.491+0900] {process_utils.py:191} INFO - 
[2024-08-02T17:11:26.491+0900] {process_utils.py:191} INFO - [notice] A new release of pip is available: 24.1.2 -> 24.2
[2024-08-02T17:11:26.491+0900] {process_utils.py:191} INFO - [notice] To update, run: python -m pip install --upgrade pip
[2024-08-02T17:11:26.610+0900] {process_utils.py:183} INFO - Executing cmd: /tmp/venvrwwbgekm/bin/python /tmp/venv-callxl9v9eng/script.py /tmp/venv-callxl9v9eng/script.in /tmp/venv-callxl9v9eng/script.out /tmp/venv-callxl9v9eng/string_args.txt /tmp/venv-callxl9v9eng/termination.log
[2024-08-02T17:11:26.611+0900] {process_utils.py:187} INFO - Output:
[2024-08-02T17:11:26.640+0900] {process_utils.py:191} INFO - 
[2024-08-02T17:11:26.641+0900] {process_utils.py:191} INFO - ---------------======---::::::------+--=======++++++++++===--:...::-=--==============--:.....:-=====
[2024-08-02T17:11:26.641+0900] {process_utils.py:191} INFO - ----::---------------------===--::--+-----=============++++++===---:....--===============--:...:-===
[2024-08-02T17:11:26.641+0900] {process_utils.py:191} INFO - ----------------------------------=++----------------------=+===========-::.:-======================
[2024-08-02T17:11:26.641+0900] {process_utils.py:191} INFO - =----------------------------------==-----------------------=-----==============================+=--
[2024-08-02T17:11:26.641+0900] {process_utils.py:191} INFO - %%####=----------------------------==----------------------=-::::-----======+*%#++================::
[2024-08-02T17:11:26.642+0900] {process_utils.py:191} INFO - %%%%%#=----------------------------=-:---------------------=--==--------=====*#*=================-::
[2024-08-02T17:11:26.642+0900] {process_utils.py:191} INFO - @@%%%*-----------------+***++=-----=-::-------------------:+---------=====+++====================-::
[2024-08-02T17:11:26.642+0900] {process_utils.py:191} INFO - @@%%%*---------------#%%%%##%%#=---=-+##*#+----------------=------------=====+====-=--===========-::
[2024-08-02T17:11:26.642+0900] {process_utils.py:191} INFO - @@@%%+--=+*%%%+-----+%@@%#++%%%#=--=*%+===#+::----------::=-----------=+*##*++=-----------=======-::
[2024-08-02T17:11:26.642+0900] {process_utils.py:191} INFO - +++++=-+#+***#*=-----#*++**+#@@@*--+#+**+***-:=-:---=*+-::=-----==+++*######%%%#=-------------==-:::
[2024-08-02T17:11:26.642+0900] {process_utils.py:191} INFO - *******-:::-*=-------+===+=-=+#%%:-=++++=+==-:=-:::=%%#-::###=-*#%%%%%%%%%%%%%%%%+---------------:::
[2024-08-02T17:11:26.642+0900] {process_utils.py:191} INFO - =====+=:--::+---+--+**++++*+++#%*-=--**++++-:=++=::+#*-::=%%%#*#%%%%%%%%@@%%%%@@%%#====------+#%%=-*
[2024-08-02T17:11:26.643+0900] {process_utils.py:191} INFO - =-==++---=+==*#%%%%%%=*++++++++==-=-*##*+=##**++=--++-:--*=-=*#%%%@%###*###*+++*%%%*=============-#%
[2024-08-02T17:11:26.643+0900] {process_utils.py:191} INFO - +-=------=*%%%%@%@@@@***=+*#+*##*#%%@@**++%@%%%%*+=--=-=+-:--:#%@@%#*****###*+---+*++#**===---=++*%@
[2024-08-02T17:11:26.643+0900] {process_utils.py:191} INFO - --==-::-*%%%@@@@@@@%#*=-+++%@%##%%@@@@@%#%@@@%%@%%%*=--=#%####-%@%%####++++++=---==++*####*+++*%@%@@
[2024-08-02T17:11:26.643+0900] {process_utils.py:191} INFO - -=*+=-=#@@@@@@@@@#*+++++*@@@@@@@@@@@@@@@@@@@@@@@@@@@#+==-+*+#=:-+#%##**==++**+++=====+*###*+**#@%##%
[2024-08-02T17:11:26.643+0900] {process_utils.py:191} INFO - -=++-+%%@%@@@@%+=-++***#@@@@@@@@@@@@%:+@@*%+=%@@@@@@%%#%%#*=+--:-=#++**%#*+=+++++===+**####=*%%%%%%%
[2024-08-02T17:11:26.643+0900] {process_utils.py:191} INFO - -=++#%%####+-:---=*%%@@%#######**++++=+++++++++%%=+%@@%##*+==-=++=+*****##*===+++++==*#####*+#%%##%%
[2024-08-02T17:11:26.643+0900] {process_utils.py:191} INFO - -=*+=---==+=-::::-*@@@%+=======++++++++++++++*#%#**%%%*==-+*=--+==*****#**+=====+++++=***+++=+==::::
[2024-08-02T17:11:26.644+0900] {process_utils.py:191} INFO - =#*=++++++*###**==*@@@%=======++++++++*@@@@@@@@%%#####-:=+----==******##****+++++***==-=+=:::.::::::
[2024-08-02T17:11:26.644+0900] {process_utils.py:191} INFO - #%*+*++++**##*###*+#@@#=========++++==*%%%%%%%%######*=-----==+*********##########*+====::::::::::::
[2024-08-02T17:11:26.644+0900] {process_utils.py:191} INFO - ++++*#%%@%*##*##***%@@*===============+%##%%######%%%%*==-===+*********+=+*#######*++++-:::--::-----
[2024-08-02T17:11:26.644+0900] {process_utils.py:191} INFO - ===+*#%@@%*##**#**+=--================+%%#%%###%#%%%%%#======*#######*-:-++*####*****++:------------
[2024-08-02T17:11:26.644+0900] {process_utils.py:191} INFO - =+=------=##**##**+=--================+%%#%%###%%#%%%%%+=====+###**++==----:-*####****=------==-====
[2024-08-02T17:11:26.645+0900] {process_utils.py:191} INFO - 
[2024-08-02T17:11:26.683+0900] {python.py:237} INFO - Done. Returned value was: None
[2024-08-02T17:11:26.683+0900] {taskinstance.py:441} INFO - ::group::Post task execution logs
[2024-08-02T17:11:26.689+0900] {taskinstance.py:1206} INFO - Marking task as SUCCESS. dag_id=movie, task_id=get.data, run_id=scheduled__2017-01-03T05:01:00+00:00, execution_date=20170103T050100, start_date=20240802T081119, end_date=20240802T081126
[2024-08-02T17:11:26.762+0900] {local_task_job_runner.py:243} INFO - Task exited with return code 0
[2024-08-02T17:11:26.779+0900] {taskinstance.py:3503} INFO - 0 downstream tasks scheduled from follow-on schedule check
[2024-08-02T17:11:26.780+0900] {local_task_job_runner.py:222} INFO - ::endgroup::
