[2024-08-02T17:39:15.925+0900] {local_task_job_runner.py:120} INFO - ::group::Pre task execution logs
[2024-08-02T17:39:15.946+0900] {taskinstance.py:2076} INFO - Dependencies all met for dep_context=non-requeueable deps ti=<TaskInstance: movie.transform scheduled__2017-01-05T05:11:00+00:00 [queued]>
[2024-08-02T17:39:15.953+0900] {taskinstance.py:2076} INFO - Dependencies all met for dep_context=requeueable deps ti=<TaskInstance: movie.transform scheduled__2017-01-05T05:11:00+00:00 [queued]>
[2024-08-02T17:39:15.953+0900] {taskinstance.py:2306} INFO - Starting attempt 1 of 3
[2024-08-02T17:39:15.967+0900] {taskinstance.py:2330} INFO - Executing <Task(PythonVirtualenvOperator): transform> on 2017-01-05 05:11:00+00:00
[2024-08-02T17:39:15.970+0900] {standard_task_runner.py:64} INFO - Started process 172574 to run task
[2024-08-02T17:39:15.974+0900] {standard_task_runner.py:90} INFO - Running: ['airflow', 'tasks', 'run', 'movie', 'transform', 'scheduled__2017-01-05T05:11:00+00:00', '--job-id', '280', '--raw', '--subdir', 'DAGS_FOLDER/movie.py', '--cfg-path', '/tmp/tmp0subkk2y']
[2024-08-02T17:39:15.976+0900] {standard_task_runner.py:91} INFO - Job 280: Subtask transform
[2024-08-02T17:39:16.021+0900] {task_command.py:426} INFO - Running <TaskInstance: movie.transform scheduled__2017-01-05T05:11:00+00:00 [running]> on host playdata.
[2024-08-02T17:39:16.091+0900] {taskinstance.py:2648} INFO - Exporting env vars: AIRFLOW_CTX_DAG_OWNER='airflow' AIRFLOW_CTX_DAG_ID='movie' AIRFLOW_CTX_TASK_ID='transform' AIRFLOW_CTX_EXECUTION_DATE='2017-01-05T05:11:00+00:00' AIRFLOW_CTX_TRY_NUMBER='1' AIRFLOW_CTX_DAG_RUN_ID='scheduled__2017-01-05T05:11:00+00:00'
[2024-08-02T17:39:16.091+0900] {taskinstance.py:430} INFO - ::endgroup::
[2024-08-02T17:39:16.102+0900] {baseoperator.py:400} WARNING - PythonVirtualenvOperator.execute cannot be called outside TaskInstance!
[2024-08-02T17:39:16.102+0900] {process_utils.py:183} INFO - Executing cmd: /home/oddsummer/.pyenv/versions/3.11.9/envs/air/bin/python -m virtualenv /tmp/venvzm_xhrkr --python=python
[2024-08-02T17:39:16.103+0900] {process_utils.py:187} INFO - Output:
[2024-08-02T17:39:16.471+0900] {process_utils.py:191} INFO - created virtual environment CPython3.11.9.final.0-64 in 262ms
[2024-08-02T17:39:16.471+0900] {process_utils.py:191} INFO -   creator CPython3Posix(dest=/tmp/venvzm_xhrkr, clear=False, no_vcs_ignore=False, global=False)
[2024-08-02T17:39:16.472+0900] {process_utils.py:191} INFO -   seeder FromAppData(download=False, pip=bundle, setuptools=bundle, wheel=bundle, via=copy, app_data_dir=/home/oddsummer/.local/share/virtualenv)
[2024-08-02T17:39:16.472+0900] {process_utils.py:191} INFO -     added seed packages: pip==24.1.2, setuptools==70.2.0, wheel==0.43.0
[2024-08-02T17:39:16.472+0900] {process_utils.py:191} INFO -   activators BashActivator,CShellActivator,FishActivator,NushellActivator,PowerShellActivator,PythonActivator
[2024-08-02T17:39:16.499+0900] {process_utils.py:183} INFO - Executing cmd: /tmp/venvzm_xhrkr/bin/pip install -r /tmp/venvzm_xhrkr/requirements.txt
[2024-08-02T17:39:16.500+0900] {process_utils.py:187} INFO - Output:
[2024-08-02T17:39:17.580+0900] {process_utils.py:191} INFO - Collecting git+https://github.com/7-TRG/transform_trg.git@main (from -r /tmp/venvzm_xhrkr/requirements.txt (line 1))
[2024-08-02T17:39:17.581+0900] {process_utils.py:191} INFO -   Cloning https://github.com/7-TRG/transform_trg.git (to revision main) to /tmp/pip-req-build-oyyro0d1
[2024-08-02T17:39:17.584+0900] {process_utils.py:191} INFO -   Running command git clone --filter=blob:none --quiet https://github.com/7-TRG/transform_trg.git /tmp/pip-req-build-oyyro0d1
[2024-08-02T17:39:19.316+0900] {process_utils.py:191} INFO -   Resolved https://github.com/7-TRG/transform_trg.git to commit 789fe432a030fafcbef44ec873bc256dce822228
[2024-08-02T17:39:19.321+0900] {process_utils.py:191} INFO -   Installing build dependencies: started
[2024-08-02T17:39:21.437+0900] {process_utils.py:191} INFO -   Installing build dependencies: finished with status 'done'
[2024-08-02T17:39:21.438+0900] {process_utils.py:191} INFO -   Getting requirements to build wheel: started
[2024-08-02T17:39:21.762+0900] {process_utils.py:191} INFO -   Getting requirements to build wheel: finished with status 'done'
[2024-08-02T17:39:21.763+0900] {process_utils.py:191} INFO -   Preparing metadata (pyproject.toml): started
[2024-08-02T17:39:22.040+0900] {process_utils.py:191} INFO -   Preparing metadata (pyproject.toml): finished with status 'done'
[2024-08-02T17:39:22.048+0900] {process_utils.py:191} INFO - Building wheels for collected packages: transform_trg
[2024-08-02T17:39:22.053+0900] {process_utils.py:191} INFO -   Building wheel for transform_trg (pyproject.toml): started
[2024-08-02T17:39:22.330+0900] {process_utils.py:191} INFO -   Building wheel for transform_trg (pyproject.toml): finished with status 'done'
[2024-08-02T17:39:22.331+0900] {process_utils.py:191} INFO -   Created wheel for transform_trg: filename=transform_trg-0.1.0-py3-none-any.whl size=2244 sha256=fd969959334440ef70c7c3f00863ad3d6ed9bde4beacada75d6949e437f009a6
[2024-08-02T17:39:22.331+0900] {process_utils.py:191} INFO -   Stored in directory: /tmp/pip-ephem-wheel-cache-vk6aik6e/wheels/52/ed/12/e63285a730e0434716bf2b76c497e2eca12531b214fbcca988
[2024-08-02T17:39:22.333+0900] {process_utils.py:191} INFO - Successfully built transform_trg
[2024-08-02T17:39:22.342+0900] {process_utils.py:191} INFO - Installing collected packages: transform_trg
[2024-08-02T17:39:22.361+0900] {process_utils.py:191} INFO - Successfully installed transform_trg-0.1.0
[2024-08-02T17:39:22.366+0900] {process_utils.py:191} INFO - 
[2024-08-02T17:39:22.367+0900] {process_utils.py:191} INFO - [notice] A new release of pip is available: 24.1.2 -> 24.2
[2024-08-02T17:39:22.367+0900] {process_utils.py:191} INFO - [notice] To update, run: python -m pip install --upgrade pip
[2024-08-02T17:39:22.460+0900] {process_utils.py:183} INFO - Executing cmd: /tmp/venvzm_xhrkr/bin/python /tmp/venv-callbfxorxvw/script.py /tmp/venv-callbfxorxvw/script.in /tmp/venv-callbfxorxvw/script.out /tmp/venv-callbfxorxvw/string_args.txt /tmp/venv-callbfxorxvw/termination.log
[2024-08-02T17:39:22.461+0900] {process_utils.py:187} INFO - Output:
[2024-08-02T17:39:22.481+0900] {process_utils.py:191} INFO - 
[2024-08-02T17:39:22.481+0900] {process_utils.py:191} INFO - ---------------======---::::::------+--=======++++++++++===--:...::-=--==============--:.....:-=====
[2024-08-02T17:39:22.481+0900] {process_utils.py:191} INFO - ----::---------------------===--::--+-----=============++++++===---:....--===============--:...:-===
[2024-08-02T17:39:22.481+0900] {process_utils.py:191} INFO - ----------------------------------=++----------------------=+===========-::.:-======================
[2024-08-02T17:39:22.482+0900] {process_utils.py:191} INFO - =----------------------------------==-----------------------=-----==============================+=--
[2024-08-02T17:39:22.482+0900] {process_utils.py:191} INFO - %%####=----------------------------==----------------------=-::::-----======+*%#++================::
[2024-08-02T17:39:22.482+0900] {process_utils.py:191} INFO - %%%%%#=----------------------------=-:---------------------=--==--------=====*#*=================-::
[2024-08-02T17:39:22.482+0900] {process_utils.py:191} INFO - @@%%%*-----------------+***++=-----=-::-------------------:+---------=====+++====================-::
[2024-08-02T17:39:22.482+0900] {process_utils.py:191} INFO - @@%%%*---------------#%%%%##%%#=---=-+##*#+----------------=------------=====+====-=--===========-::
[2024-08-02T17:39:22.482+0900] {process_utils.py:191} INFO - @@@%%+--=+*%%%+-----+%@@%#++%%%#=--=*%+===#+::----------::=-----------=+*##*++=-----------=======-::
[2024-08-02T17:39:22.482+0900] {process_utils.py:191} INFO - +++++=-+#+***#*=-----#*++**+#@@@*--+#+**+***-:=-:---=*+-::=-----==+++*######%%%#=-------------==-:::
[2024-08-02T17:39:22.483+0900] {process_utils.py:191} INFO - *******-:::-*=-------+===+=-=+#%%:-=++++=+==-:=-:::=%%#-::###=-*#%%%%%%%%%%%%%%%%+---------------:::
[2024-08-02T17:39:22.483+0900] {process_utils.py:191} INFO - =====+=:--::+---+--+**++++*+++#%*-=--**++++-:=++=::+#*-::=%%%#*#%%%%%%%%@@%%%%@@%%#====------+#%%=-*
[2024-08-02T17:39:22.483+0900] {process_utils.py:191} INFO - =-==++---=+==*#%%%%%%=*++++++++==-=-*##*+=##**++=--++-:--*=-=*#%%%@%###*###*+++*%%%*=============-#%
[2024-08-02T17:39:22.483+0900] {process_utils.py:191} INFO - +-=------=*%%%%@%@@@@***=+*#+*##*#%%@@**++%@%%%%*+=--=-=+-:--:#%@@%#*****###*+---+*++#**===---=++*%@
[2024-08-02T17:39:22.483+0900] {process_utils.py:191} INFO - --==-::-*%%%@@@@@@@%#*=-+++%@%##%%@@@@@%#%@@@%%@%%%*=--=#%####-%@%%####++++++=---==++*####*+++*%@%@@
[2024-08-02T17:39:22.483+0900] {process_utils.py:191} INFO - -=*+=-=#@@@@@@@@@#*+++++*@@@@@@@@@@@@@@@@@@@@@@@@@@@#+==-+*+#=:-+#%##**==++**+++=====+*###*+**#@%##%
[2024-08-02T17:39:22.483+0900] {process_utils.py:191} INFO - -=++-+%%@%@@@@%+=-++***#@@@@@@@@@@@@%:+@@*%+=%@@@@@@%%#%%#*=+--:-=#++**%#*+=+++++===+**####=*%%%%%%%
[2024-08-02T17:39:22.484+0900] {process_utils.py:191} INFO - -=++#%%####+-:---=*%%@@%#######**++++=+++++++++%%=+%@@%##*+==-=++=+*****##*===+++++==*#####*+#%%##%%
[2024-08-02T17:39:22.484+0900] {process_utils.py:191} INFO - -=*+=---==+=-::::-*@@@%+=======++++++++++++++*#%#**%%%*==-+*=--+==*****#**+=====+++++=***+++=+==::::
[2024-08-02T17:39:22.484+0900] {process_utils.py:191} INFO - =#*=++++++*###**==*@@@%=======++++++++*@@@@@@@@%%#####-:=+----==******##****+++++***==-=+=:::.::::::
[2024-08-02T17:39:22.484+0900] {process_utils.py:191} INFO - #%*+*++++**##*###*+#@@#=========++++==*%%%%%%%%######*=-----==+*********##########*+====::::::::::::
[2024-08-02T17:39:22.484+0900] {process_utils.py:191} INFO - ++++*#%%@%*##*##***%@@*===============+%##%%######%%%%*==-===+*********+=+*#######*++++-:::--::-----
[2024-08-02T17:39:22.484+0900] {process_utils.py:191} INFO - ===+*#%@@%*##**#**+=--================+%%#%%###%#%%%%%#======*#######*-:-++*####*****++:------------
[2024-08-02T17:39:22.484+0900] {process_utils.py:191} INFO - =+=------=##**##**+=--================+%%#%%###%%#%%%%%+=====+###**++==----:-*####****=------==-====
[2024-08-02T17:39:22.484+0900] {process_utils.py:191} INFO - 
[2024-08-02T17:39:22.507+0900] {python.py:237} INFO - Done. Returned value was: None
[2024-08-02T17:39:22.508+0900] {taskinstance.py:441} INFO - ::group::Post task execution logs
[2024-08-02T17:39:22.513+0900] {taskinstance.py:1206} INFO - Marking task as SUCCESS. dag_id=movie, task_id=transform, run_id=scheduled__2017-01-05T05:11:00+00:00, execution_date=20170105T051100, start_date=20240802T083915, end_date=20240802T083922
[2024-08-02T17:39:22.572+0900] {local_task_job_runner.py:243} INFO - Task exited with return code 0
[2024-08-02T17:39:22.595+0900] {taskinstance.py:3503} INFO - 1 downstream tasks scheduled from follow-on schedule check
[2024-08-02T17:39:22.604+0900] {local_task_job_runner.py:222} INFO - ::endgroup::
