[2024-08-02T17:43:35.023+0900] {local_task_job_runner.py:120} INFO - ::group::Pre task execution logs
[2024-08-02T17:43:35.044+0900] {taskinstance.py:2076} INFO - Dependencies all met for dep_context=non-requeueable deps ti=<TaskInstance: movie.transform scheduled__2017-01-05T05:20:00+00:00 [queued]>
[2024-08-02T17:43:35.052+0900] {taskinstance.py:2076} INFO - Dependencies all met for dep_context=requeueable deps ti=<TaskInstance: movie.transform scheduled__2017-01-05T05:20:00+00:00 [queued]>
[2024-08-02T17:43:35.052+0900] {taskinstance.py:2306} INFO - Starting attempt 1 of 3
[2024-08-02T17:43:35.067+0900] {taskinstance.py:2330} INFO - Executing <Task(PythonVirtualenvOperator): transform> on 2017-01-05 05:20:00+00:00
[2024-08-02T17:43:35.070+0900] {standard_task_runner.py:64} INFO - Started process 175112 to run task
[2024-08-02T17:43:35.073+0900] {standard_task_runner.py:90} INFO - Running: ['airflow', 'tasks', 'run', 'movie', 'transform', 'scheduled__2017-01-05T05:20:00+00:00', '--job-id', '307', '--raw', '--subdir', 'DAGS_FOLDER/movie.py', '--cfg-path', '/tmp/tmpz7glzq9c']
[2024-08-02T17:43:35.074+0900] {standard_task_runner.py:91} INFO - Job 307: Subtask transform
[2024-08-02T17:43:35.110+0900] {task_command.py:426} INFO - Running <TaskInstance: movie.transform scheduled__2017-01-05T05:20:00+00:00 [running]> on host playdata.
[2024-08-02T17:43:35.177+0900] {taskinstance.py:2648} INFO - Exporting env vars: AIRFLOW_CTX_DAG_OWNER='airflow' AIRFLOW_CTX_DAG_ID='movie' AIRFLOW_CTX_TASK_ID='transform' AIRFLOW_CTX_EXECUTION_DATE='2017-01-05T05:20:00+00:00' AIRFLOW_CTX_TRY_NUMBER='1' AIRFLOW_CTX_DAG_RUN_ID='scheduled__2017-01-05T05:20:00+00:00'
[2024-08-02T17:43:35.178+0900] {taskinstance.py:430} INFO - ::endgroup::
[2024-08-02T17:43:35.188+0900] {baseoperator.py:400} WARNING - PythonVirtualenvOperator.execute cannot be called outside TaskInstance!
[2024-08-02T17:43:35.189+0900] {process_utils.py:183} INFO - Executing cmd: /home/oddsummer/.pyenv/versions/3.11.9/envs/air/bin/python -m virtualenv /tmp/venvgpolh5ob --python=python
[2024-08-02T17:43:35.190+0900] {process_utils.py:187} INFO - Output:
[2024-08-02T17:43:35.527+0900] {process_utils.py:191} INFO - created virtual environment CPython3.11.9.final.0-64 in 224ms
[2024-08-02T17:43:35.527+0900] {process_utils.py:191} INFO -   creator CPython3Posix(dest=/tmp/venvgpolh5ob, clear=False, no_vcs_ignore=False, global=False)
[2024-08-02T17:43:35.528+0900] {process_utils.py:191} INFO -   seeder FromAppData(download=False, pip=bundle, setuptools=bundle, wheel=bundle, via=copy, app_data_dir=/home/oddsummer/.local/share/virtualenv)
[2024-08-02T17:43:35.528+0900] {process_utils.py:191} INFO -     added seed packages: pip==24.1.2, setuptools==70.2.0, wheel==0.43.0
[2024-08-02T17:43:35.528+0900] {process_utils.py:191} INFO -   activators BashActivator,CShellActivator,FishActivator,NushellActivator,PowerShellActivator,PythonActivator
[2024-08-02T17:43:35.552+0900] {process_utils.py:183} INFO - Executing cmd: /tmp/venvgpolh5ob/bin/pip install -r /tmp/venvgpolh5ob/requirements.txt
[2024-08-02T17:43:35.553+0900] {process_utils.py:187} INFO - Output:
[2024-08-02T17:43:36.506+0900] {process_utils.py:191} INFO - Collecting git+https://github.com/7-TRG/transform_trg.git@main (from -r /tmp/venvgpolh5ob/requirements.txt (line 1))
[2024-08-02T17:43:36.507+0900] {process_utils.py:191} INFO -   Cloning https://github.com/7-TRG/transform_trg.git (to revision main) to /tmp/pip-req-build-km0b3vhp
[2024-08-02T17:43:36.509+0900] {process_utils.py:191} INFO -   Running command git clone --filter=blob:none --quiet https://github.com/7-TRG/transform_trg.git /tmp/pip-req-build-km0b3vhp
[2024-08-02T17:43:38.240+0900] {process_utils.py:191} INFO -   Resolved https://github.com/7-TRG/transform_trg.git to commit 789fe432a030fafcbef44ec873bc256dce822228
[2024-08-02T17:43:38.244+0900] {process_utils.py:191} INFO -   Installing build dependencies: started
[2024-08-02T17:43:40.125+0900] {process_utils.py:191} INFO -   Installing build dependencies: finished with status 'done'
[2024-08-02T17:43:40.126+0900] {process_utils.py:191} INFO -   Getting requirements to build wheel: started
[2024-08-02T17:43:40.370+0900] {process_utils.py:191} INFO -   Getting requirements to build wheel: finished with status 'done'
[2024-08-02T17:43:40.371+0900] {process_utils.py:191} INFO -   Preparing metadata (pyproject.toml): started
[2024-08-02T17:43:40.614+0900] {process_utils.py:191} INFO -   Preparing metadata (pyproject.toml): finished with status 'done'
[2024-08-02T17:43:40.617+0900] {process_utils.py:191} INFO - Building wheels for collected packages: transform_trg
[2024-08-02T17:43:40.621+0900] {process_utils.py:191} INFO -   Building wheel for transform_trg (pyproject.toml): started
[2024-08-02T17:43:40.892+0900] {process_utils.py:191} INFO -   Building wheel for transform_trg (pyproject.toml): finished with status 'done'
[2024-08-02T17:43:40.893+0900] {process_utils.py:191} INFO -   Created wheel for transform_trg: filename=transform_trg-0.1.0-py3-none-any.whl size=2244 sha256=23b16e9d2c82451de5324f9f1282ac78639252fd0c1e3a277bd3caa1e38e31cb
[2024-08-02T17:43:40.894+0900] {process_utils.py:191} INFO -   Stored in directory: /tmp/pip-ephem-wheel-cache-ntnx4fy4/wheels/52/ed/12/e63285a730e0434716bf2b76c497e2eca12531b214fbcca988
[2024-08-02T17:43:40.896+0900] {process_utils.py:191} INFO - Successfully built transform_trg
[2024-08-02T17:43:40.906+0900] {process_utils.py:191} INFO - Installing collected packages: transform_trg
[2024-08-02T17:43:40.931+0900] {process_utils.py:191} INFO - Successfully installed transform_trg-0.1.0
[2024-08-02T17:43:40.937+0900] {process_utils.py:191} INFO - 
[2024-08-02T17:43:40.937+0900] {process_utils.py:191} INFO - [notice] A new release of pip is available: 24.1.2 -> 24.2
[2024-08-02T17:43:40.937+0900] {process_utils.py:191} INFO - [notice] To update, run: python -m pip install --upgrade pip
[2024-08-02T17:43:41.038+0900] {process_utils.py:183} INFO - Executing cmd: /tmp/venvgpolh5ob/bin/python /tmp/venv-callkv2sw5qg/script.py /tmp/venv-callkv2sw5qg/script.in /tmp/venv-callkv2sw5qg/script.out /tmp/venv-callkv2sw5qg/string_args.txt /tmp/venv-callkv2sw5qg/termination.log
[2024-08-02T17:43:41.039+0900] {process_utils.py:187} INFO - Output:
[2024-08-02T17:43:41.060+0900] {process_utils.py:191} INFO - 
[2024-08-02T17:43:41.060+0900] {process_utils.py:191} INFO - ---------------======---::::::------+--=======++++++++++===--:...::-=--==============--:.....:-=====
[2024-08-02T17:43:41.060+0900] {process_utils.py:191} INFO - ----::---------------------===--::--+-----=============++++++===---:....--===============--:...:-===
[2024-08-02T17:43:41.060+0900] {process_utils.py:191} INFO - ----------------------------------=++----------------------=+===========-::.:-======================
[2024-08-02T17:43:41.060+0900] {process_utils.py:191} INFO - =----------------------------------==-----------------------=-----==============================+=--
[2024-08-02T17:43:41.061+0900] {process_utils.py:191} INFO - %%####=----------------------------==----------------------=-::::-----======+*%#++================::
[2024-08-02T17:43:41.061+0900] {process_utils.py:191} INFO - %%%%%#=----------------------------=-:---------------------=--==--------=====*#*=================-::
[2024-08-02T17:43:41.061+0900] {process_utils.py:191} INFO - @@%%%*-----------------+***++=-----=-::-------------------:+---------=====+++====================-::
[2024-08-02T17:43:41.061+0900] {process_utils.py:191} INFO - @@%%%*---------------#%%%%##%%#=---=-+##*#+----------------=------------=====+====-=--===========-::
[2024-08-02T17:43:41.062+0900] {process_utils.py:191} INFO - @@@%%+--=+*%%%+-----+%@@%#++%%%#=--=*%+===#+::----------::=-----------=+*##*++=-----------=======-::
[2024-08-02T17:43:41.062+0900] {process_utils.py:191} INFO - +++++=-+#+***#*=-----#*++**+#@@@*--+#+**+***-:=-:---=*+-::=-----==+++*######%%%#=-------------==-:::
[2024-08-02T17:43:41.062+0900] {process_utils.py:191} INFO - *******-:::-*=-------+===+=-=+#%%:-=++++=+==-:=-:::=%%#-::###=-*#%%%%%%%%%%%%%%%%+---------------:::
[2024-08-02T17:43:41.062+0900] {process_utils.py:191} INFO - =====+=:--::+---+--+**++++*+++#%*-=--**++++-:=++=::+#*-::=%%%#*#%%%%%%%%@@%%%%@@%%#====------+#%%=-*
[2024-08-02T17:43:41.062+0900] {process_utils.py:191} INFO - =-==++---=+==*#%%%%%%=*++++++++==-=-*##*+=##**++=--++-:--*=-=*#%%%@%###*###*+++*%%%*=============-#%
[2024-08-02T17:43:41.062+0900] {process_utils.py:191} INFO - +-=------=*%%%%@%@@@@***=+*#+*##*#%%@@**++%@%%%%*+=--=-=+-:--:#%@@%#*****###*+---+*++#**===---=++*%@
[2024-08-02T17:43:41.062+0900] {process_utils.py:191} INFO - --==-::-*%%%@@@@@@@%#*=-+++%@%##%%@@@@@%#%@@@%%@%%%*=--=#%####-%@%%####++++++=---==++*####*+++*%@%@@
[2024-08-02T17:43:41.063+0900] {process_utils.py:191} INFO - -=*+=-=#@@@@@@@@@#*+++++*@@@@@@@@@@@@@@@@@@@@@@@@@@@#+==-+*+#=:-+#%##**==++**+++=====+*###*+**#@%##%
[2024-08-02T17:43:41.063+0900] {process_utils.py:191} INFO - -=++-+%%@%@@@@%+=-++***#@@@@@@@@@@@@%:+@@*%+=%@@@@@@%%#%%#*=+--:-=#++**%#*+=+++++===+**####=*%%%%%%%
[2024-08-02T17:43:41.063+0900] {process_utils.py:191} INFO - -=++#%%####+-:---=*%%@@%#######**++++=+++++++++%%=+%@@%##*+==-=++=+*****##*===+++++==*#####*+#%%##%%
[2024-08-02T17:43:41.063+0900] {process_utils.py:191} INFO - -=*+=---==+=-::::-*@@@%+=======++++++++++++++*#%#**%%%*==-+*=--+==*****#**+=====+++++=***+++=+==::::
[2024-08-02T17:43:41.063+0900] {process_utils.py:191} INFO - =#*=++++++*###**==*@@@%=======++++++++*@@@@@@@@%%#####-:=+----==******##****+++++***==-=+=:::.::::::
[2024-08-02T17:43:41.063+0900] {process_utils.py:191} INFO - #%*+*++++**##*###*+#@@#=========++++==*%%%%%%%%######*=-----==+*********##########*+====::::::::::::
[2024-08-02T17:43:41.064+0900] {process_utils.py:191} INFO - ++++*#%%@%*##*##***%@@*===============+%##%%######%%%%*==-===+*********+=+*#######*++++-:::--::-----
[2024-08-02T17:43:41.064+0900] {process_utils.py:191} INFO - ===+*#%@@%*##**#**+=--================+%%#%%###%#%%%%%#======*#######*-:-++*####*****++:------------
[2024-08-02T17:43:41.064+0900] {process_utils.py:191} INFO - =+=------=##**##**+=--================+%%#%%###%%#%%%%%+=====+###**++==----:-*####****=------==-====
[2024-08-02T17:43:41.064+0900] {process_utils.py:191} INFO - 
[2024-08-02T17:43:41.092+0900] {python.py:237} INFO - Done. Returned value was: None
[2024-08-02T17:43:41.092+0900] {taskinstance.py:441} INFO - ::group::Post task execution logs
[2024-08-02T17:43:41.097+0900] {taskinstance.py:1206} INFO - Marking task as SUCCESS. dag_id=movie, task_id=transform, run_id=scheduled__2017-01-05T05:20:00+00:00, execution_date=20170105T052000, start_date=20240802T084335, end_date=20240802T084341
[2024-08-02T17:43:41.160+0900] {local_task_job_runner.py:243} INFO - Task exited with return code 0
[2024-08-02T17:43:41.185+0900] {taskinstance.py:3503} INFO - 1 downstream tasks scheduled from follow-on schedule check
[2024-08-02T17:43:41.192+0900] {local_task_job_runner.py:222} INFO - ::endgroup::
