[2024-08-02T17:00:43.726+0900] {local_task_job_runner.py:120} INFO - ::group::Pre task execution logs
[2024-08-02T17:00:43.760+0900] {taskinstance.py:2076} INFO - Dependencies all met for dep_context=non-requeueable deps ti=<TaskInstance: movie.get.data scheduled__2017-01-02T05:06:00+00:00 [queued]>
[2024-08-02T17:00:43.767+0900] {taskinstance.py:2076} INFO - Dependencies all met for dep_context=requeueable deps ti=<TaskInstance: movie.get.data scheduled__2017-01-02T05:06:00+00:00 [queued]>
[2024-08-02T17:00:43.767+0900] {taskinstance.py:2306} INFO - Starting attempt 1 of 3
[2024-08-02T17:00:43.786+0900] {taskinstance.py:2330} INFO - Executing <Task(PythonVirtualenvOperator): get.data> on 2017-01-02 05:06:00+00:00
[2024-08-02T17:00:43.790+0900] {standard_task_runner.py:64} INFO - Started process 151365 to run task
[2024-08-02T17:00:43.794+0900] {standard_task_runner.py:90} INFO - Running: ['airflow', 'tasks', 'run', 'movie', 'get.data', 'scheduled__2017-01-02T05:06:00+00:00', '--job-id', '77', '--raw', '--subdir', 'DAGS_FOLDER/movie.py', '--cfg-path', '/tmp/tmpsq1b1ylb']
[2024-08-02T17:00:43.796+0900] {standard_task_runner.py:91} INFO - Job 77: Subtask get.data
[2024-08-02T17:00:43.832+0900] {task_command.py:426} INFO - Running <TaskInstance: movie.get.data scheduled__2017-01-02T05:06:00+00:00 [running]> on host playdata.
[2024-08-02T17:00:43.918+0900] {taskinstance.py:2648} INFO - Exporting env vars: AIRFLOW_CTX_DAG_OWNER='airflow' AIRFLOW_CTX_DAG_ID='movie' AIRFLOW_CTX_TASK_ID='get.data' AIRFLOW_CTX_EXECUTION_DATE='2017-01-02T05:06:00+00:00' AIRFLOW_CTX_TRY_NUMBER='1' AIRFLOW_CTX_DAG_RUN_ID='scheduled__2017-01-02T05:06:00+00:00'
[2024-08-02T17:00:43.918+0900] {taskinstance.py:430} INFO - ::endgroup::
[2024-08-02T17:00:43.929+0900] {baseoperator.py:400} WARNING - PythonVirtualenvOperator.execute cannot be called outside TaskInstance!
[2024-08-02T17:00:43.930+0900] {process_utils.py:183} INFO - Executing cmd: /home/oddsummer/.pyenv/versions/3.11.9/envs/air/bin/python -m virtualenv /tmp/venvs82mv4ea --python=python
[2024-08-02T17:00:43.931+0900] {process_utils.py:187} INFO - Output:
[2024-08-02T17:00:44.348+0900] {process_utils.py:191} INFO - created virtual environment CPython3.11.9.final.0-64 in 301ms
[2024-08-02T17:00:44.348+0900] {process_utils.py:191} INFO -   creator CPython3Posix(dest=/tmp/venvs82mv4ea, clear=False, no_vcs_ignore=False, global=False)
[2024-08-02T17:00:44.348+0900] {process_utils.py:191} INFO -   seeder FromAppData(download=False, pip=bundle, setuptools=bundle, wheel=bundle, via=copy, app_data_dir=/home/oddsummer/.local/share/virtualenv)
[2024-08-02T17:00:44.348+0900] {process_utils.py:191} INFO -     added seed packages: pip==24.1.2, setuptools==70.2.0, wheel==0.43.0
[2024-08-02T17:00:44.349+0900] {process_utils.py:191} INFO -   activators BashActivator,CShellActivator,FishActivator,NushellActivator,PowerShellActivator,PythonActivator
[2024-08-02T17:00:44.374+0900] {process_utils.py:183} INFO - Executing cmd: /tmp/venvs82mv4ea/bin/pip install -r /tmp/venvs82mv4ea/requirements.txt
[2024-08-02T17:00:44.375+0900] {process_utils.py:187} INFO - Output:
[2024-08-02T17:00:45.399+0900] {process_utils.py:191} INFO - Collecting git+https://github.com/7-TRG/extract_trg.git@main (from -r /tmp/venvs82mv4ea/requirements.txt (line 1))
[2024-08-02T17:00:45.400+0900] {process_utils.py:191} INFO -   Cloning https://github.com/7-TRG/extract_trg.git (to revision main) to /tmp/pip-req-build-ite74k4p
[2024-08-02T17:00:45.402+0900] {process_utils.py:191} INFO -   Running command git clone --filter=blob:none --quiet https://github.com/7-TRG/extract_trg.git /tmp/pip-req-build-ite74k4p
[2024-08-02T17:00:47.097+0900] {process_utils.py:191} INFO -   Resolved https://github.com/7-TRG/extract_trg.git to commit 0712b3f1bbaeeeea58bf80749079a62c7e1bec3d
[2024-08-02T17:00:47.102+0900] {process_utils.py:191} INFO -   Installing build dependencies: started
[2024-08-02T17:00:48.945+0900] {process_utils.py:191} INFO -   Installing build dependencies: finished with status 'done'
[2024-08-02T17:00:48.946+0900] {process_utils.py:191} INFO -   Getting requirements to build wheel: started
[2024-08-02T17:00:49.183+0900] {process_utils.py:191} INFO -   Getting requirements to build wheel: finished with status 'done'
[2024-08-02T17:00:49.184+0900] {process_utils.py:191} INFO -   Preparing metadata (pyproject.toml): started
[2024-08-02T17:00:49.436+0900] {process_utils.py:191} INFO -   Preparing metadata (pyproject.toml): finished with status 'done'
[2024-08-02T17:00:49.438+0900] {process_utils.py:191} INFO - Building wheels for collected packages: extract_trg
[2024-08-02T17:00:49.442+0900] {process_utils.py:191} INFO -   Building wheel for extract_trg (pyproject.toml): started
[2024-08-02T17:00:49.704+0900] {process_utils.py:191} INFO -   Building wheel for extract_trg (pyproject.toml): finished with status 'done'
[2024-08-02T17:00:49.704+0900] {process_utils.py:191} INFO -   Created wheel for extract_trg: filename=extract_trg-0.1.0-py3-none-any.whl size=2219 sha256=88d564c79bf27d7127ee084bbf480c7dd2b2e66a21163f510e9774302b66f85a
[2024-08-02T17:00:49.705+0900] {process_utils.py:191} INFO -   Stored in directory: /tmp/pip-ephem-wheel-cache-7qzlppsk/wheels/21/97/ea/e27bc4298590f1b8a2b9c46b60aefbe2e3076cf05f6bd5e464
[2024-08-02T17:00:49.707+0900] {process_utils.py:191} INFO - Successfully built extract_trg
[2024-08-02T17:00:49.717+0900] {process_utils.py:191} INFO - Installing collected packages: extract_trg
[2024-08-02T17:00:49.734+0900] {process_utils.py:191} INFO - Successfully installed extract_trg-0.1.0
[2024-08-02T17:00:49.740+0900] {process_utils.py:191} INFO - 
[2024-08-02T17:00:49.741+0900] {process_utils.py:191} INFO - [notice] A new release of pip is available: 24.1.2 -> 24.2
[2024-08-02T17:00:49.741+0900] {process_utils.py:191} INFO - [notice] To update, run: python -m pip install --upgrade pip
[2024-08-02T17:00:49.835+0900] {process_utils.py:183} INFO - Executing cmd: /tmp/venvs82mv4ea/bin/python /tmp/venv-calljz2nzyvh/script.py /tmp/venv-calljz2nzyvh/script.in /tmp/venv-calljz2nzyvh/script.out /tmp/venv-calljz2nzyvh/string_args.txt /tmp/venv-calljz2nzyvh/termination.log
[2024-08-02T17:00:49.835+0900] {process_utils.py:187} INFO - Output:
[2024-08-02T17:00:49.859+0900] {process_utils.py:191} INFO - 
[2024-08-02T17:00:49.859+0900] {process_utils.py:191} INFO - ---------------======---::::::------+--=======++++++++++===--:...::-=--==============--:.....:-=====
[2024-08-02T17:00:49.859+0900] {process_utils.py:191} INFO - ----::---------------------===--::--+-----=============++++++===---:....--===============--:...:-===
[2024-08-02T17:00:49.859+0900] {process_utils.py:191} INFO - ----------------------------------=++----------------------=+===========-::.:-======================
[2024-08-02T17:00:49.859+0900] {process_utils.py:191} INFO - =----------------------------------==-----------------------=-----==============================+=--
[2024-08-02T17:00:49.860+0900] {process_utils.py:191} INFO - %%####=----------------------------==----------------------=-::::-----======+*%#++================::
[2024-08-02T17:00:49.860+0900] {process_utils.py:191} INFO - %%%%%#=----------------------------=-:---------------------=--==--------=====*#*=================-::
[2024-08-02T17:00:49.860+0900] {process_utils.py:191} INFO - @@%%%*-----------------+***++=-----=-::-------------------:+---------=====+++====================-::
[2024-08-02T17:00:49.860+0900] {process_utils.py:191} INFO - @@%%%*---------------#%%%%##%%#=---=-+##*#+----------------=------------=====+====-=--===========-::
[2024-08-02T17:00:49.860+0900] {process_utils.py:191} INFO - @@@%%+--=+*%%%+-----+%@@%#++%%%#=--=*%+===#+::----------::=-----------=+*##*++=-----------=======-::
[2024-08-02T17:00:49.860+0900] {process_utils.py:191} INFO - +++++=-+#+***#*=-----#*++**+#@@@*--+#+**+***-:=-:---=*+-::=-----==+++*######%%%#=-------------==-:::
[2024-08-02T17:00:49.860+0900] {process_utils.py:191} INFO - *******-:::-*=-------+===+=-=+#%%:-=++++=+==-:=-:::=%%#-::###=-*#%%%%%%%%%%%%%%%%+---------------:::
[2024-08-02T17:00:49.861+0900] {process_utils.py:191} INFO - =====+=:--::+---+--+**++++*+++#%*-=--**++++-:=++=::+#*-::=%%%#*#%%%%%%%%@@%%%%@@%%#====------+#%%=-*
[2024-08-02T17:00:49.861+0900] {process_utils.py:191} INFO - =-==++---=+==*#%%%%%%=*++++++++==-=-*##*+=##**++=--++-:--*=-=*#%%%@%###*###*+++*%%%*=============-#%
[2024-08-02T17:00:49.861+0900] {process_utils.py:191} INFO - +-=------=*%%%%@%@@@@***=+*#+*##*#%%@@**++%@%%%%*+=--=-=+-:--:#%@@%#*****###*+---+*++#**===---=++*%@
[2024-08-02T17:00:49.861+0900] {process_utils.py:191} INFO - --==-::-*%%%@@@@@@@%#*=-+++%@%##%%@@@@@%#%@@@%%@%%%*=--=#%####-%@%%####++++++=---==++*####*+++*%@%@@
[2024-08-02T17:00:49.861+0900] {process_utils.py:191} INFO - -=*+=-=#@@@@@@@@@#*+++++*@@@@@@@@@@@@@@@@@@@@@@@@@@@#+==-+*+#=:-+#%##**==++**+++=====+*###*+**#@%##%
[2024-08-02T17:00:49.861+0900] {process_utils.py:191} INFO - -=++-+%%@%@@@@%+=-++***#@@@@@@@@@@@@%:+@@*%+=%@@@@@@%%#%%#*=+--:-=#++**%#*+=+++++===+**####=*%%%%%%%
[2024-08-02T17:00:49.861+0900] {process_utils.py:191} INFO - -=++#%%####+-:---=*%%@@%#######**++++=+++++++++%%=+%@@%##*+==-=++=+*****##*===+++++==*#####*+#%%##%%
[2024-08-02T17:00:49.862+0900] {process_utils.py:191} INFO - -=*+=---==+=-::::-*@@@%+=======++++++++++++++*#%#**%%%*==-+*=--+==*****#**+=====+++++=***+++=+==::::
[2024-08-02T17:00:49.862+0900] {process_utils.py:191} INFO - =#*=++++++*###**==*@@@%=======++++++++*@@@@@@@@%%#####-:=+----==******##****+++++***==-=+=:::.::::::
[2024-08-02T17:00:49.862+0900] {process_utils.py:191} INFO - #%*+*++++**##*###*+#@@#=========++++==*%%%%%%%%######*=-----==+*********##########*+====::::::::::::
[2024-08-02T17:00:49.862+0900] {process_utils.py:191} INFO - ++++*#%%@%*##*##***%@@*===============+%##%%######%%%%*==-===+*********+=+*#######*++++-:::--::-----
[2024-08-02T17:00:49.862+0900] {process_utils.py:191} INFO - ===+*#%@@%*##**#**+=--================+%%#%%###%#%%%%%#======*#######*-:-++*####*****++:------------
[2024-08-02T17:00:49.862+0900] {process_utils.py:191} INFO - =+=------=##**##**+=--================+%%#%%###%%#%%%%%+=====+###**++==----:-*####****=------==-====
[2024-08-02T17:00:49.862+0900] {process_utils.py:191} INFO - 
[2024-08-02T17:00:49.884+0900] {python.py:237} INFO - Done. Returned value was: None
[2024-08-02T17:00:49.884+0900] {taskinstance.py:441} INFO - ::group::Post task execution logs
[2024-08-02T17:00:49.888+0900] {taskinstance.py:1206} INFO - Marking task as SUCCESS. dag_id=movie, task_id=get.data, run_id=scheduled__2017-01-02T05:06:00+00:00, execution_date=20170102T050600, start_date=20240802T080043, end_date=20240802T080049
[2024-08-02T17:00:49.923+0900] {local_task_job_runner.py:243} INFO - Task exited with return code 0
[2024-08-02T17:00:49.932+0900] {taskinstance.py:3503} INFO - 0 downstream tasks scheduled from follow-on schedule check
[2024-08-02T17:00:49.932+0900] {local_task_job_runner.py:222} INFO - ::endgroup::
