[2024-08-02T17:21:30.296+0900] {local_task_job_runner.py:120} INFO - ::group::Pre task execution logs
[2024-08-02T17:21:30.316+0900] {taskinstance.py:2076} INFO - Dependencies all met for dep_context=non-requeueable deps ti=<TaskInstance: movie.get.data scheduled__2017-01-03T05:53:00+00:00 [queued]>
[2024-08-02T17:21:30.322+0900] {taskinstance.py:2076} INFO - Dependencies all met for dep_context=requeueable deps ti=<TaskInstance: movie.get.data scheduled__2017-01-03T05:53:00+00:00 [queued]>
[2024-08-02T17:21:30.322+0900] {taskinstance.py:2306} INFO - Starting attempt 1 of 3
[2024-08-02T17:21:30.337+0900] {taskinstance.py:2330} INFO - Executing <Task(PythonVirtualenvOperator): get.data> on 2017-01-03 05:53:00+00:00
[2024-08-02T17:21:30.340+0900] {standard_task_runner.py:64} INFO - Started process 161808 to run task
[2024-08-02T17:21:30.344+0900] {standard_task_runner.py:90} INFO - Running: ['airflow', 'tasks', 'run', 'movie', 'get.data', 'scheduled__2017-01-03T05:53:00+00:00', '--job-id', '184', '--raw', '--subdir', 'DAGS_FOLDER/movie.py', '--cfg-path', '/tmp/tmpar97pcz5']
[2024-08-02T17:21:30.345+0900] {standard_task_runner.py:91} INFO - Job 184: Subtask get.data
[2024-08-02T17:21:30.383+0900] {task_command.py:426} INFO - Running <TaskInstance: movie.get.data scheduled__2017-01-03T05:53:00+00:00 [running]> on host playdata.
[2024-08-02T17:21:30.472+0900] {taskinstance.py:2648} INFO - Exporting env vars: AIRFLOW_CTX_DAG_OWNER='airflow' AIRFLOW_CTX_DAG_ID='movie' AIRFLOW_CTX_TASK_ID='get.data' AIRFLOW_CTX_EXECUTION_DATE='2017-01-03T05:53:00+00:00' AIRFLOW_CTX_TRY_NUMBER='1' AIRFLOW_CTX_DAG_RUN_ID='scheduled__2017-01-03T05:53:00+00:00'
[2024-08-02T17:21:30.473+0900] {taskinstance.py:430} INFO - ::endgroup::
[2024-08-02T17:21:30.483+0900] {baseoperator.py:400} WARNING - PythonVirtualenvOperator.execute cannot be called outside TaskInstance!
[2024-08-02T17:21:30.484+0900] {process_utils.py:183} INFO - Executing cmd: /home/oddsummer/.pyenv/versions/3.11.9/envs/air/bin/python -m virtualenv /tmp/venvomi4qaek --python=python
[2024-08-02T17:21:30.485+0900] {process_utils.py:187} INFO - Output:
[2024-08-02T17:21:30.830+0900] {process_utils.py:191} INFO - created virtual environment CPython3.11.9.final.0-64 in 238ms
[2024-08-02T17:21:30.830+0900] {process_utils.py:191} INFO -   creator CPython3Posix(dest=/tmp/venvomi4qaek, clear=False, no_vcs_ignore=False, global=False)
[2024-08-02T17:21:30.831+0900] {process_utils.py:191} INFO -   seeder FromAppData(download=False, pip=bundle, setuptools=bundle, wheel=bundle, via=copy, app_data_dir=/home/oddsummer/.local/share/virtualenv)
[2024-08-02T17:21:30.831+0900] {process_utils.py:191} INFO -     added seed packages: pip==24.1.2, setuptools==70.2.0, wheel==0.43.0
[2024-08-02T17:21:30.831+0900] {process_utils.py:191} INFO -   activators BashActivator,CShellActivator,FishActivator,NushellActivator,PowerShellActivator,PythonActivator
[2024-08-02T17:21:30.862+0900] {process_utils.py:183} INFO - Executing cmd: /tmp/venvomi4qaek/bin/pip install -r /tmp/venvomi4qaek/requirements.txt
[2024-08-02T17:21:30.862+0900] {process_utils.py:187} INFO - Output:
[2024-08-02T17:21:31.795+0900] {process_utils.py:191} INFO - Collecting git+https://github.com/7-TRG/extract_trg.git@main (from -r /tmp/venvomi4qaek/requirements.txt (line 1))
[2024-08-02T17:21:31.796+0900] {process_utils.py:191} INFO -   Cloning https://github.com/7-TRG/extract_trg.git (to revision main) to /tmp/pip-req-build-cg2fr1oh
[2024-08-02T17:21:31.799+0900] {process_utils.py:191} INFO -   Running command git clone --filter=blob:none --quiet https://github.com/7-TRG/extract_trg.git /tmp/pip-req-build-cg2fr1oh
[2024-08-02T17:21:33.429+0900] {process_utils.py:191} INFO -   Resolved https://github.com/7-TRG/extract_trg.git to commit 0712b3f1bbaeeeea58bf80749079a62c7e1bec3d
[2024-08-02T17:21:33.436+0900] {process_utils.py:191} INFO -   Installing build dependencies: started
[2024-08-02T17:21:35.337+0900] {process_utils.py:191} INFO -   Installing build dependencies: finished with status 'done'
[2024-08-02T17:21:35.338+0900] {process_utils.py:191} INFO -   Getting requirements to build wheel: started
[2024-08-02T17:21:35.576+0900] {process_utils.py:191} INFO -   Getting requirements to build wheel: finished with status 'done'
[2024-08-02T17:21:35.577+0900] {process_utils.py:191} INFO -   Preparing metadata (pyproject.toml): started
[2024-08-02T17:21:35.817+0900] {process_utils.py:191} INFO -   Preparing metadata (pyproject.toml): finished with status 'done'
[2024-08-02T17:21:35.819+0900] {process_utils.py:191} INFO - Building wheels for collected packages: extract_trg
[2024-08-02T17:21:35.823+0900] {process_utils.py:191} INFO -   Building wheel for extract_trg (pyproject.toml): started
[2024-08-02T17:21:36.084+0900] {process_utils.py:191} INFO -   Building wheel for extract_trg (pyproject.toml): finished with status 'done'
[2024-08-02T17:21:36.085+0900] {process_utils.py:191} INFO -   Created wheel for extract_trg: filename=extract_trg-0.1.0-py3-none-any.whl size=2219 sha256=eb60240f971a888ae0b78a064d80359094917fbf219dd9b8bb8713202d777107
[2024-08-02T17:21:36.085+0900] {process_utils.py:191} INFO -   Stored in directory: /tmp/pip-ephem-wheel-cache-e3b8p0d8/wheels/21/97/ea/e27bc4298590f1b8a2b9c46b60aefbe2e3076cf05f6bd5e464
[2024-08-02T17:21:36.087+0900] {process_utils.py:191} INFO - Successfully built extract_trg
[2024-08-02T17:21:36.097+0900] {process_utils.py:191} INFO - Installing collected packages: extract_trg
[2024-08-02T17:21:36.119+0900] {process_utils.py:191} INFO - Successfully installed extract_trg-0.1.0
[2024-08-02T17:21:36.124+0900] {process_utils.py:191} INFO - 
[2024-08-02T17:21:36.124+0900] {process_utils.py:191} INFO - [notice] A new release of pip is available: 24.1.2 -> 24.2
[2024-08-02T17:21:36.125+0900] {process_utils.py:191} INFO - [notice] To update, run: python -m pip install --upgrade pip
[2024-08-02T17:21:36.221+0900] {process_utils.py:183} INFO - Executing cmd: /tmp/venvomi4qaek/bin/python /tmp/venv-callcvuwv_a0/script.py /tmp/venv-callcvuwv_a0/script.in /tmp/venv-callcvuwv_a0/script.out /tmp/venv-callcvuwv_a0/string_args.txt /tmp/venv-callcvuwv_a0/termination.log
[2024-08-02T17:21:36.221+0900] {process_utils.py:187} INFO - Output:
[2024-08-02T17:21:36.240+0900] {process_utils.py:191} INFO - 
[2024-08-02T17:21:36.241+0900] {process_utils.py:191} INFO - ---------------======---::::::------+--=======++++++++++===--:...::-=--==============--:.....:-=====
[2024-08-02T17:21:36.241+0900] {process_utils.py:191} INFO - ----::---------------------===--::--+-----=============++++++===---:....--===============--:...:-===
[2024-08-02T17:21:36.241+0900] {process_utils.py:191} INFO - ----------------------------------=++----------------------=+===========-::.:-======================
[2024-08-02T17:21:36.241+0900] {process_utils.py:191} INFO - =----------------------------------==-----------------------=-----==============================+=--
[2024-08-02T17:21:36.241+0900] {process_utils.py:191} INFO - %%####=----------------------------==----------------------=-::::-----======+*%#++================::
[2024-08-02T17:21:36.242+0900] {process_utils.py:191} INFO - %%%%%#=----------------------------=-:---------------------=--==--------=====*#*=================-::
[2024-08-02T17:21:36.242+0900] {process_utils.py:191} INFO - @@%%%*-----------------+***++=-----=-::-------------------:+---------=====+++====================-::
[2024-08-02T17:21:36.242+0900] {process_utils.py:191} INFO - @@%%%*---------------#%%%%##%%#=---=-+##*#+----------------=------------=====+====-=--===========-::
[2024-08-02T17:21:36.242+0900] {process_utils.py:191} INFO - @@@%%+--=+*%%%+-----+%@@%#++%%%#=--=*%+===#+::----------::=-----------=+*##*++=-----------=======-::
[2024-08-02T17:21:36.242+0900] {process_utils.py:191} INFO - +++++=-+#+***#*=-----#*++**+#@@@*--+#+**+***-:=-:---=*+-::=-----==+++*######%%%#=-------------==-:::
[2024-08-02T17:21:36.242+0900] {process_utils.py:191} INFO - *******-:::-*=-------+===+=-=+#%%:-=++++=+==-:=-:::=%%#-::###=-*#%%%%%%%%%%%%%%%%+---------------:::
[2024-08-02T17:21:36.243+0900] {process_utils.py:191} INFO - =====+=:--::+---+--+**++++*+++#%*-=--**++++-:=++=::+#*-::=%%%#*#%%%%%%%%@@%%%%@@%%#====------+#%%=-*
[2024-08-02T17:21:36.243+0900] {process_utils.py:191} INFO - =-==++---=+==*#%%%%%%=*++++++++==-=-*##*+=##**++=--++-:--*=-=*#%%%@%###*###*+++*%%%*=============-#%
[2024-08-02T17:21:36.243+0900] {process_utils.py:191} INFO - +-=------=*%%%%@%@@@@***=+*#+*##*#%%@@**++%@%%%%*+=--=-=+-:--:#%@@%#*****###*+---+*++#**===---=++*%@
[2024-08-02T17:21:36.243+0900] {process_utils.py:191} INFO - --==-::-*%%%@@@@@@@%#*=-+++%@%##%%@@@@@%#%@@@%%@%%%*=--=#%####-%@%%####++++++=---==++*####*+++*%@%@@
[2024-08-02T17:21:36.243+0900] {process_utils.py:191} INFO - -=*+=-=#@@@@@@@@@#*+++++*@@@@@@@@@@@@@@@@@@@@@@@@@@@#+==-+*+#=:-+#%##**==++**+++=====+*###*+**#@%##%
[2024-08-02T17:21:36.243+0900] {process_utils.py:191} INFO - -=++-+%%@%@@@@%+=-++***#@@@@@@@@@@@@%:+@@*%+=%@@@@@@%%#%%#*=+--:-=#++**%#*+=+++++===+**####=*%%%%%%%
[2024-08-02T17:21:36.243+0900] {process_utils.py:191} INFO - -=++#%%####+-:---=*%%@@%#######**++++=+++++++++%%=+%@@%##*+==-=++=+*****##*===+++++==*#####*+#%%##%%
[2024-08-02T17:21:36.244+0900] {process_utils.py:191} INFO - -=*+=---==+=-::::-*@@@%+=======++++++++++++++*#%#**%%%*==-+*=--+==*****#**+=====+++++=***+++=+==::::
[2024-08-02T17:21:36.244+0900] {process_utils.py:191} INFO - =#*=++++++*###**==*@@@%=======++++++++*@@@@@@@@%%#####-:=+----==******##****+++++***==-=+=:::.::::::
[2024-08-02T17:21:36.244+0900] {process_utils.py:191} INFO - #%*+*++++**##*###*+#@@#=========++++==*%%%%%%%%######*=-----==+*********##########*+====::::::::::::
[2024-08-02T17:21:36.244+0900] {process_utils.py:191} INFO - ++++*#%%@%*##*##***%@@*===============+%##%%######%%%%*==-===+*********+=+*#######*++++-:::--::-----
[2024-08-02T17:21:36.244+0900] {process_utils.py:191} INFO - ===+*#%@@%*##**#**+=--================+%%#%%###%#%%%%%#======*#######*-:-++*####*****++:------------
[2024-08-02T17:21:36.244+0900] {process_utils.py:191} INFO - =+=------=##**##**+=--================+%%#%%###%%#%%%%%+=====+###**++==----:-*####****=------==-====
[2024-08-02T17:21:36.244+0900] {process_utils.py:191} INFO - 
[2024-08-02T17:21:36.271+0900] {python.py:237} INFO - Done. Returned value was: None
[2024-08-02T17:21:36.271+0900] {taskinstance.py:441} INFO - ::group::Post task execution logs
[2024-08-02T17:21:36.276+0900] {taskinstance.py:1206} INFO - Marking task as SUCCESS. dag_id=movie, task_id=get.data, run_id=scheduled__2017-01-03T05:53:00+00:00, execution_date=20170103T055300, start_date=20240802T082130, end_date=20240802T082136
[2024-08-02T17:21:36.352+0900] {local_task_job_runner.py:243} INFO - Task exited with return code 0
[2024-08-02T17:21:36.370+0900] {taskinstance.py:3503} INFO - 0 downstream tasks scheduled from follow-on schedule check
[2024-08-02T17:21:36.371+0900] {local_task_job_runner.py:222} INFO - ::endgroup::
