[2024-08-02T17:00:07.838+0900] {local_task_job_runner.py:120} INFO - ::group::Pre task execution logs
[2024-08-02T17:00:07.865+0900] {taskinstance.py:2076} INFO - Dependencies all met for dep_context=non-requeueable deps ti=<TaskInstance: movie.get.data scheduled__2017-01-02T05:03:00+00:00 [queued]>
[2024-08-02T17:00:07.871+0900] {taskinstance.py:2076} INFO - Dependencies all met for dep_context=requeueable deps ti=<TaskInstance: movie.get.data scheduled__2017-01-02T05:03:00+00:00 [queued]>
[2024-08-02T17:00:07.871+0900] {taskinstance.py:2306} INFO - Starting attempt 1 of 3
[2024-08-02T17:00:07.887+0900] {taskinstance.py:2330} INFO - Executing <Task(PythonVirtualenvOperator): get.data> on 2017-01-02 05:03:00+00:00
[2024-08-02T17:00:07.889+0900] {standard_task_runner.py:64} INFO - Started process 150846 to run task
[2024-08-02T17:00:07.893+0900] {standard_task_runner.py:90} INFO - Running: ['airflow', 'tasks', 'run', 'movie', 'get.data', 'scheduled__2017-01-02T05:03:00+00:00', '--job-id', '74', '--raw', '--subdir', 'DAGS_FOLDER/movie.py', '--cfg-path', '/tmp/tmp4g768nbn']
[2024-08-02T17:00:07.894+0900] {standard_task_runner.py:91} INFO - Job 74: Subtask get.data
[2024-08-02T17:00:07.931+0900] {task_command.py:426} INFO - Running <TaskInstance: movie.get.data scheduled__2017-01-02T05:03:00+00:00 [running]> on host playdata.
[2024-08-02T17:00:08.003+0900] {taskinstance.py:2648} INFO - Exporting env vars: AIRFLOW_CTX_DAG_OWNER='airflow' AIRFLOW_CTX_DAG_ID='movie' AIRFLOW_CTX_TASK_ID='get.data' AIRFLOW_CTX_EXECUTION_DATE='2017-01-02T05:03:00+00:00' AIRFLOW_CTX_TRY_NUMBER='1' AIRFLOW_CTX_DAG_RUN_ID='scheduled__2017-01-02T05:03:00+00:00'
[2024-08-02T17:00:08.005+0900] {taskinstance.py:430} INFO - ::endgroup::
[2024-08-02T17:00:08.017+0900] {baseoperator.py:400} WARNING - PythonVirtualenvOperator.execute cannot be called outside TaskInstance!
[2024-08-02T17:00:08.018+0900] {process_utils.py:183} INFO - Executing cmd: /home/oddsummer/.pyenv/versions/3.11.9/envs/air/bin/python -m virtualenv /tmp/venv57ju2wkp --python=python
[2024-08-02T17:00:08.019+0900] {process_utils.py:187} INFO - Output:
[2024-08-02T17:00:08.426+0900] {process_utils.py:191} INFO - created virtual environment CPython3.11.9.final.0-64 in 298ms
[2024-08-02T17:00:08.426+0900] {process_utils.py:191} INFO -   creator CPython3Posix(dest=/tmp/venv57ju2wkp, clear=False, no_vcs_ignore=False, global=False)
[2024-08-02T17:00:08.427+0900] {process_utils.py:191} INFO -   seeder FromAppData(download=False, pip=bundle, setuptools=bundle, wheel=bundle, via=copy, app_data_dir=/home/oddsummer/.local/share/virtualenv)
[2024-08-02T17:00:08.427+0900] {process_utils.py:191} INFO -     added seed packages: pip==24.1.2, setuptools==70.2.0, wheel==0.43.0
[2024-08-02T17:00:08.427+0900] {process_utils.py:191} INFO -   activators BashActivator,CShellActivator,FishActivator,NushellActivator,PowerShellActivator,PythonActivator
[2024-08-02T17:00:08.459+0900] {process_utils.py:183} INFO - Executing cmd: /tmp/venv57ju2wkp/bin/pip install -r /tmp/venv57ju2wkp/requirements.txt
[2024-08-02T17:00:08.460+0900] {process_utils.py:187} INFO - Output:
[2024-08-02T17:00:09.919+0900] {process_utils.py:191} INFO - Collecting git+https://github.com/7-TRG/extract_trg.git@main (from -r /tmp/venv57ju2wkp/requirements.txt (line 1))
[2024-08-02T17:00:09.921+0900] {process_utils.py:191} INFO -   Cloning https://github.com/7-TRG/extract_trg.git (to revision main) to /tmp/pip-req-build-v2e43s31
[2024-08-02T17:00:09.925+0900] {process_utils.py:191} INFO -   Running command git clone --filter=blob:none --quiet https://github.com/7-TRG/extract_trg.git /tmp/pip-req-build-v2e43s31
[2024-08-02T17:00:11.573+0900] {process_utils.py:191} INFO -   Resolved https://github.com/7-TRG/extract_trg.git to commit 0712b3f1bbaeeeea58bf80749079a62c7e1bec3d
[2024-08-02T17:00:11.580+0900] {process_utils.py:191} INFO -   Installing build dependencies: started
[2024-08-02T17:00:13.833+0900] {process_utils.py:191} INFO -   Installing build dependencies: finished with status 'done'
[2024-08-02T17:00:13.834+0900] {process_utils.py:191} INFO -   Getting requirements to build wheel: started
[2024-08-02T17:00:14.164+0900] {process_utils.py:191} INFO -   Getting requirements to build wheel: finished with status 'done'
[2024-08-02T17:00:14.165+0900] {process_utils.py:191} INFO -   Preparing metadata (pyproject.toml): started
[2024-08-02T17:00:14.520+0900] {process_utils.py:191} INFO -   Preparing metadata (pyproject.toml): finished with status 'done'
[2024-08-02T17:00:14.528+0900] {process_utils.py:191} INFO - Building wheels for collected packages: extract_trg
[2024-08-02T17:00:14.533+0900] {process_utils.py:191} INFO -   Building wheel for extract_trg (pyproject.toml): started
[2024-08-02T17:00:14.917+0900] {process_utils.py:191} INFO -   Building wheel for extract_trg (pyproject.toml): finished with status 'done'
[2024-08-02T17:00:14.918+0900] {process_utils.py:191} INFO -   Created wheel for extract_trg: filename=extract_trg-0.1.0-py3-none-any.whl size=2219 sha256=9f282495a7bf9d6e0ca5f0274710be1597757a37f3bfe1cb4e86e3c27111df66
[2024-08-02T17:00:14.918+0900] {process_utils.py:191} INFO -   Stored in directory: /tmp/pip-ephem-wheel-cache-uhfencw7/wheels/21/97/ea/e27bc4298590f1b8a2b9c46b60aefbe2e3076cf05f6bd5e464
[2024-08-02T17:00:14.921+0900] {process_utils.py:191} INFO - Successfully built extract_trg
[2024-08-02T17:00:14.931+0900] {process_utils.py:191} INFO - Installing collected packages: extract_trg
[2024-08-02T17:00:14.952+0900] {process_utils.py:191} INFO - Successfully installed extract_trg-0.1.0
[2024-08-02T17:00:14.958+0900] {process_utils.py:191} INFO - 
[2024-08-02T17:00:14.959+0900] {process_utils.py:191} INFO - [notice] A new release of pip is available: 24.1.2 -> 24.2
[2024-08-02T17:00:14.959+0900] {process_utils.py:191} INFO - [notice] To update, run: python -m pip install --upgrade pip
[2024-08-02T17:00:15.050+0900] {process_utils.py:183} INFO - Executing cmd: /tmp/venv57ju2wkp/bin/python /tmp/venv-callm9f2w1r0/script.py /tmp/venv-callm9f2w1r0/script.in /tmp/venv-callm9f2w1r0/script.out /tmp/venv-callm9f2w1r0/string_args.txt /tmp/venv-callm9f2w1r0/termination.log
[2024-08-02T17:00:15.051+0900] {process_utils.py:187} INFO - Output:
[2024-08-02T17:00:15.070+0900] {process_utils.py:191} INFO - 
[2024-08-02T17:00:15.070+0900] {process_utils.py:191} INFO - ---------------======---::::::------+--=======++++++++++===--:...::-=--==============--:.....:-=====
[2024-08-02T17:00:15.071+0900] {process_utils.py:191} INFO - ----::---------------------===--::--+-----=============++++++===---:....--===============--:...:-===
[2024-08-02T17:00:15.071+0900] {process_utils.py:191} INFO - ----------------------------------=++----------------------=+===========-::.:-======================
[2024-08-02T17:00:15.071+0900] {process_utils.py:191} INFO - =----------------------------------==-----------------------=-----==============================+=--
[2024-08-02T17:00:15.071+0900] {process_utils.py:191} INFO - %%####=----------------------------==----------------------=-::::-----======+*%#++================::
[2024-08-02T17:00:15.072+0900] {process_utils.py:191} INFO - %%%%%#=----------------------------=-:---------------------=--==--------=====*#*=================-::
[2024-08-02T17:00:15.072+0900] {process_utils.py:191} INFO - @@%%%*-----------------+***++=-----=-::-------------------:+---------=====+++====================-::
[2024-08-02T17:00:15.072+0900] {process_utils.py:191} INFO - @@%%%*---------------#%%%%##%%#=---=-+##*#+----------------=------------=====+====-=--===========-::
[2024-08-02T17:00:15.072+0900] {process_utils.py:191} INFO - @@@%%+--=+*%%%+-----+%@@%#++%%%#=--=*%+===#+::----------::=-----------=+*##*++=-----------=======-::
[2024-08-02T17:00:15.073+0900] {process_utils.py:191} INFO - +++++=-+#+***#*=-----#*++**+#@@@*--+#+**+***-:=-:---=*+-::=-----==+++*######%%%#=-------------==-:::
[2024-08-02T17:00:15.073+0900] {process_utils.py:191} INFO - *******-:::-*=-------+===+=-=+#%%:-=++++=+==-:=-:::=%%#-::###=-*#%%%%%%%%%%%%%%%%+---------------:::
[2024-08-02T17:00:15.073+0900] {process_utils.py:191} INFO - =====+=:--::+---+--+**++++*+++#%*-=--**++++-:=++=::+#*-::=%%%#*#%%%%%%%%@@%%%%@@%%#====------+#%%=-*
[2024-08-02T17:00:15.073+0900] {process_utils.py:191} INFO - =-==++---=+==*#%%%%%%=*++++++++==-=-*##*+=##**++=--++-:--*=-=*#%%%@%###*###*+++*%%%*=============-#%
[2024-08-02T17:00:15.073+0900] {process_utils.py:191} INFO - +-=------=*%%%%@%@@@@***=+*#+*##*#%%@@**++%@%%%%*+=--=-=+-:--:#%@@%#*****###*+---+*++#**===---=++*%@
[2024-08-02T17:00:15.074+0900] {process_utils.py:191} INFO - --==-::-*%%%@@@@@@@%#*=-+++%@%##%%@@@@@%#%@@@%%@%%%*=--=#%####-%@%%####++++++=---==++*####*+++*%@%@@
[2024-08-02T17:00:15.074+0900] {process_utils.py:191} INFO - -=*+=-=#@@@@@@@@@#*+++++*@@@@@@@@@@@@@@@@@@@@@@@@@@@#+==-+*+#=:-+#%##**==++**+++=====+*###*+**#@%##%
[2024-08-02T17:00:15.074+0900] {process_utils.py:191} INFO - -=++-+%%@%@@@@%+=-++***#@@@@@@@@@@@@%:+@@*%+=%@@@@@@%%#%%#*=+--:-=#++**%#*+=+++++===+**####=*%%%%%%%
[2024-08-02T17:00:15.074+0900] {process_utils.py:191} INFO - -=++#%%####+-:---=*%%@@%#######**++++=+++++++++%%=+%@@%##*+==-=++=+*****##*===+++++==*#####*+#%%##%%
[2024-08-02T17:00:15.074+0900] {process_utils.py:191} INFO - -=*+=---==+=-::::-*@@@%+=======++++++++++++++*#%#**%%%*==-+*=--+==*****#**+=====+++++=***+++=+==::::
[2024-08-02T17:00:15.074+0900] {process_utils.py:191} INFO - =#*=++++++*###**==*@@@%=======++++++++*@@@@@@@@%%#####-:=+----==******##****+++++***==-=+=:::.::::::
[2024-08-02T17:00:15.074+0900] {process_utils.py:191} INFO - #%*+*++++**##*###*+#@@#=========++++==*%%%%%%%%######*=-----==+*********##########*+====::::::::::::
[2024-08-02T17:00:15.075+0900] {process_utils.py:191} INFO - ++++*#%%@%*##*##***%@@*===============+%##%%######%%%%*==-===+*********+=+*#######*++++-:::--::-----
[2024-08-02T17:00:15.075+0900] {process_utils.py:191} INFO - ===+*#%@@%*##**#**+=--================+%%#%%###%#%%%%%#======*#######*-:-++*####*****++:------------
[2024-08-02T17:00:15.075+0900] {process_utils.py:191} INFO - =+=------=##**##**+=--================+%%#%%###%%#%%%%%+=====+###**++==----:-*####****=------==-====
[2024-08-02T17:00:15.075+0900] {process_utils.py:191} INFO - 
[2024-08-02T17:00:15.099+0900] {python.py:237} INFO - Done. Returned value was: None
[2024-08-02T17:00:15.099+0900] {taskinstance.py:441} INFO - ::group::Post task execution logs
[2024-08-02T17:00:15.103+0900] {taskinstance.py:1206} INFO - Marking task as SUCCESS. dag_id=movie, task_id=get.data, run_id=scheduled__2017-01-02T05:03:00+00:00, execution_date=20170102T050300, start_date=20240802T080007, end_date=20240802T080015
[2024-08-02T17:00:15.170+0900] {local_task_job_runner.py:243} INFO - Task exited with return code 0
[2024-08-02T17:00:15.182+0900] {taskinstance.py:3503} INFO - 0 downstream tasks scheduled from follow-on schedule check
[2024-08-02T17:00:15.183+0900] {local_task_job_runner.py:222} INFO - ::endgroup::
