[2024-08-02T17:38:18.119+0900] {local_task_job_runner.py:120} INFO - ::group::Pre task execution logs
[2024-08-02T17:38:18.144+0900] {taskinstance.py:2076} INFO - Dependencies all met for dep_context=non-requeueable deps ti=<TaskInstance: movie.transform scheduled__2017-01-05T05:09:00+00:00 [queued]>
[2024-08-02T17:38:18.151+0900] {taskinstance.py:2076} INFO - Dependencies all met for dep_context=requeueable deps ti=<TaskInstance: movie.transform scheduled__2017-01-05T05:09:00+00:00 [queued]>
[2024-08-02T17:38:18.152+0900] {taskinstance.py:2306} INFO - Starting attempt 1 of 3
[2024-08-02T17:38:18.167+0900] {taskinstance.py:2330} INFO - Executing <Task(PythonVirtualenvOperator): transform> on 2017-01-05 05:09:00+00:00
[2024-08-02T17:38:18.170+0900] {standard_task_runner.py:64} INFO - Started process 171845 to run task
[2024-08-02T17:38:18.174+0900] {standard_task_runner.py:90} INFO - Running: ['airflow', 'tasks', 'run', 'movie', 'transform', 'scheduled__2017-01-05T05:09:00+00:00', '--job-id', '274', '--raw', '--subdir', 'DAGS_FOLDER/movie.py', '--cfg-path', '/tmp/tmpwfwvdfet']
[2024-08-02T17:38:18.176+0900] {standard_task_runner.py:91} INFO - Job 274: Subtask transform
[2024-08-02T17:38:18.213+0900] {task_command.py:426} INFO - Running <TaskInstance: movie.transform scheduled__2017-01-05T05:09:00+00:00 [running]> on host playdata.
[2024-08-02T17:38:18.285+0900] {taskinstance.py:2648} INFO - Exporting env vars: AIRFLOW_CTX_DAG_OWNER='airflow' AIRFLOW_CTX_DAG_ID='movie' AIRFLOW_CTX_TASK_ID='transform' AIRFLOW_CTX_EXECUTION_DATE='2017-01-05T05:09:00+00:00' AIRFLOW_CTX_TRY_NUMBER='1' AIRFLOW_CTX_DAG_RUN_ID='scheduled__2017-01-05T05:09:00+00:00'
[2024-08-02T17:38:18.286+0900] {taskinstance.py:430} INFO - ::endgroup::
[2024-08-02T17:38:18.296+0900] {baseoperator.py:400} WARNING - PythonVirtualenvOperator.execute cannot be called outside TaskInstance!
[2024-08-02T17:38:18.296+0900] {process_utils.py:183} INFO - Executing cmd: /home/oddsummer/.pyenv/versions/3.11.9/envs/air/bin/python -m virtualenv /tmp/venved5szcrp --python=python
[2024-08-02T17:38:18.297+0900] {process_utils.py:187} INFO - Output:
[2024-08-02T17:38:18.676+0900] {process_utils.py:191} INFO - created virtual environment CPython3.11.9.final.0-64 in 272ms
[2024-08-02T17:38:18.677+0900] {process_utils.py:191} INFO -   creator CPython3Posix(dest=/tmp/venved5szcrp, clear=False, no_vcs_ignore=False, global=False)
[2024-08-02T17:38:18.677+0900] {process_utils.py:191} INFO -   seeder FromAppData(download=False, pip=bundle, setuptools=bundle, wheel=bundle, via=copy, app_data_dir=/home/oddsummer/.local/share/virtualenv)
[2024-08-02T17:38:18.677+0900] {process_utils.py:191} INFO -     added seed packages: pip==24.1.2, setuptools==70.2.0, wheel==0.43.0
[2024-08-02T17:38:18.677+0900] {process_utils.py:191} INFO -   activators BashActivator,CShellActivator,FishActivator,NushellActivator,PowerShellActivator,PythonActivator
[2024-08-02T17:38:18.701+0900] {process_utils.py:183} INFO - Executing cmd: /tmp/venved5szcrp/bin/pip install -r /tmp/venved5szcrp/requirements.txt
[2024-08-02T17:38:18.702+0900] {process_utils.py:187} INFO - Output:
[2024-08-02T17:38:19.637+0900] {process_utils.py:191} INFO - Collecting git+https://github.com/7-TRG/transform_trg.git@main (from -r /tmp/venved5szcrp/requirements.txt (line 1))
[2024-08-02T17:38:19.638+0900] {process_utils.py:191} INFO -   Cloning https://github.com/7-TRG/transform_trg.git (to revision main) to /tmp/pip-req-build-67wmj6zn
[2024-08-02T17:38:19.641+0900] {process_utils.py:191} INFO -   Running command git clone --filter=blob:none --quiet https://github.com/7-TRG/transform_trg.git /tmp/pip-req-build-67wmj6zn
[2024-08-02T17:38:21.455+0900] {process_utils.py:191} INFO -   Resolved https://github.com/7-TRG/transform_trg.git to commit 789fe432a030fafcbef44ec873bc256dce822228
[2024-08-02T17:38:21.461+0900] {process_utils.py:191} INFO -   Installing build dependencies: started
[2024-08-02T17:38:23.303+0900] {process_utils.py:191} INFO -   Installing build dependencies: finished with status 'done'
[2024-08-02T17:38:23.304+0900] {process_utils.py:191} INFO -   Getting requirements to build wheel: started
[2024-08-02T17:38:23.553+0900] {process_utils.py:191} INFO -   Getting requirements to build wheel: finished with status 'done'
[2024-08-02T17:38:23.554+0900] {process_utils.py:191} INFO -   Preparing metadata (pyproject.toml): started
[2024-08-02T17:38:23.820+0900] {process_utils.py:191} INFO -   Preparing metadata (pyproject.toml): finished with status 'done'
[2024-08-02T17:38:23.823+0900] {process_utils.py:191} INFO - Building wheels for collected packages: transform_trg
[2024-08-02T17:38:23.827+0900] {process_utils.py:191} INFO -   Building wheel for transform_trg (pyproject.toml): started
[2024-08-02T17:38:24.087+0900] {process_utils.py:191} INFO -   Building wheel for transform_trg (pyproject.toml): finished with status 'done'
[2024-08-02T17:38:24.087+0900] {process_utils.py:191} INFO -   Created wheel for transform_trg: filename=transform_trg-0.1.0-py3-none-any.whl size=2244 sha256=3234f0caccdbaffed5c4d3d5bb3cd6b93f8924dc895b7adb03d87c716bb443ac
[2024-08-02T17:38:24.088+0900] {process_utils.py:191} INFO -   Stored in directory: /tmp/pip-ephem-wheel-cache-3r0intup/wheels/52/ed/12/e63285a730e0434716bf2b76c497e2eca12531b214fbcca988
[2024-08-02T17:38:24.090+0900] {process_utils.py:191} INFO - Successfully built transform_trg
[2024-08-02T17:38:24.099+0900] {process_utils.py:191} INFO - Installing collected packages: transform_trg
[2024-08-02T17:38:24.137+0900] {process_utils.py:191} INFO - Successfully installed transform_trg-0.1.0
[2024-08-02T17:38:24.143+0900] {process_utils.py:191} INFO - 
[2024-08-02T17:38:24.144+0900] {process_utils.py:191} INFO - [notice] A new release of pip is available: 24.1.2 -> 24.2
[2024-08-02T17:38:24.144+0900] {process_utils.py:191} INFO - [notice] To update, run: python -m pip install --upgrade pip
[2024-08-02T17:38:24.237+0900] {process_utils.py:183} INFO - Executing cmd: /tmp/venved5szcrp/bin/python /tmp/venv-call_8f63ygr/script.py /tmp/venv-call_8f63ygr/script.in /tmp/venv-call_8f63ygr/script.out /tmp/venv-call_8f63ygr/string_args.txt /tmp/venv-call_8f63ygr/termination.log
[2024-08-02T17:38:24.238+0900] {process_utils.py:187} INFO - Output:
[2024-08-02T17:38:24.257+0900] {process_utils.py:191} INFO - 
[2024-08-02T17:38:24.258+0900] {process_utils.py:191} INFO - ---------------======---::::::------+--=======++++++++++===--:...::-=--==============--:.....:-=====
[2024-08-02T17:38:24.258+0900] {process_utils.py:191} INFO - ----::---------------------===--::--+-----=============++++++===---:....--===============--:...:-===
[2024-08-02T17:38:24.258+0900] {process_utils.py:191} INFO - ----------------------------------=++----------------------=+===========-::.:-======================
[2024-08-02T17:38:24.258+0900] {process_utils.py:191} INFO - =----------------------------------==-----------------------=-----==============================+=--
[2024-08-02T17:38:24.258+0900] {process_utils.py:191} INFO - %%####=----------------------------==----------------------=-::::-----======+*%#++================::
[2024-08-02T17:38:24.258+0900] {process_utils.py:191} INFO - %%%%%#=----------------------------=-:---------------------=--==--------=====*#*=================-::
[2024-08-02T17:38:24.259+0900] {process_utils.py:191} INFO - @@%%%*-----------------+***++=-----=-::-------------------:+---------=====+++====================-::
[2024-08-02T17:38:24.259+0900] {process_utils.py:191} INFO - @@%%%*---------------#%%%%##%%#=---=-+##*#+----------------=------------=====+====-=--===========-::
[2024-08-02T17:38:24.259+0900] {process_utils.py:191} INFO - @@@%%+--=+*%%%+-----+%@@%#++%%%#=--=*%+===#+::----------::=-----------=+*##*++=-----------=======-::
[2024-08-02T17:38:24.259+0900] {process_utils.py:191} INFO - +++++=-+#+***#*=-----#*++**+#@@@*--+#+**+***-:=-:---=*+-::=-----==+++*######%%%#=-------------==-:::
[2024-08-02T17:38:24.259+0900] {process_utils.py:191} INFO - *******-:::-*=-------+===+=-=+#%%:-=++++=+==-:=-:::=%%#-::###=-*#%%%%%%%%%%%%%%%%+---------------:::
[2024-08-02T17:38:24.259+0900] {process_utils.py:191} INFO - =====+=:--::+---+--+**++++*+++#%*-=--**++++-:=++=::+#*-::=%%%#*#%%%%%%%%@@%%%%@@%%#====------+#%%=-*
[2024-08-02T17:38:24.259+0900] {process_utils.py:191} INFO - =-==++---=+==*#%%%%%%=*++++++++==-=-*##*+=##**++=--++-:--*=-=*#%%%@%###*###*+++*%%%*=============-#%
[2024-08-02T17:38:24.260+0900] {process_utils.py:191} INFO - +-=------=*%%%%@%@@@@***=+*#+*##*#%%@@**++%@%%%%*+=--=-=+-:--:#%@@%#*****###*+---+*++#**===---=++*%@
[2024-08-02T17:38:24.260+0900] {process_utils.py:191} INFO - --==-::-*%%%@@@@@@@%#*=-+++%@%##%%@@@@@%#%@@@%%@%%%*=--=#%####-%@%%####++++++=---==++*####*+++*%@%@@
[2024-08-02T17:38:24.260+0900] {process_utils.py:191} INFO - -=*+=-=#@@@@@@@@@#*+++++*@@@@@@@@@@@@@@@@@@@@@@@@@@@#+==-+*+#=:-+#%##**==++**+++=====+*###*+**#@%##%
[2024-08-02T17:38:24.260+0900] {process_utils.py:191} INFO - -=++-+%%@%@@@@%+=-++***#@@@@@@@@@@@@%:+@@*%+=%@@@@@@%%#%%#*=+--:-=#++**%#*+=+++++===+**####=*%%%%%%%
[2024-08-02T17:38:24.260+0900] {process_utils.py:191} INFO - -=++#%%####+-:---=*%%@@%#######**++++=+++++++++%%=+%@@%##*+==-=++=+*****##*===+++++==*#####*+#%%##%%
[2024-08-02T17:38:24.260+0900] {process_utils.py:191} INFO - -=*+=---==+=-::::-*@@@%+=======++++++++++++++*#%#**%%%*==-+*=--+==*****#**+=====+++++=***+++=+==::::
[2024-08-02T17:38:24.260+0900] {process_utils.py:191} INFO - =#*=++++++*###**==*@@@%=======++++++++*@@@@@@@@%%#####-:=+----==******##****+++++***==-=+=:::.::::::
[2024-08-02T17:38:24.261+0900] {process_utils.py:191} INFO - #%*+*++++**##*###*+#@@#=========++++==*%%%%%%%%######*=-----==+*********##########*+====::::::::::::
[2024-08-02T17:38:24.261+0900] {process_utils.py:191} INFO - ++++*#%%@%*##*##***%@@*===============+%##%%######%%%%*==-===+*********+=+*#######*++++-:::--::-----
[2024-08-02T17:38:24.261+0900] {process_utils.py:191} INFO - ===+*#%@@%*##**#**+=--================+%%#%%###%#%%%%%#======*#######*-:-++*####*****++:------------
[2024-08-02T17:38:24.261+0900] {process_utils.py:191} INFO - =+=------=##**##**+=--================+%%#%%###%%#%%%%%+=====+###**++==----:-*####****=------==-====
[2024-08-02T17:38:24.261+0900] {process_utils.py:191} INFO - 
[2024-08-02T17:38:24.283+0900] {python.py:237} INFO - Done. Returned value was: None
[2024-08-02T17:38:24.283+0900] {taskinstance.py:441} INFO - ::group::Post task execution logs
[2024-08-02T17:38:24.287+0900] {taskinstance.py:1206} INFO - Marking task as SUCCESS. dag_id=movie, task_id=transform, run_id=scheduled__2017-01-05T05:09:00+00:00, execution_date=20170105T050900, start_date=20240802T083818, end_date=20240802T083824
[2024-08-02T17:38:24.342+0900] {local_task_job_runner.py:243} INFO - Task exited with return code 0
[2024-08-02T17:38:24.365+0900] {taskinstance.py:3503} INFO - 1 downstream tasks scheduled from follow-on schedule check
[2024-08-02T17:38:24.372+0900] {local_task_job_runner.py:222} INFO - ::endgroup::
