[2024-08-02T16:49:00.696+0900] {local_task_job_runner.py:120} INFO - ::group::Pre task execution logs
[2024-08-02T16:49:00.717+0900] {taskinstance.py:2076} INFO - Dependencies all met for dep_context=non-requeueable deps ti=<TaskInstance: movie.get.data scheduled__2017-01-01T05:05:00+00:00 [queued]>
[2024-08-02T16:49:00.724+0900] {taskinstance.py:2076} INFO - Dependencies all met for dep_context=requeueable deps ti=<TaskInstance: movie.get.data scheduled__2017-01-01T05:05:00+00:00 [queued]>
[2024-08-02T16:49:00.724+0900] {taskinstance.py:2306} INFO - Starting attempt 1 of 3
[2024-08-02T16:49:00.745+0900] {taskinstance.py:2330} INFO - Executing <Task(PythonVirtualenvOperator): get.data> on 2017-01-01 05:05:00+00:00
[2024-08-02T16:49:00.747+0900] {standard_task_runner.py:64} INFO - Started process 143900 to run task
[2024-08-02T16:49:00.750+0900] {standard_task_runner.py:90} INFO - Running: ['airflow', 'tasks', 'run', 'movie', 'get.data', 'scheduled__2017-01-01T05:05:00+00:00', '--job-id', '16', '--raw', '--subdir', 'DAGS_FOLDER/movie.py', '--cfg-path', '/tmp/tmp3l68lhrz']
[2024-08-02T16:49:00.752+0900] {standard_task_runner.py:91} INFO - Job 16: Subtask get.data
[2024-08-02T16:49:00.794+0900] {task_command.py:426} INFO - Running <TaskInstance: movie.get.data scheduled__2017-01-01T05:05:00+00:00 [running]> on host playdata.
[2024-08-02T16:49:00.868+0900] {taskinstance.py:2648} INFO - Exporting env vars: AIRFLOW_CTX_DAG_OWNER='airflow' AIRFLOW_CTX_DAG_ID='movie' AIRFLOW_CTX_TASK_ID='get.data' AIRFLOW_CTX_EXECUTION_DATE='2017-01-01T05:05:00+00:00' AIRFLOW_CTX_TRY_NUMBER='1' AIRFLOW_CTX_DAG_RUN_ID='scheduled__2017-01-01T05:05:00+00:00'
[2024-08-02T16:49:00.869+0900] {taskinstance.py:430} INFO - ::endgroup::
[2024-08-02T16:49:00.879+0900] {baseoperator.py:400} WARNING - PythonVirtualenvOperator.execute cannot be called outside TaskInstance!
[2024-08-02T16:49:00.880+0900] {process_utils.py:183} INFO - Executing cmd: /home/oddsummer/.pyenv/versions/3.11.9/envs/air/bin/python -m virtualenv /tmp/venviyrfiyo3 --python=python
[2024-08-02T16:49:00.881+0900] {process_utils.py:187} INFO - Output:
[2024-08-02T16:49:01.276+0900] {process_utils.py:191} INFO - created virtual environment CPython3.11.9.final.0-64 in 279ms
[2024-08-02T16:49:01.276+0900] {process_utils.py:191} INFO -   creator CPython3Posix(dest=/tmp/venviyrfiyo3, clear=False, no_vcs_ignore=False, global=False)
[2024-08-02T16:49:01.277+0900] {process_utils.py:191} INFO -   seeder FromAppData(download=False, pip=bundle, setuptools=bundle, wheel=bundle, via=copy, app_data_dir=/home/oddsummer/.local/share/virtualenv)
[2024-08-02T16:49:01.277+0900] {process_utils.py:191} INFO -     added seed packages: pip==24.1.2, setuptools==70.2.0, wheel==0.43.0
[2024-08-02T16:49:01.277+0900] {process_utils.py:191} INFO -   activators BashActivator,CShellActivator,FishActivator,NushellActivator,PowerShellActivator,PythonActivator
[2024-08-02T16:49:01.302+0900] {process_utils.py:183} INFO - Executing cmd: /tmp/venviyrfiyo3/bin/pip install -r /tmp/venviyrfiyo3/requirements.txt
[2024-08-02T16:49:01.302+0900] {process_utils.py:187} INFO - Output:
[2024-08-02T16:49:02.277+0900] {process_utils.py:191} INFO - Collecting git+https://github.com/7-TRG/extract_trg.git@main (from -r /tmp/venviyrfiyo3/requirements.txt (line 1))
[2024-08-02T16:49:02.279+0900] {process_utils.py:191} INFO -   Cloning https://github.com/7-TRG/extract_trg.git (to revision main) to /tmp/pip-req-build-ti6qf63h
[2024-08-02T16:49:02.283+0900] {process_utils.py:191} INFO -   Running command git clone --filter=blob:none --quiet https://github.com/7-TRG/extract_trg.git /tmp/pip-req-build-ti6qf63h
[2024-08-02T16:49:03.830+0900] {process_utils.py:191} INFO -   Resolved https://github.com/7-TRG/extract_trg.git to commit 0712b3f1bbaeeeea58bf80749079a62c7e1bec3d
[2024-08-02T16:49:03.835+0900] {process_utils.py:191} INFO -   Installing build dependencies: started
[2024-08-02T16:49:06.072+0900] {process_utils.py:191} INFO -   Installing build dependencies: finished with status 'done'
[2024-08-02T16:49:06.073+0900] {process_utils.py:191} INFO -   Getting requirements to build wheel: started
[2024-08-02T16:49:06.355+0900] {process_utils.py:191} INFO -   Getting requirements to build wheel: finished with status 'done'
[2024-08-02T16:49:06.356+0900] {process_utils.py:191} INFO -   Preparing metadata (pyproject.toml): started
[2024-08-02T16:49:06.663+0900] {process_utils.py:191} INFO -   Preparing metadata (pyproject.toml): finished with status 'done'
[2024-08-02T16:49:06.666+0900] {process_utils.py:191} INFO - Building wheels for collected packages: extract_trg
[2024-08-02T16:49:06.670+0900] {process_utils.py:191} INFO -   Building wheel for extract_trg (pyproject.toml): started
[2024-08-02T16:49:06.958+0900] {process_utils.py:191} INFO -   Building wheel for extract_trg (pyproject.toml): finished with status 'done'
[2024-08-02T16:49:06.958+0900] {process_utils.py:191} INFO -   Created wheel for extract_trg: filename=extract_trg-0.1.0-py3-none-any.whl size=2219 sha256=3a43d7bb3d0f71c8a785414d22e580e036e0046145dd819948d50b154e5c4e8f
[2024-08-02T16:49:06.958+0900] {process_utils.py:191} INFO -   Stored in directory: /tmp/pip-ephem-wheel-cache-lq3fxsoi/wheels/21/97/ea/e27bc4298590f1b8a2b9c46b60aefbe2e3076cf05f6bd5e464
[2024-08-02T16:49:06.963+0900] {process_utils.py:191} INFO - Successfully built extract_trg
[2024-08-02T16:49:06.974+0900] {process_utils.py:191} INFO - Installing collected packages: extract_trg
[2024-08-02T16:49:07.001+0900] {process_utils.py:191} INFO - Successfully installed extract_trg-0.1.0
[2024-08-02T16:49:07.007+0900] {process_utils.py:191} INFO - 
[2024-08-02T16:49:07.008+0900] {process_utils.py:191} INFO - [notice] A new release of pip is available: 24.1.2 -> 24.2
[2024-08-02T16:49:07.008+0900] {process_utils.py:191} INFO - [notice] To update, run: python -m pip install --upgrade pip
[2024-08-02T16:49:07.135+0900] {process_utils.py:183} INFO - Executing cmd: /tmp/venviyrfiyo3/bin/python /tmp/venv-callf1pyqiph/script.py /tmp/venv-callf1pyqiph/script.in /tmp/venv-callf1pyqiph/script.out /tmp/venv-callf1pyqiph/string_args.txt /tmp/venv-callf1pyqiph/termination.log
[2024-08-02T16:49:07.136+0900] {process_utils.py:187} INFO - Output:
[2024-08-02T16:49:07.164+0900] {process_utils.py:191} INFO - 
[2024-08-02T16:49:07.165+0900] {process_utils.py:191} INFO - ---------------======---::::::------+--=======++++++++++===--:...::-=--==============--:.....:-=====
[2024-08-02T16:49:07.165+0900] {process_utils.py:191} INFO - ----::---------------------===--::--+-----=============++++++===---:....--===============--:...:-===
[2024-08-02T16:49:07.165+0900] {process_utils.py:191} INFO - ----------------------------------=++----------------------=+===========-::.:-======================
[2024-08-02T16:49:07.166+0900] {process_utils.py:191} INFO - =----------------------------------==-----------------------=-----==============================+=--
[2024-08-02T16:49:07.166+0900] {process_utils.py:191} INFO - %%####=----------------------------==----------------------=-::::-----======+*%#++================::
[2024-08-02T16:49:07.166+0900] {process_utils.py:191} INFO - %%%%%#=----------------------------=-:---------------------=--==--------=====*#*=================-::
[2024-08-02T16:49:07.167+0900] {process_utils.py:191} INFO - @@%%%*-----------------+***++=-----=-::-------------------:+---------=====+++====================-::
[2024-08-02T16:49:07.167+0900] {process_utils.py:191} INFO - @@%%%*---------------#%%%%##%%#=---=-+##*#+----------------=------------=====+====-=--===========-::
[2024-08-02T16:49:07.167+0900] {process_utils.py:191} INFO - @@@%%+--=+*%%%+-----+%@@%#++%%%#=--=*%+===#+::----------::=-----------=+*##*++=-----------=======-::
[2024-08-02T16:49:07.168+0900] {process_utils.py:191} INFO - +++++=-+#+***#*=-----#*++**+#@@@*--+#+**+***-:=-:---=*+-::=-----==+++*######%%%#=-------------==-:::
[2024-08-02T16:49:07.168+0900] {process_utils.py:191} INFO - *******-:::-*=-------+===+=-=+#%%:-=++++=+==-:=-:::=%%#-::###=-*#%%%%%%%%%%%%%%%%+---------------:::
[2024-08-02T16:49:07.168+0900] {process_utils.py:191} INFO - =====+=:--::+---+--+**++++*+++#%*-=--**++++-:=++=::+#*-::=%%%#*#%%%%%%%%@@%%%%@@%%#====------+#%%=-*
[2024-08-02T16:49:07.168+0900] {process_utils.py:191} INFO - =-==++---=+==*#%%%%%%=*++++++++==-=-*##*+=##**++=--++-:--*=-=*#%%%@%###*###*+++*%%%*=============-#%
[2024-08-02T16:49:07.169+0900] {process_utils.py:191} INFO - +-=------=*%%%%@%@@@@***=+*#+*##*#%%@@**++%@%%%%*+=--=-=+-:--:#%@@%#*****###*+---+*++#**===---=++*%@
[2024-08-02T16:49:07.169+0900] {process_utils.py:191} INFO - --==-::-*%%%@@@@@@@%#*=-+++%@%##%%@@@@@%#%@@@%%@%%%*=--=#%####-%@%%####++++++=---==++*####*+++*%@%@@
[2024-08-02T16:49:07.169+0900] {process_utils.py:191} INFO - -=*+=-=#@@@@@@@@@#*+++++*@@@@@@@@@@@@@@@@@@@@@@@@@@@#+==-+*+#=:-+#%##**==++**+++=====+*###*+**#@%##%
[2024-08-02T16:49:07.170+0900] {process_utils.py:191} INFO - -=++-+%%@%@@@@%+=-++***#@@@@@@@@@@@@%:+@@*%+=%@@@@@@%%#%%#*=+--:-=#++**%#*+=+++++===+**####=*%%%%%%%
[2024-08-02T16:49:07.170+0900] {process_utils.py:191} INFO - -=++#%%####+-:---=*%%@@%#######**++++=+++++++++%%=+%@@%##*+==-=++=+*****##*===+++++==*#####*+#%%##%%
[2024-08-02T16:49:07.170+0900] {process_utils.py:191} INFO - -=*+=---==+=-::::-*@@@%+=======++++++++++++++*#%#**%%%*==-+*=--+==*****#**+=====+++++=***+++=+==::::
[2024-08-02T16:49:07.170+0900] {process_utils.py:191} INFO - =#*=++++++*###**==*@@@%=======++++++++*@@@@@@@@%%#####-:=+----==******##****+++++***==-=+=:::.::::::
[2024-08-02T16:49:07.170+0900] {process_utils.py:191} INFO - #%*+*++++**##*###*+#@@#=========++++==*%%%%%%%%######*=-----==+*********##########*+====::::::::::::
[2024-08-02T16:49:07.171+0900] {process_utils.py:191} INFO - ++++*#%%@%*##*##***%@@*===============+%##%%######%%%%*==-===+*********+=+*#######*++++-:::--::-----
[2024-08-02T16:49:07.171+0900] {process_utils.py:191} INFO - ===+*#%@@%*##**#**+=--================+%%#%%###%#%%%%%#======*#######*-:-++*####*****++:------------
[2024-08-02T16:49:07.171+0900] {process_utils.py:191} INFO - =+=------=##**##**+=--================+%%#%%###%%#%%%%%+=====+###**++==----:-*####****=------==-====
[2024-08-02T16:49:07.171+0900] {process_utils.py:191} INFO - 
[2024-08-02T16:49:07.199+0900] {python.py:237} INFO - Done. Returned value was: None
[2024-08-02T16:49:07.200+0900] {taskinstance.py:441} INFO - ::group::Post task execution logs
[2024-08-02T16:49:07.203+0900] {taskinstance.py:1206} INFO - Marking task as SUCCESS. dag_id=movie, task_id=get.data, run_id=scheduled__2017-01-01T05:05:00+00:00, execution_date=20170101T050500, start_date=20240802T074900, end_date=20240802T074907
[2024-08-02T16:49:07.262+0900] {local_task_job_runner.py:243} INFO - Task exited with return code 0
[2024-08-02T16:49:07.272+0900] {taskinstance.py:3503} INFO - 0 downstream tasks scheduled from follow-on schedule check
[2024-08-02T16:49:07.273+0900] {local_task_job_runner.py:222} INFO - ::endgroup::
