[2024-08-02T16:51:37.036+0900] {local_task_job_runner.py:120} INFO - ::group::Pre task execution logs
[2024-08-02T16:51:37.056+0900] {taskinstance.py:2076} INFO - Dependencies all met for dep_context=non-requeueable deps ti=<TaskInstance: movie.get.data scheduled__2017-01-01T05:18:00+00:00 [queued]>
[2024-08-02T16:51:37.063+0900] {taskinstance.py:2076} INFO - Dependencies all met for dep_context=requeueable deps ti=<TaskInstance: movie.get.data scheduled__2017-01-01T05:18:00+00:00 [queued]>
[2024-08-02T16:51:37.063+0900] {taskinstance.py:2306} INFO - Starting attempt 1 of 3
[2024-08-02T16:51:37.080+0900] {taskinstance.py:2330} INFO - Executing <Task(PythonVirtualenvOperator): get.data> on 2017-01-01 05:18:00+00:00
[2024-08-02T16:51:37.084+0900] {standard_task_runner.py:64} INFO - Started process 145807 to run task
[2024-08-02T16:51:37.088+0900] {standard_task_runner.py:90} INFO - Running: ['airflow', 'tasks', 'run', 'movie', 'get.data', 'scheduled__2017-01-01T05:18:00+00:00', '--job-id', '29', '--raw', '--subdir', 'DAGS_FOLDER/movie.py', '--cfg-path', '/tmp/tmpcsldt9h5']
[2024-08-02T16:51:37.090+0900] {standard_task_runner.py:91} INFO - Job 29: Subtask get.data
[2024-08-02T16:51:37.130+0900] {task_command.py:426} INFO - Running <TaskInstance: movie.get.data scheduled__2017-01-01T05:18:00+00:00 [running]> on host playdata.
[2024-08-02T16:51:37.203+0900] {taskinstance.py:2648} INFO - Exporting env vars: AIRFLOW_CTX_DAG_OWNER='airflow' AIRFLOW_CTX_DAG_ID='movie' AIRFLOW_CTX_TASK_ID='get.data' AIRFLOW_CTX_EXECUTION_DATE='2017-01-01T05:18:00+00:00' AIRFLOW_CTX_TRY_NUMBER='1' AIRFLOW_CTX_DAG_RUN_ID='scheduled__2017-01-01T05:18:00+00:00'
[2024-08-02T16:51:37.203+0900] {taskinstance.py:430} INFO - ::endgroup::
[2024-08-02T16:51:37.215+0900] {baseoperator.py:400} WARNING - PythonVirtualenvOperator.execute cannot be called outside TaskInstance!
[2024-08-02T16:51:37.216+0900] {process_utils.py:183} INFO - Executing cmd: /home/oddsummer/.pyenv/versions/3.11.9/envs/air/bin/python -m virtualenv /tmp/venvh35ak8r_ --python=python
[2024-08-02T16:51:37.217+0900] {process_utils.py:187} INFO - Output:
[2024-08-02T16:51:37.610+0900] {process_utils.py:191} INFO - created virtual environment CPython3.11.9.final.0-64 in 274ms
[2024-08-02T16:51:37.611+0900] {process_utils.py:191} INFO -   creator CPython3Posix(dest=/tmp/venvh35ak8r_, clear=False, no_vcs_ignore=False, global=False)
[2024-08-02T16:51:37.611+0900] {process_utils.py:191} INFO -   seeder FromAppData(download=False, pip=bundle, setuptools=bundle, wheel=bundle, via=copy, app_data_dir=/home/oddsummer/.local/share/virtualenv)
[2024-08-02T16:51:37.611+0900] {process_utils.py:191} INFO -     added seed packages: pip==24.1.2, setuptools==70.2.0, wheel==0.43.0
[2024-08-02T16:51:37.611+0900] {process_utils.py:191} INFO -   activators BashActivator,CShellActivator,FishActivator,NushellActivator,PowerShellActivator,PythonActivator
[2024-08-02T16:51:37.639+0900] {process_utils.py:183} INFO - Executing cmd: /tmp/venvh35ak8r_/bin/pip install -r /tmp/venvh35ak8r_/requirements.txt
[2024-08-02T16:51:37.640+0900] {process_utils.py:187} INFO - Output:
[2024-08-02T16:51:38.734+0900] {process_utils.py:191} INFO - Collecting git+https://github.com/7-TRG/extract_trg.git@main (from -r /tmp/venvh35ak8r_/requirements.txt (line 1))
[2024-08-02T16:51:38.735+0900] {process_utils.py:191} INFO -   Cloning https://github.com/7-TRG/extract_trg.git (to revision main) to /tmp/pip-req-build-om3s_j91
[2024-08-02T16:51:38.737+0900] {process_utils.py:191} INFO -   Running command git clone --filter=blob:none --quiet https://github.com/7-TRG/extract_trg.git /tmp/pip-req-build-om3s_j91
[2024-08-02T16:51:40.600+0900] {process_utils.py:191} INFO -   Resolved https://github.com/7-TRG/extract_trg.git to commit 0712b3f1bbaeeeea58bf80749079a62c7e1bec3d
[2024-08-02T16:51:40.608+0900] {process_utils.py:191} INFO -   Installing build dependencies: started
[2024-08-02T16:51:42.968+0900] {process_utils.py:191} INFO -   Installing build dependencies: finished with status 'done'
[2024-08-02T16:51:42.969+0900] {process_utils.py:191} INFO -   Getting requirements to build wheel: started
[2024-08-02T16:51:43.295+0900] {process_utils.py:191} INFO -   Getting requirements to build wheel: finished with status 'done'
[2024-08-02T16:51:43.297+0900] {process_utils.py:191} INFO -   Preparing metadata (pyproject.toml): started
[2024-08-02T16:51:43.603+0900] {process_utils.py:191} INFO -   Preparing metadata (pyproject.toml): finished with status 'done'
[2024-08-02T16:51:43.606+0900] {process_utils.py:191} INFO - Building wheels for collected packages: extract_trg
[2024-08-02T16:51:43.610+0900] {process_utils.py:191} INFO -   Building wheel for extract_trg (pyproject.toml): started
[2024-08-02T16:51:43.976+0900] {process_utils.py:191} INFO -   Building wheel for extract_trg (pyproject.toml): finished with status 'done'
[2024-08-02T16:51:43.977+0900] {process_utils.py:191} INFO -   Created wheel for extract_trg: filename=extract_trg-0.1.0-py3-none-any.whl size=2219 sha256=9a516e16d6b3d96fa78707a0ad66e5a1adb0f868d68e5507389ac901544eac45
[2024-08-02T16:51:43.977+0900] {process_utils.py:191} INFO -   Stored in directory: /tmp/pip-ephem-wheel-cache-6mtkzcbb/wheels/21/97/ea/e27bc4298590f1b8a2b9c46b60aefbe2e3076cf05f6bd5e464
[2024-08-02T16:51:43.981+0900] {process_utils.py:191} INFO - Successfully built extract_trg
[2024-08-02T16:51:43.993+0900] {process_utils.py:191} INFO - Installing collected packages: extract_trg
[2024-08-02T16:51:44.008+0900] {process_utils.py:191} INFO - Successfully installed extract_trg-0.1.0
[2024-08-02T16:51:44.015+0900] {process_utils.py:191} INFO - 
[2024-08-02T16:51:44.016+0900] {process_utils.py:191} INFO - [notice] A new release of pip is available: 24.1.2 -> 24.2
[2024-08-02T16:51:44.016+0900] {process_utils.py:191} INFO - [notice] To update, run: python -m pip install --upgrade pip
[2024-08-02T16:51:44.115+0900] {process_utils.py:183} INFO - Executing cmd: /tmp/venvh35ak8r_/bin/python /tmp/venv-callw_dogmg5/script.py /tmp/venv-callw_dogmg5/script.in /tmp/venv-callw_dogmg5/script.out /tmp/venv-callw_dogmg5/string_args.txt /tmp/venv-callw_dogmg5/termination.log
[2024-08-02T16:51:44.115+0900] {process_utils.py:187} INFO - Output:
[2024-08-02T16:51:44.140+0900] {process_utils.py:191} INFO - 
[2024-08-02T16:51:44.140+0900] {process_utils.py:191} INFO - ---------------======---::::::------+--=======++++++++++===--:...::-=--==============--:.....:-=====
[2024-08-02T16:51:44.140+0900] {process_utils.py:191} INFO - ----::---------------------===--::--+-----=============++++++===---:....--===============--:...:-===
[2024-08-02T16:51:44.140+0900] {process_utils.py:191} INFO - ----------------------------------=++----------------------=+===========-::.:-======================
[2024-08-02T16:51:44.141+0900] {process_utils.py:191} INFO - =----------------------------------==-----------------------=-----==============================+=--
[2024-08-02T16:51:44.141+0900] {process_utils.py:191} INFO - %%####=----------------------------==----------------------=-::::-----======+*%#++================::
[2024-08-02T16:51:44.141+0900] {process_utils.py:191} INFO - %%%%%#=----------------------------=-:---------------------=--==--------=====*#*=================-::
[2024-08-02T16:51:44.141+0900] {process_utils.py:191} INFO - @@%%%*-----------------+***++=-----=-::-------------------:+---------=====+++====================-::
[2024-08-02T16:51:44.141+0900] {process_utils.py:191} INFO - @@%%%*---------------#%%%%##%%#=---=-+##*#+----------------=------------=====+====-=--===========-::
[2024-08-02T16:51:44.141+0900] {process_utils.py:191} INFO - @@@%%+--=+*%%%+-----+%@@%#++%%%#=--=*%+===#+::----------::=-----------=+*##*++=-----------=======-::
[2024-08-02T16:51:44.141+0900] {process_utils.py:191} INFO - +++++=-+#+***#*=-----#*++**+#@@@*--+#+**+***-:=-:---=*+-::=-----==+++*######%%%#=-------------==-:::
[2024-08-02T16:51:44.141+0900] {process_utils.py:191} INFO - *******-:::-*=-------+===+=-=+#%%:-=++++=+==-:=-:::=%%#-::###=-*#%%%%%%%%%%%%%%%%+---------------:::
[2024-08-02T16:51:44.142+0900] {process_utils.py:191} INFO - =====+=:--::+---+--+**++++*+++#%*-=--**++++-:=++=::+#*-::=%%%#*#%%%%%%%%@@%%%%@@%%#====------+#%%=-*
[2024-08-02T16:51:44.142+0900] {process_utils.py:191} INFO - =-==++---=+==*#%%%%%%=*++++++++==-=-*##*+=##**++=--++-:--*=-=*#%%%@%###*###*+++*%%%*=============-#%
[2024-08-02T16:51:44.142+0900] {process_utils.py:191} INFO - +-=------=*%%%%@%@@@@***=+*#+*##*#%%@@**++%@%%%%*+=--=-=+-:--:#%@@%#*****###*+---+*++#**===---=++*%@
[2024-08-02T16:51:44.142+0900] {process_utils.py:191} INFO - --==-::-*%%%@@@@@@@%#*=-+++%@%##%%@@@@@%#%@@@%%@%%%*=--=#%####-%@%%####++++++=---==++*####*+++*%@%@@
[2024-08-02T16:51:44.142+0900] {process_utils.py:191} INFO - -=*+=-=#@@@@@@@@@#*+++++*@@@@@@@@@@@@@@@@@@@@@@@@@@@#+==-+*+#=:-+#%##**==++**+++=====+*###*+**#@%##%
[2024-08-02T16:51:44.142+0900] {process_utils.py:191} INFO - -=++-+%%@%@@@@%+=-++***#@@@@@@@@@@@@%:+@@*%+=%@@@@@@%%#%%#*=+--:-=#++**%#*+=+++++===+**####=*%%%%%%%
[2024-08-02T16:51:44.142+0900] {process_utils.py:191} INFO - -=++#%%####+-:---=*%%@@%#######**++++=+++++++++%%=+%@@%##*+==-=++=+*****##*===+++++==*#####*+#%%##%%
[2024-08-02T16:51:44.142+0900] {process_utils.py:191} INFO - -=*+=---==+=-::::-*@@@%+=======++++++++++++++*#%#**%%%*==-+*=--+==*****#**+=====+++++=***+++=+==::::
[2024-08-02T16:51:44.143+0900] {process_utils.py:191} INFO - =#*=++++++*###**==*@@@%=======++++++++*@@@@@@@@%%#####-:=+----==******##****+++++***==-=+=:::.::::::
[2024-08-02T16:51:44.143+0900] {process_utils.py:191} INFO - #%*+*++++**##*###*+#@@#=========++++==*%%%%%%%%######*=-----==+*********##########*+====::::::::::::
[2024-08-02T16:51:44.143+0900] {process_utils.py:191} INFO - ++++*#%%@%*##*##***%@@*===============+%##%%######%%%%*==-===+*********+=+*#######*++++-:::--::-----
[2024-08-02T16:51:44.143+0900] {process_utils.py:191} INFO - ===+*#%@@%*##**#**+=--================+%%#%%###%#%%%%%#======*#######*-:-++*####*****++:------------
[2024-08-02T16:51:44.143+0900] {process_utils.py:191} INFO - =+=------=##**##**+=--================+%%#%%###%%#%%%%%+=====+###**++==----:-*####****=------==-====
[2024-08-02T16:51:44.143+0900] {process_utils.py:191} INFO - 
[2024-08-02T16:51:44.164+0900] {python.py:237} INFO - Done. Returned value was: None
[2024-08-02T16:51:44.165+0900] {taskinstance.py:441} INFO - ::group::Post task execution logs
[2024-08-02T16:51:44.169+0900] {taskinstance.py:1206} INFO - Marking task as SUCCESS. dag_id=movie, task_id=get.data, run_id=scheduled__2017-01-01T05:18:00+00:00, execution_date=20170101T051800, start_date=20240802T075137, end_date=20240802T075144
[2024-08-02T16:51:44.200+0900] {local_task_job_runner.py:243} INFO - Task exited with return code 0
[2024-08-02T16:51:44.209+0900] {taskinstance.py:3503} INFO - 0 downstream tasks scheduled from follow-on schedule check
[2024-08-02T16:51:44.210+0900] {local_task_job_runner.py:222} INFO - ::endgroup::
