[2024-08-02T16:50:51.141+0900] {local_task_job_runner.py:120} INFO - ::group::Pre task execution logs
[2024-08-02T16:50:51.160+0900] {taskinstance.py:2076} INFO - Dependencies all met for dep_context=non-requeueable deps ti=<TaskInstance: movie.get.data scheduled__2017-01-01T05:14:00+00:00 [queued]>
[2024-08-02T16:50:51.169+0900] {taskinstance.py:2076} INFO - Dependencies all met for dep_context=requeueable deps ti=<TaskInstance: movie.get.data scheduled__2017-01-01T05:14:00+00:00 [queued]>
[2024-08-02T16:50:51.169+0900] {taskinstance.py:2306} INFO - Starting attempt 1 of 3
[2024-08-02T16:50:51.184+0900] {taskinstance.py:2330} INFO - Executing <Task(PythonVirtualenvOperator): get.data> on 2017-01-01 05:14:00+00:00
[2024-08-02T16:50:51.187+0900] {standard_task_runner.py:64} INFO - Started process 145380 to run task
[2024-08-02T16:50:51.190+0900] {standard_task_runner.py:90} INFO - Running: ['airflow', 'tasks', 'run', 'movie', 'get.data', 'scheduled__2017-01-01T05:14:00+00:00', '--job-id', '25', '--raw', '--subdir', 'DAGS_FOLDER/movie.py', '--cfg-path', '/tmp/tmp7julqk59']
[2024-08-02T16:50:51.192+0900] {standard_task_runner.py:91} INFO - Job 25: Subtask get.data
[2024-08-02T16:50:51.240+0900] {task_command.py:426} INFO - Running <TaskInstance: movie.get.data scheduled__2017-01-01T05:14:00+00:00 [running]> on host playdata.
[2024-08-02T16:50:51.316+0900] {taskinstance.py:2648} INFO - Exporting env vars: AIRFLOW_CTX_DAG_OWNER='airflow' AIRFLOW_CTX_DAG_ID='movie' AIRFLOW_CTX_TASK_ID='get.data' AIRFLOW_CTX_EXECUTION_DATE='2017-01-01T05:14:00+00:00' AIRFLOW_CTX_TRY_NUMBER='1' AIRFLOW_CTX_DAG_RUN_ID='scheduled__2017-01-01T05:14:00+00:00'
[2024-08-02T16:50:51.317+0900] {taskinstance.py:430} INFO - ::endgroup::
[2024-08-02T16:50:51.327+0900] {baseoperator.py:400} WARNING - PythonVirtualenvOperator.execute cannot be called outside TaskInstance!
[2024-08-02T16:50:51.328+0900] {process_utils.py:183} INFO - Executing cmd: /home/oddsummer/.pyenv/versions/3.11.9/envs/air/bin/python -m virtualenv /tmp/venvkei78tqe --python=python
[2024-08-02T16:50:51.330+0900] {process_utils.py:187} INFO - Output:
[2024-08-02T16:50:51.726+0900] {process_utils.py:191} INFO - created virtual environment CPython3.11.9.final.0-64 in 273ms
[2024-08-02T16:50:51.727+0900] {process_utils.py:191} INFO -   creator CPython3Posix(dest=/tmp/venvkei78tqe, clear=False, no_vcs_ignore=False, global=False)
[2024-08-02T16:50:51.727+0900] {process_utils.py:191} INFO -   seeder FromAppData(download=False, pip=bundle, setuptools=bundle, wheel=bundle, via=copy, app_data_dir=/home/oddsummer/.local/share/virtualenv)
[2024-08-02T16:50:51.727+0900] {process_utils.py:191} INFO -     added seed packages: pip==24.1.2, setuptools==70.2.0, wheel==0.43.0
[2024-08-02T16:50:51.727+0900] {process_utils.py:191} INFO -   activators BashActivator,CShellActivator,FishActivator,NushellActivator,PowerShellActivator,PythonActivator
[2024-08-02T16:50:51.754+0900] {process_utils.py:183} INFO - Executing cmd: /tmp/venvkei78tqe/bin/pip install -r /tmp/venvkei78tqe/requirements.txt
[2024-08-02T16:50:51.754+0900] {process_utils.py:187} INFO - Output:
[2024-08-02T16:50:52.730+0900] {process_utils.py:191} INFO - Collecting git+https://github.com/7-TRG/extract_trg.git@main (from -r /tmp/venvkei78tqe/requirements.txt (line 1))
[2024-08-02T16:50:52.731+0900] {process_utils.py:191} INFO -   Cloning https://github.com/7-TRG/extract_trg.git (to revision main) to /tmp/pip-req-build-wke5bzrb
[2024-08-02T16:50:52.734+0900] {process_utils.py:191} INFO -   Running command git clone --filter=blob:none --quiet https://github.com/7-TRG/extract_trg.git /tmp/pip-req-build-wke5bzrb
[2024-08-02T16:50:54.420+0900] {process_utils.py:191} INFO -   Resolved https://github.com/7-TRG/extract_trg.git to commit 0712b3f1bbaeeeea58bf80749079a62c7e1bec3d
[2024-08-02T16:50:54.426+0900] {process_utils.py:191} INFO -   Installing build dependencies: started
[2024-08-02T16:50:56.264+0900] {process_utils.py:191} INFO -   Installing build dependencies: finished with status 'done'
[2024-08-02T16:50:56.265+0900] {process_utils.py:191} INFO -   Getting requirements to build wheel: started
[2024-08-02T16:50:56.504+0900] {process_utils.py:191} INFO -   Getting requirements to build wheel: finished with status 'done'
[2024-08-02T16:50:56.506+0900] {process_utils.py:191} INFO -   Preparing metadata (pyproject.toml): started
[2024-08-02T16:50:56.752+0900] {process_utils.py:191} INFO -   Preparing metadata (pyproject.toml): finished with status 'done'
[2024-08-02T16:50:56.755+0900] {process_utils.py:191} INFO - Building wheels for collected packages: extract_trg
[2024-08-02T16:50:56.759+0900] {process_utils.py:191} INFO -   Building wheel for extract_trg (pyproject.toml): started
[2024-08-02T16:50:57.022+0900] {process_utils.py:191} INFO -   Building wheel for extract_trg (pyproject.toml): finished with status 'done'
[2024-08-02T16:50:57.023+0900] {process_utils.py:191} INFO -   Created wheel for extract_trg: filename=extract_trg-0.1.0-py3-none-any.whl size=2219 sha256=e662d97dd9f5748be6225395c8fe838aee11d55a35c213b2522a8d635e7a0c4b
[2024-08-02T16:50:57.023+0900] {process_utils.py:191} INFO -   Stored in directory: /tmp/pip-ephem-wheel-cache-wc3tw1ps/wheels/21/97/ea/e27bc4298590f1b8a2b9c46b60aefbe2e3076cf05f6bd5e464
[2024-08-02T16:50:57.025+0900] {process_utils.py:191} INFO - Successfully built extract_trg
[2024-08-02T16:50:57.035+0900] {process_utils.py:191} INFO - Installing collected packages: extract_trg
[2024-08-02T16:50:57.054+0900] {process_utils.py:191} INFO - Successfully installed extract_trg-0.1.0
[2024-08-02T16:50:57.060+0900] {process_utils.py:191} INFO - 
[2024-08-02T16:50:57.060+0900] {process_utils.py:191} INFO - [notice] A new release of pip is available: 24.1.2 -> 24.2
[2024-08-02T16:50:57.060+0900] {process_utils.py:191} INFO - [notice] To update, run: python -m pip install --upgrade pip
[2024-08-02T16:50:57.156+0900] {process_utils.py:183} INFO - Executing cmd: /tmp/venvkei78tqe/bin/python /tmp/venv-callnouopssn/script.py /tmp/venv-callnouopssn/script.in /tmp/venv-callnouopssn/script.out /tmp/venv-callnouopssn/string_args.txt /tmp/venv-callnouopssn/termination.log
[2024-08-02T16:50:57.157+0900] {process_utils.py:187} INFO - Output:
[2024-08-02T16:50:57.176+0900] {process_utils.py:191} INFO - 
[2024-08-02T16:50:57.176+0900] {process_utils.py:191} INFO - ---------------======---::::::------+--=======++++++++++===--:...::-=--==============--:.....:-=====
[2024-08-02T16:50:57.176+0900] {process_utils.py:191} INFO - ----::---------------------===--::--+-----=============++++++===---:....--===============--:...:-===
[2024-08-02T16:50:57.176+0900] {process_utils.py:191} INFO - ----------------------------------=++----------------------=+===========-::.:-======================
[2024-08-02T16:50:57.176+0900] {process_utils.py:191} INFO - =----------------------------------==-----------------------=-----==============================+=--
[2024-08-02T16:50:57.177+0900] {process_utils.py:191} INFO - %%####=----------------------------==----------------------=-::::-----======+*%#++================::
[2024-08-02T16:50:57.177+0900] {process_utils.py:191} INFO - %%%%%#=----------------------------=-:---------------------=--==--------=====*#*=================-::
[2024-08-02T16:50:57.177+0900] {process_utils.py:191} INFO - @@%%%*-----------------+***++=-----=-::-------------------:+---------=====+++====================-::
[2024-08-02T16:50:57.177+0900] {process_utils.py:191} INFO - @@%%%*---------------#%%%%##%%#=---=-+##*#+----------------=------------=====+====-=--===========-::
[2024-08-02T16:50:57.177+0900] {process_utils.py:191} INFO - @@@%%+--=+*%%%+-----+%@@%#++%%%#=--=*%+===#+::----------::=-----------=+*##*++=-----------=======-::
[2024-08-02T16:50:57.177+0900] {process_utils.py:191} INFO - +++++=-+#+***#*=-----#*++**+#@@@*--+#+**+***-:=-:---=*+-::=-----==+++*######%%%#=-------------==-:::
[2024-08-02T16:50:57.178+0900] {process_utils.py:191} INFO - *******-:::-*=-------+===+=-=+#%%:-=++++=+==-:=-:::=%%#-::###=-*#%%%%%%%%%%%%%%%%+---------------:::
[2024-08-02T16:50:57.178+0900] {process_utils.py:191} INFO - =====+=:--::+---+--+**++++*+++#%*-=--**++++-:=++=::+#*-::=%%%#*#%%%%%%%%@@%%%%@@%%#====------+#%%=-*
[2024-08-02T16:50:57.178+0900] {process_utils.py:191} INFO - =-==++---=+==*#%%%%%%=*++++++++==-=-*##*+=##**++=--++-:--*=-=*#%%%@%###*###*+++*%%%*=============-#%
[2024-08-02T16:50:57.178+0900] {process_utils.py:191} INFO - +-=------=*%%%%@%@@@@***=+*#+*##*#%%@@**++%@%%%%*+=--=-=+-:--:#%@@%#*****###*+---+*++#**===---=++*%@
[2024-08-02T16:50:57.178+0900] {process_utils.py:191} INFO - --==-::-*%%%@@@@@@@%#*=-+++%@%##%%@@@@@%#%@@@%%@%%%*=--=#%####-%@%%####++++++=---==++*####*+++*%@%@@
[2024-08-02T16:50:57.178+0900] {process_utils.py:191} INFO - -=*+=-=#@@@@@@@@@#*+++++*@@@@@@@@@@@@@@@@@@@@@@@@@@@#+==-+*+#=:-+#%##**==++**+++=====+*###*+**#@%##%
[2024-08-02T16:50:57.178+0900] {process_utils.py:191} INFO - -=++-+%%@%@@@@%+=-++***#@@@@@@@@@@@@%:+@@*%+=%@@@@@@%%#%%#*=+--:-=#++**%#*+=+++++===+**####=*%%%%%%%
[2024-08-02T16:50:57.179+0900] {process_utils.py:191} INFO - -=++#%%####+-:---=*%%@@%#######**++++=+++++++++%%=+%@@%##*+==-=++=+*****##*===+++++==*#####*+#%%##%%
[2024-08-02T16:50:57.179+0900] {process_utils.py:191} INFO - -=*+=---==+=-::::-*@@@%+=======++++++++++++++*#%#**%%%*==-+*=--+==*****#**+=====+++++=***+++=+==::::
[2024-08-02T16:50:57.179+0900] {process_utils.py:191} INFO - =#*=++++++*###**==*@@@%=======++++++++*@@@@@@@@%%#####-:=+----==******##****+++++***==-=+=:::.::::::
[2024-08-02T16:50:57.179+0900] {process_utils.py:191} INFO - #%*+*++++**##*###*+#@@#=========++++==*%%%%%%%%######*=-----==+*********##########*+====::::::::::::
[2024-08-02T16:50:57.179+0900] {process_utils.py:191} INFO - ++++*#%%@%*##*##***%@@*===============+%##%%######%%%%*==-===+*********+=+*#######*++++-:::--::-----
[2024-08-02T16:50:57.179+0900] {process_utils.py:191} INFO - ===+*#%@@%*##**#**+=--================+%%#%%###%#%%%%%#======*#######*-:-++*####*****++:------------
[2024-08-02T16:50:57.180+0900] {process_utils.py:191} INFO - =+=------=##**##**+=--================+%%#%%###%%#%%%%%+=====+###**++==----:-*####****=------==-====
[2024-08-02T16:50:57.180+0900] {process_utils.py:191} INFO - 
[2024-08-02T16:50:57.201+0900] {python.py:237} INFO - Done. Returned value was: None
[2024-08-02T16:50:57.202+0900] {taskinstance.py:441} INFO - ::group::Post task execution logs
[2024-08-02T16:50:57.205+0900] {taskinstance.py:1206} INFO - Marking task as SUCCESS. dag_id=movie, task_id=get.data, run_id=scheduled__2017-01-01T05:14:00+00:00, execution_date=20170101T051400, start_date=20240802T075051, end_date=20240802T075057
[2024-08-02T16:50:57.278+0900] {local_task_job_runner.py:243} INFO - Task exited with return code 0
[2024-08-02T16:50:57.301+0900] {taskinstance.py:3503} INFO - 0 downstream tasks scheduled from follow-on schedule check
[2024-08-02T16:50:57.301+0900] {local_task_job_runner.py:222} INFO - ::endgroup::
