[2024-08-02T17:36:47.681+0900] {local_task_job_runner.py:120} INFO - ::group::Pre task execution logs
[2024-08-02T17:36:47.703+0900] {taskinstance.py:2076} INFO - Dependencies all met for dep_context=non-requeueable deps ti=<TaskInstance: movie.extract scheduled__2017-01-05T05:06:00+00:00 [queued]>
[2024-08-02T17:36:47.709+0900] {taskinstance.py:2076} INFO - Dependencies all met for dep_context=requeueable deps ti=<TaskInstance: movie.extract scheduled__2017-01-05T05:06:00+00:00 [queued]>
[2024-08-02T17:36:47.709+0900] {taskinstance.py:2306} INFO - Starting attempt 1 of 3
[2024-08-02T17:36:47.730+0900] {taskinstance.py:2330} INFO - Executing <Task(PythonVirtualenvOperator): extract> on 2017-01-05 05:06:00+00:00
[2024-08-02T17:36:47.733+0900] {standard_task_runner.py:64} INFO - Started process 170921 to run task
[2024-08-02T17:36:47.737+0900] {standard_task_runner.py:90} INFO - Running: ['airflow', 'tasks', 'run', 'movie', 'extract', 'scheduled__2017-01-05T05:06:00+00:00', '--job-id', '264', '--raw', '--subdir', 'DAGS_FOLDER/movie.py', '--cfg-path', '/tmp/tmpnrmpuqn_']
[2024-08-02T17:36:47.739+0900] {standard_task_runner.py:91} INFO - Job 264: Subtask extract
[2024-08-02T17:36:47.773+0900] {task_command.py:426} INFO - Running <TaskInstance: movie.extract scheduled__2017-01-05T05:06:00+00:00 [running]> on host playdata.
[2024-08-02T17:36:47.837+0900] {taskinstance.py:2648} INFO - Exporting env vars: AIRFLOW_CTX_DAG_OWNER='airflow' AIRFLOW_CTX_DAG_ID='movie' AIRFLOW_CTX_TASK_ID='extract' AIRFLOW_CTX_EXECUTION_DATE='2017-01-05T05:06:00+00:00' AIRFLOW_CTX_TRY_NUMBER='1' AIRFLOW_CTX_DAG_RUN_ID='scheduled__2017-01-05T05:06:00+00:00'
[2024-08-02T17:36:47.838+0900] {taskinstance.py:430} INFO - ::endgroup::
[2024-08-02T17:36:47.849+0900] {baseoperator.py:400} WARNING - PythonVirtualenvOperator.execute cannot be called outside TaskInstance!
[2024-08-02T17:36:47.850+0900] {process_utils.py:183} INFO - Executing cmd: /home/oddsummer/.pyenv/versions/3.11.9/envs/air/bin/python -m virtualenv /tmp/venv7stjkaep --python=python
[2024-08-02T17:36:47.850+0900] {process_utils.py:187} INFO - Output:
[2024-08-02T17:36:48.229+0900] {process_utils.py:191} INFO - created virtual environment CPython3.11.9.final.0-64 in 268ms
[2024-08-02T17:36:48.230+0900] {process_utils.py:191} INFO -   creator CPython3Posix(dest=/tmp/venv7stjkaep, clear=False, no_vcs_ignore=False, global=False)
[2024-08-02T17:36:48.230+0900] {process_utils.py:191} INFO -   seeder FromAppData(download=False, pip=bundle, setuptools=bundle, wheel=bundle, via=copy, app_data_dir=/home/oddsummer/.local/share/virtualenv)
[2024-08-02T17:36:48.230+0900] {process_utils.py:191} INFO -     added seed packages: pip==24.1.2, setuptools==70.2.0, wheel==0.43.0
[2024-08-02T17:36:48.231+0900] {process_utils.py:191} INFO -   activators BashActivator,CShellActivator,FishActivator,NushellActivator,PowerShellActivator,PythonActivator
[2024-08-02T17:36:48.255+0900] {process_utils.py:183} INFO - Executing cmd: /tmp/venv7stjkaep/bin/pip install -r /tmp/venv7stjkaep/requirements.txt
[2024-08-02T17:36:48.255+0900] {process_utils.py:187} INFO - Output:
[2024-08-02T17:36:49.186+0900] {process_utils.py:191} INFO - Collecting git+https://github.com/7-TRG/extract_trg.git@main (from -r /tmp/venv7stjkaep/requirements.txt (line 1))
[2024-08-02T17:36:49.187+0900] {process_utils.py:191} INFO -   Cloning https://github.com/7-TRG/extract_trg.git (to revision main) to /tmp/pip-req-build-t44yo_9h
[2024-08-02T17:36:49.191+0900] {process_utils.py:191} INFO -   Running command git clone --filter=blob:none --quiet https://github.com/7-TRG/extract_trg.git /tmp/pip-req-build-t44yo_9h
[2024-08-02T17:36:50.925+0900] {process_utils.py:191} INFO -   Resolved https://github.com/7-TRG/extract_trg.git to commit 0712b3f1bbaeeeea58bf80749079a62c7e1bec3d
[2024-08-02T17:36:50.930+0900] {process_utils.py:191} INFO -   Installing build dependencies: started
[2024-08-02T17:36:52.811+0900] {process_utils.py:191} INFO -   Installing build dependencies: finished with status 'done'
[2024-08-02T17:36:52.812+0900] {process_utils.py:191} INFO -   Getting requirements to build wheel: started
[2024-08-02T17:36:53.051+0900] {process_utils.py:191} INFO -   Getting requirements to build wheel: finished with status 'done'
[2024-08-02T17:36:53.053+0900] {process_utils.py:191} INFO -   Preparing metadata (pyproject.toml): started
[2024-08-02T17:36:53.299+0900] {process_utils.py:191} INFO -   Preparing metadata (pyproject.toml): finished with status 'done'
[2024-08-02T17:36:53.302+0900] {process_utils.py:191} INFO - Building wheels for collected packages: extract_trg
[2024-08-02T17:36:53.306+0900] {process_utils.py:191} INFO -   Building wheel for extract_trg (pyproject.toml): started
[2024-08-02T17:36:53.579+0900] {process_utils.py:191} INFO -   Building wheel for extract_trg (pyproject.toml): finished with status 'done'
[2024-08-02T17:36:53.579+0900] {process_utils.py:191} INFO -   Created wheel for extract_trg: filename=extract_trg-0.1.0-py3-none-any.whl size=2219 sha256=8468cab88add2248cb7823c7d50c0c5874a62feb01093b9f02add553355d96a1
[2024-08-02T17:36:53.579+0900] {process_utils.py:191} INFO -   Stored in directory: /tmp/pip-ephem-wheel-cache-01k2wocl/wheels/21/97/ea/e27bc4298590f1b8a2b9c46b60aefbe2e3076cf05f6bd5e464
[2024-08-02T17:36:53.582+0900] {process_utils.py:191} INFO - Successfully built extract_trg
[2024-08-02T17:36:53.590+0900] {process_utils.py:191} INFO - Installing collected packages: extract_trg
[2024-08-02T17:36:53.609+0900] {process_utils.py:191} INFO - Successfully installed extract_trg-0.1.0
[2024-08-02T17:36:53.617+0900] {process_utils.py:191} INFO - 
[2024-08-02T17:36:53.617+0900] {process_utils.py:191} INFO - [notice] A new release of pip is available: 24.1.2 -> 24.2
[2024-08-02T17:36:53.618+0900] {process_utils.py:191} INFO - [notice] To update, run: python -m pip install --upgrade pip
[2024-08-02T17:36:53.720+0900] {process_utils.py:183} INFO - Executing cmd: /tmp/venv7stjkaep/bin/python /tmp/venv-callvg0hgphw/script.py /tmp/venv-callvg0hgphw/script.in /tmp/venv-callvg0hgphw/script.out /tmp/venv-callvg0hgphw/string_args.txt /tmp/venv-callvg0hgphw/termination.log
[2024-08-02T17:36:53.721+0900] {process_utils.py:187} INFO - Output:
[2024-08-02T17:36:53.740+0900] {process_utils.py:191} INFO - 
[2024-08-02T17:36:53.741+0900] {process_utils.py:191} INFO - ---------------======---::::::------+--=======++++++++++===--:...::-=--==============--:.....:-=====
[2024-08-02T17:36:53.741+0900] {process_utils.py:191} INFO - ----::---------------------===--::--+-----=============++++++===---:....--===============--:...:-===
[2024-08-02T17:36:53.741+0900] {process_utils.py:191} INFO - ----------------------------------=++----------------------=+===========-::.:-======================
[2024-08-02T17:36:53.741+0900] {process_utils.py:191} INFO - =----------------------------------==-----------------------=-----==============================+=--
[2024-08-02T17:36:53.741+0900] {process_utils.py:191} INFO - %%####=----------------------------==----------------------=-::::-----======+*%#++================::
[2024-08-02T17:36:53.741+0900] {process_utils.py:191} INFO - %%%%%#=----------------------------=-:---------------------=--==--------=====*#*=================-::
[2024-08-02T17:36:53.742+0900] {process_utils.py:191} INFO - @@%%%*-----------------+***++=-----=-::-------------------:+---------=====+++====================-::
[2024-08-02T17:36:53.742+0900] {process_utils.py:191} INFO - @@%%%*---------------#%%%%##%%#=---=-+##*#+----------------=------------=====+====-=--===========-::
[2024-08-02T17:36:53.742+0900] {process_utils.py:191} INFO - @@@%%+--=+*%%%+-----+%@@%#++%%%#=--=*%+===#+::----------::=-----------=+*##*++=-----------=======-::
[2024-08-02T17:36:53.742+0900] {process_utils.py:191} INFO - +++++=-+#+***#*=-----#*++**+#@@@*--+#+**+***-:=-:---=*+-::=-----==+++*######%%%#=-------------==-:::
[2024-08-02T17:36:53.742+0900] {process_utils.py:191} INFO - *******-:::-*=-------+===+=-=+#%%:-=++++=+==-:=-:::=%%#-::###=-*#%%%%%%%%%%%%%%%%+---------------:::
[2024-08-02T17:36:53.742+0900] {process_utils.py:191} INFO - =====+=:--::+---+--+**++++*+++#%*-=--**++++-:=++=::+#*-::=%%%#*#%%%%%%%%@@%%%%@@%%#====------+#%%=-*
[2024-08-02T17:36:53.742+0900] {process_utils.py:191} INFO - =-==++---=+==*#%%%%%%=*++++++++==-=-*##*+=##**++=--++-:--*=-=*#%%%@%###*###*+++*%%%*=============-#%
[2024-08-02T17:36:53.742+0900] {process_utils.py:191} INFO - +-=------=*%%%%@%@@@@***=+*#+*##*#%%@@**++%@%%%%*+=--=-=+-:--:#%@@%#*****###*+---+*++#**===---=++*%@
[2024-08-02T17:36:53.743+0900] {process_utils.py:191} INFO - --==-::-*%%%@@@@@@@%#*=-+++%@%##%%@@@@@%#%@@@%%@%%%*=--=#%####-%@%%####++++++=---==++*####*+++*%@%@@
[2024-08-02T17:36:53.743+0900] {process_utils.py:191} INFO - -=*+=-=#@@@@@@@@@#*+++++*@@@@@@@@@@@@@@@@@@@@@@@@@@@#+==-+*+#=:-+#%##**==++**+++=====+*###*+**#@%##%
[2024-08-02T17:36:53.743+0900] {process_utils.py:191} INFO - -=++-+%%@%@@@@%+=-++***#@@@@@@@@@@@@%:+@@*%+=%@@@@@@%%#%%#*=+--:-=#++**%#*+=+++++===+**####=*%%%%%%%
[2024-08-02T17:36:53.743+0900] {process_utils.py:191} INFO - -=++#%%####+-:---=*%%@@%#######**++++=+++++++++%%=+%@@%##*+==-=++=+*****##*===+++++==*#####*+#%%##%%
[2024-08-02T17:36:53.743+0900] {process_utils.py:191} INFO - -=*+=---==+=-::::-*@@@%+=======++++++++++++++*#%#**%%%*==-+*=--+==*****#**+=====+++++=***+++=+==::::
[2024-08-02T17:36:53.743+0900] {process_utils.py:191} INFO - =#*=++++++*###**==*@@@%=======++++++++*@@@@@@@@%%#####-:=+----==******##****+++++***==-=+=:::.::::::
[2024-08-02T17:36:53.743+0900] {process_utils.py:191} INFO - #%*+*++++**##*###*+#@@#=========++++==*%%%%%%%%######*=-----==+*********##########*+====::::::::::::
[2024-08-02T17:36:53.743+0900] {process_utils.py:191} INFO - ++++*#%%@%*##*##***%@@*===============+%##%%######%%%%*==-===+*********+=+*#######*++++-:::--::-----
[2024-08-02T17:36:53.743+0900] {process_utils.py:191} INFO - ===+*#%@@%*##**#**+=--================+%%#%%###%#%%%%%#======*#######*-:-++*####*****++:------------
[2024-08-02T17:36:53.744+0900] {process_utils.py:191} INFO - =+=------=##**##**+=--================+%%#%%###%%#%%%%%+=====+###**++==----:-*####****=------==-====
[2024-08-02T17:36:53.744+0900] {process_utils.py:191} INFO - 
[2024-08-02T17:36:53.767+0900] {python.py:237} INFO - Done. Returned value was: None
[2024-08-02T17:36:53.767+0900] {taskinstance.py:441} INFO - ::group::Post task execution logs
[2024-08-02T17:36:53.775+0900] {taskinstance.py:1206} INFO - Marking task as SUCCESS. dag_id=movie, task_id=extract, run_id=scheduled__2017-01-05T05:06:00+00:00, execution_date=20170105T050600, start_date=20240802T083647, end_date=20240802T083653
[2024-08-02T17:36:53.834+0900] {local_task_job_runner.py:243} INFO - Task exited with return code 0
[2024-08-02T17:36:53.852+0900] {taskinstance.py:3503} INFO - 1 downstream tasks scheduled from follow-on schedule check
[2024-08-02T17:36:53.859+0900] {local_task_job_runner.py:222} INFO - ::endgroup::
