[2024-08-02T17:47:46.983+0900] {local_task_job_runner.py:120} INFO - ::group::Pre task execution logs
[2024-08-02T17:47:47.006+0900] {taskinstance.py:2076} INFO - Dependencies all met for dep_context=non-requeueable deps ti=<TaskInstance: movie.transform scheduled__2017-01-05T05:29:00+00:00 [queued]>
[2024-08-02T17:47:47.013+0900] {taskinstance.py:2076} INFO - Dependencies all met for dep_context=requeueable deps ti=<TaskInstance: movie.transform scheduled__2017-01-05T05:29:00+00:00 [queued]>
[2024-08-02T17:47:47.013+0900] {taskinstance.py:2306} INFO - Starting attempt 1 of 3
[2024-08-02T17:47:47.029+0900] {taskinstance.py:2330} INFO - Executing <Task(PythonVirtualenvOperator): transform> on 2017-01-05 05:29:00+00:00
[2024-08-02T17:47:47.032+0900] {standard_task_runner.py:64} INFO - Started process 177170 to run task
[2024-08-02T17:47:47.035+0900] {standard_task_runner.py:90} INFO - Running: ['airflow', 'tasks', 'run', 'movie', 'transform', 'scheduled__2017-01-05T05:29:00+00:00', '--job-id', '334', '--raw', '--subdir', 'DAGS_FOLDER/movie.py', '--cfg-path', '/tmp/tmppi7cudzw']
[2024-08-02T17:47:47.037+0900] {standard_task_runner.py:91} INFO - Job 334: Subtask transform
[2024-08-02T17:47:47.073+0900] {task_command.py:426} INFO - Running <TaskInstance: movie.transform scheduled__2017-01-05T05:29:00+00:00 [running]> on host playdata.
[2024-08-02T17:47:47.145+0900] {taskinstance.py:2648} INFO - Exporting env vars: AIRFLOW_CTX_DAG_OWNER='airflow' AIRFLOW_CTX_DAG_ID='movie' AIRFLOW_CTX_TASK_ID='transform' AIRFLOW_CTX_EXECUTION_DATE='2017-01-05T05:29:00+00:00' AIRFLOW_CTX_TRY_NUMBER='1' AIRFLOW_CTX_DAG_RUN_ID='scheduled__2017-01-05T05:29:00+00:00'
[2024-08-02T17:47:47.146+0900] {taskinstance.py:430} INFO - ::endgroup::
[2024-08-02T17:47:47.157+0900] {baseoperator.py:400} WARNING - PythonVirtualenvOperator.execute cannot be called outside TaskInstance!
[2024-08-02T17:47:47.158+0900] {process_utils.py:183} INFO - Executing cmd: /home/oddsummer/.pyenv/versions/3.11.9/envs/air/bin/python -m virtualenv /tmp/venv2dsy072d --python=python
[2024-08-02T17:47:47.159+0900] {process_utils.py:187} INFO - Output:
[2024-08-02T17:47:47.564+0900] {process_utils.py:191} INFO - created virtual environment CPython3.11.9.final.0-64 in 291ms
[2024-08-02T17:47:47.564+0900] {process_utils.py:191} INFO -   creator CPython3Posix(dest=/tmp/venv2dsy072d, clear=False, no_vcs_ignore=False, global=False)
[2024-08-02T17:47:47.564+0900] {process_utils.py:191} INFO -   seeder FromAppData(download=False, pip=bundle, setuptools=bundle, wheel=bundle, via=copy, app_data_dir=/home/oddsummer/.local/share/virtualenv)
[2024-08-02T17:47:47.564+0900] {process_utils.py:191} INFO -     added seed packages: pip==24.1.2, setuptools==70.2.0, wheel==0.43.0
[2024-08-02T17:47:47.565+0900] {process_utils.py:191} INFO -   activators BashActivator,CShellActivator,FishActivator,NushellActivator,PowerShellActivator,PythonActivator
[2024-08-02T17:47:47.590+0900] {process_utils.py:183} INFO - Executing cmd: /tmp/venv2dsy072d/bin/pip install -r /tmp/venv2dsy072d/requirements.txt
[2024-08-02T17:47:47.591+0900] {process_utils.py:187} INFO - Output:
[2024-08-02T17:47:48.591+0900] {process_utils.py:191} INFO - Collecting git+https://github.com/7-TRG/transform_trg.git@main (from -r /tmp/venv2dsy072d/requirements.txt (line 1))
[2024-08-02T17:47:48.592+0900] {process_utils.py:191} INFO -   Cloning https://github.com/7-TRG/transform_trg.git (to revision main) to /tmp/pip-req-build-od_idrhm
[2024-08-02T17:47:48.594+0900] {process_utils.py:191} INFO -   Running command git clone --filter=blob:none --quiet https://github.com/7-TRG/transform_trg.git /tmp/pip-req-build-od_idrhm
[2024-08-02T17:47:50.266+0900] {process_utils.py:191} INFO -   Resolved https://github.com/7-TRG/transform_trg.git to commit 789fe432a030fafcbef44ec873bc256dce822228
[2024-08-02T17:47:50.276+0900] {process_utils.py:191} INFO -   Installing build dependencies: started
[2024-08-02T17:47:52.585+0900] {process_utils.py:191} INFO -   Installing build dependencies: finished with status 'done'
[2024-08-02T17:47:52.586+0900] {process_utils.py:191} INFO -   Getting requirements to build wheel: started
[2024-08-02T17:47:52.828+0900] {process_utils.py:191} INFO -   Getting requirements to build wheel: finished with status 'done'
[2024-08-02T17:47:52.829+0900] {process_utils.py:191} INFO -   Preparing metadata (pyproject.toml): started
[2024-08-02T17:47:53.088+0900] {process_utils.py:191} INFO -   Preparing metadata (pyproject.toml): finished with status 'done'
[2024-08-02T17:47:53.091+0900] {process_utils.py:191} INFO - Building wheels for collected packages: transform_trg
[2024-08-02T17:47:53.095+0900] {process_utils.py:191} INFO -   Building wheel for transform_trg (pyproject.toml): started
[2024-08-02T17:47:53.429+0900] {process_utils.py:191} INFO -   Building wheel for transform_trg (pyproject.toml): finished with status 'done'
[2024-08-02T17:47:53.429+0900] {process_utils.py:191} INFO -   Created wheel for transform_trg: filename=transform_trg-0.1.0-py3-none-any.whl size=2244 sha256=5f21402c0c622de6a691cf57232963da9ade1e084ead5d1ff3c87c913f287c1f
[2024-08-02T17:47:53.430+0900] {process_utils.py:191} INFO -   Stored in directory: /tmp/pip-ephem-wheel-cache-pg1kp4mc/wheels/52/ed/12/e63285a730e0434716bf2b76c497e2eca12531b214fbcca988
[2024-08-02T17:47:53.432+0900] {process_utils.py:191} INFO - Successfully built transform_trg
[2024-08-02T17:47:53.445+0900] {process_utils.py:191} INFO - Installing collected packages: transform_trg
[2024-08-02T17:47:53.472+0900] {process_utils.py:191} INFO - Successfully installed transform_trg-0.1.0
[2024-08-02T17:47:53.489+0900] {process_utils.py:191} INFO - 
[2024-08-02T17:47:53.490+0900] {process_utils.py:191} INFO - [notice] A new release of pip is available: 24.1.2 -> 24.2
[2024-08-02T17:47:53.490+0900] {process_utils.py:191} INFO - [notice] To update, run: python -m pip install --upgrade pip
[2024-08-02T17:47:53.605+0900] {process_utils.py:183} INFO - Executing cmd: /tmp/venv2dsy072d/bin/python /tmp/venv-calla7c37d2y/script.py /tmp/venv-calla7c37d2y/script.in /tmp/venv-calla7c37d2y/script.out /tmp/venv-calla7c37d2y/string_args.txt /tmp/venv-calla7c37d2y/termination.log
[2024-08-02T17:47:53.606+0900] {process_utils.py:187} INFO - Output:
[2024-08-02T17:47:53.627+0900] {process_utils.py:191} INFO - 
[2024-08-02T17:47:53.627+0900] {process_utils.py:191} INFO - ---------------======---::::::------+--=======++++++++++===--:...::-=--==============--:.....:-=====
[2024-08-02T17:47:53.627+0900] {process_utils.py:191} INFO - ----::---------------------===--::--+-----=============++++++===---:....--===============--:...:-===
[2024-08-02T17:47:53.627+0900] {process_utils.py:191} INFO - ----------------------------------=++----------------------=+===========-::.:-======================
[2024-08-02T17:47:53.628+0900] {process_utils.py:191} INFO - =----------------------------------==-----------------------=-----==============================+=--
[2024-08-02T17:47:53.628+0900] {process_utils.py:191} INFO - %%####=----------------------------==----------------------=-::::-----======+*%#++================::
[2024-08-02T17:47:53.628+0900] {process_utils.py:191} INFO - %%%%%#=----------------------------=-:---------------------=--==--------=====*#*=================-::
[2024-08-02T17:47:53.628+0900] {process_utils.py:191} INFO - @@%%%*-----------------+***++=-----=-::-------------------:+---------=====+++====================-::
[2024-08-02T17:47:53.628+0900] {process_utils.py:191} INFO - @@%%%*---------------#%%%%##%%#=---=-+##*#+----------------=------------=====+====-=--===========-::
[2024-08-02T17:47:53.628+0900] {process_utils.py:191} INFO - @@@%%+--=+*%%%+-----+%@@%#++%%%#=--=*%+===#+::----------::=-----------=+*##*++=-----------=======-::
[2024-08-02T17:47:53.628+0900] {process_utils.py:191} INFO - +++++=-+#+***#*=-----#*++**+#@@@*--+#+**+***-:=-:---=*+-::=-----==+++*######%%%#=-------------==-:::
[2024-08-02T17:47:53.629+0900] {process_utils.py:191} INFO - *******-:::-*=-------+===+=-=+#%%:-=++++=+==-:=-:::=%%#-::###=-*#%%%%%%%%%%%%%%%%+---------------:::
[2024-08-02T17:47:53.629+0900] {process_utils.py:191} INFO - =====+=:--::+---+--+**++++*+++#%*-=--**++++-:=++=::+#*-::=%%%#*#%%%%%%%%@@%%%%@@%%#====------+#%%=-*
[2024-08-02T17:47:53.629+0900] {process_utils.py:191} INFO - =-==++---=+==*#%%%%%%=*++++++++==-=-*##*+=##**++=--++-:--*=-=*#%%%@%###*###*+++*%%%*=============-#%
[2024-08-02T17:47:53.629+0900] {process_utils.py:191} INFO - +-=------=*%%%%@%@@@@***=+*#+*##*#%%@@**++%@%%%%*+=--=-=+-:--:#%@@%#*****###*+---+*++#**===---=++*%@
[2024-08-02T17:47:53.629+0900] {process_utils.py:191} INFO - --==-::-*%%%@@@@@@@%#*=-+++%@%##%%@@@@@%#%@@@%%@%%%*=--=#%####-%@%%####++++++=---==++*####*+++*%@%@@
[2024-08-02T17:47:53.629+0900] {process_utils.py:191} INFO - -=*+=-=#@@@@@@@@@#*+++++*@@@@@@@@@@@@@@@@@@@@@@@@@@@#+==-+*+#=:-+#%##**==++**+++=====+*###*+**#@%##%
[2024-08-02T17:47:53.629+0900] {process_utils.py:191} INFO - -=++-+%%@%@@@@%+=-++***#@@@@@@@@@@@@%:+@@*%+=%@@@@@@%%#%%#*=+--:-=#++**%#*+=+++++===+**####=*%%%%%%%
[2024-08-02T17:47:53.630+0900] {process_utils.py:191} INFO - -=++#%%####+-:---=*%%@@%#######**++++=+++++++++%%=+%@@%##*+==-=++=+*****##*===+++++==*#####*+#%%##%%
[2024-08-02T17:47:53.630+0900] {process_utils.py:191} INFO - -=*+=---==+=-::::-*@@@%+=======++++++++++++++*#%#**%%%*==-+*=--+==*****#**+=====+++++=***+++=+==::::
[2024-08-02T17:47:53.630+0900] {process_utils.py:191} INFO - =#*=++++++*###**==*@@@%=======++++++++*@@@@@@@@%%#####-:=+----==******##****+++++***==-=+=:::.::::::
[2024-08-02T17:47:53.630+0900] {process_utils.py:191} INFO - #%*+*++++**##*###*+#@@#=========++++==*%%%%%%%%######*=-----==+*********##########*+====::::::::::::
[2024-08-02T17:47:53.630+0900] {process_utils.py:191} INFO - ++++*#%%@%*##*##***%@@*===============+%##%%######%%%%*==-===+*********+=+*#######*++++-:::--::-----
[2024-08-02T17:47:53.630+0900] {process_utils.py:191} INFO - ===+*#%@@%*##**#**+=--================+%%#%%###%#%%%%%#======*#######*-:-++*####*****++:------------
[2024-08-02T17:47:53.631+0900] {process_utils.py:191} INFO - =+=------=##**##**+=--================+%%#%%###%%#%%%%%+=====+###**++==----:-*####****=------==-====
[2024-08-02T17:47:53.631+0900] {process_utils.py:191} INFO - 
[2024-08-02T17:47:53.652+0900] {python.py:237} INFO - Done. Returned value was: None
[2024-08-02T17:47:53.652+0900] {taskinstance.py:441} INFO - ::group::Post task execution logs
[2024-08-02T17:47:53.656+0900] {taskinstance.py:1206} INFO - Marking task as SUCCESS. dag_id=movie, task_id=transform, run_id=scheduled__2017-01-05T05:29:00+00:00, execution_date=20170105T052900, start_date=20240802T084747, end_date=20240802T084753
[2024-08-02T17:47:53.694+0900] {local_task_job_runner.py:243} INFO - Task exited with return code 0
[2024-08-02T17:47:53.714+0900] {taskinstance.py:3503} INFO - 1 downstream tasks scheduled from follow-on schedule check
[2024-08-02T17:47:53.721+0900] {local_task_job_runner.py:222} INFO - ::endgroup::
