[2024-08-02T17:32:59.453+0900] {local_task_job_runner.py:120} INFO - ::group::Pre task execution logs
[2024-08-02T17:32:59.474+0900] {taskinstance.py:2076} INFO - Dependencies all met for dep_context=non-requeueable deps ti=<TaskInstance: movie.get.data scheduled__2017-01-04T05:52:00+00:00 [queued]>
[2024-08-02T17:32:59.481+0900] {taskinstance.py:2076} INFO - Dependencies all met for dep_context=requeueable deps ti=<TaskInstance: movie.get.data scheduled__2017-01-04T05:52:00+00:00 [queued]>
[2024-08-02T17:32:59.481+0900] {taskinstance.py:2306} INFO - Starting attempt 1 of 3
[2024-08-02T17:32:59.497+0900] {taskinstance.py:2330} INFO - Executing <Task(PythonVirtualenvOperator): get.data> on 2017-01-04 05:52:00+00:00
[2024-08-02T17:32:59.500+0900] {standard_task_runner.py:64} INFO - Started process 167015 to run task
[2024-08-02T17:32:59.505+0900] {standard_task_runner.py:90} INFO - Running: ['airflow', 'tasks', 'run', 'movie', 'get.data', 'scheduled__2017-01-04T05:52:00+00:00', '--job-id', '243', '--raw', '--subdir', 'DAGS_FOLDER/movie.py', '--cfg-path', '/tmp/tmpnea82042']
[2024-08-02T17:32:59.507+0900] {standard_task_runner.py:91} INFO - Job 243: Subtask get.data
[2024-08-02T17:32:59.546+0900] {task_command.py:426} INFO - Running <TaskInstance: movie.get.data scheduled__2017-01-04T05:52:00+00:00 [running]> on host playdata.
[2024-08-02T17:32:59.619+0900] {taskinstance.py:2648} INFO - Exporting env vars: AIRFLOW_CTX_DAG_OWNER='airflow' AIRFLOW_CTX_DAG_ID='movie' AIRFLOW_CTX_TASK_ID='get.data' AIRFLOW_CTX_EXECUTION_DATE='2017-01-04T05:52:00+00:00' AIRFLOW_CTX_TRY_NUMBER='1' AIRFLOW_CTX_DAG_RUN_ID='scheduled__2017-01-04T05:52:00+00:00'
[2024-08-02T17:32:59.620+0900] {taskinstance.py:430} INFO - ::endgroup::
[2024-08-02T17:32:59.630+0900] {baseoperator.py:400} WARNING - PythonVirtualenvOperator.execute cannot be called outside TaskInstance!
[2024-08-02T17:32:59.631+0900] {process_utils.py:183} INFO - Executing cmd: /home/oddsummer/.pyenv/versions/3.11.9/envs/air/bin/python -m virtualenv /tmp/venvlmogxhym --python=python
[2024-08-02T17:32:59.632+0900] {process_utils.py:187} INFO - Output:
[2024-08-02T17:32:59.986+0900] {process_utils.py:191} INFO - created virtual environment CPython3.11.9.final.0-64 in 247ms
[2024-08-02T17:32:59.986+0900] {process_utils.py:191} INFO -   creator CPython3Posix(dest=/tmp/venvlmogxhym, clear=False, no_vcs_ignore=False, global=False)
[2024-08-02T17:32:59.987+0900] {process_utils.py:191} INFO -   seeder FromAppData(download=False, pip=bundle, setuptools=bundle, wheel=bundle, via=copy, app_data_dir=/home/oddsummer/.local/share/virtualenv)
[2024-08-02T17:32:59.987+0900] {process_utils.py:191} INFO -     added seed packages: pip==24.1.2, setuptools==70.2.0, wheel==0.43.0
[2024-08-02T17:32:59.987+0900] {process_utils.py:191} INFO -   activators BashActivator,CShellActivator,FishActivator,NushellActivator,PowerShellActivator,PythonActivator
[2024-08-02T17:33:00.017+0900] {process_utils.py:183} INFO - Executing cmd: /tmp/venvlmogxhym/bin/pip install -r /tmp/venvlmogxhym/requirements.txt
[2024-08-02T17:33:00.019+0900] {process_utils.py:187} INFO - Output:
[2024-08-02T17:33:01.085+0900] {process_utils.py:191} INFO - Collecting git+https://github.com/7-TRG/extract_trg.git@main (from -r /tmp/venvlmogxhym/requirements.txt (line 1))
[2024-08-02T17:33:01.086+0900] {process_utils.py:191} INFO -   Cloning https://github.com/7-TRG/extract_trg.git (to revision main) to /tmp/pip-req-build-u3svmhvn
[2024-08-02T17:33:01.089+0900] {process_utils.py:191} INFO -   Running command git clone --filter=blob:none --quiet https://github.com/7-TRG/extract_trg.git /tmp/pip-req-build-u3svmhvn
[2024-08-02T17:33:02.779+0900] {process_utils.py:191} INFO -   Resolved https://github.com/7-TRG/extract_trg.git to commit 0712b3f1bbaeeeea58bf80749079a62c7e1bec3d
[2024-08-02T17:33:02.785+0900] {process_utils.py:191} INFO -   Installing build dependencies: started
[2024-08-02T17:33:04.582+0900] {process_utils.py:191} INFO -   Installing build dependencies: finished with status 'done'
[2024-08-02T17:33:04.583+0900] {process_utils.py:191} INFO -   Getting requirements to build wheel: started
[2024-08-02T17:33:04.816+0900] {process_utils.py:191} INFO -   Getting requirements to build wheel: finished with status 'done'
[2024-08-02T17:33:04.818+0900] {process_utils.py:191} INFO -   Preparing metadata (pyproject.toml): started
[2024-08-02T17:33:05.059+0900] {process_utils.py:191} INFO -   Preparing metadata (pyproject.toml): finished with status 'done'
[2024-08-02T17:33:05.062+0900] {process_utils.py:191} INFO - Building wheels for collected packages: extract_trg
[2024-08-02T17:33:05.066+0900] {process_utils.py:191} INFO -   Building wheel for extract_trg (pyproject.toml): started
[2024-08-02T17:33:05.336+0900] {process_utils.py:191} INFO -   Building wheel for extract_trg (pyproject.toml): finished with status 'done'
[2024-08-02T17:33:05.337+0900] {process_utils.py:191} INFO -   Created wheel for extract_trg: filename=extract_trg-0.1.0-py3-none-any.whl size=2219 sha256=6927b4688c9f5b1b0c96350fda47ef84acf2f92e13fe250553d50832801003dc
[2024-08-02T17:33:05.337+0900] {process_utils.py:191} INFO -   Stored in directory: /tmp/pip-ephem-wheel-cache-v1m5rsl2/wheels/21/97/ea/e27bc4298590f1b8a2b9c46b60aefbe2e3076cf05f6bd5e464
[2024-08-02T17:33:05.339+0900] {process_utils.py:191} INFO - Successfully built extract_trg
[2024-08-02T17:33:05.351+0900] {process_utils.py:191} INFO - Installing collected packages: extract_trg
[2024-08-02T17:33:05.371+0900] {process_utils.py:191} INFO - Successfully installed extract_trg-0.1.0
[2024-08-02T17:33:05.376+0900] {process_utils.py:191} INFO - 
[2024-08-02T17:33:05.377+0900] {process_utils.py:191} INFO - [notice] A new release of pip is available: 24.1.2 -> 24.2
[2024-08-02T17:33:05.377+0900] {process_utils.py:191} INFO - [notice] To update, run: python -m pip install --upgrade pip
[2024-08-02T17:33:05.468+0900] {process_utils.py:183} INFO - Executing cmd: /tmp/venvlmogxhym/bin/python /tmp/venv-call82xrirx3/script.py /tmp/venv-call82xrirx3/script.in /tmp/venv-call82xrirx3/script.out /tmp/venv-call82xrirx3/string_args.txt /tmp/venv-call82xrirx3/termination.log
[2024-08-02T17:33:05.469+0900] {process_utils.py:187} INFO - Output:
[2024-08-02T17:33:05.489+0900] {process_utils.py:191} INFO - 
[2024-08-02T17:33:05.489+0900] {process_utils.py:191} INFO - ---------------======---::::::------+--=======++++++++++===--:...::-=--==============--:.....:-=====
[2024-08-02T17:33:05.490+0900] {process_utils.py:191} INFO - ----::---------------------===--::--+-----=============++++++===---:....--===============--:...:-===
[2024-08-02T17:33:05.490+0900] {process_utils.py:191} INFO - ----------------------------------=++----------------------=+===========-::.:-======================
[2024-08-02T17:33:05.490+0900] {process_utils.py:191} INFO - =----------------------------------==-----------------------=-----==============================+=--
[2024-08-02T17:33:05.490+0900] {process_utils.py:191} INFO - %%####=----------------------------==----------------------=-::::-----======+*%#++================::
[2024-08-02T17:33:05.491+0900] {process_utils.py:191} INFO - %%%%%#=----------------------------=-:---------------------=--==--------=====*#*=================-::
[2024-08-02T17:33:05.491+0900] {process_utils.py:191} INFO - @@%%%*-----------------+***++=-----=-::-------------------:+---------=====+++====================-::
[2024-08-02T17:33:05.491+0900] {process_utils.py:191} INFO - @@%%%*---------------#%%%%##%%#=---=-+##*#+----------------=------------=====+====-=--===========-::
[2024-08-02T17:33:05.491+0900] {process_utils.py:191} INFO - @@@%%+--=+*%%%+-----+%@@%#++%%%#=--=*%+===#+::----------::=-----------=+*##*++=-----------=======-::
[2024-08-02T17:33:05.491+0900] {process_utils.py:191} INFO - +++++=-+#+***#*=-----#*++**+#@@@*--+#+**+***-:=-:---=*+-::=-----==+++*######%%%#=-------------==-:::
[2024-08-02T17:33:05.492+0900] {process_utils.py:191} INFO - *******-:::-*=-------+===+=-=+#%%:-=++++=+==-:=-:::=%%#-::###=-*#%%%%%%%%%%%%%%%%+---------------:::
[2024-08-02T17:33:05.492+0900] {process_utils.py:191} INFO - =====+=:--::+---+--+**++++*+++#%*-=--**++++-:=++=::+#*-::=%%%#*#%%%%%%%%@@%%%%@@%%#====------+#%%=-*
[2024-08-02T17:33:05.492+0900] {process_utils.py:191} INFO - =-==++---=+==*#%%%%%%=*++++++++==-=-*##*+=##**++=--++-:--*=-=*#%%%@%###*###*+++*%%%*=============-#%
[2024-08-02T17:33:05.492+0900] {process_utils.py:191} INFO - +-=------=*%%%%@%@@@@***=+*#+*##*#%%@@**++%@%%%%*+=--=-=+-:--:#%@@%#*****###*+---+*++#**===---=++*%@
[2024-08-02T17:33:05.492+0900] {process_utils.py:191} INFO - --==-::-*%%%@@@@@@@%#*=-+++%@%##%%@@@@@%#%@@@%%@%%%*=--=#%####-%@%%####++++++=---==++*####*+++*%@%@@
[2024-08-02T17:33:05.493+0900] {process_utils.py:191} INFO - -=*+=-=#@@@@@@@@@#*+++++*@@@@@@@@@@@@@@@@@@@@@@@@@@@#+==-+*+#=:-+#%##**==++**+++=====+*###*+**#@%##%
[2024-08-02T17:33:05.493+0900] {process_utils.py:191} INFO - -=++-+%%@%@@@@%+=-++***#@@@@@@@@@@@@%:+@@*%+=%@@@@@@%%#%%#*=+--:-=#++**%#*+=+++++===+**####=*%%%%%%%
[2024-08-02T17:33:05.493+0900] {process_utils.py:191} INFO - -=++#%%####+-:---=*%%@@%#######**++++=+++++++++%%=+%@@%##*+==-=++=+*****##*===+++++==*#####*+#%%##%%
[2024-08-02T17:33:05.493+0900] {process_utils.py:191} INFO - -=*+=---==+=-::::-*@@@%+=======++++++++++++++*#%#**%%%*==-+*=--+==*****#**+=====+++++=***+++=+==::::
[2024-08-02T17:33:05.493+0900] {process_utils.py:191} INFO - =#*=++++++*###**==*@@@%=======++++++++*@@@@@@@@%%#####-:=+----==******##****+++++***==-=+=:::.::::::
[2024-08-02T17:33:05.493+0900] {process_utils.py:191} INFO - #%*+*++++**##*###*+#@@#=========++++==*%%%%%%%%######*=-----==+*********##########*+====::::::::::::
[2024-08-02T17:33:05.494+0900] {process_utils.py:191} INFO - ++++*#%%@%*##*##***%@@*===============+%##%%######%%%%*==-===+*********+=+*#######*++++-:::--::-----
[2024-08-02T17:33:05.494+0900] {process_utils.py:191} INFO - ===+*#%@@%*##**#**+=--================+%%#%%###%#%%%%%#======*#######*-:-++*####*****++:------------
[2024-08-02T17:33:05.494+0900] {process_utils.py:191} INFO - =+=------=##**##**+=--================+%%#%%###%%#%%%%%+=====+###**++==----:-*####****=------==-====
[2024-08-02T17:33:05.494+0900] {process_utils.py:191} INFO - 
[2024-08-02T17:33:05.516+0900] {python.py:237} INFO - Done. Returned value was: None
[2024-08-02T17:33:05.516+0900] {taskinstance.py:441} INFO - ::group::Post task execution logs
[2024-08-02T17:33:05.521+0900] {taskinstance.py:1206} INFO - Marking task as SUCCESS. dag_id=movie, task_id=get.data, run_id=scheduled__2017-01-04T05:52:00+00:00, execution_date=20170104T055200, start_date=20240802T083259, end_date=20240802T083305
[2024-08-02T17:33:05.553+0900] {local_task_job_runner.py:243} INFO - Task exited with return code 0
[2024-08-02T17:33:05.578+0900] {taskinstance.py:3503} INFO - 0 downstream tasks scheduled from follow-on schedule check
[2024-08-02T17:33:05.578+0900] {local_task_job_runner.py:222} INFO - ::endgroup::
