[2024-08-02T16:58:56.463+0900] {local_task_job_runner.py:120} INFO - ::group::Pre task execution logs
[2024-08-02T16:58:56.493+0900] {taskinstance.py:2076} INFO - Dependencies all met for dep_context=non-requeueable deps ti=<TaskInstance: movie.get.data scheduled__2017-01-01T05:57:00+00:00 [queued]>
[2024-08-02T16:58:56.499+0900] {taskinstance.py:2076} INFO - Dependencies all met for dep_context=requeueable deps ti=<TaskInstance: movie.get.data scheduled__2017-01-01T05:57:00+00:00 [queued]>
[2024-08-02T16:58:56.500+0900] {taskinstance.py:2306} INFO - Starting attempt 1 of 3
[2024-08-02T16:58:56.521+0900] {taskinstance.py:2330} INFO - Executing <Task(PythonVirtualenvOperator): get.data> on 2017-01-01 05:57:00+00:00
[2024-08-02T16:58:56.526+0900] {standard_task_runner.py:64} INFO - Started process 150330 to run task
[2024-08-02T16:58:56.529+0900] {standard_task_runner.py:90} INFO - Running: ['airflow', 'tasks', 'run', 'movie', 'get.data', 'scheduled__2017-01-01T05:57:00+00:00', '--job-id', '68', '--raw', '--subdir', 'DAGS_FOLDER/movie.py', '--cfg-path', '/tmp/tmpxvouw_f3']
[2024-08-02T16:58:56.531+0900] {standard_task_runner.py:91} INFO - Job 68: Subtask get.data
[2024-08-02T16:58:56.568+0900] {task_command.py:426} INFO - Running <TaskInstance: movie.get.data scheduled__2017-01-01T05:57:00+00:00 [running]> on host playdata.
[2024-08-02T16:58:56.653+0900] {taskinstance.py:2648} INFO - Exporting env vars: AIRFLOW_CTX_DAG_OWNER='airflow' AIRFLOW_CTX_DAG_ID='movie' AIRFLOW_CTX_TASK_ID='get.data' AIRFLOW_CTX_EXECUTION_DATE='2017-01-01T05:57:00+00:00' AIRFLOW_CTX_TRY_NUMBER='1' AIRFLOW_CTX_DAG_RUN_ID='scheduled__2017-01-01T05:57:00+00:00'
[2024-08-02T16:58:56.655+0900] {taskinstance.py:430} INFO - ::endgroup::
[2024-08-02T16:58:56.667+0900] {baseoperator.py:400} WARNING - PythonVirtualenvOperator.execute cannot be called outside TaskInstance!
[2024-08-02T16:58:56.668+0900] {process_utils.py:183} INFO - Executing cmd: /home/oddsummer/.pyenv/versions/3.11.9/envs/air/bin/python -m virtualenv /tmp/venv389ldp48 --python=python
[2024-08-02T16:58:56.669+0900] {process_utils.py:187} INFO - Output:
[2024-08-02T16:58:57.251+0900] {process_utils.py:191} INFO - created virtual environment CPython3.11.9.final.0-64 in 454ms
[2024-08-02T16:58:57.251+0900] {process_utils.py:191} INFO -   creator CPython3Posix(dest=/tmp/venv389ldp48, clear=False, no_vcs_ignore=False, global=False)
[2024-08-02T16:58:57.252+0900] {process_utils.py:191} INFO -   seeder FromAppData(download=False, pip=bundle, setuptools=bundle, wheel=bundle, via=copy, app_data_dir=/home/oddsummer/.local/share/virtualenv)
[2024-08-02T16:58:57.252+0900] {process_utils.py:191} INFO -     added seed packages: pip==24.1.2, setuptools==70.2.0, wheel==0.43.0
[2024-08-02T16:58:57.252+0900] {process_utils.py:191} INFO -   activators BashActivator,CShellActivator,FishActivator,NushellActivator,PowerShellActivator,PythonActivator
[2024-08-02T16:58:57.289+0900] {process_utils.py:183} INFO - Executing cmd: /tmp/venv389ldp48/bin/pip install -r /tmp/venv389ldp48/requirements.txt
[2024-08-02T16:58:57.290+0900] {process_utils.py:187} INFO - Output:
[2024-08-02T16:58:58.363+0900] {process_utils.py:191} INFO - Collecting git+https://github.com/7-TRG/extract_trg.git@main (from -r /tmp/venv389ldp48/requirements.txt (line 1))
[2024-08-02T16:58:58.364+0900] {process_utils.py:191} INFO -   Cloning https://github.com/7-TRG/extract_trg.git (to revision main) to /tmp/pip-req-build-2e04tp00
[2024-08-02T16:58:58.366+0900] {process_utils.py:191} INFO -   Running command git clone --filter=blob:none --quiet https://github.com/7-TRG/extract_trg.git /tmp/pip-req-build-2e04tp00
[2024-08-02T16:58:59.792+0900] {process_utils.py:191} INFO -   Resolved https://github.com/7-TRG/extract_trg.git to commit 0712b3f1bbaeeeea58bf80749079a62c7e1bec3d
[2024-08-02T16:58:59.797+0900] {process_utils.py:191} INFO -   Installing build dependencies: started
[2024-08-02T16:59:01.817+0900] {process_utils.py:191} INFO -   Installing build dependencies: finished with status 'done'
[2024-08-02T16:59:01.818+0900] {process_utils.py:191} INFO -   Getting requirements to build wheel: started
[2024-08-02T16:59:02.150+0900] {process_utils.py:191} INFO -   Getting requirements to build wheel: finished with status 'done'
[2024-08-02T16:59:02.151+0900] {process_utils.py:191} INFO -   Preparing metadata (pyproject.toml): started
[2024-08-02T16:59:02.533+0900] {process_utils.py:191} INFO -   Preparing metadata (pyproject.toml): finished with status 'done'
[2024-08-02T16:59:02.536+0900] {process_utils.py:191} INFO - Building wheels for collected packages: extract_trg
[2024-08-02T16:59:02.545+0900] {process_utils.py:191} INFO -   Building wheel for extract_trg (pyproject.toml): started
[2024-08-02T16:59:02.881+0900] {process_utils.py:191} INFO -   Building wheel for extract_trg (pyproject.toml): finished with status 'done'
[2024-08-02T16:59:02.882+0900] {process_utils.py:191} INFO -   Created wheel for extract_trg: filename=extract_trg-0.1.0-py3-none-any.whl size=2219 sha256=9070a21b17f0ffad91f9557efe0d0f469c29c7a1b2307aab7275053fd54ff7fb
[2024-08-02T16:59:02.882+0900] {process_utils.py:191} INFO -   Stored in directory: /tmp/pip-ephem-wheel-cache-tw5l6jn8/wheels/21/97/ea/e27bc4298590f1b8a2b9c46b60aefbe2e3076cf05f6bd5e464
[2024-08-02T16:59:02.884+0900] {process_utils.py:191} INFO - Successfully built extract_trg
[2024-08-02T16:59:02.895+0900] {process_utils.py:191} INFO - Installing collected packages: extract_trg
[2024-08-02T16:59:02.915+0900] {process_utils.py:191} INFO - Successfully installed extract_trg-0.1.0
[2024-08-02T16:59:02.922+0900] {process_utils.py:191} INFO - 
[2024-08-02T16:59:02.923+0900] {process_utils.py:191} INFO - [notice] A new release of pip is available: 24.1.2 -> 24.2
[2024-08-02T16:59:02.923+0900] {process_utils.py:191} INFO - [notice] To update, run: python -m pip install --upgrade pip
[2024-08-02T16:59:03.026+0900] {process_utils.py:183} INFO - Executing cmd: /tmp/venv389ldp48/bin/python /tmp/venv-callrbjycx16/script.py /tmp/venv-callrbjycx16/script.in /tmp/venv-callrbjycx16/script.out /tmp/venv-callrbjycx16/string_args.txt /tmp/venv-callrbjycx16/termination.log
[2024-08-02T16:59:03.027+0900] {process_utils.py:187} INFO - Output:
[2024-08-02T16:59:03.047+0900] {process_utils.py:191} INFO - 
[2024-08-02T16:59:03.048+0900] {process_utils.py:191} INFO - ---------------======---::::::------+--=======++++++++++===--:...::-=--==============--:.....:-=====
[2024-08-02T16:59:03.048+0900] {process_utils.py:191} INFO - ----::---------------------===--::--+-----=============++++++===---:....--===============--:...:-===
[2024-08-02T16:59:03.048+0900] {process_utils.py:191} INFO - ----------------------------------=++----------------------=+===========-::.:-======================
[2024-08-02T16:59:03.049+0900] {process_utils.py:191} INFO - =----------------------------------==-----------------------=-----==============================+=--
[2024-08-02T16:59:03.049+0900] {process_utils.py:191} INFO - %%####=----------------------------==----------------------=-::::-----======+*%#++================::
[2024-08-02T16:59:03.049+0900] {process_utils.py:191} INFO - %%%%%#=----------------------------=-:---------------------=--==--------=====*#*=================-::
[2024-08-02T16:59:03.049+0900] {process_utils.py:191} INFO - @@%%%*-----------------+***++=-----=-::-------------------:+---------=====+++====================-::
[2024-08-02T16:59:03.049+0900] {process_utils.py:191} INFO - @@%%%*---------------#%%%%##%%#=---=-+##*#+----------------=------------=====+====-=--===========-::
[2024-08-02T16:59:03.050+0900] {process_utils.py:191} INFO - @@@%%+--=+*%%%+-----+%@@%#++%%%#=--=*%+===#+::----------::=-----------=+*##*++=-----------=======-::
[2024-08-02T16:59:03.050+0900] {process_utils.py:191} INFO - +++++=-+#+***#*=-----#*++**+#@@@*--+#+**+***-:=-:---=*+-::=-----==+++*######%%%#=-------------==-:::
[2024-08-02T16:59:03.050+0900] {process_utils.py:191} INFO - *******-:::-*=-------+===+=-=+#%%:-=++++=+==-:=-:::=%%#-::###=-*#%%%%%%%%%%%%%%%%+---------------:::
[2024-08-02T16:59:03.050+0900] {process_utils.py:191} INFO - =====+=:--::+---+--+**++++*+++#%*-=--**++++-:=++=::+#*-::=%%%#*#%%%%%%%%@@%%%%@@%%#====------+#%%=-*
[2024-08-02T16:59:03.051+0900] {process_utils.py:191} INFO - =-==++---=+==*#%%%%%%=*++++++++==-=-*##*+=##**++=--++-:--*=-=*#%%%@%###*###*+++*%%%*=============-#%
[2024-08-02T16:59:03.051+0900] {process_utils.py:191} INFO - +-=------=*%%%%@%@@@@***=+*#+*##*#%%@@**++%@%%%%*+=--=-=+-:--:#%@@%#*****###*+---+*++#**===---=++*%@
[2024-08-02T16:59:03.051+0900] {process_utils.py:191} INFO - --==-::-*%%%@@@@@@@%#*=-+++%@%##%%@@@@@%#%@@@%%@%%%*=--=#%####-%@%%####++++++=---==++*####*+++*%@%@@
[2024-08-02T16:59:03.051+0900] {process_utils.py:191} INFO - -=*+=-=#@@@@@@@@@#*+++++*@@@@@@@@@@@@@@@@@@@@@@@@@@@#+==-+*+#=:-+#%##**==++**+++=====+*###*+**#@%##%
[2024-08-02T16:59:03.052+0900] {process_utils.py:191} INFO - -=++-+%%@%@@@@%+=-++***#@@@@@@@@@@@@%:+@@*%+=%@@@@@@%%#%%#*=+--:-=#++**%#*+=+++++===+**####=*%%%%%%%
[2024-08-02T16:59:03.052+0900] {process_utils.py:191} INFO - -=++#%%####+-:---=*%%@@%#######**++++=+++++++++%%=+%@@%##*+==-=++=+*****##*===+++++==*#####*+#%%##%%
[2024-08-02T16:59:03.052+0900] {process_utils.py:191} INFO - -=*+=---==+=-::::-*@@@%+=======++++++++++++++*#%#**%%%*==-+*=--+==*****#**+=====+++++=***+++=+==::::
[2024-08-02T16:59:03.052+0900] {process_utils.py:191} INFO - =#*=++++++*###**==*@@@%=======++++++++*@@@@@@@@%%#####-:=+----==******##****+++++***==-=+=:::.::::::
[2024-08-02T16:59:03.052+0900] {process_utils.py:191} INFO - #%*+*++++**##*###*+#@@#=========++++==*%%%%%%%%######*=-----==+*********##########*+====::::::::::::
[2024-08-02T16:59:03.052+0900] {process_utils.py:191} INFO - ++++*#%%@%*##*##***%@@*===============+%##%%######%%%%*==-===+*********+=+*#######*++++-:::--::-----
[2024-08-02T16:59:03.052+0900] {process_utils.py:191} INFO - ===+*#%@@%*##**#**+=--================+%%#%%###%#%%%%%#======*#######*-:-++*####*****++:------------
[2024-08-02T16:59:03.053+0900] {process_utils.py:191} INFO - =+=------=##**##**+=--================+%%#%%###%%#%%%%%+=====+###**++==----:-*####****=------==-====
[2024-08-02T16:59:03.053+0900] {process_utils.py:191} INFO - 
[2024-08-02T16:59:03.075+0900] {python.py:237} INFO - Done. Returned value was: None
[2024-08-02T16:59:03.075+0900] {taskinstance.py:441} INFO - ::group::Post task execution logs
[2024-08-02T16:59:03.080+0900] {taskinstance.py:1206} INFO - Marking task as SUCCESS. dag_id=movie, task_id=get.data, run_id=scheduled__2017-01-01T05:57:00+00:00, execution_date=20170101T055700, start_date=20240802T075856, end_date=20240802T075903
[2024-08-02T16:59:03.112+0900] {local_task_job_runner.py:243} INFO - Task exited with return code 0
[2024-08-02T16:59:03.126+0900] {taskinstance.py:3503} INFO - 0 downstream tasks scheduled from follow-on schedule check
[2024-08-02T16:59:03.127+0900] {local_task_job_runner.py:222} INFO - ::endgroup::
