[2024-08-02T17:35:19.554+0900] {local_task_job_runner.py:120} INFO - ::group::Pre task execution logs
[2024-08-02T17:35:19.575+0900] {taskinstance.py:2076} INFO - Dependencies all met for dep_context=non-requeueable deps ti=<TaskInstance: movie.extract scheduled__2017-01-05T05:03:00+00:00 [queued]>
[2024-08-02T17:35:19.582+0900] {taskinstance.py:2076} INFO - Dependencies all met for dep_context=requeueable deps ti=<TaskInstance: movie.extract scheduled__2017-01-05T05:03:00+00:00 [queued]>
[2024-08-02T17:35:19.582+0900] {taskinstance.py:2306} INFO - Starting attempt 1 of 3
[2024-08-02T17:35:19.601+0900] {taskinstance.py:2330} INFO - Executing <Task(PythonVirtualenvOperator): extract> on 2017-01-05 05:03:00+00:00
[2024-08-02T17:35:19.604+0900] {standard_task_runner.py:64} INFO - Started process 168682 to run task
[2024-08-02T17:35:19.607+0900] {standard_task_runner.py:90} INFO - Running: ['airflow', 'tasks', 'run', 'movie', 'extract', 'scheduled__2017-01-05T05:03:00+00:00', '--job-id', '253', '--raw', '--subdir', 'DAGS_FOLDER/movie.py', '--cfg-path', '/tmp/tmp1eylzor7']
[2024-08-02T17:35:19.609+0900] {standard_task_runner.py:91} INFO - Job 253: Subtask extract
[2024-08-02T17:35:19.649+0900] {task_command.py:426} INFO - Running <TaskInstance: movie.extract scheduled__2017-01-05T05:03:00+00:00 [running]> on host playdata.
[2024-08-02T17:35:19.716+0900] {taskinstance.py:2648} INFO - Exporting env vars: AIRFLOW_CTX_DAG_OWNER='airflow' AIRFLOW_CTX_DAG_ID='movie' AIRFLOW_CTX_TASK_ID='extract' AIRFLOW_CTX_EXECUTION_DATE='2017-01-05T05:03:00+00:00' AIRFLOW_CTX_TRY_NUMBER='1' AIRFLOW_CTX_DAG_RUN_ID='scheduled__2017-01-05T05:03:00+00:00'
[2024-08-02T17:35:19.717+0900] {taskinstance.py:430} INFO - ::endgroup::
[2024-08-02T17:35:19.729+0900] {baseoperator.py:400} WARNING - PythonVirtualenvOperator.execute cannot be called outside TaskInstance!
[2024-08-02T17:35:19.730+0900] {process_utils.py:183} INFO - Executing cmd: /home/oddsummer/.pyenv/versions/3.11.9/envs/air/bin/python -m virtualenv /tmp/venv6cksfn1h --python=python
[2024-08-02T17:35:19.731+0900] {process_utils.py:187} INFO - Output:
[2024-08-02T17:35:20.117+0900] {process_utils.py:191} INFO - created virtual environment CPython3.11.9.final.0-64 in 281ms
[2024-08-02T17:35:20.117+0900] {process_utils.py:191} INFO -   creator CPython3Posix(dest=/tmp/venv6cksfn1h, clear=False, no_vcs_ignore=False, global=False)
[2024-08-02T17:35:20.118+0900] {process_utils.py:191} INFO -   seeder FromAppData(download=False, pip=bundle, setuptools=bundle, wheel=bundle, via=copy, app_data_dir=/home/oddsummer/.local/share/virtualenv)
[2024-08-02T17:35:20.118+0900] {process_utils.py:191} INFO -     added seed packages: pip==24.1.2, setuptools==70.2.0, wheel==0.43.0
[2024-08-02T17:35:20.118+0900] {process_utils.py:191} INFO -   activators BashActivator,CShellActivator,FishActivator,NushellActivator,PowerShellActivator,PythonActivator
[2024-08-02T17:35:20.142+0900] {process_utils.py:183} INFO - Executing cmd: /tmp/venv6cksfn1h/bin/pip install -r /tmp/venv6cksfn1h/requirements.txt
[2024-08-02T17:35:20.143+0900] {process_utils.py:187} INFO - Output:
[2024-08-02T17:35:21.124+0900] {process_utils.py:191} INFO - Collecting git+https://github.com/7-TRG/extract_trg.git@main (from -r /tmp/venv6cksfn1h/requirements.txt (line 1))
[2024-08-02T17:35:21.125+0900] {process_utils.py:191} INFO -   Cloning https://github.com/7-TRG/extract_trg.git (to revision main) to /tmp/pip-req-build-y7e2pzoi
[2024-08-02T17:35:21.127+0900] {process_utils.py:191} INFO -   Running command git clone --filter=blob:none --quiet https://github.com/7-TRG/extract_trg.git /tmp/pip-req-build-y7e2pzoi
[2024-08-02T17:35:22.748+0900] {process_utils.py:191} INFO -   Resolved https://github.com/7-TRG/extract_trg.git to commit 0712b3f1bbaeeeea58bf80749079a62c7e1bec3d
[2024-08-02T17:35:22.753+0900] {process_utils.py:191} INFO -   Installing build dependencies: started
[2024-08-02T17:35:24.584+0900] {process_utils.py:191} INFO -   Installing build dependencies: finished with status 'done'
[2024-08-02T17:35:24.585+0900] {process_utils.py:191} INFO -   Getting requirements to build wheel: started
[2024-08-02T17:35:24.817+0900] {process_utils.py:191} INFO -   Getting requirements to build wheel: finished with status 'done'
[2024-08-02T17:35:24.818+0900] {process_utils.py:191} INFO -   Preparing metadata (pyproject.toml): started
[2024-08-02T17:35:25.070+0900] {process_utils.py:191} INFO -   Preparing metadata (pyproject.toml): finished with status 'done'
[2024-08-02T17:35:25.073+0900] {process_utils.py:191} INFO - Building wheels for collected packages: extract_trg
[2024-08-02T17:35:25.077+0900] {process_utils.py:191} INFO -   Building wheel for extract_trg (pyproject.toml): started
[2024-08-02T17:35:25.411+0900] {process_utils.py:191} INFO -   Building wheel for extract_trg (pyproject.toml): finished with status 'done'
[2024-08-02T17:35:25.412+0900] {process_utils.py:191} INFO -   Created wheel for extract_trg: filename=extract_trg-0.1.0-py3-none-any.whl size=2219 sha256=c090d11fec315f271943f522b9345ab3063c5ae1151041b3f148bb2b33405cef
[2024-08-02T17:35:25.412+0900] {process_utils.py:191} INFO -   Stored in directory: /tmp/pip-ephem-wheel-cache-a2zurbqx/wheels/21/97/ea/e27bc4298590f1b8a2b9c46b60aefbe2e3076cf05f6bd5e464
[2024-08-02T17:35:25.415+0900] {process_utils.py:191} INFO - Successfully built extract_trg
[2024-08-02T17:35:25.428+0900] {process_utils.py:191} INFO - Installing collected packages: extract_trg
[2024-08-02T17:35:25.448+0900] {process_utils.py:191} INFO - Successfully installed extract_trg-0.1.0
[2024-08-02T17:35:25.455+0900] {process_utils.py:191} INFO - 
[2024-08-02T17:35:25.456+0900] {process_utils.py:191} INFO - [notice] A new release of pip is available: 24.1.2 -> 24.2
[2024-08-02T17:35:25.457+0900] {process_utils.py:191} INFO - [notice] To update, run: python -m pip install --upgrade pip
[2024-08-02T17:35:25.564+0900] {process_utils.py:183} INFO - Executing cmd: /tmp/venv6cksfn1h/bin/python /tmp/venv-callyw5y4od9/script.py /tmp/venv-callyw5y4od9/script.in /tmp/venv-callyw5y4od9/script.out /tmp/venv-callyw5y4od9/string_args.txt /tmp/venv-callyw5y4od9/termination.log
[2024-08-02T17:35:25.564+0900] {process_utils.py:187} INFO - Output:
[2024-08-02T17:35:25.583+0900] {process_utils.py:191} INFO - 
[2024-08-02T17:35:25.584+0900] {process_utils.py:191} INFO - ---------------======---::::::------+--=======++++++++++===--:...::-=--==============--:.....:-=====
[2024-08-02T17:35:25.584+0900] {process_utils.py:191} INFO - ----::---------------------===--::--+-----=============++++++===---:....--===============--:...:-===
[2024-08-02T17:35:25.584+0900] {process_utils.py:191} INFO - ----------------------------------=++----------------------=+===========-::.:-======================
[2024-08-02T17:35:25.584+0900] {process_utils.py:191} INFO - =----------------------------------==-----------------------=-----==============================+=--
[2024-08-02T17:35:25.584+0900] {process_utils.py:191} INFO - %%####=----------------------------==----------------------=-::::-----======+*%#++================::
[2024-08-02T17:35:25.585+0900] {process_utils.py:191} INFO - %%%%%#=----------------------------=-:---------------------=--==--------=====*#*=================-::
[2024-08-02T17:35:25.585+0900] {process_utils.py:191} INFO - @@%%%*-----------------+***++=-----=-::-------------------:+---------=====+++====================-::
[2024-08-02T17:35:25.585+0900] {process_utils.py:191} INFO - @@%%%*---------------#%%%%##%%#=---=-+##*#+----------------=------------=====+====-=--===========-::
[2024-08-02T17:35:25.585+0900] {process_utils.py:191} INFO - @@@%%+--=+*%%%+-----+%@@%#++%%%#=--=*%+===#+::----------::=-----------=+*##*++=-----------=======-::
[2024-08-02T17:35:25.585+0900] {process_utils.py:191} INFO - +++++=-+#+***#*=-----#*++**+#@@@*--+#+**+***-:=-:---=*+-::=-----==+++*######%%%#=-------------==-:::
[2024-08-02T17:35:25.585+0900] {process_utils.py:191} INFO - *******-:::-*=-------+===+=-=+#%%:-=++++=+==-:=-:::=%%#-::###=-*#%%%%%%%%%%%%%%%%+---------------:::
[2024-08-02T17:35:25.585+0900] {process_utils.py:191} INFO - =====+=:--::+---+--+**++++*+++#%*-=--**++++-:=++=::+#*-::=%%%#*#%%%%%%%%@@%%%%@@%%#====------+#%%=-*
[2024-08-02T17:35:25.586+0900] {process_utils.py:191} INFO - =-==++---=+==*#%%%%%%=*++++++++==-=-*##*+=##**++=--++-:--*=-=*#%%%@%###*###*+++*%%%*=============-#%
[2024-08-02T17:35:25.586+0900] {process_utils.py:191} INFO - +-=------=*%%%%@%@@@@***=+*#+*##*#%%@@**++%@%%%%*+=--=-=+-:--:#%@@%#*****###*+---+*++#**===---=++*%@
[2024-08-02T17:35:25.586+0900] {process_utils.py:191} INFO - --==-::-*%%%@@@@@@@%#*=-+++%@%##%%@@@@@%#%@@@%%@%%%*=--=#%####-%@%%####++++++=---==++*####*+++*%@%@@
[2024-08-02T17:35:25.586+0900] {process_utils.py:191} INFO - -=*+=-=#@@@@@@@@@#*+++++*@@@@@@@@@@@@@@@@@@@@@@@@@@@#+==-+*+#=:-+#%##**==++**+++=====+*###*+**#@%##%
[2024-08-02T17:35:25.586+0900] {process_utils.py:191} INFO - -=++-+%%@%@@@@%+=-++***#@@@@@@@@@@@@%:+@@*%+=%@@@@@@%%#%%#*=+--:-=#++**%#*+=+++++===+**####=*%%%%%%%
[2024-08-02T17:35:25.586+0900] {process_utils.py:191} INFO - -=++#%%####+-:---=*%%@@%#######**++++=+++++++++%%=+%@@%##*+==-=++=+*****##*===+++++==*#####*+#%%##%%
[2024-08-02T17:35:25.587+0900] {process_utils.py:191} INFO - -=*+=---==+=-::::-*@@@%+=======++++++++++++++*#%#**%%%*==-+*=--+==*****#**+=====+++++=***+++=+==::::
[2024-08-02T17:35:25.587+0900] {process_utils.py:191} INFO - =#*=++++++*###**==*@@@%=======++++++++*@@@@@@@@%%#####-:=+----==******##****+++++***==-=+=:::.::::::
[2024-08-02T17:35:25.587+0900] {process_utils.py:191} INFO - #%*+*++++**##*###*+#@@#=========++++==*%%%%%%%%######*=-----==+*********##########*+====::::::::::::
[2024-08-02T17:35:25.588+0900] {process_utils.py:191} INFO - ++++*#%%@%*##*##***%@@*===============+%##%%######%%%%*==-===+*********+=+*#######*++++-:::--::-----
[2024-08-02T17:35:25.588+0900] {process_utils.py:191} INFO - ===+*#%@@%*##**#**+=--================+%%#%%###%#%%%%%#======*#######*-:-++*####*****++:------------
[2024-08-02T17:35:25.588+0900] {process_utils.py:191} INFO - =+=------=##**##**+=--================+%%#%%###%%#%%%%%+=====+###**++==----:-*####****=------==-====
[2024-08-02T17:35:25.588+0900] {process_utils.py:191} INFO - 
[2024-08-02T17:35:25.617+0900] {python.py:237} INFO - Done. Returned value was: None
[2024-08-02T17:35:25.617+0900] {taskinstance.py:441} INFO - ::group::Post task execution logs
[2024-08-02T17:35:25.622+0900] {taskinstance.py:1206} INFO - Marking task as SUCCESS. dag_id=movie, task_id=extract, run_id=scheduled__2017-01-05T05:03:00+00:00, execution_date=20170105T050300, start_date=20240802T083519, end_date=20240802T083525
[2024-08-02T17:35:25.666+0900] {local_task_job_runner.py:243} INFO - Task exited with return code 0
[2024-08-02T17:35:25.692+0900] {taskinstance.py:3503} INFO - 1 downstream tasks scheduled from follow-on schedule check
[2024-08-02T17:35:25.699+0900] {local_task_job_runner.py:222} INFO - ::endgroup::
