[2024-08-02T17:14:26.943+0900] {local_task_job_runner.py:120} INFO - ::group::Pre task execution logs
[2024-08-02T17:14:26.963+0900] {taskinstance.py:2076} INFO - Dependencies all met for dep_context=non-requeueable deps ti=<TaskInstance: movie.get.data scheduled__2017-01-03T05:17:00+00:00 [queued]>
[2024-08-02T17:14:26.971+0900] {taskinstance.py:2076} INFO - Dependencies all met for dep_context=requeueable deps ti=<TaskInstance: movie.get.data scheduled__2017-01-03T05:17:00+00:00 [queued]>
[2024-08-02T17:14:26.971+0900] {taskinstance.py:2306} INFO - Starting attempt 1 of 3
[2024-08-02T17:14:26.990+0900] {taskinstance.py:2330} INFO - Executing <Task(PythonVirtualenvOperator): get.data> on 2017-01-03 05:17:00+00:00
[2024-08-02T17:14:26.993+0900] {standard_task_runner.py:64} INFO - Started process 158720 to run task
[2024-08-02T17:14:26.997+0900] {standard_task_runner.py:90} INFO - Running: ['airflow', 'tasks', 'run', 'movie', 'get.data', 'scheduled__2017-01-03T05:17:00+00:00', '--job-id', '148', '--raw', '--subdir', 'DAGS_FOLDER/movie.py', '--cfg-path', '/tmp/tmpjujer35g']
[2024-08-02T17:14:26.999+0900] {standard_task_runner.py:91} INFO - Job 148: Subtask get.data
[2024-08-02T17:14:27.041+0900] {task_command.py:426} INFO - Running <TaskInstance: movie.get.data scheduled__2017-01-03T05:17:00+00:00 [running]> on host playdata.
[2024-08-02T17:14:27.120+0900] {taskinstance.py:2648} INFO - Exporting env vars: AIRFLOW_CTX_DAG_OWNER='airflow' AIRFLOW_CTX_DAG_ID='movie' AIRFLOW_CTX_TASK_ID='get.data' AIRFLOW_CTX_EXECUTION_DATE='2017-01-03T05:17:00+00:00' AIRFLOW_CTX_TRY_NUMBER='1' AIRFLOW_CTX_DAG_RUN_ID='scheduled__2017-01-03T05:17:00+00:00'
[2024-08-02T17:14:27.121+0900] {taskinstance.py:430} INFO - ::endgroup::
[2024-08-02T17:14:27.130+0900] {baseoperator.py:400} WARNING - PythonVirtualenvOperator.execute cannot be called outside TaskInstance!
[2024-08-02T17:14:27.131+0900] {process_utils.py:183} INFO - Executing cmd: /home/oddsummer/.pyenv/versions/3.11.9/envs/air/bin/python -m virtualenv /tmp/venvcwqppeyl --python=python
[2024-08-02T17:14:27.132+0900] {process_utils.py:187} INFO - Output:
[2024-08-02T17:14:27.621+0900] {process_utils.py:191} INFO - created virtual environment CPython3.11.9.final.0-64 in 379ms
[2024-08-02T17:14:27.621+0900] {process_utils.py:191} INFO -   creator CPython3Posix(dest=/tmp/venvcwqppeyl, clear=False, no_vcs_ignore=False, global=False)
[2024-08-02T17:14:27.622+0900] {process_utils.py:191} INFO -   seeder FromAppData(download=False, pip=bundle, setuptools=bundle, wheel=bundle, via=copy, app_data_dir=/home/oddsummer/.local/share/virtualenv)
[2024-08-02T17:14:27.622+0900] {process_utils.py:191} INFO -     added seed packages: pip==24.1.2, setuptools==70.2.0, wheel==0.43.0
[2024-08-02T17:14:27.622+0900] {process_utils.py:191} INFO -   activators BashActivator,CShellActivator,FishActivator,NushellActivator,PowerShellActivator,PythonActivator
[2024-08-02T17:14:27.645+0900] {process_utils.py:183} INFO - Executing cmd: /tmp/venvcwqppeyl/bin/pip install -r /tmp/venvcwqppeyl/requirements.txt
[2024-08-02T17:14:27.646+0900] {process_utils.py:187} INFO - Output:
[2024-08-02T17:14:28.623+0900] {process_utils.py:191} INFO - Collecting git+https://github.com/7-TRG/extract_trg.git@main (from -r /tmp/venvcwqppeyl/requirements.txt (line 1))
[2024-08-02T17:14:28.624+0900] {process_utils.py:191} INFO -   Cloning https://github.com/7-TRG/extract_trg.git (to revision main) to /tmp/pip-req-build-vbr_vxil
[2024-08-02T17:14:28.626+0900] {process_utils.py:191} INFO -   Running command git clone --filter=blob:none --quiet https://github.com/7-TRG/extract_trg.git /tmp/pip-req-build-vbr_vxil
[2024-08-02T17:14:30.410+0900] {process_utils.py:191} INFO -   Resolved https://github.com/7-TRG/extract_trg.git to commit 0712b3f1bbaeeeea58bf80749079a62c7e1bec3d
[2024-08-02T17:14:30.417+0900] {process_utils.py:191} INFO -   Installing build dependencies: started
[2024-08-02T17:14:32.739+0900] {process_utils.py:191} INFO -   Installing build dependencies: finished with status 'done'
[2024-08-02T17:14:32.741+0900] {process_utils.py:191} INFO -   Getting requirements to build wheel: started
[2024-08-02T17:14:33.143+0900] {process_utils.py:191} INFO -   Getting requirements to build wheel: finished with status 'done'
[2024-08-02T17:14:33.145+0900] {process_utils.py:191} INFO -   Preparing metadata (pyproject.toml): started
[2024-08-02T17:14:33.446+0900] {process_utils.py:191} INFO -   Preparing metadata (pyproject.toml): finished with status 'done'
[2024-08-02T17:14:33.450+0900] {process_utils.py:191} INFO - Building wheels for collected packages: extract_trg
[2024-08-02T17:14:33.456+0900] {process_utils.py:191} INFO -   Building wheel for extract_trg (pyproject.toml): started
[2024-08-02T17:14:33.796+0900] {process_utils.py:191} INFO -   Building wheel for extract_trg (pyproject.toml): finished with status 'done'
[2024-08-02T17:14:33.797+0900] {process_utils.py:191} INFO -   Created wheel for extract_trg: filename=extract_trg-0.1.0-py3-none-any.whl size=2219 sha256=84b25bf0b96041aabdb6b3d27847c78296c3814a8eea2d8bd3f6e0f5e52c6370
[2024-08-02T17:14:33.797+0900] {process_utils.py:191} INFO -   Stored in directory: /tmp/pip-ephem-wheel-cache-yt5bjdsp/wheels/21/97/ea/e27bc4298590f1b8a2b9c46b60aefbe2e3076cf05f6bd5e464
[2024-08-02T17:14:33.799+0900] {process_utils.py:191} INFO - Successfully built extract_trg
[2024-08-02T17:14:33.808+0900] {process_utils.py:191} INFO - Installing collected packages: extract_trg
[2024-08-02T17:14:33.828+0900] {process_utils.py:191} INFO - Successfully installed extract_trg-0.1.0
[2024-08-02T17:14:33.833+0900] {process_utils.py:191} INFO - 
[2024-08-02T17:14:33.834+0900] {process_utils.py:191} INFO - [notice] A new release of pip is available: 24.1.2 -> 24.2
[2024-08-02T17:14:33.834+0900] {process_utils.py:191} INFO - [notice] To update, run: python -m pip install --upgrade pip
[2024-08-02T17:14:33.935+0900] {process_utils.py:183} INFO - Executing cmd: /tmp/venvcwqppeyl/bin/python /tmp/venv-call__f_1bp4/script.py /tmp/venv-call__f_1bp4/script.in /tmp/venv-call__f_1bp4/script.out /tmp/venv-call__f_1bp4/string_args.txt /tmp/venv-call__f_1bp4/termination.log
[2024-08-02T17:14:33.936+0900] {process_utils.py:187} INFO - Output:
[2024-08-02T17:14:33.956+0900] {process_utils.py:191} INFO - 
[2024-08-02T17:14:33.956+0900] {process_utils.py:191} INFO - ---------------======---::::::------+--=======++++++++++===--:...::-=--==============--:.....:-=====
[2024-08-02T17:14:33.956+0900] {process_utils.py:191} INFO - ----::---------------------===--::--+-----=============++++++===---:....--===============--:...:-===
[2024-08-02T17:14:33.957+0900] {process_utils.py:191} INFO - ----------------------------------=++----------------------=+===========-::.:-======================
[2024-08-02T17:14:33.957+0900] {process_utils.py:191} INFO - =----------------------------------==-----------------------=-----==============================+=--
[2024-08-02T17:14:33.957+0900] {process_utils.py:191} INFO - %%####=----------------------------==----------------------=-::::-----======+*%#++================::
[2024-08-02T17:14:33.958+0900] {process_utils.py:191} INFO - %%%%%#=----------------------------=-:---------------------=--==--------=====*#*=================-::
[2024-08-02T17:14:33.958+0900] {process_utils.py:191} INFO - @@%%%*-----------------+***++=-----=-::-------------------:+---------=====+++====================-::
[2024-08-02T17:14:33.958+0900] {process_utils.py:191} INFO - @@%%%*---------------#%%%%##%%#=---=-+##*#+----------------=------------=====+====-=--===========-::
[2024-08-02T17:14:33.958+0900] {process_utils.py:191} INFO - @@@%%+--=+*%%%+-----+%@@%#++%%%#=--=*%+===#+::----------::=-----------=+*##*++=-----------=======-::
[2024-08-02T17:14:33.959+0900] {process_utils.py:191} INFO - +++++=-+#+***#*=-----#*++**+#@@@*--+#+**+***-:=-:---=*+-::=-----==+++*######%%%#=-------------==-:::
[2024-08-02T17:14:33.959+0900] {process_utils.py:191} INFO - *******-:::-*=-------+===+=-=+#%%:-=++++=+==-:=-:::=%%#-::###=-*#%%%%%%%%%%%%%%%%+---------------:::
[2024-08-02T17:14:33.959+0900] {process_utils.py:191} INFO - =====+=:--::+---+--+**++++*+++#%*-=--**++++-:=++=::+#*-::=%%%#*#%%%%%%%%@@%%%%@@%%#====------+#%%=-*
[2024-08-02T17:14:33.959+0900] {process_utils.py:191} INFO - =-==++---=+==*#%%%%%%=*++++++++==-=-*##*+=##**++=--++-:--*=-=*#%%%@%###*###*+++*%%%*=============-#%
[2024-08-02T17:14:33.960+0900] {process_utils.py:191} INFO - +-=------=*%%%%@%@@@@***=+*#+*##*#%%@@**++%@%%%%*+=--=-=+-:--:#%@@%#*****###*+---+*++#**===---=++*%@
[2024-08-02T17:14:33.960+0900] {process_utils.py:191} INFO - --==-::-*%%%@@@@@@@%#*=-+++%@%##%%@@@@@%#%@@@%%@%%%*=--=#%####-%@%%####++++++=---==++*####*+++*%@%@@
[2024-08-02T17:14:33.960+0900] {process_utils.py:191} INFO - -=*+=-=#@@@@@@@@@#*+++++*@@@@@@@@@@@@@@@@@@@@@@@@@@@#+==-+*+#=:-+#%##**==++**+++=====+*###*+**#@%##%
[2024-08-02T17:14:33.961+0900] {process_utils.py:191} INFO - -=++-+%%@%@@@@%+=-++***#@@@@@@@@@@@@%:+@@*%+=%@@@@@@%%#%%#*=+--:-=#++**%#*+=+++++===+**####=*%%%%%%%
[2024-08-02T17:14:33.961+0900] {process_utils.py:191} INFO - -=++#%%####+-:---=*%%@@%#######**++++=+++++++++%%=+%@@%##*+==-=++=+*****##*===+++++==*#####*+#%%##%%
[2024-08-02T17:14:33.961+0900] {process_utils.py:191} INFO - -=*+=---==+=-::::-*@@@%+=======++++++++++++++*#%#**%%%*==-+*=--+==*****#**+=====+++++=***+++=+==::::
[2024-08-02T17:14:33.961+0900] {process_utils.py:191} INFO - =#*=++++++*###**==*@@@%=======++++++++*@@@@@@@@%%#####-:=+----==******##****+++++***==-=+=:::.::::::
[2024-08-02T17:14:33.961+0900] {process_utils.py:191} INFO - #%*+*++++**##*###*+#@@#=========++++==*%%%%%%%%######*=-----==+*********##########*+====::::::::::::
[2024-08-02T17:14:33.962+0900] {process_utils.py:191} INFO - ++++*#%%@%*##*##***%@@*===============+%##%%######%%%%*==-===+*********+=+*#######*++++-:::--::-----
[2024-08-02T17:14:33.962+0900] {process_utils.py:191} INFO - ===+*#%@@%*##**#**+=--================+%%#%%###%#%%%%%#======*#######*-:-++*####*****++:------------
[2024-08-02T17:14:33.962+0900] {process_utils.py:191} INFO - =+=------=##**##**+=--================+%%#%%###%%#%%%%%+=====+###**++==----:-*####****=------==-====
[2024-08-02T17:14:33.962+0900] {process_utils.py:191} INFO - 
[2024-08-02T17:14:33.984+0900] {python.py:237} INFO - Done. Returned value was: None
[2024-08-02T17:14:33.985+0900] {taskinstance.py:441} INFO - ::group::Post task execution logs
[2024-08-02T17:14:33.989+0900] {taskinstance.py:1206} INFO - Marking task as SUCCESS. dag_id=movie, task_id=get.data, run_id=scheduled__2017-01-03T05:17:00+00:00, execution_date=20170103T051700, start_date=20240802T081426, end_date=20240802T081433
[2024-08-02T17:14:34.058+0900] {local_task_job_runner.py:243} INFO - Task exited with return code 0
[2024-08-02T17:14:34.075+0900] {taskinstance.py:3503} INFO - 0 downstream tasks scheduled from follow-on schedule check
[2024-08-02T17:14:34.075+0900] {local_task_job_runner.py:222} INFO - ::endgroup::
