[2024-08-02T16:53:18.064+0900] {local_task_job_runner.py:120} INFO - ::group::Pre task execution logs
[2024-08-02T16:53:18.086+0900] {taskinstance.py:2076} INFO - Dependencies all met for dep_context=non-requeueable deps ti=<TaskInstance: movie.get.data scheduled__2017-01-01T05:27:00+00:00 [queued]>
[2024-08-02T16:53:18.093+0900] {taskinstance.py:2076} INFO - Dependencies all met for dep_context=requeueable deps ti=<TaskInstance: movie.get.data scheduled__2017-01-01T05:27:00+00:00 [queued]>
[2024-08-02T16:53:18.093+0900] {taskinstance.py:2306} INFO - Starting attempt 1 of 3
[2024-08-02T16:53:18.109+0900] {taskinstance.py:2330} INFO - Executing <Task(PythonVirtualenvOperator): get.data> on 2017-01-01 05:27:00+00:00
[2024-08-02T16:53:18.112+0900] {standard_task_runner.py:64} INFO - Started process 146556 to run task
[2024-08-02T16:53:18.115+0900] {standard_task_runner.py:90} INFO - Running: ['airflow', 'tasks', 'run', 'movie', 'get.data', 'scheduled__2017-01-01T05:27:00+00:00', '--job-id', '38', '--raw', '--subdir', 'DAGS_FOLDER/movie.py', '--cfg-path', '/tmp/tmpf5omn73b']
[2024-08-02T16:53:18.117+0900] {standard_task_runner.py:91} INFO - Job 38: Subtask get.data
[2024-08-02T16:53:18.157+0900] {task_command.py:426} INFO - Running <TaskInstance: movie.get.data scheduled__2017-01-01T05:27:00+00:00 [running]> on host playdata.
[2024-08-02T16:53:18.225+0900] {taskinstance.py:2648} INFO - Exporting env vars: AIRFLOW_CTX_DAG_OWNER='airflow' AIRFLOW_CTX_DAG_ID='movie' AIRFLOW_CTX_TASK_ID='get.data' AIRFLOW_CTX_EXECUTION_DATE='2017-01-01T05:27:00+00:00' AIRFLOW_CTX_TRY_NUMBER='1' AIRFLOW_CTX_DAG_RUN_ID='scheduled__2017-01-01T05:27:00+00:00'
[2024-08-02T16:53:18.225+0900] {taskinstance.py:430} INFO - ::endgroup::
[2024-08-02T16:53:18.236+0900] {baseoperator.py:400} WARNING - PythonVirtualenvOperator.execute cannot be called outside TaskInstance!
[2024-08-02T16:53:18.237+0900] {process_utils.py:183} INFO - Executing cmd: /home/oddsummer/.pyenv/versions/3.11.9/envs/air/bin/python -m virtualenv /tmp/venvqb_8esfr --python=python
[2024-08-02T16:53:18.238+0900] {process_utils.py:187} INFO - Output:
[2024-08-02T16:53:18.580+0900] {process_utils.py:191} INFO - created virtual environment CPython3.11.9.final.0-64 in 235ms
[2024-08-02T16:53:18.580+0900] {process_utils.py:191} INFO -   creator CPython3Posix(dest=/tmp/venvqb_8esfr, clear=False, no_vcs_ignore=False, global=False)
[2024-08-02T16:53:18.581+0900] {process_utils.py:191} INFO -   seeder FromAppData(download=False, pip=bundle, setuptools=bundle, wheel=bundle, via=copy, app_data_dir=/home/oddsummer/.local/share/virtualenv)
[2024-08-02T16:53:18.581+0900] {process_utils.py:191} INFO -     added seed packages: pip==24.1.2, setuptools==70.2.0, wheel==0.43.0
[2024-08-02T16:53:18.582+0900] {process_utils.py:191} INFO -   activators BashActivator,CShellActivator,FishActivator,NushellActivator,PowerShellActivator,PythonActivator
[2024-08-02T16:53:18.607+0900] {process_utils.py:183} INFO - Executing cmd: /tmp/venvqb_8esfr/bin/pip install -r /tmp/venvqb_8esfr/requirements.txt
[2024-08-02T16:53:18.607+0900] {process_utils.py:187} INFO - Output:
[2024-08-02T16:53:19.529+0900] {process_utils.py:191} INFO - Collecting git+https://github.com/7-TRG/extract_trg.git@main (from -r /tmp/venvqb_8esfr/requirements.txt (line 1))
[2024-08-02T16:53:19.529+0900] {process_utils.py:191} INFO -   Cloning https://github.com/7-TRG/extract_trg.git (to revision main) to /tmp/pip-req-build-nofvwd6g
[2024-08-02T16:53:19.532+0900] {process_utils.py:191} INFO -   Running command git clone --filter=blob:none --quiet https://github.com/7-TRG/extract_trg.git /tmp/pip-req-build-nofvwd6g
[2024-08-02T16:53:21.150+0900] {process_utils.py:191} INFO -   Resolved https://github.com/7-TRG/extract_trg.git to commit 0712b3f1bbaeeeea58bf80749079a62c7e1bec3d
[2024-08-02T16:53:21.155+0900] {process_utils.py:191} INFO -   Installing build dependencies: started
[2024-08-02T16:53:22.989+0900] {process_utils.py:191} INFO -   Installing build dependencies: finished with status 'done'
[2024-08-02T16:53:22.991+0900] {process_utils.py:191} INFO -   Getting requirements to build wheel: started
[2024-08-02T16:53:23.231+0900] {process_utils.py:191} INFO -   Getting requirements to build wheel: finished with status 'done'
[2024-08-02T16:53:23.233+0900] {process_utils.py:191} INFO -   Preparing metadata (pyproject.toml): started
[2024-08-02T16:53:23.480+0900] {process_utils.py:191} INFO -   Preparing metadata (pyproject.toml): finished with status 'done'
[2024-08-02T16:53:23.484+0900] {process_utils.py:191} INFO - Building wheels for collected packages: extract_trg
[2024-08-02T16:53:23.488+0900] {process_utils.py:191} INFO -   Building wheel for extract_trg (pyproject.toml): started
[2024-08-02T16:53:23.745+0900] {process_utils.py:191} INFO -   Building wheel for extract_trg (pyproject.toml): finished with status 'done'
[2024-08-02T16:53:23.746+0900] {process_utils.py:191} INFO -   Created wheel for extract_trg: filename=extract_trg-0.1.0-py3-none-any.whl size=2219 sha256=cbeb63333320a9795ae9597066f853b3017830b8248ec5a8c1400ce74886cab6
[2024-08-02T16:53:23.746+0900] {process_utils.py:191} INFO -   Stored in directory: /tmp/pip-ephem-wheel-cache-pxpw2st5/wheels/21/97/ea/e27bc4298590f1b8a2b9c46b60aefbe2e3076cf05f6bd5e464
[2024-08-02T16:53:23.748+0900] {process_utils.py:191} INFO - Successfully built extract_trg
[2024-08-02T16:53:23.758+0900] {process_utils.py:191} INFO - Installing collected packages: extract_trg
[2024-08-02T16:53:23.775+0900] {process_utils.py:191} INFO - Successfully installed extract_trg-0.1.0
[2024-08-02T16:53:23.781+0900] {process_utils.py:191} INFO - 
[2024-08-02T16:53:23.782+0900] {process_utils.py:191} INFO - [notice] A new release of pip is available: 24.1.2 -> 24.2
[2024-08-02T16:53:23.782+0900] {process_utils.py:191} INFO - [notice] To update, run: python -m pip install --upgrade pip
[2024-08-02T16:53:23.880+0900] {process_utils.py:183} INFO - Executing cmd: /tmp/venvqb_8esfr/bin/python /tmp/venv-callo4e74ona/script.py /tmp/venv-callo4e74ona/script.in /tmp/venv-callo4e74ona/script.out /tmp/venv-callo4e74ona/string_args.txt /tmp/venv-callo4e74ona/termination.log
[2024-08-02T16:53:23.880+0900] {process_utils.py:187} INFO - Output:
[2024-08-02T16:53:23.904+0900] {process_utils.py:191} INFO - 
[2024-08-02T16:53:23.904+0900] {process_utils.py:191} INFO - ---------------======---::::::------+--=======++++++++++===--:...::-=--==============--:.....:-=====
[2024-08-02T16:53:23.904+0900] {process_utils.py:191} INFO - ----::---------------------===--::--+-----=============++++++===---:....--===============--:...:-===
[2024-08-02T16:53:23.904+0900] {process_utils.py:191} INFO - ----------------------------------=++----------------------=+===========-::.:-======================
[2024-08-02T16:53:23.904+0900] {process_utils.py:191} INFO - =----------------------------------==-----------------------=-----==============================+=--
[2024-08-02T16:53:23.905+0900] {process_utils.py:191} INFO - %%####=----------------------------==----------------------=-::::-----======+*%#++================::
[2024-08-02T16:53:23.905+0900] {process_utils.py:191} INFO - %%%%%#=----------------------------=-:---------------------=--==--------=====*#*=================-::
[2024-08-02T16:53:23.905+0900] {process_utils.py:191} INFO - @@%%%*-----------------+***++=-----=-::-------------------:+---------=====+++====================-::
[2024-08-02T16:53:23.905+0900] {process_utils.py:191} INFO - @@%%%*---------------#%%%%##%%#=---=-+##*#+----------------=------------=====+====-=--===========-::
[2024-08-02T16:53:23.905+0900] {process_utils.py:191} INFO - @@@%%+--=+*%%%+-----+%@@%#++%%%#=--=*%+===#+::----------::=-----------=+*##*++=-----------=======-::
[2024-08-02T16:53:23.905+0900] {process_utils.py:191} INFO - +++++=-+#+***#*=-----#*++**+#@@@*--+#+**+***-:=-:---=*+-::=-----==+++*######%%%#=-------------==-:::
[2024-08-02T16:53:23.905+0900] {process_utils.py:191} INFO - *******-:::-*=-------+===+=-=+#%%:-=++++=+==-:=-:::=%%#-::###=-*#%%%%%%%%%%%%%%%%+---------------:::
[2024-08-02T16:53:23.905+0900] {process_utils.py:191} INFO - =====+=:--::+---+--+**++++*+++#%*-=--**++++-:=++=::+#*-::=%%%#*#%%%%%%%%@@%%%%@@%%#====------+#%%=-*
[2024-08-02T16:53:23.906+0900] {process_utils.py:191} INFO - =-==++---=+==*#%%%%%%=*++++++++==-=-*##*+=##**++=--++-:--*=-=*#%%%@%###*###*+++*%%%*=============-#%
[2024-08-02T16:53:23.906+0900] {process_utils.py:191} INFO - +-=------=*%%%%@%@@@@***=+*#+*##*#%%@@**++%@%%%%*+=--=-=+-:--:#%@@%#*****###*+---+*++#**===---=++*%@
[2024-08-02T16:53:23.906+0900] {process_utils.py:191} INFO - --==-::-*%%%@@@@@@@%#*=-+++%@%##%%@@@@@%#%@@@%%@%%%*=--=#%####-%@%%####++++++=---==++*####*+++*%@%@@
[2024-08-02T16:53:23.906+0900] {process_utils.py:191} INFO - -=*+=-=#@@@@@@@@@#*+++++*@@@@@@@@@@@@@@@@@@@@@@@@@@@#+==-+*+#=:-+#%##**==++**+++=====+*###*+**#@%##%
[2024-08-02T16:53:23.906+0900] {process_utils.py:191} INFO - -=++-+%%@%@@@@%+=-++***#@@@@@@@@@@@@%:+@@*%+=%@@@@@@%%#%%#*=+--:-=#++**%#*+=+++++===+**####=*%%%%%%%
[2024-08-02T16:53:23.906+0900] {process_utils.py:191} INFO - -=++#%%####+-:---=*%%@@%#######**++++=+++++++++%%=+%@@%##*+==-=++=+*****##*===+++++==*#####*+#%%##%%
[2024-08-02T16:53:23.906+0900] {process_utils.py:191} INFO - -=*+=---==+=-::::-*@@@%+=======++++++++++++++*#%#**%%%*==-+*=--+==*****#**+=====+++++=***+++=+==::::
[2024-08-02T16:53:23.907+0900] {process_utils.py:191} INFO - =#*=++++++*###**==*@@@%=======++++++++*@@@@@@@@%%#####-:=+----==******##****+++++***==-=+=:::.::::::
[2024-08-02T16:53:23.907+0900] {process_utils.py:191} INFO - #%*+*++++**##*###*+#@@#=========++++==*%%%%%%%%######*=-----==+*********##########*+====::::::::::::
[2024-08-02T16:53:23.907+0900] {process_utils.py:191} INFO - ++++*#%%@%*##*##***%@@*===============+%##%%######%%%%*==-===+*********+=+*#######*++++-:::--::-----
[2024-08-02T16:53:23.907+0900] {process_utils.py:191} INFO - ===+*#%@@%*##**#**+=--================+%%#%%###%#%%%%%#======*#######*-:-++*####*****++:------------
[2024-08-02T16:53:23.907+0900] {process_utils.py:191} INFO - =+=------=##**##**+=--================+%%#%%###%%#%%%%%+=====+###**++==----:-*####****=------==-====
[2024-08-02T16:53:23.907+0900] {process_utils.py:191} INFO - 
[2024-08-02T16:53:23.934+0900] {python.py:237} INFO - Done. Returned value was: None
[2024-08-02T16:53:23.934+0900] {taskinstance.py:441} INFO - ::group::Post task execution logs
[2024-08-02T16:53:23.938+0900] {taskinstance.py:1206} INFO - Marking task as SUCCESS. dag_id=movie, task_id=get.data, run_id=scheduled__2017-01-01T05:27:00+00:00, execution_date=20170101T052700, start_date=20240802T075318, end_date=20240802T075323
[2024-08-02T16:53:23.976+0900] {local_task_job_runner.py:243} INFO - Task exited with return code 0
[2024-08-02T16:53:23.988+0900] {taskinstance.py:3503} INFO - 0 downstream tasks scheduled from follow-on schedule check
[2024-08-02T16:53:23.989+0900] {local_task_job_runner.py:222} INFO - ::endgroup::
