[2024-08-02T16:56:39.896+0900] {local_task_job_runner.py:120} INFO - ::group::Pre task execution logs
[2024-08-02T16:56:39.915+0900] {taskinstance.py:2076} INFO - Dependencies all met for dep_context=non-requeueable deps ti=<TaskInstance: movie.get.data scheduled__2017-01-01T05:45:00+00:00 [queued]>
[2024-08-02T16:56:39.924+0900] {taskinstance.py:2076} INFO - Dependencies all met for dep_context=requeueable deps ti=<TaskInstance: movie.get.data scheduled__2017-01-01T05:45:00+00:00 [queued]>
[2024-08-02T16:56:39.924+0900] {taskinstance.py:2306} INFO - Starting attempt 1 of 3
[2024-08-02T16:56:39.940+0900] {taskinstance.py:2330} INFO - Executing <Task(PythonVirtualenvOperator): get.data> on 2017-01-01 05:45:00+00:00
[2024-08-02T16:56:39.943+0900] {standard_task_runner.py:64} INFO - Started process 149322 to run task
[2024-08-02T16:56:39.946+0900] {standard_task_runner.py:90} INFO - Running: ['airflow', 'tasks', 'run', 'movie', 'get.data', 'scheduled__2017-01-01T05:45:00+00:00', '--job-id', '56', '--raw', '--subdir', 'DAGS_FOLDER/movie.py', '--cfg-path', '/tmp/tmpv1q4zg4_']
[2024-08-02T16:56:39.948+0900] {standard_task_runner.py:91} INFO - Job 56: Subtask get.data
[2024-08-02T16:56:39.989+0900] {task_command.py:426} INFO - Running <TaskInstance: movie.get.data scheduled__2017-01-01T05:45:00+00:00 [running]> on host playdata.
[2024-08-02T16:56:40.062+0900] {taskinstance.py:2648} INFO - Exporting env vars: AIRFLOW_CTX_DAG_OWNER='airflow' AIRFLOW_CTX_DAG_ID='movie' AIRFLOW_CTX_TASK_ID='get.data' AIRFLOW_CTX_EXECUTION_DATE='2017-01-01T05:45:00+00:00' AIRFLOW_CTX_TRY_NUMBER='1' AIRFLOW_CTX_DAG_RUN_ID='scheduled__2017-01-01T05:45:00+00:00'
[2024-08-02T16:56:40.062+0900] {taskinstance.py:430} INFO - ::endgroup::
[2024-08-02T16:56:40.072+0900] {baseoperator.py:400} WARNING - PythonVirtualenvOperator.execute cannot be called outside TaskInstance!
[2024-08-02T16:56:40.073+0900] {process_utils.py:183} INFO - Executing cmd: /home/oddsummer/.pyenv/versions/3.11.9/envs/air/bin/python -m virtualenv /tmp/venvytais056 --python=python
[2024-08-02T16:56:40.074+0900] {process_utils.py:187} INFO - Output:
[2024-08-02T16:56:40.476+0900] {process_utils.py:191} INFO - created virtual environment CPython3.11.9.final.0-64 in 296ms
[2024-08-02T16:56:40.477+0900] {process_utils.py:191} INFO -   creator CPython3Posix(dest=/tmp/venvytais056, clear=False, no_vcs_ignore=False, global=False)
[2024-08-02T16:56:40.477+0900] {process_utils.py:191} INFO -   seeder FromAppData(download=False, pip=bundle, setuptools=bundle, wheel=bundle, via=copy, app_data_dir=/home/oddsummer/.local/share/virtualenv)
[2024-08-02T16:56:40.477+0900] {process_utils.py:191} INFO -     added seed packages: pip==24.1.2, setuptools==70.2.0, wheel==0.43.0
[2024-08-02T16:56:40.477+0900] {process_utils.py:191} INFO -   activators BashActivator,CShellActivator,FishActivator,NushellActivator,PowerShellActivator,PythonActivator
[2024-08-02T16:56:40.503+0900] {process_utils.py:183} INFO - Executing cmd: /tmp/venvytais056/bin/pip install -r /tmp/venvytais056/requirements.txt
[2024-08-02T16:56:40.504+0900] {process_utils.py:187} INFO - Output:
[2024-08-02T16:56:41.438+0900] {process_utils.py:191} INFO - Collecting git+https://github.com/7-TRG/extract_trg.git@main (from -r /tmp/venvytais056/requirements.txt (line 1))
[2024-08-02T16:56:41.440+0900] {process_utils.py:191} INFO -   Cloning https://github.com/7-TRG/extract_trg.git (to revision main) to /tmp/pip-req-build-9vu4pkee
[2024-08-02T16:56:41.442+0900] {process_utils.py:191} INFO -   Running command git clone --filter=blob:none --quiet https://github.com/7-TRG/extract_trg.git /tmp/pip-req-build-9vu4pkee
[2024-08-02T16:56:43.006+0900] {process_utils.py:191} INFO -   Resolved https://github.com/7-TRG/extract_trg.git to commit 0712b3f1bbaeeeea58bf80749079a62c7e1bec3d
[2024-08-02T16:56:43.012+0900] {process_utils.py:191} INFO -   Installing build dependencies: started
[2024-08-02T16:56:44.850+0900] {process_utils.py:191} INFO -   Installing build dependencies: finished with status 'done'
[2024-08-02T16:56:44.851+0900] {process_utils.py:191} INFO -   Getting requirements to build wheel: started
[2024-08-02T16:56:45.074+0900] {process_utils.py:191} INFO -   Getting requirements to build wheel: finished with status 'done'
[2024-08-02T16:56:45.075+0900] {process_utils.py:191} INFO -   Preparing metadata (pyproject.toml): started
[2024-08-02T16:56:45.320+0900] {process_utils.py:191} INFO -   Preparing metadata (pyproject.toml): finished with status 'done'
[2024-08-02T16:56:45.322+0900] {process_utils.py:191} INFO - Building wheels for collected packages: extract_trg
[2024-08-02T16:56:45.326+0900] {process_utils.py:191} INFO -   Building wheel for extract_trg (pyproject.toml): started
[2024-08-02T16:56:45.610+0900] {process_utils.py:191} INFO -   Building wheel for extract_trg (pyproject.toml): finished with status 'done'
[2024-08-02T16:56:45.610+0900] {process_utils.py:191} INFO -   Created wheel for extract_trg: filename=extract_trg-0.1.0-py3-none-any.whl size=2219 sha256=087513b7edee8728a234c808847acea7199e5c13dc88fbb9fef1d735b8a6c859
[2024-08-02T16:56:45.611+0900] {process_utils.py:191} INFO -   Stored in directory: /tmp/pip-ephem-wheel-cache-jfk5yq0s/wheels/21/97/ea/e27bc4298590f1b8a2b9c46b60aefbe2e3076cf05f6bd5e464
[2024-08-02T16:56:45.613+0900] {process_utils.py:191} INFO - Successfully built extract_trg
[2024-08-02T16:56:45.623+0900] {process_utils.py:191} INFO - Installing collected packages: extract_trg
[2024-08-02T16:56:45.639+0900] {process_utils.py:191} INFO - Successfully installed extract_trg-0.1.0
[2024-08-02T16:56:45.645+0900] {process_utils.py:191} INFO - 
[2024-08-02T16:56:45.645+0900] {process_utils.py:191} INFO - [notice] A new release of pip is available: 24.1.2 -> 24.2
[2024-08-02T16:56:45.645+0900] {process_utils.py:191} INFO - [notice] To update, run: python -m pip install --upgrade pip
[2024-08-02T16:56:45.739+0900] {process_utils.py:183} INFO - Executing cmd: /tmp/venvytais056/bin/python /tmp/venv-callv5nsna06/script.py /tmp/venv-callv5nsna06/script.in /tmp/venv-callv5nsna06/script.out /tmp/venv-callv5nsna06/string_args.txt /tmp/venv-callv5nsna06/termination.log
[2024-08-02T16:56:45.740+0900] {process_utils.py:187} INFO - Output:
[2024-08-02T16:56:45.759+0900] {process_utils.py:191} INFO - 
[2024-08-02T16:56:45.759+0900] {process_utils.py:191} INFO - ---------------======---::::::------+--=======++++++++++===--:...::-=--==============--:.....:-=====
[2024-08-02T16:56:45.759+0900] {process_utils.py:191} INFO - ----::---------------------===--::--+-----=============++++++===---:....--===============--:...:-===
[2024-08-02T16:56:45.760+0900] {process_utils.py:191} INFO - ----------------------------------=++----------------------=+===========-::.:-======================
[2024-08-02T16:56:45.760+0900] {process_utils.py:191} INFO - =----------------------------------==-----------------------=-----==============================+=--
[2024-08-02T16:56:45.760+0900] {process_utils.py:191} INFO - %%####=----------------------------==----------------------=-::::-----======+*%#++================::
[2024-08-02T16:56:45.760+0900] {process_utils.py:191} INFO - %%%%%#=----------------------------=-:---------------------=--==--------=====*#*=================-::
[2024-08-02T16:56:45.760+0900] {process_utils.py:191} INFO - @@%%%*-----------------+***++=-----=-::-------------------:+---------=====+++====================-::
[2024-08-02T16:56:45.760+0900] {process_utils.py:191} INFO - @@%%%*---------------#%%%%##%%#=---=-+##*#+----------------=------------=====+====-=--===========-::
[2024-08-02T16:56:45.761+0900] {process_utils.py:191} INFO - @@@%%+--=+*%%%+-----+%@@%#++%%%#=--=*%+===#+::----------::=-----------=+*##*++=-----------=======-::
[2024-08-02T16:56:45.761+0900] {process_utils.py:191} INFO - +++++=-+#+***#*=-----#*++**+#@@@*--+#+**+***-:=-:---=*+-::=-----==+++*######%%%#=-------------==-:::
[2024-08-02T16:56:45.761+0900] {process_utils.py:191} INFO - *******-:::-*=-------+===+=-=+#%%:-=++++=+==-:=-:::=%%#-::###=-*#%%%%%%%%%%%%%%%%+---------------:::
[2024-08-02T16:56:45.761+0900] {process_utils.py:191} INFO - =====+=:--::+---+--+**++++*+++#%*-=--**++++-:=++=::+#*-::=%%%#*#%%%%%%%%@@%%%%@@%%#====------+#%%=-*
[2024-08-02T16:56:45.761+0900] {process_utils.py:191} INFO - =-==++---=+==*#%%%%%%=*++++++++==-=-*##*+=##**++=--++-:--*=-=*#%%%@%###*###*+++*%%%*=============-#%
[2024-08-02T16:56:45.761+0900] {process_utils.py:191} INFO - +-=------=*%%%%@%@@@@***=+*#+*##*#%%@@**++%@%%%%*+=--=-=+-:--:#%@@%#*****###*+---+*++#**===---=++*%@
[2024-08-02T16:56:45.762+0900] {process_utils.py:191} INFO - --==-::-*%%%@@@@@@@%#*=-+++%@%##%%@@@@@%#%@@@%%@%%%*=--=#%####-%@%%####++++++=---==++*####*+++*%@%@@
[2024-08-02T16:56:45.762+0900] {process_utils.py:191} INFO - -=*+=-=#@@@@@@@@@#*+++++*@@@@@@@@@@@@@@@@@@@@@@@@@@@#+==-+*+#=:-+#%##**==++**+++=====+*###*+**#@%##%
[2024-08-02T16:56:45.762+0900] {process_utils.py:191} INFO - -=++-+%%@%@@@@%+=-++***#@@@@@@@@@@@@%:+@@*%+=%@@@@@@%%#%%#*=+--:-=#++**%#*+=+++++===+**####=*%%%%%%%
[2024-08-02T16:56:45.762+0900] {process_utils.py:191} INFO - -=++#%%####+-:---=*%%@@%#######**++++=+++++++++%%=+%@@%##*+==-=++=+*****##*===+++++==*#####*+#%%##%%
[2024-08-02T16:56:45.762+0900] {process_utils.py:191} INFO - -=*+=---==+=-::::-*@@@%+=======++++++++++++++*#%#**%%%*==-+*=--+==*****#**+=====+++++=***+++=+==::::
[2024-08-02T16:56:45.762+0900] {process_utils.py:191} INFO - =#*=++++++*###**==*@@@%=======++++++++*@@@@@@@@%%#####-:=+----==******##****+++++***==-=+=:::.::::::
[2024-08-02T16:56:45.762+0900] {process_utils.py:191} INFO - #%*+*++++**##*###*+#@@#=========++++==*%%%%%%%%######*=-----==+*********##########*+====::::::::::::
[2024-08-02T16:56:45.763+0900] {process_utils.py:191} INFO - ++++*#%%@%*##*##***%@@*===============+%##%%######%%%%*==-===+*********+=+*#######*++++-:::--::-----
[2024-08-02T16:56:45.763+0900] {process_utils.py:191} INFO - ===+*#%@@%*##**#**+=--================+%%#%%###%#%%%%%#======*#######*-:-++*####*****++:------------
[2024-08-02T16:56:45.763+0900] {process_utils.py:191} INFO - =+=------=##**##**+=--================+%%#%%###%%#%%%%%+=====+###**++==----:-*####****=------==-====
[2024-08-02T16:56:45.763+0900] {process_utils.py:191} INFO - 
[2024-08-02T16:56:45.784+0900] {python.py:237} INFO - Done. Returned value was: None
[2024-08-02T16:56:45.784+0900] {taskinstance.py:441} INFO - ::group::Post task execution logs
[2024-08-02T16:56:45.788+0900] {taskinstance.py:1206} INFO - Marking task as SUCCESS. dag_id=movie, task_id=get.data, run_id=scheduled__2017-01-01T05:45:00+00:00, execution_date=20170101T054500, start_date=20240802T075639, end_date=20240802T075645
[2024-08-02T16:56:45.838+0900] {local_task_job_runner.py:243} INFO - Task exited with return code 0
[2024-08-02T16:56:45.850+0900] {taskinstance.py:3503} INFO - 0 downstream tasks scheduled from follow-on schedule check
[2024-08-02T16:56:45.851+0900] {local_task_job_runner.py:222} INFO - ::endgroup::
