[2024-08-02T17:44:02.967+0900] {local_task_job_runner.py:120} INFO - ::group::Pre task execution logs
[2024-08-02T17:44:02.988+0900] {taskinstance.py:2076} INFO - Dependencies all met for dep_context=non-requeueable deps ti=<TaskInstance: movie.transform scheduled__2017-01-05T05:21:00+00:00 [queued]>
[2024-08-02T17:44:02.994+0900] {taskinstance.py:2076} INFO - Dependencies all met for dep_context=requeueable deps ti=<TaskInstance: movie.transform scheduled__2017-01-05T05:21:00+00:00 [queued]>
[2024-08-02T17:44:02.995+0900] {taskinstance.py:2306} INFO - Starting attempt 1 of 3
[2024-08-02T17:44:03.014+0900] {taskinstance.py:2330} INFO - Executing <Task(PythonVirtualenvOperator): transform> on 2017-01-05 05:21:00+00:00
[2024-08-02T17:44:03.017+0900] {standard_task_runner.py:64} INFO - Started process 175339 to run task
[2024-08-02T17:44:03.020+0900] {standard_task_runner.py:90} INFO - Running: ['airflow', 'tasks', 'run', 'movie', 'transform', 'scheduled__2017-01-05T05:21:00+00:00', '--job-id', '310', '--raw', '--subdir', 'DAGS_FOLDER/movie.py', '--cfg-path', '/tmp/tmp29dqtdyw']
[2024-08-02T17:44:03.021+0900] {standard_task_runner.py:91} INFO - Job 310: Subtask transform
[2024-08-02T17:44:03.065+0900] {task_command.py:426} INFO - Running <TaskInstance: movie.transform scheduled__2017-01-05T05:21:00+00:00 [running]> on host playdata.
[2024-08-02T17:44:03.137+0900] {taskinstance.py:2648} INFO - Exporting env vars: AIRFLOW_CTX_DAG_OWNER='airflow' AIRFLOW_CTX_DAG_ID='movie' AIRFLOW_CTX_TASK_ID='transform' AIRFLOW_CTX_EXECUTION_DATE='2017-01-05T05:21:00+00:00' AIRFLOW_CTX_TRY_NUMBER='1' AIRFLOW_CTX_DAG_RUN_ID='scheduled__2017-01-05T05:21:00+00:00'
[2024-08-02T17:44:03.138+0900] {taskinstance.py:430} INFO - ::endgroup::
[2024-08-02T17:44:03.148+0900] {baseoperator.py:400} WARNING - PythonVirtualenvOperator.execute cannot be called outside TaskInstance!
[2024-08-02T17:44:03.149+0900] {process_utils.py:183} INFO - Executing cmd: /home/oddsummer/.pyenv/versions/3.11.9/envs/air/bin/python -m virtualenv /tmp/venvp6wxj3ln --python=python
[2024-08-02T17:44:03.150+0900] {process_utils.py:187} INFO - Output:
[2024-08-02T17:44:03.539+0900] {process_utils.py:191} INFO - created virtual environment CPython3.11.9.final.0-64 in 281ms
[2024-08-02T17:44:03.539+0900] {process_utils.py:191} INFO -   creator CPython3Posix(dest=/tmp/venvp6wxj3ln, clear=False, no_vcs_ignore=False, global=False)
[2024-08-02T17:44:03.539+0900] {process_utils.py:191} INFO -   seeder FromAppData(download=False, pip=bundle, setuptools=bundle, wheel=bundle, via=copy, app_data_dir=/home/oddsummer/.local/share/virtualenv)
[2024-08-02T17:44:03.539+0900] {process_utils.py:191} INFO -     added seed packages: pip==24.1.2, setuptools==70.2.0, wheel==0.43.0
[2024-08-02T17:44:03.539+0900] {process_utils.py:191} INFO -   activators BashActivator,CShellActivator,FishActivator,NushellActivator,PowerShellActivator,PythonActivator
[2024-08-02T17:44:03.562+0900] {process_utils.py:183} INFO - Executing cmd: /tmp/venvp6wxj3ln/bin/pip install -r /tmp/venvp6wxj3ln/requirements.txt
[2024-08-02T17:44:03.563+0900] {process_utils.py:187} INFO - Output:
[2024-08-02T17:44:04.494+0900] {process_utils.py:191} INFO - Collecting git+https://github.com/7-TRG/transform_trg.git@main (from -r /tmp/venvp6wxj3ln/requirements.txt (line 1))
[2024-08-02T17:44:04.496+0900] {process_utils.py:191} INFO -   Cloning https://github.com/7-TRG/transform_trg.git (to revision main) to /tmp/pip-req-build-hsqoksw_
[2024-08-02T17:44:04.498+0900] {process_utils.py:191} INFO -   Running command git clone --filter=blob:none --quiet https://github.com/7-TRG/transform_trg.git /tmp/pip-req-build-hsqoksw_
[2024-08-02T17:44:06.228+0900] {process_utils.py:191} INFO -   Resolved https://github.com/7-TRG/transform_trg.git to commit 789fe432a030fafcbef44ec873bc256dce822228
[2024-08-02T17:44:06.234+0900] {process_utils.py:191} INFO -   Installing build dependencies: started
[2024-08-02T17:44:08.098+0900] {process_utils.py:191} INFO -   Installing build dependencies: finished with status 'done'
[2024-08-02T17:44:08.099+0900] {process_utils.py:191} INFO -   Getting requirements to build wheel: started
[2024-08-02T17:44:08.338+0900] {process_utils.py:191} INFO -   Getting requirements to build wheel: finished with status 'done'
[2024-08-02T17:44:08.340+0900] {process_utils.py:191} INFO -   Preparing metadata (pyproject.toml): started
[2024-08-02T17:44:08.588+0900] {process_utils.py:191} INFO -   Preparing metadata (pyproject.toml): finished with status 'done'
[2024-08-02T17:44:08.591+0900] {process_utils.py:191} INFO - Building wheels for collected packages: transform_trg
[2024-08-02T17:44:08.594+0900] {process_utils.py:191} INFO -   Building wheel for transform_trg (pyproject.toml): started
[2024-08-02T17:44:08.854+0900] {process_utils.py:191} INFO -   Building wheel for transform_trg (pyproject.toml): finished with status 'done'
[2024-08-02T17:44:08.855+0900] {process_utils.py:191} INFO -   Created wheel for transform_trg: filename=transform_trg-0.1.0-py3-none-any.whl size=2244 sha256=08569888a6966046bd32595a3a25893a8bcdb6726e28d699b043e14321d4da8e
[2024-08-02T17:44:08.855+0900] {process_utils.py:191} INFO -   Stored in directory: /tmp/pip-ephem-wheel-cache-atqeyo47/wheels/52/ed/12/e63285a730e0434716bf2b76c497e2eca12531b214fbcca988
[2024-08-02T17:44:08.857+0900] {process_utils.py:191} INFO - Successfully built transform_trg
[2024-08-02T17:44:08.867+0900] {process_utils.py:191} INFO - Installing collected packages: transform_trg
[2024-08-02T17:44:08.884+0900] {process_utils.py:191} INFO - Successfully installed transform_trg-0.1.0
[2024-08-02T17:44:08.890+0900] {process_utils.py:191} INFO - 
[2024-08-02T17:44:08.891+0900] {process_utils.py:191} INFO - [notice] A new release of pip is available: 24.1.2 -> 24.2
[2024-08-02T17:44:08.891+0900] {process_utils.py:191} INFO - [notice] To update, run: python -m pip install --upgrade pip
[2024-08-02T17:44:08.985+0900] {process_utils.py:183} INFO - Executing cmd: /tmp/venvp6wxj3ln/bin/python /tmp/venv-callja_qbe_s/script.py /tmp/venv-callja_qbe_s/script.in /tmp/venv-callja_qbe_s/script.out /tmp/venv-callja_qbe_s/string_args.txt /tmp/venv-callja_qbe_s/termination.log
[2024-08-02T17:44:08.986+0900] {process_utils.py:187} INFO - Output:
[2024-08-02T17:44:09.005+0900] {process_utils.py:191} INFO - 
[2024-08-02T17:44:09.005+0900] {process_utils.py:191} INFO - ---------------======---::::::------+--=======++++++++++===--:...::-=--==============--:.....:-=====
[2024-08-02T17:44:09.006+0900] {process_utils.py:191} INFO - ----::---------------------===--::--+-----=============++++++===---:....--===============--:...:-===
[2024-08-02T17:44:09.006+0900] {process_utils.py:191} INFO - ----------------------------------=++----------------------=+===========-::.:-======================
[2024-08-02T17:44:09.006+0900] {process_utils.py:191} INFO - =----------------------------------==-----------------------=-----==============================+=--
[2024-08-02T17:44:09.006+0900] {process_utils.py:191} INFO - %%####=----------------------------==----------------------=-::::-----======+*%#++================::
[2024-08-02T17:44:09.006+0900] {process_utils.py:191} INFO - %%%%%#=----------------------------=-:---------------------=--==--------=====*#*=================-::
[2024-08-02T17:44:09.006+0900] {process_utils.py:191} INFO - @@%%%*-----------------+***++=-----=-::-------------------:+---------=====+++====================-::
[2024-08-02T17:44:09.006+0900] {process_utils.py:191} INFO - @@%%%*---------------#%%%%##%%#=---=-+##*#+----------------=------------=====+====-=--===========-::
[2024-08-02T17:44:09.007+0900] {process_utils.py:191} INFO - @@@%%+--=+*%%%+-----+%@@%#++%%%#=--=*%+===#+::----------::=-----------=+*##*++=-----------=======-::
[2024-08-02T17:44:09.007+0900] {process_utils.py:191} INFO - +++++=-+#+***#*=-----#*++**+#@@@*--+#+**+***-:=-:---=*+-::=-----==+++*######%%%#=-------------==-:::
[2024-08-02T17:44:09.007+0900] {process_utils.py:191} INFO - *******-:::-*=-------+===+=-=+#%%:-=++++=+==-:=-:::=%%#-::###=-*#%%%%%%%%%%%%%%%%+---------------:::
[2024-08-02T17:44:09.007+0900] {process_utils.py:191} INFO - =====+=:--::+---+--+**++++*+++#%*-=--**++++-:=++=::+#*-::=%%%#*#%%%%%%%%@@%%%%@@%%#====------+#%%=-*
[2024-08-02T17:44:09.007+0900] {process_utils.py:191} INFO - =-==++---=+==*#%%%%%%=*++++++++==-=-*##*+=##**++=--++-:--*=-=*#%%%@%###*###*+++*%%%*=============-#%
[2024-08-02T17:44:09.007+0900] {process_utils.py:191} INFO - +-=------=*%%%%@%@@@@***=+*#+*##*#%%@@**++%@%%%%*+=--=-=+-:--:#%@@%#*****###*+---+*++#**===---=++*%@
[2024-08-02T17:44:09.007+0900] {process_utils.py:191} INFO - --==-::-*%%%@@@@@@@%#*=-+++%@%##%%@@@@@%#%@@@%%@%%%*=--=#%####-%@%%####++++++=---==++*####*+++*%@%@@
[2024-08-02T17:44:09.008+0900] {process_utils.py:191} INFO - -=*+=-=#@@@@@@@@@#*+++++*@@@@@@@@@@@@@@@@@@@@@@@@@@@#+==-+*+#=:-+#%##**==++**+++=====+*###*+**#@%##%
[2024-08-02T17:44:09.008+0900] {process_utils.py:191} INFO - -=++-+%%@%@@@@%+=-++***#@@@@@@@@@@@@%:+@@*%+=%@@@@@@%%#%%#*=+--:-=#++**%#*+=+++++===+**####=*%%%%%%%
[2024-08-02T17:44:09.008+0900] {process_utils.py:191} INFO - -=++#%%####+-:---=*%%@@%#######**++++=+++++++++%%=+%@@%##*+==-=++=+*****##*===+++++==*#####*+#%%##%%
[2024-08-02T17:44:09.008+0900] {process_utils.py:191} INFO - -=*+=---==+=-::::-*@@@%+=======++++++++++++++*#%#**%%%*==-+*=--+==*****#**+=====+++++=***+++=+==::::
[2024-08-02T17:44:09.008+0900] {process_utils.py:191} INFO - =#*=++++++*###**==*@@@%=======++++++++*@@@@@@@@%%#####-:=+----==******##****+++++***==-=+=:::.::::::
[2024-08-02T17:44:09.008+0900] {process_utils.py:191} INFO - #%*+*++++**##*###*+#@@#=========++++==*%%%%%%%%######*=-----==+*********##########*+====::::::::::::
[2024-08-02T17:44:09.008+0900] {process_utils.py:191} INFO - ++++*#%%@%*##*##***%@@*===============+%##%%######%%%%*==-===+*********+=+*#######*++++-:::--::-----
[2024-08-02T17:44:09.009+0900] {process_utils.py:191} INFO - ===+*#%@@%*##**#**+=--================+%%#%%###%#%%%%%#======*#######*-:-++*####*****++:------------
[2024-08-02T17:44:09.009+0900] {process_utils.py:191} INFO - =+=------=##**##**+=--================+%%#%%###%%#%%%%%+=====+###**++==----:-*####****=------==-====
[2024-08-02T17:44:09.009+0900] {process_utils.py:191} INFO - 
[2024-08-02T17:44:09.030+0900] {python.py:237} INFO - Done. Returned value was: None
[2024-08-02T17:44:09.031+0900] {taskinstance.py:441} INFO - ::group::Post task execution logs
[2024-08-02T17:44:09.034+0900] {taskinstance.py:1206} INFO - Marking task as SUCCESS. dag_id=movie, task_id=transform, run_id=scheduled__2017-01-05T05:21:00+00:00, execution_date=20170105T052100, start_date=20240802T084402, end_date=20240802T084409
[2024-08-02T17:44:09.070+0900] {local_task_job_runner.py:243} INFO - Task exited with return code 0
[2024-08-02T17:44:09.087+0900] {taskinstance.py:3503} INFO - 1 downstream tasks scheduled from follow-on schedule check
[2024-08-02T17:44:09.096+0900] {local_task_job_runner.py:222} INFO - ::endgroup::
