[2024-08-02T17:09:19.807+0900] {local_task_job_runner.py:120} INFO - ::group::Pre task execution logs
[2024-08-02T17:09:19.828+0900] {taskinstance.py:2076} INFO - Dependencies all met for dep_context=non-requeueable deps ti=<TaskInstance: movie.get.data scheduled__2017-01-02T05:51:00+00:00 [queued]>
[2024-08-02T17:09:19.836+0900] {taskinstance.py:2076} INFO - Dependencies all met for dep_context=requeueable deps ti=<TaskInstance: movie.get.data scheduled__2017-01-02T05:51:00+00:00 [queued]>
[2024-08-02T17:09:19.836+0900] {taskinstance.py:2306} INFO - Starting attempt 1 of 3
[2024-08-02T17:09:19.852+0900] {taskinstance.py:2330} INFO - Executing <Task(PythonVirtualenvOperator): get.data> on 2017-01-02 05:51:00+00:00
[2024-08-02T17:09:19.855+0900] {standard_task_runner.py:64} INFO - Started process 155160 to run task
[2024-08-02T17:09:19.859+0900] {standard_task_runner.py:90} INFO - Running: ['airflow', 'tasks', 'run', 'movie', 'get.data', 'scheduled__2017-01-02T05:51:00+00:00', '--job-id', '122', '--raw', '--subdir', 'DAGS_FOLDER/movie.py', '--cfg-path', '/tmp/tmpnc5w83dh']
[2024-08-02T17:09:19.862+0900] {standard_task_runner.py:91} INFO - Job 122: Subtask get.data
[2024-08-02T17:09:19.905+0900] {task_command.py:426} INFO - Running <TaskInstance: movie.get.data scheduled__2017-01-02T05:51:00+00:00 [running]> on host playdata.
[2024-08-02T17:09:19.983+0900] {taskinstance.py:2648} INFO - Exporting env vars: AIRFLOW_CTX_DAG_OWNER='airflow' AIRFLOW_CTX_DAG_ID='movie' AIRFLOW_CTX_TASK_ID='get.data' AIRFLOW_CTX_EXECUTION_DATE='2017-01-02T05:51:00+00:00' AIRFLOW_CTX_TRY_NUMBER='1' AIRFLOW_CTX_DAG_RUN_ID='scheduled__2017-01-02T05:51:00+00:00'
[2024-08-02T17:09:19.984+0900] {taskinstance.py:430} INFO - ::endgroup::
[2024-08-02T17:09:19.996+0900] {baseoperator.py:400} WARNING - PythonVirtualenvOperator.execute cannot be called outside TaskInstance!
[2024-08-02T17:09:19.997+0900] {process_utils.py:183} INFO - Executing cmd: /home/oddsummer/.pyenv/versions/3.11.9/envs/air/bin/python -m virtualenv /tmp/venvcu6ccb8u --python=python
[2024-08-02T17:09:19.998+0900] {process_utils.py:187} INFO - Output:
[2024-08-02T17:09:20.381+0900] {process_utils.py:191} INFO - created virtual environment CPython3.11.9.final.0-64 in 268ms
[2024-08-02T17:09:20.381+0900] {process_utils.py:191} INFO -   creator CPython3Posix(dest=/tmp/venvcu6ccb8u, clear=False, no_vcs_ignore=False, global=False)
[2024-08-02T17:09:20.382+0900] {process_utils.py:191} INFO -   seeder FromAppData(download=False, pip=bundle, setuptools=bundle, wheel=bundle, via=copy, app_data_dir=/home/oddsummer/.local/share/virtualenv)
[2024-08-02T17:09:20.382+0900] {process_utils.py:191} INFO -     added seed packages: pip==24.1.2, setuptools==70.2.0, wheel==0.43.0
[2024-08-02T17:09:20.383+0900] {process_utils.py:191} INFO -   activators BashActivator,CShellActivator,FishActivator,NushellActivator,PowerShellActivator,PythonActivator
[2024-08-02T17:09:20.416+0900] {process_utils.py:183} INFO - Executing cmd: /tmp/venvcu6ccb8u/bin/pip install -r /tmp/venvcu6ccb8u/requirements.txt
[2024-08-02T17:09:20.416+0900] {process_utils.py:187} INFO - Output:
[2024-08-02T17:09:21.440+0900] {process_utils.py:191} INFO - Collecting git+https://github.com/7-TRG/extract_trg.git@main (from -r /tmp/venvcu6ccb8u/requirements.txt (line 1))
[2024-08-02T17:09:21.441+0900] {process_utils.py:191} INFO -   Cloning https://github.com/7-TRG/extract_trg.git (to revision main) to /tmp/pip-req-build-ouzyrok2
[2024-08-02T17:09:21.444+0900] {process_utils.py:191} INFO -   Running command git clone --filter=blob:none --quiet https://github.com/7-TRG/extract_trg.git /tmp/pip-req-build-ouzyrok2
[2024-08-02T17:09:22.992+0900] {process_utils.py:191} INFO -   Resolved https://github.com/7-TRG/extract_trg.git to commit 0712b3f1bbaeeeea58bf80749079a62c7e1bec3d
[2024-08-02T17:09:23.000+0900] {process_utils.py:191} INFO -   Installing build dependencies: started
[2024-08-02T17:09:25.361+0900] {process_utils.py:191} INFO -   Installing build dependencies: finished with status 'done'
[2024-08-02T17:09:25.362+0900] {process_utils.py:191} INFO -   Getting requirements to build wheel: started
[2024-08-02T17:09:25.671+0900] {process_utils.py:191} INFO -   Getting requirements to build wheel: finished with status 'done'
[2024-08-02T17:09:25.672+0900] {process_utils.py:191} INFO -   Preparing metadata (pyproject.toml): started
[2024-08-02T17:09:25.955+0900] {process_utils.py:191} INFO -   Preparing metadata (pyproject.toml): finished with status 'done'
[2024-08-02T17:09:25.958+0900] {process_utils.py:191} INFO - Building wheels for collected packages: extract_trg
[2024-08-02T17:09:25.962+0900] {process_utils.py:191} INFO -   Building wheel for extract_trg (pyproject.toml): started
[2024-08-02T17:09:26.461+0900] {process_utils.py:191} INFO -   Building wheel for extract_trg (pyproject.toml): finished with status 'done'
[2024-08-02T17:09:26.462+0900] {process_utils.py:191} INFO -   Created wheel for extract_trg: filename=extract_trg-0.1.0-py3-none-any.whl size=2219 sha256=73279d585aa2cfe0d548a4f139e8449758bfafb1a655a00c6d68633c78edb51f
[2024-08-02T17:09:26.462+0900] {process_utils.py:191} INFO -   Stored in directory: /tmp/pip-ephem-wheel-cache-u3iktwjq/wheels/21/97/ea/e27bc4298590f1b8a2b9c46b60aefbe2e3076cf05f6bd5e464
[2024-08-02T17:09:26.467+0900] {process_utils.py:191} INFO - Successfully built extract_trg
[2024-08-02T17:09:26.490+0900] {process_utils.py:191} INFO - Installing collected packages: extract_trg
[2024-08-02T17:09:26.513+0900] {process_utils.py:191} INFO - Successfully installed extract_trg-0.1.0
[2024-08-02T17:09:26.524+0900] {process_utils.py:191} INFO - 
[2024-08-02T17:09:26.524+0900] {process_utils.py:191} INFO - [notice] A new release of pip is available: 24.1.2 -> 24.2
[2024-08-02T17:09:26.525+0900] {process_utils.py:191} INFO - [notice] To update, run: python -m pip install --upgrade pip
[2024-08-02T17:09:26.704+0900] {process_utils.py:183} INFO - Executing cmd: /tmp/venvcu6ccb8u/bin/python /tmp/venv-callighyy040/script.py /tmp/venv-callighyy040/script.in /tmp/venv-callighyy040/script.out /tmp/venv-callighyy040/string_args.txt /tmp/venv-callighyy040/termination.log
[2024-08-02T17:09:26.705+0900] {process_utils.py:187} INFO - Output:
[2024-08-02T17:09:26.741+0900] {process_utils.py:191} INFO - 
[2024-08-02T17:09:26.742+0900] {process_utils.py:191} INFO - ---------------======---::::::------+--=======++++++++++===--:...::-=--==============--:.....:-=====
[2024-08-02T17:09:26.742+0900] {process_utils.py:191} INFO - ----::---------------------===--::--+-----=============++++++===---:....--===============--:...:-===
[2024-08-02T17:09:26.742+0900] {process_utils.py:191} INFO - ----------------------------------=++----------------------=+===========-::.:-======================
[2024-08-02T17:09:26.742+0900] {process_utils.py:191} INFO - =----------------------------------==-----------------------=-----==============================+=--
[2024-08-02T17:09:26.743+0900] {process_utils.py:191} INFO - %%####=----------------------------==----------------------=-::::-----======+*%#++================::
[2024-08-02T17:09:26.743+0900] {process_utils.py:191} INFO - %%%%%#=----------------------------=-:---------------------=--==--------=====*#*=================-::
[2024-08-02T17:09:26.743+0900] {process_utils.py:191} INFO - @@%%%*-----------------+***++=-----=-::-------------------:+---------=====+++====================-::
[2024-08-02T17:09:26.743+0900] {process_utils.py:191} INFO - @@%%%*---------------#%%%%##%%#=---=-+##*#+----------------=------------=====+====-=--===========-::
[2024-08-02T17:09:26.743+0900] {process_utils.py:191} INFO - @@@%%+--=+*%%%+-----+%@@%#++%%%#=--=*%+===#+::----------::=-----------=+*##*++=-----------=======-::
[2024-08-02T17:09:26.744+0900] {process_utils.py:191} INFO - +++++=-+#+***#*=-----#*++**+#@@@*--+#+**+***-:=-:---=*+-::=-----==+++*######%%%#=-------------==-:::
[2024-08-02T17:09:26.744+0900] {process_utils.py:191} INFO - *******-:::-*=-------+===+=-=+#%%:-=++++=+==-:=-:::=%%#-::###=-*#%%%%%%%%%%%%%%%%+---------------:::
[2024-08-02T17:09:26.744+0900] {process_utils.py:191} INFO - =====+=:--::+---+--+**++++*+++#%*-=--**++++-:=++=::+#*-::=%%%#*#%%%%%%%%@@%%%%@@%%#====------+#%%=-*
[2024-08-02T17:09:26.744+0900] {process_utils.py:191} INFO - =-==++---=+==*#%%%%%%=*++++++++==-=-*##*+=##**++=--++-:--*=-=*#%%%@%###*###*+++*%%%*=============-#%
[2024-08-02T17:09:26.745+0900] {process_utils.py:191} INFO - +-=------=*%%%%@%@@@@***=+*#+*##*#%%@@**++%@%%%%*+=--=-=+-:--:#%@@%#*****###*+---+*++#**===---=++*%@
[2024-08-02T17:09:26.745+0900] {process_utils.py:191} INFO - --==-::-*%%%@@@@@@@%#*=-+++%@%##%%@@@@@%#%@@@%%@%%%*=--=#%####-%@%%####++++++=---==++*####*+++*%@%@@
[2024-08-02T17:09:26.745+0900] {process_utils.py:191} INFO - -=*+=-=#@@@@@@@@@#*+++++*@@@@@@@@@@@@@@@@@@@@@@@@@@@#+==-+*+#=:-+#%##**==++**+++=====+*###*+**#@%##%
[2024-08-02T17:09:26.745+0900] {process_utils.py:191} INFO - -=++-+%%@%@@@@%+=-++***#@@@@@@@@@@@@%:+@@*%+=%@@@@@@%%#%%#*=+--:-=#++**%#*+=+++++===+**####=*%%%%%%%
[2024-08-02T17:09:26.746+0900] {process_utils.py:191} INFO - -=++#%%####+-:---=*%%@@%#######**++++=+++++++++%%=+%@@%##*+==-=++=+*****##*===+++++==*#####*+#%%##%%
[2024-08-02T17:09:26.746+0900] {process_utils.py:191} INFO - -=*+=---==+=-::::-*@@@%+=======++++++++++++++*#%#**%%%*==-+*=--+==*****#**+=====+++++=***+++=+==::::
[2024-08-02T17:09:26.746+0900] {process_utils.py:191} INFO - =#*=++++++*###**==*@@@%=======++++++++*@@@@@@@@%%#####-:=+----==******##****+++++***==-=+=:::.::::::
[2024-08-02T17:09:26.746+0900] {process_utils.py:191} INFO - #%*+*++++**##*###*+#@@#=========++++==*%%%%%%%%######*=-----==+*********##########*+====::::::::::::
[2024-08-02T17:09:26.746+0900] {process_utils.py:191} INFO - ++++*#%%@%*##*##***%@@*===============+%##%%######%%%%*==-===+*********+=+*#######*++++-:::--::-----
[2024-08-02T17:09:26.747+0900] {process_utils.py:191} INFO - ===+*#%@@%*##**#**+=--================+%%#%%###%#%%%%%#======*#######*-:-++*####*****++:------------
[2024-08-02T17:09:26.747+0900] {process_utils.py:191} INFO - =+=------=##**##**+=--================+%%#%%###%%#%%%%%+=====+###**++==----:-*####****=------==-====
[2024-08-02T17:09:26.747+0900] {process_utils.py:191} INFO - 
[2024-08-02T17:09:26.795+0900] {python.py:237} INFO - Done. Returned value was: None
[2024-08-02T17:09:26.797+0900] {taskinstance.py:441} INFO - ::group::Post task execution logs
[2024-08-02T17:09:26.803+0900] {taskinstance.py:1206} INFO - Marking task as SUCCESS. dag_id=movie, task_id=get.data, run_id=scheduled__2017-01-02T05:51:00+00:00, execution_date=20170102T055100, start_date=20240802T080919, end_date=20240802T080926
[2024-08-02T17:09:26.851+0900] {local_task_job_runner.py:243} INFO - Task exited with return code 0
[2024-08-02T17:09:26.869+0900] {taskinstance.py:3503} INFO - 0 downstream tasks scheduled from follow-on schedule check
[2024-08-02T17:09:26.870+0900] {local_task_job_runner.py:222} INFO - ::endgroup::
