[2024-08-02T17:33:33.424+0900] {local_task_job_runner.py:120} INFO - ::group::Pre task execution logs
[2024-08-02T17:33:33.447+0900] {taskinstance.py:2076} INFO - Dependencies all met for dep_context=non-requeueable deps ti=<TaskInstance: movie.get.data scheduled__2017-01-04T05:55:00+00:00 [queued]>
[2024-08-02T17:33:33.453+0900] {taskinstance.py:2076} INFO - Dependencies all met for dep_context=requeueable deps ti=<TaskInstance: movie.get.data scheduled__2017-01-04T05:55:00+00:00 [queued]>
[2024-08-02T17:33:33.454+0900] {taskinstance.py:2306} INFO - Starting attempt 1 of 3
[2024-08-02T17:33:33.468+0900] {taskinstance.py:2330} INFO - Executing <Task(PythonVirtualenvOperator): get.data> on 2017-01-04 05:55:00+00:00
[2024-08-02T17:33:33.471+0900] {standard_task_runner.py:64} INFO - Started process 167354 to run task
[2024-08-02T17:33:33.475+0900] {standard_task_runner.py:90} INFO - Running: ['airflow', 'tasks', 'run', 'movie', 'get.data', 'scheduled__2017-01-04T05:55:00+00:00', '--job-id', '246', '--raw', '--subdir', 'DAGS_FOLDER/movie.py', '--cfg-path', '/tmp/tmppbxnfokr']
[2024-08-02T17:33:33.477+0900] {standard_task_runner.py:91} INFO - Job 246: Subtask get.data
[2024-08-02T17:33:33.515+0900] {task_command.py:426} INFO - Running <TaskInstance: movie.get.data scheduled__2017-01-04T05:55:00+00:00 [running]> on host playdata.
[2024-08-02T17:33:33.589+0900] {taskinstance.py:2648} INFO - Exporting env vars: AIRFLOW_CTX_DAG_OWNER='airflow' AIRFLOW_CTX_DAG_ID='movie' AIRFLOW_CTX_TASK_ID='get.data' AIRFLOW_CTX_EXECUTION_DATE='2017-01-04T05:55:00+00:00' AIRFLOW_CTX_TRY_NUMBER='1' AIRFLOW_CTX_DAG_RUN_ID='scheduled__2017-01-04T05:55:00+00:00'
[2024-08-02T17:33:33.590+0900] {taskinstance.py:430} INFO - ::endgroup::
[2024-08-02T17:33:33.601+0900] {baseoperator.py:400} WARNING - PythonVirtualenvOperator.execute cannot be called outside TaskInstance!
[2024-08-02T17:33:33.601+0900] {process_utils.py:183} INFO - Executing cmd: /home/oddsummer/.pyenv/versions/3.11.9/envs/air/bin/python -m virtualenv /tmp/venvc_4dq48q --python=python
[2024-08-02T17:33:33.603+0900] {process_utils.py:187} INFO - Output:
[2024-08-02T17:33:34.022+0900] {process_utils.py:191} INFO - created virtual environment CPython3.11.9.final.0-64 in 300ms
[2024-08-02T17:33:34.023+0900] {process_utils.py:191} INFO -   creator CPython3Posix(dest=/tmp/venvc_4dq48q, clear=False, no_vcs_ignore=False, global=False)
[2024-08-02T17:33:34.023+0900] {process_utils.py:191} INFO -   seeder FromAppData(download=False, pip=bundle, setuptools=bundle, wheel=bundle, via=copy, app_data_dir=/home/oddsummer/.local/share/virtualenv)
[2024-08-02T17:33:34.023+0900] {process_utils.py:191} INFO -     added seed packages: pip==24.1.2, setuptools==70.2.0, wheel==0.43.0
[2024-08-02T17:33:34.023+0900] {process_utils.py:191} INFO -   activators BashActivator,CShellActivator,FishActivator,NushellActivator,PowerShellActivator,PythonActivator
[2024-08-02T17:33:34.047+0900] {process_utils.py:183} INFO - Executing cmd: /tmp/venvc_4dq48q/bin/pip install -r /tmp/venvc_4dq48q/requirements.txt
[2024-08-02T17:33:34.048+0900] {process_utils.py:187} INFO - Output:
[2024-08-02T17:33:35.022+0900] {process_utils.py:191} INFO - Collecting git+https://github.com/7-TRG/extract_trg.git@main (from -r /tmp/venvc_4dq48q/requirements.txt (line 1))
[2024-08-02T17:33:35.024+0900] {process_utils.py:191} INFO -   Cloning https://github.com/7-TRG/extract_trg.git (to revision main) to /tmp/pip-req-build-b4l1cepq
[2024-08-02T17:33:35.026+0900] {process_utils.py:191} INFO -   Running command git clone --filter=blob:none --quiet https://github.com/7-TRG/extract_trg.git /tmp/pip-req-build-b4l1cepq
[2024-08-02T17:33:36.774+0900] {process_utils.py:191} INFO -   Resolved https://github.com/7-TRG/extract_trg.git to commit 0712b3f1bbaeeeea58bf80749079a62c7e1bec3d
[2024-08-02T17:33:36.778+0900] {process_utils.py:191} INFO -   Installing build dependencies: started
[2024-08-02T17:33:38.635+0900] {process_utils.py:191} INFO -   Installing build dependencies: finished with status 'done'
[2024-08-02T17:33:38.636+0900] {process_utils.py:191} INFO -   Getting requirements to build wheel: started
[2024-08-02T17:33:38.878+0900] {process_utils.py:191} INFO -   Getting requirements to build wheel: finished with status 'done'
[2024-08-02T17:33:38.879+0900] {process_utils.py:191} INFO -   Preparing metadata (pyproject.toml): started
[2024-08-02T17:33:39.128+0900] {process_utils.py:191} INFO -   Preparing metadata (pyproject.toml): finished with status 'done'
[2024-08-02T17:33:39.131+0900] {process_utils.py:191} INFO - Building wheels for collected packages: extract_trg
[2024-08-02T17:33:39.134+0900] {process_utils.py:191} INFO -   Building wheel for extract_trg (pyproject.toml): started
[2024-08-02T17:33:39.406+0900] {process_utils.py:191} INFO -   Building wheel for extract_trg (pyproject.toml): finished with status 'done'
[2024-08-02T17:33:39.406+0900] {process_utils.py:191} INFO -   Created wheel for extract_trg: filename=extract_trg-0.1.0-py3-none-any.whl size=2219 sha256=b7310301a1826a9d83f40bded9493fe853c790e7024bd596f704128282a66d16
[2024-08-02T17:33:39.407+0900] {process_utils.py:191} INFO -   Stored in directory: /tmp/pip-ephem-wheel-cache-f9_qlm9y/wheels/21/97/ea/e27bc4298590f1b8a2b9c46b60aefbe2e3076cf05f6bd5e464
[2024-08-02T17:33:39.409+0900] {process_utils.py:191} INFO - Successfully built extract_trg
[2024-08-02T17:33:39.417+0900] {process_utils.py:191} INFO - Installing collected packages: extract_trg
[2024-08-02T17:33:39.437+0900] {process_utils.py:191} INFO - Successfully installed extract_trg-0.1.0
[2024-08-02T17:33:39.443+0900] {process_utils.py:191} INFO - 
[2024-08-02T17:33:39.443+0900] {process_utils.py:191} INFO - [notice] A new release of pip is available: 24.1.2 -> 24.2
[2024-08-02T17:33:39.443+0900] {process_utils.py:191} INFO - [notice] To update, run: python -m pip install --upgrade pip
[2024-08-02T17:33:39.536+0900] {process_utils.py:183} INFO - Executing cmd: /tmp/venvc_4dq48q/bin/python /tmp/venv-call1187sbrv/script.py /tmp/venv-call1187sbrv/script.in /tmp/venv-call1187sbrv/script.out /tmp/venv-call1187sbrv/string_args.txt /tmp/venv-call1187sbrv/termination.log
[2024-08-02T17:33:39.537+0900] {process_utils.py:187} INFO - Output:
[2024-08-02T17:33:39.556+0900] {process_utils.py:191} INFO - 
[2024-08-02T17:33:39.557+0900] {process_utils.py:191} INFO - ---------------======---::::::------+--=======++++++++++===--:...::-=--==============--:.....:-=====
[2024-08-02T17:33:39.557+0900] {process_utils.py:191} INFO - ----::---------------------===--::--+-----=============++++++===---:....--===============--:...:-===
[2024-08-02T17:33:39.557+0900] {process_utils.py:191} INFO - ----------------------------------=++----------------------=+===========-::.:-======================
[2024-08-02T17:33:39.557+0900] {process_utils.py:191} INFO - =----------------------------------==-----------------------=-----==============================+=--
[2024-08-02T17:33:39.558+0900] {process_utils.py:191} INFO - %%####=----------------------------==----------------------=-::::-----======+*%#++================::
[2024-08-02T17:33:39.558+0900] {process_utils.py:191} INFO - %%%%%#=----------------------------=-:---------------------=--==--------=====*#*=================-::
[2024-08-02T17:33:39.558+0900] {process_utils.py:191} INFO - @@%%%*-----------------+***++=-----=-::-------------------:+---------=====+++====================-::
[2024-08-02T17:33:39.558+0900] {process_utils.py:191} INFO - @@%%%*---------------#%%%%##%%#=---=-+##*#+----------------=------------=====+====-=--===========-::
[2024-08-02T17:33:39.558+0900] {process_utils.py:191} INFO - @@@%%+--=+*%%%+-----+%@@%#++%%%#=--=*%+===#+::----------::=-----------=+*##*++=-----------=======-::
[2024-08-02T17:33:39.558+0900] {process_utils.py:191} INFO - +++++=-+#+***#*=-----#*++**+#@@@*--+#+**+***-:=-:---=*+-::=-----==+++*######%%%#=-------------==-:::
[2024-08-02T17:33:39.558+0900] {process_utils.py:191} INFO - *******-:::-*=-------+===+=-=+#%%:-=++++=+==-:=-:::=%%#-::###=-*#%%%%%%%%%%%%%%%%+---------------:::
[2024-08-02T17:33:39.559+0900] {process_utils.py:191} INFO - =====+=:--::+---+--+**++++*+++#%*-=--**++++-:=++=::+#*-::=%%%#*#%%%%%%%%@@%%%%@@%%#====------+#%%=-*
[2024-08-02T17:33:39.559+0900] {process_utils.py:191} INFO - =-==++---=+==*#%%%%%%=*++++++++==-=-*##*+=##**++=--++-:--*=-=*#%%%@%###*###*+++*%%%*=============-#%
[2024-08-02T17:33:39.559+0900] {process_utils.py:191} INFO - +-=------=*%%%%@%@@@@***=+*#+*##*#%%@@**++%@%%%%*+=--=-=+-:--:#%@@%#*****###*+---+*++#**===---=++*%@
[2024-08-02T17:33:39.559+0900] {process_utils.py:191} INFO - --==-::-*%%%@@@@@@@%#*=-+++%@%##%%@@@@@%#%@@@%%@%%%*=--=#%####-%@%%####++++++=---==++*####*+++*%@%@@
[2024-08-02T17:33:39.559+0900] {process_utils.py:191} INFO - -=*+=-=#@@@@@@@@@#*+++++*@@@@@@@@@@@@@@@@@@@@@@@@@@@#+==-+*+#=:-+#%##**==++**+++=====+*###*+**#@%##%
[2024-08-02T17:33:39.559+0900] {process_utils.py:191} INFO - -=++-+%%@%@@@@%+=-++***#@@@@@@@@@@@@%:+@@*%+=%@@@@@@%%#%%#*=+--:-=#++**%#*+=+++++===+**####=*%%%%%%%
[2024-08-02T17:33:39.559+0900] {process_utils.py:191} INFO - -=++#%%####+-:---=*%%@@%#######**++++=+++++++++%%=+%@@%##*+==-=++=+*****##*===+++++==*#####*+#%%##%%
[2024-08-02T17:33:39.560+0900] {process_utils.py:191} INFO - -=*+=---==+=-::::-*@@@%+=======++++++++++++++*#%#**%%%*==-+*=--+==*****#**+=====+++++=***+++=+==::::
[2024-08-02T17:33:39.560+0900] {process_utils.py:191} INFO - =#*=++++++*###**==*@@@%=======++++++++*@@@@@@@@%%#####-:=+----==******##****+++++***==-=+=:::.::::::
[2024-08-02T17:33:39.560+0900] {process_utils.py:191} INFO - #%*+*++++**##*###*+#@@#=========++++==*%%%%%%%%######*=-----==+*********##########*+====::::::::::::
[2024-08-02T17:33:39.560+0900] {process_utils.py:191} INFO - ++++*#%%@%*##*##***%@@*===============+%##%%######%%%%*==-===+*********+=+*#######*++++-:::--::-----
[2024-08-02T17:33:39.560+0900] {process_utils.py:191} INFO - ===+*#%@@%*##**#**+=--================+%%#%%###%#%%%%%#======*#######*-:-++*####*****++:------------
[2024-08-02T17:33:39.560+0900] {process_utils.py:191} INFO - =+=------=##**##**+=--================+%%#%%###%%#%%%%%+=====+###**++==----:-*####****=------==-====
[2024-08-02T17:33:39.560+0900] {process_utils.py:191} INFO - 
[2024-08-02T17:33:39.582+0900] {python.py:237} INFO - Done. Returned value was: None
[2024-08-02T17:33:39.582+0900] {taskinstance.py:441} INFO - ::group::Post task execution logs
[2024-08-02T17:33:39.587+0900] {taskinstance.py:1206} INFO - Marking task as SUCCESS. dag_id=movie, task_id=get.data, run_id=scheduled__2017-01-04T05:55:00+00:00, execution_date=20170104T055500, start_date=20240802T083333, end_date=20240802T083339
[2024-08-02T17:33:39.643+0900] {local_task_job_runner.py:243} INFO - Task exited with return code 0
[2024-08-02T17:33:39.658+0900] {taskinstance.py:3503} INFO - 0 downstream tasks scheduled from follow-on schedule check
[2024-08-02T17:33:39.658+0900] {local_task_job_runner.py:222} INFO - ::endgroup::
