[2024-08-02T17:28:25.293+0900] {local_task_job_runner.py:120} INFO - ::group::Pre task execution logs
[2024-08-02T17:28:25.317+0900] {taskinstance.py:2076} INFO - Dependencies all met for dep_context=non-requeueable deps ti=<TaskInstance: movie.get.data scheduled__2017-01-04T05:28:00+00:00 [queued]>
[2024-08-02T17:28:25.324+0900] {taskinstance.py:2076} INFO - Dependencies all met for dep_context=requeueable deps ti=<TaskInstance: movie.get.data scheduled__2017-01-04T05:28:00+00:00 [queued]>
[2024-08-02T17:28:25.324+0900] {taskinstance.py:2306} INFO - Starting attempt 1 of 3
[2024-08-02T17:28:25.340+0900] {taskinstance.py:2330} INFO - Executing <Task(PythonVirtualenvOperator): get.data> on 2017-01-04 05:28:00+00:00
[2024-08-02T17:28:25.342+0900] {standard_task_runner.py:64} INFO - Started process 164818 to run task
[2024-08-02T17:28:25.346+0900] {standard_task_runner.py:90} INFO - Running: ['airflow', 'tasks', 'run', 'movie', 'get.data', 'scheduled__2017-01-04T05:28:00+00:00', '--job-id', '219', '--raw', '--subdir', 'DAGS_FOLDER/movie.py', '--cfg-path', '/tmp/tmpibqlmoyk']
[2024-08-02T17:28:25.348+0900] {standard_task_runner.py:91} INFO - Job 219: Subtask get.data
[2024-08-02T17:28:25.389+0900] {task_command.py:426} INFO - Running <TaskInstance: movie.get.data scheduled__2017-01-04T05:28:00+00:00 [running]> on host playdata.
[2024-08-02T17:28:25.466+0900] {taskinstance.py:2648} INFO - Exporting env vars: AIRFLOW_CTX_DAG_OWNER='airflow' AIRFLOW_CTX_DAG_ID='movie' AIRFLOW_CTX_TASK_ID='get.data' AIRFLOW_CTX_EXECUTION_DATE='2017-01-04T05:28:00+00:00' AIRFLOW_CTX_TRY_NUMBER='1' AIRFLOW_CTX_DAG_RUN_ID='scheduled__2017-01-04T05:28:00+00:00'
[2024-08-02T17:28:25.467+0900] {taskinstance.py:430} INFO - ::endgroup::
[2024-08-02T17:28:25.477+0900] {baseoperator.py:400} WARNING - PythonVirtualenvOperator.execute cannot be called outside TaskInstance!
[2024-08-02T17:28:25.478+0900] {process_utils.py:183} INFO - Executing cmd: /home/oddsummer/.pyenv/versions/3.11.9/envs/air/bin/python -m virtualenv /tmp/venv3_fmsfxg --python=python
[2024-08-02T17:28:25.479+0900] {process_utils.py:187} INFO - Output:
[2024-08-02T17:28:25.877+0900] {process_utils.py:191} INFO - created virtual environment CPython3.11.9.final.0-64 in 283ms
[2024-08-02T17:28:25.877+0900] {process_utils.py:191} INFO -   creator CPython3Posix(dest=/tmp/venv3_fmsfxg, clear=False, no_vcs_ignore=False, global=False)
[2024-08-02T17:28:25.877+0900] {process_utils.py:191} INFO -   seeder FromAppData(download=False, pip=bundle, setuptools=bundle, wheel=bundle, via=copy, app_data_dir=/home/oddsummer/.local/share/virtualenv)
[2024-08-02T17:28:25.878+0900] {process_utils.py:191} INFO -     added seed packages: pip==24.1.2, setuptools==70.2.0, wheel==0.43.0
[2024-08-02T17:28:25.878+0900] {process_utils.py:191} INFO -   activators BashActivator,CShellActivator,FishActivator,NushellActivator,PowerShellActivator,PythonActivator
[2024-08-02T17:28:25.905+0900] {process_utils.py:183} INFO - Executing cmd: /tmp/venv3_fmsfxg/bin/pip install -r /tmp/venv3_fmsfxg/requirements.txt
[2024-08-02T17:28:25.905+0900] {process_utils.py:187} INFO - Output:
[2024-08-02T17:28:27.022+0900] {process_utils.py:191} INFO - Collecting git+https://github.com/7-TRG/extract_trg.git@main (from -r /tmp/venv3_fmsfxg/requirements.txt (line 1))
[2024-08-02T17:28:27.023+0900] {process_utils.py:191} INFO -   Cloning https://github.com/7-TRG/extract_trg.git (to revision main) to /tmp/pip-req-build-_543wry8
[2024-08-02T17:28:27.025+0900] {process_utils.py:191} INFO -   Running command git clone --filter=blob:none --quiet https://github.com/7-TRG/extract_trg.git /tmp/pip-req-build-_543wry8
[2024-08-02T17:28:28.758+0900] {process_utils.py:191} INFO -   Resolved https://github.com/7-TRG/extract_trg.git to commit 0712b3f1bbaeeeea58bf80749079a62c7e1bec3d
[2024-08-02T17:28:28.764+0900] {process_utils.py:191} INFO -   Installing build dependencies: started
[2024-08-02T17:28:30.832+0900] {process_utils.py:191} INFO -   Installing build dependencies: finished with status 'done'
[2024-08-02T17:28:30.833+0900] {process_utils.py:191} INFO -   Getting requirements to build wheel: started
[2024-08-02T17:28:31.074+0900] {process_utils.py:191} INFO -   Getting requirements to build wheel: finished with status 'done'
[2024-08-02T17:28:31.076+0900] {process_utils.py:191} INFO -   Preparing metadata (pyproject.toml): started
[2024-08-02T17:28:31.335+0900] {process_utils.py:191} INFO -   Preparing metadata (pyproject.toml): finished with status 'done'
[2024-08-02T17:28:31.338+0900] {process_utils.py:191} INFO - Building wheels for collected packages: extract_trg
[2024-08-02T17:28:31.342+0900] {process_utils.py:191} INFO -   Building wheel for extract_trg (pyproject.toml): started
[2024-08-02T17:28:31.629+0900] {process_utils.py:191} INFO -   Building wheel for extract_trg (pyproject.toml): finished with status 'done'
[2024-08-02T17:28:31.630+0900] {process_utils.py:191} INFO -   Created wheel for extract_trg: filename=extract_trg-0.1.0-py3-none-any.whl size=2219 sha256=b9f4c61849c2425cbe49fec2b777baba8c338a0cec55fecdb082a83147b5b305
[2024-08-02T17:28:31.631+0900] {process_utils.py:191} INFO -   Stored in directory: /tmp/pip-ephem-wheel-cache-pjm7hqyh/wheels/21/97/ea/e27bc4298590f1b8a2b9c46b60aefbe2e3076cf05f6bd5e464
[2024-08-02T17:28:31.633+0900] {process_utils.py:191} INFO - Successfully built extract_trg
[2024-08-02T17:28:31.641+0900] {process_utils.py:191} INFO - Installing collected packages: extract_trg
[2024-08-02T17:28:31.660+0900] {process_utils.py:191} INFO - Successfully installed extract_trg-0.1.0
[2024-08-02T17:28:31.666+0900] {process_utils.py:191} INFO - 
[2024-08-02T17:28:31.667+0900] {process_utils.py:191} INFO - [notice] A new release of pip is available: 24.1.2 -> 24.2
[2024-08-02T17:28:31.667+0900] {process_utils.py:191} INFO - [notice] To update, run: python -m pip install --upgrade pip
[2024-08-02T17:28:31.773+0900] {process_utils.py:183} INFO - Executing cmd: /tmp/venv3_fmsfxg/bin/python /tmp/venv-callgcvdrwsp/script.py /tmp/venv-callgcvdrwsp/script.in /tmp/venv-callgcvdrwsp/script.out /tmp/venv-callgcvdrwsp/string_args.txt /tmp/venv-callgcvdrwsp/termination.log
[2024-08-02T17:28:31.773+0900] {process_utils.py:187} INFO - Output:
[2024-08-02T17:28:31.792+0900] {process_utils.py:191} INFO - 
[2024-08-02T17:28:31.793+0900] {process_utils.py:191} INFO - ---------------======---::::::------+--=======++++++++++===--:...::-=--==============--:.....:-=====
[2024-08-02T17:28:31.793+0900] {process_utils.py:191} INFO - ----::---------------------===--::--+-----=============++++++===---:....--===============--:...:-===
[2024-08-02T17:28:31.793+0900] {process_utils.py:191} INFO - ----------------------------------=++----------------------=+===========-::.:-======================
[2024-08-02T17:28:31.793+0900] {process_utils.py:191} INFO - =----------------------------------==-----------------------=-----==============================+=--
[2024-08-02T17:28:31.793+0900] {process_utils.py:191} INFO - %%####=----------------------------==----------------------=-::::-----======+*%#++================::
[2024-08-02T17:28:31.793+0900] {process_utils.py:191} INFO - %%%%%#=----------------------------=-:---------------------=--==--------=====*#*=================-::
[2024-08-02T17:28:31.794+0900] {process_utils.py:191} INFO - @@%%%*-----------------+***++=-----=-::-------------------:+---------=====+++====================-::
[2024-08-02T17:28:31.794+0900] {process_utils.py:191} INFO - @@%%%*---------------#%%%%##%%#=---=-+##*#+----------------=------------=====+====-=--===========-::
[2024-08-02T17:28:31.794+0900] {process_utils.py:191} INFO - @@@%%+--=+*%%%+-----+%@@%#++%%%#=--=*%+===#+::----------::=-----------=+*##*++=-----------=======-::
[2024-08-02T17:28:31.794+0900] {process_utils.py:191} INFO - +++++=-+#+***#*=-----#*++**+#@@@*--+#+**+***-:=-:---=*+-::=-----==+++*######%%%#=-------------==-:::
[2024-08-02T17:28:31.794+0900] {process_utils.py:191} INFO - *******-:::-*=-------+===+=-=+#%%:-=++++=+==-:=-:::=%%#-::###=-*#%%%%%%%%%%%%%%%%+---------------:::
[2024-08-02T17:28:31.794+0900] {process_utils.py:191} INFO - =====+=:--::+---+--+**++++*+++#%*-=--**++++-:=++=::+#*-::=%%%#*#%%%%%%%%@@%%%%@@%%#====------+#%%=-*
[2024-08-02T17:28:31.795+0900] {process_utils.py:191} INFO - =-==++---=+==*#%%%%%%=*++++++++==-=-*##*+=##**++=--++-:--*=-=*#%%%@%###*###*+++*%%%*=============-#%
[2024-08-02T17:28:31.795+0900] {process_utils.py:191} INFO - +-=------=*%%%%@%@@@@***=+*#+*##*#%%@@**++%@%%%%*+=--=-=+-:--:#%@@%#*****###*+---+*++#**===---=++*%@
[2024-08-02T17:28:31.795+0900] {process_utils.py:191} INFO - --==-::-*%%%@@@@@@@%#*=-+++%@%##%%@@@@@%#%@@@%%@%%%*=--=#%####-%@%%####++++++=---==++*####*+++*%@%@@
[2024-08-02T17:28:31.795+0900] {process_utils.py:191} INFO - -=*+=-=#@@@@@@@@@#*+++++*@@@@@@@@@@@@@@@@@@@@@@@@@@@#+==-+*+#=:-+#%##**==++**+++=====+*###*+**#@%##%
[2024-08-02T17:28:31.795+0900] {process_utils.py:191} INFO - -=++-+%%@%@@@@%+=-++***#@@@@@@@@@@@@%:+@@*%+=%@@@@@@%%#%%#*=+--:-=#++**%#*+=+++++===+**####=*%%%%%%%
[2024-08-02T17:28:31.795+0900] {process_utils.py:191} INFO - -=++#%%####+-:---=*%%@@%#######**++++=+++++++++%%=+%@@%##*+==-=++=+*****##*===+++++==*#####*+#%%##%%
[2024-08-02T17:28:31.795+0900] {process_utils.py:191} INFO - -=*+=---==+=-::::-*@@@%+=======++++++++++++++*#%#**%%%*==-+*=--+==*****#**+=====+++++=***+++=+==::::
[2024-08-02T17:28:31.796+0900] {process_utils.py:191} INFO - =#*=++++++*###**==*@@@%=======++++++++*@@@@@@@@%%#####-:=+----==******##****+++++***==-=+=:::.::::::
[2024-08-02T17:28:31.796+0900] {process_utils.py:191} INFO - #%*+*++++**##*###*+#@@#=========++++==*%%%%%%%%######*=-----==+*********##########*+====::::::::::::
[2024-08-02T17:28:31.796+0900] {process_utils.py:191} INFO - ++++*#%%@%*##*##***%@@*===============+%##%%######%%%%*==-===+*********+=+*#######*++++-:::--::-----
[2024-08-02T17:28:31.796+0900] {process_utils.py:191} INFO - ===+*#%@@%*##**#**+=--================+%%#%%###%#%%%%%#======*#######*-:-++*####*****++:------------
[2024-08-02T17:28:31.796+0900] {process_utils.py:191} INFO - =+=------=##**##**+=--================+%%#%%###%%#%%%%%+=====+###**++==----:-*####****=------==-====
[2024-08-02T17:28:31.796+0900] {process_utils.py:191} INFO - 
[2024-08-02T17:28:31.818+0900] {python.py:237} INFO - Done. Returned value was: None
[2024-08-02T17:28:31.818+0900] {taskinstance.py:441} INFO - ::group::Post task execution logs
[2024-08-02T17:28:31.822+0900] {taskinstance.py:1206} INFO - Marking task as SUCCESS. dag_id=movie, task_id=get.data, run_id=scheduled__2017-01-04T05:28:00+00:00, execution_date=20170104T052800, start_date=20240802T082825, end_date=20240802T082831
[2024-08-02T17:28:31.870+0900] {local_task_job_runner.py:243} INFO - Task exited with return code 0
[2024-08-02T17:28:31.884+0900] {taskinstance.py:3503} INFO - 0 downstream tasks scheduled from follow-on schedule check
[2024-08-02T17:28:31.885+0900] {local_task_job_runner.py:222} INFO - ::endgroup::
