[2024-08-02T17:33:44.762+0900] {local_task_job_runner.py:120} INFO - ::group::Pre task execution logs
[2024-08-02T17:33:44.780+0900] {taskinstance.py:2076} INFO - Dependencies all met for dep_context=non-requeueable deps ti=<TaskInstance: movie.get.data scheduled__2017-01-04T05:56:00+00:00 [queued]>
[2024-08-02T17:33:44.788+0900] {taskinstance.py:2076} INFO - Dependencies all met for dep_context=requeueable deps ti=<TaskInstance: movie.get.data scheduled__2017-01-04T05:56:00+00:00 [queued]>
[2024-08-02T17:33:44.789+0900] {taskinstance.py:2306} INFO - Starting attempt 1 of 3
[2024-08-02T17:33:44.808+0900] {taskinstance.py:2330} INFO - Executing <Task(PythonVirtualenvOperator): get.data> on 2017-01-04 05:56:00+00:00
[2024-08-02T17:33:44.811+0900] {standard_task_runner.py:64} INFO - Started process 167623 to run task
[2024-08-02T17:33:44.815+0900] {standard_task_runner.py:90} INFO - Running: ['airflow', 'tasks', 'run', 'movie', 'get.data', 'scheduled__2017-01-04T05:56:00+00:00', '--job-id', '247', '--raw', '--subdir', 'DAGS_FOLDER/movie.py', '--cfg-path', '/tmp/tmp3qngkftl']
[2024-08-02T17:33:44.816+0900] {standard_task_runner.py:91} INFO - Job 247: Subtask get.data
[2024-08-02T17:33:44.854+0900] {task_command.py:426} INFO - Running <TaskInstance: movie.get.data scheduled__2017-01-04T05:56:00+00:00 [running]> on host playdata.
[2024-08-02T17:33:44.929+0900] {taskinstance.py:2648} INFO - Exporting env vars: AIRFLOW_CTX_DAG_OWNER='airflow' AIRFLOW_CTX_DAG_ID='movie' AIRFLOW_CTX_TASK_ID='get.data' AIRFLOW_CTX_EXECUTION_DATE='2017-01-04T05:56:00+00:00' AIRFLOW_CTX_TRY_NUMBER='1' AIRFLOW_CTX_DAG_RUN_ID='scheduled__2017-01-04T05:56:00+00:00'
[2024-08-02T17:33:44.930+0900] {taskinstance.py:430} INFO - ::endgroup::
[2024-08-02T17:33:44.944+0900] {baseoperator.py:400} WARNING - PythonVirtualenvOperator.execute cannot be called outside TaskInstance!
[2024-08-02T17:33:44.945+0900] {process_utils.py:183} INFO - Executing cmd: /home/oddsummer/.pyenv/versions/3.11.9/envs/air/bin/python -m virtualenv /tmp/venv4w5mj7ur --python=python
[2024-08-02T17:33:44.946+0900] {process_utils.py:187} INFO - Output:
[2024-08-02T17:33:45.262+0900] {process_utils.py:191} INFO - created virtual environment CPython3.11.9.final.0-64 in 211ms
[2024-08-02T17:33:45.262+0900] {process_utils.py:191} INFO -   creator CPython3Posix(dest=/tmp/venv4w5mj7ur, clear=False, no_vcs_ignore=False, global=False)
[2024-08-02T17:33:45.262+0900] {process_utils.py:191} INFO -   seeder FromAppData(download=False, pip=bundle, setuptools=bundle, wheel=bundle, via=copy, app_data_dir=/home/oddsummer/.local/share/virtualenv)
[2024-08-02T17:33:45.263+0900] {process_utils.py:191} INFO -     added seed packages: pip==24.1.2, setuptools==70.2.0, wheel==0.43.0
[2024-08-02T17:33:45.263+0900] {process_utils.py:191} INFO -   activators BashActivator,CShellActivator,FishActivator,NushellActivator,PowerShellActivator,PythonActivator
[2024-08-02T17:33:45.287+0900] {process_utils.py:183} INFO - Executing cmd: /tmp/venv4w5mj7ur/bin/pip install -r /tmp/venv4w5mj7ur/requirements.txt
[2024-08-02T17:33:45.288+0900] {process_utils.py:187} INFO - Output:
[2024-08-02T17:33:46.241+0900] {process_utils.py:191} INFO - Collecting git+https://github.com/7-TRG/extract_trg.git@main (from -r /tmp/venv4w5mj7ur/requirements.txt (line 1))
[2024-08-02T17:33:46.242+0900] {process_utils.py:191} INFO -   Cloning https://github.com/7-TRG/extract_trg.git (to revision main) to /tmp/pip-req-build-ix9yje3s
[2024-08-02T17:33:46.245+0900] {process_utils.py:191} INFO -   Running command git clone --filter=blob:none --quiet https://github.com/7-TRG/extract_trg.git /tmp/pip-req-build-ix9yje3s
[2024-08-02T17:33:47.850+0900] {process_utils.py:191} INFO -   Resolved https://github.com/7-TRG/extract_trg.git to commit 0712b3f1bbaeeeea58bf80749079a62c7e1bec3d
[2024-08-02T17:33:47.857+0900] {process_utils.py:191} INFO -   Installing build dependencies: started
[2024-08-02T17:33:49.670+0900] {process_utils.py:191} INFO -   Installing build dependencies: finished with status 'done'
[2024-08-02T17:33:49.671+0900] {process_utils.py:191} INFO -   Getting requirements to build wheel: started
[2024-08-02T17:33:49.910+0900] {process_utils.py:191} INFO -   Getting requirements to build wheel: finished with status 'done'
[2024-08-02T17:33:49.912+0900] {process_utils.py:191} INFO -   Preparing metadata (pyproject.toml): started
[2024-08-02T17:33:50.162+0900] {process_utils.py:191} INFO -   Preparing metadata (pyproject.toml): finished with status 'done'
[2024-08-02T17:33:50.164+0900] {process_utils.py:191} INFO - Building wheels for collected packages: extract_trg
[2024-08-02T17:33:50.168+0900] {process_utils.py:191} INFO -   Building wheel for extract_trg (pyproject.toml): started
[2024-08-02T17:33:50.437+0900] {process_utils.py:191} INFO -   Building wheel for extract_trg (pyproject.toml): finished with status 'done'
[2024-08-02T17:33:50.437+0900] {process_utils.py:191} INFO -   Created wheel for extract_trg: filename=extract_trg-0.1.0-py3-none-any.whl size=2219 sha256=b7610e12a4e5113ccd912336c3213f198dfac19819367476fe40047850af335a
[2024-08-02T17:33:50.438+0900] {process_utils.py:191} INFO -   Stored in directory: /tmp/pip-ephem-wheel-cache-ubznvcco/wheels/21/97/ea/e27bc4298590f1b8a2b9c46b60aefbe2e3076cf05f6bd5e464
[2024-08-02T17:33:50.440+0900] {process_utils.py:191} INFO - Successfully built extract_trg
[2024-08-02T17:33:50.452+0900] {process_utils.py:191} INFO - Installing collected packages: extract_trg
[2024-08-02T17:33:50.471+0900] {process_utils.py:191} INFO - Successfully installed extract_trg-0.1.0
[2024-08-02T17:33:50.477+0900] {process_utils.py:191} INFO - 
[2024-08-02T17:33:50.478+0900] {process_utils.py:191} INFO - [notice] A new release of pip is available: 24.1.2 -> 24.2
[2024-08-02T17:33:50.478+0900] {process_utils.py:191} INFO - [notice] To update, run: python -m pip install --upgrade pip
[2024-08-02T17:33:50.574+0900] {process_utils.py:183} INFO - Executing cmd: /tmp/venv4w5mj7ur/bin/python /tmp/venv-callvacrrfad/script.py /tmp/venv-callvacrrfad/script.in /tmp/venv-callvacrrfad/script.out /tmp/venv-callvacrrfad/string_args.txt /tmp/venv-callvacrrfad/termination.log
[2024-08-02T17:33:50.575+0900] {process_utils.py:187} INFO - Output:
[2024-08-02T17:33:50.596+0900] {process_utils.py:191} INFO - 
[2024-08-02T17:33:50.597+0900] {process_utils.py:191} INFO - ---------------======---::::::------+--=======++++++++++===--:...::-=--==============--:.....:-=====
[2024-08-02T17:33:50.597+0900] {process_utils.py:191} INFO - ----::---------------------===--::--+-----=============++++++===---:....--===============--:...:-===
[2024-08-02T17:33:50.597+0900] {process_utils.py:191} INFO - ----------------------------------=++----------------------=+===========-::.:-======================
[2024-08-02T17:33:50.597+0900] {process_utils.py:191} INFO - =----------------------------------==-----------------------=-----==============================+=--
[2024-08-02T17:33:50.598+0900] {process_utils.py:191} INFO - %%####=----------------------------==----------------------=-::::-----======+*%#++================::
[2024-08-02T17:33:50.598+0900] {process_utils.py:191} INFO - %%%%%#=----------------------------=-:---------------------=--==--------=====*#*=================-::
[2024-08-02T17:33:50.598+0900] {process_utils.py:191} INFO - @@%%%*-----------------+***++=-----=-::-------------------:+---------=====+++====================-::
[2024-08-02T17:33:50.598+0900] {process_utils.py:191} INFO - @@%%%*---------------#%%%%##%%#=---=-+##*#+----------------=------------=====+====-=--===========-::
[2024-08-02T17:33:50.598+0900] {process_utils.py:191} INFO - @@@%%+--=+*%%%+-----+%@@%#++%%%#=--=*%+===#+::----------::=-----------=+*##*++=-----------=======-::
[2024-08-02T17:33:50.599+0900] {process_utils.py:191} INFO - +++++=-+#+***#*=-----#*++**+#@@@*--+#+**+***-:=-:---=*+-::=-----==+++*######%%%#=-------------==-:::
[2024-08-02T17:33:50.599+0900] {process_utils.py:191} INFO - *******-:::-*=-------+===+=-=+#%%:-=++++=+==-:=-:::=%%#-::###=-*#%%%%%%%%%%%%%%%%+---------------:::
[2024-08-02T17:33:50.599+0900] {process_utils.py:191} INFO - =====+=:--::+---+--+**++++*+++#%*-=--**++++-:=++=::+#*-::=%%%#*#%%%%%%%%@@%%%%@@%%#====------+#%%=-*
[2024-08-02T17:33:50.599+0900] {process_utils.py:191} INFO - =-==++---=+==*#%%%%%%=*++++++++==-=-*##*+=##**++=--++-:--*=-=*#%%%@%###*###*+++*%%%*=============-#%
[2024-08-02T17:33:50.600+0900] {process_utils.py:191} INFO - +-=------=*%%%%@%@@@@***=+*#+*##*#%%@@**++%@%%%%*+=--=-=+-:--:#%@@%#*****###*+---+*++#**===---=++*%@
[2024-08-02T17:33:50.600+0900] {process_utils.py:191} INFO - --==-::-*%%%@@@@@@@%#*=-+++%@%##%%@@@@@%#%@@@%%@%%%*=--=#%####-%@%%####++++++=---==++*####*+++*%@%@@
[2024-08-02T17:33:50.600+0900] {process_utils.py:191} INFO - -=*+=-=#@@@@@@@@@#*+++++*@@@@@@@@@@@@@@@@@@@@@@@@@@@#+==-+*+#=:-+#%##**==++**+++=====+*###*+**#@%##%
[2024-08-02T17:33:50.600+0900] {process_utils.py:191} INFO - -=++-+%%@%@@@@%+=-++***#@@@@@@@@@@@@%:+@@*%+=%@@@@@@%%#%%#*=+--:-=#++**%#*+=+++++===+**####=*%%%%%%%
[2024-08-02T17:33:50.600+0900] {process_utils.py:191} INFO - -=++#%%####+-:---=*%%@@%#######**++++=+++++++++%%=+%@@%##*+==-=++=+*****##*===+++++==*#####*+#%%##%%
[2024-08-02T17:33:50.601+0900] {process_utils.py:191} INFO - -=*+=---==+=-::::-*@@@%+=======++++++++++++++*#%#**%%%*==-+*=--+==*****#**+=====+++++=***+++=+==::::
[2024-08-02T17:33:50.601+0900] {process_utils.py:191} INFO - =#*=++++++*###**==*@@@%=======++++++++*@@@@@@@@%%#####-:=+----==******##****+++++***==-=+=:::.::::::
[2024-08-02T17:33:50.601+0900] {process_utils.py:191} INFO - #%*+*++++**##*###*+#@@#=========++++==*%%%%%%%%######*=-----==+*********##########*+====::::::::::::
[2024-08-02T17:33:50.601+0900] {process_utils.py:191} INFO - ++++*#%%@%*##*##***%@@*===============+%##%%######%%%%*==-===+*********+=+*#######*++++-:::--::-----
[2024-08-02T17:33:50.601+0900] {process_utils.py:191} INFO - ===+*#%@@%*##**#**+=--================+%%#%%###%#%%%%%#======*#######*-:-++*####*****++:------------
[2024-08-02T17:33:50.601+0900] {process_utils.py:191} INFO - =+=------=##**##**+=--================+%%#%%###%%#%%%%%+=====+###**++==----:-*####****=------==-====
[2024-08-02T17:33:50.601+0900] {process_utils.py:191} INFO - 
[2024-08-02T17:33:50.625+0900] {python.py:237} INFO - Done. Returned value was: None
[2024-08-02T17:33:50.625+0900] {taskinstance.py:441} INFO - ::group::Post task execution logs
[2024-08-02T17:33:50.630+0900] {taskinstance.py:1206} INFO - Marking task as SUCCESS. dag_id=movie, task_id=get.data, run_id=scheduled__2017-01-04T05:56:00+00:00, execution_date=20170104T055600, start_date=20240802T083344, end_date=20240802T083350
[2024-08-02T17:33:50.670+0900] {local_task_job_runner.py:243} INFO - Task exited with return code 0
[2024-08-02T17:33:50.682+0900] {taskinstance.py:3503} INFO - 0 downstream tasks scheduled from follow-on schedule check
[2024-08-02T17:33:50.682+0900] {local_task_job_runner.py:222} INFO - ::endgroup::
