[2024-08-02T17:37:15.111+0900] {local_task_job_runner.py:120} INFO - ::group::Pre task execution logs
[2024-08-02T17:37:15.131+0900] {taskinstance.py:2076} INFO - Dependencies all met for dep_context=non-requeueable deps ti=<TaskInstance: movie.extract scheduled__2017-01-05T05:07:00+00:00 [queued]>
[2024-08-02T17:37:15.137+0900] {taskinstance.py:2076} INFO - Dependencies all met for dep_context=requeueable deps ti=<TaskInstance: movie.extract scheduled__2017-01-05T05:07:00+00:00 [queued]>
[2024-08-02T17:37:15.138+0900] {taskinstance.py:2306} INFO - Starting attempt 1 of 3
[2024-08-02T17:37:15.167+0900] {taskinstance.py:2330} INFO - Executing <Task(PythonVirtualenvOperator): extract> on 2017-01-05 05:07:00+00:00
[2024-08-02T17:37:15.170+0900] {standard_task_runner.py:64} INFO - Started process 171234 to run task
[2024-08-02T17:37:15.174+0900] {standard_task_runner.py:90} INFO - Running: ['airflow', 'tasks', 'run', 'movie', 'extract', 'scheduled__2017-01-05T05:07:00+00:00', '--job-id', '267', '--raw', '--subdir', 'DAGS_FOLDER/movie.py', '--cfg-path', '/tmp/tmpw7bv0ira']
[2024-08-02T17:37:15.175+0900] {standard_task_runner.py:91} INFO - Job 267: Subtask extract
[2024-08-02T17:37:15.213+0900] {task_command.py:426} INFO - Running <TaskInstance: movie.extract scheduled__2017-01-05T05:07:00+00:00 [running]> on host playdata.
[2024-08-02T17:37:15.282+0900] {taskinstance.py:2648} INFO - Exporting env vars: AIRFLOW_CTX_DAG_OWNER='airflow' AIRFLOW_CTX_DAG_ID='movie' AIRFLOW_CTX_TASK_ID='extract' AIRFLOW_CTX_EXECUTION_DATE='2017-01-05T05:07:00+00:00' AIRFLOW_CTX_TRY_NUMBER='1' AIRFLOW_CTX_DAG_RUN_ID='scheduled__2017-01-05T05:07:00+00:00'
[2024-08-02T17:37:15.283+0900] {taskinstance.py:430} INFO - ::endgroup::
[2024-08-02T17:37:15.293+0900] {baseoperator.py:400} WARNING - PythonVirtualenvOperator.execute cannot be called outside TaskInstance!
[2024-08-02T17:37:15.294+0900] {process_utils.py:183} INFO - Executing cmd: /home/oddsummer/.pyenv/versions/3.11.9/envs/air/bin/python -m virtualenv /tmp/venvkucampwz --python=python
[2024-08-02T17:37:15.295+0900] {process_utils.py:187} INFO - Output:
[2024-08-02T17:37:15.632+0900] {process_utils.py:191} INFO - created virtual environment CPython3.11.9.final.0-64 in 229ms
[2024-08-02T17:37:15.632+0900] {process_utils.py:191} INFO -   creator CPython3Posix(dest=/tmp/venvkucampwz, clear=False, no_vcs_ignore=False, global=False)
[2024-08-02T17:37:15.632+0900] {process_utils.py:191} INFO -   seeder FromAppData(download=False, pip=bundle, setuptools=bundle, wheel=bundle, via=copy, app_data_dir=/home/oddsummer/.local/share/virtualenv)
[2024-08-02T17:37:15.632+0900] {process_utils.py:191} INFO -     added seed packages: pip==24.1.2, setuptools==70.2.0, wheel==0.43.0
[2024-08-02T17:37:15.633+0900] {process_utils.py:191} INFO -   activators BashActivator,CShellActivator,FishActivator,NushellActivator,PowerShellActivator,PythonActivator
[2024-08-02T17:37:15.657+0900] {process_utils.py:183} INFO - Executing cmd: /tmp/venvkucampwz/bin/pip install -r /tmp/venvkucampwz/requirements.txt
[2024-08-02T17:37:15.658+0900] {process_utils.py:187} INFO - Output:
[2024-08-02T17:37:16.649+0900] {process_utils.py:191} INFO - Collecting git+https://github.com/7-TRG/extract_trg.git@main (from -r /tmp/venvkucampwz/requirements.txt (line 1))
[2024-08-02T17:37:16.650+0900] {process_utils.py:191} INFO -   Cloning https://github.com/7-TRG/extract_trg.git (to revision main) to /tmp/pip-req-build-208aagnl
[2024-08-02T17:37:16.652+0900] {process_utils.py:191} INFO -   Running command git clone --filter=blob:none --quiet https://github.com/7-TRG/extract_trg.git /tmp/pip-req-build-208aagnl
[2024-08-02T17:37:18.254+0900] {process_utils.py:191} INFO -   Resolved https://github.com/7-TRG/extract_trg.git to commit 0712b3f1bbaeeeea58bf80749079a62c7e1bec3d
[2024-08-02T17:37:18.260+0900] {process_utils.py:191} INFO -   Installing build dependencies: started
[2024-08-02T17:37:20.086+0900] {process_utils.py:191} INFO -   Installing build dependencies: finished with status 'done'
[2024-08-02T17:37:20.087+0900] {process_utils.py:191} INFO -   Getting requirements to build wheel: started
[2024-08-02T17:37:20.337+0900] {process_utils.py:191} INFO -   Getting requirements to build wheel: finished with status 'done'
[2024-08-02T17:37:20.339+0900] {process_utils.py:191} INFO -   Preparing metadata (pyproject.toml): started
[2024-08-02T17:37:20.581+0900] {process_utils.py:191} INFO -   Preparing metadata (pyproject.toml): finished with status 'done'
[2024-08-02T17:37:20.584+0900] {process_utils.py:191} INFO - Building wheels for collected packages: extract_trg
[2024-08-02T17:37:20.588+0900] {process_utils.py:191} INFO -   Building wheel for extract_trg (pyproject.toml): started
[2024-08-02T17:37:20.846+0900] {process_utils.py:191} INFO -   Building wheel for extract_trg (pyproject.toml): finished with status 'done'
[2024-08-02T17:37:20.847+0900] {process_utils.py:191} INFO -   Created wheel for extract_trg: filename=extract_trg-0.1.0-py3-none-any.whl size=2219 sha256=8711e8853b1aa9e4b76625f8b5490316509fe288a0ee779085d2b55f680cfa84
[2024-08-02T17:37:20.847+0900] {process_utils.py:191} INFO -   Stored in directory: /tmp/pip-ephem-wheel-cache-koh350za/wheels/21/97/ea/e27bc4298590f1b8a2b9c46b60aefbe2e3076cf05f6bd5e464
[2024-08-02T17:37:20.849+0900] {process_utils.py:191} INFO - Successfully built extract_trg
[2024-08-02T17:37:20.859+0900] {process_utils.py:191} INFO - Installing collected packages: extract_trg
[2024-08-02T17:37:20.879+0900] {process_utils.py:191} INFO - Successfully installed extract_trg-0.1.0
[2024-08-02T17:37:20.885+0900] {process_utils.py:191} INFO - 
[2024-08-02T17:37:20.885+0900] {process_utils.py:191} INFO - [notice] A new release of pip is available: 24.1.2 -> 24.2
[2024-08-02T17:37:20.885+0900] {process_utils.py:191} INFO - [notice] To update, run: python -m pip install --upgrade pip
[2024-08-02T17:37:20.978+0900] {process_utils.py:183} INFO - Executing cmd: /tmp/venvkucampwz/bin/python /tmp/venv-callh4w0smjr/script.py /tmp/venv-callh4w0smjr/script.in /tmp/venv-callh4w0smjr/script.out /tmp/venv-callh4w0smjr/string_args.txt /tmp/venv-callh4w0smjr/termination.log
[2024-08-02T17:37:20.979+0900] {process_utils.py:187} INFO - Output:
[2024-08-02T17:37:20.999+0900] {process_utils.py:191} INFO - 
[2024-08-02T17:37:20.999+0900] {process_utils.py:191} INFO - ---------------======---::::::------+--=======++++++++++===--:...::-=--==============--:.....:-=====
[2024-08-02T17:37:21.000+0900] {process_utils.py:191} INFO - ----::---------------------===--::--+-----=============++++++===---:....--===============--:...:-===
[2024-08-02T17:37:21.000+0900] {process_utils.py:191} INFO - ----------------------------------=++----------------------=+===========-::.:-======================
[2024-08-02T17:37:21.000+0900] {process_utils.py:191} INFO - =----------------------------------==-----------------------=-----==============================+=--
[2024-08-02T17:37:21.000+0900] {process_utils.py:191} INFO - %%####=----------------------------==----------------------=-::::-----======+*%#++================::
[2024-08-02T17:37:21.001+0900] {process_utils.py:191} INFO - %%%%%#=----------------------------=-:---------------------=--==--------=====*#*=================-::
[2024-08-02T17:37:21.001+0900] {process_utils.py:191} INFO - @@%%%*-----------------+***++=-----=-::-------------------:+---------=====+++====================-::
[2024-08-02T17:37:21.001+0900] {process_utils.py:191} INFO - @@%%%*---------------#%%%%##%%#=---=-+##*#+----------------=------------=====+====-=--===========-::
[2024-08-02T17:37:21.001+0900] {process_utils.py:191} INFO - @@@%%+--=+*%%%+-----+%@@%#++%%%#=--=*%+===#+::----------::=-----------=+*##*++=-----------=======-::
[2024-08-02T17:37:21.001+0900] {process_utils.py:191} INFO - +++++=-+#+***#*=-----#*++**+#@@@*--+#+**+***-:=-:---=*+-::=-----==+++*######%%%#=-------------==-:::
[2024-08-02T17:37:21.002+0900] {process_utils.py:191} INFO - *******-:::-*=-------+===+=-=+#%%:-=++++=+==-:=-:::=%%#-::###=-*#%%%%%%%%%%%%%%%%+---------------:::
[2024-08-02T17:37:21.002+0900] {process_utils.py:191} INFO - =====+=:--::+---+--+**++++*+++#%*-=--**++++-:=++=::+#*-::=%%%#*#%%%%%%%%@@%%%%@@%%#====------+#%%=-*
[2024-08-02T17:37:21.002+0900] {process_utils.py:191} INFO - =-==++---=+==*#%%%%%%=*++++++++==-=-*##*+=##**++=--++-:--*=-=*#%%%@%###*###*+++*%%%*=============-#%
[2024-08-02T17:37:21.002+0900] {process_utils.py:191} INFO - +-=------=*%%%%@%@@@@***=+*#+*##*#%%@@**++%@%%%%*+=--=-=+-:--:#%@@%#*****###*+---+*++#**===---=++*%@
[2024-08-02T17:37:21.002+0900] {process_utils.py:191} INFO - --==-::-*%%%@@@@@@@%#*=-+++%@%##%%@@@@@%#%@@@%%@%%%*=--=#%####-%@%%####++++++=---==++*####*+++*%@%@@
[2024-08-02T17:37:21.003+0900] {process_utils.py:191} INFO - -=*+=-=#@@@@@@@@@#*+++++*@@@@@@@@@@@@@@@@@@@@@@@@@@@#+==-+*+#=:-+#%##**==++**+++=====+*###*+**#@%##%
[2024-08-02T17:37:21.003+0900] {process_utils.py:191} INFO - -=++-+%%@%@@@@%+=-++***#@@@@@@@@@@@@%:+@@*%+=%@@@@@@%%#%%#*=+--:-=#++**%#*+=+++++===+**####=*%%%%%%%
[2024-08-02T17:37:21.003+0900] {process_utils.py:191} INFO - -=++#%%####+-:---=*%%@@%#######**++++=+++++++++%%=+%@@%##*+==-=++=+*****##*===+++++==*#####*+#%%##%%
[2024-08-02T17:37:21.003+0900] {process_utils.py:191} INFO - -=*+=---==+=-::::-*@@@%+=======++++++++++++++*#%#**%%%*==-+*=--+==*****#**+=====+++++=***+++=+==::::
[2024-08-02T17:37:21.003+0900] {process_utils.py:191} INFO - =#*=++++++*###**==*@@@%=======++++++++*@@@@@@@@%%#####-:=+----==******##****+++++***==-=+=:::.::::::
[2024-08-02T17:37:21.003+0900] {process_utils.py:191} INFO - #%*+*++++**##*###*+#@@#=========++++==*%%%%%%%%######*=-----==+*********##########*+====::::::::::::
[2024-08-02T17:37:21.004+0900] {process_utils.py:191} INFO - ++++*#%%@%*##*##***%@@*===============+%##%%######%%%%*==-===+*********+=+*#######*++++-:::--::-----
[2024-08-02T17:37:21.004+0900] {process_utils.py:191} INFO - ===+*#%@@%*##**#**+=--================+%%#%%###%#%%%%%#======*#######*-:-++*####*****++:------------
[2024-08-02T17:37:21.004+0900] {process_utils.py:191} INFO - =+=------=##**##**+=--================+%%#%%###%%#%%%%%+=====+###**++==----:-*####****=------==-====
[2024-08-02T17:37:21.004+0900] {process_utils.py:191} INFO - 
[2024-08-02T17:37:21.028+0900] {python.py:237} INFO - Done. Returned value was: None
[2024-08-02T17:37:21.028+0900] {taskinstance.py:441} INFO - ::group::Post task execution logs
[2024-08-02T17:37:21.032+0900] {taskinstance.py:1206} INFO - Marking task as SUCCESS. dag_id=movie, task_id=extract, run_id=scheduled__2017-01-05T05:07:00+00:00, execution_date=20170105T050700, start_date=20240802T083715, end_date=20240802T083721
[2024-08-02T17:37:21.075+0900] {local_task_job_runner.py:243} INFO - Task exited with return code 0
[2024-08-02T17:37:21.095+0900] {taskinstance.py:3503} INFO - 1 downstream tasks scheduled from follow-on schedule check
[2024-08-02T17:37:21.103+0900] {local_task_job_runner.py:222} INFO - ::endgroup::
