[2024-08-02T16:58:33.064+0900] {local_task_job_runner.py:120} INFO - ::group::Pre task execution logs
[2024-08-02T16:58:33.096+0900] {taskinstance.py:2076} INFO - Dependencies all met for dep_context=non-requeueable deps ti=<TaskInstance: movie.get.data scheduled__2017-01-01T05:55:00+00:00 [queued]>
[2024-08-02T16:58:33.112+0900] {taskinstance.py:2076} INFO - Dependencies all met for dep_context=requeueable deps ti=<TaskInstance: movie.get.data scheduled__2017-01-01T05:55:00+00:00 [queued]>
[2024-08-02T16:58:33.113+0900] {taskinstance.py:2306} INFO - Starting attempt 1 of 3
[2024-08-02T16:58:33.143+0900] {taskinstance.py:2330} INFO - Executing <Task(PythonVirtualenvOperator): get.data> on 2017-01-01 05:55:00+00:00
[2024-08-02T16:58:33.145+0900] {standard_task_runner.py:64} INFO - Started process 150158 to run task
[2024-08-02T16:58:33.149+0900] {standard_task_runner.py:90} INFO - Running: ['airflow', 'tasks', 'run', 'movie', 'get.data', 'scheduled__2017-01-01T05:55:00+00:00', '--job-id', '66', '--raw', '--subdir', 'DAGS_FOLDER/movie.py', '--cfg-path', '/tmp/tmp128ahaw9']
[2024-08-02T16:58:33.150+0900] {standard_task_runner.py:91} INFO - Job 66: Subtask get.data
[2024-08-02T16:58:33.189+0900] {task_command.py:426} INFO - Running <TaskInstance: movie.get.data scheduled__2017-01-01T05:55:00+00:00 [running]> on host playdata.
[2024-08-02T16:58:33.258+0900] {taskinstance.py:2648} INFO - Exporting env vars: AIRFLOW_CTX_DAG_OWNER='airflow' AIRFLOW_CTX_DAG_ID='movie' AIRFLOW_CTX_TASK_ID='get.data' AIRFLOW_CTX_EXECUTION_DATE='2017-01-01T05:55:00+00:00' AIRFLOW_CTX_TRY_NUMBER='1' AIRFLOW_CTX_DAG_RUN_ID='scheduled__2017-01-01T05:55:00+00:00'
[2024-08-02T16:58:33.259+0900] {taskinstance.py:430} INFO - ::endgroup::
[2024-08-02T16:58:33.268+0900] {baseoperator.py:400} WARNING - PythonVirtualenvOperator.execute cannot be called outside TaskInstance!
[2024-08-02T16:58:33.269+0900] {process_utils.py:183} INFO - Executing cmd: /home/oddsummer/.pyenv/versions/3.11.9/envs/air/bin/python -m virtualenv /tmp/venv_bo6kmug --python=python
[2024-08-02T16:58:33.270+0900] {process_utils.py:187} INFO - Output:
[2024-08-02T16:58:33.694+0900] {process_utils.py:191} INFO - created virtual environment CPython3.11.9.final.0-64 in 312ms
[2024-08-02T16:58:33.694+0900] {process_utils.py:191} INFO -   creator CPython3Posix(dest=/tmp/venv_bo6kmug, clear=False, no_vcs_ignore=False, global=False)
[2024-08-02T16:58:33.694+0900] {process_utils.py:191} INFO -   seeder FromAppData(download=False, pip=bundle, setuptools=bundle, wheel=bundle, via=copy, app_data_dir=/home/oddsummer/.local/share/virtualenv)
[2024-08-02T16:58:33.694+0900] {process_utils.py:191} INFO -     added seed packages: pip==24.1.2, setuptools==70.2.0, wheel==0.43.0
[2024-08-02T16:58:33.695+0900] {process_utils.py:191} INFO -   activators BashActivator,CShellActivator,FishActivator,NushellActivator,PowerShellActivator,PythonActivator
[2024-08-02T16:58:33.728+0900] {process_utils.py:183} INFO - Executing cmd: /tmp/venv_bo6kmug/bin/pip install -r /tmp/venv_bo6kmug/requirements.txt
[2024-08-02T16:58:33.729+0900] {process_utils.py:187} INFO - Output:
[2024-08-02T16:58:34.843+0900] {process_utils.py:191} INFO - Collecting git+https://github.com/7-TRG/extract_trg.git@main (from -r /tmp/venv_bo6kmug/requirements.txt (line 1))
[2024-08-02T16:58:34.844+0900] {process_utils.py:191} INFO -   Cloning https://github.com/7-TRG/extract_trg.git (to revision main) to /tmp/pip-req-build-5wifn192
[2024-08-02T16:58:34.846+0900] {process_utils.py:191} INFO -   Running command git clone --filter=blob:none --quiet https://github.com/7-TRG/extract_trg.git /tmp/pip-req-build-5wifn192
[2024-08-02T16:58:36.438+0900] {process_utils.py:191} INFO -   Resolved https://github.com/7-TRG/extract_trg.git to commit 0712b3f1bbaeeeea58bf80749079a62c7e1bec3d
[2024-08-02T16:58:36.446+0900] {process_utils.py:191} INFO -   Installing build dependencies: started
[2024-08-02T16:58:38.470+0900] {process_utils.py:191} INFO -   Installing build dependencies: finished with status 'done'
[2024-08-02T16:58:38.471+0900] {process_utils.py:191} INFO -   Getting requirements to build wheel: started
[2024-08-02T16:58:38.713+0900] {process_utils.py:191} INFO -   Getting requirements to build wheel: finished with status 'done'
[2024-08-02T16:58:38.715+0900] {process_utils.py:191} INFO -   Preparing metadata (pyproject.toml): started
[2024-08-02T16:58:38.952+0900] {process_utils.py:191} INFO -   Preparing metadata (pyproject.toml): finished with status 'done'
[2024-08-02T16:58:38.955+0900] {process_utils.py:191} INFO - Building wheels for collected packages: extract_trg
[2024-08-02T16:58:38.959+0900] {process_utils.py:191} INFO -   Building wheel for extract_trg (pyproject.toml): started
[2024-08-02T16:58:39.206+0900] {process_utils.py:191} INFO -   Building wheel for extract_trg (pyproject.toml): finished with status 'done'
[2024-08-02T16:58:39.207+0900] {process_utils.py:191} INFO -   Created wheel for extract_trg: filename=extract_trg-0.1.0-py3-none-any.whl size=2219 sha256=92cf03a20b3edfeed186932bffa25d2f1e7878141b3cd2a3e75cd7d5d7298d9c
[2024-08-02T16:58:39.208+0900] {process_utils.py:191} INFO -   Stored in directory: /tmp/pip-ephem-wheel-cache-9tnuzqiu/wheels/21/97/ea/e27bc4298590f1b8a2b9c46b60aefbe2e3076cf05f6bd5e464
[2024-08-02T16:58:39.210+0900] {process_utils.py:191} INFO - Successfully built extract_trg
[2024-08-02T16:58:39.219+0900] {process_utils.py:191} INFO - Installing collected packages: extract_trg
[2024-08-02T16:58:39.249+0900] {process_utils.py:191} INFO - Successfully installed extract_trg-0.1.0
[2024-08-02T16:58:39.256+0900] {process_utils.py:191} INFO - 
[2024-08-02T16:58:39.256+0900] {process_utils.py:191} INFO - [notice] A new release of pip is available: 24.1.2 -> 24.2
[2024-08-02T16:58:39.256+0900] {process_utils.py:191} INFO - [notice] To update, run: python -m pip install --upgrade pip
[2024-08-02T16:58:39.348+0900] {process_utils.py:183} INFO - Executing cmd: /tmp/venv_bo6kmug/bin/python /tmp/venv-calleyd79pql/script.py /tmp/venv-calleyd79pql/script.in /tmp/venv-calleyd79pql/script.out /tmp/venv-calleyd79pql/string_args.txt /tmp/venv-calleyd79pql/termination.log
[2024-08-02T16:58:39.349+0900] {process_utils.py:187} INFO - Output:
[2024-08-02T16:58:39.370+0900] {process_utils.py:191} INFO - 
[2024-08-02T16:58:39.371+0900] {process_utils.py:191} INFO - ---------------======---::::::------+--=======++++++++++===--:...::-=--==============--:.....:-=====
[2024-08-02T16:58:39.371+0900] {process_utils.py:191} INFO - ----::---------------------===--::--+-----=============++++++===---:....--===============--:...:-===
[2024-08-02T16:58:39.371+0900] {process_utils.py:191} INFO - ----------------------------------=++----------------------=+===========-::.:-======================
[2024-08-02T16:58:39.371+0900] {process_utils.py:191} INFO - =----------------------------------==-----------------------=-----==============================+=--
[2024-08-02T16:58:39.372+0900] {process_utils.py:191} INFO - %%####=----------------------------==----------------------=-::::-----======+*%#++================::
[2024-08-02T16:58:39.372+0900] {process_utils.py:191} INFO - %%%%%#=----------------------------=-:---------------------=--==--------=====*#*=================-::
[2024-08-02T16:58:39.372+0900] {process_utils.py:191} INFO - @@%%%*-----------------+***++=-----=-::-------------------:+---------=====+++====================-::
[2024-08-02T16:58:39.372+0900] {process_utils.py:191} INFO - @@%%%*---------------#%%%%##%%#=---=-+##*#+----------------=------------=====+====-=--===========-::
[2024-08-02T16:58:39.373+0900] {process_utils.py:191} INFO - @@@%%+--=+*%%%+-----+%@@%#++%%%#=--=*%+===#+::----------::=-----------=+*##*++=-----------=======-::
[2024-08-02T16:58:39.373+0900] {process_utils.py:191} INFO - +++++=-+#+***#*=-----#*++**+#@@@*--+#+**+***-:=-:---=*+-::=-----==+++*######%%%#=-------------==-:::
[2024-08-02T16:58:39.373+0900] {process_utils.py:191} INFO - *******-:::-*=-------+===+=-=+#%%:-=++++=+==-:=-:::=%%#-::###=-*#%%%%%%%%%%%%%%%%+---------------:::
[2024-08-02T16:58:39.373+0900] {process_utils.py:191} INFO - =====+=:--::+---+--+**++++*+++#%*-=--**++++-:=++=::+#*-::=%%%#*#%%%%%%%%@@%%%%@@%%#====------+#%%=-*
[2024-08-02T16:58:39.374+0900] {process_utils.py:191} INFO - =-==++---=+==*#%%%%%%=*++++++++==-=-*##*+=##**++=--++-:--*=-=*#%%%@%###*###*+++*%%%*=============-#%
[2024-08-02T16:58:39.374+0900] {process_utils.py:191} INFO - +-=------=*%%%%@%@@@@***=+*#+*##*#%%@@**++%@%%%%*+=--=-=+-:--:#%@@%#*****###*+---+*++#**===---=++*%@
[2024-08-02T16:58:39.374+0900] {process_utils.py:191} INFO - --==-::-*%%%@@@@@@@%#*=-+++%@%##%%@@@@@%#%@@@%%@%%%*=--=#%####-%@%%####++++++=---==++*####*+++*%@%@@
[2024-08-02T16:58:39.374+0900] {process_utils.py:191} INFO - -=*+=-=#@@@@@@@@@#*+++++*@@@@@@@@@@@@@@@@@@@@@@@@@@@#+==-+*+#=:-+#%##**==++**+++=====+*###*+**#@%##%
[2024-08-02T16:58:39.374+0900] {process_utils.py:191} INFO - -=++-+%%@%@@@@%+=-++***#@@@@@@@@@@@@%:+@@*%+=%@@@@@@%%#%%#*=+--:-=#++**%#*+=+++++===+**####=*%%%%%%%
[2024-08-02T16:58:39.375+0900] {process_utils.py:191} INFO - -=++#%%####+-:---=*%%@@%#######**++++=+++++++++%%=+%@@%##*+==-=++=+*****##*===+++++==*#####*+#%%##%%
[2024-08-02T16:58:39.375+0900] {process_utils.py:191} INFO - -=*+=---==+=-::::-*@@@%+=======++++++++++++++*#%#**%%%*==-+*=--+==*****#**+=====+++++=***+++=+==::::
[2024-08-02T16:58:39.375+0900] {process_utils.py:191} INFO - =#*=++++++*###**==*@@@%=======++++++++*@@@@@@@@%%#####-:=+----==******##****+++++***==-=+=:::.::::::
[2024-08-02T16:58:39.375+0900] {process_utils.py:191} INFO - #%*+*++++**##*###*+#@@#=========++++==*%%%%%%%%######*=-----==+*********##########*+====::::::::::::
[2024-08-02T16:58:39.375+0900] {process_utils.py:191} INFO - ++++*#%%@%*##*##***%@@*===============+%##%%######%%%%*==-===+*********+=+*#######*++++-:::--::-----
[2024-08-02T16:58:39.375+0900] {process_utils.py:191} INFO - ===+*#%@@%*##**#**+=--================+%%#%%###%#%%%%%#======*#######*-:-++*####*****++:------------
[2024-08-02T16:58:39.375+0900] {process_utils.py:191} INFO - =+=------=##**##**+=--================+%%#%%###%%#%%%%%+=====+###**++==----:-*####****=------==-====
[2024-08-02T16:58:39.375+0900] {process_utils.py:191} INFO - 
[2024-08-02T16:58:39.397+0900] {python.py:237} INFO - Done. Returned value was: None
[2024-08-02T16:58:39.397+0900] {taskinstance.py:441} INFO - ::group::Post task execution logs
[2024-08-02T16:58:39.401+0900] {taskinstance.py:1206} INFO - Marking task as SUCCESS. dag_id=movie, task_id=get.data, run_id=scheduled__2017-01-01T05:55:00+00:00, execution_date=20170101T055500, start_date=20240802T075833, end_date=20240802T075839
[2024-08-02T16:58:39.453+0900] {local_task_job_runner.py:243} INFO - Task exited with return code 0
[2024-08-02T16:58:39.467+0900] {taskinstance.py:3503} INFO - 0 downstream tasks scheduled from follow-on schedule check
[2024-08-02T16:58:39.468+0900] {local_task_job_runner.py:222} INFO - ::endgroup::
