[2024-08-02T17:38:37.789+0900] {local_task_job_runner.py:120} INFO - ::group::Pre task execution logs
[2024-08-02T17:38:37.814+0900] {taskinstance.py:2076} INFO - Dependencies all met for dep_context=non-requeueable deps ti=<TaskInstance: movie.extract scheduled__2017-01-05T05:10:00+00:00 [queued]>
[2024-08-02T17:38:37.820+0900] {taskinstance.py:2076} INFO - Dependencies all met for dep_context=requeueable deps ti=<TaskInstance: movie.extract scheduled__2017-01-05T05:10:00+00:00 [queued]>
[2024-08-02T17:38:37.820+0900] {taskinstance.py:2306} INFO - Starting attempt 1 of 3
[2024-08-02T17:38:37.836+0900] {taskinstance.py:2330} INFO - Executing <Task(PythonVirtualenvOperator): extract> on 2017-01-05 05:10:00+00:00
[2024-08-02T17:38:37.838+0900] {standard_task_runner.py:64} INFO - Started process 172001 to run task
[2024-08-02T17:38:37.841+0900] {standard_task_runner.py:90} INFO - Running: ['airflow', 'tasks', 'run', 'movie', 'extract', 'scheduled__2017-01-05T05:10:00+00:00', '--job-id', '276', '--raw', '--subdir', 'DAGS_FOLDER/movie.py', '--cfg-path', '/tmp/tmp9nekw4np']
[2024-08-02T17:38:37.843+0900] {standard_task_runner.py:91} INFO - Job 276: Subtask extract
[2024-08-02T17:38:37.879+0900] {task_command.py:426} INFO - Running <TaskInstance: movie.extract scheduled__2017-01-05T05:10:00+00:00 [running]> on host playdata.
[2024-08-02T17:38:37.949+0900] {taskinstance.py:2648} INFO - Exporting env vars: AIRFLOW_CTX_DAG_OWNER='airflow' AIRFLOW_CTX_DAG_ID='movie' AIRFLOW_CTX_TASK_ID='extract' AIRFLOW_CTX_EXECUTION_DATE='2017-01-05T05:10:00+00:00' AIRFLOW_CTX_TRY_NUMBER='1' AIRFLOW_CTX_DAG_RUN_ID='scheduled__2017-01-05T05:10:00+00:00'
[2024-08-02T17:38:37.950+0900] {taskinstance.py:430} INFO - ::endgroup::
[2024-08-02T17:38:37.959+0900] {baseoperator.py:400} WARNING - PythonVirtualenvOperator.execute cannot be called outside TaskInstance!
[2024-08-02T17:38:37.960+0900] {process_utils.py:183} INFO - Executing cmd: /home/oddsummer/.pyenv/versions/3.11.9/envs/air/bin/python -m virtualenv /tmp/venvgtvytvky --python=python
[2024-08-02T17:38:37.961+0900] {process_utils.py:187} INFO - Output:
[2024-08-02T17:38:38.296+0900] {process_utils.py:191} INFO - created virtual environment CPython3.11.9.final.0-64 in 228ms
[2024-08-02T17:38:38.296+0900] {process_utils.py:191} INFO -   creator CPython3Posix(dest=/tmp/venvgtvytvky, clear=False, no_vcs_ignore=False, global=False)
[2024-08-02T17:38:38.297+0900] {process_utils.py:191} INFO -   seeder FromAppData(download=False, pip=bundle, setuptools=bundle, wheel=bundle, via=copy, app_data_dir=/home/oddsummer/.local/share/virtualenv)
[2024-08-02T17:38:38.297+0900] {process_utils.py:191} INFO -     added seed packages: pip==24.1.2, setuptools==70.2.0, wheel==0.43.0
[2024-08-02T17:38:38.297+0900] {process_utils.py:191} INFO -   activators BashActivator,CShellActivator,FishActivator,NushellActivator,PowerShellActivator,PythonActivator
[2024-08-02T17:38:38.321+0900] {process_utils.py:183} INFO - Executing cmd: /tmp/venvgtvytvky/bin/pip install -r /tmp/venvgtvytvky/requirements.txt
[2024-08-02T17:38:38.322+0900] {process_utils.py:187} INFO - Output:
[2024-08-02T17:38:39.247+0900] {process_utils.py:191} INFO - Collecting git+https://github.com/7-TRG/extract_trg.git@main (from -r /tmp/venvgtvytvky/requirements.txt (line 1))
[2024-08-02T17:38:39.248+0900] {process_utils.py:191} INFO -   Cloning https://github.com/7-TRG/extract_trg.git (to revision main) to /tmp/pip-req-build-qxg0d5qp
[2024-08-02T17:38:39.251+0900] {process_utils.py:191} INFO -   Running command git clone --filter=blob:none --quiet https://github.com/7-TRG/extract_trg.git /tmp/pip-req-build-qxg0d5qp
[2024-08-02T17:38:41.153+0900] {process_utils.py:191} INFO -   Resolved https://github.com/7-TRG/extract_trg.git to commit 0712b3f1bbaeeeea58bf80749079a62c7e1bec3d
[2024-08-02T17:38:41.161+0900] {process_utils.py:191} INFO -   Installing build dependencies: started
[2024-08-02T17:38:43.021+0900] {process_utils.py:191} INFO -   Installing build dependencies: finished with status 'done'
[2024-08-02T17:38:43.022+0900] {process_utils.py:191} INFO -   Getting requirements to build wheel: started
[2024-08-02T17:38:43.257+0900] {process_utils.py:191} INFO -   Getting requirements to build wheel: finished with status 'done'
[2024-08-02T17:38:43.258+0900] {process_utils.py:191} INFO -   Preparing metadata (pyproject.toml): started
[2024-08-02T17:38:43.516+0900] {process_utils.py:191} INFO -   Preparing metadata (pyproject.toml): finished with status 'done'
[2024-08-02T17:38:43.519+0900] {process_utils.py:191} INFO - Building wheels for collected packages: extract_trg
[2024-08-02T17:38:43.522+0900] {process_utils.py:191} INFO -   Building wheel for extract_trg (pyproject.toml): started
[2024-08-02T17:38:43.778+0900] {process_utils.py:191} INFO -   Building wheel for extract_trg (pyproject.toml): finished with status 'done'
[2024-08-02T17:38:43.779+0900] {process_utils.py:191} INFO -   Created wheel for extract_trg: filename=extract_trg-0.1.0-py3-none-any.whl size=2219 sha256=c24d812841bd7813ed7729129b73d43ea29dfac470df9a8819ae841e83490c71
[2024-08-02T17:38:43.779+0900] {process_utils.py:191} INFO -   Stored in directory: /tmp/pip-ephem-wheel-cache-pmozgdmh/wheels/21/97/ea/e27bc4298590f1b8a2b9c46b60aefbe2e3076cf05f6bd5e464
[2024-08-02T17:38:43.781+0900] {process_utils.py:191} INFO - Successfully built extract_trg
[2024-08-02T17:38:43.790+0900] {process_utils.py:191} INFO - Installing collected packages: extract_trg
[2024-08-02T17:38:43.809+0900] {process_utils.py:191} INFO - Successfully installed extract_trg-0.1.0
[2024-08-02T17:38:43.814+0900] {process_utils.py:191} INFO - 
[2024-08-02T17:38:43.815+0900] {process_utils.py:191} INFO - [notice] A new release of pip is available: 24.1.2 -> 24.2
[2024-08-02T17:38:43.815+0900] {process_utils.py:191} INFO - [notice] To update, run: python -m pip install --upgrade pip
[2024-08-02T17:38:43.919+0900] {process_utils.py:183} INFO - Executing cmd: /tmp/venvgtvytvky/bin/python /tmp/venv-call7sd0sgom/script.py /tmp/venv-call7sd0sgom/script.in /tmp/venv-call7sd0sgom/script.out /tmp/venv-call7sd0sgom/string_args.txt /tmp/venv-call7sd0sgom/termination.log
[2024-08-02T17:38:43.920+0900] {process_utils.py:187} INFO - Output:
[2024-08-02T17:38:43.941+0900] {process_utils.py:191} INFO - 
[2024-08-02T17:38:43.942+0900] {process_utils.py:191} INFO - ---------------======---::::::------+--=======++++++++++===--:...::-=--==============--:.....:-=====
[2024-08-02T17:38:43.942+0900] {process_utils.py:191} INFO - ----::---------------------===--::--+-----=============++++++===---:....--===============--:...:-===
[2024-08-02T17:38:43.942+0900] {process_utils.py:191} INFO - ----------------------------------=++----------------------=+===========-::.:-======================
[2024-08-02T17:38:43.942+0900] {process_utils.py:191} INFO - =----------------------------------==-----------------------=-----==============================+=--
[2024-08-02T17:38:43.942+0900] {process_utils.py:191} INFO - %%####=----------------------------==----------------------=-::::-----======+*%#++================::
[2024-08-02T17:38:43.943+0900] {process_utils.py:191} INFO - %%%%%#=----------------------------=-:---------------------=--==--------=====*#*=================-::
[2024-08-02T17:38:43.943+0900] {process_utils.py:191} INFO - @@%%%*-----------------+***++=-----=-::-------------------:+---------=====+++====================-::
[2024-08-02T17:38:43.943+0900] {process_utils.py:191} INFO - @@%%%*---------------#%%%%##%%#=---=-+##*#+----------------=------------=====+====-=--===========-::
[2024-08-02T17:38:43.943+0900] {process_utils.py:191} INFO - @@@%%+--=+*%%%+-----+%@@%#++%%%#=--=*%+===#+::----------::=-----------=+*##*++=-----------=======-::
[2024-08-02T17:38:43.943+0900] {process_utils.py:191} INFO - +++++=-+#+***#*=-----#*++**+#@@@*--+#+**+***-:=-:---=*+-::=-----==+++*######%%%#=-------------==-:::
[2024-08-02T17:38:43.943+0900] {process_utils.py:191} INFO - *******-:::-*=-------+===+=-=+#%%:-=++++=+==-:=-:::=%%#-::###=-*#%%%%%%%%%%%%%%%%+---------------:::
[2024-08-02T17:38:43.943+0900] {process_utils.py:191} INFO - =====+=:--::+---+--+**++++*+++#%*-=--**++++-:=++=::+#*-::=%%%#*#%%%%%%%%@@%%%%@@%%#====------+#%%=-*
[2024-08-02T17:38:43.943+0900] {process_utils.py:191} INFO - =-==++---=+==*#%%%%%%=*++++++++==-=-*##*+=##**++=--++-:--*=-=*#%%%@%###*###*+++*%%%*=============-#%
[2024-08-02T17:38:43.943+0900] {process_utils.py:191} INFO - +-=------=*%%%%@%@@@@***=+*#+*##*#%%@@**++%@%%%%*+=--=-=+-:--:#%@@%#*****###*+---+*++#**===---=++*%@
[2024-08-02T17:38:43.944+0900] {process_utils.py:191} INFO - --==-::-*%%%@@@@@@@%#*=-+++%@%##%%@@@@@%#%@@@%%@%%%*=--=#%####-%@%%####++++++=---==++*####*+++*%@%@@
[2024-08-02T17:38:43.944+0900] {process_utils.py:191} INFO - -=*+=-=#@@@@@@@@@#*+++++*@@@@@@@@@@@@@@@@@@@@@@@@@@@#+==-+*+#=:-+#%##**==++**+++=====+*###*+**#@%##%
[2024-08-02T17:38:43.944+0900] {process_utils.py:191} INFO - -=++-+%%@%@@@@%+=-++***#@@@@@@@@@@@@%:+@@*%+=%@@@@@@%%#%%#*=+--:-=#++**%#*+=+++++===+**####=*%%%%%%%
[2024-08-02T17:38:43.944+0900] {process_utils.py:191} INFO - -=++#%%####+-:---=*%%@@%#######**++++=+++++++++%%=+%@@%##*+==-=++=+*****##*===+++++==*#####*+#%%##%%
[2024-08-02T17:38:43.944+0900] {process_utils.py:191} INFO - -=*+=---==+=-::::-*@@@%+=======++++++++++++++*#%#**%%%*==-+*=--+==*****#**+=====+++++=***+++=+==::::
[2024-08-02T17:38:43.944+0900] {process_utils.py:191} INFO - =#*=++++++*###**==*@@@%=======++++++++*@@@@@@@@%%#####-:=+----==******##****+++++***==-=+=:::.::::::
[2024-08-02T17:38:43.944+0900] {process_utils.py:191} INFO - #%*+*++++**##*###*+#@@#=========++++==*%%%%%%%%######*=-----==+*********##########*+====::::::::::::
[2024-08-02T17:38:43.945+0900] {process_utils.py:191} INFO - ++++*#%%@%*##*##***%@@*===============+%##%%######%%%%*==-===+*********+=+*#######*++++-:::--::-----
[2024-08-02T17:38:43.945+0900] {process_utils.py:191} INFO - ===+*#%@@%*##**#**+=--================+%%#%%###%#%%%%%#======*#######*-:-++*####*****++:------------
[2024-08-02T17:38:43.945+0900] {process_utils.py:191} INFO - =+=------=##**##**+=--================+%%#%%###%%#%%%%%+=====+###**++==----:-*####****=------==-====
[2024-08-02T17:38:43.945+0900] {process_utils.py:191} INFO - 
[2024-08-02T17:38:43.967+0900] {python.py:237} INFO - Done. Returned value was: None
[2024-08-02T17:38:43.967+0900] {taskinstance.py:441} INFO - ::group::Post task execution logs
[2024-08-02T17:38:43.972+0900] {taskinstance.py:1206} INFO - Marking task as SUCCESS. dag_id=movie, task_id=extract, run_id=scheduled__2017-01-05T05:10:00+00:00, execution_date=20170105T051000, start_date=20240802T083837, end_date=20240802T083843
[2024-08-02T17:38:44.016+0900] {local_task_job_runner.py:243} INFO - Task exited with return code 0
[2024-08-02T17:38:44.036+0900] {taskinstance.py:3503} INFO - 1 downstream tasks scheduled from follow-on schedule check
[2024-08-02T17:38:44.043+0900] {local_task_job_runner.py:222} INFO - ::endgroup::
