[2024-08-02T16:53:39.931+0900] {local_task_job_runner.py:120} INFO - ::group::Pre task execution logs
[2024-08-02T16:53:39.953+0900] {taskinstance.py:2076} INFO - Dependencies all met for dep_context=non-requeueable deps ti=<TaskInstance: movie.get.data scheduled__2017-01-01T05:29:00+00:00 [queued]>
[2024-08-02T16:53:39.959+0900] {taskinstance.py:2076} INFO - Dependencies all met for dep_context=requeueable deps ti=<TaskInstance: movie.get.data scheduled__2017-01-01T05:29:00+00:00 [queued]>
[2024-08-02T16:53:39.959+0900] {taskinstance.py:2306} INFO - Starting attempt 1 of 3
[2024-08-02T16:53:39.977+0900] {taskinstance.py:2330} INFO - Executing <Task(PythonVirtualenvOperator): get.data> on 2017-01-01 05:29:00+00:00
[2024-08-02T16:53:39.980+0900] {standard_task_runner.py:64} INFO - Started process 146720 to run task
[2024-08-02T16:53:39.983+0900] {standard_task_runner.py:90} INFO - Running: ['airflow', 'tasks', 'run', 'movie', 'get.data', 'scheduled__2017-01-01T05:29:00+00:00', '--job-id', '40', '--raw', '--subdir', 'DAGS_FOLDER/movie.py', '--cfg-path', '/tmp/tmpyu9eiptq']
[2024-08-02T16:53:39.985+0900] {standard_task_runner.py:91} INFO - Job 40: Subtask get.data
[2024-08-02T16:53:40.024+0900] {task_command.py:426} INFO - Running <TaskInstance: movie.get.data scheduled__2017-01-01T05:29:00+00:00 [running]> on host playdata.
[2024-08-02T16:53:40.092+0900] {taskinstance.py:2648} INFO - Exporting env vars: AIRFLOW_CTX_DAG_OWNER='airflow' AIRFLOW_CTX_DAG_ID='movie' AIRFLOW_CTX_TASK_ID='get.data' AIRFLOW_CTX_EXECUTION_DATE='2017-01-01T05:29:00+00:00' AIRFLOW_CTX_TRY_NUMBER='1' AIRFLOW_CTX_DAG_RUN_ID='scheduled__2017-01-01T05:29:00+00:00'
[2024-08-02T16:53:40.093+0900] {taskinstance.py:430} INFO - ::endgroup::
[2024-08-02T16:53:40.104+0900] {baseoperator.py:400} WARNING - PythonVirtualenvOperator.execute cannot be called outside TaskInstance!
[2024-08-02T16:53:40.104+0900] {process_utils.py:183} INFO - Executing cmd: /home/oddsummer/.pyenv/versions/3.11.9/envs/air/bin/python -m virtualenv /tmp/venv0tk3ofj4 --python=python
[2024-08-02T16:53:40.105+0900] {process_utils.py:187} INFO - Output:
[2024-08-02T16:53:40.514+0900] {process_utils.py:191} INFO - created virtual environment CPython3.11.9.final.0-64 in 297ms
[2024-08-02T16:53:40.514+0900] {process_utils.py:191} INFO -   creator CPython3Posix(dest=/tmp/venv0tk3ofj4, clear=False, no_vcs_ignore=False, global=False)
[2024-08-02T16:53:40.514+0900] {process_utils.py:191} INFO -   seeder FromAppData(download=False, pip=bundle, setuptools=bundle, wheel=bundle, via=copy, app_data_dir=/home/oddsummer/.local/share/virtualenv)
[2024-08-02T16:53:40.515+0900] {process_utils.py:191} INFO -     added seed packages: pip==24.1.2, setuptools==70.2.0, wheel==0.43.0
[2024-08-02T16:53:40.515+0900] {process_utils.py:191} INFO -   activators BashActivator,CShellActivator,FishActivator,NushellActivator,PowerShellActivator,PythonActivator
[2024-08-02T16:53:40.539+0900] {process_utils.py:183} INFO - Executing cmd: /tmp/venv0tk3ofj4/bin/pip install -r /tmp/venv0tk3ofj4/requirements.txt
[2024-08-02T16:53:40.540+0900] {process_utils.py:187} INFO - Output:
[2024-08-02T16:53:41.471+0900] {process_utils.py:191} INFO - Collecting git+https://github.com/7-TRG/extract_trg.git@main (from -r /tmp/venv0tk3ofj4/requirements.txt (line 1))
[2024-08-02T16:53:41.472+0900] {process_utils.py:191} INFO -   Cloning https://github.com/7-TRG/extract_trg.git (to revision main) to /tmp/pip-req-build-bqlyo8v0
[2024-08-02T16:53:41.475+0900] {process_utils.py:191} INFO -   Running command git clone --filter=blob:none --quiet https://github.com/7-TRG/extract_trg.git /tmp/pip-req-build-bqlyo8v0
[2024-08-02T16:53:43.379+0900] {process_utils.py:191} INFO -   Resolved https://github.com/7-TRG/extract_trg.git to commit 0712b3f1bbaeeeea58bf80749079a62c7e1bec3d
[2024-08-02T16:53:43.386+0900] {process_utils.py:191} INFO -   Installing build dependencies: started
[2024-08-02T16:53:45.250+0900] {process_utils.py:191} INFO -   Installing build dependencies: finished with status 'done'
[2024-08-02T16:53:45.251+0900] {process_utils.py:191} INFO -   Getting requirements to build wheel: started
[2024-08-02T16:53:45.509+0900] {process_utils.py:191} INFO -   Getting requirements to build wheel: finished with status 'done'
[2024-08-02T16:53:45.511+0900] {process_utils.py:191} INFO -   Preparing metadata (pyproject.toml): started
[2024-08-02T16:53:45.757+0900] {process_utils.py:191} INFO -   Preparing metadata (pyproject.toml): finished with status 'done'
[2024-08-02T16:53:45.759+0900] {process_utils.py:191} INFO - Building wheels for collected packages: extract_trg
[2024-08-02T16:53:45.763+0900] {process_utils.py:191} INFO -   Building wheel for extract_trg (pyproject.toml): started
[2024-08-02T16:53:46.031+0900] {process_utils.py:191} INFO -   Building wheel for extract_trg (pyproject.toml): finished with status 'done'
[2024-08-02T16:53:46.032+0900] {process_utils.py:191} INFO -   Created wheel for extract_trg: filename=extract_trg-0.1.0-py3-none-any.whl size=2219 sha256=c558a61f4088b32c137700539328f6dcd8f6ae26e858118f78ec99e503344c7b
[2024-08-02T16:53:46.033+0900] {process_utils.py:191} INFO -   Stored in directory: /tmp/pip-ephem-wheel-cache-b9q47mn6/wheels/21/97/ea/e27bc4298590f1b8a2b9c46b60aefbe2e3076cf05f6bd5e464
[2024-08-02T16:53:46.035+0900] {process_utils.py:191} INFO - Successfully built extract_trg
[2024-08-02T16:53:46.044+0900] {process_utils.py:191} INFO - Installing collected packages: extract_trg
[2024-08-02T16:53:46.059+0900] {process_utils.py:191} INFO - Successfully installed extract_trg-0.1.0
[2024-08-02T16:53:46.065+0900] {process_utils.py:191} INFO - 
[2024-08-02T16:53:46.065+0900] {process_utils.py:191} INFO - [notice] A new release of pip is available: 24.1.2 -> 24.2
[2024-08-02T16:53:46.065+0900] {process_utils.py:191} INFO - [notice] To update, run: python -m pip install --upgrade pip
[2024-08-02T16:53:46.164+0900] {process_utils.py:183} INFO - Executing cmd: /tmp/venv0tk3ofj4/bin/python /tmp/venv-callpigj0aop/script.py /tmp/venv-callpigj0aop/script.in /tmp/venv-callpigj0aop/script.out /tmp/venv-callpigj0aop/string_args.txt /tmp/venv-callpigj0aop/termination.log
[2024-08-02T16:53:46.164+0900] {process_utils.py:187} INFO - Output:
[2024-08-02T16:53:46.184+0900] {process_utils.py:191} INFO - 
[2024-08-02T16:53:46.184+0900] {process_utils.py:191} INFO - ---------------======---::::::------+--=======++++++++++===--:...::-=--==============--:.....:-=====
[2024-08-02T16:53:46.184+0900] {process_utils.py:191} INFO - ----::---------------------===--::--+-----=============++++++===---:....--===============--:...:-===
[2024-08-02T16:53:46.184+0900] {process_utils.py:191} INFO - ----------------------------------=++----------------------=+===========-::.:-======================
[2024-08-02T16:53:46.185+0900] {process_utils.py:191} INFO - =----------------------------------==-----------------------=-----==============================+=--
[2024-08-02T16:53:46.185+0900] {process_utils.py:191} INFO - %%####=----------------------------==----------------------=-::::-----======+*%#++================::
[2024-08-02T16:53:46.185+0900] {process_utils.py:191} INFO - %%%%%#=----------------------------=-:---------------------=--==--------=====*#*=================-::
[2024-08-02T16:53:46.185+0900] {process_utils.py:191} INFO - @@%%%*-----------------+***++=-----=-::-------------------:+---------=====+++====================-::
[2024-08-02T16:53:46.185+0900] {process_utils.py:191} INFO - @@%%%*---------------#%%%%##%%#=---=-+##*#+----------------=------------=====+====-=--===========-::
[2024-08-02T16:53:46.185+0900] {process_utils.py:191} INFO - @@@%%+--=+*%%%+-----+%@@%#++%%%#=--=*%+===#+::----------::=-----------=+*##*++=-----------=======-::
[2024-08-02T16:53:46.185+0900] {process_utils.py:191} INFO - +++++=-+#+***#*=-----#*++**+#@@@*--+#+**+***-:=-:---=*+-::=-----==+++*######%%%#=-------------==-:::
[2024-08-02T16:53:46.186+0900] {process_utils.py:191} INFO - *******-:::-*=-------+===+=-=+#%%:-=++++=+==-:=-:::=%%#-::###=-*#%%%%%%%%%%%%%%%%+---------------:::
[2024-08-02T16:53:46.186+0900] {process_utils.py:191} INFO - =====+=:--::+---+--+**++++*+++#%*-=--**++++-:=++=::+#*-::=%%%#*#%%%%%%%%@@%%%%@@%%#====------+#%%=-*
[2024-08-02T16:53:46.186+0900] {process_utils.py:191} INFO - =-==++---=+==*#%%%%%%=*++++++++==-=-*##*+=##**++=--++-:--*=-=*#%%%@%###*###*+++*%%%*=============-#%
[2024-08-02T16:53:46.186+0900] {process_utils.py:191} INFO - +-=------=*%%%%@%@@@@***=+*#+*##*#%%@@**++%@%%%%*+=--=-=+-:--:#%@@%#*****###*+---+*++#**===---=++*%@
[2024-08-02T16:53:46.186+0900] {process_utils.py:191} INFO - --==-::-*%%%@@@@@@@%#*=-+++%@%##%%@@@@@%#%@@@%%@%%%*=--=#%####-%@%%####++++++=---==++*####*+++*%@%@@
[2024-08-02T16:53:46.186+0900] {process_utils.py:191} INFO - -=*+=-=#@@@@@@@@@#*+++++*@@@@@@@@@@@@@@@@@@@@@@@@@@@#+==-+*+#=:-+#%##**==++**+++=====+*###*+**#@%##%
[2024-08-02T16:53:46.186+0900] {process_utils.py:191} INFO - -=++-+%%@%@@@@%+=-++***#@@@@@@@@@@@@%:+@@*%+=%@@@@@@%%#%%#*=+--:-=#++**%#*+=+++++===+**####=*%%%%%%%
[2024-08-02T16:53:46.186+0900] {process_utils.py:191} INFO - -=++#%%####+-:---=*%%@@%#######**++++=+++++++++%%=+%@@%##*+==-=++=+*****##*===+++++==*#####*+#%%##%%
[2024-08-02T16:53:46.187+0900] {process_utils.py:191} INFO - -=*+=---==+=-::::-*@@@%+=======++++++++++++++*#%#**%%%*==-+*=--+==*****#**+=====+++++=***+++=+==::::
[2024-08-02T16:53:46.187+0900] {process_utils.py:191} INFO - =#*=++++++*###**==*@@@%=======++++++++*@@@@@@@@%%#####-:=+----==******##****+++++***==-=+=:::.::::::
[2024-08-02T16:53:46.187+0900] {process_utils.py:191} INFO - #%*+*++++**##*###*+#@@#=========++++==*%%%%%%%%######*=-----==+*********##########*+====::::::::::::
[2024-08-02T16:53:46.187+0900] {process_utils.py:191} INFO - ++++*#%%@%*##*##***%@@*===============+%##%%######%%%%*==-===+*********+=+*#######*++++-:::--::-----
[2024-08-02T16:53:46.187+0900] {process_utils.py:191} INFO - ===+*#%@@%*##**#**+=--================+%%#%%###%#%%%%%#======*#######*-:-++*####*****++:------------
[2024-08-02T16:53:46.187+0900] {process_utils.py:191} INFO - =+=------=##**##**+=--================+%%#%%###%%#%%%%%+=====+###**++==----:-*####****=------==-====
[2024-08-02T16:53:46.187+0900] {process_utils.py:191} INFO - 
[2024-08-02T16:53:46.210+0900] {python.py:237} INFO - Done. Returned value was: None
[2024-08-02T16:53:46.210+0900] {taskinstance.py:441} INFO - ::group::Post task execution logs
[2024-08-02T16:53:46.214+0900] {taskinstance.py:1206} INFO - Marking task as SUCCESS. dag_id=movie, task_id=get.data, run_id=scheduled__2017-01-01T05:29:00+00:00, execution_date=20170101T052900, start_date=20240802T075339, end_date=20240802T075346
[2024-08-02T16:53:46.245+0900] {local_task_job_runner.py:243} INFO - Task exited with return code 0
[2024-08-02T16:53:46.256+0900] {taskinstance.py:3503} INFO - 0 downstream tasks scheduled from follow-on schedule check
[2024-08-02T16:53:46.256+0900] {local_task_job_runner.py:222} INFO - ::endgroup::
