[2024-08-02T17:46:16.085+0900] {local_task_job_runner.py:120} INFO - ::group::Pre task execution logs
[2024-08-02T17:46:16.105+0900] {taskinstance.py:2076} INFO - Dependencies all met for dep_context=non-requeueable deps ti=<TaskInstance: movie.extract scheduled__2017-01-05T05:26:00+00:00 [queued]>
[2024-08-02T17:46:16.114+0900] {taskinstance.py:2076} INFO - Dependencies all met for dep_context=requeueable deps ti=<TaskInstance: movie.extract scheduled__2017-01-05T05:26:00+00:00 [queued]>
[2024-08-02T17:46:16.115+0900] {taskinstance.py:2306} INFO - Starting attempt 1 of 3
[2024-08-02T17:46:16.132+0900] {taskinstance.py:2330} INFO - Executing <Task(PythonVirtualenvOperator): extract> on 2017-01-05 05:26:00+00:00
[2024-08-02T17:46:16.135+0900] {standard_task_runner.py:64} INFO - Started process 176418 to run task
[2024-08-02T17:46:16.138+0900] {standard_task_runner.py:90} INFO - Running: ['airflow', 'tasks', 'run', 'movie', 'extract', 'scheduled__2017-01-05T05:26:00+00:00', '--job-id', '324', '--raw', '--subdir', 'DAGS_FOLDER/movie.py', '--cfg-path', '/tmp/tmp7gukjhd2']
[2024-08-02T17:46:16.139+0900] {standard_task_runner.py:91} INFO - Job 324: Subtask extract
[2024-08-02T17:46:16.178+0900] {task_command.py:426} INFO - Running <TaskInstance: movie.extract scheduled__2017-01-05T05:26:00+00:00 [running]> on host playdata.
[2024-08-02T17:46:16.243+0900] {taskinstance.py:2648} INFO - Exporting env vars: AIRFLOW_CTX_DAG_OWNER='airflow' AIRFLOW_CTX_DAG_ID='movie' AIRFLOW_CTX_TASK_ID='extract' AIRFLOW_CTX_EXECUTION_DATE='2017-01-05T05:26:00+00:00' AIRFLOW_CTX_TRY_NUMBER='1' AIRFLOW_CTX_DAG_RUN_ID='scheduled__2017-01-05T05:26:00+00:00'
[2024-08-02T17:46:16.244+0900] {taskinstance.py:430} INFO - ::endgroup::
[2024-08-02T17:46:16.257+0900] {baseoperator.py:400} WARNING - PythonVirtualenvOperator.execute cannot be called outside TaskInstance!
[2024-08-02T17:46:16.258+0900] {process_utils.py:183} INFO - Executing cmd: /home/oddsummer/.pyenv/versions/3.11.9/envs/air/bin/python -m virtualenv /tmp/venvsn6zw9aq --python=python
[2024-08-02T17:46:16.258+0900] {process_utils.py:187} INFO - Output:
[2024-08-02T17:46:16.601+0900] {process_utils.py:191} INFO - created virtual environment CPython3.11.9.final.0-64 in 234ms
[2024-08-02T17:46:16.601+0900] {process_utils.py:191} INFO -   creator CPython3Posix(dest=/tmp/venvsn6zw9aq, clear=False, no_vcs_ignore=False, global=False)
[2024-08-02T17:46:16.601+0900] {process_utils.py:191} INFO -   seeder FromAppData(download=False, pip=bundle, setuptools=bundle, wheel=bundle, via=copy, app_data_dir=/home/oddsummer/.local/share/virtualenv)
[2024-08-02T17:46:16.601+0900] {process_utils.py:191} INFO -     added seed packages: pip==24.1.2, setuptools==70.2.0, wheel==0.43.0
[2024-08-02T17:46:16.602+0900] {process_utils.py:191} INFO -   activators BashActivator,CShellActivator,FishActivator,NushellActivator,PowerShellActivator,PythonActivator
[2024-08-02T17:46:16.629+0900] {process_utils.py:183} INFO - Executing cmd: /tmp/venvsn6zw9aq/bin/pip install -r /tmp/venvsn6zw9aq/requirements.txt
[2024-08-02T17:46:16.630+0900] {process_utils.py:187} INFO - Output:
[2024-08-02T17:46:17.556+0900] {process_utils.py:191} INFO - Collecting git+https://github.com/7-TRG/extract_trg.git@main (from -r /tmp/venvsn6zw9aq/requirements.txt (line 1))
[2024-08-02T17:46:17.557+0900] {process_utils.py:191} INFO -   Cloning https://github.com/7-TRG/extract_trg.git (to revision main) to /tmp/pip-req-build-3s5nxzke
[2024-08-02T17:46:17.560+0900] {process_utils.py:191} INFO -   Running command git clone --filter=blob:none --quiet https://github.com/7-TRG/extract_trg.git /tmp/pip-req-build-3s5nxzke
[2024-08-02T17:46:19.448+0900] {process_utils.py:191} INFO -   Resolved https://github.com/7-TRG/extract_trg.git to commit 0712b3f1bbaeeeea58bf80749079a62c7e1bec3d
[2024-08-02T17:46:19.454+0900] {process_utils.py:191} INFO -   Installing build dependencies: started
[2024-08-02T17:46:21.258+0900] {process_utils.py:191} INFO -   Installing build dependencies: finished with status 'done'
[2024-08-02T17:46:21.259+0900] {process_utils.py:191} INFO -   Getting requirements to build wheel: started
[2024-08-02T17:46:21.491+0900] {process_utils.py:191} INFO -   Getting requirements to build wheel: finished with status 'done'
[2024-08-02T17:46:21.493+0900] {process_utils.py:191} INFO -   Preparing metadata (pyproject.toml): started
[2024-08-02T17:46:21.729+0900] {process_utils.py:191} INFO -   Preparing metadata (pyproject.toml): finished with status 'done'
[2024-08-02T17:46:21.732+0900] {process_utils.py:191} INFO - Building wheels for collected packages: extract_trg
[2024-08-02T17:46:21.736+0900] {process_utils.py:191} INFO -   Building wheel for extract_trg (pyproject.toml): started
[2024-08-02T17:46:22.029+0900] {process_utils.py:191} INFO -   Building wheel for extract_trg (pyproject.toml): finished with status 'done'
[2024-08-02T17:46:22.030+0900] {process_utils.py:191} INFO -   Created wheel for extract_trg: filename=extract_trg-0.1.0-py3-none-any.whl size=2219 sha256=ffc7f832fa44d11712bf5ccc10b3b2f6893880c39706e4f29859254bcaf093c3
[2024-08-02T17:46:22.030+0900] {process_utils.py:191} INFO -   Stored in directory: /tmp/pip-ephem-wheel-cache-1j0z8my4/wheels/21/97/ea/e27bc4298590f1b8a2b9c46b60aefbe2e3076cf05f6bd5e464
[2024-08-02T17:46:22.032+0900] {process_utils.py:191} INFO - Successfully built extract_trg
[2024-08-02T17:46:22.040+0900] {process_utils.py:191} INFO - Installing collected packages: extract_trg
[2024-08-02T17:46:22.056+0900] {process_utils.py:191} INFO - Successfully installed extract_trg-0.1.0
[2024-08-02T17:46:22.062+0900] {process_utils.py:191} INFO - 
[2024-08-02T17:46:22.062+0900] {process_utils.py:191} INFO - [notice] A new release of pip is available: 24.1.2 -> 24.2
[2024-08-02T17:46:22.063+0900] {process_utils.py:191} INFO - [notice] To update, run: python -m pip install --upgrade pip
[2024-08-02T17:46:22.157+0900] {process_utils.py:183} INFO - Executing cmd: /tmp/venvsn6zw9aq/bin/python /tmp/venv-call8i0182kj/script.py /tmp/venv-call8i0182kj/script.in /tmp/venv-call8i0182kj/script.out /tmp/venv-call8i0182kj/string_args.txt /tmp/venv-call8i0182kj/termination.log
[2024-08-02T17:46:22.157+0900] {process_utils.py:187} INFO - Output:
[2024-08-02T17:46:22.177+0900] {process_utils.py:191} INFO - 
[2024-08-02T17:46:22.178+0900] {process_utils.py:191} INFO - ---------------======---::::::------+--=======++++++++++===--:...::-=--==============--:.....:-=====
[2024-08-02T17:46:22.178+0900] {process_utils.py:191} INFO - ----::---------------------===--::--+-----=============++++++===---:....--===============--:...:-===
[2024-08-02T17:46:22.178+0900] {process_utils.py:191} INFO - ----------------------------------=++----------------------=+===========-::.:-======================
[2024-08-02T17:46:22.178+0900] {process_utils.py:191} INFO - =----------------------------------==-----------------------=-----==============================+=--
[2024-08-02T17:46:22.178+0900] {process_utils.py:191} INFO - %%####=----------------------------==----------------------=-::::-----======+*%#++================::
[2024-08-02T17:46:22.178+0900] {process_utils.py:191} INFO - %%%%%#=----------------------------=-:---------------------=--==--------=====*#*=================-::
[2024-08-02T17:46:22.179+0900] {process_utils.py:191} INFO - @@%%%*-----------------+***++=-----=-::-------------------:+---------=====+++====================-::
[2024-08-02T17:46:22.179+0900] {process_utils.py:191} INFO - @@%%%*---------------#%%%%##%%#=---=-+##*#+----------------=------------=====+====-=--===========-::
[2024-08-02T17:46:22.179+0900] {process_utils.py:191} INFO - @@@%%+--=+*%%%+-----+%@@%#++%%%#=--=*%+===#+::----------::=-----------=+*##*++=-----------=======-::
[2024-08-02T17:46:22.179+0900] {process_utils.py:191} INFO - +++++=-+#+***#*=-----#*++**+#@@@*--+#+**+***-:=-:---=*+-::=-----==+++*######%%%#=-------------==-:::
[2024-08-02T17:46:22.179+0900] {process_utils.py:191} INFO - *******-:::-*=-------+===+=-=+#%%:-=++++=+==-:=-:::=%%#-::###=-*#%%%%%%%%%%%%%%%%+---------------:::
[2024-08-02T17:46:22.179+0900] {process_utils.py:191} INFO - =====+=:--::+---+--+**++++*+++#%*-=--**++++-:=++=::+#*-::=%%%#*#%%%%%%%%@@%%%%@@%%#====------+#%%=-*
[2024-08-02T17:46:22.179+0900] {process_utils.py:191} INFO - =-==++---=+==*#%%%%%%=*++++++++==-=-*##*+=##**++=--++-:--*=-=*#%%%@%###*###*+++*%%%*=============-#%
[2024-08-02T17:46:22.180+0900] {process_utils.py:191} INFO - +-=------=*%%%%@%@@@@***=+*#+*##*#%%@@**++%@%%%%*+=--=-=+-:--:#%@@%#*****###*+---+*++#**===---=++*%@
[2024-08-02T17:46:22.180+0900] {process_utils.py:191} INFO - --==-::-*%%%@@@@@@@%#*=-+++%@%##%%@@@@@%#%@@@%%@%%%*=--=#%####-%@%%####++++++=---==++*####*+++*%@%@@
[2024-08-02T17:46:22.180+0900] {process_utils.py:191} INFO - -=*+=-=#@@@@@@@@@#*+++++*@@@@@@@@@@@@@@@@@@@@@@@@@@@#+==-+*+#=:-+#%##**==++**+++=====+*###*+**#@%##%
[2024-08-02T17:46:22.180+0900] {process_utils.py:191} INFO - -=++-+%%@%@@@@%+=-++***#@@@@@@@@@@@@%:+@@*%+=%@@@@@@%%#%%#*=+--:-=#++**%#*+=+++++===+**####=*%%%%%%%
[2024-08-02T17:46:22.181+0900] {process_utils.py:191} INFO - -=++#%%####+-:---=*%%@@%#######**++++=+++++++++%%=+%@@%##*+==-=++=+*****##*===+++++==*#####*+#%%##%%
[2024-08-02T17:46:22.181+0900] {process_utils.py:191} INFO - -=*+=---==+=-::::-*@@@%+=======++++++++++++++*#%#**%%%*==-+*=--+==*****#**+=====+++++=***+++=+==::::
[2024-08-02T17:46:22.181+0900] {process_utils.py:191} INFO - =#*=++++++*###**==*@@@%=======++++++++*@@@@@@@@%%#####-:=+----==******##****+++++***==-=+=:::.::::::
[2024-08-02T17:46:22.181+0900] {process_utils.py:191} INFO - #%*+*++++**##*###*+#@@#=========++++==*%%%%%%%%######*=-----==+*********##########*+====::::::::::::
[2024-08-02T17:46:22.181+0900] {process_utils.py:191} INFO - ++++*#%%@%*##*##***%@@*===============+%##%%######%%%%*==-===+*********+=+*#######*++++-:::--::-----
[2024-08-02T17:46:22.182+0900] {process_utils.py:191} INFO - ===+*#%@@%*##**#**+=--================+%%#%%###%#%%%%%#======*#######*-:-++*####*****++:------------
[2024-08-02T17:46:22.182+0900] {process_utils.py:191} INFO - =+=------=##**##**+=--================+%%#%%###%%#%%%%%+=====+###**++==----:-*####****=------==-====
[2024-08-02T17:46:22.182+0900] {process_utils.py:191} INFO - 
[2024-08-02T17:46:22.204+0900] {python.py:237} INFO - Done. Returned value was: None
[2024-08-02T17:46:22.205+0900] {taskinstance.py:441} INFO - ::group::Post task execution logs
[2024-08-02T17:46:22.208+0900] {taskinstance.py:1206} INFO - Marking task as SUCCESS. dag_id=movie, task_id=extract, run_id=scheduled__2017-01-05T05:26:00+00:00, execution_date=20170105T052600, start_date=20240802T084616, end_date=20240802T084622
[2024-08-02T17:46:22.269+0900] {local_task_job_runner.py:243} INFO - Task exited with return code 0
[2024-08-02T17:46:22.292+0900] {taskinstance.py:3503} INFO - 1 downstream tasks scheduled from follow-on schedule check
[2024-08-02T17:46:22.300+0900] {local_task_job_runner.py:222} INFO - ::endgroup::
