[2024-08-02T17:38:10.005+0900] {local_task_job_runner.py:120} INFO - ::group::Pre task execution logs
[2024-08-02T17:38:10.030+0900] {taskinstance.py:2076} INFO - Dependencies all met for dep_context=non-requeueable deps ti=<TaskInstance: movie.extract scheduled__2017-01-05T05:09:00+00:00 [queued]>
[2024-08-02T17:38:10.040+0900] {taskinstance.py:2076} INFO - Dependencies all met for dep_context=requeueable deps ti=<TaskInstance: movie.extract scheduled__2017-01-05T05:09:00+00:00 [queued]>
[2024-08-02T17:38:10.040+0900] {taskinstance.py:2306} INFO - Starting attempt 1 of 3
[2024-08-02T17:38:10.058+0900] {taskinstance.py:2330} INFO - Executing <Task(PythonVirtualenvOperator): extract> on 2017-01-05 05:09:00+00:00
[2024-08-02T17:38:10.061+0900] {standard_task_runner.py:64} INFO - Started process 171775 to run task
[2024-08-02T17:38:10.065+0900] {standard_task_runner.py:90} INFO - Running: ['airflow', 'tasks', 'run', 'movie', 'extract', 'scheduled__2017-01-05T05:09:00+00:00', '--job-id', '273', '--raw', '--subdir', 'DAGS_FOLDER/movie.py', '--cfg-path', '/tmp/tmpef08q__y']
[2024-08-02T17:38:10.067+0900] {standard_task_runner.py:91} INFO - Job 273: Subtask extract
[2024-08-02T17:38:10.109+0900] {task_command.py:426} INFO - Running <TaskInstance: movie.extract scheduled__2017-01-05T05:09:00+00:00 [running]> on host playdata.
[2024-08-02T17:38:10.179+0900] {taskinstance.py:2648} INFO - Exporting env vars: AIRFLOW_CTX_DAG_OWNER='airflow' AIRFLOW_CTX_DAG_ID='movie' AIRFLOW_CTX_TASK_ID='extract' AIRFLOW_CTX_EXECUTION_DATE='2017-01-05T05:09:00+00:00' AIRFLOW_CTX_TRY_NUMBER='1' AIRFLOW_CTX_DAG_RUN_ID='scheduled__2017-01-05T05:09:00+00:00'
[2024-08-02T17:38:10.179+0900] {taskinstance.py:430} INFO - ::endgroup::
[2024-08-02T17:38:10.194+0900] {baseoperator.py:400} WARNING - PythonVirtualenvOperator.execute cannot be called outside TaskInstance!
[2024-08-02T17:38:10.195+0900] {process_utils.py:183} INFO - Executing cmd: /home/oddsummer/.pyenv/versions/3.11.9/envs/air/bin/python -m virtualenv /tmp/venvl4jc9c22 --python=python
[2024-08-02T17:38:10.196+0900] {process_utils.py:187} INFO - Output:
[2024-08-02T17:38:10.546+0900] {process_utils.py:191} INFO - created virtual environment CPython3.11.9.final.0-64 in 241ms
[2024-08-02T17:38:10.546+0900] {process_utils.py:191} INFO -   creator CPython3Posix(dest=/tmp/venvl4jc9c22, clear=False, no_vcs_ignore=False, global=False)
[2024-08-02T17:38:10.546+0900] {process_utils.py:191} INFO -   seeder FromAppData(download=False, pip=bundle, setuptools=bundle, wheel=bundle, via=copy, app_data_dir=/home/oddsummer/.local/share/virtualenv)
[2024-08-02T17:38:10.546+0900] {process_utils.py:191} INFO -     added seed packages: pip==24.1.2, setuptools==70.2.0, wheel==0.43.0
[2024-08-02T17:38:10.547+0900] {process_utils.py:191} INFO -   activators BashActivator,CShellActivator,FishActivator,NushellActivator,PowerShellActivator,PythonActivator
[2024-08-02T17:38:10.575+0900] {process_utils.py:183} INFO - Executing cmd: /tmp/venvl4jc9c22/bin/pip install -r /tmp/venvl4jc9c22/requirements.txt
[2024-08-02T17:38:10.575+0900] {process_utils.py:187} INFO - Output:
[2024-08-02T17:38:11.522+0900] {process_utils.py:191} INFO - Collecting git+https://github.com/7-TRG/extract_trg.git@main (from -r /tmp/venvl4jc9c22/requirements.txt (line 1))
[2024-08-02T17:38:11.523+0900] {process_utils.py:191} INFO -   Cloning https://github.com/7-TRG/extract_trg.git (to revision main) to /tmp/pip-req-build-9d5q3s1b
[2024-08-02T17:38:11.526+0900] {process_utils.py:191} INFO -   Running command git clone --filter=blob:none --quiet https://github.com/7-TRG/extract_trg.git /tmp/pip-req-build-9d5q3s1b
[2024-08-02T17:38:13.358+0900] {process_utils.py:191} INFO -   Resolved https://github.com/7-TRG/extract_trg.git to commit 0712b3f1bbaeeeea58bf80749079a62c7e1bec3d
[2024-08-02T17:38:13.364+0900] {process_utils.py:191} INFO -   Installing build dependencies: started
[2024-08-02T17:38:15.244+0900] {process_utils.py:191} INFO -   Installing build dependencies: finished with status 'done'
[2024-08-02T17:38:15.245+0900] {process_utils.py:191} INFO -   Getting requirements to build wheel: started
[2024-08-02T17:38:15.466+0900] {process_utils.py:191} INFO -   Getting requirements to build wheel: finished with status 'done'
[2024-08-02T17:38:15.468+0900] {process_utils.py:191} INFO -   Preparing metadata (pyproject.toml): started
[2024-08-02T17:38:15.718+0900] {process_utils.py:191} INFO -   Preparing metadata (pyproject.toml): finished with status 'done'
[2024-08-02T17:38:15.720+0900] {process_utils.py:191} INFO - Building wheels for collected packages: extract_trg
[2024-08-02T17:38:15.725+0900] {process_utils.py:191} INFO -   Building wheel for extract_trg (pyproject.toml): started
[2024-08-02T17:38:15.986+0900] {process_utils.py:191} INFO -   Building wheel for extract_trg (pyproject.toml): finished with status 'done'
[2024-08-02T17:38:15.987+0900] {process_utils.py:191} INFO -   Created wheel for extract_trg: filename=extract_trg-0.1.0-py3-none-any.whl size=2219 sha256=6e71b417b137a8f244c404b38e4d20fc9c304f681bfe560ac9510d2db5a17097
[2024-08-02T17:38:15.987+0900] {process_utils.py:191} INFO -   Stored in directory: /tmp/pip-ephem-wheel-cache-ce3r5ds9/wheels/21/97/ea/e27bc4298590f1b8a2b9c46b60aefbe2e3076cf05f6bd5e464
[2024-08-02T17:38:15.989+0900] {process_utils.py:191} INFO - Successfully built extract_trg
[2024-08-02T17:38:15.999+0900] {process_utils.py:191} INFO - Installing collected packages: extract_trg
[2024-08-02T17:38:16.018+0900] {process_utils.py:191} INFO - Successfully installed extract_trg-0.1.0
[2024-08-02T17:38:16.023+0900] {process_utils.py:191} INFO - 
[2024-08-02T17:38:16.023+0900] {process_utils.py:191} INFO - [notice] A new release of pip is available: 24.1.2 -> 24.2
[2024-08-02T17:38:16.023+0900] {process_utils.py:191} INFO - [notice] To update, run: python -m pip install --upgrade pip
[2024-08-02T17:38:16.119+0900] {process_utils.py:183} INFO - Executing cmd: /tmp/venvl4jc9c22/bin/python /tmp/venv-call18z5bsti/script.py /tmp/venv-call18z5bsti/script.in /tmp/venv-call18z5bsti/script.out /tmp/venv-call18z5bsti/string_args.txt /tmp/venv-call18z5bsti/termination.log
[2024-08-02T17:38:16.119+0900] {process_utils.py:187} INFO - Output:
[2024-08-02T17:38:16.138+0900] {process_utils.py:191} INFO - 
[2024-08-02T17:38:16.139+0900] {process_utils.py:191} INFO - ---------------======---::::::------+--=======++++++++++===--:...::-=--==============--:.....:-=====
[2024-08-02T17:38:16.139+0900] {process_utils.py:191} INFO - ----::---------------------===--::--+-----=============++++++===---:....--===============--:...:-===
[2024-08-02T17:38:16.139+0900] {process_utils.py:191} INFO - ----------------------------------=++----------------------=+===========-::.:-======================
[2024-08-02T17:38:16.140+0900] {process_utils.py:191} INFO - =----------------------------------==-----------------------=-----==============================+=--
[2024-08-02T17:38:16.140+0900] {process_utils.py:191} INFO - %%####=----------------------------==----------------------=-::::-----======+*%#++================::
[2024-08-02T17:38:16.140+0900] {process_utils.py:191} INFO - %%%%%#=----------------------------=-:---------------------=--==--------=====*#*=================-::
[2024-08-02T17:38:16.140+0900] {process_utils.py:191} INFO - @@%%%*-----------------+***++=-----=-::-------------------:+---------=====+++====================-::
[2024-08-02T17:38:16.140+0900] {process_utils.py:191} INFO - @@%%%*---------------#%%%%##%%#=---=-+##*#+----------------=------------=====+====-=--===========-::
[2024-08-02T17:38:16.141+0900] {process_utils.py:191} INFO - @@@%%+--=+*%%%+-----+%@@%#++%%%#=--=*%+===#+::----------::=-----------=+*##*++=-----------=======-::
[2024-08-02T17:38:16.141+0900] {process_utils.py:191} INFO - +++++=-+#+***#*=-----#*++**+#@@@*--+#+**+***-:=-:---=*+-::=-----==+++*######%%%#=-------------==-:::
[2024-08-02T17:38:16.141+0900] {process_utils.py:191} INFO - *******-:::-*=-------+===+=-=+#%%:-=++++=+==-:=-:::=%%#-::###=-*#%%%%%%%%%%%%%%%%+---------------:::
[2024-08-02T17:38:16.141+0900] {process_utils.py:191} INFO - =====+=:--::+---+--+**++++*+++#%*-=--**++++-:=++=::+#*-::=%%%#*#%%%%%%%%@@%%%%@@%%#====------+#%%=-*
[2024-08-02T17:38:16.141+0900] {process_utils.py:191} INFO - =-==++---=+==*#%%%%%%=*++++++++==-=-*##*+=##**++=--++-:--*=-=*#%%%@%###*###*+++*%%%*=============-#%
[2024-08-02T17:38:16.141+0900] {process_utils.py:191} INFO - +-=------=*%%%%@%@@@@***=+*#+*##*#%%@@**++%@%%%%*+=--=-=+-:--:#%@@%#*****###*+---+*++#**===---=++*%@
[2024-08-02T17:38:16.141+0900] {process_utils.py:191} INFO - --==-::-*%%%@@@@@@@%#*=-+++%@%##%%@@@@@%#%@@@%%@%%%*=--=#%####-%@%%####++++++=---==++*####*+++*%@%@@
[2024-08-02T17:38:16.142+0900] {process_utils.py:191} INFO - -=*+=-=#@@@@@@@@@#*+++++*@@@@@@@@@@@@@@@@@@@@@@@@@@@#+==-+*+#=:-+#%##**==++**+++=====+*###*+**#@%##%
[2024-08-02T17:38:16.142+0900] {process_utils.py:191} INFO - -=++-+%%@%@@@@%+=-++***#@@@@@@@@@@@@%:+@@*%+=%@@@@@@%%#%%#*=+--:-=#++**%#*+=+++++===+**####=*%%%%%%%
[2024-08-02T17:38:16.142+0900] {process_utils.py:191} INFO - -=++#%%####+-:---=*%%@@%#######**++++=+++++++++%%=+%@@%##*+==-=++=+*****##*===+++++==*#####*+#%%##%%
[2024-08-02T17:38:16.142+0900] {process_utils.py:191} INFO - -=*+=---==+=-::::-*@@@%+=======++++++++++++++*#%#**%%%*==-+*=--+==*****#**+=====+++++=***+++=+==::::
[2024-08-02T17:38:16.142+0900] {process_utils.py:191} INFO - =#*=++++++*###**==*@@@%=======++++++++*@@@@@@@@%%#####-:=+----==******##****+++++***==-=+=:::.::::::
[2024-08-02T17:38:16.142+0900] {process_utils.py:191} INFO - #%*+*++++**##*###*+#@@#=========++++==*%%%%%%%%######*=-----==+*********##########*+====::::::::::::
[2024-08-02T17:38:16.142+0900] {process_utils.py:191} INFO - ++++*#%%@%*##*##***%@@*===============+%##%%######%%%%*==-===+*********+=+*#######*++++-:::--::-----
[2024-08-02T17:38:16.142+0900] {process_utils.py:191} INFO - ===+*#%@@%*##**#**+=--================+%%#%%###%#%%%%%#======*#######*-:-++*####*****++:------------
[2024-08-02T17:38:16.143+0900] {process_utils.py:191} INFO - =+=------=##**##**+=--================+%%#%%###%%#%%%%%+=====+###**++==----:-*####****=------==-====
[2024-08-02T17:38:16.143+0900] {process_utils.py:191} INFO - 
[2024-08-02T17:38:16.165+0900] {python.py:237} INFO - Done. Returned value was: None
[2024-08-02T17:38:16.165+0900] {taskinstance.py:441} INFO - ::group::Post task execution logs
[2024-08-02T17:38:16.170+0900] {taskinstance.py:1206} INFO - Marking task as SUCCESS. dag_id=movie, task_id=extract, run_id=scheduled__2017-01-05T05:09:00+00:00, execution_date=20170105T050900, start_date=20240802T083810, end_date=20240802T083816
[2024-08-02T17:38:16.231+0900] {local_task_job_runner.py:243} INFO - Task exited with return code 0
[2024-08-02T17:38:16.253+0900] {taskinstance.py:3503} INFO - 1 downstream tasks scheduled from follow-on schedule check
[2024-08-02T17:38:16.258+0900] {local_task_job_runner.py:222} INFO - ::endgroup::
