[2024-08-02T16:53:29.036+0900] {local_task_job_runner.py:120} INFO - ::group::Pre task execution logs
[2024-08-02T16:53:29.056+0900] {taskinstance.py:2076} INFO - Dependencies all met for dep_context=non-requeueable deps ti=<TaskInstance: movie.get.data scheduled__2017-01-01T05:28:00+00:00 [queued]>
[2024-08-02T16:53:29.062+0900] {taskinstance.py:2076} INFO - Dependencies all met for dep_context=requeueable deps ti=<TaskInstance: movie.get.data scheduled__2017-01-01T05:28:00+00:00 [queued]>
[2024-08-02T16:53:29.063+0900] {taskinstance.py:2306} INFO - Starting attempt 1 of 3
[2024-08-02T16:53:29.079+0900] {taskinstance.py:2330} INFO - Executing <Task(PythonVirtualenvOperator): get.data> on 2017-01-01 05:28:00+00:00
[2024-08-02T16:53:29.082+0900] {standard_task_runner.py:64} INFO - Started process 146638 to run task
[2024-08-02T16:53:29.086+0900] {standard_task_runner.py:90} INFO - Running: ['airflow', 'tasks', 'run', 'movie', 'get.data', 'scheduled__2017-01-01T05:28:00+00:00', '--job-id', '39', '--raw', '--subdir', 'DAGS_FOLDER/movie.py', '--cfg-path', '/tmp/tmpnsqf78qk']
[2024-08-02T16:53:29.088+0900] {standard_task_runner.py:91} INFO - Job 39: Subtask get.data
[2024-08-02T16:53:29.130+0900] {task_command.py:426} INFO - Running <TaskInstance: movie.get.data scheduled__2017-01-01T05:28:00+00:00 [running]> on host playdata.
[2024-08-02T16:53:29.208+0900] {taskinstance.py:2648} INFO - Exporting env vars: AIRFLOW_CTX_DAG_OWNER='airflow' AIRFLOW_CTX_DAG_ID='movie' AIRFLOW_CTX_TASK_ID='get.data' AIRFLOW_CTX_EXECUTION_DATE='2017-01-01T05:28:00+00:00' AIRFLOW_CTX_TRY_NUMBER='1' AIRFLOW_CTX_DAG_RUN_ID='scheduled__2017-01-01T05:28:00+00:00'
[2024-08-02T16:53:29.208+0900] {taskinstance.py:430} INFO - ::endgroup::
[2024-08-02T16:53:29.219+0900] {baseoperator.py:400} WARNING - PythonVirtualenvOperator.execute cannot be called outside TaskInstance!
[2024-08-02T16:53:29.220+0900] {process_utils.py:183} INFO - Executing cmd: /home/oddsummer/.pyenv/versions/3.11.9/envs/air/bin/python -m virtualenv /tmp/venv0xfskv09 --python=python
[2024-08-02T16:53:29.221+0900] {process_utils.py:187} INFO - Output:
[2024-08-02T16:53:29.547+0900] {process_utils.py:191} INFO - created virtual environment CPython3.11.9.final.0-64 in 222ms
[2024-08-02T16:53:29.548+0900] {process_utils.py:191} INFO -   creator CPython3Posix(dest=/tmp/venv0xfskv09, clear=False, no_vcs_ignore=False, global=False)
[2024-08-02T16:53:29.548+0900] {process_utils.py:191} INFO -   seeder FromAppData(download=False, pip=bundle, setuptools=bundle, wheel=bundle, via=copy, app_data_dir=/home/oddsummer/.local/share/virtualenv)
[2024-08-02T16:53:29.549+0900] {process_utils.py:191} INFO -     added seed packages: pip==24.1.2, setuptools==70.2.0, wheel==0.43.0
[2024-08-02T16:53:29.549+0900] {process_utils.py:191} INFO -   activators BashActivator,CShellActivator,FishActivator,NushellActivator,PowerShellActivator,PythonActivator
[2024-08-02T16:53:29.572+0900] {process_utils.py:183} INFO - Executing cmd: /tmp/venv0xfskv09/bin/pip install -r /tmp/venv0xfskv09/requirements.txt
[2024-08-02T16:53:29.573+0900] {process_utils.py:187} INFO - Output:
[2024-08-02T16:53:30.497+0900] {process_utils.py:191} INFO - Collecting git+https://github.com/7-TRG/extract_trg.git@main (from -r /tmp/venv0xfskv09/requirements.txt (line 1))
[2024-08-02T16:53:30.498+0900] {process_utils.py:191} INFO -   Cloning https://github.com/7-TRG/extract_trg.git (to revision main) to /tmp/pip-req-build-gq1_owrp
[2024-08-02T16:53:30.501+0900] {process_utils.py:191} INFO -   Running command git clone --filter=blob:none --quiet https://github.com/7-TRG/extract_trg.git /tmp/pip-req-build-gq1_owrp
[2024-08-02T16:53:32.016+0900] {process_utils.py:191} INFO -   Resolved https://github.com/7-TRG/extract_trg.git to commit 0712b3f1bbaeeeea58bf80749079a62c7e1bec3d
[2024-08-02T16:53:32.022+0900] {process_utils.py:191} INFO -   Installing build dependencies: started
[2024-08-02T16:53:33.828+0900] {process_utils.py:191} INFO -   Installing build dependencies: finished with status 'done'
[2024-08-02T16:53:33.829+0900] {process_utils.py:191} INFO -   Getting requirements to build wheel: started
[2024-08-02T16:53:34.046+0900] {process_utils.py:191} INFO -   Getting requirements to build wheel: finished with status 'done'
[2024-08-02T16:53:34.047+0900] {process_utils.py:191} INFO -   Preparing metadata (pyproject.toml): started
[2024-08-02T16:53:34.294+0900] {process_utils.py:191} INFO -   Preparing metadata (pyproject.toml): finished with status 'done'
[2024-08-02T16:53:34.297+0900] {process_utils.py:191} INFO - Building wheels for collected packages: extract_trg
[2024-08-02T16:53:34.301+0900] {process_utils.py:191} INFO -   Building wheel for extract_trg (pyproject.toml): started
[2024-08-02T16:53:34.548+0900] {process_utils.py:191} INFO -   Building wheel for extract_trg (pyproject.toml): finished with status 'done'
[2024-08-02T16:53:34.549+0900] {process_utils.py:191} INFO -   Created wheel for extract_trg: filename=extract_trg-0.1.0-py3-none-any.whl size=2219 sha256=4df1eacebb4067dc02aa61ce59839f07876f4f0b631f37d16a1ee4af5a91e90a
[2024-08-02T16:53:34.549+0900] {process_utils.py:191} INFO -   Stored in directory: /tmp/pip-ephem-wheel-cache-jzvtnqjr/wheels/21/97/ea/e27bc4298590f1b8a2b9c46b60aefbe2e3076cf05f6bd5e464
[2024-08-02T16:53:34.552+0900] {process_utils.py:191} INFO - Successfully built extract_trg
[2024-08-02T16:53:34.561+0900] {process_utils.py:191} INFO - Installing collected packages: extract_trg
[2024-08-02T16:53:34.586+0900] {process_utils.py:191} INFO - Successfully installed extract_trg-0.1.0
[2024-08-02T16:53:34.592+0900] {process_utils.py:191} INFO - 
[2024-08-02T16:53:34.592+0900] {process_utils.py:191} INFO - [notice] A new release of pip is available: 24.1.2 -> 24.2
[2024-08-02T16:53:34.593+0900] {process_utils.py:191} INFO - [notice] To update, run: python -m pip install --upgrade pip
[2024-08-02T16:53:34.684+0900] {process_utils.py:183} INFO - Executing cmd: /tmp/venv0xfskv09/bin/python /tmp/venv-callsk9pv3gf/script.py /tmp/venv-callsk9pv3gf/script.in /tmp/venv-callsk9pv3gf/script.out /tmp/venv-callsk9pv3gf/string_args.txt /tmp/venv-callsk9pv3gf/termination.log
[2024-08-02T16:53:34.685+0900] {process_utils.py:187} INFO - Output:
[2024-08-02T16:53:34.704+0900] {process_utils.py:191} INFO - 
[2024-08-02T16:53:34.705+0900] {process_utils.py:191} INFO - ---------------======---::::::------+--=======++++++++++===--:...::-=--==============--:.....:-=====
[2024-08-02T16:53:34.705+0900] {process_utils.py:191} INFO - ----::---------------------===--::--+-----=============++++++===---:....--===============--:...:-===
[2024-08-02T16:53:34.705+0900] {process_utils.py:191} INFO - ----------------------------------=++----------------------=+===========-::.:-======================
[2024-08-02T16:53:34.705+0900] {process_utils.py:191} INFO - =----------------------------------==-----------------------=-----==============================+=--
[2024-08-02T16:53:34.706+0900] {process_utils.py:191} INFO - %%####=----------------------------==----------------------=-::::-----======+*%#++================::
[2024-08-02T16:53:34.706+0900] {process_utils.py:191} INFO - %%%%%#=----------------------------=-:---------------------=--==--------=====*#*=================-::
[2024-08-02T16:53:34.706+0900] {process_utils.py:191} INFO - @@%%%*-----------------+***++=-----=-::-------------------:+---------=====+++====================-::
[2024-08-02T16:53:34.706+0900] {process_utils.py:191} INFO - @@%%%*---------------#%%%%##%%#=---=-+##*#+----------------=------------=====+====-=--===========-::
[2024-08-02T16:53:34.706+0900] {process_utils.py:191} INFO - @@@%%+--=+*%%%+-----+%@@%#++%%%#=--=*%+===#+::----------::=-----------=+*##*++=-----------=======-::
[2024-08-02T16:53:34.707+0900] {process_utils.py:191} INFO - +++++=-+#+***#*=-----#*++**+#@@@*--+#+**+***-:=-:---=*+-::=-----==+++*######%%%#=-------------==-:::
[2024-08-02T16:53:34.707+0900] {process_utils.py:191} INFO - *******-:::-*=-------+===+=-=+#%%:-=++++=+==-:=-:::=%%#-::###=-*#%%%%%%%%%%%%%%%%+---------------:::
[2024-08-02T16:53:34.707+0900] {process_utils.py:191} INFO - =====+=:--::+---+--+**++++*+++#%*-=--**++++-:=++=::+#*-::=%%%#*#%%%%%%%%@@%%%%@@%%#====------+#%%=-*
[2024-08-02T16:53:34.707+0900] {process_utils.py:191} INFO - =-==++---=+==*#%%%%%%=*++++++++==-=-*##*+=##**++=--++-:--*=-=*#%%%@%###*###*+++*%%%*=============-#%
[2024-08-02T16:53:34.707+0900] {process_utils.py:191} INFO - +-=------=*%%%%@%@@@@***=+*#+*##*#%%@@**++%@%%%%*+=--=-=+-:--:#%@@%#*****###*+---+*++#**===---=++*%@
[2024-08-02T16:53:34.708+0900] {process_utils.py:191} INFO - --==-::-*%%%@@@@@@@%#*=-+++%@%##%%@@@@@%#%@@@%%@%%%*=--=#%####-%@%%####++++++=---==++*####*+++*%@%@@
[2024-08-02T16:53:34.708+0900] {process_utils.py:191} INFO - -=*+=-=#@@@@@@@@@#*+++++*@@@@@@@@@@@@@@@@@@@@@@@@@@@#+==-+*+#=:-+#%##**==++**+++=====+*###*+**#@%##%
[2024-08-02T16:53:34.708+0900] {process_utils.py:191} INFO - -=++-+%%@%@@@@%+=-++***#@@@@@@@@@@@@%:+@@*%+=%@@@@@@%%#%%#*=+--:-=#++**%#*+=+++++===+**####=*%%%%%%%
[2024-08-02T16:53:34.708+0900] {process_utils.py:191} INFO - -=++#%%####+-:---=*%%@@%#######**++++=+++++++++%%=+%@@%##*+==-=++=+*****##*===+++++==*#####*+#%%##%%
[2024-08-02T16:53:34.708+0900] {process_utils.py:191} INFO - -=*+=---==+=-::::-*@@@%+=======++++++++++++++*#%#**%%%*==-+*=--+==*****#**+=====+++++=***+++=+==::::
[2024-08-02T16:53:34.708+0900] {process_utils.py:191} INFO - =#*=++++++*###**==*@@@%=======++++++++*@@@@@@@@%%#####-:=+----==******##****+++++***==-=+=:::.::::::
[2024-08-02T16:53:34.709+0900] {process_utils.py:191} INFO - #%*+*++++**##*###*+#@@#=========++++==*%%%%%%%%######*=-----==+*********##########*+====::::::::::::
[2024-08-02T16:53:34.709+0900] {process_utils.py:191} INFO - ++++*#%%@%*##*##***%@@*===============+%##%%######%%%%*==-===+*********+=+*#######*++++-:::--::-----
[2024-08-02T16:53:34.709+0900] {process_utils.py:191} INFO - ===+*#%@@%*##**#**+=--================+%%#%%###%#%%%%%#======*#######*-:-++*####*****++:------------
[2024-08-02T16:53:34.709+0900] {process_utils.py:191} INFO - =+=------=##**##**+=--================+%%#%%###%%#%%%%%+=====+###**++==----:-*####****=------==-====
[2024-08-02T16:53:34.709+0900] {process_utils.py:191} INFO - 
[2024-08-02T16:53:34.731+0900] {python.py:237} INFO - Done. Returned value was: None
[2024-08-02T16:53:34.731+0900] {taskinstance.py:441} INFO - ::group::Post task execution logs
[2024-08-02T16:53:34.735+0900] {taskinstance.py:1206} INFO - Marking task as SUCCESS. dag_id=movie, task_id=get.data, run_id=scheduled__2017-01-01T05:28:00+00:00, execution_date=20170101T052800, start_date=20240802T075329, end_date=20240802T075334
[2024-08-02T16:53:34.770+0900] {local_task_job_runner.py:243} INFO - Task exited with return code 0
[2024-08-02T16:53:34.783+0900] {taskinstance.py:3503} INFO - 0 downstream tasks scheduled from follow-on schedule check
[2024-08-02T16:53:34.784+0900] {local_task_job_runner.py:222} INFO - ::endgroup::
