[2024-08-02T17:02:35.781+0900] {local_task_job_runner.py:120} INFO - ::group::Pre task execution logs
[2024-08-02T17:02:35.802+0900] {taskinstance.py:2076} INFO - Dependencies all met for dep_context=non-requeueable deps ti=<TaskInstance: movie.get.data scheduled__2017-01-02T05:16:00+00:00 [queued]>
[2024-08-02T17:02:35.809+0900] {taskinstance.py:2076} INFO - Dependencies all met for dep_context=requeueable deps ti=<TaskInstance: movie.get.data scheduled__2017-01-02T05:16:00+00:00 [queued]>
[2024-08-02T17:02:35.809+0900] {taskinstance.py:2306} INFO - Starting attempt 1 of 3
[2024-08-02T17:02:35.824+0900] {taskinstance.py:2330} INFO - Executing <Task(PythonVirtualenvOperator): get.data> on 2017-01-02 05:16:00+00:00
[2024-08-02T17:02:35.826+0900] {standard_task_runner.py:64} INFO - Started process 152205 to run task
[2024-08-02T17:02:35.830+0900] {standard_task_runner.py:90} INFO - Running: ['airflow', 'tasks', 'run', 'movie', 'get.data', 'scheduled__2017-01-02T05:16:00+00:00', '--job-id', '87', '--raw', '--subdir', 'DAGS_FOLDER/movie.py', '--cfg-path', '/tmp/tmp8e371sfh']
[2024-08-02T17:02:35.832+0900] {standard_task_runner.py:91} INFO - Job 87: Subtask get.data
[2024-08-02T17:02:35.873+0900] {task_command.py:426} INFO - Running <TaskInstance: movie.get.data scheduled__2017-01-02T05:16:00+00:00 [running]> on host playdata.
[2024-08-02T17:02:35.950+0900] {taskinstance.py:2648} INFO - Exporting env vars: AIRFLOW_CTX_DAG_OWNER='airflow' AIRFLOW_CTX_DAG_ID='movie' AIRFLOW_CTX_TASK_ID='get.data' AIRFLOW_CTX_EXECUTION_DATE='2017-01-02T05:16:00+00:00' AIRFLOW_CTX_TRY_NUMBER='1' AIRFLOW_CTX_DAG_RUN_ID='scheduled__2017-01-02T05:16:00+00:00'
[2024-08-02T17:02:35.951+0900] {taskinstance.py:430} INFO - ::endgroup::
[2024-08-02T17:02:35.960+0900] {baseoperator.py:400} WARNING - PythonVirtualenvOperator.execute cannot be called outside TaskInstance!
[2024-08-02T17:02:35.961+0900] {process_utils.py:183} INFO - Executing cmd: /home/oddsummer/.pyenv/versions/3.11.9/envs/air/bin/python -m virtualenv /tmp/venv_kg33fe6 --python=python
[2024-08-02T17:02:35.962+0900] {process_utils.py:187} INFO - Output:
[2024-08-02T17:02:36.326+0900] {process_utils.py:191} INFO - created virtual environment CPython3.11.9.final.0-64 in 258ms
[2024-08-02T17:02:36.326+0900] {process_utils.py:191} INFO -   creator CPython3Posix(dest=/tmp/venv_kg33fe6, clear=False, no_vcs_ignore=False, global=False)
[2024-08-02T17:02:36.326+0900] {process_utils.py:191} INFO -   seeder FromAppData(download=False, pip=bundle, setuptools=bundle, wheel=bundle, via=copy, app_data_dir=/home/oddsummer/.local/share/virtualenv)
[2024-08-02T17:02:36.326+0900] {process_utils.py:191} INFO -     added seed packages: pip==24.1.2, setuptools==70.2.0, wheel==0.43.0
[2024-08-02T17:02:36.327+0900] {process_utils.py:191} INFO -   activators BashActivator,CShellActivator,FishActivator,NushellActivator,PowerShellActivator,PythonActivator
[2024-08-02T17:02:36.351+0900] {process_utils.py:183} INFO - Executing cmd: /tmp/venv_kg33fe6/bin/pip install -r /tmp/venv_kg33fe6/requirements.txt
[2024-08-02T17:02:36.351+0900] {process_utils.py:187} INFO - Output:
[2024-08-02T17:02:37.282+0900] {process_utils.py:191} INFO - Collecting git+https://github.com/7-TRG/extract_trg.git@main (from -r /tmp/venv_kg33fe6/requirements.txt (line 1))
[2024-08-02T17:02:37.283+0900] {process_utils.py:191} INFO -   Cloning https://github.com/7-TRG/extract_trg.git (to revision main) to /tmp/pip-req-build-vpxtg4zk
[2024-08-02T17:02:37.285+0900] {process_utils.py:191} INFO -   Running command git clone --filter=blob:none --quiet https://github.com/7-TRG/extract_trg.git /tmp/pip-req-build-vpxtg4zk
[2024-08-02T17:02:39.036+0900] {process_utils.py:191} INFO -   Resolved https://github.com/7-TRG/extract_trg.git to commit 0712b3f1bbaeeeea58bf80749079a62c7e1bec3d
[2024-08-02T17:02:39.044+0900] {process_utils.py:191} INFO -   Installing build dependencies: started
[2024-08-02T17:02:40.893+0900] {process_utils.py:191} INFO -   Installing build dependencies: finished with status 'done'
[2024-08-02T17:02:40.894+0900] {process_utils.py:191} INFO -   Getting requirements to build wheel: started
[2024-08-02T17:02:41.121+0900] {process_utils.py:191} INFO -   Getting requirements to build wheel: finished with status 'done'
[2024-08-02T17:02:41.123+0900] {process_utils.py:191} INFO -   Preparing metadata (pyproject.toml): started
[2024-08-02T17:02:41.368+0900] {process_utils.py:191} INFO -   Preparing metadata (pyproject.toml): finished with status 'done'
[2024-08-02T17:02:41.371+0900] {process_utils.py:191} INFO - Building wheels for collected packages: extract_trg
[2024-08-02T17:02:41.377+0900] {process_utils.py:191} INFO -   Building wheel for extract_trg (pyproject.toml): started
[2024-08-02T17:02:41.649+0900] {process_utils.py:191} INFO -   Building wheel for extract_trg (pyproject.toml): finished with status 'done'
[2024-08-02T17:02:41.649+0900] {process_utils.py:191} INFO -   Created wheel for extract_trg: filename=extract_trg-0.1.0-py3-none-any.whl size=2219 sha256=064bc3bddf57bd396c48cde083b04b279ee11373f79a0c29eaca052827bb3c88
[2024-08-02T17:02:41.649+0900] {process_utils.py:191} INFO -   Stored in directory: /tmp/pip-ephem-wheel-cache-8jun3ncl/wheels/21/97/ea/e27bc4298590f1b8a2b9c46b60aefbe2e3076cf05f6bd5e464
[2024-08-02T17:02:41.651+0900] {process_utils.py:191} INFO - Successfully built extract_trg
[2024-08-02T17:02:41.660+0900] {process_utils.py:191} INFO - Installing collected packages: extract_trg
[2024-08-02T17:02:41.685+0900] {process_utils.py:191} INFO - Successfully installed extract_trg-0.1.0
[2024-08-02T17:02:41.692+0900] {process_utils.py:191} INFO - 
[2024-08-02T17:02:41.693+0900] {process_utils.py:191} INFO - [notice] A new release of pip is available: 24.1.2 -> 24.2
[2024-08-02T17:02:41.693+0900] {process_utils.py:191} INFO - [notice] To update, run: python -m pip install --upgrade pip
[2024-08-02T17:02:41.789+0900] {process_utils.py:183} INFO - Executing cmd: /tmp/venv_kg33fe6/bin/python /tmp/venv-call00swy53_/script.py /tmp/venv-call00swy53_/script.in /tmp/venv-call00swy53_/script.out /tmp/venv-call00swy53_/string_args.txt /tmp/venv-call00swy53_/termination.log
[2024-08-02T17:02:41.790+0900] {process_utils.py:187} INFO - Output:
[2024-08-02T17:02:41.810+0900] {process_utils.py:191} INFO - 
[2024-08-02T17:02:41.810+0900] {process_utils.py:191} INFO - ---------------======---::::::------+--=======++++++++++===--:...::-=--==============--:.....:-=====
[2024-08-02T17:02:41.810+0900] {process_utils.py:191} INFO - ----::---------------------===--::--+-----=============++++++===---:....--===============--:...:-===
[2024-08-02T17:02:41.810+0900] {process_utils.py:191} INFO - ----------------------------------=++----------------------=+===========-::.:-======================
[2024-08-02T17:02:41.811+0900] {process_utils.py:191} INFO - =----------------------------------==-----------------------=-----==============================+=--
[2024-08-02T17:02:41.811+0900] {process_utils.py:191} INFO - %%####=----------------------------==----------------------=-::::-----======+*%#++================::
[2024-08-02T17:02:41.811+0900] {process_utils.py:191} INFO - %%%%%#=----------------------------=-:---------------------=--==--------=====*#*=================-::
[2024-08-02T17:02:41.811+0900] {process_utils.py:191} INFO - @@%%%*-----------------+***++=-----=-::-------------------:+---------=====+++====================-::
[2024-08-02T17:02:41.811+0900] {process_utils.py:191} INFO - @@%%%*---------------#%%%%##%%#=---=-+##*#+----------------=------------=====+====-=--===========-::
[2024-08-02T17:02:41.812+0900] {process_utils.py:191} INFO - @@@%%+--=+*%%%+-----+%@@%#++%%%#=--=*%+===#+::----------::=-----------=+*##*++=-----------=======-::
[2024-08-02T17:02:41.812+0900] {process_utils.py:191} INFO - +++++=-+#+***#*=-----#*++**+#@@@*--+#+**+***-:=-:---=*+-::=-----==+++*######%%%#=-------------==-:::
[2024-08-02T17:02:41.812+0900] {process_utils.py:191} INFO - *******-:::-*=-------+===+=-=+#%%:-=++++=+==-:=-:::=%%#-::###=-*#%%%%%%%%%%%%%%%%+---------------:::
[2024-08-02T17:02:41.812+0900] {process_utils.py:191} INFO - =====+=:--::+---+--+**++++*+++#%*-=--**++++-:=++=::+#*-::=%%%#*#%%%%%%%%@@%%%%@@%%#====------+#%%=-*
[2024-08-02T17:02:41.812+0900] {process_utils.py:191} INFO - =-==++---=+==*#%%%%%%=*++++++++==-=-*##*+=##**++=--++-:--*=-=*#%%%@%###*###*+++*%%%*=============-#%
[2024-08-02T17:02:41.812+0900] {process_utils.py:191} INFO - +-=------=*%%%%@%@@@@***=+*#+*##*#%%@@**++%@%%%%*+=--=-=+-:--:#%@@%#*****###*+---+*++#**===---=++*%@
[2024-08-02T17:02:41.813+0900] {process_utils.py:191} INFO - --==-::-*%%%@@@@@@@%#*=-+++%@%##%%@@@@@%#%@@@%%@%%%*=--=#%####-%@%%####++++++=---==++*####*+++*%@%@@
[2024-08-02T17:02:41.813+0900] {process_utils.py:191} INFO - -=*+=-=#@@@@@@@@@#*+++++*@@@@@@@@@@@@@@@@@@@@@@@@@@@#+==-+*+#=:-+#%##**==++**+++=====+*###*+**#@%##%
[2024-08-02T17:02:41.813+0900] {process_utils.py:191} INFO - -=++-+%%@%@@@@%+=-++***#@@@@@@@@@@@@%:+@@*%+=%@@@@@@%%#%%#*=+--:-=#++**%#*+=+++++===+**####=*%%%%%%%
[2024-08-02T17:02:41.813+0900] {process_utils.py:191} INFO - -=++#%%####+-:---=*%%@@%#######**++++=+++++++++%%=+%@@%##*+==-=++=+*****##*===+++++==*#####*+#%%##%%
[2024-08-02T17:02:41.813+0900] {process_utils.py:191} INFO - -=*+=---==+=-::::-*@@@%+=======++++++++++++++*#%#**%%%*==-+*=--+==*****#**+=====+++++=***+++=+==::::
[2024-08-02T17:02:41.813+0900] {process_utils.py:191} INFO - =#*=++++++*###**==*@@@%=======++++++++*@@@@@@@@%%#####-:=+----==******##****+++++***==-=+=:::.::::::
[2024-08-02T17:02:41.813+0900] {process_utils.py:191} INFO - #%*+*++++**##*###*+#@@#=========++++==*%%%%%%%%######*=-----==+*********##########*+====::::::::::::
[2024-08-02T17:02:41.814+0900] {process_utils.py:191} INFO - ++++*#%%@%*##*##***%@@*===============+%##%%######%%%%*==-===+*********+=+*#######*++++-:::--::-----
[2024-08-02T17:02:41.814+0900] {process_utils.py:191} INFO - ===+*#%@@%*##**#**+=--================+%%#%%###%#%%%%%#======*#######*-:-++*####*****++:------------
[2024-08-02T17:02:41.814+0900] {process_utils.py:191} INFO - =+=------=##**##**+=--================+%%#%%###%%#%%%%%+=====+###**++==----:-*####****=------==-====
[2024-08-02T17:02:41.814+0900] {process_utils.py:191} INFO - 
[2024-08-02T17:02:41.836+0900] {python.py:237} INFO - Done. Returned value was: None
[2024-08-02T17:02:41.836+0900] {taskinstance.py:441} INFO - ::group::Post task execution logs
[2024-08-02T17:02:41.841+0900] {taskinstance.py:1206} INFO - Marking task as SUCCESS. dag_id=movie, task_id=get.data, run_id=scheduled__2017-01-02T05:16:00+00:00, execution_date=20170102T051600, start_date=20240802T080235, end_date=20240802T080241
[2024-08-02T17:02:41.919+0900] {local_task_job_runner.py:243} INFO - Task exited with return code 0
[2024-08-02T17:02:41.931+0900] {taskinstance.py:3503} INFO - 0 downstream tasks scheduled from follow-on schedule check
[2024-08-02T17:02:41.932+0900] {local_task_job_runner.py:222} INFO - ::endgroup::
