[2024-08-02T17:32:25.887+0900] {local_task_job_runner.py:120} INFO - ::group::Pre task execution logs
[2024-08-02T17:32:25.908+0900] {taskinstance.py:2076} INFO - Dependencies all met for dep_context=non-requeueable deps ti=<TaskInstance: movie.get.data scheduled__2017-01-04T05:49:00+00:00 [queued]>
[2024-08-02T17:32:25.914+0900] {taskinstance.py:2076} INFO - Dependencies all met for dep_context=requeueable deps ti=<TaskInstance: movie.get.data scheduled__2017-01-04T05:49:00+00:00 [queued]>
[2024-08-02T17:32:25.915+0900] {taskinstance.py:2306} INFO - Starting attempt 1 of 3
[2024-08-02T17:32:25.933+0900] {taskinstance.py:2330} INFO - Executing <Task(PythonVirtualenvOperator): get.data> on 2017-01-04 05:49:00+00:00
[2024-08-02T17:32:25.937+0900] {standard_task_runner.py:64} INFO - Started process 166764 to run task
[2024-08-02T17:32:25.940+0900] {standard_task_runner.py:90} INFO - Running: ['airflow', 'tasks', 'run', 'movie', 'get.data', 'scheduled__2017-01-04T05:49:00+00:00', '--job-id', '240', '--raw', '--subdir', 'DAGS_FOLDER/movie.py', '--cfg-path', '/tmp/tmpc8kfeb6y']
[2024-08-02T17:32:25.942+0900] {standard_task_runner.py:91} INFO - Job 240: Subtask get.data
[2024-08-02T17:32:25.978+0900] {task_command.py:426} INFO - Running <TaskInstance: movie.get.data scheduled__2017-01-04T05:49:00+00:00 [running]> on host playdata.
[2024-08-02T17:32:26.049+0900] {taskinstance.py:2648} INFO - Exporting env vars: AIRFLOW_CTX_DAG_OWNER='airflow' AIRFLOW_CTX_DAG_ID='movie' AIRFLOW_CTX_TASK_ID='get.data' AIRFLOW_CTX_EXECUTION_DATE='2017-01-04T05:49:00+00:00' AIRFLOW_CTX_TRY_NUMBER='1' AIRFLOW_CTX_DAG_RUN_ID='scheduled__2017-01-04T05:49:00+00:00'
[2024-08-02T17:32:26.050+0900] {taskinstance.py:430} INFO - ::endgroup::
[2024-08-02T17:32:26.061+0900] {baseoperator.py:400} WARNING - PythonVirtualenvOperator.execute cannot be called outside TaskInstance!
[2024-08-02T17:32:26.062+0900] {process_utils.py:183} INFO - Executing cmd: /home/oddsummer/.pyenv/versions/3.11.9/envs/air/bin/python -m virtualenv /tmp/venvqz5l79p1 --python=python
[2024-08-02T17:32:26.062+0900] {process_utils.py:187} INFO - Output:
[2024-08-02T17:32:26.394+0900] {process_utils.py:191} INFO - created virtual environment CPython3.11.9.final.0-64 in 227ms
[2024-08-02T17:32:26.395+0900] {process_utils.py:191} INFO -   creator CPython3Posix(dest=/tmp/venvqz5l79p1, clear=False, no_vcs_ignore=False, global=False)
[2024-08-02T17:32:26.395+0900] {process_utils.py:191} INFO -   seeder FromAppData(download=False, pip=bundle, setuptools=bundle, wheel=bundle, via=copy, app_data_dir=/home/oddsummer/.local/share/virtualenv)
[2024-08-02T17:32:26.395+0900] {process_utils.py:191} INFO -     added seed packages: pip==24.1.2, setuptools==70.2.0, wheel==0.43.0
[2024-08-02T17:32:26.395+0900] {process_utils.py:191} INFO -   activators BashActivator,CShellActivator,FishActivator,NushellActivator,PowerShellActivator,PythonActivator
[2024-08-02T17:32:26.417+0900] {process_utils.py:183} INFO - Executing cmd: /tmp/venvqz5l79p1/bin/pip install -r /tmp/venvqz5l79p1/requirements.txt
[2024-08-02T17:32:26.418+0900] {process_utils.py:187} INFO - Output:
[2024-08-02T17:32:27.340+0900] {process_utils.py:191} INFO - Collecting git+https://github.com/7-TRG/extract_trg.git@main (from -r /tmp/venvqz5l79p1/requirements.txt (line 1))
[2024-08-02T17:32:27.340+0900] {process_utils.py:191} INFO -   Cloning https://github.com/7-TRG/extract_trg.git (to revision main) to /tmp/pip-req-build-vb_1fj5d
[2024-08-02T17:32:27.343+0900] {process_utils.py:191} INFO -   Running command git clone --filter=blob:none --quiet https://github.com/7-TRG/extract_trg.git /tmp/pip-req-build-vb_1fj5d
[2024-08-02T17:32:29.073+0900] {process_utils.py:191} INFO -   Resolved https://github.com/7-TRG/extract_trg.git to commit 0712b3f1bbaeeeea58bf80749079a62c7e1bec3d
[2024-08-02T17:32:29.078+0900] {process_utils.py:191} INFO -   Installing build dependencies: started
[2024-08-02T17:32:30.967+0900] {process_utils.py:191} INFO -   Installing build dependencies: finished with status 'done'
[2024-08-02T17:32:30.967+0900] {process_utils.py:191} INFO -   Getting requirements to build wheel: started
[2024-08-02T17:32:31.205+0900] {process_utils.py:191} INFO -   Getting requirements to build wheel: finished with status 'done'
[2024-08-02T17:32:31.206+0900] {process_utils.py:191} INFO -   Preparing metadata (pyproject.toml): started
[2024-08-02T17:32:31.448+0900] {process_utils.py:191} INFO -   Preparing metadata (pyproject.toml): finished with status 'done'
[2024-08-02T17:32:31.452+0900] {process_utils.py:191} INFO - Building wheels for collected packages: extract_trg
[2024-08-02T17:32:31.455+0900] {process_utils.py:191} INFO -   Building wheel for extract_trg (pyproject.toml): started
[2024-08-02T17:32:31.725+0900] {process_utils.py:191} INFO -   Building wheel for extract_trg (pyproject.toml): finished with status 'done'
[2024-08-02T17:32:31.726+0900] {process_utils.py:191} INFO -   Created wheel for extract_trg: filename=extract_trg-0.1.0-py3-none-any.whl size=2219 sha256=a71bc632aedcd6300d05fb8e7c2d7ef6e53eadea9df002f4d8cba4bc60765f7f
[2024-08-02T17:32:31.726+0900] {process_utils.py:191} INFO -   Stored in directory: /tmp/pip-ephem-wheel-cache-tjzkvb42/wheels/21/97/ea/e27bc4298590f1b8a2b9c46b60aefbe2e3076cf05f6bd5e464
[2024-08-02T17:32:31.728+0900] {process_utils.py:191} INFO - Successfully built extract_trg
[2024-08-02T17:32:31.738+0900] {process_utils.py:191} INFO - Installing collected packages: extract_trg
[2024-08-02T17:32:31.755+0900] {process_utils.py:191} INFO - Successfully installed extract_trg-0.1.0
[2024-08-02T17:32:31.761+0900] {process_utils.py:191} INFO - 
[2024-08-02T17:32:31.761+0900] {process_utils.py:191} INFO - [notice] A new release of pip is available: 24.1.2 -> 24.2
[2024-08-02T17:32:31.761+0900] {process_utils.py:191} INFO - [notice] To update, run: python -m pip install --upgrade pip
[2024-08-02T17:32:31.856+0900] {process_utils.py:183} INFO - Executing cmd: /tmp/venvqz5l79p1/bin/python /tmp/venv-callazbjzmuk/script.py /tmp/venv-callazbjzmuk/script.in /tmp/venv-callazbjzmuk/script.out /tmp/venv-callazbjzmuk/string_args.txt /tmp/venv-callazbjzmuk/termination.log
[2024-08-02T17:32:31.856+0900] {process_utils.py:187} INFO - Output:
[2024-08-02T17:32:31.875+0900] {process_utils.py:191} INFO - 
[2024-08-02T17:32:31.875+0900] {process_utils.py:191} INFO - ---------------======---::::::------+--=======++++++++++===--:...::-=--==============--:.....:-=====
[2024-08-02T17:32:31.876+0900] {process_utils.py:191} INFO - ----::---------------------===--::--+-----=============++++++===---:....--===============--:...:-===
[2024-08-02T17:32:31.876+0900] {process_utils.py:191} INFO - ----------------------------------=++----------------------=+===========-::.:-======================
[2024-08-02T17:32:31.876+0900] {process_utils.py:191} INFO - =----------------------------------==-----------------------=-----==============================+=--
[2024-08-02T17:32:31.876+0900] {process_utils.py:191} INFO - %%####=----------------------------==----------------------=-::::-----======+*%#++================::
[2024-08-02T17:32:31.876+0900] {process_utils.py:191} INFO - %%%%%#=----------------------------=-:---------------------=--==--------=====*#*=================-::
[2024-08-02T17:32:31.876+0900] {process_utils.py:191} INFO - @@%%%*-----------------+***++=-----=-::-------------------:+---------=====+++====================-::
[2024-08-02T17:32:31.877+0900] {process_utils.py:191} INFO - @@%%%*---------------#%%%%##%%#=---=-+##*#+----------------=------------=====+====-=--===========-::
[2024-08-02T17:32:31.877+0900] {process_utils.py:191} INFO - @@@%%+--=+*%%%+-----+%@@%#++%%%#=--=*%+===#+::----------::=-----------=+*##*++=-----------=======-::
[2024-08-02T17:32:31.877+0900] {process_utils.py:191} INFO - +++++=-+#+***#*=-----#*++**+#@@@*--+#+**+***-:=-:---=*+-::=-----==+++*######%%%#=-------------==-:::
[2024-08-02T17:32:31.877+0900] {process_utils.py:191} INFO - *******-:::-*=-------+===+=-=+#%%:-=++++=+==-:=-:::=%%#-::###=-*#%%%%%%%%%%%%%%%%+---------------:::
[2024-08-02T17:32:31.877+0900] {process_utils.py:191} INFO - =====+=:--::+---+--+**++++*+++#%*-=--**++++-:=++=::+#*-::=%%%#*#%%%%%%%%@@%%%%@@%%#====------+#%%=-*
[2024-08-02T17:32:31.877+0900] {process_utils.py:191} INFO - =-==++---=+==*#%%%%%%=*++++++++==-=-*##*+=##**++=--++-:--*=-=*#%%%@%###*###*+++*%%%*=============-#%
[2024-08-02T17:32:31.877+0900] {process_utils.py:191} INFO - +-=------=*%%%%@%@@@@***=+*#+*##*#%%@@**++%@%%%%*+=--=-=+-:--:#%@@%#*****###*+---+*++#**===---=++*%@
[2024-08-02T17:32:31.877+0900] {process_utils.py:191} INFO - --==-::-*%%%@@@@@@@%#*=-+++%@%##%%@@@@@%#%@@@%%@%%%*=--=#%####-%@%%####++++++=---==++*####*+++*%@%@@
[2024-08-02T17:32:31.878+0900] {process_utils.py:191} INFO - -=*+=-=#@@@@@@@@@#*+++++*@@@@@@@@@@@@@@@@@@@@@@@@@@@#+==-+*+#=:-+#%##**==++**+++=====+*###*+**#@%##%
[2024-08-02T17:32:31.878+0900] {process_utils.py:191} INFO - -=++-+%%@%@@@@%+=-++***#@@@@@@@@@@@@%:+@@*%+=%@@@@@@%%#%%#*=+--:-=#++**%#*+=+++++===+**####=*%%%%%%%
[2024-08-02T17:32:31.878+0900] {process_utils.py:191} INFO - -=++#%%####+-:---=*%%@@%#######**++++=+++++++++%%=+%@@%##*+==-=++=+*****##*===+++++==*#####*+#%%##%%
[2024-08-02T17:32:31.878+0900] {process_utils.py:191} INFO - -=*+=---==+=-::::-*@@@%+=======++++++++++++++*#%#**%%%*==-+*=--+==*****#**+=====+++++=***+++=+==::::
[2024-08-02T17:32:31.878+0900] {process_utils.py:191} INFO - =#*=++++++*###**==*@@@%=======++++++++*@@@@@@@@%%#####-:=+----==******##****+++++***==-=+=:::.::::::
[2024-08-02T17:32:31.878+0900] {process_utils.py:191} INFO - #%*+*++++**##*###*+#@@#=========++++==*%%%%%%%%######*=-----==+*********##########*+====::::::::::::
[2024-08-02T17:32:31.879+0900] {process_utils.py:191} INFO - ++++*#%%@%*##*##***%@@*===============+%##%%######%%%%*==-===+*********+=+*#######*++++-:::--::-----
[2024-08-02T17:32:31.879+0900] {process_utils.py:191} INFO - ===+*#%@@%*##**#**+=--================+%%#%%###%#%%%%%#======*#######*-:-++*####*****++:------------
[2024-08-02T17:32:31.879+0900] {process_utils.py:191} INFO - =+=------=##**##**+=--================+%%#%%###%%#%%%%%+=====+###**++==----:-*####****=------==-====
[2024-08-02T17:32:31.879+0900] {process_utils.py:191} INFO - 
[2024-08-02T17:32:31.901+0900] {python.py:237} INFO - Done. Returned value was: None
[2024-08-02T17:32:31.901+0900] {taskinstance.py:441} INFO - ::group::Post task execution logs
[2024-08-02T17:32:31.905+0900] {taskinstance.py:1206} INFO - Marking task as SUCCESS. dag_id=movie, task_id=get.data, run_id=scheduled__2017-01-04T05:49:00+00:00, execution_date=20170104T054900, start_date=20240802T083225, end_date=20240802T083231
[2024-08-02T17:32:31.946+0900] {local_task_job_runner.py:243} INFO - Task exited with return code 0
[2024-08-02T17:32:31.956+0900] {taskinstance.py:3503} INFO - 0 downstream tasks scheduled from follow-on schedule check
[2024-08-02T17:32:31.956+0900] {local_task_job_runner.py:222} INFO - ::endgroup::
