[2024-08-02T17:22:52.056+0900] {local_task_job_runner.py:120} INFO - ::group::Pre task execution logs
[2024-08-02T17:22:52.079+0900] {taskinstance.py:2076} INFO - Dependencies all met for dep_context=non-requeueable deps ti=<TaskInstance: movie.get.data scheduled__2017-01-04T05:00:00+00:00 [queued]>
[2024-08-02T17:22:52.086+0900] {taskinstance.py:2076} INFO - Dependencies all met for dep_context=requeueable deps ti=<TaskInstance: movie.get.data scheduled__2017-01-04T05:00:00+00:00 [queued]>
[2024-08-02T17:22:52.086+0900] {taskinstance.py:2306} INFO - Starting attempt 1 of 3
[2024-08-02T17:22:52.105+0900] {taskinstance.py:2330} INFO - Executing <Task(PythonVirtualenvOperator): get.data> on 2017-01-04 05:00:00+00:00
[2024-08-02T17:22:52.108+0900] {standard_task_runner.py:64} INFO - Started process 162412 to run task
[2024-08-02T17:22:52.111+0900] {standard_task_runner.py:90} INFO - Running: ['airflow', 'tasks', 'run', 'movie', 'get.data', 'scheduled__2017-01-04T05:00:00+00:00', '--job-id', '191', '--raw', '--subdir', 'DAGS_FOLDER/movie.py', '--cfg-path', '/tmp/tmpyh8ssqj6']
[2024-08-02T17:22:52.112+0900] {standard_task_runner.py:91} INFO - Job 191: Subtask get.data
[2024-08-02T17:22:52.151+0900] {task_command.py:426} INFO - Running <TaskInstance: movie.get.data scheduled__2017-01-04T05:00:00+00:00 [running]> on host playdata.
[2024-08-02T17:22:52.228+0900] {taskinstance.py:2648} INFO - Exporting env vars: AIRFLOW_CTX_DAG_OWNER='airflow' AIRFLOW_CTX_DAG_ID='movie' AIRFLOW_CTX_TASK_ID='get.data' AIRFLOW_CTX_EXECUTION_DATE='2017-01-04T05:00:00+00:00' AIRFLOW_CTX_TRY_NUMBER='1' AIRFLOW_CTX_DAG_RUN_ID='scheduled__2017-01-04T05:00:00+00:00'
[2024-08-02T17:22:52.228+0900] {taskinstance.py:430} INFO - ::endgroup::
[2024-08-02T17:22:52.238+0900] {baseoperator.py:400} WARNING - PythonVirtualenvOperator.execute cannot be called outside TaskInstance!
[2024-08-02T17:22:52.239+0900] {process_utils.py:183} INFO - Executing cmd: /home/oddsummer/.pyenv/versions/3.11.9/envs/air/bin/python -m virtualenv /tmp/venv3qou9m3k --python=python
[2024-08-02T17:22:52.240+0900] {process_utils.py:187} INFO - Output:
[2024-08-02T17:22:52.666+0900] {process_utils.py:191} INFO - created virtual environment CPython3.11.9.final.0-64 in 307ms
[2024-08-02T17:22:52.666+0900] {process_utils.py:191} INFO -   creator CPython3Posix(dest=/tmp/venv3qou9m3k, clear=False, no_vcs_ignore=False, global=False)
[2024-08-02T17:22:52.666+0900] {process_utils.py:191} INFO -   seeder FromAppData(download=False, pip=bundle, setuptools=bundle, wheel=bundle, via=copy, app_data_dir=/home/oddsummer/.local/share/virtualenv)
[2024-08-02T17:22:52.666+0900] {process_utils.py:191} INFO -     added seed packages: pip==24.1.2, setuptools==70.2.0, wheel==0.43.0
[2024-08-02T17:22:52.666+0900] {process_utils.py:191} INFO -   activators BashActivator,CShellActivator,FishActivator,NushellActivator,PowerShellActivator,PythonActivator
[2024-08-02T17:22:52.689+0900] {process_utils.py:183} INFO - Executing cmd: /tmp/venv3qou9m3k/bin/pip install -r /tmp/venv3qou9m3k/requirements.txt
[2024-08-02T17:22:52.689+0900] {process_utils.py:187} INFO - Output:
[2024-08-02T17:22:53.690+0900] {process_utils.py:191} INFO - Collecting git+https://github.com/7-TRG/extract_trg.git@main (from -r /tmp/venv3qou9m3k/requirements.txt (line 1))
[2024-08-02T17:22:53.690+0900] {process_utils.py:191} INFO -   Cloning https://github.com/7-TRG/extract_trg.git (to revision main) to /tmp/pip-req-build-bw_kj11d
[2024-08-02T17:22:53.693+0900] {process_utils.py:191} INFO -   Running command git clone --filter=blob:none --quiet https://github.com/7-TRG/extract_trg.git /tmp/pip-req-build-bw_kj11d
[2024-08-02T17:22:55.336+0900] {process_utils.py:191} INFO -   Resolved https://github.com/7-TRG/extract_trg.git to commit 0712b3f1bbaeeeea58bf80749079a62c7e1bec3d
[2024-08-02T17:22:55.340+0900] {process_utils.py:191} INFO -   Installing build dependencies: started
[2024-08-02T17:22:57.183+0900] {process_utils.py:191} INFO -   Installing build dependencies: finished with status 'done'
[2024-08-02T17:22:57.184+0900] {process_utils.py:191} INFO -   Getting requirements to build wheel: started
[2024-08-02T17:22:57.457+0900] {process_utils.py:191} INFO -   Getting requirements to build wheel: finished with status 'done'
[2024-08-02T17:22:57.459+0900] {process_utils.py:191} INFO -   Preparing metadata (pyproject.toml): started
[2024-08-02T17:22:57.765+0900] {process_utils.py:191} INFO -   Preparing metadata (pyproject.toml): finished with status 'done'
[2024-08-02T17:22:57.768+0900] {process_utils.py:191} INFO - Building wheels for collected packages: extract_trg
[2024-08-02T17:22:57.772+0900] {process_utils.py:191} INFO -   Building wheel for extract_trg (pyproject.toml): started
[2024-08-02T17:22:58.056+0900] {process_utils.py:191} INFO -   Building wheel for extract_trg (pyproject.toml): finished with status 'done'
[2024-08-02T17:22:58.057+0900] {process_utils.py:191} INFO -   Created wheel for extract_trg: filename=extract_trg-0.1.0-py3-none-any.whl size=2219 sha256=b897b2d77993664ad02183cca6d62124a089592e1b2420181a16107aec9f3fd1
[2024-08-02T17:22:58.057+0900] {process_utils.py:191} INFO -   Stored in directory: /tmp/pip-ephem-wheel-cache-i32tltjh/wheels/21/97/ea/e27bc4298590f1b8a2b9c46b60aefbe2e3076cf05f6bd5e464
[2024-08-02T17:22:58.059+0900] {process_utils.py:191} INFO - Successfully built extract_trg
[2024-08-02T17:22:58.068+0900] {process_utils.py:191} INFO - Installing collected packages: extract_trg
[2024-08-02T17:22:58.084+0900] {process_utils.py:191} INFO - Successfully installed extract_trg-0.1.0
[2024-08-02T17:22:58.090+0900] {process_utils.py:191} INFO - 
[2024-08-02T17:22:58.090+0900] {process_utils.py:191} INFO - [notice] A new release of pip is available: 24.1.2 -> 24.2
[2024-08-02T17:22:58.090+0900] {process_utils.py:191} INFO - [notice] To update, run: python -m pip install --upgrade pip
[2024-08-02T17:22:58.191+0900] {process_utils.py:183} INFO - Executing cmd: /tmp/venv3qou9m3k/bin/python /tmp/venv-callwrym9x5r/script.py /tmp/venv-callwrym9x5r/script.in /tmp/venv-callwrym9x5r/script.out /tmp/venv-callwrym9x5r/string_args.txt /tmp/venv-callwrym9x5r/termination.log
[2024-08-02T17:22:58.191+0900] {process_utils.py:187} INFO - Output:
[2024-08-02T17:22:58.214+0900] {process_utils.py:191} INFO - 
[2024-08-02T17:22:58.215+0900] {process_utils.py:191} INFO - ---------------======---::::::------+--=======++++++++++===--:...::-=--==============--:.....:-=====
[2024-08-02T17:22:58.215+0900] {process_utils.py:191} INFO - ----::---------------------===--::--+-----=============++++++===---:....--===============--:...:-===
[2024-08-02T17:22:58.215+0900] {process_utils.py:191} INFO - ----------------------------------=++----------------------=+===========-::.:-======================
[2024-08-02T17:22:58.215+0900] {process_utils.py:191} INFO - =----------------------------------==-----------------------=-----==============================+=--
[2024-08-02T17:22:58.215+0900] {process_utils.py:191} INFO - %%####=----------------------------==----------------------=-::::-----======+*%#++================::
[2024-08-02T17:22:58.215+0900] {process_utils.py:191} INFO - %%%%%#=----------------------------=-:---------------------=--==--------=====*#*=================-::
[2024-08-02T17:22:58.215+0900] {process_utils.py:191} INFO - @@%%%*-----------------+***++=-----=-::-------------------:+---------=====+++====================-::
[2024-08-02T17:22:58.216+0900] {process_utils.py:191} INFO - @@%%%*---------------#%%%%##%%#=---=-+##*#+----------------=------------=====+====-=--===========-::
[2024-08-02T17:22:58.216+0900] {process_utils.py:191} INFO - @@@%%+--=+*%%%+-----+%@@%#++%%%#=--=*%+===#+::----------::=-----------=+*##*++=-----------=======-::
[2024-08-02T17:22:58.216+0900] {process_utils.py:191} INFO - +++++=-+#+***#*=-----#*++**+#@@@*--+#+**+***-:=-:---=*+-::=-----==+++*######%%%#=-------------==-:::
[2024-08-02T17:22:58.216+0900] {process_utils.py:191} INFO - *******-:::-*=-------+===+=-=+#%%:-=++++=+==-:=-:::=%%#-::###=-*#%%%%%%%%%%%%%%%%+---------------:::
[2024-08-02T17:22:58.216+0900] {process_utils.py:191} INFO - =====+=:--::+---+--+**++++*+++#%*-=--**++++-:=++=::+#*-::=%%%#*#%%%%%%%%@@%%%%@@%%#====------+#%%=-*
[2024-08-02T17:22:58.216+0900] {process_utils.py:191} INFO - =-==++---=+==*#%%%%%%=*++++++++==-=-*##*+=##**++=--++-:--*=-=*#%%%@%###*###*+++*%%%*=============-#%
[2024-08-02T17:22:58.216+0900] {process_utils.py:191} INFO - +-=------=*%%%%@%@@@@***=+*#+*##*#%%@@**++%@%%%%*+=--=-=+-:--:#%@@%#*****###*+---+*++#**===---=++*%@
[2024-08-02T17:22:58.217+0900] {process_utils.py:191} INFO - --==-::-*%%%@@@@@@@%#*=-+++%@%##%%@@@@@%#%@@@%%@%%%*=--=#%####-%@%%####++++++=---==++*####*+++*%@%@@
[2024-08-02T17:22:58.217+0900] {process_utils.py:191} INFO - -=*+=-=#@@@@@@@@@#*+++++*@@@@@@@@@@@@@@@@@@@@@@@@@@@#+==-+*+#=:-+#%##**==++**+++=====+*###*+**#@%##%
[2024-08-02T17:22:58.217+0900] {process_utils.py:191} INFO - -=++-+%%@%@@@@%+=-++***#@@@@@@@@@@@@%:+@@*%+=%@@@@@@%%#%%#*=+--:-=#++**%#*+=+++++===+**####=*%%%%%%%
[2024-08-02T17:22:58.217+0900] {process_utils.py:191} INFO - -=++#%%####+-:---=*%%@@%#######**++++=+++++++++%%=+%@@%##*+==-=++=+*****##*===+++++==*#####*+#%%##%%
[2024-08-02T17:22:58.217+0900] {process_utils.py:191} INFO - -=*+=---==+=-::::-*@@@%+=======++++++++++++++*#%#**%%%*==-+*=--+==*****#**+=====+++++=***+++=+==::::
[2024-08-02T17:22:58.217+0900] {process_utils.py:191} INFO - =#*=++++++*###**==*@@@%=======++++++++*@@@@@@@@%%#####-:=+----==******##****+++++***==-=+=:::.::::::
[2024-08-02T17:22:58.217+0900] {process_utils.py:191} INFO - #%*+*++++**##*###*+#@@#=========++++==*%%%%%%%%######*=-----==+*********##########*+====::::::::::::
[2024-08-02T17:22:58.217+0900] {process_utils.py:191} INFO - ++++*#%%@%*##*##***%@@*===============+%##%%######%%%%*==-===+*********+=+*#######*++++-:::--::-----
[2024-08-02T17:22:58.218+0900] {process_utils.py:191} INFO - ===+*#%@@%*##**#**+=--================+%%#%%###%#%%%%%#======*#######*-:-++*####*****++:------------
[2024-08-02T17:22:58.218+0900] {process_utils.py:191} INFO - =+=------=##**##**+=--================+%%#%%###%%#%%%%%+=====+###**++==----:-*####****=------==-====
[2024-08-02T17:22:58.218+0900] {process_utils.py:191} INFO - 
[2024-08-02T17:22:58.240+0900] {python.py:237} INFO - Done. Returned value was: None
[2024-08-02T17:22:58.240+0900] {taskinstance.py:441} INFO - ::group::Post task execution logs
[2024-08-02T17:22:58.244+0900] {taskinstance.py:1206} INFO - Marking task as SUCCESS. dag_id=movie, task_id=get.data, run_id=scheduled__2017-01-04T05:00:00+00:00, execution_date=20170104T050000, start_date=20240802T082252, end_date=20240802T082258
[2024-08-02T17:22:58.279+0900] {local_task_job_runner.py:243} INFO - Task exited with return code 0
[2024-08-02T17:22:58.298+0900] {taskinstance.py:3503} INFO - 0 downstream tasks scheduled from follow-on schedule check
[2024-08-02T17:22:58.298+0900] {local_task_job_runner.py:222} INFO - ::endgroup::
