[2024-08-02T17:16:12.667+0900] {local_task_job_runner.py:120} INFO - ::group::Pre task execution logs
[2024-08-02T17:16:12.693+0900] {taskinstance.py:2076} INFO - Dependencies all met for dep_context=non-requeueable deps ti=<TaskInstance: movie.get.data scheduled__2017-01-03T05:26:00+00:00 [queued]>
[2024-08-02T17:16:12.700+0900] {taskinstance.py:2076} INFO - Dependencies all met for dep_context=requeueable deps ti=<TaskInstance: movie.get.data scheduled__2017-01-03T05:26:00+00:00 [queued]>
[2024-08-02T17:16:12.700+0900] {taskinstance.py:2306} INFO - Starting attempt 1 of 3
[2024-08-02T17:16:12.717+0900] {taskinstance.py:2330} INFO - Executing <Task(PythonVirtualenvOperator): get.data> on 2017-01-03 05:26:00+00:00
[2024-08-02T17:16:12.719+0900] {standard_task_runner.py:64} INFO - Started process 159490 to run task
[2024-08-02T17:16:12.723+0900] {standard_task_runner.py:90} INFO - Running: ['airflow', 'tasks', 'run', 'movie', 'get.data', 'scheduled__2017-01-03T05:26:00+00:00', '--job-id', '157', '--raw', '--subdir', 'DAGS_FOLDER/movie.py', '--cfg-path', '/tmp/tmpukop_q9p']
[2024-08-02T17:16:12.725+0900] {standard_task_runner.py:91} INFO - Job 157: Subtask get.data
[2024-08-02T17:16:12.761+0900] {task_command.py:426} INFO - Running <TaskInstance: movie.get.data scheduled__2017-01-03T05:26:00+00:00 [running]> on host playdata.
[2024-08-02T17:16:12.837+0900] {taskinstance.py:2648} INFO - Exporting env vars: AIRFLOW_CTX_DAG_OWNER='airflow' AIRFLOW_CTX_DAG_ID='movie' AIRFLOW_CTX_TASK_ID='get.data' AIRFLOW_CTX_EXECUTION_DATE='2017-01-03T05:26:00+00:00' AIRFLOW_CTX_TRY_NUMBER='1' AIRFLOW_CTX_DAG_RUN_ID='scheduled__2017-01-03T05:26:00+00:00'
[2024-08-02T17:16:12.837+0900] {taskinstance.py:430} INFO - ::endgroup::
[2024-08-02T17:16:12.848+0900] {baseoperator.py:400} WARNING - PythonVirtualenvOperator.execute cannot be called outside TaskInstance!
[2024-08-02T17:16:12.849+0900] {process_utils.py:183} INFO - Executing cmd: /home/oddsummer/.pyenv/versions/3.11.9/envs/air/bin/python -m virtualenv /tmp/venvjk188mip --python=python
[2024-08-02T17:16:12.850+0900] {process_utils.py:187} INFO - Output:
[2024-08-02T17:16:13.216+0900] {process_utils.py:191} INFO - created virtual environment CPython3.11.9.final.0-64 in 254ms
[2024-08-02T17:16:13.217+0900] {process_utils.py:191} INFO -   creator CPython3Posix(dest=/tmp/venvjk188mip, clear=False, no_vcs_ignore=False, global=False)
[2024-08-02T17:16:13.217+0900] {process_utils.py:191} INFO -   seeder FromAppData(download=False, pip=bundle, setuptools=bundle, wheel=bundle, via=copy, app_data_dir=/home/oddsummer/.local/share/virtualenv)
[2024-08-02T17:16:13.217+0900] {process_utils.py:191} INFO -     added seed packages: pip==24.1.2, setuptools==70.2.0, wheel==0.43.0
[2024-08-02T17:16:13.217+0900] {process_utils.py:191} INFO -   activators BashActivator,CShellActivator,FishActivator,NushellActivator,PowerShellActivator,PythonActivator
[2024-08-02T17:16:13.242+0900] {process_utils.py:183} INFO - Executing cmd: /tmp/venvjk188mip/bin/pip install -r /tmp/venvjk188mip/requirements.txt
[2024-08-02T17:16:13.242+0900] {process_utils.py:187} INFO - Output:
[2024-08-02T17:16:14.348+0900] {process_utils.py:191} INFO - Collecting git+https://github.com/7-TRG/extract_trg.git@main (from -r /tmp/venvjk188mip/requirements.txt (line 1))
[2024-08-02T17:16:14.349+0900] {process_utils.py:191} INFO -   Cloning https://github.com/7-TRG/extract_trg.git (to revision main) to /tmp/pip-req-build-3erkq_tk
[2024-08-02T17:16:14.351+0900] {process_utils.py:191} INFO -   Running command git clone --filter=blob:none --quiet https://github.com/7-TRG/extract_trg.git /tmp/pip-req-build-3erkq_tk
[2024-08-02T17:16:15.842+0900] {process_utils.py:191} INFO -   Resolved https://github.com/7-TRG/extract_trg.git to commit 0712b3f1bbaeeeea58bf80749079a62c7e1bec3d
[2024-08-02T17:16:15.847+0900] {process_utils.py:191} INFO -   Installing build dependencies: started
[2024-08-02T17:16:18.028+0900] {process_utils.py:191} INFO -   Installing build dependencies: finished with status 'done'
[2024-08-02T17:16:18.029+0900] {process_utils.py:191} INFO -   Getting requirements to build wheel: started
[2024-08-02T17:16:18.316+0900] {process_utils.py:191} INFO -   Getting requirements to build wheel: finished with status 'done'
[2024-08-02T17:16:18.317+0900] {process_utils.py:191} INFO -   Preparing metadata (pyproject.toml): started
[2024-08-02T17:16:18.574+0900] {process_utils.py:191} INFO -   Preparing metadata (pyproject.toml): finished with status 'done'
[2024-08-02T17:16:18.577+0900] {process_utils.py:191} INFO - Building wheels for collected packages: extract_trg
[2024-08-02T17:16:18.580+0900] {process_utils.py:191} INFO -   Building wheel for extract_trg (pyproject.toml): started
[2024-08-02T17:16:18.837+0900] {process_utils.py:191} INFO -   Building wheel for extract_trg (pyproject.toml): finished with status 'done'
[2024-08-02T17:16:18.838+0900] {process_utils.py:191} INFO -   Created wheel for extract_trg: filename=extract_trg-0.1.0-py3-none-any.whl size=2219 sha256=b0f34eb3bb0b1c7d68217f09d796df9651e433b0ef7ddd4e2548177ee06807d0
[2024-08-02T17:16:18.838+0900] {process_utils.py:191} INFO -   Stored in directory: /tmp/pip-ephem-wheel-cache-wikqb9t2/wheels/21/97/ea/e27bc4298590f1b8a2b9c46b60aefbe2e3076cf05f6bd5e464
[2024-08-02T17:16:18.840+0900] {process_utils.py:191} INFO - Successfully built extract_trg
[2024-08-02T17:16:18.850+0900] {process_utils.py:191} INFO - Installing collected packages: extract_trg
[2024-08-02T17:16:18.876+0900] {process_utils.py:191} INFO - Successfully installed extract_trg-0.1.0
[2024-08-02T17:16:18.883+0900] {process_utils.py:191} INFO - 
[2024-08-02T17:16:18.883+0900] {process_utils.py:191} INFO - [notice] A new release of pip is available: 24.1.2 -> 24.2
[2024-08-02T17:16:18.884+0900] {process_utils.py:191} INFO - [notice] To update, run: python -m pip install --upgrade pip
[2024-08-02T17:16:18.981+0900] {process_utils.py:183} INFO - Executing cmd: /tmp/venvjk188mip/bin/python /tmp/venv-callaj_nv9zx/script.py /tmp/venv-callaj_nv9zx/script.in /tmp/venv-callaj_nv9zx/script.out /tmp/venv-callaj_nv9zx/string_args.txt /tmp/venv-callaj_nv9zx/termination.log
[2024-08-02T17:16:18.982+0900] {process_utils.py:187} INFO - Output:
[2024-08-02T17:16:19.001+0900] {process_utils.py:191} INFO - 
[2024-08-02T17:16:19.002+0900] {process_utils.py:191} INFO - ---------------======---::::::------+--=======++++++++++===--:...::-=--==============--:.....:-=====
[2024-08-02T17:16:19.002+0900] {process_utils.py:191} INFO - ----::---------------------===--::--+-----=============++++++===---:....--===============--:...:-===
[2024-08-02T17:16:19.002+0900] {process_utils.py:191} INFO - ----------------------------------=++----------------------=+===========-::.:-======================
[2024-08-02T17:16:19.002+0900] {process_utils.py:191} INFO - =----------------------------------==-----------------------=-----==============================+=--
[2024-08-02T17:16:19.002+0900] {process_utils.py:191} INFO - %%####=----------------------------==----------------------=-::::-----======+*%#++================::
[2024-08-02T17:16:19.003+0900] {process_utils.py:191} INFO - %%%%%#=----------------------------=-:---------------------=--==--------=====*#*=================-::
[2024-08-02T17:16:19.003+0900] {process_utils.py:191} INFO - @@%%%*-----------------+***++=-----=-::-------------------:+---------=====+++====================-::
[2024-08-02T17:16:19.003+0900] {process_utils.py:191} INFO - @@%%%*---------------#%%%%##%%#=---=-+##*#+----------------=------------=====+====-=--===========-::
[2024-08-02T17:16:19.003+0900] {process_utils.py:191} INFO - @@@%%+--=+*%%%+-----+%@@%#++%%%#=--=*%+===#+::----------::=-----------=+*##*++=-----------=======-::
[2024-08-02T17:16:19.004+0900] {process_utils.py:191} INFO - +++++=-+#+***#*=-----#*++**+#@@@*--+#+**+***-:=-:---=*+-::=-----==+++*######%%%#=-------------==-:::
[2024-08-02T17:16:19.004+0900] {process_utils.py:191} INFO - *******-:::-*=-------+===+=-=+#%%:-=++++=+==-:=-:::=%%#-::###=-*#%%%%%%%%%%%%%%%%+---------------:::
[2024-08-02T17:16:19.004+0900] {process_utils.py:191} INFO - =====+=:--::+---+--+**++++*+++#%*-=--**++++-:=++=::+#*-::=%%%#*#%%%%%%%%@@%%%%@@%%#====------+#%%=-*
[2024-08-02T17:16:19.004+0900] {process_utils.py:191} INFO - =-==++---=+==*#%%%%%%=*++++++++==-=-*##*+=##**++=--++-:--*=-=*#%%%@%###*###*+++*%%%*=============-#%
[2024-08-02T17:16:19.005+0900] {process_utils.py:191} INFO - +-=------=*%%%%@%@@@@***=+*#+*##*#%%@@**++%@%%%%*+=--=-=+-:--:#%@@%#*****###*+---+*++#**===---=++*%@
[2024-08-02T17:16:19.005+0900] {process_utils.py:191} INFO - --==-::-*%%%@@@@@@@%#*=-+++%@%##%%@@@@@%#%@@@%%@%%%*=--=#%####-%@%%####++++++=---==++*####*+++*%@%@@
[2024-08-02T17:16:19.005+0900] {process_utils.py:191} INFO - -=*+=-=#@@@@@@@@@#*+++++*@@@@@@@@@@@@@@@@@@@@@@@@@@@#+==-+*+#=:-+#%##**==++**+++=====+*###*+**#@%##%
[2024-08-02T17:16:19.005+0900] {process_utils.py:191} INFO - -=++-+%%@%@@@@%+=-++***#@@@@@@@@@@@@%:+@@*%+=%@@@@@@%%#%%#*=+--:-=#++**%#*+=+++++===+**####=*%%%%%%%
[2024-08-02T17:16:19.005+0900] {process_utils.py:191} INFO - -=++#%%####+-:---=*%%@@%#######**++++=+++++++++%%=+%@@%##*+==-=++=+*****##*===+++++==*#####*+#%%##%%
[2024-08-02T17:16:19.005+0900] {process_utils.py:191} INFO - -=*+=---==+=-::::-*@@@%+=======++++++++++++++*#%#**%%%*==-+*=--+==*****#**+=====+++++=***+++=+==::::
[2024-08-02T17:16:19.005+0900] {process_utils.py:191} INFO - =#*=++++++*###**==*@@@%=======++++++++*@@@@@@@@%%#####-:=+----==******##****+++++***==-=+=:::.::::::
[2024-08-02T17:16:19.005+0900] {process_utils.py:191} INFO - #%*+*++++**##*###*+#@@#=========++++==*%%%%%%%%######*=-----==+*********##########*+====::::::::::::
[2024-08-02T17:16:19.006+0900] {process_utils.py:191} INFO - ++++*#%%@%*##*##***%@@*===============+%##%%######%%%%*==-===+*********+=+*#######*++++-:::--::-----
[2024-08-02T17:16:19.006+0900] {process_utils.py:191} INFO - ===+*#%@@%*##**#**+=--================+%%#%%###%#%%%%%#======*#######*-:-++*####*****++:------------
[2024-08-02T17:16:19.006+0900] {process_utils.py:191} INFO - =+=------=##**##**+=--================+%%#%%###%%#%%%%%+=====+###**++==----:-*####****=------==-====
[2024-08-02T17:16:19.006+0900] {process_utils.py:191} INFO - 
[2024-08-02T17:16:19.028+0900] {python.py:237} INFO - Done. Returned value was: None
[2024-08-02T17:16:19.029+0900] {taskinstance.py:441} INFO - ::group::Post task execution logs
[2024-08-02T17:16:19.034+0900] {taskinstance.py:1206} INFO - Marking task as SUCCESS. dag_id=movie, task_id=get.data, run_id=scheduled__2017-01-03T05:26:00+00:00, execution_date=20170103T052600, start_date=20240802T081612, end_date=20240802T081619
[2024-08-02T17:16:19.079+0900] {local_task_job_runner.py:243} INFO - Task exited with return code 0
[2024-08-02T17:16:19.093+0900] {taskinstance.py:3503} INFO - 0 downstream tasks scheduled from follow-on schedule check
[2024-08-02T17:16:19.093+0900] {local_task_job_runner.py:222} INFO - ::endgroup::
