[2024-08-02T17:07:56.450+0900] {local_task_job_runner.py:120} INFO - ::group::Pre task execution logs
[2024-08-02T17:07:56.473+0900] {taskinstance.py:2076} INFO - Dependencies all met for dep_context=non-requeueable deps ti=<TaskInstance: movie.get.data scheduled__2017-01-02T05:44:00+00:00 [queued]>
[2024-08-02T17:07:56.478+0900] {taskinstance.py:2076} INFO - Dependencies all met for dep_context=requeueable deps ti=<TaskInstance: movie.get.data scheduled__2017-01-02T05:44:00+00:00 [queued]>
[2024-08-02T17:07:56.479+0900] {taskinstance.py:2306} INFO - Starting attempt 1 of 3
[2024-08-02T17:07:56.495+0900] {taskinstance.py:2330} INFO - Executing <Task(PythonVirtualenvOperator): get.data> on 2017-01-02 05:44:00+00:00
[2024-08-02T17:07:56.499+0900] {standard_task_runner.py:64} INFO - Started process 154559 to run task
[2024-08-02T17:07:56.503+0900] {standard_task_runner.py:90} INFO - Running: ['airflow', 'tasks', 'run', 'movie', 'get.data', 'scheduled__2017-01-02T05:44:00+00:00', '--job-id', '115', '--raw', '--subdir', 'DAGS_FOLDER/movie.py', '--cfg-path', '/tmp/tmpfai1ndk7']
[2024-08-02T17:07:56.506+0900] {standard_task_runner.py:91} INFO - Job 115: Subtask get.data
[2024-08-02T17:07:56.557+0900] {task_command.py:426} INFO - Running <TaskInstance: movie.get.data scheduled__2017-01-02T05:44:00+00:00 [running]> on host playdata.
[2024-08-02T17:07:56.636+0900] {taskinstance.py:2648} INFO - Exporting env vars: AIRFLOW_CTX_DAG_OWNER='airflow' AIRFLOW_CTX_DAG_ID='movie' AIRFLOW_CTX_TASK_ID='get.data' AIRFLOW_CTX_EXECUTION_DATE='2017-01-02T05:44:00+00:00' AIRFLOW_CTX_TRY_NUMBER='1' AIRFLOW_CTX_DAG_RUN_ID='scheduled__2017-01-02T05:44:00+00:00'
[2024-08-02T17:07:56.636+0900] {taskinstance.py:430} INFO - ::endgroup::
[2024-08-02T17:07:56.646+0900] {baseoperator.py:400} WARNING - PythonVirtualenvOperator.execute cannot be called outside TaskInstance!
[2024-08-02T17:07:56.647+0900] {process_utils.py:183} INFO - Executing cmd: /home/oddsummer/.pyenv/versions/3.11.9/envs/air/bin/python -m virtualenv /tmp/venv15n34wn8 --python=python
[2024-08-02T17:07:56.648+0900] {process_utils.py:187} INFO - Output:
[2024-08-02T17:07:57.121+0900] {process_utils.py:191} INFO - created virtual environment CPython3.11.9.final.0-64 in 350ms
[2024-08-02T17:07:57.121+0900] {process_utils.py:191} INFO -   creator CPython3Posix(dest=/tmp/venv15n34wn8, clear=False, no_vcs_ignore=False, global=False)
[2024-08-02T17:07:57.121+0900] {process_utils.py:191} INFO -   seeder FromAppData(download=False, pip=bundle, setuptools=bundle, wheel=bundle, via=copy, app_data_dir=/home/oddsummer/.local/share/virtualenv)
[2024-08-02T17:07:57.122+0900] {process_utils.py:191} INFO -     added seed packages: pip==24.1.2, setuptools==70.2.0, wheel==0.43.0
[2024-08-02T17:07:57.122+0900] {process_utils.py:191} INFO -   activators BashActivator,CShellActivator,FishActivator,NushellActivator,PowerShellActivator,PythonActivator
[2024-08-02T17:07:57.151+0900] {process_utils.py:183} INFO - Executing cmd: /tmp/venv15n34wn8/bin/pip install -r /tmp/venv15n34wn8/requirements.txt
[2024-08-02T17:07:57.152+0900] {process_utils.py:187} INFO - Output:
[2024-08-02T17:07:58.337+0900] {process_utils.py:191} INFO - Collecting git+https://github.com/7-TRG/extract_trg.git@main (from -r /tmp/venv15n34wn8/requirements.txt (line 1))
[2024-08-02T17:07:58.338+0900] {process_utils.py:191} INFO -   Cloning https://github.com/7-TRG/extract_trg.git (to revision main) to /tmp/pip-req-build-4hxr3phd
[2024-08-02T17:07:58.341+0900] {process_utils.py:191} INFO -   Running command git clone --filter=blob:none --quiet https://github.com/7-TRG/extract_trg.git /tmp/pip-req-build-4hxr3phd
[2024-08-02T17:07:59.852+0900] {process_utils.py:191} INFO -   Resolved https://github.com/7-TRG/extract_trg.git to commit 0712b3f1bbaeeeea58bf80749079a62c7e1bec3d
[2024-08-02T17:07:59.859+0900] {process_utils.py:191} INFO -   Installing build dependencies: started
[2024-08-02T17:08:01.723+0900] {process_utils.py:191} INFO -   Installing build dependencies: finished with status 'done'
[2024-08-02T17:08:01.724+0900] {process_utils.py:191} INFO -   Getting requirements to build wheel: started
[2024-08-02T17:08:01.973+0900] {process_utils.py:191} INFO -   Getting requirements to build wheel: finished with status 'done'
[2024-08-02T17:08:01.975+0900] {process_utils.py:191} INFO -   Preparing metadata (pyproject.toml): started
[2024-08-02T17:08:02.220+0900] {process_utils.py:191} INFO -   Preparing metadata (pyproject.toml): finished with status 'done'
[2024-08-02T17:08:02.223+0900] {process_utils.py:191} INFO - Building wheels for collected packages: extract_trg
[2024-08-02T17:08:02.226+0900] {process_utils.py:191} INFO -   Building wheel for extract_trg (pyproject.toml): started
[2024-08-02T17:08:02.480+0900] {process_utils.py:191} INFO -   Building wheel for extract_trg (pyproject.toml): finished with status 'done'
[2024-08-02T17:08:02.481+0900] {process_utils.py:191} INFO -   Created wheel for extract_trg: filename=extract_trg-0.1.0-py3-none-any.whl size=2219 sha256=20b118dd2182a5a9c4f415bbec5f201efa62d3faf7aed7266305979dfffb1d74
[2024-08-02T17:08:02.481+0900] {process_utils.py:191} INFO -   Stored in directory: /tmp/pip-ephem-wheel-cache-bfwdf5iu/wheels/21/97/ea/e27bc4298590f1b8a2b9c46b60aefbe2e3076cf05f6bd5e464
[2024-08-02T17:08:02.483+0900] {process_utils.py:191} INFO - Successfully built extract_trg
[2024-08-02T17:08:02.494+0900] {process_utils.py:191} INFO - Installing collected packages: extract_trg
[2024-08-02T17:08:02.515+0900] {process_utils.py:191} INFO - Successfully installed extract_trg-0.1.0
[2024-08-02T17:08:02.520+0900] {process_utils.py:191} INFO - 
[2024-08-02T17:08:02.521+0900] {process_utils.py:191} INFO - [notice] A new release of pip is available: 24.1.2 -> 24.2
[2024-08-02T17:08:02.521+0900] {process_utils.py:191} INFO - [notice] To update, run: python -m pip install --upgrade pip
[2024-08-02T17:08:02.618+0900] {process_utils.py:183} INFO - Executing cmd: /tmp/venv15n34wn8/bin/python /tmp/venv-callv3a7cw_3/script.py /tmp/venv-callv3a7cw_3/script.in /tmp/venv-callv3a7cw_3/script.out /tmp/venv-callv3a7cw_3/string_args.txt /tmp/venv-callv3a7cw_3/termination.log
[2024-08-02T17:08:02.619+0900] {process_utils.py:187} INFO - Output:
[2024-08-02T17:08:02.638+0900] {process_utils.py:191} INFO - 
[2024-08-02T17:08:02.638+0900] {process_utils.py:191} INFO - ---------------======---::::::------+--=======++++++++++===--:...::-=--==============--:.....:-=====
[2024-08-02T17:08:02.638+0900] {process_utils.py:191} INFO - ----::---------------------===--::--+-----=============++++++===---:....--===============--:...:-===
[2024-08-02T17:08:02.638+0900] {process_utils.py:191} INFO - ----------------------------------=++----------------------=+===========-::.:-======================
[2024-08-02T17:08:02.638+0900] {process_utils.py:191} INFO - =----------------------------------==-----------------------=-----==============================+=--
[2024-08-02T17:08:02.638+0900] {process_utils.py:191} INFO - %%####=----------------------------==----------------------=-::::-----======+*%#++================::
[2024-08-02T17:08:02.639+0900] {process_utils.py:191} INFO - %%%%%#=----------------------------=-:---------------------=--==--------=====*#*=================-::
[2024-08-02T17:08:02.639+0900] {process_utils.py:191} INFO - @@%%%*-----------------+***++=-----=-::-------------------:+---------=====+++====================-::
[2024-08-02T17:08:02.639+0900] {process_utils.py:191} INFO - @@%%%*---------------#%%%%##%%#=---=-+##*#+----------------=------------=====+====-=--===========-::
[2024-08-02T17:08:02.639+0900] {process_utils.py:191} INFO - @@@%%+--=+*%%%+-----+%@@%#++%%%#=--=*%+===#+::----------::=-----------=+*##*++=-----------=======-::
[2024-08-02T17:08:02.639+0900] {process_utils.py:191} INFO - +++++=-+#+***#*=-----#*++**+#@@@*--+#+**+***-:=-:---=*+-::=-----==+++*######%%%#=-------------==-:::
[2024-08-02T17:08:02.639+0900] {process_utils.py:191} INFO - *******-:::-*=-------+===+=-=+#%%:-=++++=+==-:=-:::=%%#-::###=-*#%%%%%%%%%%%%%%%%+---------------:::
[2024-08-02T17:08:02.639+0900] {process_utils.py:191} INFO - =====+=:--::+---+--+**++++*+++#%*-=--**++++-:=++=::+#*-::=%%%#*#%%%%%%%%@@%%%%@@%%#====------+#%%=-*
[2024-08-02T17:08:02.640+0900] {process_utils.py:191} INFO - =-==++---=+==*#%%%%%%=*++++++++==-=-*##*+=##**++=--++-:--*=-=*#%%%@%###*###*+++*%%%*=============-#%
[2024-08-02T17:08:02.640+0900] {process_utils.py:191} INFO - +-=------=*%%%%@%@@@@***=+*#+*##*#%%@@**++%@%%%%*+=--=-=+-:--:#%@@%#*****###*+---+*++#**===---=++*%@
[2024-08-02T17:08:02.640+0900] {process_utils.py:191} INFO - --==-::-*%%%@@@@@@@%#*=-+++%@%##%%@@@@@%#%@@@%%@%%%*=--=#%####-%@%%####++++++=---==++*####*+++*%@%@@
[2024-08-02T17:08:02.640+0900] {process_utils.py:191} INFO - -=*+=-=#@@@@@@@@@#*+++++*@@@@@@@@@@@@@@@@@@@@@@@@@@@#+==-+*+#=:-+#%##**==++**+++=====+*###*+**#@%##%
[2024-08-02T17:08:02.640+0900] {process_utils.py:191} INFO - -=++-+%%@%@@@@%+=-++***#@@@@@@@@@@@@%:+@@*%+=%@@@@@@%%#%%#*=+--:-=#++**%#*+=+++++===+**####=*%%%%%%%
[2024-08-02T17:08:02.640+0900] {process_utils.py:191} INFO - -=++#%%####+-:---=*%%@@%#######**++++=+++++++++%%=+%@@%##*+==-=++=+*****##*===+++++==*#####*+#%%##%%
[2024-08-02T17:08:02.641+0900] {process_utils.py:191} INFO - -=*+=---==+=-::::-*@@@%+=======++++++++++++++*#%#**%%%*==-+*=--+==*****#**+=====+++++=***+++=+==::::
[2024-08-02T17:08:02.641+0900] {process_utils.py:191} INFO - =#*=++++++*###**==*@@@%=======++++++++*@@@@@@@@%%#####-:=+----==******##****+++++***==-=+=:::.::::::
[2024-08-02T17:08:02.641+0900] {process_utils.py:191} INFO - #%*+*++++**##*###*+#@@#=========++++==*%%%%%%%%######*=-----==+*********##########*+====::::::::::::
[2024-08-02T17:08:02.641+0900] {process_utils.py:191} INFO - ++++*#%%@%*##*##***%@@*===============+%##%%######%%%%*==-===+*********+=+*#######*++++-:::--::-----
[2024-08-02T17:08:02.641+0900] {process_utils.py:191} INFO - ===+*#%@@%*##**#**+=--================+%%#%%###%#%%%%%#======*#######*-:-++*####*****++:------------
[2024-08-02T17:08:02.641+0900] {process_utils.py:191} INFO - =+=------=##**##**+=--================+%%#%%###%%#%%%%%+=====+###**++==----:-*####****=------==-====
[2024-08-02T17:08:02.641+0900] {process_utils.py:191} INFO - 
[2024-08-02T17:08:02.666+0900] {python.py:237} INFO - Done. Returned value was: None
[2024-08-02T17:08:02.666+0900] {taskinstance.py:441} INFO - ::group::Post task execution logs
[2024-08-02T17:08:02.670+0900] {taskinstance.py:1206} INFO - Marking task as SUCCESS. dag_id=movie, task_id=get.data, run_id=scheduled__2017-01-02T05:44:00+00:00, execution_date=20170102T054400, start_date=20240802T080756, end_date=20240802T080802
[2024-08-02T17:08:02.711+0900] {local_task_job_runner.py:243} INFO - Task exited with return code 0
[2024-08-02T17:08:02.722+0900] {taskinstance.py:3503} INFO - 0 downstream tasks scheduled from follow-on schedule check
[2024-08-02T17:08:02.723+0900] {local_task_job_runner.py:222} INFO - ::endgroup::
