[2024-08-02T16:57:13.223+0900] {local_task_job_runner.py:120} INFO - ::group::Pre task execution logs
[2024-08-02T16:57:13.243+0900] {taskinstance.py:2076} INFO - Dependencies all met for dep_context=non-requeueable deps ti=<TaskInstance: movie.get.data scheduled__2017-01-01T05:48:00+00:00 [queued]>
[2024-08-02T16:57:13.249+0900] {taskinstance.py:2076} INFO - Dependencies all met for dep_context=requeueable deps ti=<TaskInstance: movie.get.data scheduled__2017-01-01T05:48:00+00:00 [queued]>
[2024-08-02T16:57:13.249+0900] {taskinstance.py:2306} INFO - Starting attempt 1 of 3
[2024-08-02T16:57:13.264+0900] {taskinstance.py:2330} INFO - Executing <Task(PythonVirtualenvOperator): get.data> on 2017-01-01 05:48:00+00:00
[2024-08-02T16:57:13.267+0900] {standard_task_runner.py:64} INFO - Started process 149572 to run task
[2024-08-02T16:57:13.271+0900] {standard_task_runner.py:90} INFO - Running: ['airflow', 'tasks', 'run', 'movie', 'get.data', 'scheduled__2017-01-01T05:48:00+00:00', '--job-id', '59', '--raw', '--subdir', 'DAGS_FOLDER/movie.py', '--cfg-path', '/tmp/tmpn7ekgiv_']
[2024-08-02T16:57:13.273+0900] {standard_task_runner.py:91} INFO - Job 59: Subtask get.data
[2024-08-02T16:57:13.313+0900] {task_command.py:426} INFO - Running <TaskInstance: movie.get.data scheduled__2017-01-01T05:48:00+00:00 [running]> on host playdata.
[2024-08-02T16:57:13.381+0900] {taskinstance.py:2648} INFO - Exporting env vars: AIRFLOW_CTX_DAG_OWNER='airflow' AIRFLOW_CTX_DAG_ID='movie' AIRFLOW_CTX_TASK_ID='get.data' AIRFLOW_CTX_EXECUTION_DATE='2017-01-01T05:48:00+00:00' AIRFLOW_CTX_TRY_NUMBER='1' AIRFLOW_CTX_DAG_RUN_ID='scheduled__2017-01-01T05:48:00+00:00'
[2024-08-02T16:57:13.382+0900] {taskinstance.py:430} INFO - ::endgroup::
[2024-08-02T16:57:13.393+0900] {baseoperator.py:400} WARNING - PythonVirtualenvOperator.execute cannot be called outside TaskInstance!
[2024-08-02T16:57:13.394+0900] {process_utils.py:183} INFO - Executing cmd: /home/oddsummer/.pyenv/versions/3.11.9/envs/air/bin/python -m virtualenv /tmp/venv2bugv333 --python=python
[2024-08-02T16:57:13.394+0900] {process_utils.py:187} INFO - Output:
[2024-08-02T16:57:13.743+0900] {process_utils.py:191} INFO - created virtual environment CPython3.11.9.final.0-64 in 245ms
[2024-08-02T16:57:13.743+0900] {process_utils.py:191} INFO -   creator CPython3Posix(dest=/tmp/venv2bugv333, clear=False, no_vcs_ignore=False, global=False)
[2024-08-02T16:57:13.743+0900] {process_utils.py:191} INFO -   seeder FromAppData(download=False, pip=bundle, setuptools=bundle, wheel=bundle, via=copy, app_data_dir=/home/oddsummer/.local/share/virtualenv)
[2024-08-02T16:57:13.743+0900] {process_utils.py:191} INFO -     added seed packages: pip==24.1.2, setuptools==70.2.0, wheel==0.43.0
[2024-08-02T16:57:13.744+0900] {process_utils.py:191} INFO -   activators BashActivator,CShellActivator,FishActivator,NushellActivator,PowerShellActivator,PythonActivator
[2024-08-02T16:57:13.768+0900] {process_utils.py:183} INFO - Executing cmd: /tmp/venv2bugv333/bin/pip install -r /tmp/venv2bugv333/requirements.txt
[2024-08-02T16:57:13.769+0900] {process_utils.py:187} INFO - Output:
[2024-08-02T16:57:14.759+0900] {process_utils.py:191} INFO - Collecting git+https://github.com/7-TRG/extract_trg.git@main (from -r /tmp/venv2bugv333/requirements.txt (line 1))
[2024-08-02T16:57:14.760+0900] {process_utils.py:191} INFO -   Cloning https://github.com/7-TRG/extract_trg.git (to revision main) to /tmp/pip-req-build-zll9tr4x
[2024-08-02T16:57:14.762+0900] {process_utils.py:191} INFO -   Running command git clone --filter=blob:none --quiet https://github.com/7-TRG/extract_trg.git /tmp/pip-req-build-zll9tr4x
[2024-08-02T16:57:16.374+0900] {process_utils.py:191} INFO -   Resolved https://github.com/7-TRG/extract_trg.git to commit 0712b3f1bbaeeeea58bf80749079a62c7e1bec3d
[2024-08-02T16:57:16.379+0900] {process_utils.py:191} INFO -   Installing build dependencies: started
[2024-08-02T16:57:18.175+0900] {process_utils.py:191} INFO -   Installing build dependencies: finished with status 'done'
[2024-08-02T16:57:18.176+0900] {process_utils.py:191} INFO -   Getting requirements to build wheel: started
[2024-08-02T16:57:18.437+0900] {process_utils.py:191} INFO -   Getting requirements to build wheel: finished with status 'done'
[2024-08-02T16:57:18.438+0900] {process_utils.py:191} INFO -   Preparing metadata (pyproject.toml): started
[2024-08-02T16:57:18.684+0900] {process_utils.py:191} INFO -   Preparing metadata (pyproject.toml): finished with status 'done'
[2024-08-02T16:57:18.687+0900] {process_utils.py:191} INFO - Building wheels for collected packages: extract_trg
[2024-08-02T16:57:18.691+0900] {process_utils.py:191} INFO -   Building wheel for extract_trg (pyproject.toml): started
[2024-08-02T16:57:18.955+0900] {process_utils.py:191} INFO -   Building wheel for extract_trg (pyproject.toml): finished with status 'done'
[2024-08-02T16:57:18.956+0900] {process_utils.py:191} INFO -   Created wheel for extract_trg: filename=extract_trg-0.1.0-py3-none-any.whl size=2219 sha256=dfe79961028133228e87f9d845f27c6a8b5d5bbafdc305cf7f70bd32ccf0d38a
[2024-08-02T16:57:18.956+0900] {process_utils.py:191} INFO -   Stored in directory: /tmp/pip-ephem-wheel-cache-23yv4rvu/wheels/21/97/ea/e27bc4298590f1b8a2b9c46b60aefbe2e3076cf05f6bd5e464
[2024-08-02T16:57:18.958+0900] {process_utils.py:191} INFO - Successfully built extract_trg
[2024-08-02T16:57:18.971+0900] {process_utils.py:191} INFO - Installing collected packages: extract_trg
[2024-08-02T16:57:19.003+0900] {process_utils.py:191} INFO - Successfully installed extract_trg-0.1.0
[2024-08-02T16:57:19.009+0900] {process_utils.py:191} INFO - 
[2024-08-02T16:57:19.009+0900] {process_utils.py:191} INFO - [notice] A new release of pip is available: 24.1.2 -> 24.2
[2024-08-02T16:57:19.010+0900] {process_utils.py:191} INFO - [notice] To update, run: python -m pip install --upgrade pip
[2024-08-02T16:57:19.101+0900] {process_utils.py:183} INFO - Executing cmd: /tmp/venv2bugv333/bin/python /tmp/venv-call4k29clsi/script.py /tmp/venv-call4k29clsi/script.in /tmp/venv-call4k29clsi/script.out /tmp/venv-call4k29clsi/string_args.txt /tmp/venv-call4k29clsi/termination.log
[2024-08-02T16:57:19.101+0900] {process_utils.py:187} INFO - Output:
[2024-08-02T16:57:19.122+0900] {process_utils.py:191} INFO - 
[2024-08-02T16:57:19.122+0900] {process_utils.py:191} INFO - ---------------======---::::::------+--=======++++++++++===--:...::-=--==============--:.....:-=====
[2024-08-02T16:57:19.122+0900] {process_utils.py:191} INFO - ----::---------------------===--::--+-----=============++++++===---:....--===============--:...:-===
[2024-08-02T16:57:19.122+0900] {process_utils.py:191} INFO - ----------------------------------=++----------------------=+===========-::.:-======================
[2024-08-02T16:57:19.123+0900] {process_utils.py:191} INFO - =----------------------------------==-----------------------=-----==============================+=--
[2024-08-02T16:57:19.123+0900] {process_utils.py:191} INFO - %%####=----------------------------==----------------------=-::::-----======+*%#++================::
[2024-08-02T16:57:19.123+0900] {process_utils.py:191} INFO - %%%%%#=----------------------------=-:---------------------=--==--------=====*#*=================-::
[2024-08-02T16:57:19.123+0900] {process_utils.py:191} INFO - @@%%%*-----------------+***++=-----=-::-------------------:+---------=====+++====================-::
[2024-08-02T16:57:19.123+0900] {process_utils.py:191} INFO - @@%%%*---------------#%%%%##%%#=---=-+##*#+----------------=------------=====+====-=--===========-::
[2024-08-02T16:57:19.123+0900] {process_utils.py:191} INFO - @@@%%+--=+*%%%+-----+%@@%#++%%%#=--=*%+===#+::----------::=-----------=+*##*++=-----------=======-::
[2024-08-02T16:57:19.123+0900] {process_utils.py:191} INFO - +++++=-+#+***#*=-----#*++**+#@@@*--+#+**+***-:=-:---=*+-::=-----==+++*######%%%#=-------------==-:::
[2024-08-02T16:57:19.124+0900] {process_utils.py:191} INFO - *******-:::-*=-------+===+=-=+#%%:-=++++=+==-:=-:::=%%#-::###=-*#%%%%%%%%%%%%%%%%+---------------:::
[2024-08-02T16:57:19.124+0900] {process_utils.py:191} INFO - =====+=:--::+---+--+**++++*+++#%*-=--**++++-:=++=::+#*-::=%%%#*#%%%%%%%%@@%%%%@@%%#====------+#%%=-*
[2024-08-02T16:57:19.124+0900] {process_utils.py:191} INFO - =-==++---=+==*#%%%%%%=*++++++++==-=-*##*+=##**++=--++-:--*=-=*#%%%@%###*###*+++*%%%*=============-#%
[2024-08-02T16:57:19.124+0900] {process_utils.py:191} INFO - +-=------=*%%%%@%@@@@***=+*#+*##*#%%@@**++%@%%%%*+=--=-=+-:--:#%@@%#*****###*+---+*++#**===---=++*%@
[2024-08-02T16:57:19.124+0900] {process_utils.py:191} INFO - --==-::-*%%%@@@@@@@%#*=-+++%@%##%%@@@@@%#%@@@%%@%%%*=--=#%####-%@%%####++++++=---==++*####*+++*%@%@@
[2024-08-02T16:57:19.124+0900] {process_utils.py:191} INFO - -=*+=-=#@@@@@@@@@#*+++++*@@@@@@@@@@@@@@@@@@@@@@@@@@@#+==-+*+#=:-+#%##**==++**+++=====+*###*+**#@%##%
[2024-08-02T16:57:19.124+0900] {process_utils.py:191} INFO - -=++-+%%@%@@@@%+=-++***#@@@@@@@@@@@@%:+@@*%+=%@@@@@@%%#%%#*=+--:-=#++**%#*+=+++++===+**####=*%%%%%%%
[2024-08-02T16:57:19.125+0900] {process_utils.py:191} INFO - -=++#%%####+-:---=*%%@@%#######**++++=+++++++++%%=+%@@%##*+==-=++=+*****##*===+++++==*#####*+#%%##%%
[2024-08-02T16:57:19.125+0900] {process_utils.py:191} INFO - -=*+=---==+=-::::-*@@@%+=======++++++++++++++*#%#**%%%*==-+*=--+==*****#**+=====+++++=***+++=+==::::
[2024-08-02T16:57:19.125+0900] {process_utils.py:191} INFO - =#*=++++++*###**==*@@@%=======++++++++*@@@@@@@@%%#####-:=+----==******##****+++++***==-=+=:::.::::::
[2024-08-02T16:57:19.125+0900] {process_utils.py:191} INFO - #%*+*++++**##*###*+#@@#=========++++==*%%%%%%%%######*=-----==+*********##########*+====::::::::::::
[2024-08-02T16:57:19.125+0900] {process_utils.py:191} INFO - ++++*#%%@%*##*##***%@@*===============+%##%%######%%%%*==-===+*********+=+*#######*++++-:::--::-----
[2024-08-02T16:57:19.125+0900] {process_utils.py:191} INFO - ===+*#%@@%*##**#**+=--================+%%#%%###%#%%%%%#======*#######*-:-++*####*****++:------------
[2024-08-02T16:57:19.125+0900] {process_utils.py:191} INFO - =+=------=##**##**+=--================+%%#%%###%%#%%%%%+=====+###**++==----:-*####****=------==-====
[2024-08-02T16:57:19.125+0900] {process_utils.py:191} INFO - 
[2024-08-02T16:57:19.150+0900] {python.py:237} INFO - Done. Returned value was: None
[2024-08-02T16:57:19.151+0900] {taskinstance.py:441} INFO - ::group::Post task execution logs
[2024-08-02T16:57:19.154+0900] {taskinstance.py:1206} INFO - Marking task as SUCCESS. dag_id=movie, task_id=get.data, run_id=scheduled__2017-01-01T05:48:00+00:00, execution_date=20170101T054800, start_date=20240802T075713, end_date=20240802T075719
[2024-08-02T16:57:19.214+0900] {local_task_job_runner.py:243} INFO - Task exited with return code 0
[2024-08-02T16:57:19.226+0900] {taskinstance.py:3503} INFO - 0 downstream tasks scheduled from follow-on schedule check
[2024-08-02T16:57:19.226+0900] {local_task_job_runner.py:222} INFO - ::endgroup::
