[2024-08-02T17:28:49.147+0900] {local_task_job_runner.py:120} INFO - ::group::Pre task execution logs
[2024-08-02T17:28:49.178+0900] {taskinstance.py:2076} INFO - Dependencies all met for dep_context=non-requeueable deps ti=<TaskInstance: movie.get.data scheduled__2017-01-04T05:30:00+00:00 [queued]>
[2024-08-02T17:28:49.190+0900] {taskinstance.py:2076} INFO - Dependencies all met for dep_context=requeueable deps ti=<TaskInstance: movie.get.data scheduled__2017-01-04T05:30:00+00:00 [queued]>
[2024-08-02T17:28:49.190+0900] {taskinstance.py:2306} INFO - Starting attempt 1 of 3
[2024-08-02T17:28:49.210+0900] {taskinstance.py:2330} INFO - Executing <Task(PythonVirtualenvOperator): get.data> on 2017-01-04 05:30:00+00:00
[2024-08-02T17:28:49.212+0900] {standard_task_runner.py:64} INFO - Started process 164990 to run task
[2024-08-02T17:28:49.218+0900] {standard_task_runner.py:90} INFO - Running: ['airflow', 'tasks', 'run', 'movie', 'get.data', 'scheduled__2017-01-04T05:30:00+00:00', '--job-id', '221', '--raw', '--subdir', 'DAGS_FOLDER/movie.py', '--cfg-path', '/tmp/tmpzkv2_upp']
[2024-08-02T17:28:49.220+0900] {standard_task_runner.py:91} INFO - Job 221: Subtask get.data
[2024-08-02T17:28:49.268+0900] {task_command.py:426} INFO - Running <TaskInstance: movie.get.data scheduled__2017-01-04T05:30:00+00:00 [running]> on host playdata.
[2024-08-02T17:28:49.358+0900] {taskinstance.py:2648} INFO - Exporting env vars: AIRFLOW_CTX_DAG_OWNER='airflow' AIRFLOW_CTX_DAG_ID='movie' AIRFLOW_CTX_TASK_ID='get.data' AIRFLOW_CTX_EXECUTION_DATE='2017-01-04T05:30:00+00:00' AIRFLOW_CTX_TRY_NUMBER='1' AIRFLOW_CTX_DAG_RUN_ID='scheduled__2017-01-04T05:30:00+00:00'
[2024-08-02T17:28:49.358+0900] {taskinstance.py:430} INFO - ::endgroup::
[2024-08-02T17:28:49.370+0900] {baseoperator.py:400} WARNING - PythonVirtualenvOperator.execute cannot be called outside TaskInstance!
[2024-08-02T17:28:49.371+0900] {process_utils.py:183} INFO - Executing cmd: /home/oddsummer/.pyenv/versions/3.11.9/envs/air/bin/python -m virtualenv /tmp/venvde2z1nwq --python=python
[2024-08-02T17:28:49.372+0900] {process_utils.py:187} INFO - Output:
[2024-08-02T17:28:49.816+0900] {process_utils.py:191} INFO - created virtual environment CPython3.11.9.final.0-64 in 328ms
[2024-08-02T17:28:49.817+0900] {process_utils.py:191} INFO -   creator CPython3Posix(dest=/tmp/venvde2z1nwq, clear=False, no_vcs_ignore=False, global=False)
[2024-08-02T17:28:49.817+0900] {process_utils.py:191} INFO -   seeder FromAppData(download=False, pip=bundle, setuptools=bundle, wheel=bundle, via=copy, app_data_dir=/home/oddsummer/.local/share/virtualenv)
[2024-08-02T17:28:49.817+0900] {process_utils.py:191} INFO -     added seed packages: pip==24.1.2, setuptools==70.2.0, wheel==0.43.0
[2024-08-02T17:28:49.817+0900] {process_utils.py:191} INFO -   activators BashActivator,CShellActivator,FishActivator,NushellActivator,PowerShellActivator,PythonActivator
[2024-08-02T17:28:49.843+0900] {process_utils.py:183} INFO - Executing cmd: /tmp/venvde2z1nwq/bin/pip install -r /tmp/venvde2z1nwq/requirements.txt
[2024-08-02T17:28:49.844+0900] {process_utils.py:187} INFO - Output:
[2024-08-02T17:28:50.949+0900] {process_utils.py:191} INFO - Collecting git+https://github.com/7-TRG/extract_trg.git@main (from -r /tmp/venvde2z1nwq/requirements.txt (line 1))
[2024-08-02T17:28:50.952+0900] {process_utils.py:191} INFO -   Cloning https://github.com/7-TRG/extract_trg.git (to revision main) to /tmp/pip-req-build-yj6yjgnl
[2024-08-02T17:28:50.955+0900] {process_utils.py:191} INFO -   Running command git clone --filter=blob:none --quiet https://github.com/7-TRG/extract_trg.git /tmp/pip-req-build-yj6yjgnl
[2024-08-02T17:28:52.633+0900] {process_utils.py:191} INFO -   Resolved https://github.com/7-TRG/extract_trg.git to commit 0712b3f1bbaeeeea58bf80749079a62c7e1bec3d
[2024-08-02T17:28:52.641+0900] {process_utils.py:191} INFO -   Installing build dependencies: started
[2024-08-02T17:28:54.951+0900] {process_utils.py:191} INFO -   Installing build dependencies: finished with status 'done'
[2024-08-02T17:28:54.953+0900] {process_utils.py:191} INFO -   Getting requirements to build wheel: started
[2024-08-02T17:28:55.297+0900] {process_utils.py:191} INFO -   Getting requirements to build wheel: finished with status 'done'
[2024-08-02T17:28:55.301+0900] {process_utils.py:191} INFO -   Preparing metadata (pyproject.toml): started
[2024-08-02T17:28:55.725+0900] {process_utils.py:191} INFO -   Preparing metadata (pyproject.toml): finished with status 'done'
[2024-08-02T17:28:55.727+0900] {process_utils.py:191} INFO - Building wheels for collected packages: extract_trg
[2024-08-02T17:28:55.734+0900] {process_utils.py:191} INFO -   Building wheel for extract_trg (pyproject.toml): started
[2024-08-02T17:28:56.078+0900] {process_utils.py:191} INFO -   Building wheel for extract_trg (pyproject.toml): finished with status 'done'
[2024-08-02T17:28:56.079+0900] {process_utils.py:191} INFO -   Created wheel for extract_trg: filename=extract_trg-0.1.0-py3-none-any.whl size=2219 sha256=26fd73a9a00f843437fe30383bbd9286f555f83d509589578be3c083fabd2010
[2024-08-02T17:28:56.079+0900] {process_utils.py:191} INFO -   Stored in directory: /tmp/pip-ephem-wheel-cache-run9j_fd/wheels/21/97/ea/e27bc4298590f1b8a2b9c46b60aefbe2e3076cf05f6bd5e464
[2024-08-02T17:28:56.081+0900] {process_utils.py:191} INFO - Successfully built extract_trg
[2024-08-02T17:28:56.093+0900] {process_utils.py:191} INFO - Installing collected packages: extract_trg
[2024-08-02T17:28:56.115+0900] {process_utils.py:191} INFO - Successfully installed extract_trg-0.1.0
[2024-08-02T17:28:56.121+0900] {process_utils.py:191} INFO - 
[2024-08-02T17:28:56.121+0900] {process_utils.py:191} INFO - [notice] A new release of pip is available: 24.1.2 -> 24.2
[2024-08-02T17:28:56.121+0900] {process_utils.py:191} INFO - [notice] To update, run: python -m pip install --upgrade pip
[2024-08-02T17:28:56.220+0900] {process_utils.py:183} INFO - Executing cmd: /tmp/venvde2z1nwq/bin/python /tmp/venv-callhcjvr1px/script.py /tmp/venv-callhcjvr1px/script.in /tmp/venv-callhcjvr1px/script.out /tmp/venv-callhcjvr1px/string_args.txt /tmp/venv-callhcjvr1px/termination.log
[2024-08-02T17:28:56.220+0900] {process_utils.py:187} INFO - Output:
[2024-08-02T17:28:56.242+0900] {process_utils.py:191} INFO - 
[2024-08-02T17:28:56.242+0900] {process_utils.py:191} INFO - ---------------======---::::::------+--=======++++++++++===--:...::-=--==============--:.....:-=====
[2024-08-02T17:28:56.243+0900] {process_utils.py:191} INFO - ----::---------------------===--::--+-----=============++++++===---:....--===============--:...:-===
[2024-08-02T17:28:56.243+0900] {process_utils.py:191} INFO - ----------------------------------=++----------------------=+===========-::.:-======================
[2024-08-02T17:28:56.243+0900] {process_utils.py:191} INFO - =----------------------------------==-----------------------=-----==============================+=--
[2024-08-02T17:28:56.244+0900] {process_utils.py:191} INFO - %%####=----------------------------==----------------------=-::::-----======+*%#++================::
[2024-08-02T17:28:56.244+0900] {process_utils.py:191} INFO - %%%%%#=----------------------------=-:---------------------=--==--------=====*#*=================-::
[2024-08-02T17:28:56.244+0900] {process_utils.py:191} INFO - @@%%%*-----------------+***++=-----=-::-------------------:+---------=====+++====================-::
[2024-08-02T17:28:56.244+0900] {process_utils.py:191} INFO - @@%%%*---------------#%%%%##%%#=---=-+##*#+----------------=------------=====+====-=--===========-::
[2024-08-02T17:28:56.245+0900] {process_utils.py:191} INFO - @@@%%+--=+*%%%+-----+%@@%#++%%%#=--=*%+===#+::----------::=-----------=+*##*++=-----------=======-::
[2024-08-02T17:28:56.245+0900] {process_utils.py:191} INFO - +++++=-+#+***#*=-----#*++**+#@@@*--+#+**+***-:=-:---=*+-::=-----==+++*######%%%#=-------------==-:::
[2024-08-02T17:28:56.245+0900] {process_utils.py:191} INFO - *******-:::-*=-------+===+=-=+#%%:-=++++=+==-:=-:::=%%#-::###=-*#%%%%%%%%%%%%%%%%+---------------:::
[2024-08-02T17:28:56.245+0900] {process_utils.py:191} INFO - =====+=:--::+---+--+**++++*+++#%*-=--**++++-:=++=::+#*-::=%%%#*#%%%%%%%%@@%%%%@@%%#====------+#%%=-*
[2024-08-02T17:28:56.246+0900] {process_utils.py:191} INFO - =-==++---=+==*#%%%%%%=*++++++++==-=-*##*+=##**++=--++-:--*=-=*#%%%@%###*###*+++*%%%*=============-#%
[2024-08-02T17:28:56.246+0900] {process_utils.py:191} INFO - +-=------=*%%%%@%@@@@***=+*#+*##*#%%@@**++%@%%%%*+=--=-=+-:--:#%@@%#*****###*+---+*++#**===---=++*%@
[2024-08-02T17:28:56.246+0900] {process_utils.py:191} INFO - --==-::-*%%%@@@@@@@%#*=-+++%@%##%%@@@@@%#%@@@%%@%%%*=--=#%####-%@%%####++++++=---==++*####*+++*%@%@@
[2024-08-02T17:28:56.246+0900] {process_utils.py:191} INFO - -=*+=-=#@@@@@@@@@#*+++++*@@@@@@@@@@@@@@@@@@@@@@@@@@@#+==-+*+#=:-+#%##**==++**+++=====+*###*+**#@%##%
[2024-08-02T17:28:56.246+0900] {process_utils.py:191} INFO - -=++-+%%@%@@@@%+=-++***#@@@@@@@@@@@@%:+@@*%+=%@@@@@@%%#%%#*=+--:-=#++**%#*+=+++++===+**####=*%%%%%%%
[2024-08-02T17:28:56.247+0900] {process_utils.py:191} INFO - -=++#%%####+-:---=*%%@@%#######**++++=+++++++++%%=+%@@%##*+==-=++=+*****##*===+++++==*#####*+#%%##%%
[2024-08-02T17:28:56.247+0900] {process_utils.py:191} INFO - -=*+=---==+=-::::-*@@@%+=======++++++++++++++*#%#**%%%*==-+*=--+==*****#**+=====+++++=***+++=+==::::
[2024-08-02T17:28:56.247+0900] {process_utils.py:191} INFO - =#*=++++++*###**==*@@@%=======++++++++*@@@@@@@@%%#####-:=+----==******##****+++++***==-=+=:::.::::::
[2024-08-02T17:28:56.247+0900] {process_utils.py:191} INFO - #%*+*++++**##*###*+#@@#=========++++==*%%%%%%%%######*=-----==+*********##########*+====::::::::::::
[2024-08-02T17:28:56.247+0900] {process_utils.py:191} INFO - ++++*#%%@%*##*##***%@@*===============+%##%%######%%%%*==-===+*********+=+*#######*++++-:::--::-----
[2024-08-02T17:28:56.247+0900] {process_utils.py:191} INFO - ===+*#%@@%*##**#**+=--================+%%#%%###%#%%%%%#======*#######*-:-++*####*****++:------------
[2024-08-02T17:28:56.248+0900] {process_utils.py:191} INFO - =+=------=##**##**+=--================+%%#%%###%%#%%%%%+=====+###**++==----:-*####****=------==-====
[2024-08-02T17:28:56.248+0900] {process_utils.py:191} INFO - 
[2024-08-02T17:28:56.275+0900] {python.py:237} INFO - Done. Returned value was: None
[2024-08-02T17:28:56.276+0900] {taskinstance.py:441} INFO - ::group::Post task execution logs
[2024-08-02T17:28:56.280+0900] {taskinstance.py:1206} INFO - Marking task as SUCCESS. dag_id=movie, task_id=get.data, run_id=scheduled__2017-01-04T05:30:00+00:00, execution_date=20170104T053000, start_date=20240802T082849, end_date=20240802T082856
[2024-08-02T17:28:56.330+0900] {local_task_job_runner.py:243} INFO - Task exited with return code 0
[2024-08-02T17:28:56.344+0900] {taskinstance.py:3503} INFO - 0 downstream tasks scheduled from follow-on schedule check
[2024-08-02T17:28:56.345+0900] {local_task_job_runner.py:222} INFO - ::endgroup::
