[2024-08-02T16:55:20.317+0900] {local_task_job_runner.py:120} INFO - ::group::Pre task execution logs
[2024-08-02T16:55:20.342+0900] {taskinstance.py:2076} INFO - Dependencies all met for dep_context=non-requeueable deps ti=<TaskInstance: movie.get.data scheduled__2017-01-01T05:38:00+00:00 [queued]>
[2024-08-02T16:55:20.348+0900] {taskinstance.py:2076} INFO - Dependencies all met for dep_context=requeueable deps ti=<TaskInstance: movie.get.data scheduled__2017-01-01T05:38:00+00:00 [queued]>
[2024-08-02T16:55:20.348+0900] {taskinstance.py:2306} INFO - Starting attempt 1 of 3
[2024-08-02T16:55:20.364+0900] {taskinstance.py:2330} INFO - Executing <Task(PythonVirtualenvOperator): get.data> on 2017-01-01 05:38:00+00:00
[2024-08-02T16:55:20.367+0900] {standard_task_runner.py:64} INFO - Started process 147467 to run task
[2024-08-02T16:55:20.370+0900] {standard_task_runner.py:90} INFO - Running: ['airflow', 'tasks', 'run', 'movie', 'get.data', 'scheduled__2017-01-01T05:38:00+00:00', '--job-id', '49', '--raw', '--subdir', 'DAGS_FOLDER/movie.py', '--cfg-path', '/tmp/tmp5_d344js']
[2024-08-02T16:55:20.372+0900] {standard_task_runner.py:91} INFO - Job 49: Subtask get.data
[2024-08-02T16:55:20.407+0900] {task_command.py:426} INFO - Running <TaskInstance: movie.get.data scheduled__2017-01-01T05:38:00+00:00 [running]> on host playdata.
[2024-08-02T16:55:20.478+0900] {taskinstance.py:2648} INFO - Exporting env vars: AIRFLOW_CTX_DAG_OWNER='airflow' AIRFLOW_CTX_DAG_ID='movie' AIRFLOW_CTX_TASK_ID='get.data' AIRFLOW_CTX_EXECUTION_DATE='2017-01-01T05:38:00+00:00' AIRFLOW_CTX_TRY_NUMBER='1' AIRFLOW_CTX_DAG_RUN_ID='scheduled__2017-01-01T05:38:00+00:00'
[2024-08-02T16:55:20.478+0900] {taskinstance.py:430} INFO - ::endgroup::
[2024-08-02T16:55:20.489+0900] {baseoperator.py:400} WARNING - PythonVirtualenvOperator.execute cannot be called outside TaskInstance!
[2024-08-02T16:55:20.490+0900] {process_utils.py:183} INFO - Executing cmd: /home/oddsummer/.pyenv/versions/3.11.9/envs/air/bin/python -m virtualenv /tmp/venvnfbadhno --python=python
[2024-08-02T16:55:20.491+0900] {process_utils.py:187} INFO - Output:
[2024-08-02T16:55:20.893+0900] {process_utils.py:191} INFO - created virtual environment CPython3.11.9.final.0-64 in 292ms
[2024-08-02T16:55:20.893+0900] {process_utils.py:191} INFO -   creator CPython3Posix(dest=/tmp/venvnfbadhno, clear=False, no_vcs_ignore=False, global=False)
[2024-08-02T16:55:20.894+0900] {process_utils.py:191} INFO -   seeder FromAppData(download=False, pip=bundle, setuptools=bundle, wheel=bundle, via=copy, app_data_dir=/home/oddsummer/.local/share/virtualenv)
[2024-08-02T16:55:20.894+0900] {process_utils.py:191} INFO -     added seed packages: pip==24.1.2, setuptools==70.2.0, wheel==0.43.0
[2024-08-02T16:55:20.894+0900] {process_utils.py:191} INFO -   activators BashActivator,CShellActivator,FishActivator,NushellActivator,PowerShellActivator,PythonActivator
[2024-08-02T16:55:20.918+0900] {process_utils.py:183} INFO - Executing cmd: /tmp/venvnfbadhno/bin/pip install -r /tmp/venvnfbadhno/requirements.txt
[2024-08-02T16:55:20.919+0900] {process_utils.py:187} INFO - Output:
[2024-08-02T16:55:21.861+0900] {process_utils.py:191} INFO - Collecting git+https://github.com/7-TRG/extract_trg.git@main (from -r /tmp/venvnfbadhno/requirements.txt (line 1))
[2024-08-02T16:55:21.862+0900] {process_utils.py:191} INFO -   Cloning https://github.com/7-TRG/extract_trg.git (to revision main) to /tmp/pip-req-build-d9va5xgh
[2024-08-02T16:55:21.865+0900] {process_utils.py:191} INFO -   Running command git clone --filter=blob:none --quiet https://github.com/7-TRG/extract_trg.git /tmp/pip-req-build-d9va5xgh
[2024-08-02T16:55:23.529+0900] {process_utils.py:191} INFO -   Resolved https://github.com/7-TRG/extract_trg.git to commit 0712b3f1bbaeeeea58bf80749079a62c7e1bec3d
[2024-08-02T16:55:23.534+0900] {process_utils.py:191} INFO -   Installing build dependencies: started
[2024-08-02T16:55:25.376+0900] {process_utils.py:191} INFO -   Installing build dependencies: finished with status 'done'
[2024-08-02T16:55:25.377+0900] {process_utils.py:191} INFO -   Getting requirements to build wheel: started
[2024-08-02T16:55:25.617+0900] {process_utils.py:191} INFO -   Getting requirements to build wheel: finished with status 'done'
[2024-08-02T16:55:25.619+0900] {process_utils.py:191} INFO -   Preparing metadata (pyproject.toml): started
[2024-08-02T16:55:25.867+0900] {process_utils.py:191} INFO -   Preparing metadata (pyproject.toml): finished with status 'done'
[2024-08-02T16:55:25.869+0900] {process_utils.py:191} INFO - Building wheels for collected packages: extract_trg
[2024-08-02T16:55:25.873+0900] {process_utils.py:191} INFO -   Building wheel for extract_trg (pyproject.toml): started
[2024-08-02T16:55:26.132+0900] {process_utils.py:191} INFO -   Building wheel for extract_trg (pyproject.toml): finished with status 'done'
[2024-08-02T16:55:26.133+0900] {process_utils.py:191} INFO -   Created wheel for extract_trg: filename=extract_trg-0.1.0-py3-none-any.whl size=2219 sha256=dd0d88da170b7bb2d71eea83c3c1fb6cce685cbf7bb7ce2be10ef8a415db70b8
[2024-08-02T16:55:26.133+0900] {process_utils.py:191} INFO -   Stored in directory: /tmp/pip-ephem-wheel-cache-o1b9g52s/wheels/21/97/ea/e27bc4298590f1b8a2b9c46b60aefbe2e3076cf05f6bd5e464
[2024-08-02T16:55:26.135+0900] {process_utils.py:191} INFO - Successfully built extract_trg
[2024-08-02T16:55:26.144+0900] {process_utils.py:191} INFO - Installing collected packages: extract_trg
[2024-08-02T16:55:26.166+0900] {process_utils.py:191} INFO - Successfully installed extract_trg-0.1.0
[2024-08-02T16:55:26.172+0900] {process_utils.py:191} INFO - 
[2024-08-02T16:55:26.173+0900] {process_utils.py:191} INFO - [notice] A new release of pip is available: 24.1.2 -> 24.2
[2024-08-02T16:55:26.173+0900] {process_utils.py:191} INFO - [notice] To update, run: python -m pip install --upgrade pip
[2024-08-02T16:55:26.275+0900] {process_utils.py:183} INFO - Executing cmd: /tmp/venvnfbadhno/bin/python /tmp/venv-callqp_wq9zw/script.py /tmp/venv-callqp_wq9zw/script.in /tmp/venv-callqp_wq9zw/script.out /tmp/venv-callqp_wq9zw/string_args.txt /tmp/venv-callqp_wq9zw/termination.log
[2024-08-02T16:55:26.275+0900] {process_utils.py:187} INFO - Output:
[2024-08-02T16:55:26.295+0900] {process_utils.py:191} INFO - 
[2024-08-02T16:55:26.295+0900] {process_utils.py:191} INFO - ---------------======---::::::------+--=======++++++++++===--:...::-=--==============--:.....:-=====
[2024-08-02T16:55:26.296+0900] {process_utils.py:191} INFO - ----::---------------------===--::--+-----=============++++++===---:....--===============--:...:-===
[2024-08-02T16:55:26.296+0900] {process_utils.py:191} INFO - ----------------------------------=++----------------------=+===========-::.:-======================
[2024-08-02T16:55:26.296+0900] {process_utils.py:191} INFO - =----------------------------------==-----------------------=-----==============================+=--
[2024-08-02T16:55:26.296+0900] {process_utils.py:191} INFO - %%####=----------------------------==----------------------=-::::-----======+*%#++================::
[2024-08-02T16:55:26.297+0900] {process_utils.py:191} INFO - %%%%%#=----------------------------=-:---------------------=--==--------=====*#*=================-::
[2024-08-02T16:55:26.297+0900] {process_utils.py:191} INFO - @@%%%*-----------------+***++=-----=-::-------------------:+---------=====+++====================-::
[2024-08-02T16:55:26.297+0900] {process_utils.py:191} INFO - @@%%%*---------------#%%%%##%%#=---=-+##*#+----------------=------------=====+====-=--===========-::
[2024-08-02T16:55:26.297+0900] {process_utils.py:191} INFO - @@@%%+--=+*%%%+-----+%@@%#++%%%#=--=*%+===#+::----------::=-----------=+*##*++=-----------=======-::
[2024-08-02T16:55:26.297+0900] {process_utils.py:191} INFO - +++++=-+#+***#*=-----#*++**+#@@@*--+#+**+***-:=-:---=*+-::=-----==+++*######%%%#=-------------==-:::
[2024-08-02T16:55:26.298+0900] {process_utils.py:191} INFO - *******-:::-*=-------+===+=-=+#%%:-=++++=+==-:=-:::=%%#-::###=-*#%%%%%%%%%%%%%%%%+---------------:::
[2024-08-02T16:55:26.298+0900] {process_utils.py:191} INFO - =====+=:--::+---+--+**++++*+++#%*-=--**++++-:=++=::+#*-::=%%%#*#%%%%%%%%@@%%%%@@%%#====------+#%%=-*
[2024-08-02T16:55:26.298+0900] {process_utils.py:191} INFO - =-==++---=+==*#%%%%%%=*++++++++==-=-*##*+=##**++=--++-:--*=-=*#%%%@%###*###*+++*%%%*=============-#%
[2024-08-02T16:55:26.298+0900] {process_utils.py:191} INFO - +-=------=*%%%%@%@@@@***=+*#+*##*#%%@@**++%@%%%%*+=--=-=+-:--:#%@@%#*****###*+---+*++#**===---=++*%@
[2024-08-02T16:55:26.298+0900] {process_utils.py:191} INFO - --==-::-*%%%@@@@@@@%#*=-+++%@%##%%@@@@@%#%@@@%%@%%%*=--=#%####-%@%%####++++++=---==++*####*+++*%@%@@
[2024-08-02T16:55:26.299+0900] {process_utils.py:191} INFO - -=*+=-=#@@@@@@@@@#*+++++*@@@@@@@@@@@@@@@@@@@@@@@@@@@#+==-+*+#=:-+#%##**==++**+++=====+*###*+**#@%##%
[2024-08-02T16:55:26.299+0900] {process_utils.py:191} INFO - -=++-+%%@%@@@@%+=-++***#@@@@@@@@@@@@%:+@@*%+=%@@@@@@%%#%%#*=+--:-=#++**%#*+=+++++===+**####=*%%%%%%%
[2024-08-02T16:55:26.299+0900] {process_utils.py:191} INFO - -=++#%%####+-:---=*%%@@%#######**++++=+++++++++%%=+%@@%##*+==-=++=+*****##*===+++++==*#####*+#%%##%%
[2024-08-02T16:55:26.299+0900] {process_utils.py:191} INFO - -=*+=---==+=-::::-*@@@%+=======++++++++++++++*#%#**%%%*==-+*=--+==*****#**+=====+++++=***+++=+==::::
[2024-08-02T16:55:26.299+0900] {process_utils.py:191} INFO - =#*=++++++*###**==*@@@%=======++++++++*@@@@@@@@%%#####-:=+----==******##****+++++***==-=+=:::.::::::
[2024-08-02T16:55:26.299+0900] {process_utils.py:191} INFO - #%*+*++++**##*###*+#@@#=========++++==*%%%%%%%%######*=-----==+*********##########*+====::::::::::::
[2024-08-02T16:55:26.300+0900] {process_utils.py:191} INFO - ++++*#%%@%*##*##***%@@*===============+%##%%######%%%%*==-===+*********+=+*#######*++++-:::--::-----
[2024-08-02T16:55:26.300+0900] {process_utils.py:191} INFO - ===+*#%@@%*##**#**+=--================+%%#%%###%#%%%%%#======*#######*-:-++*####*****++:------------
[2024-08-02T16:55:26.300+0900] {process_utils.py:191} INFO - =+=------=##**##**+=--================+%%#%%###%%#%%%%%+=====+###**++==----:-*####****=------==-====
[2024-08-02T16:55:26.300+0900] {process_utils.py:191} INFO - 
[2024-08-02T16:55:26.329+0900] {python.py:237} INFO - Done. Returned value was: None
[2024-08-02T16:55:26.329+0900] {taskinstance.py:441} INFO - ::group::Post task execution logs
[2024-08-02T16:55:26.334+0900] {taskinstance.py:1206} INFO - Marking task as SUCCESS. dag_id=movie, task_id=get.data, run_id=scheduled__2017-01-01T05:38:00+00:00, execution_date=20170101T053800, start_date=20240802T075520, end_date=20240802T075526
[2024-08-02T16:55:26.381+0900] {local_task_job_runner.py:243} INFO - Task exited with return code 0
[2024-08-02T16:55:26.391+0900] {taskinstance.py:3503} INFO - 0 downstream tasks scheduled from follow-on schedule check
[2024-08-02T16:55:26.392+0900] {local_task_job_runner.py:222} INFO - ::endgroup::
