[2024-08-02T17:30:46.059+0900] {local_task_job_runner.py:120} INFO - ::group::Pre task execution logs
[2024-08-02T17:30:46.083+0900] {taskinstance.py:2076} INFO - Dependencies all met for dep_context=non-requeueable deps ti=<TaskInstance: movie.get.data scheduled__2017-01-04T05:40:00+00:00 [queued]>
[2024-08-02T17:30:46.090+0900] {taskinstance.py:2076} INFO - Dependencies all met for dep_context=requeueable deps ti=<TaskInstance: movie.get.data scheduled__2017-01-04T05:40:00+00:00 [queued]>
[2024-08-02T17:30:46.090+0900] {taskinstance.py:2306} INFO - Starting attempt 1 of 3
[2024-08-02T17:30:46.105+0900] {taskinstance.py:2330} INFO - Executing <Task(PythonVirtualenvOperator): get.data> on 2017-01-04 05:40:00+00:00
[2024-08-02T17:30:46.108+0900] {standard_task_runner.py:64} INFO - Started process 166018 to run task
[2024-08-02T17:30:46.111+0900] {standard_task_runner.py:90} INFO - Running: ['airflow', 'tasks', 'run', 'movie', 'get.data', 'scheduled__2017-01-04T05:40:00+00:00', '--job-id', '231', '--raw', '--subdir', 'DAGS_FOLDER/movie.py', '--cfg-path', '/tmp/tmp6r4j62u1']
[2024-08-02T17:30:46.113+0900] {standard_task_runner.py:91} INFO - Job 231: Subtask get.data
[2024-08-02T17:30:46.152+0900] {task_command.py:426} INFO - Running <TaskInstance: movie.get.data scheduled__2017-01-04T05:40:00+00:00 [running]> on host playdata.
[2024-08-02T17:30:46.224+0900] {taskinstance.py:2648} INFO - Exporting env vars: AIRFLOW_CTX_DAG_OWNER='airflow' AIRFLOW_CTX_DAG_ID='movie' AIRFLOW_CTX_TASK_ID='get.data' AIRFLOW_CTX_EXECUTION_DATE='2017-01-04T05:40:00+00:00' AIRFLOW_CTX_TRY_NUMBER='1' AIRFLOW_CTX_DAG_RUN_ID='scheduled__2017-01-04T05:40:00+00:00'
[2024-08-02T17:30:46.225+0900] {taskinstance.py:430} INFO - ::endgroup::
[2024-08-02T17:30:46.235+0900] {baseoperator.py:400} WARNING - PythonVirtualenvOperator.execute cannot be called outside TaskInstance!
[2024-08-02T17:30:46.236+0900] {process_utils.py:183} INFO - Executing cmd: /home/oddsummer/.pyenv/versions/3.11.9/envs/air/bin/python -m virtualenv /tmp/venv79om1a79 --python=python
[2024-08-02T17:30:46.236+0900] {process_utils.py:187} INFO - Output:
[2024-08-02T17:30:46.687+0900] {process_utils.py:191} INFO - created virtual environment CPython3.11.9.final.0-64 in 342ms
[2024-08-02T17:30:46.687+0900] {process_utils.py:191} INFO -   creator CPython3Posix(dest=/tmp/venv79om1a79, clear=False, no_vcs_ignore=False, global=False)
[2024-08-02T17:30:46.687+0900] {process_utils.py:191} INFO -   seeder FromAppData(download=False, pip=bundle, setuptools=bundle, wheel=bundle, via=copy, app_data_dir=/home/oddsummer/.local/share/virtualenv)
[2024-08-02T17:30:46.687+0900] {process_utils.py:191} INFO -     added seed packages: pip==24.1.2, setuptools==70.2.0, wheel==0.43.0
[2024-08-02T17:30:46.687+0900] {process_utils.py:191} INFO -   activators BashActivator,CShellActivator,FishActivator,NushellActivator,PowerShellActivator,PythonActivator
[2024-08-02T17:30:46.715+0900] {process_utils.py:183} INFO - Executing cmd: /tmp/venv79om1a79/bin/pip install -r /tmp/venv79om1a79/requirements.txt
[2024-08-02T17:30:46.716+0900] {process_utils.py:187} INFO - Output:
[2024-08-02T17:30:47.655+0900] {process_utils.py:191} INFO - Collecting git+https://github.com/7-TRG/extract_trg.git@main (from -r /tmp/venv79om1a79/requirements.txt (line 1))
[2024-08-02T17:30:47.656+0900] {process_utils.py:191} INFO -   Cloning https://github.com/7-TRG/extract_trg.git (to revision main) to /tmp/pip-req-build-l3k92yly
[2024-08-02T17:30:47.658+0900] {process_utils.py:191} INFO -   Running command git clone --filter=blob:none --quiet https://github.com/7-TRG/extract_trg.git /tmp/pip-req-build-l3k92yly
[2024-08-02T17:30:49.242+0900] {process_utils.py:191} INFO -   Resolved https://github.com/7-TRG/extract_trg.git to commit 0712b3f1bbaeeeea58bf80749079a62c7e1bec3d
[2024-08-02T17:30:49.248+0900] {process_utils.py:191} INFO -   Installing build dependencies: started
[2024-08-02T17:30:51.115+0900] {process_utils.py:191} INFO -   Installing build dependencies: finished with status 'done'
[2024-08-02T17:30:51.116+0900] {process_utils.py:191} INFO -   Getting requirements to build wheel: started
[2024-08-02T17:30:51.365+0900] {process_utils.py:191} INFO -   Getting requirements to build wheel: finished with status 'done'
[2024-08-02T17:30:51.367+0900] {process_utils.py:191} INFO -   Preparing metadata (pyproject.toml): started
[2024-08-02T17:30:51.620+0900] {process_utils.py:191} INFO -   Preparing metadata (pyproject.toml): finished with status 'done'
[2024-08-02T17:30:51.623+0900] {process_utils.py:191} INFO - Building wheels for collected packages: extract_trg
[2024-08-02T17:30:51.626+0900] {process_utils.py:191} INFO -   Building wheel for extract_trg (pyproject.toml): started
[2024-08-02T17:30:51.895+0900] {process_utils.py:191} INFO -   Building wheel for extract_trg (pyproject.toml): finished with status 'done'
[2024-08-02T17:30:51.896+0900] {process_utils.py:191} INFO -   Created wheel for extract_trg: filename=extract_trg-0.1.0-py3-none-any.whl size=2219 sha256=86a8458a88060b82e156d76a41e6f0518ce1a801895bde0d4d8dd5630615bece
[2024-08-02T17:30:51.896+0900] {process_utils.py:191} INFO -   Stored in directory: /tmp/pip-ephem-wheel-cache-nyc0d695/wheels/21/97/ea/e27bc4298590f1b8a2b9c46b60aefbe2e3076cf05f6bd5e464
[2024-08-02T17:30:51.898+0900] {process_utils.py:191} INFO - Successfully built extract_trg
[2024-08-02T17:30:51.908+0900] {process_utils.py:191} INFO - Installing collected packages: extract_trg
[2024-08-02T17:30:51.925+0900] {process_utils.py:191} INFO - Successfully installed extract_trg-0.1.0
[2024-08-02T17:30:51.931+0900] {process_utils.py:191} INFO - 
[2024-08-02T17:30:51.931+0900] {process_utils.py:191} INFO - [notice] A new release of pip is available: 24.1.2 -> 24.2
[2024-08-02T17:30:51.931+0900] {process_utils.py:191} INFO - [notice] To update, run: python -m pip install --upgrade pip
[2024-08-02T17:30:52.021+0900] {process_utils.py:183} INFO - Executing cmd: /tmp/venv79om1a79/bin/python /tmp/venv-callrsd3nvx1/script.py /tmp/venv-callrsd3nvx1/script.in /tmp/venv-callrsd3nvx1/script.out /tmp/venv-callrsd3nvx1/string_args.txt /tmp/venv-callrsd3nvx1/termination.log
[2024-08-02T17:30:52.022+0900] {process_utils.py:187} INFO - Output:
[2024-08-02T17:30:52.041+0900] {process_utils.py:191} INFO - 
[2024-08-02T17:30:52.042+0900] {process_utils.py:191} INFO - ---------------======---::::::------+--=======++++++++++===--:...::-=--==============--:.....:-=====
[2024-08-02T17:30:52.042+0900] {process_utils.py:191} INFO - ----::---------------------===--::--+-----=============++++++===---:....--===============--:...:-===
[2024-08-02T17:30:52.042+0900] {process_utils.py:191} INFO - ----------------------------------=++----------------------=+===========-::.:-======================
[2024-08-02T17:30:52.042+0900] {process_utils.py:191} INFO - =----------------------------------==-----------------------=-----==============================+=--
[2024-08-02T17:30:52.042+0900] {process_utils.py:191} INFO - %%####=----------------------------==----------------------=-::::-----======+*%#++================::
[2024-08-02T17:30:52.042+0900] {process_utils.py:191} INFO - %%%%%#=----------------------------=-:---------------------=--==--------=====*#*=================-::
[2024-08-02T17:30:52.042+0900] {process_utils.py:191} INFO - @@%%%*-----------------+***++=-----=-::-------------------:+---------=====+++====================-::
[2024-08-02T17:30:52.043+0900] {process_utils.py:191} INFO - @@%%%*---------------#%%%%##%%#=---=-+##*#+----------------=------------=====+====-=--===========-::
[2024-08-02T17:30:52.043+0900] {process_utils.py:191} INFO - @@@%%+--=+*%%%+-----+%@@%#++%%%#=--=*%+===#+::----------::=-----------=+*##*++=-----------=======-::
[2024-08-02T17:30:52.043+0900] {process_utils.py:191} INFO - +++++=-+#+***#*=-----#*++**+#@@@*--+#+**+***-:=-:---=*+-::=-----==+++*######%%%#=-------------==-:::
[2024-08-02T17:30:52.043+0900] {process_utils.py:191} INFO - *******-:::-*=-------+===+=-=+#%%:-=++++=+==-:=-:::=%%#-::###=-*#%%%%%%%%%%%%%%%%+---------------:::
[2024-08-02T17:30:52.043+0900] {process_utils.py:191} INFO - =====+=:--::+---+--+**++++*+++#%*-=--**++++-:=++=::+#*-::=%%%#*#%%%%%%%%@@%%%%@@%%#====------+#%%=-*
[2024-08-02T17:30:52.043+0900] {process_utils.py:191} INFO - =-==++---=+==*#%%%%%%=*++++++++==-=-*##*+=##**++=--++-:--*=-=*#%%%@%###*###*+++*%%%*=============-#%
[2024-08-02T17:30:52.043+0900] {process_utils.py:191} INFO - +-=------=*%%%%@%@@@@***=+*#+*##*#%%@@**++%@%%%%*+=--=-=+-:--:#%@@%#*****###*+---+*++#**===---=++*%@
[2024-08-02T17:30:52.043+0900] {process_utils.py:191} INFO - --==-::-*%%%@@@@@@@%#*=-+++%@%##%%@@@@@%#%@@@%%@%%%*=--=#%####-%@%%####++++++=---==++*####*+++*%@%@@
[2024-08-02T17:30:52.044+0900] {process_utils.py:191} INFO - -=*+=-=#@@@@@@@@@#*+++++*@@@@@@@@@@@@@@@@@@@@@@@@@@@#+==-+*+#=:-+#%##**==++**+++=====+*###*+**#@%##%
[2024-08-02T17:30:52.044+0900] {process_utils.py:191} INFO - -=++-+%%@%@@@@%+=-++***#@@@@@@@@@@@@%:+@@*%+=%@@@@@@%%#%%#*=+--:-=#++**%#*+=+++++===+**####=*%%%%%%%
[2024-08-02T17:30:52.044+0900] {process_utils.py:191} INFO - -=++#%%####+-:---=*%%@@%#######**++++=+++++++++%%=+%@@%##*+==-=++=+*****##*===+++++==*#####*+#%%##%%
[2024-08-02T17:30:52.044+0900] {process_utils.py:191} INFO - -=*+=---==+=-::::-*@@@%+=======++++++++++++++*#%#**%%%*==-+*=--+==*****#**+=====+++++=***+++=+==::::
[2024-08-02T17:30:52.044+0900] {process_utils.py:191} INFO - =#*=++++++*###**==*@@@%=======++++++++*@@@@@@@@%%#####-:=+----==******##****+++++***==-=+=:::.::::::
[2024-08-02T17:30:52.044+0900] {process_utils.py:191} INFO - #%*+*++++**##*###*+#@@#=========++++==*%%%%%%%%######*=-----==+*********##########*+====::::::::::::
[2024-08-02T17:30:52.044+0900] {process_utils.py:191} INFO - ++++*#%%@%*##*##***%@@*===============+%##%%######%%%%*==-===+*********+=+*#######*++++-:::--::-----
[2024-08-02T17:30:52.044+0900] {process_utils.py:191} INFO - ===+*#%@@%*##**#**+=--================+%%#%%###%#%%%%%#======*#######*-:-++*####*****++:------------
[2024-08-02T17:30:52.045+0900] {process_utils.py:191} INFO - =+=------=##**##**+=--================+%%#%%###%%#%%%%%+=====+###**++==----:-*####****=------==-====
[2024-08-02T17:30:52.045+0900] {process_utils.py:191} INFO - 
[2024-08-02T17:30:52.067+0900] {python.py:237} INFO - Done. Returned value was: None
[2024-08-02T17:30:52.067+0900] {taskinstance.py:441} INFO - ::group::Post task execution logs
[2024-08-02T17:30:52.071+0900] {taskinstance.py:1206} INFO - Marking task as SUCCESS. dag_id=movie, task_id=get.data, run_id=scheduled__2017-01-04T05:40:00+00:00, execution_date=20170104T054000, start_date=20240802T083046, end_date=20240802T083052
[2024-08-02T17:30:52.122+0900] {local_task_job_runner.py:243} INFO - Task exited with return code 0
[2024-08-02T17:30:52.137+0900] {taskinstance.py:3503} INFO - 0 downstream tasks scheduled from follow-on schedule check
[2024-08-02T17:30:52.137+0900] {local_task_job_runner.py:222} INFO - ::endgroup::
