[2024-08-02T17:33:10.668+0900] {local_task_job_runner.py:120} INFO - ::group::Pre task execution logs
[2024-08-02T17:33:10.691+0900] {taskinstance.py:2076} INFO - Dependencies all met for dep_context=non-requeueable deps ti=<TaskInstance: movie.get.data scheduled__2017-01-04T05:53:00+00:00 [queued]>
[2024-08-02T17:33:10.697+0900] {taskinstance.py:2076} INFO - Dependencies all met for dep_context=requeueable deps ti=<TaskInstance: movie.get.data scheduled__2017-01-04T05:53:00+00:00 [queued]>
[2024-08-02T17:33:10.697+0900] {taskinstance.py:2306} INFO - Starting attempt 1 of 3
[2024-08-02T17:33:10.715+0900] {taskinstance.py:2330} INFO - Executing <Task(PythonVirtualenvOperator): get.data> on 2017-01-04 05:53:00+00:00
[2024-08-02T17:33:10.717+0900] {standard_task_runner.py:64} INFO - Started process 167097 to run task
[2024-08-02T17:33:10.721+0900] {standard_task_runner.py:90} INFO - Running: ['airflow', 'tasks', 'run', 'movie', 'get.data', 'scheduled__2017-01-04T05:53:00+00:00', '--job-id', '244', '--raw', '--subdir', 'DAGS_FOLDER/movie.py', '--cfg-path', '/tmp/tmp2lnbqjzk']
[2024-08-02T17:33:10.723+0900] {standard_task_runner.py:91} INFO - Job 244: Subtask get.data
[2024-08-02T17:33:10.765+0900] {task_command.py:426} INFO - Running <TaskInstance: movie.get.data scheduled__2017-01-04T05:53:00+00:00 [running]> on host playdata.
[2024-08-02T17:33:10.841+0900] {taskinstance.py:2648} INFO - Exporting env vars: AIRFLOW_CTX_DAG_OWNER='airflow' AIRFLOW_CTX_DAG_ID='movie' AIRFLOW_CTX_TASK_ID='get.data' AIRFLOW_CTX_EXECUTION_DATE='2017-01-04T05:53:00+00:00' AIRFLOW_CTX_TRY_NUMBER='1' AIRFLOW_CTX_DAG_RUN_ID='scheduled__2017-01-04T05:53:00+00:00'
[2024-08-02T17:33:10.842+0900] {taskinstance.py:430} INFO - ::endgroup::
[2024-08-02T17:33:10.854+0900] {baseoperator.py:400} WARNING - PythonVirtualenvOperator.execute cannot be called outside TaskInstance!
[2024-08-02T17:33:10.855+0900] {process_utils.py:183} INFO - Executing cmd: /home/oddsummer/.pyenv/versions/3.11.9/envs/air/bin/python -m virtualenv /tmp/venvp1s3zhyr --python=python
[2024-08-02T17:33:10.856+0900] {process_utils.py:187} INFO - Output:
[2024-08-02T17:33:11.201+0900] {process_utils.py:191} INFO - created virtual environment CPython3.11.9.final.0-64 in 239ms
[2024-08-02T17:33:11.201+0900] {process_utils.py:191} INFO -   creator CPython3Posix(dest=/tmp/venvp1s3zhyr, clear=False, no_vcs_ignore=False, global=False)
[2024-08-02T17:33:11.201+0900] {process_utils.py:191} INFO -   seeder FromAppData(download=False, pip=bundle, setuptools=bundle, wheel=bundle, via=copy, app_data_dir=/home/oddsummer/.local/share/virtualenv)
[2024-08-02T17:33:11.202+0900] {process_utils.py:191} INFO -     added seed packages: pip==24.1.2, setuptools==70.2.0, wheel==0.43.0
[2024-08-02T17:33:11.202+0900] {process_utils.py:191} INFO -   activators BashActivator,CShellActivator,FishActivator,NushellActivator,PowerShellActivator,PythonActivator
[2024-08-02T17:33:11.225+0900] {process_utils.py:183} INFO - Executing cmd: /tmp/venvp1s3zhyr/bin/pip install -r /tmp/venvp1s3zhyr/requirements.txt
[2024-08-02T17:33:11.226+0900] {process_utils.py:187} INFO - Output:
[2024-08-02T17:33:12.174+0900] {process_utils.py:191} INFO - Collecting git+https://github.com/7-TRG/extract_trg.git@main (from -r /tmp/venvp1s3zhyr/requirements.txt (line 1))
[2024-08-02T17:33:12.175+0900] {process_utils.py:191} INFO -   Cloning https://github.com/7-TRG/extract_trg.git (to revision main) to /tmp/pip-req-build-roaaj8nu
[2024-08-02T17:33:12.178+0900] {process_utils.py:191} INFO -   Running command git clone --filter=blob:none --quiet https://github.com/7-TRG/extract_trg.git /tmp/pip-req-build-roaaj8nu
[2024-08-02T17:33:13.556+0900] {process_utils.py:191} INFO -   Resolved https://github.com/7-TRG/extract_trg.git to commit 0712b3f1bbaeeeea58bf80749079a62c7e1bec3d
[2024-08-02T17:33:13.561+0900] {process_utils.py:191} INFO -   Installing build dependencies: started
[2024-08-02T17:33:15.536+0900] {process_utils.py:191} INFO -   Installing build dependencies: finished with status 'done'
[2024-08-02T17:33:15.537+0900] {process_utils.py:191} INFO -   Getting requirements to build wheel: started
[2024-08-02T17:33:15.806+0900] {process_utils.py:191} INFO -   Getting requirements to build wheel: finished with status 'done'
[2024-08-02T17:33:15.807+0900] {process_utils.py:191} INFO -   Preparing metadata (pyproject.toml): started
[2024-08-02T17:33:16.070+0900] {process_utils.py:191} INFO -   Preparing metadata (pyproject.toml): finished with status 'done'
[2024-08-02T17:33:16.073+0900] {process_utils.py:191} INFO - Building wheels for collected packages: extract_trg
[2024-08-02T17:33:16.077+0900] {process_utils.py:191} INFO -   Building wheel for extract_trg (pyproject.toml): started
[2024-08-02T17:33:16.356+0900] {process_utils.py:191} INFO -   Building wheel for extract_trg (pyproject.toml): finished with status 'done'
[2024-08-02T17:33:16.357+0900] {process_utils.py:191} INFO -   Created wheel for extract_trg: filename=extract_trg-0.1.0-py3-none-any.whl size=2219 sha256=a787ca820acadbc690e61358b061d8f859cb34603b501d729c75668dfdb28f83
[2024-08-02T17:33:16.357+0900] {process_utils.py:191} INFO -   Stored in directory: /tmp/pip-ephem-wheel-cache-pn9sugqj/wheels/21/97/ea/e27bc4298590f1b8a2b9c46b60aefbe2e3076cf05f6bd5e464
[2024-08-02T17:33:16.359+0900] {process_utils.py:191} INFO - Successfully built extract_trg
[2024-08-02T17:33:16.369+0900] {process_utils.py:191} INFO - Installing collected packages: extract_trg
[2024-08-02T17:33:16.390+0900] {process_utils.py:191} INFO - Successfully installed extract_trg-0.1.0
[2024-08-02T17:33:16.400+0900] {process_utils.py:191} INFO - 
[2024-08-02T17:33:16.401+0900] {process_utils.py:191} INFO - [notice] A new release of pip is available: 24.1.2 -> 24.2
[2024-08-02T17:33:16.401+0900] {process_utils.py:191} INFO - [notice] To update, run: python -m pip install --upgrade pip
[2024-08-02T17:33:16.502+0900] {process_utils.py:183} INFO - Executing cmd: /tmp/venvp1s3zhyr/bin/python /tmp/venv-callmcso1yh7/script.py /tmp/venv-callmcso1yh7/script.in /tmp/venv-callmcso1yh7/script.out /tmp/venv-callmcso1yh7/string_args.txt /tmp/venv-callmcso1yh7/termination.log
[2024-08-02T17:33:16.503+0900] {process_utils.py:187} INFO - Output:
[2024-08-02T17:33:16.522+0900] {process_utils.py:191} INFO - 
[2024-08-02T17:33:16.522+0900] {process_utils.py:191} INFO - ---------------======---::::::------+--=======++++++++++===--:...::-=--==============--:.....:-=====
[2024-08-02T17:33:16.523+0900] {process_utils.py:191} INFO - ----::---------------------===--::--+-----=============++++++===---:....--===============--:...:-===
[2024-08-02T17:33:16.523+0900] {process_utils.py:191} INFO - ----------------------------------=++----------------------=+===========-::.:-======================
[2024-08-02T17:33:16.523+0900] {process_utils.py:191} INFO - =----------------------------------==-----------------------=-----==============================+=--
[2024-08-02T17:33:16.523+0900] {process_utils.py:191} INFO - %%####=----------------------------==----------------------=-::::-----======+*%#++================::
[2024-08-02T17:33:16.523+0900] {process_utils.py:191} INFO - %%%%%#=----------------------------=-:---------------------=--==--------=====*#*=================-::
[2024-08-02T17:33:16.523+0900] {process_utils.py:191} INFO - @@%%%*-----------------+***++=-----=-::-------------------:+---------=====+++====================-::
[2024-08-02T17:33:16.523+0900] {process_utils.py:191} INFO - @@%%%*---------------#%%%%##%%#=---=-+##*#+----------------=------------=====+====-=--===========-::
[2024-08-02T17:33:16.524+0900] {process_utils.py:191} INFO - @@@%%+--=+*%%%+-----+%@@%#++%%%#=--=*%+===#+::----------::=-----------=+*##*++=-----------=======-::
[2024-08-02T17:33:16.524+0900] {process_utils.py:191} INFO - +++++=-+#+***#*=-----#*++**+#@@@*--+#+**+***-:=-:---=*+-::=-----==+++*######%%%#=-------------==-:::
[2024-08-02T17:33:16.524+0900] {process_utils.py:191} INFO - *******-:::-*=-------+===+=-=+#%%:-=++++=+==-:=-:::=%%#-::###=-*#%%%%%%%%%%%%%%%%+---------------:::
[2024-08-02T17:33:16.524+0900] {process_utils.py:191} INFO - =====+=:--::+---+--+**++++*+++#%*-=--**++++-:=++=::+#*-::=%%%#*#%%%%%%%%@@%%%%@@%%#====------+#%%=-*
[2024-08-02T17:33:16.524+0900] {process_utils.py:191} INFO - =-==++---=+==*#%%%%%%=*++++++++==-=-*##*+=##**++=--++-:--*=-=*#%%%@%###*###*+++*%%%*=============-#%
[2024-08-02T17:33:16.524+0900] {process_utils.py:191} INFO - +-=------=*%%%%@%@@@@***=+*#+*##*#%%@@**++%@%%%%*+=--=-=+-:--:#%@@%#*****###*+---+*++#**===---=++*%@
[2024-08-02T17:33:16.524+0900] {process_utils.py:191} INFO - --==-::-*%%%@@@@@@@%#*=-+++%@%##%%@@@@@%#%@@@%%@%%%*=--=#%####-%@%%####++++++=---==++*####*+++*%@%@@
[2024-08-02T17:33:16.524+0900] {process_utils.py:191} INFO - -=*+=-=#@@@@@@@@@#*+++++*@@@@@@@@@@@@@@@@@@@@@@@@@@@#+==-+*+#=:-+#%##**==++**+++=====+*###*+**#@%##%
[2024-08-02T17:33:16.525+0900] {process_utils.py:191} INFO - -=++-+%%@%@@@@%+=-++***#@@@@@@@@@@@@%:+@@*%+=%@@@@@@%%#%%#*=+--:-=#++**%#*+=+++++===+**####=*%%%%%%%
[2024-08-02T17:33:16.525+0900] {process_utils.py:191} INFO - -=++#%%####+-:---=*%%@@%#######**++++=+++++++++%%=+%@@%##*+==-=++=+*****##*===+++++==*#####*+#%%##%%
[2024-08-02T17:33:16.525+0900] {process_utils.py:191} INFO - -=*+=---==+=-::::-*@@@%+=======++++++++++++++*#%#**%%%*==-+*=--+==*****#**+=====+++++=***+++=+==::::
[2024-08-02T17:33:16.525+0900] {process_utils.py:191} INFO - =#*=++++++*###**==*@@@%=======++++++++*@@@@@@@@%%#####-:=+----==******##****+++++***==-=+=:::.::::::
[2024-08-02T17:33:16.525+0900] {process_utils.py:191} INFO - #%*+*++++**##*###*+#@@#=========++++==*%%%%%%%%######*=-----==+*********##########*+====::::::::::::
[2024-08-02T17:33:16.525+0900] {process_utils.py:191} INFO - ++++*#%%@%*##*##***%@@*===============+%##%%######%%%%*==-===+*********+=+*#######*++++-:::--::-----
[2024-08-02T17:33:16.525+0900] {process_utils.py:191} INFO - ===+*#%@@%*##**#**+=--================+%%#%%###%#%%%%%#======*#######*-:-++*####*****++:------------
[2024-08-02T17:33:16.526+0900] {process_utils.py:191} INFO - =+=------=##**##**+=--================+%%#%%###%%#%%%%%+=====+###**++==----:-*####****=------==-====
[2024-08-02T17:33:16.526+0900] {process_utils.py:191} INFO - 
[2024-08-02T17:33:16.547+0900] {python.py:237} INFO - Done. Returned value was: None
[2024-08-02T17:33:16.547+0900] {taskinstance.py:441} INFO - ::group::Post task execution logs
[2024-08-02T17:33:16.551+0900] {taskinstance.py:1206} INFO - Marking task as SUCCESS. dag_id=movie, task_id=get.data, run_id=scheduled__2017-01-04T05:53:00+00:00, execution_date=20170104T055300, start_date=20240802T083310, end_date=20240802T083316
[2024-08-02T17:33:16.602+0900] {local_task_job_runner.py:243} INFO - Task exited with return code 0
[2024-08-02T17:33:16.617+0900] {taskinstance.py:3503} INFO - 0 downstream tasks scheduled from follow-on schedule check
[2024-08-02T17:33:16.618+0900] {local_task_job_runner.py:222} INFO - ::endgroup::
