[2024-08-02T16:56:50.852+0900] {local_task_job_runner.py:120} INFO - ::group::Pre task execution logs
[2024-08-02T16:56:50.873+0900] {taskinstance.py:2076} INFO - Dependencies all met for dep_context=non-requeueable deps ti=<TaskInstance: movie.get.data scheduled__2017-01-01T05:46:00+00:00 [queued]>
[2024-08-02T16:56:50.879+0900] {taskinstance.py:2076} INFO - Dependencies all met for dep_context=requeueable deps ti=<TaskInstance: movie.get.data scheduled__2017-01-01T05:46:00+00:00 [queued]>
[2024-08-02T16:56:50.880+0900] {taskinstance.py:2306} INFO - Starting attempt 1 of 3
[2024-08-02T16:56:50.896+0900] {taskinstance.py:2330} INFO - Executing <Task(PythonVirtualenvOperator): get.data> on 2017-01-01 05:46:00+00:00
[2024-08-02T16:56:50.899+0900] {standard_task_runner.py:64} INFO - Started process 149404 to run task
[2024-08-02T16:56:50.903+0900] {standard_task_runner.py:90} INFO - Running: ['airflow', 'tasks', 'run', 'movie', 'get.data', 'scheduled__2017-01-01T05:46:00+00:00', '--job-id', '57', '--raw', '--subdir', 'DAGS_FOLDER/movie.py', '--cfg-path', '/tmp/tmpr3t0ap1b']
[2024-08-02T16:56:50.904+0900] {standard_task_runner.py:91} INFO - Job 57: Subtask get.data
[2024-08-02T16:56:50.945+0900] {task_command.py:426} INFO - Running <TaskInstance: movie.get.data scheduled__2017-01-01T05:46:00+00:00 [running]> on host playdata.
[2024-08-02T16:56:51.021+0900] {taskinstance.py:2648} INFO - Exporting env vars: AIRFLOW_CTX_DAG_OWNER='airflow' AIRFLOW_CTX_DAG_ID='movie' AIRFLOW_CTX_TASK_ID='get.data' AIRFLOW_CTX_EXECUTION_DATE='2017-01-01T05:46:00+00:00' AIRFLOW_CTX_TRY_NUMBER='1' AIRFLOW_CTX_DAG_RUN_ID='scheduled__2017-01-01T05:46:00+00:00'
[2024-08-02T16:56:51.021+0900] {taskinstance.py:430} INFO - ::endgroup::
[2024-08-02T16:56:51.031+0900] {baseoperator.py:400} WARNING - PythonVirtualenvOperator.execute cannot be called outside TaskInstance!
[2024-08-02T16:56:51.031+0900] {process_utils.py:183} INFO - Executing cmd: /home/oddsummer/.pyenv/versions/3.11.9/envs/air/bin/python -m virtualenv /tmp/venvnhctok0r --python=python
[2024-08-02T16:56:51.032+0900] {process_utils.py:187} INFO - Output:
[2024-08-02T16:56:51.426+0900] {process_utils.py:191} INFO - created virtual environment CPython3.11.9.final.0-64 in 283ms
[2024-08-02T16:56:51.427+0900] {process_utils.py:191} INFO -   creator CPython3Posix(dest=/tmp/venvnhctok0r, clear=False, no_vcs_ignore=False, global=False)
[2024-08-02T16:56:51.427+0900] {process_utils.py:191} INFO -   seeder FromAppData(download=False, pip=bundle, setuptools=bundle, wheel=bundle, via=copy, app_data_dir=/home/oddsummer/.local/share/virtualenv)
[2024-08-02T16:56:51.427+0900] {process_utils.py:191} INFO -     added seed packages: pip==24.1.2, setuptools==70.2.0, wheel==0.43.0
[2024-08-02T16:56:51.427+0900] {process_utils.py:191} INFO -   activators BashActivator,CShellActivator,FishActivator,NushellActivator,PowerShellActivator,PythonActivator
[2024-08-02T16:56:51.451+0900] {process_utils.py:183} INFO - Executing cmd: /tmp/venvnhctok0r/bin/pip install -r /tmp/venvnhctok0r/requirements.txt
[2024-08-02T16:56:51.452+0900] {process_utils.py:187} INFO - Output:
[2024-08-02T16:56:52.379+0900] {process_utils.py:191} INFO - Collecting git+https://github.com/7-TRG/extract_trg.git@main (from -r /tmp/venvnhctok0r/requirements.txt (line 1))
[2024-08-02T16:56:52.380+0900] {process_utils.py:191} INFO -   Cloning https://github.com/7-TRG/extract_trg.git (to revision main) to /tmp/pip-req-build-d2105ihr
[2024-08-02T16:56:52.383+0900] {process_utils.py:191} INFO -   Running command git clone --filter=blob:none --quiet https://github.com/7-TRG/extract_trg.git /tmp/pip-req-build-d2105ihr
[2024-08-02T16:56:53.952+0900] {process_utils.py:191} INFO -   Resolved https://github.com/7-TRG/extract_trg.git to commit 0712b3f1bbaeeeea58bf80749079a62c7e1bec3d
[2024-08-02T16:56:53.957+0900] {process_utils.py:191} INFO -   Installing build dependencies: started
[2024-08-02T16:56:55.822+0900] {process_utils.py:191} INFO -   Installing build dependencies: finished with status 'done'
[2024-08-02T16:56:55.823+0900] {process_utils.py:191} INFO -   Getting requirements to build wheel: started
[2024-08-02T16:56:56.068+0900] {process_utils.py:191} INFO -   Getting requirements to build wheel: finished with status 'done'
[2024-08-02T16:56:56.070+0900] {process_utils.py:191} INFO -   Preparing metadata (pyproject.toml): started
[2024-08-02T16:56:56.320+0900] {process_utils.py:191} INFO -   Preparing metadata (pyproject.toml): finished with status 'done'
[2024-08-02T16:56:56.322+0900] {process_utils.py:191} INFO - Building wheels for collected packages: extract_trg
[2024-08-02T16:56:56.326+0900] {process_utils.py:191} INFO -   Building wheel for extract_trg (pyproject.toml): started
[2024-08-02T16:56:56.610+0900] {process_utils.py:191} INFO -   Building wheel for extract_trg (pyproject.toml): finished with status 'done'
[2024-08-02T16:56:56.611+0900] {process_utils.py:191} INFO -   Created wheel for extract_trg: filename=extract_trg-0.1.0-py3-none-any.whl size=2219 sha256=4335e4e57d8a2ca711de018977d3281efef94c4b89a9dca45e021963962b4e07
[2024-08-02T16:56:56.611+0900] {process_utils.py:191} INFO -   Stored in directory: /tmp/pip-ephem-wheel-cache-hgmsyka9/wheels/21/97/ea/e27bc4298590f1b8a2b9c46b60aefbe2e3076cf05f6bd5e464
[2024-08-02T16:56:56.614+0900] {process_utils.py:191} INFO - Successfully built extract_trg
[2024-08-02T16:56:56.624+0900] {process_utils.py:191} INFO - Installing collected packages: extract_trg
[2024-08-02T16:56:56.642+0900] {process_utils.py:191} INFO - Successfully installed extract_trg-0.1.0
[2024-08-02T16:56:56.648+0900] {process_utils.py:191} INFO - 
[2024-08-02T16:56:56.648+0900] {process_utils.py:191} INFO - [notice] A new release of pip is available: 24.1.2 -> 24.2
[2024-08-02T16:56:56.648+0900] {process_utils.py:191} INFO - [notice] To update, run: python -m pip install --upgrade pip
[2024-08-02T16:56:56.745+0900] {process_utils.py:183} INFO - Executing cmd: /tmp/venvnhctok0r/bin/python /tmp/venv-callt189b3nt/script.py /tmp/venv-callt189b3nt/script.in /tmp/venv-callt189b3nt/script.out /tmp/venv-callt189b3nt/string_args.txt /tmp/venv-callt189b3nt/termination.log
[2024-08-02T16:56:56.746+0900] {process_utils.py:187} INFO - Output:
[2024-08-02T16:56:56.766+0900] {process_utils.py:191} INFO - 
[2024-08-02T16:56:56.766+0900] {process_utils.py:191} INFO - ---------------======---::::::------+--=======++++++++++===--:...::-=--==============--:.....:-=====
[2024-08-02T16:56:56.766+0900] {process_utils.py:191} INFO - ----::---------------------===--::--+-----=============++++++===---:....--===============--:...:-===
[2024-08-02T16:56:56.766+0900] {process_utils.py:191} INFO - ----------------------------------=++----------------------=+===========-::.:-======================
[2024-08-02T16:56:56.766+0900] {process_utils.py:191} INFO - =----------------------------------==-----------------------=-----==============================+=--
[2024-08-02T16:56:56.767+0900] {process_utils.py:191} INFO - %%####=----------------------------==----------------------=-::::-----======+*%#++================::
[2024-08-02T16:56:56.767+0900] {process_utils.py:191} INFO - %%%%%#=----------------------------=-:---------------------=--==--------=====*#*=================-::
[2024-08-02T16:56:56.767+0900] {process_utils.py:191} INFO - @@%%%*-----------------+***++=-----=-::-------------------:+---------=====+++====================-::
[2024-08-02T16:56:56.767+0900] {process_utils.py:191} INFO - @@%%%*---------------#%%%%##%%#=---=-+##*#+----------------=------------=====+====-=--===========-::
[2024-08-02T16:56:56.767+0900] {process_utils.py:191} INFO - @@@%%+--=+*%%%+-----+%@@%#++%%%#=--=*%+===#+::----------::=-----------=+*##*++=-----------=======-::
[2024-08-02T16:56:56.767+0900] {process_utils.py:191} INFO - +++++=-+#+***#*=-----#*++**+#@@@*--+#+**+***-:=-:---=*+-::=-----==+++*######%%%#=-------------==-:::
[2024-08-02T16:56:56.767+0900] {process_utils.py:191} INFO - *******-:::-*=-------+===+=-=+#%%:-=++++=+==-:=-:::=%%#-::###=-*#%%%%%%%%%%%%%%%%+---------------:::
[2024-08-02T16:56:56.767+0900] {process_utils.py:191} INFO - =====+=:--::+---+--+**++++*+++#%*-=--**++++-:=++=::+#*-::=%%%#*#%%%%%%%%@@%%%%@@%%#====------+#%%=-*
[2024-08-02T16:56:56.768+0900] {process_utils.py:191} INFO - =-==++---=+==*#%%%%%%=*++++++++==-=-*##*+=##**++=--++-:--*=-=*#%%%@%###*###*+++*%%%*=============-#%
[2024-08-02T16:56:56.768+0900] {process_utils.py:191} INFO - +-=------=*%%%%@%@@@@***=+*#+*##*#%%@@**++%@%%%%*+=--=-=+-:--:#%@@%#*****###*+---+*++#**===---=++*%@
[2024-08-02T16:56:56.768+0900] {process_utils.py:191} INFO - --==-::-*%%%@@@@@@@%#*=-+++%@%##%%@@@@@%#%@@@%%@%%%*=--=#%####-%@%%####++++++=---==++*####*+++*%@%@@
[2024-08-02T16:56:56.768+0900] {process_utils.py:191} INFO - -=*+=-=#@@@@@@@@@#*+++++*@@@@@@@@@@@@@@@@@@@@@@@@@@@#+==-+*+#=:-+#%##**==++**+++=====+*###*+**#@%##%
[2024-08-02T16:56:56.768+0900] {process_utils.py:191} INFO - -=++-+%%@%@@@@%+=-++***#@@@@@@@@@@@@%:+@@*%+=%@@@@@@%%#%%#*=+--:-=#++**%#*+=+++++===+**####=*%%%%%%%
[2024-08-02T16:56:56.769+0900] {process_utils.py:191} INFO - -=++#%%####+-:---=*%%@@%#######**++++=+++++++++%%=+%@@%##*+==-=++=+*****##*===+++++==*#####*+#%%##%%
[2024-08-02T16:56:56.769+0900] {process_utils.py:191} INFO - -=*+=---==+=-::::-*@@@%+=======++++++++++++++*#%#**%%%*==-+*=--+==*****#**+=====+++++=***+++=+==::::
[2024-08-02T16:56:56.769+0900] {process_utils.py:191} INFO - =#*=++++++*###**==*@@@%=======++++++++*@@@@@@@@%%#####-:=+----==******##****+++++***==-=+=:::.::::::
[2024-08-02T16:56:56.769+0900] {process_utils.py:191} INFO - #%*+*++++**##*###*+#@@#=========++++==*%%%%%%%%######*=-----==+*********##########*+====::::::::::::
[2024-08-02T16:56:56.769+0900] {process_utils.py:191} INFO - ++++*#%%@%*##*##***%@@*===============+%##%%######%%%%*==-===+*********+=+*#######*++++-:::--::-----
[2024-08-02T16:56:56.769+0900] {process_utils.py:191} INFO - ===+*#%@@%*##**#**+=--================+%%#%%###%#%%%%%#======*#######*-:-++*####*****++:------------
[2024-08-02T16:56:56.770+0900] {process_utils.py:191} INFO - =+=------=##**##**+=--================+%%#%%###%%#%%%%%+=====+###**++==----:-*####****=------==-====
[2024-08-02T16:56:56.770+0900] {process_utils.py:191} INFO - 
[2024-08-02T16:56:56.791+0900] {python.py:237} INFO - Done. Returned value was: None
[2024-08-02T16:56:56.791+0900] {taskinstance.py:441} INFO - ::group::Post task execution logs
[2024-08-02T16:56:56.795+0900] {taskinstance.py:1206} INFO - Marking task as SUCCESS. dag_id=movie, task_id=get.data, run_id=scheduled__2017-01-01T05:46:00+00:00, execution_date=20170101T054600, start_date=20240802T075650, end_date=20240802T075656
[2024-08-02T16:56:56.838+0900] {local_task_job_runner.py:243} INFO - Task exited with return code 0
[2024-08-02T16:56:56.848+0900] {taskinstance.py:3503} INFO - 0 downstream tasks scheduled from follow-on schedule check
[2024-08-02T16:56:56.848+0900] {local_task_job_runner.py:222} INFO - ::endgroup::
