[2024-08-02T17:32:03.807+0900] {local_task_job_runner.py:120} INFO - ::group::Pre task execution logs
[2024-08-02T17:32:03.826+0900] {taskinstance.py:2076} INFO - Dependencies all met for dep_context=non-requeueable deps ti=<TaskInstance: movie.get.data scheduled__2017-01-04T05:47:00+00:00 [queued]>
[2024-08-02T17:32:03.833+0900] {taskinstance.py:2076} INFO - Dependencies all met for dep_context=requeueable deps ti=<TaskInstance: movie.get.data scheduled__2017-01-04T05:47:00+00:00 [queued]>
[2024-08-02T17:32:03.833+0900] {taskinstance.py:2306} INFO - Starting attempt 1 of 3
[2024-08-02T17:32:03.846+0900] {taskinstance.py:2330} INFO - Executing <Task(PythonVirtualenvOperator): get.data> on 2017-01-04 05:47:00+00:00
[2024-08-02T17:32:03.849+0900] {standard_task_runner.py:64} INFO - Started process 166599 to run task
[2024-08-02T17:32:03.853+0900] {standard_task_runner.py:90} INFO - Running: ['airflow', 'tasks', 'run', 'movie', 'get.data', 'scheduled__2017-01-04T05:47:00+00:00', '--job-id', '238', '--raw', '--subdir', 'DAGS_FOLDER/movie.py', '--cfg-path', '/tmp/tmppnqtqr7c']
[2024-08-02T17:32:03.855+0900] {standard_task_runner.py:91} INFO - Job 238: Subtask get.data
[2024-08-02T17:32:03.891+0900] {task_command.py:426} INFO - Running <TaskInstance: movie.get.data scheduled__2017-01-04T05:47:00+00:00 [running]> on host playdata.
[2024-08-02T17:32:03.978+0900] {taskinstance.py:2648} INFO - Exporting env vars: AIRFLOW_CTX_DAG_OWNER='airflow' AIRFLOW_CTX_DAG_ID='movie' AIRFLOW_CTX_TASK_ID='get.data' AIRFLOW_CTX_EXECUTION_DATE='2017-01-04T05:47:00+00:00' AIRFLOW_CTX_TRY_NUMBER='1' AIRFLOW_CTX_DAG_RUN_ID='scheduled__2017-01-04T05:47:00+00:00'
[2024-08-02T17:32:03.979+0900] {taskinstance.py:430} INFO - ::endgroup::
[2024-08-02T17:32:03.989+0900] {baseoperator.py:400} WARNING - PythonVirtualenvOperator.execute cannot be called outside TaskInstance!
[2024-08-02T17:32:03.990+0900] {process_utils.py:183} INFO - Executing cmd: /home/oddsummer/.pyenv/versions/3.11.9/envs/air/bin/python -m virtualenv /tmp/venv1kumb25r --python=python
[2024-08-02T17:32:03.991+0900] {process_utils.py:187} INFO - Output:
[2024-08-02T17:32:04.340+0900] {process_utils.py:191} INFO - created virtual environment CPython3.11.9.final.0-64 in 243ms
[2024-08-02T17:32:04.340+0900] {process_utils.py:191} INFO -   creator CPython3Posix(dest=/tmp/venv1kumb25r, clear=False, no_vcs_ignore=False, global=False)
[2024-08-02T17:32:04.341+0900] {process_utils.py:191} INFO -   seeder FromAppData(download=False, pip=bundle, setuptools=bundle, wheel=bundle, via=copy, app_data_dir=/home/oddsummer/.local/share/virtualenv)
[2024-08-02T17:32:04.341+0900] {process_utils.py:191} INFO -     added seed packages: pip==24.1.2, setuptools==70.2.0, wheel==0.43.0
[2024-08-02T17:32:04.341+0900] {process_utils.py:191} INFO -   activators BashActivator,CShellActivator,FishActivator,NushellActivator,PowerShellActivator,PythonActivator
[2024-08-02T17:32:04.363+0900] {process_utils.py:183} INFO - Executing cmd: /tmp/venv1kumb25r/bin/pip install -r /tmp/venv1kumb25r/requirements.txt
[2024-08-02T17:32:04.364+0900] {process_utils.py:187} INFO - Output:
[2024-08-02T17:32:05.292+0900] {process_utils.py:191} INFO - Collecting git+https://github.com/7-TRG/extract_trg.git@main (from -r /tmp/venv1kumb25r/requirements.txt (line 1))
[2024-08-02T17:32:05.293+0900] {process_utils.py:191} INFO -   Cloning https://github.com/7-TRG/extract_trg.git (to revision main) to /tmp/pip-req-build-4t0b4zsk
[2024-08-02T17:32:05.295+0900] {process_utils.py:191} INFO -   Running command git clone --filter=blob:none --quiet https://github.com/7-TRG/extract_trg.git /tmp/pip-req-build-4t0b4zsk
[2024-08-02T17:32:06.878+0900] {process_utils.py:191} INFO -   Resolved https://github.com/7-TRG/extract_trg.git to commit 0712b3f1bbaeeeea58bf80749079a62c7e1bec3d
[2024-08-02T17:32:06.884+0900] {process_utils.py:191} INFO -   Installing build dependencies: started
[2024-08-02T17:32:08.702+0900] {process_utils.py:191} INFO -   Installing build dependencies: finished with status 'done'
[2024-08-02T17:32:08.703+0900] {process_utils.py:191} INFO -   Getting requirements to build wheel: started
[2024-08-02T17:32:08.941+0900] {process_utils.py:191} INFO -   Getting requirements to build wheel: finished with status 'done'
[2024-08-02T17:32:08.942+0900] {process_utils.py:191} INFO -   Preparing metadata (pyproject.toml): started
[2024-08-02T17:32:09.187+0900] {process_utils.py:191} INFO -   Preparing metadata (pyproject.toml): finished with status 'done'
[2024-08-02T17:32:09.190+0900] {process_utils.py:191} INFO - Building wheels for collected packages: extract_trg
[2024-08-02T17:32:09.194+0900] {process_utils.py:191} INFO -   Building wheel for extract_trg (pyproject.toml): started
[2024-08-02T17:32:09.455+0900] {process_utils.py:191} INFO -   Building wheel for extract_trg (pyproject.toml): finished with status 'done'
[2024-08-02T17:32:09.456+0900] {process_utils.py:191} INFO -   Created wheel for extract_trg: filename=extract_trg-0.1.0-py3-none-any.whl size=2219 sha256=a5af92f62a811c17af07a47fe7bd3c88844633c916dc0f76c783ad57d4742c81
[2024-08-02T17:32:09.456+0900] {process_utils.py:191} INFO -   Stored in directory: /tmp/pip-ephem-wheel-cache-l_1q35nb/wheels/21/97/ea/e27bc4298590f1b8a2b9c46b60aefbe2e3076cf05f6bd5e464
[2024-08-02T17:32:09.458+0900] {process_utils.py:191} INFO - Successfully built extract_trg
[2024-08-02T17:32:09.468+0900] {process_utils.py:191} INFO - Installing collected packages: extract_trg
[2024-08-02T17:32:09.483+0900] {process_utils.py:191} INFO - Successfully installed extract_trg-0.1.0
[2024-08-02T17:32:09.489+0900] {process_utils.py:191} INFO - 
[2024-08-02T17:32:09.489+0900] {process_utils.py:191} INFO - [notice] A new release of pip is available: 24.1.2 -> 24.2
[2024-08-02T17:32:09.489+0900] {process_utils.py:191} INFO - [notice] To update, run: python -m pip install --upgrade pip
[2024-08-02T17:32:09.586+0900] {process_utils.py:183} INFO - Executing cmd: /tmp/venv1kumb25r/bin/python /tmp/venv-callonyy_ypd/script.py /tmp/venv-callonyy_ypd/script.in /tmp/venv-callonyy_ypd/script.out /tmp/venv-callonyy_ypd/string_args.txt /tmp/venv-callonyy_ypd/termination.log
[2024-08-02T17:32:09.586+0900] {process_utils.py:187} INFO - Output:
[2024-08-02T17:32:09.606+0900] {process_utils.py:191} INFO - 
[2024-08-02T17:32:09.606+0900] {process_utils.py:191} INFO - ---------------======---::::::------+--=======++++++++++===--:...::-=--==============--:.....:-=====
[2024-08-02T17:32:09.606+0900] {process_utils.py:191} INFO - ----::---------------------===--::--+-----=============++++++===---:....--===============--:...:-===
[2024-08-02T17:32:09.606+0900] {process_utils.py:191} INFO - ----------------------------------=++----------------------=+===========-::.:-======================
[2024-08-02T17:32:09.607+0900] {process_utils.py:191} INFO - =----------------------------------==-----------------------=-----==============================+=--
[2024-08-02T17:32:09.607+0900] {process_utils.py:191} INFO - %%####=----------------------------==----------------------=-::::-----======+*%#++================::
[2024-08-02T17:32:09.607+0900] {process_utils.py:191} INFO - %%%%%#=----------------------------=-:---------------------=--==--------=====*#*=================-::
[2024-08-02T17:32:09.607+0900] {process_utils.py:191} INFO - @@%%%*-----------------+***++=-----=-::-------------------:+---------=====+++====================-::
[2024-08-02T17:32:09.607+0900] {process_utils.py:191} INFO - @@%%%*---------------#%%%%##%%#=---=-+##*#+----------------=------------=====+====-=--===========-::
[2024-08-02T17:32:09.607+0900] {process_utils.py:191} INFO - @@@%%+--=+*%%%+-----+%@@%#++%%%#=--=*%+===#+::----------::=-----------=+*##*++=-----------=======-::
[2024-08-02T17:32:09.607+0900] {process_utils.py:191} INFO - +++++=-+#+***#*=-----#*++**+#@@@*--+#+**+***-:=-:---=*+-::=-----==+++*######%%%#=-------------==-:::
[2024-08-02T17:32:09.607+0900] {process_utils.py:191} INFO - *******-:::-*=-------+===+=-=+#%%:-=++++=+==-:=-:::=%%#-::###=-*#%%%%%%%%%%%%%%%%+---------------:::
[2024-08-02T17:32:09.608+0900] {process_utils.py:191} INFO - =====+=:--::+---+--+**++++*+++#%*-=--**++++-:=++=::+#*-::=%%%#*#%%%%%%%%@@%%%%@@%%#====------+#%%=-*
[2024-08-02T17:32:09.608+0900] {process_utils.py:191} INFO - =-==++---=+==*#%%%%%%=*++++++++==-=-*##*+=##**++=--++-:--*=-=*#%%%@%###*###*+++*%%%*=============-#%
[2024-08-02T17:32:09.608+0900] {process_utils.py:191} INFO - +-=------=*%%%%@%@@@@***=+*#+*##*#%%@@**++%@%%%%*+=--=-=+-:--:#%@@%#*****###*+---+*++#**===---=++*%@
[2024-08-02T17:32:09.608+0900] {process_utils.py:191} INFO - --==-::-*%%%@@@@@@@%#*=-+++%@%##%%@@@@@%#%@@@%%@%%%*=--=#%####-%@%%####++++++=---==++*####*+++*%@%@@
[2024-08-02T17:32:09.608+0900] {process_utils.py:191} INFO - -=*+=-=#@@@@@@@@@#*+++++*@@@@@@@@@@@@@@@@@@@@@@@@@@@#+==-+*+#=:-+#%##**==++**+++=====+*###*+**#@%##%
[2024-08-02T17:32:09.608+0900] {process_utils.py:191} INFO - -=++-+%%@%@@@@%+=-++***#@@@@@@@@@@@@%:+@@*%+=%@@@@@@%%#%%#*=+--:-=#++**%#*+=+++++===+**####=*%%%%%%%
[2024-08-02T17:32:09.608+0900] {process_utils.py:191} INFO - -=++#%%####+-:---=*%%@@%#######**++++=+++++++++%%=+%@@%##*+==-=++=+*****##*===+++++==*#####*+#%%##%%
[2024-08-02T17:32:09.609+0900] {process_utils.py:191} INFO - -=*+=---==+=-::::-*@@@%+=======++++++++++++++*#%#**%%%*==-+*=--+==*****#**+=====+++++=***+++=+==::::
[2024-08-02T17:32:09.609+0900] {process_utils.py:191} INFO - =#*=++++++*###**==*@@@%=======++++++++*@@@@@@@@%%#####-:=+----==******##****+++++***==-=+=:::.::::::
[2024-08-02T17:32:09.609+0900] {process_utils.py:191} INFO - #%*+*++++**##*###*+#@@#=========++++==*%%%%%%%%######*=-----==+*********##########*+====::::::::::::
[2024-08-02T17:32:09.609+0900] {process_utils.py:191} INFO - ++++*#%%@%*##*##***%@@*===============+%##%%######%%%%*==-===+*********+=+*#######*++++-:::--::-----
[2024-08-02T17:32:09.609+0900] {process_utils.py:191} INFO - ===+*#%@@%*##**#**+=--================+%%#%%###%#%%%%%#======*#######*-:-++*####*****++:------------
[2024-08-02T17:32:09.609+0900] {process_utils.py:191} INFO - =+=------=##**##**+=--================+%%#%%###%%#%%%%%+=====+###**++==----:-*####****=------==-====
[2024-08-02T17:32:09.609+0900] {process_utils.py:191} INFO - 
[2024-08-02T17:32:09.630+0900] {python.py:237} INFO - Done. Returned value was: None
[2024-08-02T17:32:09.631+0900] {taskinstance.py:441} INFO - ::group::Post task execution logs
[2024-08-02T17:32:09.634+0900] {taskinstance.py:1206} INFO - Marking task as SUCCESS. dag_id=movie, task_id=get.data, run_id=scheduled__2017-01-04T05:47:00+00:00, execution_date=20170104T054700, start_date=20240802T083203, end_date=20240802T083209
[2024-08-02T17:32:09.706+0900] {local_task_job_runner.py:243} INFO - Task exited with return code 0
[2024-08-02T17:32:09.729+0900] {taskinstance.py:3503} INFO - 0 downstream tasks scheduled from follow-on schedule check
[2024-08-02T17:32:09.730+0900] {local_task_job_runner.py:222} INFO - ::endgroup::
