[2024-08-02T17:10:34.095+0900] {local_task_job_runner.py:120} INFO - ::group::Pre task execution logs
[2024-08-02T17:10:34.119+0900] {taskinstance.py:2076} INFO - Dependencies all met for dep_context=non-requeueable deps ti=<TaskInstance: movie.get.data scheduled__2017-01-02T05:57:00+00:00 [queued]>
[2024-08-02T17:10:34.126+0900] {taskinstance.py:2076} INFO - Dependencies all met for dep_context=requeueable deps ti=<TaskInstance: movie.get.data scheduled__2017-01-02T05:57:00+00:00 [queued]>
[2024-08-02T17:10:34.127+0900] {taskinstance.py:2306} INFO - Starting attempt 1 of 3
[2024-08-02T17:10:34.144+0900] {taskinstance.py:2330} INFO - Executing <Task(PythonVirtualenvOperator): get.data> on 2017-01-02 05:57:00+00:00
[2024-08-02T17:10:34.149+0900] {standard_task_runner.py:64} INFO - Started process 155687 to run task
[2024-08-02T17:10:34.152+0900] {standard_task_runner.py:90} INFO - Running: ['airflow', 'tasks', 'run', 'movie', 'get.data', 'scheduled__2017-01-02T05:57:00+00:00', '--job-id', '128', '--raw', '--subdir', 'DAGS_FOLDER/movie.py', '--cfg-path', '/tmp/tmpayuz4typ']
[2024-08-02T17:10:34.154+0900] {standard_task_runner.py:91} INFO - Job 128: Subtask get.data
[2024-08-02T17:10:34.190+0900] {task_command.py:426} INFO - Running <TaskInstance: movie.get.data scheduled__2017-01-02T05:57:00+00:00 [running]> on host playdata.
[2024-08-02T17:10:34.263+0900] {taskinstance.py:2648} INFO - Exporting env vars: AIRFLOW_CTX_DAG_OWNER='airflow' AIRFLOW_CTX_DAG_ID='movie' AIRFLOW_CTX_TASK_ID='get.data' AIRFLOW_CTX_EXECUTION_DATE='2017-01-02T05:57:00+00:00' AIRFLOW_CTX_TRY_NUMBER='1' AIRFLOW_CTX_DAG_RUN_ID='scheduled__2017-01-02T05:57:00+00:00'
[2024-08-02T17:10:34.264+0900] {taskinstance.py:430} INFO - ::endgroup::
[2024-08-02T17:10:34.276+0900] {baseoperator.py:400} WARNING - PythonVirtualenvOperator.execute cannot be called outside TaskInstance!
[2024-08-02T17:10:34.277+0900] {process_utils.py:183} INFO - Executing cmd: /home/oddsummer/.pyenv/versions/3.11.9/envs/air/bin/python -m virtualenv /tmp/venvtj32529c --python=python
[2024-08-02T17:10:34.277+0900] {process_utils.py:187} INFO - Output:
[2024-08-02T17:10:34.670+0900] {process_utils.py:191} INFO - created virtual environment CPython3.11.9.final.0-64 in 282ms
[2024-08-02T17:10:34.671+0900] {process_utils.py:191} INFO -   creator CPython3Posix(dest=/tmp/venvtj32529c, clear=False, no_vcs_ignore=False, global=False)
[2024-08-02T17:10:34.671+0900] {process_utils.py:191} INFO -   seeder FromAppData(download=False, pip=bundle, setuptools=bundle, wheel=bundle, via=copy, app_data_dir=/home/oddsummer/.local/share/virtualenv)
[2024-08-02T17:10:34.671+0900] {process_utils.py:191} INFO -     added seed packages: pip==24.1.2, setuptools==70.2.0, wheel==0.43.0
[2024-08-02T17:10:34.672+0900] {process_utils.py:191} INFO -   activators BashActivator,CShellActivator,FishActivator,NushellActivator,PowerShellActivator,PythonActivator
[2024-08-02T17:10:34.706+0900] {process_utils.py:183} INFO - Executing cmd: /tmp/venvtj32529c/bin/pip install -r /tmp/venvtj32529c/requirements.txt
[2024-08-02T17:10:34.707+0900] {process_utils.py:187} INFO - Output:
[2024-08-02T17:10:35.762+0900] {process_utils.py:191} INFO - Collecting git+https://github.com/7-TRG/extract_trg.git@main (from -r /tmp/venvtj32529c/requirements.txt (line 1))
[2024-08-02T17:10:35.763+0900] {process_utils.py:191} INFO -   Cloning https://github.com/7-TRG/extract_trg.git (to revision main) to /tmp/pip-req-build-1owtb70c
[2024-08-02T17:10:35.766+0900] {process_utils.py:191} INFO -   Running command git clone --filter=blob:none --quiet https://github.com/7-TRG/extract_trg.git /tmp/pip-req-build-1owtb70c
[2024-08-02T17:10:37.427+0900] {process_utils.py:191} INFO -   Resolved https://github.com/7-TRG/extract_trg.git to commit 0712b3f1bbaeeeea58bf80749079a62c7e1bec3d
[2024-08-02T17:10:37.434+0900] {process_utils.py:191} INFO -   Installing build dependencies: started
[2024-08-02T17:10:39.289+0900] {process_utils.py:191} INFO -   Installing build dependencies: finished with status 'done'
[2024-08-02T17:10:39.291+0900] {process_utils.py:191} INFO -   Getting requirements to build wheel: started
[2024-08-02T17:10:39.537+0900] {process_utils.py:191} INFO -   Getting requirements to build wheel: finished with status 'done'
[2024-08-02T17:10:39.538+0900] {process_utils.py:191} INFO -   Preparing metadata (pyproject.toml): started
[2024-08-02T17:10:39.812+0900] {process_utils.py:191} INFO -   Preparing metadata (pyproject.toml): finished with status 'done'
[2024-08-02T17:10:39.815+0900] {process_utils.py:191} INFO - Building wheels for collected packages: extract_trg
[2024-08-02T17:10:39.820+0900] {process_utils.py:191} INFO -   Building wheel for extract_trg (pyproject.toml): started
[2024-08-02T17:10:40.094+0900] {process_utils.py:191} INFO -   Building wheel for extract_trg (pyproject.toml): finished with status 'done'
[2024-08-02T17:10:40.094+0900] {process_utils.py:191} INFO -   Created wheel for extract_trg: filename=extract_trg-0.1.0-py3-none-any.whl size=2219 sha256=61a72a6ab34ff5dcad3995f96daf1efb09a21e0f6293dd6775b17f19437c37bb
[2024-08-02T17:10:40.095+0900] {process_utils.py:191} INFO -   Stored in directory: /tmp/pip-ephem-wheel-cache-ua5n8u22/wheels/21/97/ea/e27bc4298590f1b8a2b9c46b60aefbe2e3076cf05f6bd5e464
[2024-08-02T17:10:40.097+0900] {process_utils.py:191} INFO - Successfully built extract_trg
[2024-08-02T17:10:40.107+0900] {process_utils.py:191} INFO - Installing collected packages: extract_trg
[2024-08-02T17:10:40.146+0900] {process_utils.py:191} INFO - Successfully installed extract_trg-0.1.0
[2024-08-02T17:10:40.152+0900] {process_utils.py:191} INFO - 
[2024-08-02T17:10:40.152+0900] {process_utils.py:191} INFO - [notice] A new release of pip is available: 24.1.2 -> 24.2
[2024-08-02T17:10:40.153+0900] {process_utils.py:191} INFO - [notice] To update, run: python -m pip install --upgrade pip
[2024-08-02T17:10:40.258+0900] {process_utils.py:183} INFO - Executing cmd: /tmp/venvtj32529c/bin/python /tmp/venv-callwepbbjuv/script.py /tmp/venv-callwepbbjuv/script.in /tmp/venv-callwepbbjuv/script.out /tmp/venv-callwepbbjuv/string_args.txt /tmp/venv-callwepbbjuv/termination.log
[2024-08-02T17:10:40.259+0900] {process_utils.py:187} INFO - Output:
[2024-08-02T17:10:40.280+0900] {process_utils.py:191} INFO - 
[2024-08-02T17:10:40.281+0900] {process_utils.py:191} INFO - ---------------======---::::::------+--=======++++++++++===--:...::-=--==============--:.....:-=====
[2024-08-02T17:10:40.281+0900] {process_utils.py:191} INFO - ----::---------------------===--::--+-----=============++++++===---:....--===============--:...:-===
[2024-08-02T17:10:40.281+0900] {process_utils.py:191} INFO - ----------------------------------=++----------------------=+===========-::.:-======================
[2024-08-02T17:10:40.282+0900] {process_utils.py:191} INFO - =----------------------------------==-----------------------=-----==============================+=--
[2024-08-02T17:10:40.282+0900] {process_utils.py:191} INFO - %%####=----------------------------==----------------------=-::::-----======+*%#++================::
[2024-08-02T17:10:40.282+0900] {process_utils.py:191} INFO - %%%%%#=----------------------------=-:---------------------=--==--------=====*#*=================-::
[2024-08-02T17:10:40.283+0900] {process_utils.py:191} INFO - @@%%%*-----------------+***++=-----=-::-------------------:+---------=====+++====================-::
[2024-08-02T17:10:40.283+0900] {process_utils.py:191} INFO - @@%%%*---------------#%%%%##%%#=---=-+##*#+----------------=------------=====+====-=--===========-::
[2024-08-02T17:10:40.283+0900] {process_utils.py:191} INFO - @@@%%+--=+*%%%+-----+%@@%#++%%%#=--=*%+===#+::----------::=-----------=+*##*++=-----------=======-::
[2024-08-02T17:10:40.284+0900] {process_utils.py:191} INFO - +++++=-+#+***#*=-----#*++**+#@@@*--+#+**+***-:=-:---=*+-::=-----==+++*######%%%#=-------------==-:::
[2024-08-02T17:10:40.284+0900] {process_utils.py:191} INFO - *******-:::-*=-------+===+=-=+#%%:-=++++=+==-:=-:::=%%#-::###=-*#%%%%%%%%%%%%%%%%+---------------:::
[2024-08-02T17:10:40.284+0900] {process_utils.py:191} INFO - =====+=:--::+---+--+**++++*+++#%*-=--**++++-:=++=::+#*-::=%%%#*#%%%%%%%%@@%%%%@@%%#====------+#%%=-*
[2024-08-02T17:10:40.284+0900] {process_utils.py:191} INFO - =-==++---=+==*#%%%%%%=*++++++++==-=-*##*+=##**++=--++-:--*=-=*#%%%@%###*###*+++*%%%*=============-#%
[2024-08-02T17:10:40.285+0900] {process_utils.py:191} INFO - +-=------=*%%%%@%@@@@***=+*#+*##*#%%@@**++%@%%%%*+=--=-=+-:--:#%@@%#*****###*+---+*++#**===---=++*%@
[2024-08-02T17:10:40.285+0900] {process_utils.py:191} INFO - --==-::-*%%%@@@@@@@%#*=-+++%@%##%%@@@@@%#%@@@%%@%%%*=--=#%####-%@%%####++++++=---==++*####*+++*%@%@@
[2024-08-02T17:10:40.285+0900] {process_utils.py:191} INFO - -=*+=-=#@@@@@@@@@#*+++++*@@@@@@@@@@@@@@@@@@@@@@@@@@@#+==-+*+#=:-+#%##**==++**+++=====+*###*+**#@%##%
[2024-08-02T17:10:40.286+0900] {process_utils.py:191} INFO - -=++-+%%@%@@@@%+=-++***#@@@@@@@@@@@@%:+@@*%+=%@@@@@@%%#%%#*=+--:-=#++**%#*+=+++++===+**####=*%%%%%%%
[2024-08-02T17:10:40.286+0900] {process_utils.py:191} INFO - -=++#%%####+-:---=*%%@@%#######**++++=+++++++++%%=+%@@%##*+==-=++=+*****##*===+++++==*#####*+#%%##%%
[2024-08-02T17:10:40.286+0900] {process_utils.py:191} INFO - -=*+=---==+=-::::-*@@@%+=======++++++++++++++*#%#**%%%*==-+*=--+==*****#**+=====+++++=***+++=+==::::
[2024-08-02T17:10:40.286+0900] {process_utils.py:191} INFO - =#*=++++++*###**==*@@@%=======++++++++*@@@@@@@@%%#####-:=+----==******##****+++++***==-=+=:::.::::::
[2024-08-02T17:10:40.286+0900] {process_utils.py:191} INFO - #%*+*++++**##*###*+#@@#=========++++==*%%%%%%%%######*=-----==+*********##########*+====::::::::::::
[2024-08-02T17:10:40.286+0900] {process_utils.py:191} INFO - ++++*#%%@%*##*##***%@@*===============+%##%%######%%%%*==-===+*********+=+*#######*++++-:::--::-----
[2024-08-02T17:10:40.287+0900] {process_utils.py:191} INFO - ===+*#%@@%*##**#**+=--================+%%#%%###%#%%%%%#======*#######*-:-++*####*****++:------------
[2024-08-02T17:10:40.287+0900] {process_utils.py:191} INFO - =+=------=##**##**+=--================+%%#%%###%%#%%%%%+=====+###**++==----:-*####****=------==-====
[2024-08-02T17:10:40.287+0900] {process_utils.py:191} INFO - 
[2024-08-02T17:10:40.310+0900] {python.py:237} INFO - Done. Returned value was: None
[2024-08-02T17:10:40.311+0900] {taskinstance.py:441} INFO - ::group::Post task execution logs
[2024-08-02T17:10:40.316+0900] {taskinstance.py:1206} INFO - Marking task as SUCCESS. dag_id=movie, task_id=get.data, run_id=scheduled__2017-01-02T05:57:00+00:00, execution_date=20170102T055700, start_date=20240802T081034, end_date=20240802T081040
[2024-08-02T17:10:40.364+0900] {local_task_job_runner.py:243} INFO - Task exited with return code 0
[2024-08-02T17:10:40.375+0900] {taskinstance.py:3503} INFO - 0 downstream tasks scheduled from follow-on schedule check
[2024-08-02T17:10:40.376+0900] {local_task_job_runner.py:222} INFO - ::endgroup::
