[2024-08-02T17:01:28.540+0900] {local_task_job_runner.py:120} INFO - ::group::Pre task execution logs
[2024-08-02T17:01:28.561+0900] {taskinstance.py:2076} INFO - Dependencies all met for dep_context=non-requeueable deps ti=<TaskInstance: movie.get.data scheduled__2017-01-02T05:10:00+00:00 [queued]>
[2024-08-02T17:01:28.569+0900] {taskinstance.py:2076} INFO - Dependencies all met for dep_context=requeueable deps ti=<TaskInstance: movie.get.data scheduled__2017-01-02T05:10:00+00:00 [queued]>
[2024-08-02T17:01:28.569+0900] {taskinstance.py:2306} INFO - Starting attempt 1 of 3
[2024-08-02T17:01:28.587+0900] {taskinstance.py:2330} INFO - Executing <Task(PythonVirtualenvOperator): get.data> on 2017-01-02 05:10:00+00:00
[2024-08-02T17:01:28.591+0900] {standard_task_runner.py:64} INFO - Started process 151706 to run task
[2024-08-02T17:01:28.594+0900] {standard_task_runner.py:90} INFO - Running: ['airflow', 'tasks', 'run', 'movie', 'get.data', 'scheduled__2017-01-02T05:10:00+00:00', '--job-id', '81', '--raw', '--subdir', 'DAGS_FOLDER/movie.py', '--cfg-path', '/tmp/tmpjooo1fqh']
[2024-08-02T17:01:28.596+0900] {standard_task_runner.py:91} INFO - Job 81: Subtask get.data
[2024-08-02T17:01:28.631+0900] {task_command.py:426} INFO - Running <TaskInstance: movie.get.data scheduled__2017-01-02T05:10:00+00:00 [running]> on host playdata.
[2024-08-02T17:01:28.703+0900] {taskinstance.py:2648} INFO - Exporting env vars: AIRFLOW_CTX_DAG_OWNER='airflow' AIRFLOW_CTX_DAG_ID='movie' AIRFLOW_CTX_TASK_ID='get.data' AIRFLOW_CTX_EXECUTION_DATE='2017-01-02T05:10:00+00:00' AIRFLOW_CTX_TRY_NUMBER='1' AIRFLOW_CTX_DAG_RUN_ID='scheduled__2017-01-02T05:10:00+00:00'
[2024-08-02T17:01:28.703+0900] {taskinstance.py:430} INFO - ::endgroup::
[2024-08-02T17:01:28.715+0900] {baseoperator.py:400} WARNING - PythonVirtualenvOperator.execute cannot be called outside TaskInstance!
[2024-08-02T17:01:28.715+0900] {process_utils.py:183} INFO - Executing cmd: /home/oddsummer/.pyenv/versions/3.11.9/envs/air/bin/python -m virtualenv /tmp/venvlpz8ro9g --python=python
[2024-08-02T17:01:28.716+0900] {process_utils.py:187} INFO - Output:
[2024-08-02T17:01:29.087+0900] {process_utils.py:191} INFO - created virtual environment CPython3.11.9.final.0-64 in 261ms
[2024-08-02T17:01:29.087+0900] {process_utils.py:191} INFO -   creator CPython3Posix(dest=/tmp/venvlpz8ro9g, clear=False, no_vcs_ignore=False, global=False)
[2024-08-02T17:01:29.087+0900] {process_utils.py:191} INFO -   seeder FromAppData(download=False, pip=bundle, setuptools=bundle, wheel=bundle, via=copy, app_data_dir=/home/oddsummer/.local/share/virtualenv)
[2024-08-02T17:01:29.087+0900] {process_utils.py:191} INFO -     added seed packages: pip==24.1.2, setuptools==70.2.0, wheel==0.43.0
[2024-08-02T17:01:29.088+0900] {process_utils.py:191} INFO -   activators BashActivator,CShellActivator,FishActivator,NushellActivator,PowerShellActivator,PythonActivator
[2024-08-02T17:01:29.112+0900] {process_utils.py:183} INFO - Executing cmd: /tmp/venvlpz8ro9g/bin/pip install -r /tmp/venvlpz8ro9g/requirements.txt
[2024-08-02T17:01:29.113+0900] {process_utils.py:187} INFO - Output:
[2024-08-02T17:01:30.061+0900] {process_utils.py:191} INFO - Collecting git+https://github.com/7-TRG/extract_trg.git@main (from -r /tmp/venvlpz8ro9g/requirements.txt (line 1))
[2024-08-02T17:01:30.062+0900] {process_utils.py:191} INFO -   Cloning https://github.com/7-TRG/extract_trg.git (to revision main) to /tmp/pip-req-build-jvvcmt9y
[2024-08-02T17:01:30.064+0900] {process_utils.py:191} INFO -   Running command git clone --filter=blob:none --quiet https://github.com/7-TRG/extract_trg.git /tmp/pip-req-build-jvvcmt9y
[2024-08-02T17:01:31.966+0900] {process_utils.py:191} INFO -   Resolved https://github.com/7-TRG/extract_trg.git to commit 0712b3f1bbaeeeea58bf80749079a62c7e1bec3d
[2024-08-02T17:01:31.972+0900] {process_utils.py:191} INFO -   Installing build dependencies: started
[2024-08-02T17:01:33.794+0900] {process_utils.py:191} INFO -   Installing build dependencies: finished with status 'done'
[2024-08-02T17:01:33.795+0900] {process_utils.py:191} INFO -   Getting requirements to build wheel: started
[2024-08-02T17:01:34.037+0900] {process_utils.py:191} INFO -   Getting requirements to build wheel: finished with status 'done'
[2024-08-02T17:01:34.038+0900] {process_utils.py:191} INFO -   Preparing metadata (pyproject.toml): started
[2024-08-02T17:01:34.292+0900] {process_utils.py:191} INFO -   Preparing metadata (pyproject.toml): finished with status 'done'
[2024-08-02T17:01:34.294+0900] {process_utils.py:191} INFO - Building wheels for collected packages: extract_trg
[2024-08-02T17:01:34.298+0900] {process_utils.py:191} INFO -   Building wheel for extract_trg (pyproject.toml): started
[2024-08-02T17:01:34.567+0900] {process_utils.py:191} INFO -   Building wheel for extract_trg (pyproject.toml): finished with status 'done'
[2024-08-02T17:01:34.568+0900] {process_utils.py:191} INFO -   Created wheel for extract_trg: filename=extract_trg-0.1.0-py3-none-any.whl size=2219 sha256=cc5b8b488a5715847d21d4188f313e82fe4c67b9224c76328f349df98ef8ca31
[2024-08-02T17:01:34.568+0900] {process_utils.py:191} INFO -   Stored in directory: /tmp/pip-ephem-wheel-cache-8g7ylflx/wheels/21/97/ea/e27bc4298590f1b8a2b9c46b60aefbe2e3076cf05f6bd5e464
[2024-08-02T17:01:34.570+0900] {process_utils.py:191} INFO - Successfully built extract_trg
[2024-08-02T17:01:34.581+0900] {process_utils.py:191} INFO - Installing collected packages: extract_trg
[2024-08-02T17:01:34.604+0900] {process_utils.py:191} INFO - Successfully installed extract_trg-0.1.0
[2024-08-02T17:01:34.610+0900] {process_utils.py:191} INFO - 
[2024-08-02T17:01:34.611+0900] {process_utils.py:191} INFO - [notice] A new release of pip is available: 24.1.2 -> 24.2
[2024-08-02T17:01:34.611+0900] {process_utils.py:191} INFO - [notice] To update, run: python -m pip install --upgrade pip
[2024-08-02T17:01:34.708+0900] {process_utils.py:183} INFO - Executing cmd: /tmp/venvlpz8ro9g/bin/python /tmp/venv-callye4k21p8/script.py /tmp/venv-callye4k21p8/script.in /tmp/venv-callye4k21p8/script.out /tmp/venv-callye4k21p8/string_args.txt /tmp/venv-callye4k21p8/termination.log
[2024-08-02T17:01:34.709+0900] {process_utils.py:187} INFO - Output:
[2024-08-02T17:01:34.729+0900] {process_utils.py:191} INFO - 
[2024-08-02T17:01:34.729+0900] {process_utils.py:191} INFO - ---------------======---::::::------+--=======++++++++++===--:...::-=--==============--:.....:-=====
[2024-08-02T17:01:34.730+0900] {process_utils.py:191} INFO - ----::---------------------===--::--+-----=============++++++===---:....--===============--:...:-===
[2024-08-02T17:01:34.730+0900] {process_utils.py:191} INFO - ----------------------------------=++----------------------=+===========-::.:-======================
[2024-08-02T17:01:34.730+0900] {process_utils.py:191} INFO - =----------------------------------==-----------------------=-----==============================+=--
[2024-08-02T17:01:34.730+0900] {process_utils.py:191} INFO - %%####=----------------------------==----------------------=-::::-----======+*%#++================::
[2024-08-02T17:01:34.730+0900] {process_utils.py:191} INFO - %%%%%#=----------------------------=-:---------------------=--==--------=====*#*=================-::
[2024-08-02T17:01:34.731+0900] {process_utils.py:191} INFO - @@%%%*-----------------+***++=-----=-::-------------------:+---------=====+++====================-::
[2024-08-02T17:01:34.731+0900] {process_utils.py:191} INFO - @@%%%*---------------#%%%%##%%#=---=-+##*#+----------------=------------=====+====-=--===========-::
[2024-08-02T17:01:34.731+0900] {process_utils.py:191} INFO - @@@%%+--=+*%%%+-----+%@@%#++%%%#=--=*%+===#+::----------::=-----------=+*##*++=-----------=======-::
[2024-08-02T17:01:34.731+0900] {process_utils.py:191} INFO - +++++=-+#+***#*=-----#*++**+#@@@*--+#+**+***-:=-:---=*+-::=-----==+++*######%%%#=-------------==-:::
[2024-08-02T17:01:34.731+0900] {process_utils.py:191} INFO - *******-:::-*=-------+===+=-=+#%%:-=++++=+==-:=-:::=%%#-::###=-*#%%%%%%%%%%%%%%%%+---------------:::
[2024-08-02T17:01:34.731+0900] {process_utils.py:191} INFO - =====+=:--::+---+--+**++++*+++#%*-=--**++++-:=++=::+#*-::=%%%#*#%%%%%%%%@@%%%%@@%%#====------+#%%=-*
[2024-08-02T17:01:34.732+0900] {process_utils.py:191} INFO - =-==++---=+==*#%%%%%%=*++++++++==-=-*##*+=##**++=--++-:--*=-=*#%%%@%###*###*+++*%%%*=============-#%
[2024-08-02T17:01:34.732+0900] {process_utils.py:191} INFO - +-=------=*%%%%@%@@@@***=+*#+*##*#%%@@**++%@%%%%*+=--=-=+-:--:#%@@%#*****###*+---+*++#**===---=++*%@
[2024-08-02T17:01:34.732+0900] {process_utils.py:191} INFO - --==-::-*%%%@@@@@@@%#*=-+++%@%##%%@@@@@%#%@@@%%@%%%*=--=#%####-%@%%####++++++=---==++*####*+++*%@%@@
[2024-08-02T17:01:34.732+0900] {process_utils.py:191} INFO - -=*+=-=#@@@@@@@@@#*+++++*@@@@@@@@@@@@@@@@@@@@@@@@@@@#+==-+*+#=:-+#%##**==++**+++=====+*###*+**#@%##%
[2024-08-02T17:01:34.732+0900] {process_utils.py:191} INFO - -=++-+%%@%@@@@%+=-++***#@@@@@@@@@@@@%:+@@*%+=%@@@@@@%%#%%#*=+--:-=#++**%#*+=+++++===+**####=*%%%%%%%
[2024-08-02T17:01:34.732+0900] {process_utils.py:191} INFO - -=++#%%####+-:---=*%%@@%#######**++++=+++++++++%%=+%@@%##*+==-=++=+*****##*===+++++==*#####*+#%%##%%
[2024-08-02T17:01:34.732+0900] {process_utils.py:191} INFO - -=*+=---==+=-::::-*@@@%+=======++++++++++++++*#%#**%%%*==-+*=--+==*****#**+=====+++++=***+++=+==::::
[2024-08-02T17:01:34.733+0900] {process_utils.py:191} INFO - =#*=++++++*###**==*@@@%=======++++++++*@@@@@@@@%%#####-:=+----==******##****+++++***==-=+=:::.::::::
[2024-08-02T17:01:34.733+0900] {process_utils.py:191} INFO - #%*+*++++**##*###*+#@@#=========++++==*%%%%%%%%######*=-----==+*********##########*+====::::::::::::
[2024-08-02T17:01:34.733+0900] {process_utils.py:191} INFO - ++++*#%%@%*##*##***%@@*===============+%##%%######%%%%*==-===+*********+=+*#######*++++-:::--::-----
[2024-08-02T17:01:34.733+0900] {process_utils.py:191} INFO - ===+*#%@@%*##**#**+=--================+%%#%%###%#%%%%%#======*#######*-:-++*####*****++:------------
[2024-08-02T17:01:34.733+0900] {process_utils.py:191} INFO - =+=------=##**##**+=--================+%%#%%###%%#%%%%%+=====+###**++==----:-*####****=------==-====
[2024-08-02T17:01:34.733+0900] {process_utils.py:191} INFO - 
[2024-08-02T17:01:34.755+0900] {python.py:237} INFO - Done. Returned value was: None
[2024-08-02T17:01:34.755+0900] {taskinstance.py:441} INFO - ::group::Post task execution logs
[2024-08-02T17:01:34.759+0900] {taskinstance.py:1206} INFO - Marking task as SUCCESS. dag_id=movie, task_id=get.data, run_id=scheduled__2017-01-02T05:10:00+00:00, execution_date=20170102T051000, start_date=20240802T080128, end_date=20240802T080134
[2024-08-02T17:01:34.803+0900] {local_task_job_runner.py:243} INFO - Task exited with return code 0
[2024-08-02T17:01:34.818+0900] {taskinstance.py:3503} INFO - 0 downstream tasks scheduled from follow-on schedule check
[2024-08-02T17:01:34.818+0900] {local_task_job_runner.py:222} INFO - ::endgroup::
