[2024-08-02T17:32:48.238+0900] {local_task_job_runner.py:120} INFO - ::group::Pre task execution logs
[2024-08-02T17:32:48.256+0900] {taskinstance.py:2076} INFO - Dependencies all met for dep_context=non-requeueable deps ti=<TaskInstance: movie.get.data scheduled__2017-01-04T05:51:00+00:00 [queued]>
[2024-08-02T17:32:48.262+0900] {taskinstance.py:2076} INFO - Dependencies all met for dep_context=requeueable deps ti=<TaskInstance: movie.get.data scheduled__2017-01-04T05:51:00+00:00 [queued]>
[2024-08-02T17:32:48.262+0900] {taskinstance.py:2306} INFO - Starting attempt 1 of 3
[2024-08-02T17:32:48.277+0900] {taskinstance.py:2330} INFO - Executing <Task(PythonVirtualenvOperator): get.data> on 2017-01-04 05:51:00+00:00
[2024-08-02T17:32:48.280+0900] {standard_task_runner.py:64} INFO - Started process 166932 to run task
[2024-08-02T17:32:48.283+0900] {standard_task_runner.py:90} INFO - Running: ['airflow', 'tasks', 'run', 'movie', 'get.data', 'scheduled__2017-01-04T05:51:00+00:00', '--job-id', '242', '--raw', '--subdir', 'DAGS_FOLDER/movie.py', '--cfg-path', '/tmp/tmpe2shpf5z']
[2024-08-02T17:32:48.285+0900] {standard_task_runner.py:91} INFO - Job 242: Subtask get.data
[2024-08-02T17:32:48.326+0900] {task_command.py:426} INFO - Running <TaskInstance: movie.get.data scheduled__2017-01-04T05:51:00+00:00 [running]> on host playdata.
[2024-08-02T17:32:48.400+0900] {taskinstance.py:2648} INFO - Exporting env vars: AIRFLOW_CTX_DAG_OWNER='airflow' AIRFLOW_CTX_DAG_ID='movie' AIRFLOW_CTX_TASK_ID='get.data' AIRFLOW_CTX_EXECUTION_DATE='2017-01-04T05:51:00+00:00' AIRFLOW_CTX_TRY_NUMBER='1' AIRFLOW_CTX_DAG_RUN_ID='scheduled__2017-01-04T05:51:00+00:00'
[2024-08-02T17:32:48.400+0900] {taskinstance.py:430} INFO - ::endgroup::
[2024-08-02T17:32:48.414+0900] {baseoperator.py:400} WARNING - PythonVirtualenvOperator.execute cannot be called outside TaskInstance!
[2024-08-02T17:32:48.415+0900] {process_utils.py:183} INFO - Executing cmd: /home/oddsummer/.pyenv/versions/3.11.9/envs/air/bin/python -m virtualenv /tmp/venvp388lkzl --python=python
[2024-08-02T17:32:48.416+0900] {process_utils.py:187} INFO - Output:
[2024-08-02T17:32:48.746+0900] {process_utils.py:191} INFO - created virtual environment CPython3.11.9.final.0-64 in 224ms
[2024-08-02T17:32:48.746+0900] {process_utils.py:191} INFO -   creator CPython3Posix(dest=/tmp/venvp388lkzl, clear=False, no_vcs_ignore=False, global=False)
[2024-08-02T17:32:48.747+0900] {process_utils.py:191} INFO -   seeder FromAppData(download=False, pip=bundle, setuptools=bundle, wheel=bundle, via=copy, app_data_dir=/home/oddsummer/.local/share/virtualenv)
[2024-08-02T17:32:48.747+0900] {process_utils.py:191} INFO -     added seed packages: pip==24.1.2, setuptools==70.2.0, wheel==0.43.0
[2024-08-02T17:32:48.747+0900] {process_utils.py:191} INFO -   activators BashActivator,CShellActivator,FishActivator,NushellActivator,PowerShellActivator,PythonActivator
[2024-08-02T17:32:48.771+0900] {process_utils.py:183} INFO - Executing cmd: /tmp/venvp388lkzl/bin/pip install -r /tmp/venvp388lkzl/requirements.txt
[2024-08-02T17:32:48.771+0900] {process_utils.py:187} INFO - Output:
[2024-08-02T17:32:49.760+0900] {process_utils.py:191} INFO - Collecting git+https://github.com/7-TRG/extract_trg.git@main (from -r /tmp/venvp388lkzl/requirements.txt (line 1))
[2024-08-02T17:32:49.761+0900] {process_utils.py:191} INFO -   Cloning https://github.com/7-TRG/extract_trg.git (to revision main) to /tmp/pip-req-build-ju_tbpmm
[2024-08-02T17:32:49.763+0900] {process_utils.py:191} INFO -   Running command git clone --filter=blob:none --quiet https://github.com/7-TRG/extract_trg.git /tmp/pip-req-build-ju_tbpmm
[2024-08-02T17:32:51.508+0900] {process_utils.py:191} INFO -   Resolved https://github.com/7-TRG/extract_trg.git to commit 0712b3f1bbaeeeea58bf80749079a62c7e1bec3d
[2024-08-02T17:32:51.513+0900] {process_utils.py:191} INFO -   Installing build dependencies: started
[2024-08-02T17:32:53.365+0900] {process_utils.py:191} INFO -   Installing build dependencies: finished with status 'done'
[2024-08-02T17:32:53.366+0900] {process_utils.py:191} INFO -   Getting requirements to build wheel: started
[2024-08-02T17:32:53.608+0900] {process_utils.py:191} INFO -   Getting requirements to build wheel: finished with status 'done'
[2024-08-02T17:32:53.609+0900] {process_utils.py:191} INFO -   Preparing metadata (pyproject.toml): started
[2024-08-02T17:32:53.860+0900] {process_utils.py:191} INFO -   Preparing metadata (pyproject.toml): finished with status 'done'
[2024-08-02T17:32:53.863+0900] {process_utils.py:191} INFO - Building wheels for collected packages: extract_trg
[2024-08-02T17:32:53.868+0900] {process_utils.py:191} INFO -   Building wheel for extract_trg (pyproject.toml): started
[2024-08-02T17:32:54.126+0900] {process_utils.py:191} INFO -   Building wheel for extract_trg (pyproject.toml): finished with status 'done'
[2024-08-02T17:32:54.127+0900] {process_utils.py:191} INFO -   Created wheel for extract_trg: filename=extract_trg-0.1.0-py3-none-any.whl size=2219 sha256=5045c57f9951cdb5f3762a7f534fdaf49cd7bf7afbb4ca56635b1e8ee7438569
[2024-08-02T17:32:54.127+0900] {process_utils.py:191} INFO -   Stored in directory: /tmp/pip-ephem-wheel-cache-abn78ork/wheels/21/97/ea/e27bc4298590f1b8a2b9c46b60aefbe2e3076cf05f6bd5e464
[2024-08-02T17:32:54.130+0900] {process_utils.py:191} INFO - Successfully built extract_trg
[2024-08-02T17:32:54.138+0900] {process_utils.py:191} INFO - Installing collected packages: extract_trg
[2024-08-02T17:32:54.157+0900] {process_utils.py:191} INFO - Successfully installed extract_trg-0.1.0
[2024-08-02T17:32:54.162+0900] {process_utils.py:191} INFO - 
[2024-08-02T17:32:54.163+0900] {process_utils.py:191} INFO - [notice] A new release of pip is available: 24.1.2 -> 24.2
[2024-08-02T17:32:54.163+0900] {process_utils.py:191} INFO - [notice] To update, run: python -m pip install --upgrade pip
[2024-08-02T17:32:54.258+0900] {process_utils.py:183} INFO - Executing cmd: /tmp/venvp388lkzl/bin/python /tmp/venv-call150rpg4q/script.py /tmp/venv-call150rpg4q/script.in /tmp/venv-call150rpg4q/script.out /tmp/venv-call150rpg4q/string_args.txt /tmp/venv-call150rpg4q/termination.log
[2024-08-02T17:32:54.258+0900] {process_utils.py:187} INFO - Output:
[2024-08-02T17:32:54.277+0900] {process_utils.py:191} INFO - 
[2024-08-02T17:32:54.278+0900] {process_utils.py:191} INFO - ---------------======---::::::------+--=======++++++++++===--:...::-=--==============--:.....:-=====
[2024-08-02T17:32:54.278+0900] {process_utils.py:191} INFO - ----::---------------------===--::--+-----=============++++++===---:....--===============--:...:-===
[2024-08-02T17:32:54.278+0900] {process_utils.py:191} INFO - ----------------------------------=++----------------------=+===========-::.:-======================
[2024-08-02T17:32:54.278+0900] {process_utils.py:191} INFO - =----------------------------------==-----------------------=-----==============================+=--
[2024-08-02T17:32:54.278+0900] {process_utils.py:191} INFO - %%####=----------------------------==----------------------=-::::-----======+*%#++================::
[2024-08-02T17:32:54.279+0900] {process_utils.py:191} INFO - %%%%%#=----------------------------=-:---------------------=--==--------=====*#*=================-::
[2024-08-02T17:32:54.279+0900] {process_utils.py:191} INFO - @@%%%*-----------------+***++=-----=-::-------------------:+---------=====+++====================-::
[2024-08-02T17:32:54.279+0900] {process_utils.py:191} INFO - @@%%%*---------------#%%%%##%%#=---=-+##*#+----------------=------------=====+====-=--===========-::
[2024-08-02T17:32:54.279+0900] {process_utils.py:191} INFO - @@@%%+--=+*%%%+-----+%@@%#++%%%#=--=*%+===#+::----------::=-----------=+*##*++=-----------=======-::
[2024-08-02T17:32:54.279+0900] {process_utils.py:191} INFO - +++++=-+#+***#*=-----#*++**+#@@@*--+#+**+***-:=-:---=*+-::=-----==+++*######%%%#=-------------==-:::
[2024-08-02T17:32:54.279+0900] {process_utils.py:191} INFO - *******-:::-*=-------+===+=-=+#%%:-=++++=+==-:=-:::=%%#-::###=-*#%%%%%%%%%%%%%%%%+---------------:::
[2024-08-02T17:32:54.279+0900] {process_utils.py:191} INFO - =====+=:--::+---+--+**++++*+++#%*-=--**++++-:=++=::+#*-::=%%%#*#%%%%%%%%@@%%%%@@%%#====------+#%%=-*
[2024-08-02T17:32:54.280+0900] {process_utils.py:191} INFO - =-==++---=+==*#%%%%%%=*++++++++==-=-*##*+=##**++=--++-:--*=-=*#%%%@%###*###*+++*%%%*=============-#%
[2024-08-02T17:32:54.280+0900] {process_utils.py:191} INFO - +-=------=*%%%%@%@@@@***=+*#+*##*#%%@@**++%@%%%%*+=--=-=+-:--:#%@@%#*****###*+---+*++#**===---=++*%@
[2024-08-02T17:32:54.280+0900] {process_utils.py:191} INFO - --==-::-*%%%@@@@@@@%#*=-+++%@%##%%@@@@@%#%@@@%%@%%%*=--=#%####-%@%%####++++++=---==++*####*+++*%@%@@
[2024-08-02T17:32:54.280+0900] {process_utils.py:191} INFO - -=*+=-=#@@@@@@@@@#*+++++*@@@@@@@@@@@@@@@@@@@@@@@@@@@#+==-+*+#=:-+#%##**==++**+++=====+*###*+**#@%##%
[2024-08-02T17:32:54.280+0900] {process_utils.py:191} INFO - -=++-+%%@%@@@@%+=-++***#@@@@@@@@@@@@%:+@@*%+=%@@@@@@%%#%%#*=+--:-=#++**%#*+=+++++===+**####=*%%%%%%%
[2024-08-02T17:32:54.280+0900] {process_utils.py:191} INFO - -=++#%%####+-:---=*%%@@%#######**++++=+++++++++%%=+%@@%##*+==-=++=+*****##*===+++++==*#####*+#%%##%%
[2024-08-02T17:32:54.280+0900] {process_utils.py:191} INFO - -=*+=---==+=-::::-*@@@%+=======++++++++++++++*#%#**%%%*==-+*=--+==*****#**+=====+++++=***+++=+==::::
[2024-08-02T17:32:54.281+0900] {process_utils.py:191} INFO - =#*=++++++*###**==*@@@%=======++++++++*@@@@@@@@%%#####-:=+----==******##****+++++***==-=+=:::.::::::
[2024-08-02T17:32:54.281+0900] {process_utils.py:191} INFO - #%*+*++++**##*###*+#@@#=========++++==*%%%%%%%%######*=-----==+*********##########*+====::::::::::::
[2024-08-02T17:32:54.281+0900] {process_utils.py:191} INFO - ++++*#%%@%*##*##***%@@*===============+%##%%######%%%%*==-===+*********+=+*#######*++++-:::--::-----
[2024-08-02T17:32:54.281+0900] {process_utils.py:191} INFO - ===+*#%@@%*##**#**+=--================+%%#%%###%#%%%%%#======*#######*-:-++*####*****++:------------
[2024-08-02T17:32:54.281+0900] {process_utils.py:191} INFO - =+=------=##**##**+=--================+%%#%%###%%#%%%%%+=====+###**++==----:-*####****=------==-====
[2024-08-02T17:32:54.281+0900] {process_utils.py:191} INFO - 
[2024-08-02T17:32:54.305+0900] {python.py:237} INFO - Done. Returned value was: None
[2024-08-02T17:32:54.305+0900] {taskinstance.py:441} INFO - ::group::Post task execution logs
[2024-08-02T17:32:54.309+0900] {taskinstance.py:1206} INFO - Marking task as SUCCESS. dag_id=movie, task_id=get.data, run_id=scheduled__2017-01-04T05:51:00+00:00, execution_date=20170104T055100, start_date=20240802T083248, end_date=20240802T083254
[2024-08-02T17:32:54.370+0900] {local_task_job_runner.py:243} INFO - Task exited with return code 0
[2024-08-02T17:32:54.381+0900] {taskinstance.py:3503} INFO - 0 downstream tasks scheduled from follow-on schedule check
[2024-08-02T17:32:54.382+0900] {local_task_job_runner.py:222} INFO - ::endgroup::
