[2024-08-02T17:15:49.494+0900] {local_task_job_runner.py:120} INFO - ::group::Pre task execution logs
[2024-08-02T17:15:49.517+0900] {taskinstance.py:2076} INFO - Dependencies all met for dep_context=non-requeueable deps ti=<TaskInstance: movie.get.data scheduled__2017-01-03T05:24:00+00:00 [queued]>
[2024-08-02T17:15:49.524+0900] {taskinstance.py:2076} INFO - Dependencies all met for dep_context=requeueable deps ti=<TaskInstance: movie.get.data scheduled__2017-01-03T05:24:00+00:00 [queued]>
[2024-08-02T17:15:49.524+0900] {taskinstance.py:2306} INFO - Starting attempt 1 of 3
[2024-08-02T17:15:49.541+0900] {taskinstance.py:2330} INFO - Executing <Task(PythonVirtualenvOperator): get.data> on 2017-01-03 05:24:00+00:00
[2024-08-02T17:15:49.544+0900] {standard_task_runner.py:64} INFO - Started process 159319 to run task
[2024-08-02T17:15:49.546+0900] {standard_task_runner.py:90} INFO - Running: ['airflow', 'tasks', 'run', 'movie', 'get.data', 'scheduled__2017-01-03T05:24:00+00:00', '--job-id', '155', '--raw', '--subdir', 'DAGS_FOLDER/movie.py', '--cfg-path', '/tmp/tmpf4m8r6by']
[2024-08-02T17:15:49.548+0900] {standard_task_runner.py:91} INFO - Job 155: Subtask get.data
[2024-08-02T17:15:49.585+0900] {task_command.py:426} INFO - Running <TaskInstance: movie.get.data scheduled__2017-01-03T05:24:00+00:00 [running]> on host playdata.
[2024-08-02T17:15:49.655+0900] {taskinstance.py:2648} INFO - Exporting env vars: AIRFLOW_CTX_DAG_OWNER='airflow' AIRFLOW_CTX_DAG_ID='movie' AIRFLOW_CTX_TASK_ID='get.data' AIRFLOW_CTX_EXECUTION_DATE='2017-01-03T05:24:00+00:00' AIRFLOW_CTX_TRY_NUMBER='1' AIRFLOW_CTX_DAG_RUN_ID='scheduled__2017-01-03T05:24:00+00:00'
[2024-08-02T17:15:49.656+0900] {taskinstance.py:430} INFO - ::endgroup::
[2024-08-02T17:15:49.666+0900] {baseoperator.py:400} WARNING - PythonVirtualenvOperator.execute cannot be called outside TaskInstance!
[2024-08-02T17:15:49.666+0900] {process_utils.py:183} INFO - Executing cmd: /home/oddsummer/.pyenv/versions/3.11.9/envs/air/bin/python -m virtualenv /tmp/venvg2i4yj77 --python=python
[2024-08-02T17:15:49.667+0900] {process_utils.py:187} INFO - Output:
[2024-08-02T17:15:50.043+0900] {process_utils.py:191} INFO - created virtual environment CPython3.11.9.final.0-64 in 270ms
[2024-08-02T17:15:50.043+0900] {process_utils.py:191} INFO -   creator CPython3Posix(dest=/tmp/venvg2i4yj77, clear=False, no_vcs_ignore=False, global=False)
[2024-08-02T17:15:50.044+0900] {process_utils.py:191} INFO -   seeder FromAppData(download=False, pip=bundle, setuptools=bundle, wheel=bundle, via=copy, app_data_dir=/home/oddsummer/.local/share/virtualenv)
[2024-08-02T17:15:50.044+0900] {process_utils.py:191} INFO -     added seed packages: pip==24.1.2, setuptools==70.2.0, wheel==0.43.0
[2024-08-02T17:15:50.044+0900] {process_utils.py:191} INFO -   activators BashActivator,CShellActivator,FishActivator,NushellActivator,PowerShellActivator,PythonActivator
[2024-08-02T17:15:50.067+0900] {process_utils.py:183} INFO - Executing cmd: /tmp/venvg2i4yj77/bin/pip install -r /tmp/venvg2i4yj77/requirements.txt
[2024-08-02T17:15:50.068+0900] {process_utils.py:187} INFO - Output:
[2024-08-02T17:15:50.985+0900] {process_utils.py:191} INFO - Collecting git+https://github.com/7-TRG/extract_trg.git@main (from -r /tmp/venvg2i4yj77/requirements.txt (line 1))
[2024-08-02T17:15:50.987+0900] {process_utils.py:191} INFO -   Cloning https://github.com/7-TRG/extract_trg.git (to revision main) to /tmp/pip-req-build-zwtdya_x
[2024-08-02T17:15:50.989+0900] {process_utils.py:191} INFO -   Running command git clone --filter=blob:none --quiet https://github.com/7-TRG/extract_trg.git /tmp/pip-req-build-zwtdya_x
[2024-08-02T17:15:52.842+0900] {process_utils.py:191} INFO -   Resolved https://github.com/7-TRG/extract_trg.git to commit 0712b3f1bbaeeeea58bf80749079a62c7e1bec3d
[2024-08-02T17:15:52.848+0900] {process_utils.py:191} INFO -   Installing build dependencies: started
[2024-08-02T17:15:54.799+0900] {process_utils.py:191} INFO -   Installing build dependencies: finished with status 'done'
[2024-08-02T17:15:54.800+0900] {process_utils.py:191} INFO -   Getting requirements to build wheel: started
[2024-08-02T17:15:55.041+0900] {process_utils.py:191} INFO -   Getting requirements to build wheel: finished with status 'done'
[2024-08-02T17:15:55.042+0900] {process_utils.py:191} INFO -   Preparing metadata (pyproject.toml): started
[2024-08-02T17:15:55.346+0900] {process_utils.py:191} INFO -   Preparing metadata (pyproject.toml): finished with status 'done'
[2024-08-02T17:15:55.349+0900] {process_utils.py:191} INFO - Building wheels for collected packages: extract_trg
[2024-08-02T17:15:55.353+0900] {process_utils.py:191} INFO -   Building wheel for extract_trg (pyproject.toml): started
[2024-08-02T17:15:55.622+0900] {process_utils.py:191} INFO -   Building wheel for extract_trg (pyproject.toml): finished with status 'done'
[2024-08-02T17:15:55.623+0900] {process_utils.py:191} INFO -   Created wheel for extract_trg: filename=extract_trg-0.1.0-py3-none-any.whl size=2219 sha256=5a9d58be5c7c7dbedbc4a595784a9f664ad9a73f80ba2f4a982295ae07ce55b0
[2024-08-02T17:15:55.623+0900] {process_utils.py:191} INFO -   Stored in directory: /tmp/pip-ephem-wheel-cache-hdrvlghl/wheels/21/97/ea/e27bc4298590f1b8a2b9c46b60aefbe2e3076cf05f6bd5e464
[2024-08-02T17:15:55.626+0900] {process_utils.py:191} INFO - Successfully built extract_trg
[2024-08-02T17:15:55.636+0900] {process_utils.py:191} INFO - Installing collected packages: extract_trg
[2024-08-02T17:15:55.657+0900] {process_utils.py:191} INFO - Successfully installed extract_trg-0.1.0
[2024-08-02T17:15:55.664+0900] {process_utils.py:191} INFO - 
[2024-08-02T17:15:55.665+0900] {process_utils.py:191} INFO - [notice] A new release of pip is available: 24.1.2 -> 24.2
[2024-08-02T17:15:55.665+0900] {process_utils.py:191} INFO - [notice] To update, run: python -m pip install --upgrade pip
[2024-08-02T17:15:55.785+0900] {process_utils.py:183} INFO - Executing cmd: /tmp/venvg2i4yj77/bin/python /tmp/venv-calltn9_kob5/script.py /tmp/venv-calltn9_kob5/script.in /tmp/venv-calltn9_kob5/script.out /tmp/venv-calltn9_kob5/string_args.txt /tmp/venv-calltn9_kob5/termination.log
[2024-08-02T17:15:55.786+0900] {process_utils.py:187} INFO - Output:
[2024-08-02T17:15:55.810+0900] {process_utils.py:191} INFO - 
[2024-08-02T17:15:55.810+0900] {process_utils.py:191} INFO - ---------------======---::::::------+--=======++++++++++===--:...::-=--==============--:.....:-=====
[2024-08-02T17:15:55.810+0900] {process_utils.py:191} INFO - ----::---------------------===--::--+-----=============++++++===---:....--===============--:...:-===
[2024-08-02T17:15:55.811+0900] {process_utils.py:191} INFO - ----------------------------------=++----------------------=+===========-::.:-======================
[2024-08-02T17:15:55.811+0900] {process_utils.py:191} INFO - =----------------------------------==-----------------------=-----==============================+=--
[2024-08-02T17:15:55.811+0900] {process_utils.py:191} INFO - %%####=----------------------------==----------------------=-::::-----======+*%#++================::
[2024-08-02T17:15:55.811+0900] {process_utils.py:191} INFO - %%%%%#=----------------------------=-:---------------------=--==--------=====*#*=================-::
[2024-08-02T17:15:55.812+0900] {process_utils.py:191} INFO - @@%%%*-----------------+***++=-----=-::-------------------:+---------=====+++====================-::
[2024-08-02T17:15:55.812+0900] {process_utils.py:191} INFO - @@%%%*---------------#%%%%##%%#=---=-+##*#+----------------=------------=====+====-=--===========-::
[2024-08-02T17:15:55.812+0900] {process_utils.py:191} INFO - @@@%%+--=+*%%%+-----+%@@%#++%%%#=--=*%+===#+::----------::=-----------=+*##*++=-----------=======-::
[2024-08-02T17:15:55.812+0900] {process_utils.py:191} INFO - +++++=-+#+***#*=-----#*++**+#@@@*--+#+**+***-:=-:---=*+-::=-----==+++*######%%%#=-------------==-:::
[2024-08-02T17:15:55.812+0900] {process_utils.py:191} INFO - *******-:::-*=-------+===+=-=+#%%:-=++++=+==-:=-:::=%%#-::###=-*#%%%%%%%%%%%%%%%%+---------------:::
[2024-08-02T17:15:55.813+0900] {process_utils.py:191} INFO - =====+=:--::+---+--+**++++*+++#%*-=--**++++-:=++=::+#*-::=%%%#*#%%%%%%%%@@%%%%@@%%#====------+#%%=-*
[2024-08-02T17:15:55.813+0900] {process_utils.py:191} INFO - =-==++---=+==*#%%%%%%=*++++++++==-=-*##*+=##**++=--++-:--*=-=*#%%%@%###*###*+++*%%%*=============-#%
[2024-08-02T17:15:55.813+0900] {process_utils.py:191} INFO - +-=------=*%%%%@%@@@@***=+*#+*##*#%%@@**++%@%%%%*+=--=-=+-:--:#%@@%#*****###*+---+*++#**===---=++*%@
[2024-08-02T17:15:55.813+0900] {process_utils.py:191} INFO - --==-::-*%%%@@@@@@@%#*=-+++%@%##%%@@@@@%#%@@@%%@%%%*=--=#%####-%@%%####++++++=---==++*####*+++*%@%@@
[2024-08-02T17:15:55.813+0900] {process_utils.py:191} INFO - -=*+=-=#@@@@@@@@@#*+++++*@@@@@@@@@@@@@@@@@@@@@@@@@@@#+==-+*+#=:-+#%##**==++**+++=====+*###*+**#@%##%
[2024-08-02T17:15:55.814+0900] {process_utils.py:191} INFO - -=++-+%%@%@@@@%+=-++***#@@@@@@@@@@@@%:+@@*%+=%@@@@@@%%#%%#*=+--:-=#++**%#*+=+++++===+**####=*%%%%%%%
[2024-08-02T17:15:55.814+0900] {process_utils.py:191} INFO - -=++#%%####+-:---=*%%@@%#######**++++=+++++++++%%=+%@@%##*+==-=++=+*****##*===+++++==*#####*+#%%##%%
[2024-08-02T17:15:55.814+0900] {process_utils.py:191} INFO - -=*+=---==+=-::::-*@@@%+=======++++++++++++++*#%#**%%%*==-+*=--+==*****#**+=====+++++=***+++=+==::::
[2024-08-02T17:15:55.814+0900] {process_utils.py:191} INFO - =#*=++++++*###**==*@@@%=======++++++++*@@@@@@@@%%#####-:=+----==******##****+++++***==-=+=:::.::::::
[2024-08-02T17:15:55.815+0900] {process_utils.py:191} INFO - #%*+*++++**##*###*+#@@#=========++++==*%%%%%%%%######*=-----==+*********##########*+====::::::::::::
[2024-08-02T17:15:55.815+0900] {process_utils.py:191} INFO - ++++*#%%@%*##*##***%@@*===============+%##%%######%%%%*==-===+*********+=+*#######*++++-:::--::-----
[2024-08-02T17:15:55.815+0900] {process_utils.py:191} INFO - ===+*#%@@%*##**#**+=--================+%%#%%###%#%%%%%#======*#######*-:-++*####*****++:------------
[2024-08-02T17:15:55.815+0900] {process_utils.py:191} INFO - =+=------=##**##**+=--================+%%#%%###%%#%%%%%+=====+###**++==----:-*####****=------==-====
[2024-08-02T17:15:55.815+0900] {process_utils.py:191} INFO - 
[2024-08-02T17:15:55.842+0900] {python.py:237} INFO - Done. Returned value was: None
[2024-08-02T17:15:55.842+0900] {taskinstance.py:441} INFO - ::group::Post task execution logs
[2024-08-02T17:15:55.846+0900] {taskinstance.py:1206} INFO - Marking task as SUCCESS. dag_id=movie, task_id=get.data, run_id=scheduled__2017-01-03T05:24:00+00:00, execution_date=20170103T052400, start_date=20240802T081549, end_date=20240802T081555
[2024-08-02T17:15:55.901+0900] {local_task_job_runner.py:243} INFO - Task exited with return code 0
[2024-08-02T17:15:55.917+0900] {taskinstance.py:3503} INFO - 0 downstream tasks scheduled from follow-on schedule check
[2024-08-02T17:15:55.918+0900] {local_task_job_runner.py:222} INFO - ::endgroup::
