[2024-08-02T17:24:51.513+0900] {local_task_job_runner.py:120} INFO - ::group::Pre task execution logs
[2024-08-02T17:24:51.536+0900] {taskinstance.py:2076} INFO - Dependencies all met for dep_context=non-requeueable deps ti=<TaskInstance: movie.get.data scheduled__2017-01-04T05:10:00+00:00 [queued]>
[2024-08-02T17:24:51.542+0900] {taskinstance.py:2076} INFO - Dependencies all met for dep_context=requeueable deps ti=<TaskInstance: movie.get.data scheduled__2017-01-04T05:10:00+00:00 [queued]>
[2024-08-02T17:24:51.543+0900] {taskinstance.py:2306} INFO - Starting attempt 1 of 3
[2024-08-02T17:24:51.560+0900] {taskinstance.py:2330} INFO - Executing <Task(PythonVirtualenvOperator): get.data> on 2017-01-04 05:10:00+00:00
[2024-08-02T17:24:51.563+0900] {standard_task_runner.py:64} INFO - Started process 163274 to run task
[2024-08-02T17:24:51.566+0900] {standard_task_runner.py:90} INFO - Running: ['airflow', 'tasks', 'run', 'movie', 'get.data', 'scheduled__2017-01-04T05:10:00+00:00', '--job-id', '201', '--raw', '--subdir', 'DAGS_FOLDER/movie.py', '--cfg-path', '/tmp/tmptnzare2o']
[2024-08-02T17:24:51.568+0900] {standard_task_runner.py:91} INFO - Job 201: Subtask get.data
[2024-08-02T17:24:51.605+0900] {task_command.py:426} INFO - Running <TaskInstance: movie.get.data scheduled__2017-01-04T05:10:00+00:00 [running]> on host playdata.
[2024-08-02T17:24:51.685+0900] {taskinstance.py:2648} INFO - Exporting env vars: AIRFLOW_CTX_DAG_OWNER='airflow' AIRFLOW_CTX_DAG_ID='movie' AIRFLOW_CTX_TASK_ID='get.data' AIRFLOW_CTX_EXECUTION_DATE='2017-01-04T05:10:00+00:00' AIRFLOW_CTX_TRY_NUMBER='1' AIRFLOW_CTX_DAG_RUN_ID='scheduled__2017-01-04T05:10:00+00:00'
[2024-08-02T17:24:51.685+0900] {taskinstance.py:430} INFO - ::endgroup::
[2024-08-02T17:24:51.696+0900] {baseoperator.py:400} WARNING - PythonVirtualenvOperator.execute cannot be called outside TaskInstance!
[2024-08-02T17:24:51.697+0900] {process_utils.py:183} INFO - Executing cmd: /home/oddsummer/.pyenv/versions/3.11.9/envs/air/bin/python -m virtualenv /tmp/venvdox13k_0 --python=python
[2024-08-02T17:24:51.698+0900] {process_utils.py:187} INFO - Output:
[2024-08-02T17:24:52.108+0900] {process_utils.py:191} INFO - created virtual environment CPython3.11.9.final.0-64 in 303ms
[2024-08-02T17:24:52.109+0900] {process_utils.py:191} INFO -   creator CPython3Posix(dest=/tmp/venvdox13k_0, clear=False, no_vcs_ignore=False, global=False)
[2024-08-02T17:24:52.109+0900] {process_utils.py:191} INFO -   seeder FromAppData(download=False, pip=bundle, setuptools=bundle, wheel=bundle, via=copy, app_data_dir=/home/oddsummer/.local/share/virtualenv)
[2024-08-02T17:24:52.109+0900] {process_utils.py:191} INFO -     added seed packages: pip==24.1.2, setuptools==70.2.0, wheel==0.43.0
[2024-08-02T17:24:52.110+0900] {process_utils.py:191} INFO -   activators BashActivator,CShellActivator,FishActivator,NushellActivator,PowerShellActivator,PythonActivator
[2024-08-02T17:24:52.133+0900] {process_utils.py:183} INFO - Executing cmd: /tmp/venvdox13k_0/bin/pip install -r /tmp/venvdox13k_0/requirements.txt
[2024-08-02T17:24:52.134+0900] {process_utils.py:187} INFO - Output:
[2024-08-02T17:24:53.202+0900] {process_utils.py:191} INFO - Collecting git+https://github.com/7-TRG/extract_trg.git@main (from -r /tmp/venvdox13k_0/requirements.txt (line 1))
[2024-08-02T17:24:53.203+0900] {process_utils.py:191} INFO -   Cloning https://github.com/7-TRG/extract_trg.git (to revision main) to /tmp/pip-req-build-b43f_5tj
[2024-08-02T17:24:53.205+0900] {process_utils.py:191} INFO -   Running command git clone --filter=blob:none --quiet https://github.com/7-TRG/extract_trg.git /tmp/pip-req-build-b43f_5tj
[2024-08-02T17:24:55.049+0900] {process_utils.py:191} INFO -   Resolved https://github.com/7-TRG/extract_trg.git to commit 0712b3f1bbaeeeea58bf80749079a62c7e1bec3d
[2024-08-02T17:24:55.055+0900] {process_utils.py:191} INFO -   Installing build dependencies: started
[2024-08-02T17:24:57.267+0900] {process_utils.py:191} INFO -   Installing build dependencies: finished with status 'done'
[2024-08-02T17:24:57.268+0900] {process_utils.py:191} INFO -   Getting requirements to build wheel: started
[2024-08-02T17:24:57.604+0900] {process_utils.py:191} INFO -   Getting requirements to build wheel: finished with status 'done'
[2024-08-02T17:24:57.605+0900] {process_utils.py:191} INFO -   Preparing metadata (pyproject.toml): started
[2024-08-02T17:24:57.889+0900] {process_utils.py:191} INFO -   Preparing metadata (pyproject.toml): finished with status 'done'
[2024-08-02T17:24:57.892+0900] {process_utils.py:191} INFO - Building wheels for collected packages: extract_trg
[2024-08-02T17:24:57.896+0900] {process_utils.py:191} INFO -   Building wheel for extract_trg (pyproject.toml): started
[2024-08-02T17:24:58.240+0900] {process_utils.py:191} INFO -   Building wheel for extract_trg (pyproject.toml): finished with status 'done'
[2024-08-02T17:24:58.241+0900] {process_utils.py:191} INFO -   Created wheel for extract_trg: filename=extract_trg-0.1.0-py3-none-any.whl size=2219 sha256=89e52a4200c8601259f99922f2fa607a79c7e43c188738b7dbf4540b6e4077d2
[2024-08-02T17:24:58.241+0900] {process_utils.py:191} INFO -   Stored in directory: /tmp/pip-ephem-wheel-cache-toyx4mtr/wheels/21/97/ea/e27bc4298590f1b8a2b9c46b60aefbe2e3076cf05f6bd5e464
[2024-08-02T17:24:58.243+0900] {process_utils.py:191} INFO - Successfully built extract_trg
[2024-08-02T17:24:58.253+0900] {process_utils.py:191} INFO - Installing collected packages: extract_trg
[2024-08-02T17:24:58.275+0900] {process_utils.py:191} INFO - Successfully installed extract_trg-0.1.0
[2024-08-02T17:24:58.283+0900] {process_utils.py:191} INFO - 
[2024-08-02T17:24:58.284+0900] {process_utils.py:191} INFO - [notice] A new release of pip is available: 24.1.2 -> 24.2
[2024-08-02T17:24:58.284+0900] {process_utils.py:191} INFO - [notice] To update, run: python -m pip install --upgrade pip
[2024-08-02T17:24:58.385+0900] {process_utils.py:183} INFO - Executing cmd: /tmp/venvdox13k_0/bin/python /tmp/venv-callfz2yq_x2/script.py /tmp/venv-callfz2yq_x2/script.in /tmp/venv-callfz2yq_x2/script.out /tmp/venv-callfz2yq_x2/string_args.txt /tmp/venv-callfz2yq_x2/termination.log
[2024-08-02T17:24:58.385+0900] {process_utils.py:187} INFO - Output:
[2024-08-02T17:24:58.406+0900] {process_utils.py:191} INFO - 
[2024-08-02T17:24:58.406+0900] {process_utils.py:191} INFO - ---------------======---::::::------+--=======++++++++++===--:...::-=--==============--:.....:-=====
[2024-08-02T17:24:58.407+0900] {process_utils.py:191} INFO - ----::---------------------===--::--+-----=============++++++===---:....--===============--:...:-===
[2024-08-02T17:24:58.407+0900] {process_utils.py:191} INFO - ----------------------------------=++----------------------=+===========-::.:-======================
[2024-08-02T17:24:58.407+0900] {process_utils.py:191} INFO - =----------------------------------==-----------------------=-----==============================+=--
[2024-08-02T17:24:58.407+0900] {process_utils.py:191} INFO - %%####=----------------------------==----------------------=-::::-----======+*%#++================::
[2024-08-02T17:24:58.408+0900] {process_utils.py:191} INFO - %%%%%#=----------------------------=-:---------------------=--==--------=====*#*=================-::
[2024-08-02T17:24:58.408+0900] {process_utils.py:191} INFO - @@%%%*-----------------+***++=-----=-::-------------------:+---------=====+++====================-::
[2024-08-02T17:24:58.408+0900] {process_utils.py:191} INFO - @@%%%*---------------#%%%%##%%#=---=-+##*#+----------------=------------=====+====-=--===========-::
[2024-08-02T17:24:58.408+0900] {process_utils.py:191} INFO - @@@%%+--=+*%%%+-----+%@@%#++%%%#=--=*%+===#+::----------::=-----------=+*##*++=-----------=======-::
[2024-08-02T17:24:58.408+0900] {process_utils.py:191} INFO - +++++=-+#+***#*=-----#*++**+#@@@*--+#+**+***-:=-:---=*+-::=-----==+++*######%%%#=-------------==-:::
[2024-08-02T17:24:58.409+0900] {process_utils.py:191} INFO - *******-:::-*=-------+===+=-=+#%%:-=++++=+==-:=-:::=%%#-::###=-*#%%%%%%%%%%%%%%%%+---------------:::
[2024-08-02T17:24:58.409+0900] {process_utils.py:191} INFO - =====+=:--::+---+--+**++++*+++#%*-=--**++++-:=++=::+#*-::=%%%#*#%%%%%%%%@@%%%%@@%%#====------+#%%=-*
[2024-08-02T17:24:58.409+0900] {process_utils.py:191} INFO - =-==++---=+==*#%%%%%%=*++++++++==-=-*##*+=##**++=--++-:--*=-=*#%%%@%###*###*+++*%%%*=============-#%
[2024-08-02T17:24:58.409+0900] {process_utils.py:191} INFO - +-=------=*%%%%@%@@@@***=+*#+*##*#%%@@**++%@%%%%*+=--=-=+-:--:#%@@%#*****###*+---+*++#**===---=++*%@
[2024-08-02T17:24:58.410+0900] {process_utils.py:191} INFO - --==-::-*%%%@@@@@@@%#*=-+++%@%##%%@@@@@%#%@@@%%@%%%*=--=#%####-%@%%####++++++=---==++*####*+++*%@%@@
[2024-08-02T17:24:58.410+0900] {process_utils.py:191} INFO - -=*+=-=#@@@@@@@@@#*+++++*@@@@@@@@@@@@@@@@@@@@@@@@@@@#+==-+*+#=:-+#%##**==++**+++=====+*###*+**#@%##%
[2024-08-02T17:24:58.410+0900] {process_utils.py:191} INFO - -=++-+%%@%@@@@%+=-++***#@@@@@@@@@@@@%:+@@*%+=%@@@@@@%%#%%#*=+--:-=#++**%#*+=+++++===+**####=*%%%%%%%
[2024-08-02T17:24:58.410+0900] {process_utils.py:191} INFO - -=++#%%####+-:---=*%%@@%#######**++++=+++++++++%%=+%@@%##*+==-=++=+*****##*===+++++==*#####*+#%%##%%
[2024-08-02T17:24:58.410+0900] {process_utils.py:191} INFO - -=*+=---==+=-::::-*@@@%+=======++++++++++++++*#%#**%%%*==-+*=--+==*****#**+=====+++++=***+++=+==::::
[2024-08-02T17:24:58.411+0900] {process_utils.py:191} INFO - =#*=++++++*###**==*@@@%=======++++++++*@@@@@@@@%%#####-:=+----==******##****+++++***==-=+=:::.::::::
[2024-08-02T17:24:58.411+0900] {process_utils.py:191} INFO - #%*+*++++**##*###*+#@@#=========++++==*%%%%%%%%######*=-----==+*********##########*+====::::::::::::
[2024-08-02T17:24:58.411+0900] {process_utils.py:191} INFO - ++++*#%%@%*##*##***%@@*===============+%##%%######%%%%*==-===+*********+=+*#######*++++-:::--::-----
[2024-08-02T17:24:58.411+0900] {process_utils.py:191} INFO - ===+*#%@@%*##**#**+=--================+%%#%%###%#%%%%%#======*#######*-:-++*####*****++:------------
[2024-08-02T17:24:58.411+0900] {process_utils.py:191} INFO - =+=------=##**##**+=--================+%%#%%###%%#%%%%%+=====+###**++==----:-*####****=------==-====
[2024-08-02T17:24:58.411+0900] {process_utils.py:191} INFO - 
[2024-08-02T17:24:58.434+0900] {python.py:237} INFO - Done. Returned value was: None
[2024-08-02T17:24:58.434+0900] {taskinstance.py:441} INFO - ::group::Post task execution logs
[2024-08-02T17:24:58.440+0900] {taskinstance.py:1206} INFO - Marking task as SUCCESS. dag_id=movie, task_id=get.data, run_id=scheduled__2017-01-04T05:10:00+00:00, execution_date=20170104T051000, start_date=20240802T082451, end_date=20240802T082458
[2024-08-02T17:24:58.506+0900] {local_task_job_runner.py:243} INFO - Task exited with return code 0
[2024-08-02T17:24:58.521+0900] {taskinstance.py:3503} INFO - 0 downstream tasks scheduled from follow-on schedule check
[2024-08-02T17:24:58.521+0900] {local_task_job_runner.py:222} INFO - ::endgroup::
