[2024-08-02T17:27:38.531+0900] {local_task_job_runner.py:120} INFO - ::group::Pre task execution logs
[2024-08-02T17:27:38.558+0900] {taskinstance.py:2076} INFO - Dependencies all met for dep_context=non-requeueable deps ti=<TaskInstance: movie.get.data scheduled__2017-01-04T05:24:00+00:00 [queued]>
[2024-08-02T17:27:38.565+0900] {taskinstance.py:2076} INFO - Dependencies all met for dep_context=requeueable deps ti=<TaskInstance: movie.get.data scheduled__2017-01-04T05:24:00+00:00 [queued]>
[2024-08-02T17:27:38.565+0900] {taskinstance.py:2306} INFO - Starting attempt 1 of 3
[2024-08-02T17:27:38.582+0900] {taskinstance.py:2330} INFO - Executing <Task(PythonVirtualenvOperator): get.data> on 2017-01-04 05:24:00+00:00
[2024-08-02T17:27:38.585+0900] {standard_task_runner.py:64} INFO - Started process 164479 to run task
[2024-08-02T17:27:38.588+0900] {standard_task_runner.py:90} INFO - Running: ['airflow', 'tasks', 'run', 'movie', 'get.data', 'scheduled__2017-01-04T05:24:00+00:00', '--job-id', '215', '--raw', '--subdir', 'DAGS_FOLDER/movie.py', '--cfg-path', '/tmp/tmpyslp_gy3']
[2024-08-02T17:27:38.590+0900] {standard_task_runner.py:91} INFO - Job 215: Subtask get.data
[2024-08-02T17:27:38.626+0900] {task_command.py:426} INFO - Running <TaskInstance: movie.get.data scheduled__2017-01-04T05:24:00+00:00 [running]> on host playdata.
[2024-08-02T17:27:38.714+0900] {taskinstance.py:2648} INFO - Exporting env vars: AIRFLOW_CTX_DAG_OWNER='airflow' AIRFLOW_CTX_DAG_ID='movie' AIRFLOW_CTX_TASK_ID='get.data' AIRFLOW_CTX_EXECUTION_DATE='2017-01-04T05:24:00+00:00' AIRFLOW_CTX_TRY_NUMBER='1' AIRFLOW_CTX_DAG_RUN_ID='scheduled__2017-01-04T05:24:00+00:00'
[2024-08-02T17:27:38.715+0900] {taskinstance.py:430} INFO - ::endgroup::
[2024-08-02T17:27:38.728+0900] {baseoperator.py:400} WARNING - PythonVirtualenvOperator.execute cannot be called outside TaskInstance!
[2024-08-02T17:27:38.729+0900] {process_utils.py:183} INFO - Executing cmd: /home/oddsummer/.pyenv/versions/3.11.9/envs/air/bin/python -m virtualenv /tmp/venv7np9iew6 --python=python
[2024-08-02T17:27:38.730+0900] {process_utils.py:187} INFO - Output:
[2024-08-02T17:27:39.227+0900] {process_utils.py:191} INFO - created virtual environment CPython3.11.9.final.0-64 in 349ms
[2024-08-02T17:27:39.228+0900] {process_utils.py:191} INFO -   creator CPython3Posix(dest=/tmp/venv7np9iew6, clear=False, no_vcs_ignore=False, global=False)
[2024-08-02T17:27:39.228+0900] {process_utils.py:191} INFO -   seeder FromAppData(download=False, pip=bundle, setuptools=bundle, wheel=bundle, via=copy, app_data_dir=/home/oddsummer/.local/share/virtualenv)
[2024-08-02T17:27:39.228+0900] {process_utils.py:191} INFO -     added seed packages: pip==24.1.2, setuptools==70.2.0, wheel==0.43.0
[2024-08-02T17:27:39.228+0900] {process_utils.py:191} INFO -   activators BashActivator,CShellActivator,FishActivator,NushellActivator,PowerShellActivator,PythonActivator
[2024-08-02T17:27:39.254+0900] {process_utils.py:183} INFO - Executing cmd: /tmp/venv7np9iew6/bin/pip install -r /tmp/venv7np9iew6/requirements.txt
[2024-08-02T17:27:39.255+0900] {process_utils.py:187} INFO - Output:
[2024-08-02T17:27:40.294+0900] {process_utils.py:191} INFO - Collecting git+https://github.com/7-TRG/extract_trg.git@main (from -r /tmp/venv7np9iew6/requirements.txt (line 1))
[2024-08-02T17:27:40.295+0900] {process_utils.py:191} INFO -   Cloning https://github.com/7-TRG/extract_trg.git (to revision main) to /tmp/pip-req-build-2mdxglmw
[2024-08-02T17:27:40.298+0900] {process_utils.py:191} INFO -   Running command git clone --filter=blob:none --quiet https://github.com/7-TRG/extract_trg.git /tmp/pip-req-build-2mdxglmw
[2024-08-02T17:27:42.067+0900] {process_utils.py:191} INFO -   Resolved https://github.com/7-TRG/extract_trg.git to commit 0712b3f1bbaeeeea58bf80749079a62c7e1bec3d
[2024-08-02T17:27:42.073+0900] {process_utils.py:191} INFO -   Installing build dependencies: started
[2024-08-02T17:27:43.978+0900] {process_utils.py:191} INFO -   Installing build dependencies: finished with status 'done'
[2024-08-02T17:27:43.980+0900] {process_utils.py:191} INFO -   Getting requirements to build wheel: started
[2024-08-02T17:27:44.207+0900] {process_utils.py:191} INFO -   Getting requirements to build wheel: finished with status 'done'
[2024-08-02T17:27:44.209+0900] {process_utils.py:191} INFO -   Preparing metadata (pyproject.toml): started
[2024-08-02T17:27:44.454+0900] {process_utils.py:191} INFO -   Preparing metadata (pyproject.toml): finished with status 'done'
[2024-08-02T17:27:44.457+0900] {process_utils.py:191} INFO - Building wheels for collected packages: extract_trg
[2024-08-02T17:27:44.461+0900] {process_utils.py:191} INFO -   Building wheel for extract_trg (pyproject.toml): started
[2024-08-02T17:27:44.722+0900] {process_utils.py:191} INFO -   Building wheel for extract_trg (pyproject.toml): finished with status 'done'
[2024-08-02T17:27:44.723+0900] {process_utils.py:191} INFO -   Created wheel for extract_trg: filename=extract_trg-0.1.0-py3-none-any.whl size=2219 sha256=880340d25c04dcda4d3ab9f616447d84a8e6906d3963f776ee0dfe53452fb15b
[2024-08-02T17:27:44.723+0900] {process_utils.py:191} INFO -   Stored in directory: /tmp/pip-ephem-wheel-cache-58lkrfa8/wheels/21/97/ea/e27bc4298590f1b8a2b9c46b60aefbe2e3076cf05f6bd5e464
[2024-08-02T17:27:44.725+0900] {process_utils.py:191} INFO - Successfully built extract_trg
[2024-08-02T17:27:44.735+0900] {process_utils.py:191} INFO - Installing collected packages: extract_trg
[2024-08-02T17:27:44.761+0900] {process_utils.py:191} INFO - Successfully installed extract_trg-0.1.0
[2024-08-02T17:27:44.767+0900] {process_utils.py:191} INFO - 
[2024-08-02T17:27:44.767+0900] {process_utils.py:191} INFO - [notice] A new release of pip is available: 24.1.2 -> 24.2
[2024-08-02T17:27:44.767+0900] {process_utils.py:191} INFO - [notice] To update, run: python -m pip install --upgrade pip
[2024-08-02T17:27:44.863+0900] {process_utils.py:183} INFO - Executing cmd: /tmp/venv7np9iew6/bin/python /tmp/venv-callf5ws68lz/script.py /tmp/venv-callf5ws68lz/script.in /tmp/venv-callf5ws68lz/script.out /tmp/venv-callf5ws68lz/string_args.txt /tmp/venv-callf5ws68lz/termination.log
[2024-08-02T17:27:44.864+0900] {process_utils.py:187} INFO - Output:
[2024-08-02T17:27:44.884+0900] {process_utils.py:191} INFO - 
[2024-08-02T17:27:44.884+0900] {process_utils.py:191} INFO - ---------------======---::::::------+--=======++++++++++===--:...::-=--==============--:.....:-=====
[2024-08-02T17:27:44.885+0900] {process_utils.py:191} INFO - ----::---------------------===--::--+-----=============++++++===---:....--===============--:...:-===
[2024-08-02T17:27:44.885+0900] {process_utils.py:191} INFO - ----------------------------------=++----------------------=+===========-::.:-======================
[2024-08-02T17:27:44.885+0900] {process_utils.py:191} INFO - =----------------------------------==-----------------------=-----==============================+=--
[2024-08-02T17:27:44.885+0900] {process_utils.py:191} INFO - %%####=----------------------------==----------------------=-::::-----======+*%#++================::
[2024-08-02T17:27:44.885+0900] {process_utils.py:191} INFO - %%%%%#=----------------------------=-:---------------------=--==--------=====*#*=================-::
[2024-08-02T17:27:44.885+0900] {process_utils.py:191} INFO - @@%%%*-----------------+***++=-----=-::-------------------:+---------=====+++====================-::
[2024-08-02T17:27:44.885+0900] {process_utils.py:191} INFO - @@%%%*---------------#%%%%##%%#=---=-+##*#+----------------=------------=====+====-=--===========-::
[2024-08-02T17:27:44.885+0900] {process_utils.py:191} INFO - @@@%%+--=+*%%%+-----+%@@%#++%%%#=--=*%+===#+::----------::=-----------=+*##*++=-----------=======-::
[2024-08-02T17:27:44.886+0900] {process_utils.py:191} INFO - +++++=-+#+***#*=-----#*++**+#@@@*--+#+**+***-:=-:---=*+-::=-----==+++*######%%%#=-------------==-:::
[2024-08-02T17:27:44.886+0900] {process_utils.py:191} INFO - *******-:::-*=-------+===+=-=+#%%:-=++++=+==-:=-:::=%%#-::###=-*#%%%%%%%%%%%%%%%%+---------------:::
[2024-08-02T17:27:44.886+0900] {process_utils.py:191} INFO - =====+=:--::+---+--+**++++*+++#%*-=--**++++-:=++=::+#*-::=%%%#*#%%%%%%%%@@%%%%@@%%#====------+#%%=-*
[2024-08-02T17:27:44.886+0900] {process_utils.py:191} INFO - =-==++---=+==*#%%%%%%=*++++++++==-=-*##*+=##**++=--++-:--*=-=*#%%%@%###*###*+++*%%%*=============-#%
[2024-08-02T17:27:44.886+0900] {process_utils.py:191} INFO - +-=------=*%%%%@%@@@@***=+*#+*##*#%%@@**++%@%%%%*+=--=-=+-:--:#%@@%#*****###*+---+*++#**===---=++*%@
[2024-08-02T17:27:44.886+0900] {process_utils.py:191} INFO - --==-::-*%%%@@@@@@@%#*=-+++%@%##%%@@@@@%#%@@@%%@%%%*=--=#%####-%@%%####++++++=---==++*####*+++*%@%@@
[2024-08-02T17:27:44.886+0900] {process_utils.py:191} INFO - -=*+=-=#@@@@@@@@@#*+++++*@@@@@@@@@@@@@@@@@@@@@@@@@@@#+==-+*+#=:-+#%##**==++**+++=====+*###*+**#@%##%
[2024-08-02T17:27:44.887+0900] {process_utils.py:191} INFO - -=++-+%%@%@@@@%+=-++***#@@@@@@@@@@@@%:+@@*%+=%@@@@@@%%#%%#*=+--:-=#++**%#*+=+++++===+**####=*%%%%%%%
[2024-08-02T17:27:44.887+0900] {process_utils.py:191} INFO - -=++#%%####+-:---=*%%@@%#######**++++=+++++++++%%=+%@@%##*+==-=++=+*****##*===+++++==*#####*+#%%##%%
[2024-08-02T17:27:44.887+0900] {process_utils.py:191} INFO - -=*+=---==+=-::::-*@@@%+=======++++++++++++++*#%#**%%%*==-+*=--+==*****#**+=====+++++=***+++=+==::::
[2024-08-02T17:27:44.887+0900] {process_utils.py:191} INFO - =#*=++++++*###**==*@@@%=======++++++++*@@@@@@@@%%#####-:=+----==******##****+++++***==-=+=:::.::::::
[2024-08-02T17:27:44.887+0900] {process_utils.py:191} INFO - #%*+*++++**##*###*+#@@#=========++++==*%%%%%%%%######*=-----==+*********##########*+====::::::::::::
[2024-08-02T17:27:44.887+0900] {process_utils.py:191} INFO - ++++*#%%@%*##*##***%@@*===============+%##%%######%%%%*==-===+*********+=+*#######*++++-:::--::-----
[2024-08-02T17:27:44.887+0900] {process_utils.py:191} INFO - ===+*#%@@%*##**#**+=--================+%%#%%###%#%%%%%#======*#######*-:-++*####*****++:------------
[2024-08-02T17:27:44.888+0900] {process_utils.py:191} INFO - =+=------=##**##**+=--================+%%#%%###%%#%%%%%+=====+###**++==----:-*####****=------==-====
[2024-08-02T17:27:44.888+0900] {process_utils.py:191} INFO - 
[2024-08-02T17:27:44.909+0900] {python.py:237} INFO - Done. Returned value was: None
[2024-08-02T17:27:44.909+0900] {taskinstance.py:441} INFO - ::group::Post task execution logs
[2024-08-02T17:27:44.914+0900] {taskinstance.py:1206} INFO - Marking task as SUCCESS. dag_id=movie, task_id=get.data, run_id=scheduled__2017-01-04T05:24:00+00:00, execution_date=20170104T052400, start_date=20240802T082738, end_date=20240802T082744
[2024-08-02T17:27:44.964+0900] {local_task_job_runner.py:243} INFO - Task exited with return code 0
[2024-08-02T17:27:44.978+0900] {taskinstance.py:3503} INFO - 0 downstream tasks scheduled from follow-on schedule check
[2024-08-02T17:27:44.978+0900] {local_task_job_runner.py:222} INFO - ::endgroup::
