[2024-08-02T17:31:19.738+0900] {local_task_job_runner.py:120} INFO - ::group::Pre task execution logs
[2024-08-02T17:31:19.763+0900] {taskinstance.py:2076} INFO - Dependencies all met for dep_context=non-requeueable deps ti=<TaskInstance: movie.get.data scheduled__2017-01-04T05:43:00+00:00 [queued]>
[2024-08-02T17:31:19.769+0900] {taskinstance.py:2076} INFO - Dependencies all met for dep_context=requeueable deps ti=<TaskInstance: movie.get.data scheduled__2017-01-04T05:43:00+00:00 [queued]>
[2024-08-02T17:31:19.770+0900] {taskinstance.py:2306} INFO - Starting attempt 1 of 3
[2024-08-02T17:31:19.785+0900] {taskinstance.py:2330} INFO - Executing <Task(PythonVirtualenvOperator): get.data> on 2017-01-04 05:43:00+00:00
[2024-08-02T17:31:19.788+0900] {standard_task_runner.py:64} INFO - Started process 166271 to run task
[2024-08-02T17:31:19.792+0900] {standard_task_runner.py:90} INFO - Running: ['airflow', 'tasks', 'run', 'movie', 'get.data', 'scheduled__2017-01-04T05:43:00+00:00', '--job-id', '234', '--raw', '--subdir', 'DAGS_FOLDER/movie.py', '--cfg-path', '/tmp/tmph0ojaxd6']
[2024-08-02T17:31:19.793+0900] {standard_task_runner.py:91} INFO - Job 234: Subtask get.data
[2024-08-02T17:31:19.829+0900] {task_command.py:426} INFO - Running <TaskInstance: movie.get.data scheduled__2017-01-04T05:43:00+00:00 [running]> on host playdata.
[2024-08-02T17:31:19.904+0900] {taskinstance.py:2648} INFO - Exporting env vars: AIRFLOW_CTX_DAG_OWNER='airflow' AIRFLOW_CTX_DAG_ID='movie' AIRFLOW_CTX_TASK_ID='get.data' AIRFLOW_CTX_EXECUTION_DATE='2017-01-04T05:43:00+00:00' AIRFLOW_CTX_TRY_NUMBER='1' AIRFLOW_CTX_DAG_RUN_ID='scheduled__2017-01-04T05:43:00+00:00'
[2024-08-02T17:31:19.905+0900] {taskinstance.py:430} INFO - ::endgroup::
[2024-08-02T17:31:19.915+0900] {baseoperator.py:400} WARNING - PythonVirtualenvOperator.execute cannot be called outside TaskInstance!
[2024-08-02T17:31:19.916+0900] {process_utils.py:183} INFO - Executing cmd: /home/oddsummer/.pyenv/versions/3.11.9/envs/air/bin/python -m virtualenv /tmp/venv0nh0qwja --python=python
[2024-08-02T17:31:19.917+0900] {process_utils.py:187} INFO - Output:
[2024-08-02T17:31:20.338+0900] {process_utils.py:191} INFO - created virtual environment CPython3.11.9.final.0-64 in 321ms
[2024-08-02T17:31:20.339+0900] {process_utils.py:191} INFO -   creator CPython3Posix(dest=/tmp/venv0nh0qwja, clear=False, no_vcs_ignore=False, global=False)
[2024-08-02T17:31:20.340+0900] {process_utils.py:191} INFO -   seeder FromAppData(download=False, pip=bundle, setuptools=bundle, wheel=bundle, via=copy, app_data_dir=/home/oddsummer/.local/share/virtualenv)
[2024-08-02T17:31:20.340+0900] {process_utils.py:191} INFO -     added seed packages: pip==24.1.2, setuptools==70.2.0, wheel==0.43.0
[2024-08-02T17:31:20.340+0900] {process_utils.py:191} INFO -   activators BashActivator,CShellActivator,FishActivator,NushellActivator,PowerShellActivator,PythonActivator
[2024-08-02T17:31:20.365+0900] {process_utils.py:183} INFO - Executing cmd: /tmp/venv0nh0qwja/bin/pip install -r /tmp/venv0nh0qwja/requirements.txt
[2024-08-02T17:31:20.366+0900] {process_utils.py:187} INFO - Output:
[2024-08-02T17:31:21.294+0900] {process_utils.py:191} INFO - Collecting git+https://github.com/7-TRG/extract_trg.git@main (from -r /tmp/venv0nh0qwja/requirements.txt (line 1))
[2024-08-02T17:31:21.294+0900] {process_utils.py:191} INFO -   Cloning https://github.com/7-TRG/extract_trg.git (to revision main) to /tmp/pip-req-build-m1w90som
[2024-08-02T17:31:21.297+0900] {process_utils.py:191} INFO -   Running command git clone --filter=blob:none --quiet https://github.com/7-TRG/extract_trg.git /tmp/pip-req-build-m1w90som
[2024-08-02T17:31:22.936+0900] {process_utils.py:191} INFO -   Resolved https://github.com/7-TRG/extract_trg.git to commit 0712b3f1bbaeeeea58bf80749079a62c7e1bec3d
[2024-08-02T17:31:22.941+0900] {process_utils.py:191} INFO -   Installing build dependencies: started
[2024-08-02T17:31:24.726+0900] {process_utils.py:191} INFO -   Installing build dependencies: finished with status 'done'
[2024-08-02T17:31:24.727+0900] {process_utils.py:191} INFO -   Getting requirements to build wheel: started
[2024-08-02T17:31:24.970+0900] {process_utils.py:191} INFO -   Getting requirements to build wheel: finished with status 'done'
[2024-08-02T17:31:24.971+0900] {process_utils.py:191} INFO -   Preparing metadata (pyproject.toml): started
[2024-08-02T17:31:25.220+0900] {process_utils.py:191} INFO -   Preparing metadata (pyproject.toml): finished with status 'done'
[2024-08-02T17:31:25.223+0900] {process_utils.py:191} INFO - Building wheels for collected packages: extract_trg
[2024-08-02T17:31:25.227+0900] {process_utils.py:191} INFO -   Building wheel for extract_trg (pyproject.toml): started
[2024-08-02T17:31:25.466+0900] {process_utils.py:191} INFO -   Building wheel for extract_trg (pyproject.toml): finished with status 'done'
[2024-08-02T17:31:25.467+0900] {process_utils.py:191} INFO -   Created wheel for extract_trg: filename=extract_trg-0.1.0-py3-none-any.whl size=2219 sha256=70d42aba70fa7ffdbe67a36d879a97f350032429bbcee8950149cec88948700e
[2024-08-02T17:31:25.467+0900] {process_utils.py:191} INFO -   Stored in directory: /tmp/pip-ephem-wheel-cache-k9p1fiez/wheels/21/97/ea/e27bc4298590f1b8a2b9c46b60aefbe2e3076cf05f6bd5e464
[2024-08-02T17:31:25.470+0900] {process_utils.py:191} INFO - Successfully built extract_trg
[2024-08-02T17:31:25.478+0900] {process_utils.py:191} INFO - Installing collected packages: extract_trg
[2024-08-02T17:31:25.498+0900] {process_utils.py:191} INFO - Successfully installed extract_trg-0.1.0
[2024-08-02T17:31:25.504+0900] {process_utils.py:191} INFO - 
[2024-08-02T17:31:25.504+0900] {process_utils.py:191} INFO - [notice] A new release of pip is available: 24.1.2 -> 24.2
[2024-08-02T17:31:25.504+0900] {process_utils.py:191} INFO - [notice] To update, run: python -m pip install --upgrade pip
[2024-08-02T17:31:25.597+0900] {process_utils.py:183} INFO - Executing cmd: /tmp/venv0nh0qwja/bin/python /tmp/venv-callo9xiym8f/script.py /tmp/venv-callo9xiym8f/script.in /tmp/venv-callo9xiym8f/script.out /tmp/venv-callo9xiym8f/string_args.txt /tmp/venv-callo9xiym8f/termination.log
[2024-08-02T17:31:25.598+0900] {process_utils.py:187} INFO - Output:
[2024-08-02T17:31:25.622+0900] {process_utils.py:191} INFO - 
[2024-08-02T17:31:25.622+0900] {process_utils.py:191} INFO - ---------------======---::::::------+--=======++++++++++===--:...::-=--==============--:.....:-=====
[2024-08-02T17:31:25.623+0900] {process_utils.py:191} INFO - ----::---------------------===--::--+-----=============++++++===---:....--===============--:...:-===
[2024-08-02T17:31:25.623+0900] {process_utils.py:191} INFO - ----------------------------------=++----------------------=+===========-::.:-======================
[2024-08-02T17:31:25.623+0900] {process_utils.py:191} INFO - =----------------------------------==-----------------------=-----==============================+=--
[2024-08-02T17:31:25.623+0900] {process_utils.py:191} INFO - %%####=----------------------------==----------------------=-::::-----======+*%#++================::
[2024-08-02T17:31:25.623+0900] {process_utils.py:191} INFO - %%%%%#=----------------------------=-:---------------------=--==--------=====*#*=================-::
[2024-08-02T17:31:25.623+0900] {process_utils.py:191} INFO - @@%%%*-----------------+***++=-----=-::-------------------:+---------=====+++====================-::
[2024-08-02T17:31:25.623+0900] {process_utils.py:191} INFO - @@%%%*---------------#%%%%##%%#=---=-+##*#+----------------=------------=====+====-=--===========-::
[2024-08-02T17:31:25.624+0900] {process_utils.py:191} INFO - @@@%%+--=+*%%%+-----+%@@%#++%%%#=--=*%+===#+::----------::=-----------=+*##*++=-----------=======-::
[2024-08-02T17:31:25.624+0900] {process_utils.py:191} INFO - +++++=-+#+***#*=-----#*++**+#@@@*--+#+**+***-:=-:---=*+-::=-----==+++*######%%%#=-------------==-:::
[2024-08-02T17:31:25.624+0900] {process_utils.py:191} INFO - *******-:::-*=-------+===+=-=+#%%:-=++++=+==-:=-:::=%%#-::###=-*#%%%%%%%%%%%%%%%%+---------------:::
[2024-08-02T17:31:25.624+0900] {process_utils.py:191} INFO - =====+=:--::+---+--+**++++*+++#%*-=--**++++-:=++=::+#*-::=%%%#*#%%%%%%%%@@%%%%@@%%#====------+#%%=-*
[2024-08-02T17:31:25.624+0900] {process_utils.py:191} INFO - =-==++---=+==*#%%%%%%=*++++++++==-=-*##*+=##**++=--++-:--*=-=*#%%%@%###*###*+++*%%%*=============-#%
[2024-08-02T17:31:25.624+0900] {process_utils.py:191} INFO - +-=------=*%%%%@%@@@@***=+*#+*##*#%%@@**++%@%%%%*+=--=-=+-:--:#%@@%#*****###*+---+*++#**===---=++*%@
[2024-08-02T17:31:25.624+0900] {process_utils.py:191} INFO - --==-::-*%%%@@@@@@@%#*=-+++%@%##%%@@@@@%#%@@@%%@%%%*=--=#%####-%@%%####++++++=---==++*####*+++*%@%@@
[2024-08-02T17:31:25.624+0900] {process_utils.py:191} INFO - -=*+=-=#@@@@@@@@@#*+++++*@@@@@@@@@@@@@@@@@@@@@@@@@@@#+==-+*+#=:-+#%##**==++**+++=====+*###*+**#@%##%
[2024-08-02T17:31:25.625+0900] {process_utils.py:191} INFO - -=++-+%%@%@@@@%+=-++***#@@@@@@@@@@@@%:+@@*%+=%@@@@@@%%#%%#*=+--:-=#++**%#*+=+++++===+**####=*%%%%%%%
[2024-08-02T17:31:25.625+0900] {process_utils.py:191} INFO - -=++#%%####+-:---=*%%@@%#######**++++=+++++++++%%=+%@@%##*+==-=++=+*****##*===+++++==*#####*+#%%##%%
[2024-08-02T17:31:25.625+0900] {process_utils.py:191} INFO - -=*+=---==+=-::::-*@@@%+=======++++++++++++++*#%#**%%%*==-+*=--+==*****#**+=====+++++=***+++=+==::::
[2024-08-02T17:31:25.625+0900] {process_utils.py:191} INFO - =#*=++++++*###**==*@@@%=======++++++++*@@@@@@@@%%#####-:=+----==******##****+++++***==-=+=:::.::::::
[2024-08-02T17:31:25.625+0900] {process_utils.py:191} INFO - #%*+*++++**##*###*+#@@#=========++++==*%%%%%%%%######*=-----==+*********##########*+====::::::::::::
[2024-08-02T17:31:25.625+0900] {process_utils.py:191} INFO - ++++*#%%@%*##*##***%@@*===============+%##%%######%%%%*==-===+*********+=+*#######*++++-:::--::-----
[2024-08-02T17:31:25.625+0900] {process_utils.py:191} INFO - ===+*#%@@%*##**#**+=--================+%%#%%###%#%%%%%#======*#######*-:-++*####*****++:------------
[2024-08-02T17:31:25.626+0900] {process_utils.py:191} INFO - =+=------=##**##**+=--================+%%#%%###%%#%%%%%+=====+###**++==----:-*####****=------==-====
[2024-08-02T17:31:25.626+0900] {process_utils.py:191} INFO - 
[2024-08-02T17:31:25.649+0900] {python.py:237} INFO - Done. Returned value was: None
[2024-08-02T17:31:25.649+0900] {taskinstance.py:441} INFO - ::group::Post task execution logs
[2024-08-02T17:31:25.654+0900] {taskinstance.py:1206} INFO - Marking task as SUCCESS. dag_id=movie, task_id=get.data, run_id=scheduled__2017-01-04T05:43:00+00:00, execution_date=20170104T054300, start_date=20240802T083119, end_date=20240802T083125
[2024-08-02T17:31:25.688+0900] {local_task_job_runner.py:243} INFO - Task exited with return code 0
[2024-08-02T17:31:25.697+0900] {taskinstance.py:3503} INFO - 0 downstream tasks scheduled from follow-on schedule check
[2024-08-02T17:31:25.697+0900] {local_task_job_runner.py:222} INFO - ::endgroup::
