[2024-08-02T17:03:31.919+0900] {local_task_job_runner.py:120} INFO - ::group::Pre task execution logs
[2024-08-02T17:03:31.948+0900] {taskinstance.py:2076} INFO - Dependencies all met for dep_context=non-requeueable deps ti=<TaskInstance: movie.get.data scheduled__2017-01-02T05:21:00+00:00 [queued]>
[2024-08-02T17:03:31.954+0900] {taskinstance.py:2076} INFO - Dependencies all met for dep_context=requeueable deps ti=<TaskInstance: movie.get.data scheduled__2017-01-02T05:21:00+00:00 [queued]>
[2024-08-02T17:03:31.954+0900] {taskinstance.py:2306} INFO - Starting attempt 1 of 3
[2024-08-02T17:03:31.971+0900] {taskinstance.py:2330} INFO - Executing <Task(PythonVirtualenvOperator): get.data> on 2017-01-02 05:21:00+00:00
[2024-08-02T17:03:31.973+0900] {standard_task_runner.py:64} INFO - Started process 152621 to run task
[2024-08-02T17:03:31.976+0900] {standard_task_runner.py:90} INFO - Running: ['airflow', 'tasks', 'run', 'movie', 'get.data', 'scheduled__2017-01-02T05:21:00+00:00', '--job-id', '92', '--raw', '--subdir', 'DAGS_FOLDER/movie.py', '--cfg-path', '/tmp/tmpdt38aout']
[2024-08-02T17:03:31.978+0900] {standard_task_runner.py:91} INFO - Job 92: Subtask get.data
[2024-08-02T17:03:32.012+0900] {task_command.py:426} INFO - Running <TaskInstance: movie.get.data scheduled__2017-01-02T05:21:00+00:00 [running]> on host playdata.
[2024-08-02T17:03:32.077+0900] {taskinstance.py:2648} INFO - Exporting env vars: AIRFLOW_CTX_DAG_OWNER='airflow' AIRFLOW_CTX_DAG_ID='movie' AIRFLOW_CTX_TASK_ID='get.data' AIRFLOW_CTX_EXECUTION_DATE='2017-01-02T05:21:00+00:00' AIRFLOW_CTX_TRY_NUMBER='1' AIRFLOW_CTX_DAG_RUN_ID='scheduled__2017-01-02T05:21:00+00:00'
[2024-08-02T17:03:32.077+0900] {taskinstance.py:430} INFO - ::endgroup::
[2024-08-02T17:03:32.088+0900] {baseoperator.py:400} WARNING - PythonVirtualenvOperator.execute cannot be called outside TaskInstance!
[2024-08-02T17:03:32.089+0900] {process_utils.py:183} INFO - Executing cmd: /home/oddsummer/.pyenv/versions/3.11.9/envs/air/bin/python -m virtualenv /tmp/venv8jjqk09p --python=python
[2024-08-02T17:03:32.090+0900] {process_utils.py:187} INFO - Output:
[2024-08-02T17:03:32.424+0900] {process_utils.py:191} INFO - created virtual environment CPython3.11.9.final.0-64 in 228ms
[2024-08-02T17:03:32.425+0900] {process_utils.py:191} INFO -   creator CPython3Posix(dest=/tmp/venv8jjqk09p, clear=False, no_vcs_ignore=False, global=False)
[2024-08-02T17:03:32.425+0900] {process_utils.py:191} INFO -   seeder FromAppData(download=False, pip=bundle, setuptools=bundle, wheel=bundle, via=copy, app_data_dir=/home/oddsummer/.local/share/virtualenv)
[2024-08-02T17:03:32.425+0900] {process_utils.py:191} INFO -     added seed packages: pip==24.1.2, setuptools==70.2.0, wheel==0.43.0
[2024-08-02T17:03:32.425+0900] {process_utils.py:191} INFO -   activators BashActivator,CShellActivator,FishActivator,NushellActivator,PowerShellActivator,PythonActivator
[2024-08-02T17:03:32.451+0900] {process_utils.py:183} INFO - Executing cmd: /tmp/venv8jjqk09p/bin/pip install -r /tmp/venv8jjqk09p/requirements.txt
[2024-08-02T17:03:32.452+0900] {process_utils.py:187} INFO - Output:
[2024-08-02T17:03:33.380+0900] {process_utils.py:191} INFO - Collecting git+https://github.com/7-TRG/extract_trg.git@main (from -r /tmp/venv8jjqk09p/requirements.txt (line 1))
[2024-08-02T17:03:33.381+0900] {process_utils.py:191} INFO -   Cloning https://github.com/7-TRG/extract_trg.git (to revision main) to /tmp/pip-req-build-ogqorkkq
[2024-08-02T17:03:33.384+0900] {process_utils.py:191} INFO -   Running command git clone --filter=blob:none --quiet https://github.com/7-TRG/extract_trg.git /tmp/pip-req-build-ogqorkkq
[2024-08-02T17:03:35.265+0900] {process_utils.py:191} INFO -   Resolved https://github.com/7-TRG/extract_trg.git to commit 0712b3f1bbaeeeea58bf80749079a62c7e1bec3d
[2024-08-02T17:03:35.271+0900] {process_utils.py:191} INFO -   Installing build dependencies: started
[2024-08-02T17:03:37.104+0900] {process_utils.py:191} INFO -   Installing build dependencies: finished with status 'done'
[2024-08-02T17:03:37.105+0900] {process_utils.py:191} INFO -   Getting requirements to build wheel: started
[2024-08-02T17:03:37.355+0900] {process_utils.py:191} INFO -   Getting requirements to build wheel: finished with status 'done'
[2024-08-02T17:03:37.356+0900] {process_utils.py:191} INFO -   Preparing metadata (pyproject.toml): started
[2024-08-02T17:03:37.628+0900] {process_utils.py:191} INFO -   Preparing metadata (pyproject.toml): finished with status 'done'
[2024-08-02T17:03:37.631+0900] {process_utils.py:191} INFO - Building wheels for collected packages: extract_trg
[2024-08-02T17:03:37.635+0900] {process_utils.py:191} INFO -   Building wheel for extract_trg (pyproject.toml): started
[2024-08-02T17:03:37.891+0900] {process_utils.py:191} INFO -   Building wheel for extract_trg (pyproject.toml): finished with status 'done'
[2024-08-02T17:03:37.892+0900] {process_utils.py:191} INFO -   Created wheel for extract_trg: filename=extract_trg-0.1.0-py3-none-any.whl size=2219 sha256=d4e0bdd25dd97870af3cf1dd4a1457292c45838ce3742a4ee75cc8e1877b9829
[2024-08-02T17:03:37.892+0900] {process_utils.py:191} INFO -   Stored in directory: /tmp/pip-ephem-wheel-cache-2ewbzxk2/wheels/21/97/ea/e27bc4298590f1b8a2b9c46b60aefbe2e3076cf05f6bd5e464
[2024-08-02T17:03:37.894+0900] {process_utils.py:191} INFO - Successfully built extract_trg
[2024-08-02T17:03:37.903+0900] {process_utils.py:191} INFO - Installing collected packages: extract_trg
[2024-08-02T17:03:37.923+0900] {process_utils.py:191} INFO - Successfully installed extract_trg-0.1.0
[2024-08-02T17:03:37.929+0900] {process_utils.py:191} INFO - 
[2024-08-02T17:03:37.929+0900] {process_utils.py:191} INFO - [notice] A new release of pip is available: 24.1.2 -> 24.2
[2024-08-02T17:03:37.929+0900] {process_utils.py:191} INFO - [notice] To update, run: python -m pip install --upgrade pip
[2024-08-02T17:03:38.023+0900] {process_utils.py:183} INFO - Executing cmd: /tmp/venv8jjqk09p/bin/python /tmp/venv-callv_1iopw3/script.py /tmp/venv-callv_1iopw3/script.in /tmp/venv-callv_1iopw3/script.out /tmp/venv-callv_1iopw3/string_args.txt /tmp/venv-callv_1iopw3/termination.log
[2024-08-02T17:03:38.023+0900] {process_utils.py:187} INFO - Output:
[2024-08-02T17:03:38.043+0900] {process_utils.py:191} INFO - 
[2024-08-02T17:03:38.044+0900] {process_utils.py:191} INFO - ---------------======---::::::------+--=======++++++++++===--:...::-=--==============--:.....:-=====
[2024-08-02T17:03:38.044+0900] {process_utils.py:191} INFO - ----::---------------------===--::--+-----=============++++++===---:....--===============--:...:-===
[2024-08-02T17:03:38.044+0900] {process_utils.py:191} INFO - ----------------------------------=++----------------------=+===========-::.:-======================
[2024-08-02T17:03:38.044+0900] {process_utils.py:191} INFO - =----------------------------------==-----------------------=-----==============================+=--
[2024-08-02T17:03:38.044+0900] {process_utils.py:191} INFO - %%####=----------------------------==----------------------=-::::-----======+*%#++================::
[2024-08-02T17:03:38.045+0900] {process_utils.py:191} INFO - %%%%%#=----------------------------=-:---------------------=--==--------=====*#*=================-::
[2024-08-02T17:03:38.045+0900] {process_utils.py:191} INFO - @@%%%*-----------------+***++=-----=-::-------------------:+---------=====+++====================-::
[2024-08-02T17:03:38.045+0900] {process_utils.py:191} INFO - @@%%%*---------------#%%%%##%%#=---=-+##*#+----------------=------------=====+====-=--===========-::
[2024-08-02T17:03:38.045+0900] {process_utils.py:191} INFO - @@@%%+--=+*%%%+-----+%@@%#++%%%#=--=*%+===#+::----------::=-----------=+*##*++=-----------=======-::
[2024-08-02T17:03:38.045+0900] {process_utils.py:191} INFO - +++++=-+#+***#*=-----#*++**+#@@@*--+#+**+***-:=-:---=*+-::=-----==+++*######%%%#=-------------==-:::
[2024-08-02T17:03:38.045+0900] {process_utils.py:191} INFO - *******-:::-*=-------+===+=-=+#%%:-=++++=+==-:=-:::=%%#-::###=-*#%%%%%%%%%%%%%%%%+---------------:::
[2024-08-02T17:03:38.045+0900] {process_utils.py:191} INFO - =====+=:--::+---+--+**++++*+++#%*-=--**++++-:=++=::+#*-::=%%%#*#%%%%%%%%@@%%%%@@%%#====------+#%%=-*
[2024-08-02T17:03:38.045+0900] {process_utils.py:191} INFO - =-==++---=+==*#%%%%%%=*++++++++==-=-*##*+=##**++=--++-:--*=-=*#%%%@%###*###*+++*%%%*=============-#%
[2024-08-02T17:03:38.046+0900] {process_utils.py:191} INFO - +-=------=*%%%%@%@@@@***=+*#+*##*#%%@@**++%@%%%%*+=--=-=+-:--:#%@@%#*****###*+---+*++#**===---=++*%@
[2024-08-02T17:03:38.046+0900] {process_utils.py:191} INFO - --==-::-*%%%@@@@@@@%#*=-+++%@%##%%@@@@@%#%@@@%%@%%%*=--=#%####-%@%%####++++++=---==++*####*+++*%@%@@
[2024-08-02T17:03:38.046+0900] {process_utils.py:191} INFO - -=*+=-=#@@@@@@@@@#*+++++*@@@@@@@@@@@@@@@@@@@@@@@@@@@#+==-+*+#=:-+#%##**==++**+++=====+*###*+**#@%##%
[2024-08-02T17:03:38.046+0900] {process_utils.py:191} INFO - -=++-+%%@%@@@@%+=-++***#@@@@@@@@@@@@%:+@@*%+=%@@@@@@%%#%%#*=+--:-=#++**%#*+=+++++===+**####=*%%%%%%%
[2024-08-02T17:03:38.046+0900] {process_utils.py:191} INFO - -=++#%%####+-:---=*%%@@%#######**++++=+++++++++%%=+%@@%##*+==-=++=+*****##*===+++++==*#####*+#%%##%%
[2024-08-02T17:03:38.046+0900] {process_utils.py:191} INFO - -=*+=---==+=-::::-*@@@%+=======++++++++++++++*#%#**%%%*==-+*=--+==*****#**+=====+++++=***+++=+==::::
[2024-08-02T17:03:38.046+0900] {process_utils.py:191} INFO - =#*=++++++*###**==*@@@%=======++++++++*@@@@@@@@%%#####-:=+----==******##****+++++***==-=+=:::.::::::
[2024-08-02T17:03:38.047+0900] {process_utils.py:191} INFO - #%*+*++++**##*###*+#@@#=========++++==*%%%%%%%%######*=-----==+*********##########*+====::::::::::::
[2024-08-02T17:03:38.047+0900] {process_utils.py:191} INFO - ++++*#%%@%*##*##***%@@*===============+%##%%######%%%%*==-===+*********+=+*#######*++++-:::--::-----
[2024-08-02T17:03:38.047+0900] {process_utils.py:191} INFO - ===+*#%@@%*##**#**+=--================+%%#%%###%#%%%%%#======*#######*-:-++*####*****++:------------
[2024-08-02T17:03:38.047+0900] {process_utils.py:191} INFO - =+=------=##**##**+=--================+%%#%%###%%#%%%%%+=====+###**++==----:-*####****=------==-====
[2024-08-02T17:03:38.047+0900] {process_utils.py:191} INFO - 
[2024-08-02T17:03:38.069+0900] {python.py:237} INFO - Done. Returned value was: None
[2024-08-02T17:03:38.069+0900] {taskinstance.py:441} INFO - ::group::Post task execution logs
[2024-08-02T17:03:38.073+0900] {taskinstance.py:1206} INFO - Marking task as SUCCESS. dag_id=movie, task_id=get.data, run_id=scheduled__2017-01-02T05:21:00+00:00, execution_date=20170102T052100, start_date=20240802T080331, end_date=20240802T080338
[2024-08-02T17:03:38.109+0900] {local_task_job_runner.py:243} INFO - Task exited with return code 0
[2024-08-02T17:03:38.119+0900] {taskinstance.py:3503} INFO - 0 downstream tasks scheduled from follow-on schedule check
[2024-08-02T17:03:38.119+0900] {local_task_job_runner.py:222} INFO - ::endgroup::
