[2024-08-02T17:45:28.985+0900] {local_task_job_runner.py:120} INFO - ::group::Pre task execution logs
[2024-08-02T17:45:29.012+0900] {taskinstance.py:2076} INFO - Dependencies all met for dep_context=non-requeueable deps ti=<TaskInstance: movie.transform scheduled__2017-01-05T05:24:00+00:00 [queued]>
[2024-08-02T17:45:29.024+0900] {taskinstance.py:2076} INFO - Dependencies all met for dep_context=requeueable deps ti=<TaskInstance: movie.transform scheduled__2017-01-05T05:24:00+00:00 [queued]>
[2024-08-02T17:45:29.024+0900] {taskinstance.py:2306} INFO - Starting attempt 1 of 3
[2024-08-02T17:45:29.044+0900] {taskinstance.py:2330} INFO - Executing <Task(PythonVirtualenvOperator): transform> on 2017-01-05 05:24:00+00:00
[2024-08-02T17:45:29.048+0900] {standard_task_runner.py:64} INFO - Started process 176034 to run task
[2024-08-02T17:45:29.052+0900] {standard_task_runner.py:90} INFO - Running: ['airflow', 'tasks', 'run', 'movie', 'transform', 'scheduled__2017-01-05T05:24:00+00:00', '--job-id', '319', '--raw', '--subdir', 'DAGS_FOLDER/movie.py', '--cfg-path', '/tmp/tmpl7qeyv76']
[2024-08-02T17:45:29.055+0900] {standard_task_runner.py:91} INFO - Job 319: Subtask transform
[2024-08-02T17:45:29.096+0900] {task_command.py:426} INFO - Running <TaskInstance: movie.transform scheduled__2017-01-05T05:24:00+00:00 [running]> on host playdata.
[2024-08-02T17:45:29.179+0900] {taskinstance.py:2648} INFO - Exporting env vars: AIRFLOW_CTX_DAG_OWNER='airflow' AIRFLOW_CTX_DAG_ID='movie' AIRFLOW_CTX_TASK_ID='transform' AIRFLOW_CTX_EXECUTION_DATE='2017-01-05T05:24:00+00:00' AIRFLOW_CTX_TRY_NUMBER='1' AIRFLOW_CTX_DAG_RUN_ID='scheduled__2017-01-05T05:24:00+00:00'
[2024-08-02T17:45:29.180+0900] {taskinstance.py:430} INFO - ::endgroup::
[2024-08-02T17:45:29.193+0900] {baseoperator.py:400} WARNING - PythonVirtualenvOperator.execute cannot be called outside TaskInstance!
[2024-08-02T17:45:29.194+0900] {process_utils.py:183} INFO - Executing cmd: /home/oddsummer/.pyenv/versions/3.11.9/envs/air/bin/python -m virtualenv /tmp/venvblrcgk84 --python=python
[2024-08-02T17:45:29.194+0900] {process_utils.py:187} INFO - Output:
[2024-08-02T17:45:29.805+0900] {process_utils.py:191} INFO - created virtual environment CPython3.11.9.final.0-64 in 463ms
[2024-08-02T17:45:29.806+0900] {process_utils.py:191} INFO -   creator CPython3Posix(dest=/tmp/venvblrcgk84, clear=False, no_vcs_ignore=False, global=False)
[2024-08-02T17:45:29.806+0900] {process_utils.py:191} INFO -   seeder FromAppData(download=False, pip=bundle, setuptools=bundle, wheel=bundle, via=copy, app_data_dir=/home/oddsummer/.local/share/virtualenv)
[2024-08-02T17:45:29.806+0900] {process_utils.py:191} INFO -     added seed packages: pip==24.1.2, setuptools==70.2.0, wheel==0.43.0
[2024-08-02T17:45:29.806+0900] {process_utils.py:191} INFO -   activators BashActivator,CShellActivator,FishActivator,NushellActivator,PowerShellActivator,PythonActivator
[2024-08-02T17:45:29.849+0900] {process_utils.py:183} INFO - Executing cmd: /tmp/venvblrcgk84/bin/pip install -r /tmp/venvblrcgk84/requirements.txt
[2024-08-02T17:45:29.850+0900] {process_utils.py:187} INFO - Output:
[2024-08-02T17:45:30.842+0900] {process_utils.py:191} INFO - Collecting git+https://github.com/7-TRG/transform_trg.git@main (from -r /tmp/venvblrcgk84/requirements.txt (line 1))
[2024-08-02T17:45:30.843+0900] {process_utils.py:191} INFO -   Cloning https://github.com/7-TRG/transform_trg.git (to revision main) to /tmp/pip-req-build-jbe21ml_
[2024-08-02T17:45:30.846+0900] {process_utils.py:191} INFO -   Running command git clone --filter=blob:none --quiet https://github.com/7-TRG/transform_trg.git /tmp/pip-req-build-jbe21ml_
[2024-08-02T17:45:32.451+0900] {process_utils.py:191} INFO -   Resolved https://github.com/7-TRG/transform_trg.git to commit 789fe432a030fafcbef44ec873bc256dce822228
[2024-08-02T17:45:32.456+0900] {process_utils.py:191} INFO -   Installing build dependencies: started
[2024-08-02T17:45:34.371+0900] {process_utils.py:191} INFO -   Installing build dependencies: finished with status 'done'
[2024-08-02T17:45:34.372+0900] {process_utils.py:191} INFO -   Getting requirements to build wheel: started
[2024-08-02T17:45:34.632+0900] {process_utils.py:191} INFO -   Getting requirements to build wheel: finished with status 'done'
[2024-08-02T17:45:34.633+0900] {process_utils.py:191} INFO -   Preparing metadata (pyproject.toml): started
[2024-08-02T17:45:34.879+0900] {process_utils.py:191} INFO -   Preparing metadata (pyproject.toml): finished with status 'done'
[2024-08-02T17:45:34.883+0900] {process_utils.py:191} INFO - Building wheels for collected packages: transform_trg
[2024-08-02T17:45:34.886+0900] {process_utils.py:191} INFO -   Building wheel for transform_trg (pyproject.toml): started
[2024-08-02T17:45:35.160+0900] {process_utils.py:191} INFO -   Building wheel for transform_trg (pyproject.toml): finished with status 'done'
[2024-08-02T17:45:35.161+0900] {process_utils.py:191} INFO -   Created wheel for transform_trg: filename=transform_trg-0.1.0-py3-none-any.whl size=2244 sha256=4ebfdf2b91cd694c4a21144114cd0253ac762fe4c9f392127d6720ae90859b36
[2024-08-02T17:45:35.161+0900] {process_utils.py:191} INFO -   Stored in directory: /tmp/pip-ephem-wheel-cache-isnturtl/wheels/52/ed/12/e63285a730e0434716bf2b76c497e2eca12531b214fbcca988
[2024-08-02T17:45:35.164+0900] {process_utils.py:191} INFO - Successfully built transform_trg
[2024-08-02T17:45:35.174+0900] {process_utils.py:191} INFO - Installing collected packages: transform_trg
[2024-08-02T17:45:35.193+0900] {process_utils.py:191} INFO - Successfully installed transform_trg-0.1.0
[2024-08-02T17:45:35.199+0900] {process_utils.py:191} INFO - 
[2024-08-02T17:45:35.199+0900] {process_utils.py:191} INFO - [notice] A new release of pip is available: 24.1.2 -> 24.2
[2024-08-02T17:45:35.199+0900] {process_utils.py:191} INFO - [notice] To update, run: python -m pip install --upgrade pip
[2024-08-02T17:45:35.303+0900] {process_utils.py:183} INFO - Executing cmd: /tmp/venvblrcgk84/bin/python /tmp/venv-calliizo6p7d/script.py /tmp/venv-calliizo6p7d/script.in /tmp/venv-calliizo6p7d/script.out /tmp/venv-calliizo6p7d/string_args.txt /tmp/venv-calliizo6p7d/termination.log
[2024-08-02T17:45:35.304+0900] {process_utils.py:187} INFO - Output:
[2024-08-02T17:45:35.323+0900] {process_utils.py:191} INFO - 
[2024-08-02T17:45:35.324+0900] {process_utils.py:191} INFO - ---------------======---::::::------+--=======++++++++++===--:...::-=--==============--:.....:-=====
[2024-08-02T17:45:35.324+0900] {process_utils.py:191} INFO - ----::---------------------===--::--+-----=============++++++===---:....--===============--:...:-===
[2024-08-02T17:45:35.324+0900] {process_utils.py:191} INFO - ----------------------------------=++----------------------=+===========-::.:-======================
[2024-08-02T17:45:35.324+0900] {process_utils.py:191} INFO - =----------------------------------==-----------------------=-----==============================+=--
[2024-08-02T17:45:35.324+0900] {process_utils.py:191} INFO - %%####=----------------------------==----------------------=-::::-----======+*%#++================::
[2024-08-02T17:45:35.324+0900] {process_utils.py:191} INFO - %%%%%#=----------------------------=-:---------------------=--==--------=====*#*=================-::
[2024-08-02T17:45:35.324+0900] {process_utils.py:191} INFO - @@%%%*-----------------+***++=-----=-::-------------------:+---------=====+++====================-::
[2024-08-02T17:45:35.325+0900] {process_utils.py:191} INFO - @@%%%*---------------#%%%%##%%#=---=-+##*#+----------------=------------=====+====-=--===========-::
[2024-08-02T17:45:35.325+0900] {process_utils.py:191} INFO - @@@%%+--=+*%%%+-----+%@@%#++%%%#=--=*%+===#+::----------::=-----------=+*##*++=-----------=======-::
[2024-08-02T17:45:35.325+0900] {process_utils.py:191} INFO - +++++=-+#+***#*=-----#*++**+#@@@*--+#+**+***-:=-:---=*+-::=-----==+++*######%%%#=-------------==-:::
[2024-08-02T17:45:35.325+0900] {process_utils.py:191} INFO - *******-:::-*=-------+===+=-=+#%%:-=++++=+==-:=-:::=%%#-::###=-*#%%%%%%%%%%%%%%%%+---------------:::
[2024-08-02T17:45:35.325+0900] {process_utils.py:191} INFO - =====+=:--::+---+--+**++++*+++#%*-=--**++++-:=++=::+#*-::=%%%#*#%%%%%%%%@@%%%%@@%%#====------+#%%=-*
[2024-08-02T17:45:35.325+0900] {process_utils.py:191} INFO - =-==++---=+==*#%%%%%%=*++++++++==-=-*##*+=##**++=--++-:--*=-=*#%%%@%###*###*+++*%%%*=============-#%
[2024-08-02T17:45:35.325+0900] {process_utils.py:191} INFO - +-=------=*%%%%@%@@@@***=+*#+*##*#%%@@**++%@%%%%*+=--=-=+-:--:#%@@%#*****###*+---+*++#**===---=++*%@
[2024-08-02T17:45:35.326+0900] {process_utils.py:191} INFO - --==-::-*%%%@@@@@@@%#*=-+++%@%##%%@@@@@%#%@@@%%@%%%*=--=#%####-%@%%####++++++=---==++*####*+++*%@%@@
[2024-08-02T17:45:35.326+0900] {process_utils.py:191} INFO - -=*+=-=#@@@@@@@@@#*+++++*@@@@@@@@@@@@@@@@@@@@@@@@@@@#+==-+*+#=:-+#%##**==++**+++=====+*###*+**#@%##%
[2024-08-02T17:45:35.326+0900] {process_utils.py:191} INFO - -=++-+%%@%@@@@%+=-++***#@@@@@@@@@@@@%:+@@*%+=%@@@@@@%%#%%#*=+--:-=#++**%#*+=+++++===+**####=*%%%%%%%
[2024-08-02T17:45:35.326+0900] {process_utils.py:191} INFO - -=++#%%####+-:---=*%%@@%#######**++++=+++++++++%%=+%@@%##*+==-=++=+*****##*===+++++==*#####*+#%%##%%
[2024-08-02T17:45:35.326+0900] {process_utils.py:191} INFO - -=*+=---==+=-::::-*@@@%+=======++++++++++++++*#%#**%%%*==-+*=--+==*****#**+=====+++++=***+++=+==::::
[2024-08-02T17:45:35.326+0900] {process_utils.py:191} INFO - =#*=++++++*###**==*@@@%=======++++++++*@@@@@@@@%%#####-:=+----==******##****+++++***==-=+=:::.::::::
[2024-08-02T17:45:35.326+0900] {process_utils.py:191} INFO - #%*+*++++**##*###*+#@@#=========++++==*%%%%%%%%######*=-----==+*********##########*+====::::::::::::
[2024-08-02T17:45:35.326+0900] {process_utils.py:191} INFO - ++++*#%%@%*##*##***%@@*===============+%##%%######%%%%*==-===+*********+=+*#######*++++-:::--::-----
[2024-08-02T17:45:35.327+0900] {process_utils.py:191} INFO - ===+*#%@@%*##**#**+=--================+%%#%%###%#%%%%%#======*#######*-:-++*####*****++:------------
[2024-08-02T17:45:35.327+0900] {process_utils.py:191} INFO - =+=------=##**##**+=--================+%%#%%###%%#%%%%%+=====+###**++==----:-*####****=------==-====
[2024-08-02T17:45:35.327+0900] {process_utils.py:191} INFO - 
[2024-08-02T17:45:35.349+0900] {python.py:237} INFO - Done. Returned value was: None
[2024-08-02T17:45:35.350+0900] {taskinstance.py:441} INFO - ::group::Post task execution logs
[2024-08-02T17:45:35.353+0900] {taskinstance.py:1206} INFO - Marking task as SUCCESS. dag_id=movie, task_id=transform, run_id=scheduled__2017-01-05T05:24:00+00:00, execution_date=20170105T052400, start_date=20240802T084529, end_date=20240802T084535
[2024-08-02T17:45:35.398+0900] {local_task_job_runner.py:243} INFO - Task exited with return code 0
[2024-08-02T17:45:35.420+0900] {taskinstance.py:3503} INFO - 1 downstream tasks scheduled from follow-on schedule check
[2024-08-02T17:45:35.445+0900] {local_task_job_runner.py:222} INFO - ::endgroup::
