[2024-08-02T17:41:11.604+0900] {local_task_job_runner.py:120} INFO - ::group::Pre task execution logs
[2024-08-02T17:41:11.636+0900] {taskinstance.py:2076} INFO - Dependencies all met for dep_context=non-requeueable deps ti=<TaskInstance: movie.transform scheduled__2017-01-05T05:15:00+00:00 [queued]>
[2024-08-02T17:41:11.647+0900] {taskinstance.py:2076} INFO - Dependencies all met for dep_context=requeueable deps ti=<TaskInstance: movie.transform scheduled__2017-01-05T05:15:00+00:00 [queued]>
[2024-08-02T17:41:11.647+0900] {taskinstance.py:2306} INFO - Starting attempt 1 of 3
[2024-08-02T17:41:11.664+0900] {taskinstance.py:2330} INFO - Executing <Task(PythonVirtualenvOperator): transform> on 2017-01-05 05:15:00+00:00
[2024-08-02T17:41:11.666+0900] {standard_task_runner.py:64} INFO - Started process 173769 to run task
[2024-08-02T17:41:11.670+0900] {standard_task_runner.py:90} INFO - Running: ['airflow', 'tasks', 'run', 'movie', 'transform', 'scheduled__2017-01-05T05:15:00+00:00', '--job-id', '292', '--raw', '--subdir', 'DAGS_FOLDER/movie.py', '--cfg-path', '/tmp/tmpp3v9ianm']
[2024-08-02T17:41:11.672+0900] {standard_task_runner.py:91} INFO - Job 292: Subtask transform
[2024-08-02T17:41:11.721+0900] {task_command.py:426} INFO - Running <TaskInstance: movie.transform scheduled__2017-01-05T05:15:00+00:00 [running]> on host playdata.
[2024-08-02T17:41:11.828+0900] {taskinstance.py:2648} INFO - Exporting env vars: AIRFLOW_CTX_DAG_OWNER='airflow' AIRFLOW_CTX_DAG_ID='movie' AIRFLOW_CTX_TASK_ID='transform' AIRFLOW_CTX_EXECUTION_DATE='2017-01-05T05:15:00+00:00' AIRFLOW_CTX_TRY_NUMBER='1' AIRFLOW_CTX_DAG_RUN_ID='scheduled__2017-01-05T05:15:00+00:00'
[2024-08-02T17:41:11.828+0900] {taskinstance.py:430} INFO - ::endgroup::
[2024-08-02T17:41:11.848+0900] {baseoperator.py:400} WARNING - PythonVirtualenvOperator.execute cannot be called outside TaskInstance!
[2024-08-02T17:41:11.849+0900] {process_utils.py:183} INFO - Executing cmd: /home/oddsummer/.pyenv/versions/3.11.9/envs/air/bin/python -m virtualenv /tmp/venvcomqj6b3 --python=python
[2024-08-02T17:41:11.852+0900] {process_utils.py:187} INFO - Output:
[2024-08-02T17:41:12.363+0900] {process_utils.py:191} INFO - created virtual environment CPython3.11.9.final.0-64 in 315ms
[2024-08-02T17:41:12.363+0900] {process_utils.py:191} INFO -   creator CPython3Posix(dest=/tmp/venvcomqj6b3, clear=False, no_vcs_ignore=False, global=False)
[2024-08-02T17:41:12.364+0900] {process_utils.py:191} INFO -   seeder FromAppData(download=False, pip=bundle, setuptools=bundle, wheel=bundle, via=copy, app_data_dir=/home/oddsummer/.local/share/virtualenv)
[2024-08-02T17:41:12.364+0900] {process_utils.py:191} INFO -     added seed packages: pip==24.1.2, setuptools==70.2.0, wheel==0.43.0
[2024-08-02T17:41:12.365+0900] {process_utils.py:191} INFO -   activators BashActivator,CShellActivator,FishActivator,NushellActivator,PowerShellActivator,PythonActivator
[2024-08-02T17:41:12.403+0900] {process_utils.py:183} INFO - Executing cmd: /tmp/venvcomqj6b3/bin/pip install -r /tmp/venvcomqj6b3/requirements.txt
[2024-08-02T17:41:12.404+0900] {process_utils.py:187} INFO - Output:
[2024-08-02T17:41:13.570+0900] {process_utils.py:191} INFO - Collecting git+https://github.com/7-TRG/transform_trg.git@main (from -r /tmp/venvcomqj6b3/requirements.txt (line 1))
[2024-08-02T17:41:13.571+0900] {process_utils.py:191} INFO -   Cloning https://github.com/7-TRG/transform_trg.git (to revision main) to /tmp/pip-req-build-tfkuogd2
[2024-08-02T17:41:13.574+0900] {process_utils.py:191} INFO -   Running command git clone --filter=blob:none --quiet https://github.com/7-TRG/transform_trg.git /tmp/pip-req-build-tfkuogd2
[2024-08-02T17:41:15.433+0900] {process_utils.py:191} INFO -   Resolved https://github.com/7-TRG/transform_trg.git to commit 789fe432a030fafcbef44ec873bc256dce822228
[2024-08-02T17:41:15.439+0900] {process_utils.py:191} INFO -   Installing build dependencies: started
[2024-08-02T17:41:17.713+0900] {process_utils.py:191} INFO -   Installing build dependencies: finished with status 'done'
[2024-08-02T17:41:17.714+0900] {process_utils.py:191} INFO -   Getting requirements to build wheel: started
[2024-08-02T17:41:17.964+0900] {process_utils.py:191} INFO -   Getting requirements to build wheel: finished with status 'done'
[2024-08-02T17:41:17.965+0900] {process_utils.py:191} INFO -   Preparing metadata (pyproject.toml): started
[2024-08-02T17:41:18.233+0900] {process_utils.py:191} INFO -   Preparing metadata (pyproject.toml): finished with status 'done'
[2024-08-02T17:41:18.236+0900] {process_utils.py:191} INFO - Building wheels for collected packages: transform_trg
[2024-08-02T17:41:18.240+0900] {process_utils.py:191} INFO -   Building wheel for transform_trg (pyproject.toml): started
[2024-08-02T17:41:18.504+0900] {process_utils.py:191} INFO -   Building wheel for transform_trg (pyproject.toml): finished with status 'done'
[2024-08-02T17:41:18.504+0900] {process_utils.py:191} INFO -   Created wheel for transform_trg: filename=transform_trg-0.1.0-py3-none-any.whl size=2244 sha256=13139104a051beb696b3f037b04fad8f130ec6379a024424d6cf746e0ef54725
[2024-08-02T17:41:18.504+0900] {process_utils.py:191} INFO -   Stored in directory: /tmp/pip-ephem-wheel-cache-2_cyx4kn/wheels/52/ed/12/e63285a730e0434716bf2b76c497e2eca12531b214fbcca988
[2024-08-02T17:41:18.506+0900] {process_utils.py:191} INFO - Successfully built transform_trg
[2024-08-02T17:41:18.515+0900] {process_utils.py:191} INFO - Installing collected packages: transform_trg
[2024-08-02T17:41:18.533+0900] {process_utils.py:191} INFO - Successfully installed transform_trg-0.1.0
[2024-08-02T17:41:18.539+0900] {process_utils.py:191} INFO - 
[2024-08-02T17:41:18.539+0900] {process_utils.py:191} INFO - [notice] A new release of pip is available: 24.1.2 -> 24.2
[2024-08-02T17:41:18.539+0900] {process_utils.py:191} INFO - [notice] To update, run: python -m pip install --upgrade pip
[2024-08-02T17:41:18.661+0900] {process_utils.py:183} INFO - Executing cmd: /tmp/venvcomqj6b3/bin/python /tmp/venv-callgpx72lfg/script.py /tmp/venv-callgpx72lfg/script.in /tmp/venv-callgpx72lfg/script.out /tmp/venv-callgpx72lfg/string_args.txt /tmp/venv-callgpx72lfg/termination.log
[2024-08-02T17:41:18.662+0900] {process_utils.py:187} INFO - Output:
[2024-08-02T17:41:18.695+0900] {process_utils.py:191} INFO - 
[2024-08-02T17:41:18.696+0900] {process_utils.py:191} INFO - ---------------======---::::::------+--=======++++++++++===--:...::-=--==============--:.....:-=====
[2024-08-02T17:41:18.696+0900] {process_utils.py:191} INFO - ----::---------------------===--::--+-----=============++++++===---:....--===============--:...:-===
[2024-08-02T17:41:18.696+0900] {process_utils.py:191} INFO - ----------------------------------=++----------------------=+===========-::.:-======================
[2024-08-02T17:41:18.697+0900] {process_utils.py:191} INFO - =----------------------------------==-----------------------=-----==============================+=--
[2024-08-02T17:41:18.697+0900] {process_utils.py:191} INFO - %%####=----------------------------==----------------------=-::::-----======+*%#++================::
[2024-08-02T17:41:18.697+0900] {process_utils.py:191} INFO - %%%%%#=----------------------------=-:---------------------=--==--------=====*#*=================-::
[2024-08-02T17:41:18.697+0900] {process_utils.py:191} INFO - @@%%%*-----------------+***++=-----=-::-------------------:+---------=====+++====================-::
[2024-08-02T17:41:18.698+0900] {process_utils.py:191} INFO - @@%%%*---------------#%%%%##%%#=---=-+##*#+----------------=------------=====+====-=--===========-::
[2024-08-02T17:41:18.698+0900] {process_utils.py:191} INFO - @@@%%+--=+*%%%+-----+%@@%#++%%%#=--=*%+===#+::----------::=-----------=+*##*++=-----------=======-::
[2024-08-02T17:41:18.698+0900] {process_utils.py:191} INFO - +++++=-+#+***#*=-----#*++**+#@@@*--+#+**+***-:=-:---=*+-::=-----==+++*######%%%#=-------------==-:::
[2024-08-02T17:41:18.698+0900] {process_utils.py:191} INFO - *******-:::-*=-------+===+=-=+#%%:-=++++=+==-:=-:::=%%#-::###=-*#%%%%%%%%%%%%%%%%+---------------:::
[2024-08-02T17:41:18.698+0900] {process_utils.py:191} INFO - =====+=:--::+---+--+**++++*+++#%*-=--**++++-:=++=::+#*-::=%%%#*#%%%%%%%%@@%%%%@@%%#====------+#%%=-*
[2024-08-02T17:41:18.699+0900] {process_utils.py:191} INFO - =-==++---=+==*#%%%%%%=*++++++++==-=-*##*+=##**++=--++-:--*=-=*#%%%@%###*###*+++*%%%*=============-#%
[2024-08-02T17:41:18.699+0900] {process_utils.py:191} INFO - +-=------=*%%%%@%@@@@***=+*#+*##*#%%@@**++%@%%%%*+=--=-=+-:--:#%@@%#*****###*+---+*++#**===---=++*%@
[2024-08-02T17:41:18.699+0900] {process_utils.py:191} INFO - --==-::-*%%%@@@@@@@%#*=-+++%@%##%%@@@@@%#%@@@%%@%%%*=--=#%####-%@%%####++++++=---==++*####*+++*%@%@@
[2024-08-02T17:41:18.699+0900] {process_utils.py:191} INFO - -=*+=-=#@@@@@@@@@#*+++++*@@@@@@@@@@@@@@@@@@@@@@@@@@@#+==-+*+#=:-+#%##**==++**+++=====+*###*+**#@%##%
[2024-08-02T17:41:18.700+0900] {process_utils.py:191} INFO - -=++-+%%@%@@@@%+=-++***#@@@@@@@@@@@@%:+@@*%+=%@@@@@@%%#%%#*=+--:-=#++**%#*+=+++++===+**####=*%%%%%%%
[2024-08-02T17:41:18.700+0900] {process_utils.py:191} INFO - -=++#%%####+-:---=*%%@@%#######**++++=+++++++++%%=+%@@%##*+==-=++=+*****##*===+++++==*#####*+#%%##%%
[2024-08-02T17:41:18.700+0900] {process_utils.py:191} INFO - -=*+=---==+=-::::-*@@@%+=======++++++++++++++*#%#**%%%*==-+*=--+==*****#**+=====+++++=***+++=+==::::
[2024-08-02T17:41:18.700+0900] {process_utils.py:191} INFO - =#*=++++++*###**==*@@@%=======++++++++*@@@@@@@@%%#####-:=+----==******##****+++++***==-=+=:::.::::::
[2024-08-02T17:41:18.701+0900] {process_utils.py:191} INFO - #%*+*++++**##*###*+#@@#=========++++==*%%%%%%%%######*=-----==+*********##########*+====::::::::::::
[2024-08-02T17:41:18.701+0900] {process_utils.py:191} INFO - ++++*#%%@%*##*##***%@@*===============+%##%%######%%%%*==-===+*********+=+*#######*++++-:::--::-----
[2024-08-02T17:41:18.701+0900] {process_utils.py:191} INFO - ===+*#%@@%*##**#**+=--================+%%#%%###%#%%%%%#======*#######*-:-++*####*****++:------------
[2024-08-02T17:41:18.701+0900] {process_utils.py:191} INFO - =+=------=##**##**+=--================+%%#%%###%%#%%%%%+=====+###**++==----:-*####****=------==-====
[2024-08-02T17:41:18.701+0900] {process_utils.py:191} INFO - 
[2024-08-02T17:41:18.724+0900] {python.py:237} INFO - Done. Returned value was: None
[2024-08-02T17:41:18.725+0900] {taskinstance.py:441} INFO - ::group::Post task execution logs
[2024-08-02T17:41:18.730+0900] {taskinstance.py:1206} INFO - Marking task as SUCCESS. dag_id=movie, task_id=transform, run_id=scheduled__2017-01-05T05:15:00+00:00, execution_date=20170105T051500, start_date=20240802T084111, end_date=20240802T084118
[2024-08-02T17:41:18.784+0900] {local_task_job_runner.py:243} INFO - Task exited with return code 0
[2024-08-02T17:41:18.804+0900] {taskinstance.py:3503} INFO - 1 downstream tasks scheduled from follow-on schedule check
[2024-08-02T17:41:18.811+0900] {local_task_job_runner.py:222} INFO - ::endgroup::
