[2024-08-02T16:48:48.827+0900] {local_task_job_runner.py:120} INFO - ::group::Pre task execution logs
[2024-08-02T16:48:48.852+0900] {taskinstance.py:2076} INFO - Dependencies all met for dep_context=non-requeueable deps ti=<TaskInstance: movie.get.data scheduled__2017-01-01T05:04:00+00:00 [queued]>
[2024-08-02T16:48:48.858+0900] {taskinstance.py:2076} INFO - Dependencies all met for dep_context=requeueable deps ti=<TaskInstance: movie.get.data scheduled__2017-01-01T05:04:00+00:00 [queued]>
[2024-08-02T16:48:48.858+0900] {taskinstance.py:2306} INFO - Starting attempt 1 of 3
[2024-08-02T16:48:48.873+0900] {taskinstance.py:2330} INFO - Executing <Task(PythonVirtualenvOperator): get.data> on 2017-01-01 05:04:00+00:00
[2024-08-02T16:48:48.876+0900] {standard_task_runner.py:64} INFO - Started process 143812 to run task
[2024-08-02T16:48:48.880+0900] {standard_task_runner.py:90} INFO - Running: ['airflow', 'tasks', 'run', 'movie', 'get.data', 'scheduled__2017-01-01T05:04:00+00:00', '--job-id', '15', '--raw', '--subdir', 'DAGS_FOLDER/movie.py', '--cfg-path', '/tmp/tmpltxwqw8b']
[2024-08-02T16:48:48.881+0900] {standard_task_runner.py:91} INFO - Job 15: Subtask get.data
[2024-08-02T16:48:48.917+0900] {task_command.py:426} INFO - Running <TaskInstance: movie.get.data scheduled__2017-01-01T05:04:00+00:00 [running]> on host playdata.
[2024-08-02T16:48:48.989+0900] {taskinstance.py:2648} INFO - Exporting env vars: AIRFLOW_CTX_DAG_OWNER='airflow' AIRFLOW_CTX_DAG_ID='movie' AIRFLOW_CTX_TASK_ID='get.data' AIRFLOW_CTX_EXECUTION_DATE='2017-01-01T05:04:00+00:00' AIRFLOW_CTX_TRY_NUMBER='1' AIRFLOW_CTX_DAG_RUN_ID='scheduled__2017-01-01T05:04:00+00:00'
[2024-08-02T16:48:48.989+0900] {taskinstance.py:430} INFO - ::endgroup::
[2024-08-02T16:48:49.002+0900] {baseoperator.py:400} WARNING - PythonVirtualenvOperator.execute cannot be called outside TaskInstance!
[2024-08-02T16:48:49.003+0900] {process_utils.py:183} INFO - Executing cmd: /home/oddsummer/.pyenv/versions/3.11.9/envs/air/bin/python -m virtualenv /tmp/venv7hh130kq --python=python
[2024-08-02T16:48:49.004+0900] {process_utils.py:187} INFO - Output:
[2024-08-02T16:48:49.383+0900] {process_utils.py:191} INFO - created virtual environment CPython3.11.9.final.0-64 in 266ms
[2024-08-02T16:48:49.383+0900] {process_utils.py:191} INFO -   creator CPython3Posix(dest=/tmp/venv7hh130kq, clear=False, no_vcs_ignore=False, global=False)
[2024-08-02T16:48:49.384+0900] {process_utils.py:191} INFO -   seeder FromAppData(download=False, pip=bundle, setuptools=bundle, wheel=bundle, via=copy, app_data_dir=/home/oddsummer/.local/share/virtualenv)
[2024-08-02T16:48:49.384+0900] {process_utils.py:191} INFO -     added seed packages: pip==24.1.2, setuptools==70.2.0, wheel==0.43.0
[2024-08-02T16:48:49.384+0900] {process_utils.py:191} INFO -   activators BashActivator,CShellActivator,FishActivator,NushellActivator,PowerShellActivator,PythonActivator
[2024-08-02T16:48:49.416+0900] {process_utils.py:183} INFO - Executing cmd: /tmp/venv7hh130kq/bin/pip install -r /tmp/venv7hh130kq/requirements.txt
[2024-08-02T16:48:49.417+0900] {process_utils.py:187} INFO - Output:
[2024-08-02T16:48:50.674+0900] {process_utils.py:191} INFO - Collecting git+https://github.com/7-TRG/extract_trg.git@main (from -r /tmp/venv7hh130kq/requirements.txt (line 1))
[2024-08-02T16:48:50.675+0900] {process_utils.py:191} INFO -   Cloning https://github.com/7-TRG/extract_trg.git (to revision main) to /tmp/pip-req-build-xy9zkkjv
[2024-08-02T16:48:50.678+0900] {process_utils.py:191} INFO -   Running command git clone --filter=blob:none --quiet https://github.com/7-TRG/extract_trg.git /tmp/pip-req-build-xy9zkkjv
[2024-08-02T16:48:52.047+0900] {process_utils.py:191} INFO -   Resolved https://github.com/7-TRG/extract_trg.git to commit 0712b3f1bbaeeeea58bf80749079a62c7e1bec3d
[2024-08-02T16:48:52.052+0900] {process_utils.py:191} INFO -   Installing build dependencies: started
[2024-08-02T16:48:54.036+0900] {process_utils.py:191} INFO -   Installing build dependencies: finished with status 'done'
[2024-08-02T16:48:54.037+0900] {process_utils.py:191} INFO -   Getting requirements to build wheel: started
[2024-08-02T16:48:54.283+0900] {process_utils.py:191} INFO -   Getting requirements to build wheel: finished with status 'done'
[2024-08-02T16:48:54.284+0900] {process_utils.py:191} INFO -   Preparing metadata (pyproject.toml): started
[2024-08-02T16:48:54.552+0900] {process_utils.py:191} INFO -   Preparing metadata (pyproject.toml): finished with status 'done'
[2024-08-02T16:48:54.556+0900] {process_utils.py:191} INFO - Building wheels for collected packages: extract_trg
[2024-08-02T16:48:54.561+0900] {process_utils.py:191} INFO -   Building wheel for extract_trg (pyproject.toml): started
[2024-08-02T16:48:54.921+0900] {process_utils.py:191} INFO -   Building wheel for extract_trg (pyproject.toml): finished with status 'done'
[2024-08-02T16:48:54.922+0900] {process_utils.py:191} INFO -   Created wheel for extract_trg: filename=extract_trg-0.1.0-py3-none-any.whl size=2219 sha256=ce6dd7ec5365f932d17c7ad7be25abe382b892d5f595cfb42531631101e3851d
[2024-08-02T16:48:54.922+0900] {process_utils.py:191} INFO -   Stored in directory: /tmp/pip-ephem-wheel-cache-z8jxwcmi/wheels/21/97/ea/e27bc4298590f1b8a2b9c46b60aefbe2e3076cf05f6bd5e464
[2024-08-02T16:48:54.924+0900] {process_utils.py:191} INFO - Successfully built extract_trg
[2024-08-02T16:48:54.936+0900] {process_utils.py:191} INFO - Installing collected packages: extract_trg
[2024-08-02T16:48:54.959+0900] {process_utils.py:191} INFO - Successfully installed extract_trg-0.1.0
[2024-08-02T16:48:54.967+0900] {process_utils.py:191} INFO - 
[2024-08-02T16:48:54.967+0900] {process_utils.py:191} INFO - [notice] A new release of pip is available: 24.1.2 -> 24.2
[2024-08-02T16:48:54.967+0900] {process_utils.py:191} INFO - [notice] To update, run: python -m pip install --upgrade pip
[2024-08-02T16:48:55.067+0900] {process_utils.py:183} INFO - Executing cmd: /tmp/venv7hh130kq/bin/python /tmp/venv-callov4fnzii/script.py /tmp/venv-callov4fnzii/script.in /tmp/venv-callov4fnzii/script.out /tmp/venv-callov4fnzii/string_args.txt /tmp/venv-callov4fnzii/termination.log
[2024-08-02T16:48:55.068+0900] {process_utils.py:187} INFO - Output:
[2024-08-02T16:48:55.091+0900] {process_utils.py:191} INFO - 
[2024-08-02T16:48:55.091+0900] {process_utils.py:191} INFO - ---------------======---::::::------+--=======++++++++++===--:...::-=--==============--:.....:-=====
[2024-08-02T16:48:55.091+0900] {process_utils.py:191} INFO - ----::---------------------===--::--+-----=============++++++===---:....--===============--:...:-===
[2024-08-02T16:48:55.092+0900] {process_utils.py:191} INFO - ----------------------------------=++----------------------=+===========-::.:-======================
[2024-08-02T16:48:55.092+0900] {process_utils.py:191} INFO - =----------------------------------==-----------------------=-----==============================+=--
[2024-08-02T16:48:55.092+0900] {process_utils.py:191} INFO - %%####=----------------------------==----------------------=-::::-----======+*%#++================::
[2024-08-02T16:48:55.092+0900] {process_utils.py:191} INFO - %%%%%#=----------------------------=-:---------------------=--==--------=====*#*=================-::
[2024-08-02T16:48:55.092+0900] {process_utils.py:191} INFO - @@%%%*-----------------+***++=-----=-::-------------------:+---------=====+++====================-::
[2024-08-02T16:48:55.092+0900] {process_utils.py:191} INFO - @@%%%*---------------#%%%%##%%#=---=-+##*#+----------------=------------=====+====-=--===========-::
[2024-08-02T16:48:55.092+0900] {process_utils.py:191} INFO - @@@%%+--=+*%%%+-----+%@@%#++%%%#=--=*%+===#+::----------::=-----------=+*##*++=-----------=======-::
[2024-08-02T16:48:55.092+0900] {process_utils.py:191} INFO - +++++=-+#+***#*=-----#*++**+#@@@*--+#+**+***-:=-:---=*+-::=-----==+++*######%%%#=-------------==-:::
[2024-08-02T16:48:55.093+0900] {process_utils.py:191} INFO - *******-:::-*=-------+===+=-=+#%%:-=++++=+==-:=-:::=%%#-::###=-*#%%%%%%%%%%%%%%%%+---------------:::
[2024-08-02T16:48:55.093+0900] {process_utils.py:191} INFO - =====+=:--::+---+--+**++++*+++#%*-=--**++++-:=++=::+#*-::=%%%#*#%%%%%%%%@@%%%%@@%%#====------+#%%=-*
[2024-08-02T16:48:55.093+0900] {process_utils.py:191} INFO - =-==++---=+==*#%%%%%%=*++++++++==-=-*##*+=##**++=--++-:--*=-=*#%%%@%###*###*+++*%%%*=============-#%
[2024-08-02T16:48:55.093+0900] {process_utils.py:191} INFO - +-=------=*%%%%@%@@@@***=+*#+*##*#%%@@**++%@%%%%*+=--=-=+-:--:#%@@%#*****###*+---+*++#**===---=++*%@
[2024-08-02T16:48:55.093+0900] {process_utils.py:191} INFO - --==-::-*%%%@@@@@@@%#*=-+++%@%##%%@@@@@%#%@@@%%@%%%*=--=#%####-%@%%####++++++=---==++*####*+++*%@%@@
[2024-08-02T16:48:55.093+0900] {process_utils.py:191} INFO - -=*+=-=#@@@@@@@@@#*+++++*@@@@@@@@@@@@@@@@@@@@@@@@@@@#+==-+*+#=:-+#%##**==++**+++=====+*###*+**#@%##%
[2024-08-02T16:48:55.093+0900] {process_utils.py:191} INFO - -=++-+%%@%@@@@%+=-++***#@@@@@@@@@@@@%:+@@*%+=%@@@@@@%%#%%#*=+--:-=#++**%#*+=+++++===+**####=*%%%%%%%
[2024-08-02T16:48:55.094+0900] {process_utils.py:191} INFO - -=++#%%####+-:---=*%%@@%#######**++++=+++++++++%%=+%@@%##*+==-=++=+*****##*===+++++==*#####*+#%%##%%
[2024-08-02T16:48:55.094+0900] {process_utils.py:191} INFO - -=*+=---==+=-::::-*@@@%+=======++++++++++++++*#%#**%%%*==-+*=--+==*****#**+=====+++++=***+++=+==::::
[2024-08-02T16:48:55.094+0900] {process_utils.py:191} INFO - =#*=++++++*###**==*@@@%=======++++++++*@@@@@@@@%%#####-:=+----==******##****+++++***==-=+=:::.::::::
[2024-08-02T16:48:55.094+0900] {process_utils.py:191} INFO - #%*+*++++**##*###*+#@@#=========++++==*%%%%%%%%######*=-----==+*********##########*+====::::::::::::
[2024-08-02T16:48:55.094+0900] {process_utils.py:191} INFO - ++++*#%%@%*##*##***%@@*===============+%##%%######%%%%*==-===+*********+=+*#######*++++-:::--::-----
[2024-08-02T16:48:55.095+0900] {process_utils.py:191} INFO - ===+*#%@@%*##**#**+=--================+%%#%%###%#%%%%%#======*#######*-:-++*####*****++:------------
[2024-08-02T16:48:55.095+0900] {process_utils.py:191} INFO - =+=------=##**##**+=--================+%%#%%###%%#%%%%%+=====+###**++==----:-*####****=------==-====
[2024-08-02T16:48:55.095+0900] {process_utils.py:191} INFO - 
[2024-08-02T16:48:55.118+0900] {python.py:237} INFO - Done. Returned value was: None
[2024-08-02T16:48:55.118+0900] {taskinstance.py:441} INFO - ::group::Post task execution logs
[2024-08-02T16:48:55.122+0900] {taskinstance.py:1206} INFO - Marking task as SUCCESS. dag_id=movie, task_id=get.data, run_id=scheduled__2017-01-01T05:04:00+00:00, execution_date=20170101T050400, start_date=20240802T074848, end_date=20240802T074855
[2024-08-02T16:48:55.167+0900] {local_task_job_runner.py:243} INFO - Task exited with return code 0
[2024-08-02T16:48:55.177+0900] {taskinstance.py:3503} INFO - 0 downstream tasks scheduled from follow-on schedule check
[2024-08-02T16:48:55.178+0900] {local_task_job_runner.py:222} INFO - ::endgroup::
