[2024-08-02T17:23:40.185+0900] {local_task_job_runner.py:120} INFO - ::group::Pre task execution logs
[2024-08-02T17:23:40.211+0900] {taskinstance.py:2076} INFO - Dependencies all met for dep_context=non-requeueable deps ti=<TaskInstance: movie.get.data scheduled__2017-01-04T05:04:00+00:00 [queued]>
[2024-08-02T17:23:40.220+0900] {taskinstance.py:2076} INFO - Dependencies all met for dep_context=requeueable deps ti=<TaskInstance: movie.get.data scheduled__2017-01-04T05:04:00+00:00 [queued]>
[2024-08-02T17:23:40.220+0900] {taskinstance.py:2306} INFO - Starting attempt 1 of 3
[2024-08-02T17:23:40.239+0900] {taskinstance.py:2330} INFO - Executing <Task(PythonVirtualenvOperator): get.data> on 2017-01-04 05:04:00+00:00
[2024-08-02T17:23:40.242+0900] {standard_task_runner.py:64} INFO - Started process 162759 to run task
[2024-08-02T17:23:40.245+0900] {standard_task_runner.py:90} INFO - Running: ['airflow', 'tasks', 'run', 'movie', 'get.data', 'scheduled__2017-01-04T05:04:00+00:00', '--job-id', '195', '--raw', '--subdir', 'DAGS_FOLDER/movie.py', '--cfg-path', '/tmp/tmpo_ms1y21']
[2024-08-02T17:23:40.246+0900] {standard_task_runner.py:91} INFO - Job 195: Subtask get.data
[2024-08-02T17:23:40.282+0900] {task_command.py:426} INFO - Running <TaskInstance: movie.get.data scheduled__2017-01-04T05:04:00+00:00 [running]> on host playdata.
[2024-08-02T17:23:40.353+0900] {taskinstance.py:2648} INFO - Exporting env vars: AIRFLOW_CTX_DAG_OWNER='airflow' AIRFLOW_CTX_DAG_ID='movie' AIRFLOW_CTX_TASK_ID='get.data' AIRFLOW_CTX_EXECUTION_DATE='2017-01-04T05:04:00+00:00' AIRFLOW_CTX_TRY_NUMBER='1' AIRFLOW_CTX_DAG_RUN_ID='scheduled__2017-01-04T05:04:00+00:00'
[2024-08-02T17:23:40.354+0900] {taskinstance.py:430} INFO - ::endgroup::
[2024-08-02T17:23:40.365+0900] {baseoperator.py:400} WARNING - PythonVirtualenvOperator.execute cannot be called outside TaskInstance!
[2024-08-02T17:23:40.366+0900] {process_utils.py:183} INFO - Executing cmd: /home/oddsummer/.pyenv/versions/3.11.9/envs/air/bin/python -m virtualenv /tmp/venvgjsj9a4t --python=python
[2024-08-02T17:23:40.367+0900] {process_utils.py:187} INFO - Output:
[2024-08-02T17:23:40.858+0900] {process_utils.py:191} INFO - created virtual environment CPython3.11.9.final.0-64 in 359ms
[2024-08-02T17:23:40.859+0900] {process_utils.py:191} INFO -   creator CPython3Posix(dest=/tmp/venvgjsj9a4t, clear=False, no_vcs_ignore=False, global=False)
[2024-08-02T17:23:40.859+0900] {process_utils.py:191} INFO -   seeder FromAppData(download=False, pip=bundle, setuptools=bundle, wheel=bundle, via=copy, app_data_dir=/home/oddsummer/.local/share/virtualenv)
[2024-08-02T17:23:40.859+0900] {process_utils.py:191} INFO -     added seed packages: pip==24.1.2, setuptools==70.2.0, wheel==0.43.0
[2024-08-02T17:23:40.859+0900] {process_utils.py:191} INFO -   activators BashActivator,CShellActivator,FishActivator,NushellActivator,PowerShellActivator,PythonActivator
[2024-08-02T17:23:40.893+0900] {process_utils.py:183} INFO - Executing cmd: /tmp/venvgjsj9a4t/bin/pip install -r /tmp/venvgjsj9a4t/requirements.txt
[2024-08-02T17:23:40.895+0900] {process_utils.py:187} INFO - Output:
[2024-08-02T17:23:41.852+0900] {process_utils.py:191} INFO - Collecting git+https://github.com/7-TRG/extract_trg.git@main (from -r /tmp/venvgjsj9a4t/requirements.txt (line 1))
[2024-08-02T17:23:41.853+0900] {process_utils.py:191} INFO -   Cloning https://github.com/7-TRG/extract_trg.git (to revision main) to /tmp/pip-req-build-r593yv2c
[2024-08-02T17:23:41.855+0900] {process_utils.py:191} INFO -   Running command git clone --filter=blob:none --quiet https://github.com/7-TRG/extract_trg.git /tmp/pip-req-build-r593yv2c
[2024-08-02T17:23:43.484+0900] {process_utils.py:191} INFO -   Resolved https://github.com/7-TRG/extract_trg.git to commit 0712b3f1bbaeeeea58bf80749079a62c7e1bec3d
[2024-08-02T17:23:43.490+0900] {process_utils.py:191} INFO -   Installing build dependencies: started
[2024-08-02T17:23:45.533+0900] {process_utils.py:191} INFO -   Installing build dependencies: finished with status 'done'
[2024-08-02T17:23:45.534+0900] {process_utils.py:191} INFO -   Getting requirements to build wheel: started
[2024-08-02T17:23:45.769+0900] {process_utils.py:191} INFO -   Getting requirements to build wheel: finished with status 'done'
[2024-08-02T17:23:45.770+0900] {process_utils.py:191} INFO -   Preparing metadata (pyproject.toml): started
[2024-08-02T17:23:46.048+0900] {process_utils.py:191} INFO -   Preparing metadata (pyproject.toml): finished with status 'done'
[2024-08-02T17:23:46.052+0900] {process_utils.py:191} INFO - Building wheels for collected packages: extract_trg
[2024-08-02T17:23:46.056+0900] {process_utils.py:191} INFO -   Building wheel for extract_trg (pyproject.toml): started
[2024-08-02T17:23:46.321+0900] {process_utils.py:191} INFO -   Building wheel for extract_trg (pyproject.toml): finished with status 'done'
[2024-08-02T17:23:46.321+0900] {process_utils.py:191} INFO -   Created wheel for extract_trg: filename=extract_trg-0.1.0-py3-none-any.whl size=2219 sha256=19c4c7877ce0257092109b1cae24f11fa3aad997de53daabecc353bfe84a6aea
[2024-08-02T17:23:46.322+0900] {process_utils.py:191} INFO -   Stored in directory: /tmp/pip-ephem-wheel-cache-kobrpq43/wheels/21/97/ea/e27bc4298590f1b8a2b9c46b60aefbe2e3076cf05f6bd5e464
[2024-08-02T17:23:46.324+0900] {process_utils.py:191} INFO - Successfully built extract_trg
[2024-08-02T17:23:46.333+0900] {process_utils.py:191} INFO - Installing collected packages: extract_trg
[2024-08-02T17:23:46.360+0900] {process_utils.py:191} INFO - Successfully installed extract_trg-0.1.0
[2024-08-02T17:23:46.366+0900] {process_utils.py:191} INFO - 
[2024-08-02T17:23:46.366+0900] {process_utils.py:191} INFO - [notice] A new release of pip is available: 24.1.2 -> 24.2
[2024-08-02T17:23:46.366+0900] {process_utils.py:191} INFO - [notice] To update, run: python -m pip install --upgrade pip
[2024-08-02T17:23:46.459+0900] {process_utils.py:183} INFO - Executing cmd: /tmp/venvgjsj9a4t/bin/python /tmp/venv-call2o2ankb3/script.py /tmp/venv-call2o2ankb3/script.in /tmp/venv-call2o2ankb3/script.out /tmp/venv-call2o2ankb3/string_args.txt /tmp/venv-call2o2ankb3/termination.log
[2024-08-02T17:23:46.460+0900] {process_utils.py:187} INFO - Output:
[2024-08-02T17:23:46.480+0900] {process_utils.py:191} INFO - 
[2024-08-02T17:23:46.480+0900] {process_utils.py:191} INFO - ---------------======---::::::------+--=======++++++++++===--:...::-=--==============--:.....:-=====
[2024-08-02T17:23:46.481+0900] {process_utils.py:191} INFO - ----::---------------------===--::--+-----=============++++++===---:....--===============--:...:-===
[2024-08-02T17:23:46.481+0900] {process_utils.py:191} INFO - ----------------------------------=++----------------------=+===========-::.:-======================
[2024-08-02T17:23:46.481+0900] {process_utils.py:191} INFO - =----------------------------------==-----------------------=-----==============================+=--
[2024-08-02T17:23:46.481+0900] {process_utils.py:191} INFO - %%####=----------------------------==----------------------=-::::-----======+*%#++================::
[2024-08-02T17:23:46.481+0900] {process_utils.py:191} INFO - %%%%%#=----------------------------=-:---------------------=--==--------=====*#*=================-::
[2024-08-02T17:23:46.481+0900] {process_utils.py:191} INFO - @@%%%*-----------------+***++=-----=-::-------------------:+---------=====+++====================-::
[2024-08-02T17:23:46.481+0900] {process_utils.py:191} INFO - @@%%%*---------------#%%%%##%%#=---=-+##*#+----------------=------------=====+====-=--===========-::
[2024-08-02T17:23:46.481+0900] {process_utils.py:191} INFO - @@@%%+--=+*%%%+-----+%@@%#++%%%#=--=*%+===#+::----------::=-----------=+*##*++=-----------=======-::
[2024-08-02T17:23:46.482+0900] {process_utils.py:191} INFO - +++++=-+#+***#*=-----#*++**+#@@@*--+#+**+***-:=-:---=*+-::=-----==+++*######%%%#=-------------==-:::
[2024-08-02T17:23:46.482+0900] {process_utils.py:191} INFO - *******-:::-*=-------+===+=-=+#%%:-=++++=+==-:=-:::=%%#-::###=-*#%%%%%%%%%%%%%%%%+---------------:::
[2024-08-02T17:23:46.482+0900] {process_utils.py:191} INFO - =====+=:--::+---+--+**++++*+++#%*-=--**++++-:=++=::+#*-::=%%%#*#%%%%%%%%@@%%%%@@%%#====------+#%%=-*
[2024-08-02T17:23:46.482+0900] {process_utils.py:191} INFO - =-==++---=+==*#%%%%%%=*++++++++==-=-*##*+=##**++=--++-:--*=-=*#%%%@%###*###*+++*%%%*=============-#%
[2024-08-02T17:23:46.482+0900] {process_utils.py:191} INFO - +-=------=*%%%%@%@@@@***=+*#+*##*#%%@@**++%@%%%%*+=--=-=+-:--:#%@@%#*****###*+---+*++#**===---=++*%@
[2024-08-02T17:23:46.482+0900] {process_utils.py:191} INFO - --==-::-*%%%@@@@@@@%#*=-+++%@%##%%@@@@@%#%@@@%%@%%%*=--=#%####-%@%%####++++++=---==++*####*+++*%@%@@
[2024-08-02T17:23:46.482+0900] {process_utils.py:191} INFO - -=*+=-=#@@@@@@@@@#*+++++*@@@@@@@@@@@@@@@@@@@@@@@@@@@#+==-+*+#=:-+#%##**==++**+++=====+*###*+**#@%##%
[2024-08-02T17:23:46.482+0900] {process_utils.py:191} INFO - -=++-+%%@%@@@@%+=-++***#@@@@@@@@@@@@%:+@@*%+=%@@@@@@%%#%%#*=+--:-=#++**%#*+=+++++===+**####=*%%%%%%%
[2024-08-02T17:23:46.482+0900] {process_utils.py:191} INFO - -=++#%%####+-:---=*%%@@%#######**++++=+++++++++%%=+%@@%##*+==-=++=+*****##*===+++++==*#####*+#%%##%%
[2024-08-02T17:23:46.483+0900] {process_utils.py:191} INFO - -=*+=---==+=-::::-*@@@%+=======++++++++++++++*#%#**%%%*==-+*=--+==*****#**+=====+++++=***+++=+==::::
[2024-08-02T17:23:46.483+0900] {process_utils.py:191} INFO - =#*=++++++*###**==*@@@%=======++++++++*@@@@@@@@%%#####-:=+----==******##****+++++***==-=+=:::.::::::
[2024-08-02T17:23:46.483+0900] {process_utils.py:191} INFO - #%*+*++++**##*###*+#@@#=========++++==*%%%%%%%%######*=-----==+*********##########*+====::::::::::::
[2024-08-02T17:23:46.483+0900] {process_utils.py:191} INFO - ++++*#%%@%*##*##***%@@*===============+%##%%######%%%%*==-===+*********+=+*#######*++++-:::--::-----
[2024-08-02T17:23:46.483+0900] {process_utils.py:191} INFO - ===+*#%@@%*##**#**+=--================+%%#%%###%#%%%%%#======*#######*-:-++*####*****++:------------
[2024-08-02T17:23:46.483+0900] {process_utils.py:191} INFO - =+=------=##**##**+=--================+%%#%%###%%#%%%%%+=====+###**++==----:-*####****=------==-====
[2024-08-02T17:23:46.483+0900] {process_utils.py:191} INFO - 
[2024-08-02T17:23:46.505+0900] {python.py:237} INFO - Done. Returned value was: None
[2024-08-02T17:23:46.506+0900] {taskinstance.py:441} INFO - ::group::Post task execution logs
[2024-08-02T17:23:46.510+0900] {taskinstance.py:1206} INFO - Marking task as SUCCESS. dag_id=movie, task_id=get.data, run_id=scheduled__2017-01-04T05:04:00+00:00, execution_date=20170104T050400, start_date=20240802T082340, end_date=20240802T082346
[2024-08-02T17:23:46.551+0900] {local_task_job_runner.py:243} INFO - Task exited with return code 0
[2024-08-02T17:23:46.566+0900] {taskinstance.py:3503} INFO - 0 downstream tasks scheduled from follow-on schedule check
[2024-08-02T17:23:46.567+0900] {local_task_job_runner.py:222} INFO - ::endgroup::
