[2024-08-02T17:45:48.429+0900] {local_task_job_runner.py:120} INFO - ::group::Pre task execution logs
[2024-08-02T17:45:48.452+0900] {taskinstance.py:2076} INFO - Dependencies all met for dep_context=non-requeueable deps ti=<TaskInstance: movie.extract scheduled__2017-01-05T05:25:00+00:00 [queued]>
[2024-08-02T17:45:48.458+0900] {taskinstance.py:2076} INFO - Dependencies all met for dep_context=requeueable deps ti=<TaskInstance: movie.extract scheduled__2017-01-05T05:25:00+00:00 [queued]>
[2024-08-02T17:45:48.458+0900] {taskinstance.py:2306} INFO - Starting attempt 1 of 3
[2024-08-02T17:45:48.475+0900] {taskinstance.py:2330} INFO - Executing <Task(PythonVirtualenvOperator): extract> on 2017-01-05 05:25:00+00:00
[2024-08-02T17:45:48.479+0900] {standard_task_runner.py:64} INFO - Started process 176190 to run task
[2024-08-02T17:45:48.483+0900] {standard_task_runner.py:90} INFO - Running: ['airflow', 'tasks', 'run', 'movie', 'extract', 'scheduled__2017-01-05T05:25:00+00:00', '--job-id', '321', '--raw', '--subdir', 'DAGS_FOLDER/movie.py', '--cfg-path', '/tmp/tmptlmds4_e']
[2024-08-02T17:45:48.484+0900] {standard_task_runner.py:91} INFO - Job 321: Subtask extract
[2024-08-02T17:45:48.521+0900] {task_command.py:426} INFO - Running <TaskInstance: movie.extract scheduled__2017-01-05T05:25:00+00:00 [running]> on host playdata.
[2024-08-02T17:45:48.592+0900] {taskinstance.py:2648} INFO - Exporting env vars: AIRFLOW_CTX_DAG_OWNER='airflow' AIRFLOW_CTX_DAG_ID='movie' AIRFLOW_CTX_TASK_ID='extract' AIRFLOW_CTX_EXECUTION_DATE='2017-01-05T05:25:00+00:00' AIRFLOW_CTX_TRY_NUMBER='1' AIRFLOW_CTX_DAG_RUN_ID='scheduled__2017-01-05T05:25:00+00:00'
[2024-08-02T17:45:48.593+0900] {taskinstance.py:430} INFO - ::endgroup::
[2024-08-02T17:45:48.603+0900] {baseoperator.py:400} WARNING - PythonVirtualenvOperator.execute cannot be called outside TaskInstance!
[2024-08-02T17:45:48.604+0900] {process_utils.py:183} INFO - Executing cmd: /home/oddsummer/.pyenv/versions/3.11.9/envs/air/bin/python -m virtualenv /tmp/venvq701_n2l --python=python
[2024-08-02T17:45:48.605+0900] {process_utils.py:187} INFO - Output:
[2024-08-02T17:45:48.946+0900] {process_utils.py:191} INFO - created virtual environment CPython3.11.9.final.0-64 in 230ms
[2024-08-02T17:45:48.946+0900] {process_utils.py:191} INFO -   creator CPython3Posix(dest=/tmp/venvq701_n2l, clear=False, no_vcs_ignore=False, global=False)
[2024-08-02T17:45:48.946+0900] {process_utils.py:191} INFO -   seeder FromAppData(download=False, pip=bundle, setuptools=bundle, wheel=bundle, via=copy, app_data_dir=/home/oddsummer/.local/share/virtualenv)
[2024-08-02T17:45:48.946+0900] {process_utils.py:191} INFO -     added seed packages: pip==24.1.2, setuptools==70.2.0, wheel==0.43.0
[2024-08-02T17:45:48.946+0900] {process_utils.py:191} INFO -   activators BashActivator,CShellActivator,FishActivator,NushellActivator,PowerShellActivator,PythonActivator
[2024-08-02T17:45:48.971+0900] {process_utils.py:183} INFO - Executing cmd: /tmp/venvq701_n2l/bin/pip install -r /tmp/venvq701_n2l/requirements.txt
[2024-08-02T17:45:48.972+0900] {process_utils.py:187} INFO - Output:
[2024-08-02T17:45:49.923+0900] {process_utils.py:191} INFO - Collecting git+https://github.com/7-TRG/extract_trg.git@main (from -r /tmp/venvq701_n2l/requirements.txt (line 1))
[2024-08-02T17:45:49.923+0900] {process_utils.py:191} INFO -   Cloning https://github.com/7-TRG/extract_trg.git (to revision main) to /tmp/pip-req-build-h466tvy6
[2024-08-02T17:45:49.926+0900] {process_utils.py:191} INFO -   Running command git clone --filter=blob:none --quiet https://github.com/7-TRG/extract_trg.git /tmp/pip-req-build-h466tvy6
[2024-08-02T17:45:51.609+0900] {process_utils.py:191} INFO -   Resolved https://github.com/7-TRG/extract_trg.git to commit 0712b3f1bbaeeeea58bf80749079a62c7e1bec3d
[2024-08-02T17:45:51.614+0900] {process_utils.py:191} INFO -   Installing build dependencies: started
[2024-08-02T17:45:53.461+0900] {process_utils.py:191} INFO -   Installing build dependencies: finished with status 'done'
[2024-08-02T17:45:53.462+0900] {process_utils.py:191} INFO -   Getting requirements to build wheel: started
[2024-08-02T17:45:53.736+0900] {process_utils.py:191} INFO -   Getting requirements to build wheel: finished with status 'done'
[2024-08-02T17:45:53.738+0900] {process_utils.py:191} INFO -   Preparing metadata (pyproject.toml): started
[2024-08-02T17:45:54.014+0900] {process_utils.py:191} INFO -   Preparing metadata (pyproject.toml): finished with status 'done'
[2024-08-02T17:45:54.017+0900] {process_utils.py:191} INFO - Building wheels for collected packages: extract_trg
[2024-08-02T17:45:54.021+0900] {process_utils.py:191} INFO -   Building wheel for extract_trg (pyproject.toml): started
[2024-08-02T17:45:54.284+0900] {process_utils.py:191} INFO -   Building wheel for extract_trg (pyproject.toml): finished with status 'done'
[2024-08-02T17:45:54.284+0900] {process_utils.py:191} INFO -   Created wheel for extract_trg: filename=extract_trg-0.1.0-py3-none-any.whl size=2219 sha256=597121fd1dc54ff28aee4c0cfc4344067701332a69b49491d218799fbab246c7
[2024-08-02T17:45:54.285+0900] {process_utils.py:191} INFO -   Stored in directory: /tmp/pip-ephem-wheel-cache-0c00zce7/wheels/21/97/ea/e27bc4298590f1b8a2b9c46b60aefbe2e3076cf05f6bd5e464
[2024-08-02T17:45:54.287+0900] {process_utils.py:191} INFO - Successfully built extract_trg
[2024-08-02T17:45:54.296+0900] {process_utils.py:191} INFO - Installing collected packages: extract_trg
[2024-08-02T17:45:54.317+0900] {process_utils.py:191} INFO - Successfully installed extract_trg-0.1.0
[2024-08-02T17:45:54.323+0900] {process_utils.py:191} INFO - 
[2024-08-02T17:45:54.323+0900] {process_utils.py:191} INFO - [notice] A new release of pip is available: 24.1.2 -> 24.2
[2024-08-02T17:45:54.323+0900] {process_utils.py:191} INFO - [notice] To update, run: python -m pip install --upgrade pip
[2024-08-02T17:45:54.421+0900] {process_utils.py:183} INFO - Executing cmd: /tmp/venvq701_n2l/bin/python /tmp/venv-callqh5f_qw9/script.py /tmp/venv-callqh5f_qw9/script.in /tmp/venv-callqh5f_qw9/script.out /tmp/venv-callqh5f_qw9/string_args.txt /tmp/venv-callqh5f_qw9/termination.log
[2024-08-02T17:45:54.421+0900] {process_utils.py:187} INFO - Output:
[2024-08-02T17:45:54.440+0900] {process_utils.py:191} INFO - 
[2024-08-02T17:45:54.441+0900] {process_utils.py:191} INFO - ---------------======---::::::------+--=======++++++++++===--:...::-=--==============--:.....:-=====
[2024-08-02T17:45:54.441+0900] {process_utils.py:191} INFO - ----::---------------------===--::--+-----=============++++++===---:....--===============--:...:-===
[2024-08-02T17:45:54.441+0900] {process_utils.py:191} INFO - ----------------------------------=++----------------------=+===========-::.:-======================
[2024-08-02T17:45:54.441+0900] {process_utils.py:191} INFO - =----------------------------------==-----------------------=-----==============================+=--
[2024-08-02T17:45:54.442+0900] {process_utils.py:191} INFO - %%####=----------------------------==----------------------=-::::-----======+*%#++================::
[2024-08-02T17:45:54.442+0900] {process_utils.py:191} INFO - %%%%%#=----------------------------=-:---------------------=--==--------=====*#*=================-::
[2024-08-02T17:45:54.442+0900] {process_utils.py:191} INFO - @@%%%*-----------------+***++=-----=-::-------------------:+---------=====+++====================-::
[2024-08-02T17:45:54.442+0900] {process_utils.py:191} INFO - @@%%%*---------------#%%%%##%%#=---=-+##*#+----------------=------------=====+====-=--===========-::
[2024-08-02T17:45:54.442+0900] {process_utils.py:191} INFO - @@@%%+--=+*%%%+-----+%@@%#++%%%#=--=*%+===#+::----------::=-----------=+*##*++=-----------=======-::
[2024-08-02T17:45:54.443+0900] {process_utils.py:191} INFO - +++++=-+#+***#*=-----#*++**+#@@@*--+#+**+***-:=-:---=*+-::=-----==+++*######%%%#=-------------==-:::
[2024-08-02T17:45:54.443+0900] {process_utils.py:191} INFO - *******-:::-*=-------+===+=-=+#%%:-=++++=+==-:=-:::=%%#-::###=-*#%%%%%%%%%%%%%%%%+---------------:::
[2024-08-02T17:45:54.443+0900] {process_utils.py:191} INFO - =====+=:--::+---+--+**++++*+++#%*-=--**++++-:=++=::+#*-::=%%%#*#%%%%%%%%@@%%%%@@%%#====------+#%%=-*
[2024-08-02T17:45:54.443+0900] {process_utils.py:191} INFO - =-==++---=+==*#%%%%%%=*++++++++==-=-*##*+=##**++=--++-:--*=-=*#%%%@%###*###*+++*%%%*=============-#%
[2024-08-02T17:45:54.443+0900] {process_utils.py:191} INFO - +-=------=*%%%%@%@@@@***=+*#+*##*#%%@@**++%@%%%%*+=--=-=+-:--:#%@@%#*****###*+---+*++#**===---=++*%@
[2024-08-02T17:45:54.444+0900] {process_utils.py:191} INFO - --==-::-*%%%@@@@@@@%#*=-+++%@%##%%@@@@@%#%@@@%%@%%%*=--=#%####-%@%%####++++++=---==++*####*+++*%@%@@
[2024-08-02T17:45:54.444+0900] {process_utils.py:191} INFO - -=*+=-=#@@@@@@@@@#*+++++*@@@@@@@@@@@@@@@@@@@@@@@@@@@#+==-+*+#=:-+#%##**==++**+++=====+*###*+**#@%##%
[2024-08-02T17:45:54.444+0900] {process_utils.py:191} INFO - -=++-+%%@%@@@@%+=-++***#@@@@@@@@@@@@%:+@@*%+=%@@@@@@%%#%%#*=+--:-=#++**%#*+=+++++===+**####=*%%%%%%%
[2024-08-02T17:45:54.444+0900] {process_utils.py:191} INFO - -=++#%%####+-:---=*%%@@%#######**++++=+++++++++%%=+%@@%##*+==-=++=+*****##*===+++++==*#####*+#%%##%%
[2024-08-02T17:45:54.444+0900] {process_utils.py:191} INFO - -=*+=---==+=-::::-*@@@%+=======++++++++++++++*#%#**%%%*==-+*=--+==*****#**+=====+++++=***+++=+==::::
[2024-08-02T17:45:54.444+0900] {process_utils.py:191} INFO - =#*=++++++*###**==*@@@%=======++++++++*@@@@@@@@%%#####-:=+----==******##****+++++***==-=+=:::.::::::
[2024-08-02T17:45:54.445+0900] {process_utils.py:191} INFO - #%*+*++++**##*###*+#@@#=========++++==*%%%%%%%%######*=-----==+*********##########*+====::::::::::::
[2024-08-02T17:45:54.445+0900] {process_utils.py:191} INFO - ++++*#%%@%*##*##***%@@*===============+%##%%######%%%%*==-===+*********+=+*#######*++++-:::--::-----
[2024-08-02T17:45:54.445+0900] {process_utils.py:191} INFO - ===+*#%@@%*##**#**+=--================+%%#%%###%#%%%%%#======*#######*-:-++*####*****++:------------
[2024-08-02T17:45:54.445+0900] {process_utils.py:191} INFO - =+=------=##**##**+=--================+%%#%%###%%#%%%%%+=====+###**++==----:-*####****=------==-====
[2024-08-02T17:45:54.445+0900] {process_utils.py:191} INFO - 
[2024-08-02T17:45:54.468+0900] {python.py:237} INFO - Done. Returned value was: None
[2024-08-02T17:45:54.468+0900] {taskinstance.py:441} INFO - ::group::Post task execution logs
[2024-08-02T17:45:54.472+0900] {taskinstance.py:1206} INFO - Marking task as SUCCESS. dag_id=movie, task_id=extract, run_id=scheduled__2017-01-05T05:25:00+00:00, execution_date=20170105T052500, start_date=20240802T084548, end_date=20240802T084554
[2024-08-02T17:45:54.525+0900] {local_task_job_runner.py:243} INFO - Task exited with return code 0
[2024-08-02T17:45:54.574+0900] {taskinstance.py:3503} INFO - 1 downstream tasks scheduled from follow-on schedule check
[2024-08-02T17:45:54.584+0900] {local_task_job_runner.py:222} INFO - ::endgroup::
