[2024-08-02T17:15:02.760+0900] {local_task_job_runner.py:120} INFO - ::group::Pre task execution logs
[2024-08-02T17:15:02.786+0900] {taskinstance.py:2076} INFO - Dependencies all met for dep_context=non-requeueable deps ti=<TaskInstance: movie.get.data scheduled__2017-01-03T05:20:00+00:00 [queued]>
[2024-08-02T17:15:02.793+0900] {taskinstance.py:2076} INFO - Dependencies all met for dep_context=requeueable deps ti=<TaskInstance: movie.get.data scheduled__2017-01-03T05:20:00+00:00 [queued]>
[2024-08-02T17:15:02.794+0900] {taskinstance.py:2306} INFO - Starting attempt 1 of 3
[2024-08-02T17:15:02.810+0900] {taskinstance.py:2330} INFO - Executing <Task(PythonVirtualenvOperator): get.data> on 2017-01-03 05:20:00+00:00
[2024-08-02T17:15:02.813+0900] {standard_task_runner.py:64} INFO - Started process 158978 to run task
[2024-08-02T17:15:02.816+0900] {standard_task_runner.py:90} INFO - Running: ['airflow', 'tasks', 'run', 'movie', 'get.data', 'scheduled__2017-01-03T05:20:00+00:00', '--job-id', '151', '--raw', '--subdir', 'DAGS_FOLDER/movie.py', '--cfg-path', '/tmp/tmpe289wzzl']
[2024-08-02T17:15:02.818+0900] {standard_task_runner.py:91} INFO - Job 151: Subtask get.data
[2024-08-02T17:15:02.858+0900] {task_command.py:426} INFO - Running <TaskInstance: movie.get.data scheduled__2017-01-03T05:20:00+00:00 [running]> on host playdata.
[2024-08-02T17:15:02.928+0900] {taskinstance.py:2648} INFO - Exporting env vars: AIRFLOW_CTX_DAG_OWNER='airflow' AIRFLOW_CTX_DAG_ID='movie' AIRFLOW_CTX_TASK_ID='get.data' AIRFLOW_CTX_EXECUTION_DATE='2017-01-03T05:20:00+00:00' AIRFLOW_CTX_TRY_NUMBER='1' AIRFLOW_CTX_DAG_RUN_ID='scheduled__2017-01-03T05:20:00+00:00'
[2024-08-02T17:15:02.929+0900] {taskinstance.py:430} INFO - ::endgroup::
[2024-08-02T17:15:02.938+0900] {baseoperator.py:400} WARNING - PythonVirtualenvOperator.execute cannot be called outside TaskInstance!
[2024-08-02T17:15:02.939+0900] {process_utils.py:183} INFO - Executing cmd: /home/oddsummer/.pyenv/versions/3.11.9/envs/air/bin/python -m virtualenv /tmp/venvag_6dzp_ --python=python
[2024-08-02T17:15:02.940+0900] {process_utils.py:187} INFO - Output:
[2024-08-02T17:15:03.275+0900] {process_utils.py:191} INFO - created virtual environment CPython3.11.9.final.0-64 in 220ms
[2024-08-02T17:15:03.275+0900] {process_utils.py:191} INFO -   creator CPython3Posix(dest=/tmp/venvag_6dzp_, clear=False, no_vcs_ignore=False, global=False)
[2024-08-02T17:15:03.275+0900] {process_utils.py:191} INFO -   seeder FromAppData(download=False, pip=bundle, setuptools=bundle, wheel=bundle, via=copy, app_data_dir=/home/oddsummer/.local/share/virtualenv)
[2024-08-02T17:15:03.276+0900] {process_utils.py:191} INFO -     added seed packages: pip==24.1.2, setuptools==70.2.0, wheel==0.43.0
[2024-08-02T17:15:03.276+0900] {process_utils.py:191} INFO -   activators BashActivator,CShellActivator,FishActivator,NushellActivator,PowerShellActivator,PythonActivator
[2024-08-02T17:15:03.300+0900] {process_utils.py:183} INFO - Executing cmd: /tmp/venvag_6dzp_/bin/pip install -r /tmp/venvag_6dzp_/requirements.txt
[2024-08-02T17:15:03.301+0900] {process_utils.py:187} INFO - Output:
[2024-08-02T17:15:04.255+0900] {process_utils.py:191} INFO - Collecting git+https://github.com/7-TRG/extract_trg.git@main (from -r /tmp/venvag_6dzp_/requirements.txt (line 1))
[2024-08-02T17:15:04.256+0900] {process_utils.py:191} INFO -   Cloning https://github.com/7-TRG/extract_trg.git (to revision main) to /tmp/pip-req-build-65c7m3tu
[2024-08-02T17:15:04.258+0900] {process_utils.py:191} INFO -   Running command git clone --filter=blob:none --quiet https://github.com/7-TRG/extract_trg.git /tmp/pip-req-build-65c7m3tu
[2024-08-02T17:15:06.195+0900] {process_utils.py:191} INFO -   Resolved https://github.com/7-TRG/extract_trg.git to commit 0712b3f1bbaeeeea58bf80749079a62c7e1bec3d
[2024-08-02T17:15:06.200+0900] {process_utils.py:191} INFO -   Installing build dependencies: started
[2024-08-02T17:15:08.266+0900] {process_utils.py:191} INFO -   Installing build dependencies: finished with status 'done'
[2024-08-02T17:15:08.267+0900] {process_utils.py:191} INFO -   Getting requirements to build wheel: started
[2024-08-02T17:15:08.507+0900] {process_utils.py:191} INFO -   Getting requirements to build wheel: finished with status 'done'
[2024-08-02T17:15:08.508+0900] {process_utils.py:191} INFO -   Preparing metadata (pyproject.toml): started
[2024-08-02T17:15:08.763+0900] {process_utils.py:191} INFO -   Preparing metadata (pyproject.toml): finished with status 'done'
[2024-08-02T17:15:08.766+0900] {process_utils.py:191} INFO - Building wheels for collected packages: extract_trg
[2024-08-02T17:15:08.770+0900] {process_utils.py:191} INFO -   Building wheel for extract_trg (pyproject.toml): started
[2024-08-02T17:15:09.033+0900] {process_utils.py:191} INFO -   Building wheel for extract_trg (pyproject.toml): finished with status 'done'
[2024-08-02T17:15:09.034+0900] {process_utils.py:191} INFO -   Created wheel for extract_trg: filename=extract_trg-0.1.0-py3-none-any.whl size=2219 sha256=508ac2d2696a1e79f9f9ed14f4f8e8ee490e9b35b0b2491b11f391eb244097f9
[2024-08-02T17:15:09.034+0900] {process_utils.py:191} INFO -   Stored in directory: /tmp/pip-ephem-wheel-cache-vrmx1qno/wheels/21/97/ea/e27bc4298590f1b8a2b9c46b60aefbe2e3076cf05f6bd5e464
[2024-08-02T17:15:09.037+0900] {process_utils.py:191} INFO - Successfully built extract_trg
[2024-08-02T17:15:09.047+0900] {process_utils.py:191} INFO - Installing collected packages: extract_trg
[2024-08-02T17:15:09.065+0900] {process_utils.py:191} INFO - Successfully installed extract_trg-0.1.0
[2024-08-02T17:15:09.071+0900] {process_utils.py:191} INFO - 
[2024-08-02T17:15:09.071+0900] {process_utils.py:191} INFO - [notice] A new release of pip is available: 24.1.2 -> 24.2
[2024-08-02T17:15:09.071+0900] {process_utils.py:191} INFO - [notice] To update, run: python -m pip install --upgrade pip
[2024-08-02T17:15:09.168+0900] {process_utils.py:183} INFO - Executing cmd: /tmp/venvag_6dzp_/bin/python /tmp/venv-call48tomruw/script.py /tmp/venv-call48tomruw/script.in /tmp/venv-call48tomruw/script.out /tmp/venv-call48tomruw/string_args.txt /tmp/venv-call48tomruw/termination.log
[2024-08-02T17:15:09.168+0900] {process_utils.py:187} INFO - Output:
[2024-08-02T17:15:09.192+0900] {process_utils.py:191} INFO - 
[2024-08-02T17:15:09.192+0900] {process_utils.py:191} INFO - ---------------======---::::::------+--=======++++++++++===--:...::-=--==============--:.....:-=====
[2024-08-02T17:15:09.193+0900] {process_utils.py:191} INFO - ----::---------------------===--::--+-----=============++++++===---:....--===============--:...:-===
[2024-08-02T17:15:09.193+0900] {process_utils.py:191} INFO - ----------------------------------=++----------------------=+===========-::.:-======================
[2024-08-02T17:15:09.193+0900] {process_utils.py:191} INFO - =----------------------------------==-----------------------=-----==============================+=--
[2024-08-02T17:15:09.193+0900] {process_utils.py:191} INFO - %%####=----------------------------==----------------------=-::::-----======+*%#++================::
[2024-08-02T17:15:09.194+0900] {process_utils.py:191} INFO - %%%%%#=----------------------------=-:---------------------=--==--------=====*#*=================-::
[2024-08-02T17:15:09.194+0900] {process_utils.py:191} INFO - @@%%%*-----------------+***++=-----=-::-------------------:+---------=====+++====================-::
[2024-08-02T17:15:09.194+0900] {process_utils.py:191} INFO - @@%%%*---------------#%%%%##%%#=---=-+##*#+----------------=------------=====+====-=--===========-::
[2024-08-02T17:15:09.194+0900] {process_utils.py:191} INFO - @@@%%+--=+*%%%+-----+%@@%#++%%%#=--=*%+===#+::----------::=-----------=+*##*++=-----------=======-::
[2024-08-02T17:15:09.194+0900] {process_utils.py:191} INFO - +++++=-+#+***#*=-----#*++**+#@@@*--+#+**+***-:=-:---=*+-::=-----==+++*######%%%#=-------------==-:::
[2024-08-02T17:15:09.195+0900] {process_utils.py:191} INFO - *******-:::-*=-------+===+=-=+#%%:-=++++=+==-:=-:::=%%#-::###=-*#%%%%%%%%%%%%%%%%+---------------:::
[2024-08-02T17:15:09.195+0900] {process_utils.py:191} INFO - =====+=:--::+---+--+**++++*+++#%*-=--**++++-:=++=::+#*-::=%%%#*#%%%%%%%%@@%%%%@@%%#====------+#%%=-*
[2024-08-02T17:15:09.195+0900] {process_utils.py:191} INFO - =-==++---=+==*#%%%%%%=*++++++++==-=-*##*+=##**++=--++-:--*=-=*#%%%@%###*###*+++*%%%*=============-#%
[2024-08-02T17:15:09.195+0900] {process_utils.py:191} INFO - +-=------=*%%%%@%@@@@***=+*#+*##*#%%@@**++%@%%%%*+=--=-=+-:--:#%@@%#*****###*+---+*++#**===---=++*%@
[2024-08-02T17:15:09.195+0900] {process_utils.py:191} INFO - --==-::-*%%%@@@@@@@%#*=-+++%@%##%%@@@@@%#%@@@%%@%%%*=--=#%####-%@%%####++++++=---==++*####*+++*%@%@@
[2024-08-02T17:15:09.195+0900] {process_utils.py:191} INFO - -=*+=-=#@@@@@@@@@#*+++++*@@@@@@@@@@@@@@@@@@@@@@@@@@@#+==-+*+#=:-+#%##**==++**+++=====+*###*+**#@%##%
[2024-08-02T17:15:09.196+0900] {process_utils.py:191} INFO - -=++-+%%@%@@@@%+=-++***#@@@@@@@@@@@@%:+@@*%+=%@@@@@@%%#%%#*=+--:-=#++**%#*+=+++++===+**####=*%%%%%%%
[2024-08-02T17:15:09.196+0900] {process_utils.py:191} INFO - -=++#%%####+-:---=*%%@@%#######**++++=+++++++++%%=+%@@%##*+==-=++=+*****##*===+++++==*#####*+#%%##%%
[2024-08-02T17:15:09.196+0900] {process_utils.py:191} INFO - -=*+=---==+=-::::-*@@@%+=======++++++++++++++*#%#**%%%*==-+*=--+==*****#**+=====+++++=***+++=+==::::
[2024-08-02T17:15:09.196+0900] {process_utils.py:191} INFO - =#*=++++++*###**==*@@@%=======++++++++*@@@@@@@@%%#####-:=+----==******##****+++++***==-=+=:::.::::::
[2024-08-02T17:15:09.197+0900] {process_utils.py:191} INFO - #%*+*++++**##*###*+#@@#=========++++==*%%%%%%%%######*=-----==+*********##########*+====::::::::::::
[2024-08-02T17:15:09.197+0900] {process_utils.py:191} INFO - ++++*#%%@%*##*##***%@@*===============+%##%%######%%%%*==-===+*********+=+*#######*++++-:::--::-----
[2024-08-02T17:15:09.197+0900] {process_utils.py:191} INFO - ===+*#%@@%*##**#**+=--================+%%#%%###%#%%%%%#======*#######*-:-++*####*****++:------------
[2024-08-02T17:15:09.197+0900] {process_utils.py:191} INFO - =+=------=##**##**+=--================+%%#%%###%%#%%%%%+=====+###**++==----:-*####****=------==-====
[2024-08-02T17:15:09.197+0900] {process_utils.py:191} INFO - 
[2024-08-02T17:15:09.219+0900] {python.py:237} INFO - Done. Returned value was: None
[2024-08-02T17:15:09.219+0900] {taskinstance.py:441} INFO - ::group::Post task execution logs
[2024-08-02T17:15:09.223+0900] {taskinstance.py:1206} INFO - Marking task as SUCCESS. dag_id=movie, task_id=get.data, run_id=scheduled__2017-01-03T05:20:00+00:00, execution_date=20170103T052000, start_date=20240802T081502, end_date=20240802T081509
[2024-08-02T17:15:09.279+0900] {local_task_job_runner.py:243} INFO - Task exited with return code 0
[2024-08-02T17:15:09.298+0900] {taskinstance.py:3503} INFO - 0 downstream tasks scheduled from follow-on schedule check
[2024-08-02T17:15:09.299+0900] {local_task_job_runner.py:222} INFO - ::endgroup::
