[2024-08-02T17:07:00.970+0900] {local_task_job_runner.py:120} INFO - ::group::Pre task execution logs
[2024-08-02T17:07:00.991+0900] {taskinstance.py:2076} INFO - Dependencies all met for dep_context=non-requeueable deps ti=<TaskInstance: movie.get.data scheduled__2017-01-02T05:39:00+00:00 [queued]>
[2024-08-02T17:07:00.999+0900] {taskinstance.py:2076} INFO - Dependencies all met for dep_context=requeueable deps ti=<TaskInstance: movie.get.data scheduled__2017-01-02T05:39:00+00:00 [queued]>
[2024-08-02T17:07:01.000+0900] {taskinstance.py:2306} INFO - Starting attempt 1 of 3
[2024-08-02T17:07:01.020+0900] {taskinstance.py:2330} INFO - Executing <Task(PythonVirtualenvOperator): get.data> on 2017-01-02 05:39:00+00:00
[2024-08-02T17:07:01.022+0900] {standard_task_runner.py:64} INFO - Started process 154146 to run task
[2024-08-02T17:07:01.026+0900] {standard_task_runner.py:90} INFO - Running: ['airflow', 'tasks', 'run', 'movie', 'get.data', 'scheduled__2017-01-02T05:39:00+00:00', '--job-id', '110', '--raw', '--subdir', 'DAGS_FOLDER/movie.py', '--cfg-path', '/tmp/tmpo1bajwlh']
[2024-08-02T17:07:01.028+0900] {standard_task_runner.py:91} INFO - Job 110: Subtask get.data
[2024-08-02T17:07:01.063+0900] {task_command.py:426} INFO - Running <TaskInstance: movie.get.data scheduled__2017-01-02T05:39:00+00:00 [running]> on host playdata.
[2024-08-02T17:07:01.135+0900] {taskinstance.py:2648} INFO - Exporting env vars: AIRFLOW_CTX_DAG_OWNER='airflow' AIRFLOW_CTX_DAG_ID='movie' AIRFLOW_CTX_TASK_ID='get.data' AIRFLOW_CTX_EXECUTION_DATE='2017-01-02T05:39:00+00:00' AIRFLOW_CTX_TRY_NUMBER='1' AIRFLOW_CTX_DAG_RUN_ID='scheduled__2017-01-02T05:39:00+00:00'
[2024-08-02T17:07:01.135+0900] {taskinstance.py:430} INFO - ::endgroup::
[2024-08-02T17:07:01.146+0900] {baseoperator.py:400} WARNING - PythonVirtualenvOperator.execute cannot be called outside TaskInstance!
[2024-08-02T17:07:01.147+0900] {process_utils.py:183} INFO - Executing cmd: /home/oddsummer/.pyenv/versions/3.11.9/envs/air/bin/python -m virtualenv /tmp/venvircibnxm --python=python
[2024-08-02T17:07:01.148+0900] {process_utils.py:187} INFO - Output:
[2024-08-02T17:07:01.480+0900] {process_utils.py:191} INFO - created virtual environment CPython3.11.9.final.0-64 in 221ms
[2024-08-02T17:07:01.481+0900] {process_utils.py:191} INFO -   creator CPython3Posix(dest=/tmp/venvircibnxm, clear=False, no_vcs_ignore=False, global=False)
[2024-08-02T17:07:01.481+0900] {process_utils.py:191} INFO -   seeder FromAppData(download=False, pip=bundle, setuptools=bundle, wheel=bundle, via=copy, app_data_dir=/home/oddsummer/.local/share/virtualenv)
[2024-08-02T17:07:01.481+0900] {process_utils.py:191} INFO -     added seed packages: pip==24.1.2, setuptools==70.2.0, wheel==0.43.0
[2024-08-02T17:07:01.481+0900] {process_utils.py:191} INFO -   activators BashActivator,CShellActivator,FishActivator,NushellActivator,PowerShellActivator,PythonActivator
[2024-08-02T17:07:01.504+0900] {process_utils.py:183} INFO - Executing cmd: /tmp/venvircibnxm/bin/pip install -r /tmp/venvircibnxm/requirements.txt
[2024-08-02T17:07:01.505+0900] {process_utils.py:187} INFO - Output:
[2024-08-02T17:07:02.434+0900] {process_utils.py:191} INFO - Collecting git+https://github.com/7-TRG/extract_trg.git@main (from -r /tmp/venvircibnxm/requirements.txt (line 1))
[2024-08-02T17:07:02.435+0900] {process_utils.py:191} INFO -   Cloning https://github.com/7-TRG/extract_trg.git (to revision main) to /tmp/pip-req-build-87pr5j4f
[2024-08-02T17:07:02.437+0900] {process_utils.py:191} INFO -   Running command git clone --filter=blob:none --quiet https://github.com/7-TRG/extract_trg.git /tmp/pip-req-build-87pr5j4f
[2024-08-02T17:07:04.172+0900] {process_utils.py:191} INFO -   Resolved https://github.com/7-TRG/extract_trg.git to commit 0712b3f1bbaeeeea58bf80749079a62c7e1bec3d
[2024-08-02T17:07:04.177+0900] {process_utils.py:191} INFO -   Installing build dependencies: started
[2024-08-02T17:07:05.982+0900] {process_utils.py:191} INFO -   Installing build dependencies: finished with status 'done'
[2024-08-02T17:07:05.983+0900] {process_utils.py:191} INFO -   Getting requirements to build wheel: started
[2024-08-02T17:07:06.211+0900] {process_utils.py:191} INFO -   Getting requirements to build wheel: finished with status 'done'
[2024-08-02T17:07:06.213+0900] {process_utils.py:191} INFO -   Preparing metadata (pyproject.toml): started
[2024-08-02T17:07:06.462+0900] {process_utils.py:191} INFO -   Preparing metadata (pyproject.toml): finished with status 'done'
[2024-08-02T17:07:06.465+0900] {process_utils.py:191} INFO - Building wheels for collected packages: extract_trg
[2024-08-02T17:07:06.469+0900] {process_utils.py:191} INFO -   Building wheel for extract_trg (pyproject.toml): started
[2024-08-02T17:07:06.741+0900] {process_utils.py:191} INFO -   Building wheel for extract_trg (pyproject.toml): finished with status 'done'
[2024-08-02T17:07:06.742+0900] {process_utils.py:191} INFO -   Created wheel for extract_trg: filename=extract_trg-0.1.0-py3-none-any.whl size=2219 sha256=bf3d97baf9737e328054925137290c2aec0a6eaa18994519415f8de6428ada2f
[2024-08-02T17:07:06.742+0900] {process_utils.py:191} INFO -   Stored in directory: /tmp/pip-ephem-wheel-cache-cx1whnrj/wheels/21/97/ea/e27bc4298590f1b8a2b9c46b60aefbe2e3076cf05f6bd5e464
[2024-08-02T17:07:06.744+0900] {process_utils.py:191} INFO - Successfully built extract_trg
[2024-08-02T17:07:06.753+0900] {process_utils.py:191} INFO - Installing collected packages: extract_trg
[2024-08-02T17:07:06.787+0900] {process_utils.py:191} INFO - Successfully installed extract_trg-0.1.0
[2024-08-02T17:07:06.792+0900] {process_utils.py:191} INFO - 
[2024-08-02T17:07:06.793+0900] {process_utils.py:191} INFO - [notice] A new release of pip is available: 24.1.2 -> 24.2
[2024-08-02T17:07:06.793+0900] {process_utils.py:191} INFO - [notice] To update, run: python -m pip install --upgrade pip
[2024-08-02T17:07:06.897+0900] {process_utils.py:183} INFO - Executing cmd: /tmp/venvircibnxm/bin/python /tmp/venv-calllgz7081e/script.py /tmp/venv-calllgz7081e/script.in /tmp/venv-calllgz7081e/script.out /tmp/venv-calllgz7081e/string_args.txt /tmp/venv-calllgz7081e/termination.log
[2024-08-02T17:07:06.898+0900] {process_utils.py:187} INFO - Output:
[2024-08-02T17:07:06.917+0900] {process_utils.py:191} INFO - 
[2024-08-02T17:07:06.917+0900] {process_utils.py:191} INFO - ---------------======---::::::------+--=======++++++++++===--:...::-=--==============--:.....:-=====
[2024-08-02T17:07:06.917+0900] {process_utils.py:191} INFO - ----::---------------------===--::--+-----=============++++++===---:....--===============--:...:-===
[2024-08-02T17:07:06.918+0900] {process_utils.py:191} INFO - ----------------------------------=++----------------------=+===========-::.:-======================
[2024-08-02T17:07:06.918+0900] {process_utils.py:191} INFO - =----------------------------------==-----------------------=-----==============================+=--
[2024-08-02T17:07:06.918+0900] {process_utils.py:191} INFO - %%####=----------------------------==----------------------=-::::-----======+*%#++================::
[2024-08-02T17:07:06.918+0900] {process_utils.py:191} INFO - %%%%%#=----------------------------=-:---------------------=--==--------=====*#*=================-::
[2024-08-02T17:07:06.918+0900] {process_utils.py:191} INFO - @@%%%*-----------------+***++=-----=-::-------------------:+---------=====+++====================-::
[2024-08-02T17:07:06.918+0900] {process_utils.py:191} INFO - @@%%%*---------------#%%%%##%%#=---=-+##*#+----------------=------------=====+====-=--===========-::
[2024-08-02T17:07:06.918+0900] {process_utils.py:191} INFO - @@@%%+--=+*%%%+-----+%@@%#++%%%#=--=*%+===#+::----------::=-----------=+*##*++=-----------=======-::
[2024-08-02T17:07:06.919+0900] {process_utils.py:191} INFO - +++++=-+#+***#*=-----#*++**+#@@@*--+#+**+***-:=-:---=*+-::=-----==+++*######%%%#=-------------==-:::
[2024-08-02T17:07:06.919+0900] {process_utils.py:191} INFO - *******-:::-*=-------+===+=-=+#%%:-=++++=+==-:=-:::=%%#-::###=-*#%%%%%%%%%%%%%%%%+---------------:::
[2024-08-02T17:07:06.919+0900] {process_utils.py:191} INFO - =====+=:--::+---+--+**++++*+++#%*-=--**++++-:=++=::+#*-::=%%%#*#%%%%%%%%@@%%%%@@%%#====------+#%%=-*
[2024-08-02T17:07:06.919+0900] {process_utils.py:191} INFO - =-==++---=+==*#%%%%%%=*++++++++==-=-*##*+=##**++=--++-:--*=-=*#%%%@%###*###*+++*%%%*=============-#%
[2024-08-02T17:07:06.919+0900] {process_utils.py:191} INFO - +-=------=*%%%%@%@@@@***=+*#+*##*#%%@@**++%@%%%%*+=--=-=+-:--:#%@@%#*****###*+---+*++#**===---=++*%@
[2024-08-02T17:07:06.919+0900] {process_utils.py:191} INFO - --==-::-*%%%@@@@@@@%#*=-+++%@%##%%@@@@@%#%@@@%%@%%%*=--=#%####-%@%%####++++++=---==++*####*+++*%@%@@
[2024-08-02T17:07:06.919+0900] {process_utils.py:191} INFO - -=*+=-=#@@@@@@@@@#*+++++*@@@@@@@@@@@@@@@@@@@@@@@@@@@#+==-+*+#=:-+#%##**==++**+++=====+*###*+**#@%##%
[2024-08-02T17:07:06.920+0900] {process_utils.py:191} INFO - -=++-+%%@%@@@@%+=-++***#@@@@@@@@@@@@%:+@@*%+=%@@@@@@%%#%%#*=+--:-=#++**%#*+=+++++===+**####=*%%%%%%%
[2024-08-02T17:07:06.920+0900] {process_utils.py:191} INFO - -=++#%%####+-:---=*%%@@%#######**++++=+++++++++%%=+%@@%##*+==-=++=+*****##*===+++++==*#####*+#%%##%%
[2024-08-02T17:07:06.920+0900] {process_utils.py:191} INFO - -=*+=---==+=-::::-*@@@%+=======++++++++++++++*#%#**%%%*==-+*=--+==*****#**+=====+++++=***+++=+==::::
[2024-08-02T17:07:06.920+0900] {process_utils.py:191} INFO - =#*=++++++*###**==*@@@%=======++++++++*@@@@@@@@%%#####-:=+----==******##****+++++***==-=+=:::.::::::
[2024-08-02T17:07:06.920+0900] {process_utils.py:191} INFO - #%*+*++++**##*###*+#@@#=========++++==*%%%%%%%%######*=-----==+*********##########*+====::::::::::::
[2024-08-02T17:07:06.920+0900] {process_utils.py:191} INFO - ++++*#%%@%*##*##***%@@*===============+%##%%######%%%%*==-===+*********+=+*#######*++++-:::--::-----
[2024-08-02T17:07:06.920+0900] {process_utils.py:191} INFO - ===+*#%@@%*##**#**+=--================+%%#%%###%#%%%%%#======*#######*-:-++*####*****++:------------
[2024-08-02T17:07:06.921+0900] {process_utils.py:191} INFO - =+=------=##**##**+=--================+%%#%%###%%#%%%%%+=====+###**++==----:-*####****=------==-====
[2024-08-02T17:07:06.921+0900] {process_utils.py:191} INFO - 
[2024-08-02T17:07:06.942+0900] {python.py:237} INFO - Done. Returned value was: None
[2024-08-02T17:07:06.942+0900] {taskinstance.py:441} INFO - ::group::Post task execution logs
[2024-08-02T17:07:06.946+0900] {taskinstance.py:1206} INFO - Marking task as SUCCESS. dag_id=movie, task_id=get.data, run_id=scheduled__2017-01-02T05:39:00+00:00, execution_date=20170102T053900, start_date=20240802T080700, end_date=20240802T080706
[2024-08-02T17:07:07.004+0900] {local_task_job_runner.py:243} INFO - Task exited with return code 0
[2024-08-02T17:07:07.025+0900] {taskinstance.py:3503} INFO - 0 downstream tasks scheduled from follow-on schedule check
[2024-08-02T17:07:07.026+0900] {local_task_job_runner.py:222} INFO - ::endgroup::
