[2024-08-02T16:51:02.377+0900] {local_task_job_runner.py:120} INFO - ::group::Pre task execution logs
[2024-08-02T16:51:02.415+0900] {taskinstance.py:2076} INFO - Dependencies all met for dep_context=non-requeueable deps ti=<TaskInstance: movie.get.data scheduled__2017-01-01T05:15:00+00:00 [queued]>
[2024-08-02T16:51:02.427+0900] {taskinstance.py:2076} INFO - Dependencies all met for dep_context=requeueable deps ti=<TaskInstance: movie.get.data scheduled__2017-01-01T05:15:00+00:00 [queued]>
[2024-08-02T16:51:02.428+0900] {taskinstance.py:2306} INFO - Starting attempt 1 of 3
[2024-08-02T16:51:02.454+0900] {taskinstance.py:2330} INFO - Executing <Task(PythonVirtualenvOperator): get.data> on 2017-01-01 05:15:00+00:00
[2024-08-02T16:51:02.459+0900] {standard_task_runner.py:64} INFO - Started process 145463 to run task
[2024-08-02T16:51:02.464+0900] {standard_task_runner.py:90} INFO - Running: ['airflow', 'tasks', 'run', 'movie', 'get.data', 'scheduled__2017-01-01T05:15:00+00:00', '--job-id', '26', '--raw', '--subdir', 'DAGS_FOLDER/movie.py', '--cfg-path', '/tmp/tmpkay2q6lf']
[2024-08-02T16:51:02.466+0900] {standard_task_runner.py:91} INFO - Job 26: Subtask get.data
[2024-08-02T16:51:02.511+0900] {task_command.py:426} INFO - Running <TaskInstance: movie.get.data scheduled__2017-01-01T05:15:00+00:00 [running]> on host playdata.
[2024-08-02T16:51:02.573+0900] {taskinstance.py:2648} INFO - Exporting env vars: AIRFLOW_CTX_DAG_OWNER='airflow' AIRFLOW_CTX_DAG_ID='movie' AIRFLOW_CTX_TASK_ID='get.data' AIRFLOW_CTX_EXECUTION_DATE='2017-01-01T05:15:00+00:00' AIRFLOW_CTX_TRY_NUMBER='1' AIRFLOW_CTX_DAG_RUN_ID='scheduled__2017-01-01T05:15:00+00:00'
[2024-08-02T16:51:02.574+0900] {taskinstance.py:430} INFO - ::endgroup::
[2024-08-02T16:51:02.584+0900] {baseoperator.py:400} WARNING - PythonVirtualenvOperator.execute cannot be called outside TaskInstance!
[2024-08-02T16:51:02.585+0900] {process_utils.py:183} INFO - Executing cmd: /home/oddsummer/.pyenv/versions/3.11.9/envs/air/bin/python -m virtualenv /tmp/venvcf8hnjmv --python=python
[2024-08-02T16:51:02.586+0900] {process_utils.py:187} INFO - Output:
[2024-08-02T16:51:03.052+0900] {process_utils.py:191} INFO - created virtual environment CPython3.11.9.final.0-64 in 337ms
[2024-08-02T16:51:03.052+0900] {process_utils.py:191} INFO -   creator CPython3Posix(dest=/tmp/venvcf8hnjmv, clear=False, no_vcs_ignore=False, global=False)
[2024-08-02T16:51:03.052+0900] {process_utils.py:191} INFO -   seeder FromAppData(download=False, pip=bundle, setuptools=bundle, wheel=bundle, via=copy, app_data_dir=/home/oddsummer/.local/share/virtualenv)
[2024-08-02T16:51:03.053+0900] {process_utils.py:191} INFO -     added seed packages: pip==24.1.2, setuptools==70.2.0, wheel==0.43.0
[2024-08-02T16:51:03.053+0900] {process_utils.py:191} INFO -   activators BashActivator,CShellActivator,FishActivator,NushellActivator,PowerShellActivator,PythonActivator
[2024-08-02T16:51:03.078+0900] {process_utils.py:183} INFO - Executing cmd: /tmp/venvcf8hnjmv/bin/pip install -r /tmp/venvcf8hnjmv/requirements.txt
[2024-08-02T16:51:03.079+0900] {process_utils.py:187} INFO - Output:
[2024-08-02T16:51:04.069+0900] {process_utils.py:191} INFO - Collecting git+https://github.com/7-TRG/extract_trg.git@main (from -r /tmp/venvcf8hnjmv/requirements.txt (line 1))
[2024-08-02T16:51:04.070+0900] {process_utils.py:191} INFO -   Cloning https://github.com/7-TRG/extract_trg.git (to revision main) to /tmp/pip-req-build-20bx055r
[2024-08-02T16:51:04.073+0900] {process_utils.py:191} INFO -   Running command git clone --filter=blob:none --quiet https://github.com/7-TRG/extract_trg.git /tmp/pip-req-build-20bx055r
[2024-08-02T16:51:05.679+0900] {process_utils.py:191} INFO -   Resolved https://github.com/7-TRG/extract_trg.git to commit 0712b3f1bbaeeeea58bf80749079a62c7e1bec3d
[2024-08-02T16:51:05.685+0900] {process_utils.py:191} INFO -   Installing build dependencies: started
[2024-08-02T16:51:07.605+0900] {process_utils.py:191} INFO -   Installing build dependencies: finished with status 'done'
[2024-08-02T16:51:07.606+0900] {process_utils.py:191} INFO -   Getting requirements to build wheel: started
[2024-08-02T16:51:07.847+0900] {process_utils.py:191} INFO -   Getting requirements to build wheel: finished with status 'done'
[2024-08-02T16:51:07.849+0900] {process_utils.py:191} INFO -   Preparing metadata (pyproject.toml): started
[2024-08-02T16:51:08.096+0900] {process_utils.py:191} INFO -   Preparing metadata (pyproject.toml): finished with status 'done'
[2024-08-02T16:51:08.099+0900] {process_utils.py:191} INFO - Building wheels for collected packages: extract_trg
[2024-08-02T16:51:08.103+0900] {process_utils.py:191} INFO -   Building wheel for extract_trg (pyproject.toml): started
[2024-08-02T16:51:08.354+0900] {process_utils.py:191} INFO -   Building wheel for extract_trg (pyproject.toml): finished with status 'done'
[2024-08-02T16:51:08.354+0900] {process_utils.py:191} INFO -   Created wheel for extract_trg: filename=extract_trg-0.1.0-py3-none-any.whl size=2219 sha256=3a8aa373ac0e345e28cbbb5be811ebd029f4b785b554bdd5480f6f6f62da0f92
[2024-08-02T16:51:08.355+0900] {process_utils.py:191} INFO -   Stored in directory: /tmp/pip-ephem-wheel-cache-82axe_nl/wheels/21/97/ea/e27bc4298590f1b8a2b9c46b60aefbe2e3076cf05f6bd5e464
[2024-08-02T16:51:08.357+0900] {process_utils.py:191} INFO - Successfully built extract_trg
[2024-08-02T16:51:08.367+0900] {process_utils.py:191} INFO - Installing collected packages: extract_trg
[2024-08-02T16:51:08.389+0900] {process_utils.py:191} INFO - Successfully installed extract_trg-0.1.0
[2024-08-02T16:51:08.394+0900] {process_utils.py:191} INFO - 
[2024-08-02T16:51:08.395+0900] {process_utils.py:191} INFO - [notice] A new release of pip is available: 24.1.2 -> 24.2
[2024-08-02T16:51:08.395+0900] {process_utils.py:191} INFO - [notice] To update, run: python -m pip install --upgrade pip
[2024-08-02T16:51:08.490+0900] {process_utils.py:183} INFO - Executing cmd: /tmp/venvcf8hnjmv/bin/python /tmp/venv-callghr9zfzx/script.py /tmp/venv-callghr9zfzx/script.in /tmp/venv-callghr9zfzx/script.out /tmp/venv-callghr9zfzx/string_args.txt /tmp/venv-callghr9zfzx/termination.log
[2024-08-02T16:51:08.491+0900] {process_utils.py:187} INFO - Output:
[2024-08-02T16:51:08.510+0900] {process_utils.py:191} INFO - 
[2024-08-02T16:51:08.510+0900] {process_utils.py:191} INFO - ---------------======---::::::------+--=======++++++++++===--:...::-=--==============--:.....:-=====
[2024-08-02T16:51:08.511+0900] {process_utils.py:191} INFO - ----::---------------------===--::--+-----=============++++++===---:....--===============--:...:-===
[2024-08-02T16:51:08.511+0900] {process_utils.py:191} INFO - ----------------------------------=++----------------------=+===========-::.:-======================
[2024-08-02T16:51:08.511+0900] {process_utils.py:191} INFO - =----------------------------------==-----------------------=-----==============================+=--
[2024-08-02T16:51:08.511+0900] {process_utils.py:191} INFO - %%####=----------------------------==----------------------=-::::-----======+*%#++================::
[2024-08-02T16:51:08.511+0900] {process_utils.py:191} INFO - %%%%%#=----------------------------=-:---------------------=--==--------=====*#*=================-::
[2024-08-02T16:51:08.512+0900] {process_utils.py:191} INFO - @@%%%*-----------------+***++=-----=-::-------------------:+---------=====+++====================-::
[2024-08-02T16:51:08.512+0900] {process_utils.py:191} INFO - @@%%%*---------------#%%%%##%%#=---=-+##*#+----------------=------------=====+====-=--===========-::
[2024-08-02T16:51:08.512+0900] {process_utils.py:191} INFO - @@@%%+--=+*%%%+-----+%@@%#++%%%#=--=*%+===#+::----------::=-----------=+*##*++=-----------=======-::
[2024-08-02T16:51:08.512+0900] {process_utils.py:191} INFO - +++++=-+#+***#*=-----#*++**+#@@@*--+#+**+***-:=-:---=*+-::=-----==+++*######%%%#=-------------==-:::
[2024-08-02T16:51:08.512+0900] {process_utils.py:191} INFO - *******-:::-*=-------+===+=-=+#%%:-=++++=+==-:=-:::=%%#-::###=-*#%%%%%%%%%%%%%%%%+---------------:::
[2024-08-02T16:51:08.513+0900] {process_utils.py:191} INFO - =====+=:--::+---+--+**++++*+++#%*-=--**++++-:=++=::+#*-::=%%%#*#%%%%%%%%@@%%%%@@%%#====------+#%%=-*
[2024-08-02T16:51:08.513+0900] {process_utils.py:191} INFO - =-==++---=+==*#%%%%%%=*++++++++==-=-*##*+=##**++=--++-:--*=-=*#%%%@%###*###*+++*%%%*=============-#%
[2024-08-02T16:51:08.513+0900] {process_utils.py:191} INFO - +-=------=*%%%%@%@@@@***=+*#+*##*#%%@@**++%@%%%%*+=--=-=+-:--:#%@@%#*****###*+---+*++#**===---=++*%@
[2024-08-02T16:51:08.513+0900] {process_utils.py:191} INFO - --==-::-*%%%@@@@@@@%#*=-+++%@%##%%@@@@@%#%@@@%%@%%%*=--=#%####-%@%%####++++++=---==++*####*+++*%@%@@
[2024-08-02T16:51:08.513+0900] {process_utils.py:191} INFO - -=*+=-=#@@@@@@@@@#*+++++*@@@@@@@@@@@@@@@@@@@@@@@@@@@#+==-+*+#=:-+#%##**==++**+++=====+*###*+**#@%##%
[2024-08-02T16:51:08.514+0900] {process_utils.py:191} INFO - -=++-+%%@%@@@@%+=-++***#@@@@@@@@@@@@%:+@@*%+=%@@@@@@%%#%%#*=+--:-=#++**%#*+=+++++===+**####=*%%%%%%%
[2024-08-02T16:51:08.514+0900] {process_utils.py:191} INFO - -=++#%%####+-:---=*%%@@%#######**++++=+++++++++%%=+%@@%##*+==-=++=+*****##*===+++++==*#####*+#%%##%%
[2024-08-02T16:51:08.514+0900] {process_utils.py:191} INFO - -=*+=---==+=-::::-*@@@%+=======++++++++++++++*#%#**%%%*==-+*=--+==*****#**+=====+++++=***+++=+==::::
[2024-08-02T16:51:08.514+0900] {process_utils.py:191} INFO - =#*=++++++*###**==*@@@%=======++++++++*@@@@@@@@%%#####-:=+----==******##****+++++***==-=+=:::.::::::
[2024-08-02T16:51:08.514+0900] {process_utils.py:191} INFO - #%*+*++++**##*###*+#@@#=========++++==*%%%%%%%%######*=-----==+*********##########*+====::::::::::::
[2024-08-02T16:51:08.515+0900] {process_utils.py:191} INFO - ++++*#%%@%*##*##***%@@*===============+%##%%######%%%%*==-===+*********+=+*#######*++++-:::--::-----
[2024-08-02T16:51:08.515+0900] {process_utils.py:191} INFO - ===+*#%@@%*##**#**+=--================+%%#%%###%#%%%%%#======*#######*-:-++*####*****++:------------
[2024-08-02T16:51:08.515+0900] {process_utils.py:191} INFO - =+=------=##**##**+=--================+%%#%%###%%#%%%%%+=====+###**++==----:-*####****=------==-====
[2024-08-02T16:51:08.515+0900] {process_utils.py:191} INFO - 
[2024-08-02T16:51:08.536+0900] {python.py:237} INFO - Done. Returned value was: None
[2024-08-02T16:51:08.536+0900] {taskinstance.py:441} INFO - ::group::Post task execution logs
[2024-08-02T16:51:08.542+0900] {taskinstance.py:1206} INFO - Marking task as SUCCESS. dag_id=movie, task_id=get.data, run_id=scheduled__2017-01-01T05:15:00+00:00, execution_date=20170101T051500, start_date=20240802T075102, end_date=20240802T075108
[2024-08-02T16:51:08.594+0900] {local_task_job_runner.py:243} INFO - Task exited with return code 0
[2024-08-02T16:51:08.606+0900] {taskinstance.py:3503} INFO - 0 downstream tasks scheduled from follow-on schedule check
[2024-08-02T16:51:08.606+0900] {local_task_job_runner.py:222} INFO - ::endgroup::
