[2024-08-02T17:27:26.879+0900] {local_task_job_runner.py:120} INFO - ::group::Pre task execution logs
[2024-08-02T17:27:26.908+0900] {taskinstance.py:2076} INFO - Dependencies all met for dep_context=non-requeueable deps ti=<TaskInstance: movie.get.data scheduled__2017-01-04T05:23:00+00:00 [queued]>
[2024-08-02T17:27:26.921+0900] {taskinstance.py:2076} INFO - Dependencies all met for dep_context=requeueable deps ti=<TaskInstance: movie.get.data scheduled__2017-01-04T05:23:00+00:00 [queued]>
[2024-08-02T17:27:26.921+0900] {taskinstance.py:2306} INFO - Starting attempt 1 of 3
[2024-08-02T17:27:26.941+0900] {taskinstance.py:2330} INFO - Executing <Task(PythonVirtualenvOperator): get.data> on 2017-01-04 05:23:00+00:00
[2024-08-02T17:27:26.943+0900] {standard_task_runner.py:64} INFO - Started process 164395 to run task
[2024-08-02T17:27:26.948+0900] {standard_task_runner.py:90} INFO - Running: ['airflow', 'tasks', 'run', 'movie', 'get.data', 'scheduled__2017-01-04T05:23:00+00:00', '--job-id', '214', '--raw', '--subdir', 'DAGS_FOLDER/movie.py', '--cfg-path', '/tmp/tmptqkj4hrd']
[2024-08-02T17:27:26.953+0900] {standard_task_runner.py:91} INFO - Job 214: Subtask get.data
[2024-08-02T17:27:26.999+0900] {task_command.py:426} INFO - Running <TaskInstance: movie.get.data scheduled__2017-01-04T05:23:00+00:00 [running]> on host playdata.
[2024-08-02T17:27:27.077+0900] {taskinstance.py:2648} INFO - Exporting env vars: AIRFLOW_CTX_DAG_OWNER='airflow' AIRFLOW_CTX_DAG_ID='movie' AIRFLOW_CTX_TASK_ID='get.data' AIRFLOW_CTX_EXECUTION_DATE='2017-01-04T05:23:00+00:00' AIRFLOW_CTX_TRY_NUMBER='1' AIRFLOW_CTX_DAG_RUN_ID='scheduled__2017-01-04T05:23:00+00:00'
[2024-08-02T17:27:27.078+0900] {taskinstance.py:430} INFO - ::endgroup::
[2024-08-02T17:27:27.089+0900] {baseoperator.py:400} WARNING - PythonVirtualenvOperator.execute cannot be called outside TaskInstance!
[2024-08-02T17:27:27.090+0900] {process_utils.py:183} INFO - Executing cmd: /home/oddsummer/.pyenv/versions/3.11.9/envs/air/bin/python -m virtualenv /tmp/venv4z6ibsiq --python=python
[2024-08-02T17:27:27.091+0900] {process_utils.py:187} INFO - Output:
[2024-08-02T17:27:27.494+0900] {process_utils.py:191} INFO - created virtual environment CPython3.11.9.final.0-64 in 298ms
[2024-08-02T17:27:27.495+0900] {process_utils.py:191} INFO -   creator CPython3Posix(dest=/tmp/venv4z6ibsiq, clear=False, no_vcs_ignore=False, global=False)
[2024-08-02T17:27:27.495+0900] {process_utils.py:191} INFO -   seeder FromAppData(download=False, pip=bundle, setuptools=bundle, wheel=bundle, via=copy, app_data_dir=/home/oddsummer/.local/share/virtualenv)
[2024-08-02T17:27:27.495+0900] {process_utils.py:191} INFO -     added seed packages: pip==24.1.2, setuptools==70.2.0, wheel==0.43.0
[2024-08-02T17:27:27.495+0900] {process_utils.py:191} INFO -   activators BashActivator,CShellActivator,FishActivator,NushellActivator,PowerShellActivator,PythonActivator
[2024-08-02T17:27:27.522+0900] {process_utils.py:183} INFO - Executing cmd: /tmp/venv4z6ibsiq/bin/pip install -r /tmp/venv4z6ibsiq/requirements.txt
[2024-08-02T17:27:27.523+0900] {process_utils.py:187} INFO - Output:
[2024-08-02T17:27:28.631+0900] {process_utils.py:191} INFO - Collecting git+https://github.com/7-TRG/extract_trg.git@main (from -r /tmp/venv4z6ibsiq/requirements.txt (line 1))
[2024-08-02T17:27:28.632+0900] {process_utils.py:191} INFO -   Cloning https://github.com/7-TRG/extract_trg.git (to revision main) to /tmp/pip-req-build-9db5gng4
[2024-08-02T17:27:28.635+0900] {process_utils.py:191} INFO -   Running command git clone --filter=blob:none --quiet https://github.com/7-TRG/extract_trg.git /tmp/pip-req-build-9db5gng4
[2024-08-02T17:27:30.701+0900] {process_utils.py:191} INFO -   Resolved https://github.com/7-TRG/extract_trg.git to commit 0712b3f1bbaeeeea58bf80749079a62c7e1bec3d
[2024-08-02T17:27:30.707+0900] {process_utils.py:191} INFO -   Installing build dependencies: started
[2024-08-02T17:27:32.855+0900] {process_utils.py:191} INFO -   Installing build dependencies: finished with status 'done'
[2024-08-02T17:27:32.856+0900] {process_utils.py:191} INFO -   Getting requirements to build wheel: started
[2024-08-02T17:27:33.103+0900] {process_utils.py:191} INFO -   Getting requirements to build wheel: finished with status 'done'
[2024-08-02T17:27:33.104+0900] {process_utils.py:191} INFO -   Preparing metadata (pyproject.toml): started
[2024-08-02T17:27:33.347+0900] {process_utils.py:191} INFO -   Preparing metadata (pyproject.toml): finished with status 'done'
[2024-08-02T17:27:33.350+0900] {process_utils.py:191} INFO - Building wheels for collected packages: extract_trg
[2024-08-02T17:27:33.354+0900] {process_utils.py:191} INFO -   Building wheel for extract_trg (pyproject.toml): started
[2024-08-02T17:27:33.620+0900] {process_utils.py:191} INFO -   Building wheel for extract_trg (pyproject.toml): finished with status 'done'
[2024-08-02T17:27:33.620+0900] {process_utils.py:191} INFO -   Created wheel for extract_trg: filename=extract_trg-0.1.0-py3-none-any.whl size=2219 sha256=e8ec3671c2a148eeb72e5e99e1a5d61867ac266bcfd980343b178f4706cbb971
[2024-08-02T17:27:33.621+0900] {process_utils.py:191} INFO -   Stored in directory: /tmp/pip-ephem-wheel-cache-2hkza9x0/wheels/21/97/ea/e27bc4298590f1b8a2b9c46b60aefbe2e3076cf05f6bd5e464
[2024-08-02T17:27:33.623+0900] {process_utils.py:191} INFO - Successfully built extract_trg
[2024-08-02T17:27:33.632+0900] {process_utils.py:191} INFO - Installing collected packages: extract_trg
[2024-08-02T17:27:33.649+0900] {process_utils.py:191} INFO - Successfully installed extract_trg-0.1.0
[2024-08-02T17:27:33.655+0900] {process_utils.py:191} INFO - 
[2024-08-02T17:27:33.655+0900] {process_utils.py:191} INFO - [notice] A new release of pip is available: 24.1.2 -> 24.2
[2024-08-02T17:27:33.656+0900] {process_utils.py:191} INFO - [notice] To update, run: python -m pip install --upgrade pip
[2024-08-02T17:27:33.751+0900] {process_utils.py:183} INFO - Executing cmd: /tmp/venv4z6ibsiq/bin/python /tmp/venv-callr0gdx6jf/script.py /tmp/venv-callr0gdx6jf/script.in /tmp/venv-callr0gdx6jf/script.out /tmp/venv-callr0gdx6jf/string_args.txt /tmp/venv-callr0gdx6jf/termination.log
[2024-08-02T17:27:33.751+0900] {process_utils.py:187} INFO - Output:
[2024-08-02T17:27:33.770+0900] {process_utils.py:191} INFO - 
[2024-08-02T17:27:33.771+0900] {process_utils.py:191} INFO - ---------------======---::::::------+--=======++++++++++===--:...::-=--==============--:.....:-=====
[2024-08-02T17:27:33.771+0900] {process_utils.py:191} INFO - ----::---------------------===--::--+-----=============++++++===---:....--===============--:...:-===
[2024-08-02T17:27:33.771+0900] {process_utils.py:191} INFO - ----------------------------------=++----------------------=+===========-::.:-======================
[2024-08-02T17:27:33.772+0900] {process_utils.py:191} INFO - =----------------------------------==-----------------------=-----==============================+=--
[2024-08-02T17:27:33.772+0900] {process_utils.py:191} INFO - %%####=----------------------------==----------------------=-::::-----======+*%#++================::
[2024-08-02T17:27:33.772+0900] {process_utils.py:191} INFO - %%%%%#=----------------------------=-:---------------------=--==--------=====*#*=================-::
[2024-08-02T17:27:33.772+0900] {process_utils.py:191} INFO - @@%%%*-----------------+***++=-----=-::-------------------:+---------=====+++====================-::
[2024-08-02T17:27:33.772+0900] {process_utils.py:191} INFO - @@%%%*---------------#%%%%##%%#=---=-+##*#+----------------=------------=====+====-=--===========-::
[2024-08-02T17:27:33.773+0900] {process_utils.py:191} INFO - @@@%%+--=+*%%%+-----+%@@%#++%%%#=--=*%+===#+::----------::=-----------=+*##*++=-----------=======-::
[2024-08-02T17:27:33.773+0900] {process_utils.py:191} INFO - +++++=-+#+***#*=-----#*++**+#@@@*--+#+**+***-:=-:---=*+-::=-----==+++*######%%%#=-------------==-:::
[2024-08-02T17:27:33.773+0900] {process_utils.py:191} INFO - *******-:::-*=-------+===+=-=+#%%:-=++++=+==-:=-:::=%%#-::###=-*#%%%%%%%%%%%%%%%%+---------------:::
[2024-08-02T17:27:33.773+0900] {process_utils.py:191} INFO - =====+=:--::+---+--+**++++*+++#%*-=--**++++-:=++=::+#*-::=%%%#*#%%%%%%%%@@%%%%@@%%#====------+#%%=-*
[2024-08-02T17:27:33.773+0900] {process_utils.py:191} INFO - =-==++---=+==*#%%%%%%=*++++++++==-=-*##*+=##**++=--++-:--*=-=*#%%%@%###*###*+++*%%%*=============-#%
[2024-08-02T17:27:33.774+0900] {process_utils.py:191} INFO - +-=------=*%%%%@%@@@@***=+*#+*##*#%%@@**++%@%%%%*+=--=-=+-:--:#%@@%#*****###*+---+*++#**===---=++*%@
[2024-08-02T17:27:33.774+0900] {process_utils.py:191} INFO - --==-::-*%%%@@@@@@@%#*=-+++%@%##%%@@@@@%#%@@@%%@%%%*=--=#%####-%@%%####++++++=---==++*####*+++*%@%@@
[2024-08-02T17:27:33.774+0900] {process_utils.py:191} INFO - -=*+=-=#@@@@@@@@@#*+++++*@@@@@@@@@@@@@@@@@@@@@@@@@@@#+==-+*+#=:-+#%##**==++**+++=====+*###*+**#@%##%
[2024-08-02T17:27:33.774+0900] {process_utils.py:191} INFO - -=++-+%%@%@@@@%+=-++***#@@@@@@@@@@@@%:+@@*%+=%@@@@@@%%#%%#*=+--:-=#++**%#*+=+++++===+**####=*%%%%%%%
[2024-08-02T17:27:33.774+0900] {process_utils.py:191} INFO - -=++#%%####+-:---=*%%@@%#######**++++=+++++++++%%=+%@@%##*+==-=++=+*****##*===+++++==*#####*+#%%##%%
[2024-08-02T17:27:33.774+0900] {process_utils.py:191} INFO - -=*+=---==+=-::::-*@@@%+=======++++++++++++++*#%#**%%%*==-+*=--+==*****#**+=====+++++=***+++=+==::::
[2024-08-02T17:27:33.775+0900] {process_utils.py:191} INFO - =#*=++++++*###**==*@@@%=======++++++++*@@@@@@@@%%#####-:=+----==******##****+++++***==-=+=:::.::::::
[2024-08-02T17:27:33.775+0900] {process_utils.py:191} INFO - #%*+*++++**##*###*+#@@#=========++++==*%%%%%%%%######*=-----==+*********##########*+====::::::::::::
[2024-08-02T17:27:33.775+0900] {process_utils.py:191} INFO - ++++*#%%@%*##*##***%@@*===============+%##%%######%%%%*==-===+*********+=+*#######*++++-:::--::-----
[2024-08-02T17:27:33.775+0900] {process_utils.py:191} INFO - ===+*#%@@%*##**#**+=--================+%%#%%###%#%%%%%#======*#######*-:-++*####*****++:------------
[2024-08-02T17:27:33.775+0900] {process_utils.py:191} INFO - =+=------=##**##**+=--================+%%#%%###%%#%%%%%+=====+###**++==----:-*####****=------==-====
[2024-08-02T17:27:33.775+0900] {process_utils.py:191} INFO - 
[2024-08-02T17:27:33.804+0900] {python.py:237} INFO - Done. Returned value was: None
[2024-08-02T17:27:33.805+0900] {taskinstance.py:441} INFO - ::group::Post task execution logs
[2024-08-02T17:27:33.808+0900] {taskinstance.py:1206} INFO - Marking task as SUCCESS. dag_id=movie, task_id=get.data, run_id=scheduled__2017-01-04T05:23:00+00:00, execution_date=20170104T052300, start_date=20240802T082726, end_date=20240802T082733
[2024-08-02T17:27:33.863+0900] {local_task_job_runner.py:243} INFO - Task exited with return code 0
[2024-08-02T17:27:33.875+0900] {taskinstance.py:3503} INFO - 0 downstream tasks scheduled from follow-on schedule check
[2024-08-02T17:27:33.875+0900] {local_task_job_runner.py:222} INFO - ::endgroup::
