[2024-08-02T17:01:16.976+0900] {local_task_job_runner.py:120} INFO - ::group::Pre task execution logs
[2024-08-02T17:01:16.998+0900] {taskinstance.py:2076} INFO - Dependencies all met for dep_context=non-requeueable deps ti=<TaskInstance: movie.get.data scheduled__2017-01-02T05:09:00+00:00 [queued]>
[2024-08-02T17:01:17.004+0900] {taskinstance.py:2076} INFO - Dependencies all met for dep_context=requeueable deps ti=<TaskInstance: movie.get.data scheduled__2017-01-02T05:09:00+00:00 [queued]>
[2024-08-02T17:01:17.005+0900] {taskinstance.py:2306} INFO - Starting attempt 1 of 3
[2024-08-02T17:01:17.019+0900] {taskinstance.py:2330} INFO - Executing <Task(PythonVirtualenvOperator): get.data> on 2017-01-02 05:09:00+00:00
[2024-08-02T17:01:17.022+0900] {standard_task_runner.py:64} INFO - Started process 151622 to run task
[2024-08-02T17:01:17.026+0900] {standard_task_runner.py:90} INFO - Running: ['airflow', 'tasks', 'run', 'movie', 'get.data', 'scheduled__2017-01-02T05:09:00+00:00', '--job-id', '80', '--raw', '--subdir', 'DAGS_FOLDER/movie.py', '--cfg-path', '/tmp/tmpfi8isy48']
[2024-08-02T17:01:17.028+0900] {standard_task_runner.py:91} INFO - Job 80: Subtask get.data
[2024-08-02T17:01:17.063+0900] {task_command.py:426} INFO - Running <TaskInstance: movie.get.data scheduled__2017-01-02T05:09:00+00:00 [running]> on host playdata.
[2024-08-02T17:01:17.135+0900] {taskinstance.py:2648} INFO - Exporting env vars: AIRFLOW_CTX_DAG_OWNER='airflow' AIRFLOW_CTX_DAG_ID='movie' AIRFLOW_CTX_TASK_ID='get.data' AIRFLOW_CTX_EXECUTION_DATE='2017-01-02T05:09:00+00:00' AIRFLOW_CTX_TRY_NUMBER='1' AIRFLOW_CTX_DAG_RUN_ID='scheduled__2017-01-02T05:09:00+00:00'
[2024-08-02T17:01:17.135+0900] {taskinstance.py:430} INFO - ::endgroup::
[2024-08-02T17:01:17.146+0900] {baseoperator.py:400} WARNING - PythonVirtualenvOperator.execute cannot be called outside TaskInstance!
[2024-08-02T17:01:17.146+0900] {process_utils.py:183} INFO - Executing cmd: /home/oddsummer/.pyenv/versions/3.11.9/envs/air/bin/python -m virtualenv /tmp/venv7tm5_px5 --python=python
[2024-08-02T17:01:17.147+0900] {process_utils.py:187} INFO - Output:
[2024-08-02T17:01:17.507+0900] {process_utils.py:191} INFO - created virtual environment CPython3.11.9.final.0-64 in 248ms
[2024-08-02T17:01:17.508+0900] {process_utils.py:191} INFO -   creator CPython3Posix(dest=/tmp/venv7tm5_px5, clear=False, no_vcs_ignore=False, global=False)
[2024-08-02T17:01:17.508+0900] {process_utils.py:191} INFO -   seeder FromAppData(download=False, pip=bundle, setuptools=bundle, wheel=bundle, via=copy, app_data_dir=/home/oddsummer/.local/share/virtualenv)
[2024-08-02T17:01:17.508+0900] {process_utils.py:191} INFO -     added seed packages: pip==24.1.2, setuptools==70.2.0, wheel==0.43.0
[2024-08-02T17:01:17.509+0900] {process_utils.py:191} INFO -   activators BashActivator,CShellActivator,FishActivator,NushellActivator,PowerShellActivator,PythonActivator
[2024-08-02T17:01:17.531+0900] {process_utils.py:183} INFO - Executing cmd: /tmp/venv7tm5_px5/bin/pip install -r /tmp/venv7tm5_px5/requirements.txt
[2024-08-02T17:01:17.532+0900] {process_utils.py:187} INFO - Output:
[2024-08-02T17:01:18.465+0900] {process_utils.py:191} INFO - Collecting git+https://github.com/7-TRG/extract_trg.git@main (from -r /tmp/venv7tm5_px5/requirements.txt (line 1))
[2024-08-02T17:01:18.466+0900] {process_utils.py:191} INFO -   Cloning https://github.com/7-TRG/extract_trg.git (to revision main) to /tmp/pip-req-build-g_w6cs2x
[2024-08-02T17:01:18.468+0900] {process_utils.py:191} INFO -   Running command git clone --filter=blob:none --quiet https://github.com/7-TRG/extract_trg.git /tmp/pip-req-build-g_w6cs2x
[2024-08-02T17:01:20.297+0900] {process_utils.py:191} INFO -   Resolved https://github.com/7-TRG/extract_trg.git to commit 0712b3f1bbaeeeea58bf80749079a62c7e1bec3d
[2024-08-02T17:01:20.303+0900] {process_utils.py:191} INFO -   Installing build dependencies: started
[2024-08-02T17:01:22.229+0900] {process_utils.py:191} INFO -   Installing build dependencies: finished with status 'done'
[2024-08-02T17:01:22.230+0900] {process_utils.py:191} INFO -   Getting requirements to build wheel: started
[2024-08-02T17:01:22.523+0900] {process_utils.py:191} INFO -   Getting requirements to build wheel: finished with status 'done'
[2024-08-02T17:01:22.525+0900] {process_utils.py:191} INFO -   Preparing metadata (pyproject.toml): started
[2024-08-02T17:01:22.753+0900] {process_utils.py:191} INFO -   Preparing metadata (pyproject.toml): finished with status 'done'
[2024-08-02T17:01:22.756+0900] {process_utils.py:191} INFO - Building wheels for collected packages: extract_trg
[2024-08-02T17:01:22.760+0900] {process_utils.py:191} INFO -   Building wheel for extract_trg (pyproject.toml): started
[2024-08-02T17:01:23.047+0900] {process_utils.py:191} INFO -   Building wheel for extract_trg (pyproject.toml): finished with status 'done'
[2024-08-02T17:01:23.048+0900] {process_utils.py:191} INFO -   Created wheel for extract_trg: filename=extract_trg-0.1.0-py3-none-any.whl size=2219 sha256=6f315d8ba471d3e66f83bac3af87b27eb788976e8cfa6634e8de7e6cde175e60
[2024-08-02T17:01:23.048+0900] {process_utils.py:191} INFO -   Stored in directory: /tmp/pip-ephem-wheel-cache-1ufszfor/wheels/21/97/ea/e27bc4298590f1b8a2b9c46b60aefbe2e3076cf05f6bd5e464
[2024-08-02T17:01:23.050+0900] {process_utils.py:191} INFO - Successfully built extract_trg
[2024-08-02T17:01:23.059+0900] {process_utils.py:191} INFO - Installing collected packages: extract_trg
[2024-08-02T17:01:23.086+0900] {process_utils.py:191} INFO - Successfully installed extract_trg-0.1.0
[2024-08-02T17:01:23.096+0900] {process_utils.py:191} INFO - 
[2024-08-02T17:01:23.097+0900] {process_utils.py:191} INFO - [notice] A new release of pip is available: 24.1.2 -> 24.2
[2024-08-02T17:01:23.097+0900] {process_utils.py:191} INFO - [notice] To update, run: python -m pip install --upgrade pip
[2024-08-02T17:01:23.240+0900] {process_utils.py:183} INFO - Executing cmd: /tmp/venv7tm5_px5/bin/python /tmp/venv-callv4u9vwi6/script.py /tmp/venv-callv4u9vwi6/script.in /tmp/venv-callv4u9vwi6/script.out /tmp/venv-callv4u9vwi6/string_args.txt /tmp/venv-callv4u9vwi6/termination.log
[2024-08-02T17:01:23.241+0900] {process_utils.py:187} INFO - Output:
[2024-08-02T17:01:23.259+0900] {process_utils.py:191} INFO - 
[2024-08-02T17:01:23.259+0900] {process_utils.py:191} INFO - ---------------======---::::::------+--=======++++++++++===--:...::-=--==============--:.....:-=====
[2024-08-02T17:01:23.259+0900] {process_utils.py:191} INFO - ----::---------------------===--::--+-----=============++++++===---:....--===============--:...:-===
[2024-08-02T17:01:23.260+0900] {process_utils.py:191} INFO - ----------------------------------=++----------------------=+===========-::.:-======================
[2024-08-02T17:01:23.260+0900] {process_utils.py:191} INFO - =----------------------------------==-----------------------=-----==============================+=--
[2024-08-02T17:01:23.260+0900] {process_utils.py:191} INFO - %%####=----------------------------==----------------------=-::::-----======+*%#++================::
[2024-08-02T17:01:23.260+0900] {process_utils.py:191} INFO - %%%%%#=----------------------------=-:---------------------=--==--------=====*#*=================-::
[2024-08-02T17:01:23.260+0900] {process_utils.py:191} INFO - @@%%%*-----------------+***++=-----=-::-------------------:+---------=====+++====================-::
[2024-08-02T17:01:23.260+0900] {process_utils.py:191} INFO - @@%%%*---------------#%%%%##%%#=---=-+##*#+----------------=------------=====+====-=--===========-::
[2024-08-02T17:01:23.261+0900] {process_utils.py:191} INFO - @@@%%+--=+*%%%+-----+%@@%#++%%%#=--=*%+===#+::----------::=-----------=+*##*++=-----------=======-::
[2024-08-02T17:01:23.261+0900] {process_utils.py:191} INFO - +++++=-+#+***#*=-----#*++**+#@@@*--+#+**+***-:=-:---=*+-::=-----==+++*######%%%#=-------------==-:::
[2024-08-02T17:01:23.261+0900] {process_utils.py:191} INFO - *******-:::-*=-------+===+=-=+#%%:-=++++=+==-:=-:::=%%#-::###=-*#%%%%%%%%%%%%%%%%+---------------:::
[2024-08-02T17:01:23.261+0900] {process_utils.py:191} INFO - =====+=:--::+---+--+**++++*+++#%*-=--**++++-:=++=::+#*-::=%%%#*#%%%%%%%%@@%%%%@@%%#====------+#%%=-*
[2024-08-02T17:01:23.261+0900] {process_utils.py:191} INFO - =-==++---=+==*#%%%%%%=*++++++++==-=-*##*+=##**++=--++-:--*=-=*#%%%@%###*###*+++*%%%*=============-#%
[2024-08-02T17:01:23.261+0900] {process_utils.py:191} INFO - +-=------=*%%%%@%@@@@***=+*#+*##*#%%@@**++%@%%%%*+=--=-=+-:--:#%@@%#*****###*+---+*++#**===---=++*%@
[2024-08-02T17:01:23.261+0900] {process_utils.py:191} INFO - --==-::-*%%%@@@@@@@%#*=-+++%@%##%%@@@@@%#%@@@%%@%%%*=--=#%####-%@%%####++++++=---==++*####*+++*%@%@@
[2024-08-02T17:01:23.262+0900] {process_utils.py:191} INFO - -=*+=-=#@@@@@@@@@#*+++++*@@@@@@@@@@@@@@@@@@@@@@@@@@@#+==-+*+#=:-+#%##**==++**+++=====+*###*+**#@%##%
[2024-08-02T17:01:23.262+0900] {process_utils.py:191} INFO - -=++-+%%@%@@@@%+=-++***#@@@@@@@@@@@@%:+@@*%+=%@@@@@@%%#%%#*=+--:-=#++**%#*+=+++++===+**####=*%%%%%%%
[2024-08-02T17:01:23.262+0900] {process_utils.py:191} INFO - -=++#%%####+-:---=*%%@@%#######**++++=+++++++++%%=+%@@%##*+==-=++=+*****##*===+++++==*#####*+#%%##%%
[2024-08-02T17:01:23.262+0900] {process_utils.py:191} INFO - -=*+=---==+=-::::-*@@@%+=======++++++++++++++*#%#**%%%*==-+*=--+==*****#**+=====+++++=***+++=+==::::
[2024-08-02T17:01:23.263+0900] {process_utils.py:191} INFO - =#*=++++++*###**==*@@@%=======++++++++*@@@@@@@@%%#####-:=+----==******##****+++++***==-=+=:::.::::::
[2024-08-02T17:01:23.263+0900] {process_utils.py:191} INFO - #%*+*++++**##*###*+#@@#=========++++==*%%%%%%%%######*=-----==+*********##########*+====::::::::::::
[2024-08-02T17:01:23.263+0900] {process_utils.py:191} INFO - ++++*#%%@%*##*##***%@@*===============+%##%%######%%%%*==-===+*********+=+*#######*++++-:::--::-----
[2024-08-02T17:01:23.263+0900] {process_utils.py:191} INFO - ===+*#%@@%*##**#**+=--================+%%#%%###%#%%%%%#======*#######*-:-++*####*****++:------------
[2024-08-02T17:01:23.263+0900] {process_utils.py:191} INFO - =+=------=##**##**+=--================+%%#%%###%%#%%%%%+=====+###**++==----:-*####****=------==-====
[2024-08-02T17:01:23.264+0900] {process_utils.py:191} INFO - 
[2024-08-02T17:01:23.293+0900] {python.py:237} INFO - Done. Returned value was: None
[2024-08-02T17:01:23.294+0900] {taskinstance.py:441} INFO - ::group::Post task execution logs
[2024-08-02T17:01:23.300+0900] {taskinstance.py:1206} INFO - Marking task as SUCCESS. dag_id=movie, task_id=get.data, run_id=scheduled__2017-01-02T05:09:00+00:00, execution_date=20170102T050900, start_date=20240802T080116, end_date=20240802T080123
[2024-08-02T17:01:23.361+0900] {local_task_job_runner.py:243} INFO - Task exited with return code 0
[2024-08-02T17:01:23.375+0900] {taskinstance.py:3503} INFO - 0 downstream tasks scheduled from follow-on schedule check
[2024-08-02T17:01:23.376+0900] {local_task_job_runner.py:222} INFO - ::endgroup::
