[2024-08-02T17:26:03.367+0900] {local_task_job_runner.py:120} INFO - ::group::Pre task execution logs
[2024-08-02T17:26:03.388+0900] {taskinstance.py:2076} INFO - Dependencies all met for dep_context=non-requeueable deps ti=<TaskInstance: movie.get.data scheduled__2017-01-04T05:16:00+00:00 [queued]>
[2024-08-02T17:26:03.395+0900] {taskinstance.py:2076} INFO - Dependencies all met for dep_context=requeueable deps ti=<TaskInstance: movie.get.data scheduled__2017-01-04T05:16:00+00:00 [queued]>
[2024-08-02T17:26:03.396+0900] {taskinstance.py:2306} INFO - Starting attempt 1 of 3
[2024-08-02T17:26:03.413+0900] {taskinstance.py:2330} INFO - Executing <Task(PythonVirtualenvOperator): get.data> on 2017-01-04 05:16:00+00:00
[2024-08-02T17:26:03.417+0900] {standard_task_runner.py:64} INFO - Started process 163792 to run task
[2024-08-02T17:26:03.420+0900] {standard_task_runner.py:90} INFO - Running: ['airflow', 'tasks', 'run', 'movie', 'get.data', 'scheduled__2017-01-04T05:16:00+00:00', '--job-id', '207', '--raw', '--subdir', 'DAGS_FOLDER/movie.py', '--cfg-path', '/tmp/tmpzb2pd3ca']
[2024-08-02T17:26:03.422+0900] {standard_task_runner.py:91} INFO - Job 207: Subtask get.data
[2024-08-02T17:26:03.459+0900] {task_command.py:426} INFO - Running <TaskInstance: movie.get.data scheduled__2017-01-04T05:16:00+00:00 [running]> on host playdata.
[2024-08-02T17:26:03.540+0900] {taskinstance.py:2648} INFO - Exporting env vars: AIRFLOW_CTX_DAG_OWNER='airflow' AIRFLOW_CTX_DAG_ID='movie' AIRFLOW_CTX_TASK_ID='get.data' AIRFLOW_CTX_EXECUTION_DATE='2017-01-04T05:16:00+00:00' AIRFLOW_CTX_TRY_NUMBER='1' AIRFLOW_CTX_DAG_RUN_ID='scheduled__2017-01-04T05:16:00+00:00'
[2024-08-02T17:26:03.541+0900] {taskinstance.py:430} INFO - ::endgroup::
[2024-08-02T17:26:03.554+0900] {baseoperator.py:400} WARNING - PythonVirtualenvOperator.execute cannot be called outside TaskInstance!
[2024-08-02T17:26:03.555+0900] {process_utils.py:183} INFO - Executing cmd: /home/oddsummer/.pyenv/versions/3.11.9/envs/air/bin/python -m virtualenv /tmp/venvlgpbaap2 --python=python
[2024-08-02T17:26:03.556+0900] {process_utils.py:187} INFO - Output:
[2024-08-02T17:26:03.957+0900] {process_utils.py:191} INFO - created virtual environment CPython3.11.9.final.0-64 in 283ms
[2024-08-02T17:26:03.957+0900] {process_utils.py:191} INFO -   creator CPython3Posix(dest=/tmp/venvlgpbaap2, clear=False, no_vcs_ignore=False, global=False)
[2024-08-02T17:26:03.957+0900] {process_utils.py:191} INFO -   seeder FromAppData(download=False, pip=bundle, setuptools=bundle, wheel=bundle, via=copy, app_data_dir=/home/oddsummer/.local/share/virtualenv)
[2024-08-02T17:26:03.957+0900] {process_utils.py:191} INFO -     added seed packages: pip==24.1.2, setuptools==70.2.0, wheel==0.43.0
[2024-08-02T17:26:03.957+0900] {process_utils.py:191} INFO -   activators BashActivator,CShellActivator,FishActivator,NushellActivator,PowerShellActivator,PythonActivator
[2024-08-02T17:26:03.980+0900] {process_utils.py:183} INFO - Executing cmd: /tmp/venvlgpbaap2/bin/pip install -r /tmp/venvlgpbaap2/requirements.txt
[2024-08-02T17:26:03.981+0900] {process_utils.py:187} INFO - Output:
[2024-08-02T17:26:04.972+0900] {process_utils.py:191} INFO - Collecting git+https://github.com/7-TRG/extract_trg.git@main (from -r /tmp/venvlgpbaap2/requirements.txt (line 1))
[2024-08-02T17:26:04.973+0900] {process_utils.py:191} INFO -   Cloning https://github.com/7-TRG/extract_trg.git (to revision main) to /tmp/pip-req-build-h8zzgm5s
[2024-08-02T17:26:04.976+0900] {process_utils.py:191} INFO -   Running command git clone --filter=blob:none --quiet https://github.com/7-TRG/extract_trg.git /tmp/pip-req-build-h8zzgm5s
[2024-08-02T17:26:06.733+0900] {process_utils.py:191} INFO -   Resolved https://github.com/7-TRG/extract_trg.git to commit 0712b3f1bbaeeeea58bf80749079a62c7e1bec3d
[2024-08-02T17:26:06.738+0900] {process_utils.py:191} INFO -   Installing build dependencies: started
[2024-08-02T17:26:08.963+0900] {process_utils.py:191} INFO -   Installing build dependencies: finished with status 'done'
[2024-08-02T17:26:08.965+0900] {process_utils.py:191} INFO -   Getting requirements to build wheel: started
[2024-08-02T17:26:09.572+0900] {process_utils.py:191} INFO -   Getting requirements to build wheel: finished with status 'done'
[2024-08-02T17:26:09.574+0900] {process_utils.py:191} INFO -   Preparing metadata (pyproject.toml): started
[2024-08-02T17:26:09.924+0900] {process_utils.py:191} INFO -   Preparing metadata (pyproject.toml): finished with status 'done'
[2024-08-02T17:26:09.927+0900] {process_utils.py:191} INFO - Building wheels for collected packages: extract_trg
[2024-08-02T17:26:09.931+0900] {process_utils.py:191} INFO -   Building wheel for extract_trg (pyproject.toml): started
[2024-08-02T17:26:10.249+0900] {process_utils.py:191} INFO -   Building wheel for extract_trg (pyproject.toml): finished with status 'done'
[2024-08-02T17:26:10.250+0900] {process_utils.py:191} INFO -   Created wheel for extract_trg: filename=extract_trg-0.1.0-py3-none-any.whl size=2219 sha256=2fa95427124cb19e17430a84728cdbd2fb6caa1ebee9a9e34ebf74df8215c1e1
[2024-08-02T17:26:10.250+0900] {process_utils.py:191} INFO -   Stored in directory: /tmp/pip-ephem-wheel-cache-p24ele2u/wheels/21/97/ea/e27bc4298590f1b8a2b9c46b60aefbe2e3076cf05f6bd5e464
[2024-08-02T17:26:10.253+0900] {process_utils.py:191} INFO - Successfully built extract_trg
[2024-08-02T17:26:10.262+0900] {process_utils.py:191} INFO - Installing collected packages: extract_trg
[2024-08-02T17:26:10.287+0900] {process_utils.py:191} INFO - Successfully installed extract_trg-0.1.0
[2024-08-02T17:26:10.297+0900] {process_utils.py:191} INFO - 
[2024-08-02T17:26:10.297+0900] {process_utils.py:191} INFO - [notice] A new release of pip is available: 24.1.2 -> 24.2
[2024-08-02T17:26:10.297+0900] {process_utils.py:191} INFO - [notice] To update, run: python -m pip install --upgrade pip
[2024-08-02T17:26:10.407+0900] {process_utils.py:183} INFO - Executing cmd: /tmp/venvlgpbaap2/bin/python /tmp/venv-callt4826i1o/script.py /tmp/venv-callt4826i1o/script.in /tmp/venv-callt4826i1o/script.out /tmp/venv-callt4826i1o/string_args.txt /tmp/venv-callt4826i1o/termination.log
[2024-08-02T17:26:10.408+0900] {process_utils.py:187} INFO - Output:
[2024-08-02T17:26:10.427+0900] {process_utils.py:191} INFO - 
[2024-08-02T17:26:10.428+0900] {process_utils.py:191} INFO - ---------------======---::::::------+--=======++++++++++===--:...::-=--==============--:.....:-=====
[2024-08-02T17:26:10.428+0900] {process_utils.py:191} INFO - ----::---------------------===--::--+-----=============++++++===---:....--===============--:...:-===
[2024-08-02T17:26:10.428+0900] {process_utils.py:191} INFO - ----------------------------------=++----------------------=+===========-::.:-======================
[2024-08-02T17:26:10.429+0900] {process_utils.py:191} INFO - =----------------------------------==-----------------------=-----==============================+=--
[2024-08-02T17:26:10.429+0900] {process_utils.py:191} INFO - %%####=----------------------------==----------------------=-::::-----======+*%#++================::
[2024-08-02T17:26:10.429+0900] {process_utils.py:191} INFO - %%%%%#=----------------------------=-:---------------------=--==--------=====*#*=================-::
[2024-08-02T17:26:10.429+0900] {process_utils.py:191} INFO - @@%%%*-----------------+***++=-----=-::-------------------:+---------=====+++====================-::
[2024-08-02T17:26:10.430+0900] {process_utils.py:191} INFO - @@%%%*---------------#%%%%##%%#=---=-+##*#+----------------=------------=====+====-=--===========-::
[2024-08-02T17:26:10.430+0900] {process_utils.py:191} INFO - @@@%%+--=+*%%%+-----+%@@%#++%%%#=--=*%+===#+::----------::=-----------=+*##*++=-----------=======-::
[2024-08-02T17:26:10.430+0900] {process_utils.py:191} INFO - +++++=-+#+***#*=-----#*++**+#@@@*--+#+**+***-:=-:---=*+-::=-----==+++*######%%%#=-------------==-:::
[2024-08-02T17:26:10.430+0900] {process_utils.py:191} INFO - *******-:::-*=-------+===+=-=+#%%:-=++++=+==-:=-:::=%%#-::###=-*#%%%%%%%%%%%%%%%%+---------------:::
[2024-08-02T17:26:10.431+0900] {process_utils.py:191} INFO - =====+=:--::+---+--+**++++*+++#%*-=--**++++-:=++=::+#*-::=%%%#*#%%%%%%%%@@%%%%@@%%#====------+#%%=-*
[2024-08-02T17:26:10.431+0900] {process_utils.py:191} INFO - =-==++---=+==*#%%%%%%=*++++++++==-=-*##*+=##**++=--++-:--*=-=*#%%%@%###*###*+++*%%%*=============-#%
[2024-08-02T17:26:10.431+0900] {process_utils.py:191} INFO - +-=------=*%%%%@%@@@@***=+*#+*##*#%%@@**++%@%%%%*+=--=-=+-:--:#%@@%#*****###*+---+*++#**===---=++*%@
[2024-08-02T17:26:10.432+0900] {process_utils.py:191} INFO - --==-::-*%%%@@@@@@@%#*=-+++%@%##%%@@@@@%#%@@@%%@%%%*=--=#%####-%@%%####++++++=---==++*####*+++*%@%@@
[2024-08-02T17:26:10.432+0900] {process_utils.py:191} INFO - -=*+=-=#@@@@@@@@@#*+++++*@@@@@@@@@@@@@@@@@@@@@@@@@@@#+==-+*+#=:-+#%##**==++**+++=====+*###*+**#@%##%
[2024-08-02T17:26:10.432+0900] {process_utils.py:191} INFO - -=++-+%%@%@@@@%+=-++***#@@@@@@@@@@@@%:+@@*%+=%@@@@@@%%#%%#*=+--:-=#++**%#*+=+++++===+**####=*%%%%%%%
[2024-08-02T17:26:10.433+0900] {process_utils.py:191} INFO - -=++#%%####+-:---=*%%@@%#######**++++=+++++++++%%=+%@@%##*+==-=++=+*****##*===+++++==*#####*+#%%##%%
[2024-08-02T17:26:10.433+0900] {process_utils.py:191} INFO - -=*+=---==+=-::::-*@@@%+=======++++++++++++++*#%#**%%%*==-+*=--+==*****#**+=====+++++=***+++=+==::::
[2024-08-02T17:26:10.433+0900] {process_utils.py:191} INFO - =#*=++++++*###**==*@@@%=======++++++++*@@@@@@@@%%#####-:=+----==******##****+++++***==-=+=:::.::::::
[2024-08-02T17:26:10.434+0900] {process_utils.py:191} INFO - #%*+*++++**##*###*+#@@#=========++++==*%%%%%%%%######*=-----==+*********##########*+====::::::::::::
[2024-08-02T17:26:10.434+0900] {process_utils.py:191} INFO - ++++*#%%@%*##*##***%@@*===============+%##%%######%%%%*==-===+*********+=+*#######*++++-:::--::-----
[2024-08-02T17:26:10.434+0900] {process_utils.py:191} INFO - ===+*#%@@%*##**#**+=--================+%%#%%###%#%%%%%#======*#######*-:-++*####*****++:------------
[2024-08-02T17:26:10.434+0900] {process_utils.py:191} INFO - =+=------=##**##**+=--================+%%#%%###%%#%%%%%+=====+###**++==----:-*####****=------==-====
[2024-08-02T17:26:10.434+0900] {process_utils.py:191} INFO - 
[2024-08-02T17:26:10.473+0900] {python.py:237} INFO - Done. Returned value was: None
[2024-08-02T17:26:10.473+0900] {taskinstance.py:441} INFO - ::group::Post task execution logs
[2024-08-02T17:26:10.478+0900] {taskinstance.py:1206} INFO - Marking task as SUCCESS. dag_id=movie, task_id=get.data, run_id=scheduled__2017-01-04T05:16:00+00:00, execution_date=20170104T051600, start_date=20240802T082603, end_date=20240802T082610
[2024-08-02T17:26:10.541+0900] {local_task_job_runner.py:243} INFO - Task exited with return code 0
[2024-08-02T17:26:10.559+0900] {taskinstance.py:3503} INFO - 0 downstream tasks scheduled from follow-on schedule check
[2024-08-02T17:26:10.559+0900] {local_task_job_runner.py:222} INFO - ::endgroup::
