[2024-08-02T17:47:10.996+0900] {local_task_job_runner.py:120} INFO - ::group::Pre task execution logs
[2024-08-02T17:47:11.016+0900] {taskinstance.py:2076} INFO - Dependencies all met for dep_context=non-requeueable deps ti=<TaskInstance: movie.extract scheduled__2017-01-05T05:28:00+00:00 [queued]>
[2024-08-02T17:47:11.023+0900] {taskinstance.py:2076} INFO - Dependencies all met for dep_context=requeueable deps ti=<TaskInstance: movie.extract scheduled__2017-01-05T05:28:00+00:00 [queued]>
[2024-08-02T17:47:11.024+0900] {taskinstance.py:2306} INFO - Starting attempt 1 of 3
[2024-08-02T17:47:11.041+0900] {taskinstance.py:2330} INFO - Executing <Task(PythonVirtualenvOperator): extract> on 2017-01-05 05:28:00+00:00
[2024-08-02T17:47:11.044+0900] {standard_task_runner.py:64} INFO - Started process 176870 to run task
[2024-08-02T17:47:11.048+0900] {standard_task_runner.py:90} INFO - Running: ['airflow', 'tasks', 'run', 'movie', 'extract', 'scheduled__2017-01-05T05:28:00+00:00', '--job-id', '330', '--raw', '--subdir', 'DAGS_FOLDER/movie.py', '--cfg-path', '/tmp/tmpqh2yyjs2']
[2024-08-02T17:47:11.049+0900] {standard_task_runner.py:91} INFO - Job 330: Subtask extract
[2024-08-02T17:47:11.086+0900] {task_command.py:426} INFO - Running <TaskInstance: movie.extract scheduled__2017-01-05T05:28:00+00:00 [running]> on host playdata.
[2024-08-02T17:47:11.153+0900] {taskinstance.py:2648} INFO - Exporting env vars: AIRFLOW_CTX_DAG_OWNER='airflow' AIRFLOW_CTX_DAG_ID='movie' AIRFLOW_CTX_TASK_ID='extract' AIRFLOW_CTX_EXECUTION_DATE='2017-01-05T05:28:00+00:00' AIRFLOW_CTX_TRY_NUMBER='1' AIRFLOW_CTX_DAG_RUN_ID='scheduled__2017-01-05T05:28:00+00:00'
[2024-08-02T17:47:11.154+0900] {taskinstance.py:430} INFO - ::endgroup::
[2024-08-02T17:47:11.164+0900] {baseoperator.py:400} WARNING - PythonVirtualenvOperator.execute cannot be called outside TaskInstance!
[2024-08-02T17:47:11.165+0900] {process_utils.py:183} INFO - Executing cmd: /home/oddsummer/.pyenv/versions/3.11.9/envs/air/bin/python -m virtualenv /tmp/venvi04e9z5o --python=python
[2024-08-02T17:47:11.165+0900] {process_utils.py:187} INFO - Output:
[2024-08-02T17:47:11.624+0900] {process_utils.py:191} INFO - created virtual environment CPython3.11.9.final.0-64 in 340ms
[2024-08-02T17:47:11.624+0900] {process_utils.py:191} INFO -   creator CPython3Posix(dest=/tmp/venvi04e9z5o, clear=False, no_vcs_ignore=False, global=False)
[2024-08-02T17:47:11.625+0900] {process_utils.py:191} INFO -   seeder FromAppData(download=False, pip=bundle, setuptools=bundle, wheel=bundle, via=copy, app_data_dir=/home/oddsummer/.local/share/virtualenv)
[2024-08-02T17:47:11.625+0900] {process_utils.py:191} INFO -     added seed packages: pip==24.1.2, setuptools==70.2.0, wheel==0.43.0
[2024-08-02T17:47:11.625+0900] {process_utils.py:191} INFO -   activators BashActivator,CShellActivator,FishActivator,NushellActivator,PowerShellActivator,PythonActivator
[2024-08-02T17:47:11.651+0900] {process_utils.py:183} INFO - Executing cmd: /tmp/venvi04e9z5o/bin/pip install -r /tmp/venvi04e9z5o/requirements.txt
[2024-08-02T17:47:11.652+0900] {process_utils.py:187} INFO - Output:
[2024-08-02T17:47:12.570+0900] {process_utils.py:191} INFO - Collecting git+https://github.com/7-TRG/extract_trg.git@main (from -r /tmp/venvi04e9z5o/requirements.txt (line 1))
[2024-08-02T17:47:12.571+0900] {process_utils.py:191} INFO -   Cloning https://github.com/7-TRG/extract_trg.git (to revision main) to /tmp/pip-req-build-7j01e1cx
[2024-08-02T17:47:12.573+0900] {process_utils.py:191} INFO -   Running command git clone --filter=blob:none --quiet https://github.com/7-TRG/extract_trg.git /tmp/pip-req-build-7j01e1cx
[2024-08-02T17:47:14.281+0900] {process_utils.py:191} INFO -   Resolved https://github.com/7-TRG/extract_trg.git to commit 0712b3f1bbaeeeea58bf80749079a62c7e1bec3d
[2024-08-02T17:47:14.286+0900] {process_utils.py:191} INFO -   Installing build dependencies: started
[2024-08-02T17:47:16.140+0900] {process_utils.py:191} INFO -   Installing build dependencies: finished with status 'done'
[2024-08-02T17:47:16.141+0900] {process_utils.py:191} INFO -   Getting requirements to build wheel: started
[2024-08-02T17:47:16.426+0900] {process_utils.py:191} INFO -   Getting requirements to build wheel: finished with status 'done'
[2024-08-02T17:47:16.427+0900] {process_utils.py:191} INFO -   Preparing metadata (pyproject.toml): started
[2024-08-02T17:47:16.667+0900] {process_utils.py:191} INFO -   Preparing metadata (pyproject.toml): finished with status 'done'
[2024-08-02T17:47:16.669+0900] {process_utils.py:191} INFO - Building wheels for collected packages: extract_trg
[2024-08-02T17:47:16.673+0900] {process_utils.py:191} INFO -   Building wheel for extract_trg (pyproject.toml): started
[2024-08-02T17:47:16.943+0900] {process_utils.py:191} INFO -   Building wheel for extract_trg (pyproject.toml): finished with status 'done'
[2024-08-02T17:47:16.944+0900] {process_utils.py:191} INFO -   Created wheel for extract_trg: filename=extract_trg-0.1.0-py3-none-any.whl size=2219 sha256=9ce43d4186a283ed4e5980e5b47094d0115d08d6acdf66d344b34a4cf2214719
[2024-08-02T17:47:16.944+0900] {process_utils.py:191} INFO -   Stored in directory: /tmp/pip-ephem-wheel-cache-6y2k9azy/wheels/21/97/ea/e27bc4298590f1b8a2b9c46b60aefbe2e3076cf05f6bd5e464
[2024-08-02T17:47:16.946+0900] {process_utils.py:191} INFO - Successfully built extract_trg
[2024-08-02T17:47:16.955+0900] {process_utils.py:191} INFO - Installing collected packages: extract_trg
[2024-08-02T17:47:16.973+0900] {process_utils.py:191} INFO - Successfully installed extract_trg-0.1.0
[2024-08-02T17:47:16.979+0900] {process_utils.py:191} INFO - 
[2024-08-02T17:47:16.979+0900] {process_utils.py:191} INFO - [notice] A new release of pip is available: 24.1.2 -> 24.2
[2024-08-02T17:47:16.979+0900] {process_utils.py:191} INFO - [notice] To update, run: python -m pip install --upgrade pip
[2024-08-02T17:47:17.084+0900] {process_utils.py:183} INFO - Executing cmd: /tmp/venvi04e9z5o/bin/python /tmp/venv-call8u9h8_ho/script.py /tmp/venv-call8u9h8_ho/script.in /tmp/venv-call8u9h8_ho/script.out /tmp/venv-call8u9h8_ho/string_args.txt /tmp/venv-call8u9h8_ho/termination.log
[2024-08-02T17:47:17.085+0900] {process_utils.py:187} INFO - Output:
[2024-08-02T17:47:17.104+0900] {process_utils.py:191} INFO - 
[2024-08-02T17:47:17.104+0900] {process_utils.py:191} INFO - ---------------======---::::::------+--=======++++++++++===--:...::-=--==============--:.....:-=====
[2024-08-02T17:47:17.104+0900] {process_utils.py:191} INFO - ----::---------------------===--::--+-----=============++++++===---:....--===============--:...:-===
[2024-08-02T17:47:17.104+0900] {process_utils.py:191} INFO - ----------------------------------=++----------------------=+===========-::.:-======================
[2024-08-02T17:47:17.104+0900] {process_utils.py:191} INFO - =----------------------------------==-----------------------=-----==============================+=--
[2024-08-02T17:47:17.105+0900] {process_utils.py:191} INFO - %%####=----------------------------==----------------------=-::::-----======+*%#++================::
[2024-08-02T17:47:17.105+0900] {process_utils.py:191} INFO - %%%%%#=----------------------------=-:---------------------=--==--------=====*#*=================-::
[2024-08-02T17:47:17.105+0900] {process_utils.py:191} INFO - @@%%%*-----------------+***++=-----=-::-------------------:+---------=====+++====================-::
[2024-08-02T17:47:17.105+0900] {process_utils.py:191} INFO - @@%%%*---------------#%%%%##%%#=---=-+##*#+----------------=------------=====+====-=--===========-::
[2024-08-02T17:47:17.105+0900] {process_utils.py:191} INFO - @@@%%+--=+*%%%+-----+%@@%#++%%%#=--=*%+===#+::----------::=-----------=+*##*++=-----------=======-::
[2024-08-02T17:47:17.105+0900] {process_utils.py:191} INFO - +++++=-+#+***#*=-----#*++**+#@@@*--+#+**+***-:=-:---=*+-::=-----==+++*######%%%#=-------------==-:::
[2024-08-02T17:47:17.105+0900] {process_utils.py:191} INFO - *******-:::-*=-------+===+=-=+#%%:-=++++=+==-:=-:::=%%#-::###=-*#%%%%%%%%%%%%%%%%+---------------:::
[2024-08-02T17:47:17.106+0900] {process_utils.py:191} INFO - =====+=:--::+---+--+**++++*+++#%*-=--**++++-:=++=::+#*-::=%%%#*#%%%%%%%%@@%%%%@@%%#====------+#%%=-*
[2024-08-02T17:47:17.106+0900] {process_utils.py:191} INFO - =-==++---=+==*#%%%%%%=*++++++++==-=-*##*+=##**++=--++-:--*=-=*#%%%@%###*###*+++*%%%*=============-#%
[2024-08-02T17:47:17.106+0900] {process_utils.py:191} INFO - +-=------=*%%%%@%@@@@***=+*#+*##*#%%@@**++%@%%%%*+=--=-=+-:--:#%@@%#*****###*+---+*++#**===---=++*%@
[2024-08-02T17:47:17.106+0900] {process_utils.py:191} INFO - --==-::-*%%%@@@@@@@%#*=-+++%@%##%%@@@@@%#%@@@%%@%%%*=--=#%####-%@%%####++++++=---==++*####*+++*%@%@@
[2024-08-02T17:47:17.106+0900] {process_utils.py:191} INFO - -=*+=-=#@@@@@@@@@#*+++++*@@@@@@@@@@@@@@@@@@@@@@@@@@@#+==-+*+#=:-+#%##**==++**+++=====+*###*+**#@%##%
[2024-08-02T17:47:17.106+0900] {process_utils.py:191} INFO - -=++-+%%@%@@@@%+=-++***#@@@@@@@@@@@@%:+@@*%+=%@@@@@@%%#%%#*=+--:-=#++**%#*+=+++++===+**####=*%%%%%%%
[2024-08-02T17:47:17.106+0900] {process_utils.py:191} INFO - -=++#%%####+-:---=*%%@@%#######**++++=+++++++++%%=+%@@%##*+==-=++=+*****##*===+++++==*#####*+#%%##%%
[2024-08-02T17:47:17.107+0900] {process_utils.py:191} INFO - -=*+=---==+=-::::-*@@@%+=======++++++++++++++*#%#**%%%*==-+*=--+==*****#**+=====+++++=***+++=+==::::
[2024-08-02T17:47:17.107+0900] {process_utils.py:191} INFO - =#*=++++++*###**==*@@@%=======++++++++*@@@@@@@@%%#####-:=+----==******##****+++++***==-=+=:::.::::::
[2024-08-02T17:47:17.107+0900] {process_utils.py:191} INFO - #%*+*++++**##*###*+#@@#=========++++==*%%%%%%%%######*=-----==+*********##########*+====::::::::::::
[2024-08-02T17:47:17.107+0900] {process_utils.py:191} INFO - ++++*#%%@%*##*##***%@@*===============+%##%%######%%%%*==-===+*********+=+*#######*++++-:::--::-----
[2024-08-02T17:47:17.107+0900] {process_utils.py:191} INFO - ===+*#%@@%*##**#**+=--================+%%#%%###%#%%%%%#======*#######*-:-++*####*****++:------------
[2024-08-02T17:47:17.107+0900] {process_utils.py:191} INFO - =+=------=##**##**+=--================+%%#%%###%%#%%%%%+=====+###**++==----:-*####****=------==-====
[2024-08-02T17:47:17.107+0900] {process_utils.py:191} INFO - 
[2024-08-02T17:47:17.137+0900] {python.py:237} INFO - Done. Returned value was: None
[2024-08-02T17:47:17.137+0900] {taskinstance.py:441} INFO - ::group::Post task execution logs
[2024-08-02T17:47:17.142+0900] {taskinstance.py:1206} INFO - Marking task as SUCCESS. dag_id=movie, task_id=extract, run_id=scheduled__2017-01-05T05:28:00+00:00, execution_date=20170105T052800, start_date=20240802T084711, end_date=20240802T084717
[2024-08-02T17:47:17.178+0900] {local_task_job_runner.py:243} INFO - Task exited with return code 0
[2024-08-02T17:47:17.209+0900] {taskinstance.py:3503} INFO - 1 downstream tasks scheduled from follow-on schedule check
[2024-08-02T17:47:17.218+0900] {local_task_job_runner.py:222} INFO - ::endgroup::
