[2024-08-02T17:21:41.425+0900] {local_task_job_runner.py:120} INFO - ::group::Pre task execution logs
[2024-08-02T17:21:41.446+0900] {taskinstance.py:2076} INFO - Dependencies all met for dep_context=non-requeueable deps ti=<TaskInstance: movie.get.data scheduled__2017-01-03T05:54:00+00:00 [queued]>
[2024-08-02T17:21:41.452+0900] {taskinstance.py:2076} INFO - Dependencies all met for dep_context=requeueable deps ti=<TaskInstance: movie.get.data scheduled__2017-01-03T05:54:00+00:00 [queued]>
[2024-08-02T17:21:41.452+0900] {taskinstance.py:2306} INFO - Starting attempt 1 of 3
[2024-08-02T17:21:41.467+0900] {taskinstance.py:2330} INFO - Executing <Task(PythonVirtualenvOperator): get.data> on 2017-01-03 05:54:00+00:00
[2024-08-02T17:21:41.469+0900] {standard_task_runner.py:64} INFO - Started process 161891 to run task
[2024-08-02T17:21:41.472+0900] {standard_task_runner.py:90} INFO - Running: ['airflow', 'tasks', 'run', 'movie', 'get.data', 'scheduled__2017-01-03T05:54:00+00:00', '--job-id', '185', '--raw', '--subdir', 'DAGS_FOLDER/movie.py', '--cfg-path', '/tmp/tmp4fm25n6v']
[2024-08-02T17:21:41.474+0900] {standard_task_runner.py:91} INFO - Job 185: Subtask get.data
[2024-08-02T17:21:41.510+0900] {task_command.py:426} INFO - Running <TaskInstance: movie.get.data scheduled__2017-01-03T05:54:00+00:00 [running]> on host playdata.
[2024-08-02T17:21:41.582+0900] {taskinstance.py:2648} INFO - Exporting env vars: AIRFLOW_CTX_DAG_OWNER='airflow' AIRFLOW_CTX_DAG_ID='movie' AIRFLOW_CTX_TASK_ID='get.data' AIRFLOW_CTX_EXECUTION_DATE='2017-01-03T05:54:00+00:00' AIRFLOW_CTX_TRY_NUMBER='1' AIRFLOW_CTX_DAG_RUN_ID='scheduled__2017-01-03T05:54:00+00:00'
[2024-08-02T17:21:41.583+0900] {taskinstance.py:430} INFO - ::endgroup::
[2024-08-02T17:21:41.594+0900] {baseoperator.py:400} WARNING - PythonVirtualenvOperator.execute cannot be called outside TaskInstance!
[2024-08-02T17:21:41.594+0900] {process_utils.py:183} INFO - Executing cmd: /home/oddsummer/.pyenv/versions/3.11.9/envs/air/bin/python -m virtualenv /tmp/venvx3yd__5a --python=python
[2024-08-02T17:21:41.596+0900] {process_utils.py:187} INFO - Output:
[2024-08-02T17:21:42.021+0900] {process_utils.py:191} INFO - created virtual environment CPython3.11.9.final.0-64 in 312ms
[2024-08-02T17:21:42.022+0900] {process_utils.py:191} INFO -   creator CPython3Posix(dest=/tmp/venvx3yd__5a, clear=False, no_vcs_ignore=False, global=False)
[2024-08-02T17:21:42.022+0900] {process_utils.py:191} INFO -   seeder FromAppData(download=False, pip=bundle, setuptools=bundle, wheel=bundle, via=copy, app_data_dir=/home/oddsummer/.local/share/virtualenv)
[2024-08-02T17:21:42.022+0900] {process_utils.py:191} INFO -     added seed packages: pip==24.1.2, setuptools==70.2.0, wheel==0.43.0
[2024-08-02T17:21:42.022+0900] {process_utils.py:191} INFO -   activators BashActivator,CShellActivator,FishActivator,NushellActivator,PowerShellActivator,PythonActivator
[2024-08-02T17:21:42.052+0900] {process_utils.py:183} INFO - Executing cmd: /tmp/venvx3yd__5a/bin/pip install -r /tmp/venvx3yd__5a/requirements.txt
[2024-08-02T17:21:42.053+0900] {process_utils.py:187} INFO - Output:
[2024-08-02T17:21:43.172+0900] {process_utils.py:191} INFO - Collecting git+https://github.com/7-TRG/extract_trg.git@main (from -r /tmp/venvx3yd__5a/requirements.txt (line 1))
[2024-08-02T17:21:43.173+0900] {process_utils.py:191} INFO -   Cloning https://github.com/7-TRG/extract_trg.git (to revision main) to /tmp/pip-req-build-v707z_ma
[2024-08-02T17:21:43.176+0900] {process_utils.py:191} INFO -   Running command git clone --filter=blob:none --quiet https://github.com/7-TRG/extract_trg.git /tmp/pip-req-build-v707z_ma
[2024-08-02T17:21:44.982+0900] {process_utils.py:191} INFO -   Resolved https://github.com/7-TRG/extract_trg.git to commit 0712b3f1bbaeeeea58bf80749079a62c7e1bec3d
[2024-08-02T17:21:44.987+0900] {process_utils.py:191} INFO -   Installing build dependencies: started
[2024-08-02T17:21:47.047+0900] {process_utils.py:191} INFO -   Installing build dependencies: finished with status 'done'
[2024-08-02T17:21:47.048+0900] {process_utils.py:191} INFO -   Getting requirements to build wheel: started
[2024-08-02T17:21:47.332+0900] {process_utils.py:191} INFO -   Getting requirements to build wheel: finished with status 'done'
[2024-08-02T17:21:47.333+0900] {process_utils.py:191} INFO -   Preparing metadata (pyproject.toml): started
[2024-08-02T17:21:47.589+0900] {process_utils.py:191} INFO -   Preparing metadata (pyproject.toml): finished with status 'done'
[2024-08-02T17:21:47.592+0900] {process_utils.py:191} INFO - Building wheels for collected packages: extract_trg
[2024-08-02T17:21:47.596+0900] {process_utils.py:191} INFO -   Building wheel for extract_trg (pyproject.toml): started
[2024-08-02T17:21:47.860+0900] {process_utils.py:191} INFO -   Building wheel for extract_trg (pyproject.toml): finished with status 'done'
[2024-08-02T17:21:47.861+0900] {process_utils.py:191} INFO -   Created wheel for extract_trg: filename=extract_trg-0.1.0-py3-none-any.whl size=2219 sha256=9d925fa616a680aadeb4d17233e00f8997bb245a88312e1ec3d18e1f4d7ca10f
[2024-08-02T17:21:47.861+0900] {process_utils.py:191} INFO -   Stored in directory: /tmp/pip-ephem-wheel-cache-bhtglqlu/wheels/21/97/ea/e27bc4298590f1b8a2b9c46b60aefbe2e3076cf05f6bd5e464
[2024-08-02T17:21:47.864+0900] {process_utils.py:191} INFO - Successfully built extract_trg
[2024-08-02T17:21:47.873+0900] {process_utils.py:191} INFO - Installing collected packages: extract_trg
[2024-08-02T17:21:47.894+0900] {process_utils.py:191} INFO - Successfully installed extract_trg-0.1.0
[2024-08-02T17:21:47.901+0900] {process_utils.py:191} INFO - 
[2024-08-02T17:21:47.901+0900] {process_utils.py:191} INFO - [notice] A new release of pip is available: 24.1.2 -> 24.2
[2024-08-02T17:21:47.901+0900] {process_utils.py:191} INFO - [notice] To update, run: python -m pip install --upgrade pip
[2024-08-02T17:21:48.015+0900] {process_utils.py:183} INFO - Executing cmd: /tmp/venvx3yd__5a/bin/python /tmp/venv-callz0a1sxgh/script.py /tmp/venv-callz0a1sxgh/script.in /tmp/venv-callz0a1sxgh/script.out /tmp/venv-callz0a1sxgh/string_args.txt /tmp/venv-callz0a1sxgh/termination.log
[2024-08-02T17:21:48.016+0900] {process_utils.py:187} INFO - Output:
[2024-08-02T17:21:48.038+0900] {process_utils.py:191} INFO - 
[2024-08-02T17:21:48.039+0900] {process_utils.py:191} INFO - ---------------======---::::::------+--=======++++++++++===--:...::-=--==============--:.....:-=====
[2024-08-02T17:21:48.039+0900] {process_utils.py:191} INFO - ----::---------------------===--::--+-----=============++++++===---:....--===============--:...:-===
[2024-08-02T17:21:48.039+0900] {process_utils.py:191} INFO - ----------------------------------=++----------------------=+===========-::.:-======================
[2024-08-02T17:21:48.039+0900] {process_utils.py:191} INFO - =----------------------------------==-----------------------=-----==============================+=--
[2024-08-02T17:21:48.039+0900] {process_utils.py:191} INFO - %%####=----------------------------==----------------------=-::::-----======+*%#++================::
[2024-08-02T17:21:48.040+0900] {process_utils.py:191} INFO - %%%%%#=----------------------------=-:---------------------=--==--------=====*#*=================-::
[2024-08-02T17:21:48.040+0900] {process_utils.py:191} INFO - @@%%%*-----------------+***++=-----=-::-------------------:+---------=====+++====================-::
[2024-08-02T17:21:48.040+0900] {process_utils.py:191} INFO - @@%%%*---------------#%%%%##%%#=---=-+##*#+----------------=------------=====+====-=--===========-::
[2024-08-02T17:21:48.040+0900] {process_utils.py:191} INFO - @@@%%+--=+*%%%+-----+%@@%#++%%%#=--=*%+===#+::----------::=-----------=+*##*++=-----------=======-::
[2024-08-02T17:21:48.040+0900] {process_utils.py:191} INFO - +++++=-+#+***#*=-----#*++**+#@@@*--+#+**+***-:=-:---=*+-::=-----==+++*######%%%#=-------------==-:::
[2024-08-02T17:21:48.040+0900] {process_utils.py:191} INFO - *******-:::-*=-------+===+=-=+#%%:-=++++=+==-:=-:::=%%#-::###=-*#%%%%%%%%%%%%%%%%+---------------:::
[2024-08-02T17:21:48.040+0900] {process_utils.py:191} INFO - =====+=:--::+---+--+**++++*+++#%*-=--**++++-:=++=::+#*-::=%%%#*#%%%%%%%%@@%%%%@@%%#====------+#%%=-*
[2024-08-02T17:21:48.041+0900] {process_utils.py:191} INFO - =-==++---=+==*#%%%%%%=*++++++++==-=-*##*+=##**++=--++-:--*=-=*#%%%@%###*###*+++*%%%*=============-#%
[2024-08-02T17:21:48.041+0900] {process_utils.py:191} INFO - +-=------=*%%%%@%@@@@***=+*#+*##*#%%@@**++%@%%%%*+=--=-=+-:--:#%@@%#*****###*+---+*++#**===---=++*%@
[2024-08-02T17:21:48.041+0900] {process_utils.py:191} INFO - --==-::-*%%%@@@@@@@%#*=-+++%@%##%%@@@@@%#%@@@%%@%%%*=--=#%####-%@%%####++++++=---==++*####*+++*%@%@@
[2024-08-02T17:21:48.041+0900] {process_utils.py:191} INFO - -=*+=-=#@@@@@@@@@#*+++++*@@@@@@@@@@@@@@@@@@@@@@@@@@@#+==-+*+#=:-+#%##**==++**+++=====+*###*+**#@%##%
[2024-08-02T17:21:48.042+0900] {process_utils.py:191} INFO - -=++-+%%@%@@@@%+=-++***#@@@@@@@@@@@@%:+@@*%+=%@@@@@@%%#%%#*=+--:-=#++**%#*+=+++++===+**####=*%%%%%%%
[2024-08-02T17:21:48.042+0900] {process_utils.py:191} INFO - -=++#%%####+-:---=*%%@@%#######**++++=+++++++++%%=+%@@%##*+==-=++=+*****##*===+++++==*#####*+#%%##%%
[2024-08-02T17:21:48.042+0900] {process_utils.py:191} INFO - -=*+=---==+=-::::-*@@@%+=======++++++++++++++*#%#**%%%*==-+*=--+==*****#**+=====+++++=***+++=+==::::
[2024-08-02T17:21:48.042+0900] {process_utils.py:191} INFO - =#*=++++++*###**==*@@@%=======++++++++*@@@@@@@@%%#####-:=+----==******##****+++++***==-=+=:::.::::::
[2024-08-02T17:21:48.043+0900] {process_utils.py:191} INFO - #%*+*++++**##*###*+#@@#=========++++==*%%%%%%%%######*=-----==+*********##########*+====::::::::::::
[2024-08-02T17:21:48.043+0900] {process_utils.py:191} INFO - ++++*#%%@%*##*##***%@@*===============+%##%%######%%%%*==-===+*********+=+*#######*++++-:::--::-----
[2024-08-02T17:21:48.043+0900] {process_utils.py:191} INFO - ===+*#%@@%*##**#**+=--================+%%#%%###%#%%%%%#======*#######*-:-++*####*****++:------------
[2024-08-02T17:21:48.043+0900] {process_utils.py:191} INFO - =+=------=##**##**+=--================+%%#%%###%%#%%%%%+=====+###**++==----:-*####****=------==-====
[2024-08-02T17:21:48.044+0900] {process_utils.py:191} INFO - 
[2024-08-02T17:21:48.071+0900] {python.py:237} INFO - Done. Returned value was: None
[2024-08-02T17:21:48.071+0900] {taskinstance.py:441} INFO - ::group::Post task execution logs
[2024-08-02T17:21:48.077+0900] {taskinstance.py:1206} INFO - Marking task as SUCCESS. dag_id=movie, task_id=get.data, run_id=scheduled__2017-01-03T05:54:00+00:00, execution_date=20170103T055400, start_date=20240802T082141, end_date=20240802T082148
[2024-08-02T17:21:48.134+0900] {local_task_job_runner.py:243} INFO - Task exited with return code 0
[2024-08-02T17:21:48.151+0900] {taskinstance.py:3503} INFO - 0 downstream tasks scheduled from follow-on schedule check
[2024-08-02T17:21:48.151+0900] {local_task_job_runner.py:222} INFO - ::endgroup::
