[2024-08-02T17:37:50.434+0900] {local_task_job_runner.py:120} INFO - ::group::Pre task execution logs
[2024-08-02T17:37:50.454+0900] {taskinstance.py:2076} INFO - Dependencies all met for dep_context=non-requeueable deps ti=<TaskInstance: movie.transform scheduled__2017-01-05T05:08:00+00:00 [queued]>
[2024-08-02T17:37:50.461+0900] {taskinstance.py:2076} INFO - Dependencies all met for dep_context=requeueable deps ti=<TaskInstance: movie.transform scheduled__2017-01-05T05:08:00+00:00 [queued]>
[2024-08-02T17:37:50.461+0900] {taskinstance.py:2306} INFO - Starting attempt 1 of 3
[2024-08-02T17:37:50.479+0900] {taskinstance.py:2330} INFO - Executing <Task(PythonVirtualenvOperator): transform> on 2017-01-05 05:08:00+00:00
[2024-08-02T17:37:50.483+0900] {standard_task_runner.py:64} INFO - Started process 171529 to run task
[2024-08-02T17:37:50.486+0900] {standard_task_runner.py:90} INFO - Running: ['airflow', 'tasks', 'run', 'movie', 'transform', 'scheduled__2017-01-05T05:08:00+00:00', '--job-id', '271', '--raw', '--subdir', 'DAGS_FOLDER/movie.py', '--cfg-path', '/tmp/tmp3s0t1svq']
[2024-08-02T17:37:50.488+0900] {standard_task_runner.py:91} INFO - Job 271: Subtask transform
[2024-08-02T17:37:50.527+0900] {task_command.py:426} INFO - Running <TaskInstance: movie.transform scheduled__2017-01-05T05:08:00+00:00 [running]> on host playdata.
[2024-08-02T17:37:50.611+0900] {taskinstance.py:2648} INFO - Exporting env vars: AIRFLOW_CTX_DAG_OWNER='airflow' AIRFLOW_CTX_DAG_ID='movie' AIRFLOW_CTX_TASK_ID='transform' AIRFLOW_CTX_EXECUTION_DATE='2017-01-05T05:08:00+00:00' AIRFLOW_CTX_TRY_NUMBER='1' AIRFLOW_CTX_DAG_RUN_ID='scheduled__2017-01-05T05:08:00+00:00'
[2024-08-02T17:37:50.611+0900] {taskinstance.py:430} INFO - ::endgroup::
[2024-08-02T17:37:50.623+0900] {baseoperator.py:400} WARNING - PythonVirtualenvOperator.execute cannot be called outside TaskInstance!
[2024-08-02T17:37:50.625+0900] {process_utils.py:183} INFO - Executing cmd: /home/oddsummer/.pyenv/versions/3.11.9/envs/air/bin/python -m virtualenv /tmp/venvtz3ljrs5 --python=python
[2024-08-02T17:37:50.626+0900] {process_utils.py:187} INFO - Output:
[2024-08-02T17:37:51.032+0900] {process_utils.py:191} INFO - created virtual environment CPython3.11.9.final.0-64 in 294ms
[2024-08-02T17:37:51.032+0900] {process_utils.py:191} INFO -   creator CPython3Posix(dest=/tmp/venvtz3ljrs5, clear=False, no_vcs_ignore=False, global=False)
[2024-08-02T17:37:51.033+0900] {process_utils.py:191} INFO -   seeder FromAppData(download=False, pip=bundle, setuptools=bundle, wheel=bundle, via=copy, app_data_dir=/home/oddsummer/.local/share/virtualenv)
[2024-08-02T17:37:51.033+0900] {process_utils.py:191} INFO -     added seed packages: pip==24.1.2, setuptools==70.2.0, wheel==0.43.0
[2024-08-02T17:37:51.033+0900] {process_utils.py:191} INFO -   activators BashActivator,CShellActivator,FishActivator,NushellActivator,PowerShellActivator,PythonActivator
[2024-08-02T17:37:51.062+0900] {process_utils.py:183} INFO - Executing cmd: /tmp/venvtz3ljrs5/bin/pip install -r /tmp/venvtz3ljrs5/requirements.txt
[2024-08-02T17:37:51.063+0900] {process_utils.py:187} INFO - Output:
[2024-08-02T17:37:52.060+0900] {process_utils.py:191} INFO - Collecting git+https://github.com/7-TRG/transform_trg.git@main (from -r /tmp/venvtz3ljrs5/requirements.txt (line 1))
[2024-08-02T17:37:52.062+0900] {process_utils.py:191} INFO -   Cloning https://github.com/7-TRG/transform_trg.git (to revision main) to /tmp/pip-req-build-ym_asm9j
[2024-08-02T17:37:52.064+0900] {process_utils.py:191} INFO -   Running command git clone --filter=blob:none --quiet https://github.com/7-TRG/transform_trg.git /tmp/pip-req-build-ym_asm9j
[2024-08-02T17:37:53.796+0900] {process_utils.py:191} INFO -   Resolved https://github.com/7-TRG/transform_trg.git to commit 789fe432a030fafcbef44ec873bc256dce822228
[2024-08-02T17:37:53.801+0900] {process_utils.py:191} INFO -   Installing build dependencies: started
[2024-08-02T17:37:55.665+0900] {process_utils.py:191} INFO -   Installing build dependencies: finished with status 'done'
[2024-08-02T17:37:55.666+0900] {process_utils.py:191} INFO -   Getting requirements to build wheel: started
[2024-08-02T17:37:55.908+0900] {process_utils.py:191} INFO -   Getting requirements to build wheel: finished with status 'done'
[2024-08-02T17:37:55.910+0900] {process_utils.py:191} INFO -   Preparing metadata (pyproject.toml): started
[2024-08-02T17:37:56.157+0900] {process_utils.py:191} INFO -   Preparing metadata (pyproject.toml): finished with status 'done'
[2024-08-02T17:37:56.160+0900] {process_utils.py:191} INFO - Building wheels for collected packages: transform_trg
[2024-08-02T17:37:56.164+0900] {process_utils.py:191} INFO -   Building wheel for transform_trg (pyproject.toml): started
[2024-08-02T17:37:56.425+0900] {process_utils.py:191} INFO -   Building wheel for transform_trg (pyproject.toml): finished with status 'done'
[2024-08-02T17:37:56.426+0900] {process_utils.py:191} INFO -   Created wheel for transform_trg: filename=transform_trg-0.1.0-py3-none-any.whl size=2244 sha256=cfb83c20fbf1b324361c4818dcd1f3358db1ae37f427e9396028b27276b8e77d
[2024-08-02T17:37:56.426+0900] {process_utils.py:191} INFO -   Stored in directory: /tmp/pip-ephem-wheel-cache-e4oudexc/wheels/52/ed/12/e63285a730e0434716bf2b76c497e2eca12531b214fbcca988
[2024-08-02T17:37:56.429+0900] {process_utils.py:191} INFO - Successfully built transform_trg
[2024-08-02T17:37:56.440+0900] {process_utils.py:191} INFO - Installing collected packages: transform_trg
[2024-08-02T17:37:56.459+0900] {process_utils.py:191} INFO - Successfully installed transform_trg-0.1.0
[2024-08-02T17:37:56.464+0900] {process_utils.py:191} INFO - 
[2024-08-02T17:37:56.465+0900] {process_utils.py:191} INFO - [notice] A new release of pip is available: 24.1.2 -> 24.2
[2024-08-02T17:37:56.465+0900] {process_utils.py:191} INFO - [notice] To update, run: python -m pip install --upgrade pip
[2024-08-02T17:37:56.560+0900] {process_utils.py:183} INFO - Executing cmd: /tmp/venvtz3ljrs5/bin/python /tmp/venv-calltodf3v93/script.py /tmp/venv-calltodf3v93/script.in /tmp/venv-calltodf3v93/script.out /tmp/venv-calltodf3v93/string_args.txt /tmp/venv-calltodf3v93/termination.log
[2024-08-02T17:37:56.560+0900] {process_utils.py:187} INFO - Output:
[2024-08-02T17:37:56.583+0900] {process_utils.py:191} INFO - 
[2024-08-02T17:37:56.584+0900] {process_utils.py:191} INFO - ---------------======---::::::------+--=======++++++++++===--:...::-=--==============--:.....:-=====
[2024-08-02T17:37:56.584+0900] {process_utils.py:191} INFO - ----::---------------------===--::--+-----=============++++++===---:....--===============--:...:-===
[2024-08-02T17:37:56.584+0900] {process_utils.py:191} INFO - ----------------------------------=++----------------------=+===========-::.:-======================
[2024-08-02T17:37:56.584+0900] {process_utils.py:191} INFO - =----------------------------------==-----------------------=-----==============================+=--
[2024-08-02T17:37:56.585+0900] {process_utils.py:191} INFO - %%####=----------------------------==----------------------=-::::-----======+*%#++================::
[2024-08-02T17:37:56.585+0900] {process_utils.py:191} INFO - %%%%%#=----------------------------=-:---------------------=--==--------=====*#*=================-::
[2024-08-02T17:37:56.585+0900] {process_utils.py:191} INFO - @@%%%*-----------------+***++=-----=-::-------------------:+---------=====+++====================-::
[2024-08-02T17:37:56.585+0900] {process_utils.py:191} INFO - @@%%%*---------------#%%%%##%%#=---=-+##*#+----------------=------------=====+====-=--===========-::
[2024-08-02T17:37:56.585+0900] {process_utils.py:191} INFO - @@@%%+--=+*%%%+-----+%@@%#++%%%#=--=*%+===#+::----------::=-----------=+*##*++=-----------=======-::
[2024-08-02T17:37:56.585+0900] {process_utils.py:191} INFO - +++++=-+#+***#*=-----#*++**+#@@@*--+#+**+***-:=-:---=*+-::=-----==+++*######%%%#=-------------==-:::
[2024-08-02T17:37:56.585+0900] {process_utils.py:191} INFO - *******-:::-*=-------+===+=-=+#%%:-=++++=+==-:=-:::=%%#-::###=-*#%%%%%%%%%%%%%%%%+---------------:::
[2024-08-02T17:37:56.586+0900] {process_utils.py:191} INFO - =====+=:--::+---+--+**++++*+++#%*-=--**++++-:=++=::+#*-::=%%%#*#%%%%%%%%@@%%%%@@%%#====------+#%%=-*
[2024-08-02T17:37:56.586+0900] {process_utils.py:191} INFO - =-==++---=+==*#%%%%%%=*++++++++==-=-*##*+=##**++=--++-:--*=-=*#%%%@%###*###*+++*%%%*=============-#%
[2024-08-02T17:37:56.586+0900] {process_utils.py:191} INFO - +-=------=*%%%%@%@@@@***=+*#+*##*#%%@@**++%@%%%%*+=--=-=+-:--:#%@@%#*****###*+---+*++#**===---=++*%@
[2024-08-02T17:37:56.586+0900] {process_utils.py:191} INFO - --==-::-*%%%@@@@@@@%#*=-+++%@%##%%@@@@@%#%@@@%%@%%%*=--=#%####-%@%%####++++++=---==++*####*+++*%@%@@
[2024-08-02T17:37:56.586+0900] {process_utils.py:191} INFO - -=*+=-=#@@@@@@@@@#*+++++*@@@@@@@@@@@@@@@@@@@@@@@@@@@#+==-+*+#=:-+#%##**==++**+++=====+*###*+**#@%##%
[2024-08-02T17:37:56.586+0900] {process_utils.py:191} INFO - -=++-+%%@%@@@@%+=-++***#@@@@@@@@@@@@%:+@@*%+=%@@@@@@%%#%%#*=+--:-=#++**%#*+=+++++===+**####=*%%%%%%%
[2024-08-02T17:37:56.586+0900] {process_utils.py:191} INFO - -=++#%%####+-:---=*%%@@%#######**++++=+++++++++%%=+%@@%##*+==-=++=+*****##*===+++++==*#####*+#%%##%%
[2024-08-02T17:37:56.587+0900] {process_utils.py:191} INFO - -=*+=---==+=-::::-*@@@%+=======++++++++++++++*#%#**%%%*==-+*=--+==*****#**+=====+++++=***+++=+==::::
[2024-08-02T17:37:56.587+0900] {process_utils.py:191} INFO - =#*=++++++*###**==*@@@%=======++++++++*@@@@@@@@%%#####-:=+----==******##****+++++***==-=+=:::.::::::
[2024-08-02T17:37:56.587+0900] {process_utils.py:191} INFO - #%*+*++++**##*###*+#@@#=========++++==*%%%%%%%%######*=-----==+*********##########*+====::::::::::::
[2024-08-02T17:37:56.587+0900] {process_utils.py:191} INFO - ++++*#%%@%*##*##***%@@*===============+%##%%######%%%%*==-===+*********+=+*#######*++++-:::--::-----
[2024-08-02T17:37:56.587+0900] {process_utils.py:191} INFO - ===+*#%@@%*##**#**+=--================+%%#%%###%#%%%%%#======*#######*-:-++*####*****++:------------
[2024-08-02T17:37:56.587+0900] {process_utils.py:191} INFO - =+=------=##**##**+=--================+%%#%%###%%#%%%%%+=====+###**++==----:-*####****=------==-====
[2024-08-02T17:37:56.587+0900] {process_utils.py:191} INFO - 
[2024-08-02T17:37:56.609+0900] {python.py:237} INFO - Done. Returned value was: None
[2024-08-02T17:37:56.609+0900] {taskinstance.py:441} INFO - ::group::Post task execution logs
[2024-08-02T17:37:56.613+0900] {taskinstance.py:1206} INFO - Marking task as SUCCESS. dag_id=movie, task_id=transform, run_id=scheduled__2017-01-05T05:08:00+00:00, execution_date=20170105T050800, start_date=20240802T083750, end_date=20240802T083756
[2024-08-02T17:37:56.654+0900] {local_task_job_runner.py:243} INFO - Task exited with return code 0
[2024-08-02T17:37:56.674+0900] {taskinstance.py:3503} INFO - 1 downstream tasks scheduled from follow-on schedule check
[2024-08-02T17:37:56.680+0900] {local_task_job_runner.py:222} INFO - ::endgroup::
