[2024-08-02T16:52:22.003+0900] {local_task_job_runner.py:120} INFO - ::group::Pre task execution logs
[2024-08-02T16:52:22.024+0900] {taskinstance.py:2076} INFO - Dependencies all met for dep_context=non-requeueable deps ti=<TaskInstance: movie.get.data scheduled__2017-01-01T05:22:00+00:00 [queued]>
[2024-08-02T16:52:22.030+0900] {taskinstance.py:2076} INFO - Dependencies all met for dep_context=requeueable deps ti=<TaskInstance: movie.get.data scheduled__2017-01-01T05:22:00+00:00 [queued]>
[2024-08-02T16:52:22.030+0900] {taskinstance.py:2306} INFO - Starting attempt 1 of 3
[2024-08-02T16:52:22.048+0900] {taskinstance.py:2330} INFO - Executing <Task(PythonVirtualenvOperator): get.data> on 2017-01-01 05:22:00+00:00
[2024-08-02T16:52:22.051+0900] {standard_task_runner.py:64} INFO - Started process 146139 to run task
[2024-08-02T16:52:22.055+0900] {standard_task_runner.py:90} INFO - Running: ['airflow', 'tasks', 'run', 'movie', 'get.data', 'scheduled__2017-01-01T05:22:00+00:00', '--job-id', '33', '--raw', '--subdir', 'DAGS_FOLDER/movie.py', '--cfg-path', '/tmp/tmpj78m_byt']
[2024-08-02T16:52:22.057+0900] {standard_task_runner.py:91} INFO - Job 33: Subtask get.data
[2024-08-02T16:52:22.094+0900] {task_command.py:426} INFO - Running <TaskInstance: movie.get.data scheduled__2017-01-01T05:22:00+00:00 [running]> on host playdata.
[2024-08-02T16:52:22.159+0900] {taskinstance.py:2648} INFO - Exporting env vars: AIRFLOW_CTX_DAG_OWNER='airflow' AIRFLOW_CTX_DAG_ID='movie' AIRFLOW_CTX_TASK_ID='get.data' AIRFLOW_CTX_EXECUTION_DATE='2017-01-01T05:22:00+00:00' AIRFLOW_CTX_TRY_NUMBER='1' AIRFLOW_CTX_DAG_RUN_ID='scheduled__2017-01-01T05:22:00+00:00'
[2024-08-02T16:52:22.160+0900] {taskinstance.py:430} INFO - ::endgroup::
[2024-08-02T16:52:22.171+0900] {baseoperator.py:400} WARNING - PythonVirtualenvOperator.execute cannot be called outside TaskInstance!
[2024-08-02T16:52:22.172+0900] {process_utils.py:183} INFO - Executing cmd: /home/oddsummer/.pyenv/versions/3.11.9/envs/air/bin/python -m virtualenv /tmp/venv_pt5wl22 --python=python
[2024-08-02T16:52:22.172+0900] {process_utils.py:187} INFO - Output:
[2024-08-02T16:52:22.570+0900] {process_utils.py:191} INFO - created virtual environment CPython3.11.9.final.0-64 in 293ms
[2024-08-02T16:52:22.570+0900] {process_utils.py:191} INFO -   creator CPython3Posix(dest=/tmp/venv_pt5wl22, clear=False, no_vcs_ignore=False, global=False)
[2024-08-02T16:52:22.571+0900] {process_utils.py:191} INFO -   seeder FromAppData(download=False, pip=bundle, setuptools=bundle, wheel=bundle, via=copy, app_data_dir=/home/oddsummer/.local/share/virtualenv)
[2024-08-02T16:52:22.571+0900] {process_utils.py:191} INFO -     added seed packages: pip==24.1.2, setuptools==70.2.0, wheel==0.43.0
[2024-08-02T16:52:22.571+0900] {process_utils.py:191} INFO -   activators BashActivator,CShellActivator,FishActivator,NushellActivator,PowerShellActivator,PythonActivator
[2024-08-02T16:52:22.596+0900] {process_utils.py:183} INFO - Executing cmd: /tmp/venv_pt5wl22/bin/pip install -r /tmp/venv_pt5wl22/requirements.txt
[2024-08-02T16:52:22.597+0900] {process_utils.py:187} INFO - Output:
[2024-08-02T16:52:23.518+0900] {process_utils.py:191} INFO - Collecting git+https://github.com/7-TRG/extract_trg.git@main (from -r /tmp/venv_pt5wl22/requirements.txt (line 1))
[2024-08-02T16:52:23.519+0900] {process_utils.py:191} INFO -   Cloning https://github.com/7-TRG/extract_trg.git (to revision main) to /tmp/pip-req-build-dr3dp_vx
[2024-08-02T16:52:23.521+0900] {process_utils.py:191} INFO -   Running command git clone --filter=blob:none --quiet https://github.com/7-TRG/extract_trg.git /tmp/pip-req-build-dr3dp_vx
[2024-08-02T16:52:25.344+0900] {process_utils.py:191} INFO -   Resolved https://github.com/7-TRG/extract_trg.git to commit 0712b3f1bbaeeeea58bf80749079a62c7e1bec3d
[2024-08-02T16:52:25.349+0900] {process_utils.py:191} INFO -   Installing build dependencies: started
[2024-08-02T16:52:27.136+0900] {process_utils.py:191} INFO -   Installing build dependencies: finished with status 'done'
[2024-08-02T16:52:27.137+0900] {process_utils.py:191} INFO -   Getting requirements to build wheel: started
[2024-08-02T16:52:27.388+0900] {process_utils.py:191} INFO -   Getting requirements to build wheel: finished with status 'done'
[2024-08-02T16:52:27.389+0900] {process_utils.py:191} INFO -   Preparing metadata (pyproject.toml): started
[2024-08-02T16:52:27.630+0900] {process_utils.py:191} INFO -   Preparing metadata (pyproject.toml): finished with status 'done'
[2024-08-02T16:52:27.633+0900] {process_utils.py:191} INFO - Building wheels for collected packages: extract_trg
[2024-08-02T16:52:27.637+0900] {process_utils.py:191} INFO -   Building wheel for extract_trg (pyproject.toml): started
[2024-08-02T16:52:27.898+0900] {process_utils.py:191} INFO -   Building wheel for extract_trg (pyproject.toml): finished with status 'done'
[2024-08-02T16:52:27.899+0900] {process_utils.py:191} INFO -   Created wheel for extract_trg: filename=extract_trg-0.1.0-py3-none-any.whl size=2219 sha256=dc363495cff499ce23ca3fde5bf6759246dd014af33502b2074b1136a35858a5
[2024-08-02T16:52:27.899+0900] {process_utils.py:191} INFO -   Stored in directory: /tmp/pip-ephem-wheel-cache-nlc7molj/wheels/21/97/ea/e27bc4298590f1b8a2b9c46b60aefbe2e3076cf05f6bd5e464
[2024-08-02T16:52:27.902+0900] {process_utils.py:191} INFO - Successfully built extract_trg
[2024-08-02T16:52:27.912+0900] {process_utils.py:191} INFO - Installing collected packages: extract_trg
[2024-08-02T16:52:27.926+0900] {process_utils.py:191} INFO - Successfully installed extract_trg-0.1.0
[2024-08-02T16:52:27.934+0900] {process_utils.py:191} INFO - 
[2024-08-02T16:52:27.935+0900] {process_utils.py:191} INFO - [notice] A new release of pip is available: 24.1.2 -> 24.2
[2024-08-02T16:52:27.935+0900] {process_utils.py:191} INFO - [notice] To update, run: python -m pip install --upgrade pip
[2024-08-02T16:52:28.027+0900] {process_utils.py:183} INFO - Executing cmd: /tmp/venv_pt5wl22/bin/python /tmp/venv-call6d3y6pcb/script.py /tmp/venv-call6d3y6pcb/script.in /tmp/venv-call6d3y6pcb/script.out /tmp/venv-call6d3y6pcb/string_args.txt /tmp/venv-call6d3y6pcb/termination.log
[2024-08-02T16:52:28.027+0900] {process_utils.py:187} INFO - Output:
[2024-08-02T16:52:28.046+0900] {process_utils.py:191} INFO - 
[2024-08-02T16:52:28.046+0900] {process_utils.py:191} INFO - ---------------======---::::::------+--=======++++++++++===--:...::-=--==============--:.....:-=====
[2024-08-02T16:52:28.046+0900] {process_utils.py:191} INFO - ----::---------------------===--::--+-----=============++++++===---:....--===============--:...:-===
[2024-08-02T16:52:28.047+0900] {process_utils.py:191} INFO - ----------------------------------=++----------------------=+===========-::.:-======================
[2024-08-02T16:52:28.047+0900] {process_utils.py:191} INFO - =----------------------------------==-----------------------=-----==============================+=--
[2024-08-02T16:52:28.047+0900] {process_utils.py:191} INFO - %%####=----------------------------==----------------------=-::::-----======+*%#++================::
[2024-08-02T16:52:28.048+0900] {process_utils.py:191} INFO - %%%%%#=----------------------------=-:---------------------=--==--------=====*#*=================-::
[2024-08-02T16:52:28.048+0900] {process_utils.py:191} INFO - @@%%%*-----------------+***++=-----=-::-------------------:+---------=====+++====================-::
[2024-08-02T16:52:28.048+0900] {process_utils.py:191} INFO - @@%%%*---------------#%%%%##%%#=---=-+##*#+----------------=------------=====+====-=--===========-::
[2024-08-02T16:52:28.048+0900] {process_utils.py:191} INFO - @@@%%+--=+*%%%+-----+%@@%#++%%%#=--=*%+===#+::----------::=-----------=+*##*++=-----------=======-::
[2024-08-02T16:52:28.048+0900] {process_utils.py:191} INFO - +++++=-+#+***#*=-----#*++**+#@@@*--+#+**+***-:=-:---=*+-::=-----==+++*######%%%#=-------------==-:::
[2024-08-02T16:52:28.049+0900] {process_utils.py:191} INFO - *******-:::-*=-------+===+=-=+#%%:-=++++=+==-:=-:::=%%#-::###=-*#%%%%%%%%%%%%%%%%+---------------:::
[2024-08-02T16:52:28.049+0900] {process_utils.py:191} INFO - =====+=:--::+---+--+**++++*+++#%*-=--**++++-:=++=::+#*-::=%%%#*#%%%%%%%%@@%%%%@@%%#====------+#%%=-*
[2024-08-02T16:52:28.049+0900] {process_utils.py:191} INFO - =-==++---=+==*#%%%%%%=*++++++++==-=-*##*+=##**++=--++-:--*=-=*#%%%@%###*###*+++*%%%*=============-#%
[2024-08-02T16:52:28.049+0900] {process_utils.py:191} INFO - +-=------=*%%%%@%@@@@***=+*#+*##*#%%@@**++%@%%%%*+=--=-=+-:--:#%@@%#*****###*+---+*++#**===---=++*%@
[2024-08-02T16:52:28.049+0900] {process_utils.py:191} INFO - --==-::-*%%%@@@@@@@%#*=-+++%@%##%%@@@@@%#%@@@%%@%%%*=--=#%####-%@%%####++++++=---==++*####*+++*%@%@@
[2024-08-02T16:52:28.050+0900] {process_utils.py:191} INFO - -=*+=-=#@@@@@@@@@#*+++++*@@@@@@@@@@@@@@@@@@@@@@@@@@@#+==-+*+#=:-+#%##**==++**+++=====+*###*+**#@%##%
[2024-08-02T16:52:28.050+0900] {process_utils.py:191} INFO - -=++-+%%@%@@@@%+=-++***#@@@@@@@@@@@@%:+@@*%+=%@@@@@@%%#%%#*=+--:-=#++**%#*+=+++++===+**####=*%%%%%%%
[2024-08-02T16:52:28.050+0900] {process_utils.py:191} INFO - -=++#%%####+-:---=*%%@@%#######**++++=+++++++++%%=+%@@%##*+==-=++=+*****##*===+++++==*#####*+#%%##%%
[2024-08-02T16:52:28.050+0900] {process_utils.py:191} INFO - -=*+=---==+=-::::-*@@@%+=======++++++++++++++*#%#**%%%*==-+*=--+==*****#**+=====+++++=***+++=+==::::
[2024-08-02T16:52:28.050+0900] {process_utils.py:191} INFO - =#*=++++++*###**==*@@@%=======++++++++*@@@@@@@@%%#####-:=+----==******##****+++++***==-=+=:::.::::::
[2024-08-02T16:52:28.051+0900] {process_utils.py:191} INFO - #%*+*++++**##*###*+#@@#=========++++==*%%%%%%%%######*=-----==+*********##########*+====::::::::::::
[2024-08-02T16:52:28.051+0900] {process_utils.py:191} INFO - ++++*#%%@%*##*##***%@@*===============+%##%%######%%%%*==-===+*********+=+*#######*++++-:::--::-----
[2024-08-02T16:52:28.051+0900] {process_utils.py:191} INFO - ===+*#%@@%*##**#**+=--================+%%#%%###%#%%%%%#======*#######*-:-++*####*****++:------------
[2024-08-02T16:52:28.051+0900] {process_utils.py:191} INFO - =+=------=##**##**+=--================+%%#%%###%%#%%%%%+=====+###**++==----:-*####****=------==-====
[2024-08-02T16:52:28.051+0900] {process_utils.py:191} INFO - 
[2024-08-02T16:52:28.072+0900] {python.py:237} INFO - Done. Returned value was: None
[2024-08-02T16:52:28.073+0900] {taskinstance.py:441} INFO - ::group::Post task execution logs
[2024-08-02T16:52:28.077+0900] {taskinstance.py:1206} INFO - Marking task as SUCCESS. dag_id=movie, task_id=get.data, run_id=scheduled__2017-01-01T05:22:00+00:00, execution_date=20170101T052200, start_date=20240802T075222, end_date=20240802T075228
[2024-08-02T16:52:28.141+0900] {local_task_job_runner.py:243} INFO - Task exited with return code 0
[2024-08-02T16:52:28.158+0900] {taskinstance.py:3503} INFO - 0 downstream tasks scheduled from follow-on schedule check
[2024-08-02T16:52:28.159+0900] {local_task_job_runner.py:222} INFO - ::endgroup::
