[2024-08-02T16:55:31.428+0900] {local_task_job_runner.py:120} INFO - ::group::Pre task execution logs
[2024-08-02T16:55:31.450+0900] {taskinstance.py:2076} INFO - Dependencies all met for dep_context=non-requeueable deps ti=<TaskInstance: movie.get.data scheduled__2017-01-01T05:39:00+00:00 [queued]>
[2024-08-02T16:55:31.456+0900] {taskinstance.py:2076} INFO - Dependencies all met for dep_context=requeueable deps ti=<TaskInstance: movie.get.data scheduled__2017-01-01T05:39:00+00:00 [queued]>
[2024-08-02T16:55:31.456+0900] {taskinstance.py:2306} INFO - Starting attempt 1 of 3
[2024-08-02T16:55:31.472+0900] {taskinstance.py:2330} INFO - Executing <Task(PythonVirtualenvOperator): get.data> on 2017-01-01 05:39:00+00:00
[2024-08-02T16:55:31.475+0900] {standard_task_runner.py:64} INFO - Started process 147549 to run task
[2024-08-02T16:55:31.479+0900] {standard_task_runner.py:90} INFO - Running: ['airflow', 'tasks', 'run', 'movie', 'get.data', 'scheduled__2017-01-01T05:39:00+00:00', '--job-id', '50', '--raw', '--subdir', 'DAGS_FOLDER/movie.py', '--cfg-path', '/tmp/tmpuxkcxh_9']
[2024-08-02T16:55:31.481+0900] {standard_task_runner.py:91} INFO - Job 50: Subtask get.data
[2024-08-02T16:55:31.516+0900] {task_command.py:426} INFO - Running <TaskInstance: movie.get.data scheduled__2017-01-01T05:39:00+00:00 [running]> on host playdata.
[2024-08-02T16:55:31.585+0900] {taskinstance.py:2648} INFO - Exporting env vars: AIRFLOW_CTX_DAG_OWNER='airflow' AIRFLOW_CTX_DAG_ID='movie' AIRFLOW_CTX_TASK_ID='get.data' AIRFLOW_CTX_EXECUTION_DATE='2017-01-01T05:39:00+00:00' AIRFLOW_CTX_TRY_NUMBER='1' AIRFLOW_CTX_DAG_RUN_ID='scheduled__2017-01-01T05:39:00+00:00'
[2024-08-02T16:55:31.585+0900] {taskinstance.py:430} INFO - ::endgroup::
[2024-08-02T16:55:31.596+0900] {baseoperator.py:400} WARNING - PythonVirtualenvOperator.execute cannot be called outside TaskInstance!
[2024-08-02T16:55:31.597+0900] {process_utils.py:183} INFO - Executing cmd: /home/oddsummer/.pyenv/versions/3.11.9/envs/air/bin/python -m virtualenv /tmp/venv765o898h --python=python
[2024-08-02T16:55:31.598+0900] {process_utils.py:187} INFO - Output:
[2024-08-02T16:55:31.944+0900] {process_utils.py:191} INFO - created virtual environment CPython3.11.9.final.0-64 in 238ms
[2024-08-02T16:55:31.944+0900] {process_utils.py:191} INFO -   creator CPython3Posix(dest=/tmp/venv765o898h, clear=False, no_vcs_ignore=False, global=False)
[2024-08-02T16:55:31.944+0900] {process_utils.py:191} INFO -   seeder FromAppData(download=False, pip=bundle, setuptools=bundle, wheel=bundle, via=copy, app_data_dir=/home/oddsummer/.local/share/virtualenv)
[2024-08-02T16:55:31.944+0900] {process_utils.py:191} INFO -     added seed packages: pip==24.1.2, setuptools==70.2.0, wheel==0.43.0
[2024-08-02T16:55:31.944+0900] {process_utils.py:191} INFO -   activators BashActivator,CShellActivator,FishActivator,NushellActivator,PowerShellActivator,PythonActivator
[2024-08-02T16:55:31.969+0900] {process_utils.py:183} INFO - Executing cmd: /tmp/venv765o898h/bin/pip install -r /tmp/venv765o898h/requirements.txt
[2024-08-02T16:55:31.969+0900] {process_utils.py:187} INFO - Output:
[2024-08-02T16:55:32.897+0900] {process_utils.py:191} INFO - Collecting git+https://github.com/7-TRG/extract_trg.git@main (from -r /tmp/venv765o898h/requirements.txt (line 1))
[2024-08-02T16:55:32.898+0900] {process_utils.py:191} INFO -   Cloning https://github.com/7-TRG/extract_trg.git (to revision main) to /tmp/pip-req-build-qgegogok
[2024-08-02T16:55:32.901+0900] {process_utils.py:191} INFO -   Running command git clone --filter=blob:none --quiet https://github.com/7-TRG/extract_trg.git /tmp/pip-req-build-qgegogok
[2024-08-02T16:55:34.692+0900] {process_utils.py:191} INFO -   Resolved https://github.com/7-TRG/extract_trg.git to commit 0712b3f1bbaeeeea58bf80749079a62c7e1bec3d
[2024-08-02T16:55:34.699+0900] {process_utils.py:191} INFO -   Installing build dependencies: started
[2024-08-02T16:55:36.594+0900] {process_utils.py:191} INFO -   Installing build dependencies: finished with status 'done'
[2024-08-02T16:55:36.595+0900] {process_utils.py:191} INFO -   Getting requirements to build wheel: started
[2024-08-02T16:55:36.833+0900] {process_utils.py:191} INFO -   Getting requirements to build wheel: finished with status 'done'
[2024-08-02T16:55:36.835+0900] {process_utils.py:191} INFO -   Preparing metadata (pyproject.toml): started
[2024-08-02T16:55:37.086+0900] {process_utils.py:191} INFO -   Preparing metadata (pyproject.toml): finished with status 'done'
[2024-08-02T16:55:37.088+0900] {process_utils.py:191} INFO - Building wheels for collected packages: extract_trg
[2024-08-02T16:55:37.092+0900] {process_utils.py:191} INFO -   Building wheel for extract_trg (pyproject.toml): started
[2024-08-02T16:55:37.361+0900] {process_utils.py:191} INFO -   Building wheel for extract_trg (pyproject.toml): finished with status 'done'
[2024-08-02T16:55:37.362+0900] {process_utils.py:191} INFO -   Created wheel for extract_trg: filename=extract_trg-0.1.0-py3-none-any.whl size=2219 sha256=780b5bb2f9ca5017c934d4e93d5516fd02730f872fb9f5a1b102d33be7f55411
[2024-08-02T16:55:37.362+0900] {process_utils.py:191} INFO -   Stored in directory: /tmp/pip-ephem-wheel-cache-azcmhryc/wheels/21/97/ea/e27bc4298590f1b8a2b9c46b60aefbe2e3076cf05f6bd5e464
[2024-08-02T16:55:37.364+0900] {process_utils.py:191} INFO - Successfully built extract_trg
[2024-08-02T16:55:37.375+0900] {process_utils.py:191} INFO - Installing collected packages: extract_trg
[2024-08-02T16:55:37.391+0900] {process_utils.py:191} INFO - Successfully installed extract_trg-0.1.0
[2024-08-02T16:55:37.397+0900] {process_utils.py:191} INFO - 
[2024-08-02T16:55:37.397+0900] {process_utils.py:191} INFO - [notice] A new release of pip is available: 24.1.2 -> 24.2
[2024-08-02T16:55:37.397+0900] {process_utils.py:191} INFO - [notice] To update, run: python -m pip install --upgrade pip
[2024-08-02T16:55:37.488+0900] {process_utils.py:183} INFO - Executing cmd: /tmp/venv765o898h/bin/python /tmp/venv-callu4enkl83/script.py /tmp/venv-callu4enkl83/script.in /tmp/venv-callu4enkl83/script.out /tmp/venv-callu4enkl83/string_args.txt /tmp/venv-callu4enkl83/termination.log
[2024-08-02T16:55:37.489+0900] {process_utils.py:187} INFO - Output:
[2024-08-02T16:55:37.508+0900] {process_utils.py:191} INFO - 
[2024-08-02T16:55:37.509+0900] {process_utils.py:191} INFO - ---------------======---::::::------+--=======++++++++++===--:...::-=--==============--:.....:-=====
[2024-08-02T16:55:37.509+0900] {process_utils.py:191} INFO - ----::---------------------===--::--+-----=============++++++===---:....--===============--:...:-===
[2024-08-02T16:55:37.509+0900] {process_utils.py:191} INFO - ----------------------------------=++----------------------=+===========-::.:-======================
[2024-08-02T16:55:37.510+0900] {process_utils.py:191} INFO - =----------------------------------==-----------------------=-----==============================+=--
[2024-08-02T16:55:37.510+0900] {process_utils.py:191} INFO - %%####=----------------------------==----------------------=-::::-----======+*%#++================::
[2024-08-02T16:55:37.510+0900] {process_utils.py:191} INFO - %%%%%#=----------------------------=-:---------------------=--==--------=====*#*=================-::
[2024-08-02T16:55:37.510+0900] {process_utils.py:191} INFO - @@%%%*-----------------+***++=-----=-::-------------------:+---------=====+++====================-::
[2024-08-02T16:55:37.510+0900] {process_utils.py:191} INFO - @@%%%*---------------#%%%%##%%#=---=-+##*#+----------------=------------=====+====-=--===========-::
[2024-08-02T16:55:37.511+0900] {process_utils.py:191} INFO - @@@%%+--=+*%%%+-----+%@@%#++%%%#=--=*%+===#+::----------::=-----------=+*##*++=-----------=======-::
[2024-08-02T16:55:37.511+0900] {process_utils.py:191} INFO - +++++=-+#+***#*=-----#*++**+#@@@*--+#+**+***-:=-:---=*+-::=-----==+++*######%%%#=-------------==-:::
[2024-08-02T16:55:37.511+0900] {process_utils.py:191} INFO - *******-:::-*=-------+===+=-=+#%%:-=++++=+==-:=-:::=%%#-::###=-*#%%%%%%%%%%%%%%%%+---------------:::
[2024-08-02T16:55:37.511+0900] {process_utils.py:191} INFO - =====+=:--::+---+--+**++++*+++#%*-=--**++++-:=++=::+#*-::=%%%#*#%%%%%%%%@@%%%%@@%%#====------+#%%=-*
[2024-08-02T16:55:37.511+0900] {process_utils.py:191} INFO - =-==++---=+==*#%%%%%%=*++++++++==-=-*##*+=##**++=--++-:--*=-=*#%%%@%###*###*+++*%%%*=============-#%
[2024-08-02T16:55:37.511+0900] {process_utils.py:191} INFO - +-=------=*%%%%@%@@@@***=+*#+*##*#%%@@**++%@%%%%*+=--=-=+-:--:#%@@%#*****###*+---+*++#**===---=++*%@
[2024-08-02T16:55:37.512+0900] {process_utils.py:191} INFO - --==-::-*%%%@@@@@@@%#*=-+++%@%##%%@@@@@%#%@@@%%@%%%*=--=#%####-%@%%####++++++=---==++*####*+++*%@%@@
[2024-08-02T16:55:37.512+0900] {process_utils.py:191} INFO - -=*+=-=#@@@@@@@@@#*+++++*@@@@@@@@@@@@@@@@@@@@@@@@@@@#+==-+*+#=:-+#%##**==++**+++=====+*###*+**#@%##%
[2024-08-02T16:55:37.512+0900] {process_utils.py:191} INFO - -=++-+%%@%@@@@%+=-++***#@@@@@@@@@@@@%:+@@*%+=%@@@@@@%%#%%#*=+--:-=#++**%#*+=+++++===+**####=*%%%%%%%
[2024-08-02T16:55:37.512+0900] {process_utils.py:191} INFO - -=++#%%####+-:---=*%%@@%#######**++++=+++++++++%%=+%@@%##*+==-=++=+*****##*===+++++==*#####*+#%%##%%
[2024-08-02T16:55:37.513+0900] {process_utils.py:191} INFO - -=*+=---==+=-::::-*@@@%+=======++++++++++++++*#%#**%%%*==-+*=--+==*****#**+=====+++++=***+++=+==::::
[2024-08-02T16:55:37.513+0900] {process_utils.py:191} INFO - =#*=++++++*###**==*@@@%=======++++++++*@@@@@@@@%%#####-:=+----==******##****+++++***==-=+=:::.::::::
[2024-08-02T16:55:37.513+0900] {process_utils.py:191} INFO - #%*+*++++**##*###*+#@@#=========++++==*%%%%%%%%######*=-----==+*********##########*+====::::::::::::
[2024-08-02T16:55:37.513+0900] {process_utils.py:191} INFO - ++++*#%%@%*##*##***%@@*===============+%##%%######%%%%*==-===+*********+=+*#######*++++-:::--::-----
[2024-08-02T16:55:37.513+0900] {process_utils.py:191} INFO - ===+*#%@@%*##**#**+=--================+%%#%%###%#%%%%%#======*#######*-:-++*####*****++:------------
[2024-08-02T16:55:37.513+0900] {process_utils.py:191} INFO - =+=------=##**##**+=--================+%%#%%###%%#%%%%%+=====+###**++==----:-*####****=------==-====
[2024-08-02T16:55:37.513+0900] {process_utils.py:191} INFO - 
[2024-08-02T16:55:37.536+0900] {python.py:237} INFO - Done. Returned value was: None
[2024-08-02T16:55:37.536+0900] {taskinstance.py:441} INFO - ::group::Post task execution logs
[2024-08-02T16:55:37.540+0900] {taskinstance.py:1206} INFO - Marking task as SUCCESS. dag_id=movie, task_id=get.data, run_id=scheduled__2017-01-01T05:39:00+00:00, execution_date=20170101T053900, start_date=20240802T075531, end_date=20240802T075537
[2024-08-02T16:55:37.606+0900] {local_task_job_runner.py:243} INFO - Task exited with return code 0
[2024-08-02T16:55:37.623+0900] {taskinstance.py:3503} INFO - 0 downstream tasks scheduled from follow-on schedule check
[2024-08-02T16:55:37.623+0900] {local_task_job_runner.py:222} INFO - ::endgroup::
