[2024-08-02T17:05:07.334+0900] {local_task_job_runner.py:120} INFO - ::group::Pre task execution logs
[2024-08-02T17:05:07.372+0900] {taskinstance.py:2076} INFO - Dependencies all met for dep_context=non-requeueable deps ti=<TaskInstance: movie.get.data scheduled__2017-01-02T05:29:00+00:00 [queued]>
[2024-08-02T17:05:07.388+0900] {taskinstance.py:2076} INFO - Dependencies all met for dep_context=requeueable deps ti=<TaskInstance: movie.get.data scheduled__2017-01-02T05:29:00+00:00 [queued]>
[2024-08-02T17:05:07.388+0900] {taskinstance.py:2306} INFO - Starting attempt 1 of 3
[2024-08-02T17:05:07.439+0900] {taskinstance.py:2330} INFO - Executing <Task(PythonVirtualenvOperator): get.data> on 2017-01-02 05:29:00+00:00
[2024-08-02T17:05:07.443+0900] {standard_task_runner.py:64} INFO - Started process 153309 to run task
[2024-08-02T17:05:07.450+0900] {standard_task_runner.py:90} INFO - Running: ['airflow', 'tasks', 'run', 'movie', 'get.data', 'scheduled__2017-01-02T05:29:00+00:00', '--job-id', '100', '--raw', '--subdir', 'DAGS_FOLDER/movie.py', '--cfg-path', '/tmp/tmp58skqvc6']
[2024-08-02T17:05:07.452+0900] {standard_task_runner.py:91} INFO - Job 100: Subtask get.data
[2024-08-02T17:05:07.521+0900] {task_command.py:426} INFO - Running <TaskInstance: movie.get.data scheduled__2017-01-02T05:29:00+00:00 [running]> on host playdata.
[2024-08-02T17:05:07.649+0900] {taskinstance.py:2648} INFO - Exporting env vars: AIRFLOW_CTX_DAG_OWNER='airflow' AIRFLOW_CTX_DAG_ID='movie' AIRFLOW_CTX_TASK_ID='get.data' AIRFLOW_CTX_EXECUTION_DATE='2017-01-02T05:29:00+00:00' AIRFLOW_CTX_TRY_NUMBER='1' AIRFLOW_CTX_DAG_RUN_ID='scheduled__2017-01-02T05:29:00+00:00'
[2024-08-02T17:05:07.651+0900] {taskinstance.py:430} INFO - ::endgroup::
[2024-08-02T17:05:07.668+0900] {baseoperator.py:400} WARNING - PythonVirtualenvOperator.execute cannot be called outside TaskInstance!
[2024-08-02T17:05:07.669+0900] {process_utils.py:183} INFO - Executing cmd: /home/oddsummer/.pyenv/versions/3.11.9/envs/air/bin/python -m virtualenv /tmp/venvbs91fy27 --python=python
[2024-08-02T17:05:07.671+0900] {process_utils.py:187} INFO - Output:
[2024-08-02T17:05:08.354+0900] {process_utils.py:191} INFO - created virtual environment CPython3.11.9.final.0-64 in 414ms
[2024-08-02T17:05:08.354+0900] {process_utils.py:191} INFO -   creator CPython3Posix(dest=/tmp/venvbs91fy27, clear=False, no_vcs_ignore=False, global=False)
[2024-08-02T17:05:08.354+0900] {process_utils.py:191} INFO -   seeder FromAppData(download=False, pip=bundle, setuptools=bundle, wheel=bundle, via=copy, app_data_dir=/home/oddsummer/.local/share/virtualenv)
[2024-08-02T17:05:08.354+0900] {process_utils.py:191} INFO -     added seed packages: pip==24.1.2, setuptools==70.2.0, wheel==0.43.0
[2024-08-02T17:05:08.354+0900] {process_utils.py:191} INFO -   activators BashActivator,CShellActivator,FishActivator,NushellActivator,PowerShellActivator,PythonActivator
[2024-08-02T17:05:08.386+0900] {process_utils.py:183} INFO - Executing cmd: /tmp/venvbs91fy27/bin/pip install -r /tmp/venvbs91fy27/requirements.txt
[2024-08-02T17:05:08.387+0900] {process_utils.py:187} INFO - Output:
[2024-08-02T17:05:09.670+0900] {process_utils.py:191} INFO - Collecting git+https://github.com/7-TRG/extract_trg.git@main (from -r /tmp/venvbs91fy27/requirements.txt (line 1))
[2024-08-02T17:05:09.671+0900] {process_utils.py:191} INFO -   Cloning https://github.com/7-TRG/extract_trg.git (to revision main) to /tmp/pip-req-build-82lojad2
[2024-08-02T17:05:09.674+0900] {process_utils.py:191} INFO -   Running command git clone --filter=blob:none --quiet https://github.com/7-TRG/extract_trg.git /tmp/pip-req-build-82lojad2
[2024-08-02T17:05:11.390+0900] {process_utils.py:191} INFO -   Resolved https://github.com/7-TRG/extract_trg.git to commit 0712b3f1bbaeeeea58bf80749079a62c7e1bec3d
[2024-08-02T17:05:11.396+0900] {process_utils.py:191} INFO -   Installing build dependencies: started
[2024-08-02T17:05:13.316+0900] {process_utils.py:191} INFO -   Installing build dependencies: finished with status 'done'
[2024-08-02T17:05:13.317+0900] {process_utils.py:191} INFO -   Getting requirements to build wheel: started
[2024-08-02T17:05:13.584+0900] {process_utils.py:191} INFO -   Getting requirements to build wheel: finished with status 'done'
[2024-08-02T17:05:13.585+0900] {process_utils.py:191} INFO -   Preparing metadata (pyproject.toml): started
[2024-08-02T17:05:13.839+0900] {process_utils.py:191} INFO -   Preparing metadata (pyproject.toml): finished with status 'done'
[2024-08-02T17:05:13.841+0900] {process_utils.py:191} INFO - Building wheels for collected packages: extract_trg
[2024-08-02T17:05:13.847+0900] {process_utils.py:191} INFO -   Building wheel for extract_trg (pyproject.toml): started
[2024-08-02T17:05:14.220+0900] {process_utils.py:191} INFO -   Building wheel for extract_trg (pyproject.toml): finished with status 'done'
[2024-08-02T17:05:14.220+0900] {process_utils.py:191} INFO -   Created wheel for extract_trg: filename=extract_trg-0.1.0-py3-none-any.whl size=2219 sha256=848e02976b11a5c0712eb093ea5fa46c852a0a7da0fd04c46887771abdb26f33
[2024-08-02T17:05:14.221+0900] {process_utils.py:191} INFO -   Stored in directory: /tmp/pip-ephem-wheel-cache-owqj38go/wheels/21/97/ea/e27bc4298590f1b8a2b9c46b60aefbe2e3076cf05f6bd5e464
[2024-08-02T17:05:14.223+0900] {process_utils.py:191} INFO - Successfully built extract_trg
[2024-08-02T17:05:14.236+0900] {process_utils.py:191} INFO - Installing collected packages: extract_trg
[2024-08-02T17:05:14.257+0900] {process_utils.py:191} INFO - Successfully installed extract_trg-0.1.0
[2024-08-02T17:05:14.263+0900] {process_utils.py:191} INFO - 
[2024-08-02T17:05:14.264+0900] {process_utils.py:191} INFO - [notice] A new release of pip is available: 24.1.2 -> 24.2
[2024-08-02T17:05:14.264+0900] {process_utils.py:191} INFO - [notice] To update, run: python -m pip install --upgrade pip
[2024-08-02T17:05:14.366+0900] {process_utils.py:183} INFO - Executing cmd: /tmp/venvbs91fy27/bin/python /tmp/venv-callrlgb1y1o/script.py /tmp/venv-callrlgb1y1o/script.in /tmp/venv-callrlgb1y1o/script.out /tmp/venv-callrlgb1y1o/string_args.txt /tmp/venv-callrlgb1y1o/termination.log
[2024-08-02T17:05:14.366+0900] {process_utils.py:187} INFO - Output:
[2024-08-02T17:05:14.387+0900] {process_utils.py:191} INFO - 
[2024-08-02T17:05:14.388+0900] {process_utils.py:191} INFO - ---------------======---::::::------+--=======++++++++++===--:...::-=--==============--:.....:-=====
[2024-08-02T17:05:14.388+0900] {process_utils.py:191} INFO - ----::---------------------===--::--+-----=============++++++===---:....--===============--:...:-===
[2024-08-02T17:05:14.388+0900] {process_utils.py:191} INFO - ----------------------------------=++----------------------=+===========-::.:-======================
[2024-08-02T17:05:14.388+0900] {process_utils.py:191} INFO - =----------------------------------==-----------------------=-----==============================+=--
[2024-08-02T17:05:14.388+0900] {process_utils.py:191} INFO - %%####=----------------------------==----------------------=-::::-----======+*%#++================::
[2024-08-02T17:05:14.388+0900] {process_utils.py:191} INFO - %%%%%#=----------------------------=-:---------------------=--==--------=====*#*=================-::
[2024-08-02T17:05:14.389+0900] {process_utils.py:191} INFO - @@%%%*-----------------+***++=-----=-::-------------------:+---------=====+++====================-::
[2024-08-02T17:05:14.389+0900] {process_utils.py:191} INFO - @@%%%*---------------#%%%%##%%#=---=-+##*#+----------------=------------=====+====-=--===========-::
[2024-08-02T17:05:14.389+0900] {process_utils.py:191} INFO - @@@%%+--=+*%%%+-----+%@@%#++%%%#=--=*%+===#+::----------::=-----------=+*##*++=-----------=======-::
[2024-08-02T17:05:14.389+0900] {process_utils.py:191} INFO - +++++=-+#+***#*=-----#*++**+#@@@*--+#+**+***-:=-:---=*+-::=-----==+++*######%%%#=-------------==-:::
[2024-08-02T17:05:14.389+0900] {process_utils.py:191} INFO - *******-:::-*=-------+===+=-=+#%%:-=++++=+==-:=-:::=%%#-::###=-*#%%%%%%%%%%%%%%%%+---------------:::
[2024-08-02T17:05:14.389+0900] {process_utils.py:191} INFO - =====+=:--::+---+--+**++++*+++#%*-=--**++++-:=++=::+#*-::=%%%#*#%%%%%%%%@@%%%%@@%%#====------+#%%=-*
[2024-08-02T17:05:14.389+0900] {process_utils.py:191} INFO - =-==++---=+==*#%%%%%%=*++++++++==-=-*##*+=##**++=--++-:--*=-=*#%%%@%###*###*+++*%%%*=============-#%
[2024-08-02T17:05:14.390+0900] {process_utils.py:191} INFO - +-=------=*%%%%@%@@@@***=+*#+*##*#%%@@**++%@%%%%*+=--=-=+-:--:#%@@%#*****###*+---+*++#**===---=++*%@
[2024-08-02T17:05:14.390+0900] {process_utils.py:191} INFO - --==-::-*%%%@@@@@@@%#*=-+++%@%##%%@@@@@%#%@@@%%@%%%*=--=#%####-%@%%####++++++=---==++*####*+++*%@%@@
[2024-08-02T17:05:14.390+0900] {process_utils.py:191} INFO - -=*+=-=#@@@@@@@@@#*+++++*@@@@@@@@@@@@@@@@@@@@@@@@@@@#+==-+*+#=:-+#%##**==++**+++=====+*###*+**#@%##%
[2024-08-02T17:05:14.390+0900] {process_utils.py:191} INFO - -=++-+%%@%@@@@%+=-++***#@@@@@@@@@@@@%:+@@*%+=%@@@@@@%%#%%#*=+--:-=#++**%#*+=+++++===+**####=*%%%%%%%
[2024-08-02T17:05:14.390+0900] {process_utils.py:191} INFO - -=++#%%####+-:---=*%%@@%#######**++++=+++++++++%%=+%@@%##*+==-=++=+*****##*===+++++==*#####*+#%%##%%
[2024-08-02T17:05:14.390+0900] {process_utils.py:191} INFO - -=*+=---==+=-::::-*@@@%+=======++++++++++++++*#%#**%%%*==-+*=--+==*****#**+=====+++++=***+++=+==::::
[2024-08-02T17:05:14.390+0900] {process_utils.py:191} INFO - =#*=++++++*###**==*@@@%=======++++++++*@@@@@@@@%%#####-:=+----==******##****+++++***==-=+=:::.::::::
[2024-08-02T17:05:14.391+0900] {process_utils.py:191} INFO - #%*+*++++**##*###*+#@@#=========++++==*%%%%%%%%######*=-----==+*********##########*+====::::::::::::
[2024-08-02T17:05:14.391+0900] {process_utils.py:191} INFO - ++++*#%%@%*##*##***%@@*===============+%##%%######%%%%*==-===+*********+=+*#######*++++-:::--::-----
[2024-08-02T17:05:14.391+0900] {process_utils.py:191} INFO - ===+*#%@@%*##**#**+=--================+%%#%%###%#%%%%%#======*#######*-:-++*####*****++:------------
[2024-08-02T17:05:14.391+0900] {process_utils.py:191} INFO - =+=------=##**##**+=--================+%%#%%###%%#%%%%%+=====+###**++==----:-*####****=------==-====
[2024-08-02T17:05:14.391+0900] {process_utils.py:191} INFO - 
[2024-08-02T17:05:14.414+0900] {python.py:237} INFO - Done. Returned value was: None
[2024-08-02T17:05:14.414+0900] {taskinstance.py:441} INFO - ::group::Post task execution logs
[2024-08-02T17:05:14.418+0900] {taskinstance.py:1206} INFO - Marking task as SUCCESS. dag_id=movie, task_id=get.data, run_id=scheduled__2017-01-02T05:29:00+00:00, execution_date=20170102T052900, start_date=20240802T080507, end_date=20240802T080514
[2024-08-02T17:05:14.482+0900] {local_task_job_runner.py:243} INFO - Task exited with return code 0
[2024-08-02T17:05:14.499+0900] {taskinstance.py:3503} INFO - 0 downstream tasks scheduled from follow-on schedule check
[2024-08-02T17:05:14.500+0900] {local_task_job_runner.py:222} INFO - ::endgroup::
