[2024-08-02T17:12:30.083+0900] {local_task_job_runner.py:120} INFO - ::group::Pre task execution logs
[2024-08-02T17:12:30.109+0900] {taskinstance.py:2076} INFO - Dependencies all met for dep_context=non-requeueable deps ti=<TaskInstance: movie.get.data scheduled__2017-01-03T05:07:00+00:00 [queued]>
[2024-08-02T17:12:30.117+0900] {taskinstance.py:2076} INFO - Dependencies all met for dep_context=requeueable deps ti=<TaskInstance: movie.get.data scheduled__2017-01-03T05:07:00+00:00 [queued]>
[2024-08-02T17:12:30.117+0900] {taskinstance.py:2306} INFO - Starting attempt 1 of 3
[2024-08-02T17:12:30.136+0900] {taskinstance.py:2330} INFO - Executing <Task(PythonVirtualenvOperator): get.data> on 2017-01-03 05:07:00+00:00
[2024-08-02T17:12:30.138+0900] {standard_task_runner.py:64} INFO - Started process 157870 to run task
[2024-08-02T17:12:30.142+0900] {standard_task_runner.py:90} INFO - Running: ['airflow', 'tasks', 'run', 'movie', 'get.data', 'scheduled__2017-01-03T05:07:00+00:00', '--job-id', '138', '--raw', '--subdir', 'DAGS_FOLDER/movie.py', '--cfg-path', '/tmp/tmpgg3plg08']
[2024-08-02T17:12:30.144+0900] {standard_task_runner.py:91} INFO - Job 138: Subtask get.data
[2024-08-02T17:12:30.191+0900] {task_command.py:426} INFO - Running <TaskInstance: movie.get.data scheduled__2017-01-03T05:07:00+00:00 [running]> on host playdata.
[2024-08-02T17:12:30.269+0900] {taskinstance.py:2648} INFO - Exporting env vars: AIRFLOW_CTX_DAG_OWNER='airflow' AIRFLOW_CTX_DAG_ID='movie' AIRFLOW_CTX_TASK_ID='get.data' AIRFLOW_CTX_EXECUTION_DATE='2017-01-03T05:07:00+00:00' AIRFLOW_CTX_TRY_NUMBER='1' AIRFLOW_CTX_DAG_RUN_ID='scheduled__2017-01-03T05:07:00+00:00'
[2024-08-02T17:12:30.269+0900] {taskinstance.py:430} INFO - ::endgroup::
[2024-08-02T17:12:30.282+0900] {baseoperator.py:400} WARNING - PythonVirtualenvOperator.execute cannot be called outside TaskInstance!
[2024-08-02T17:12:30.283+0900] {process_utils.py:183} INFO - Executing cmd: /home/oddsummer/.pyenv/versions/3.11.9/envs/air/bin/python -m virtualenv /tmp/venvht7yz4xc --python=python
[2024-08-02T17:12:30.284+0900] {process_utils.py:187} INFO - Output:
[2024-08-02T17:12:30.748+0900] {process_utils.py:191} INFO - created virtual environment CPython3.11.9.final.0-64 in 321ms
[2024-08-02T17:12:30.748+0900] {process_utils.py:191} INFO -   creator CPython3Posix(dest=/tmp/venvht7yz4xc, clear=False, no_vcs_ignore=False, global=False)
[2024-08-02T17:12:30.748+0900] {process_utils.py:191} INFO -   seeder FromAppData(download=False, pip=bundle, setuptools=bundle, wheel=bundle, via=copy, app_data_dir=/home/oddsummer/.local/share/virtualenv)
[2024-08-02T17:12:30.749+0900] {process_utils.py:191} INFO -     added seed packages: pip==24.1.2, setuptools==70.2.0, wheel==0.43.0
[2024-08-02T17:12:30.749+0900] {process_utils.py:191} INFO -   activators BashActivator,CShellActivator,FishActivator,NushellActivator,PowerShellActivator,PythonActivator
[2024-08-02T17:12:30.779+0900] {process_utils.py:183} INFO - Executing cmd: /tmp/venvht7yz4xc/bin/pip install -r /tmp/venvht7yz4xc/requirements.txt
[2024-08-02T17:12:30.780+0900] {process_utils.py:187} INFO - Output:
[2024-08-02T17:12:31.836+0900] {process_utils.py:191} INFO - Collecting git+https://github.com/7-TRG/extract_trg.git@main (from -r /tmp/venvht7yz4xc/requirements.txt (line 1))
[2024-08-02T17:12:31.837+0900] {process_utils.py:191} INFO -   Cloning https://github.com/7-TRG/extract_trg.git (to revision main) to /tmp/pip-req-build-klina76j
[2024-08-02T17:12:31.839+0900] {process_utils.py:191} INFO -   Running command git clone --filter=blob:none --quiet https://github.com/7-TRG/extract_trg.git /tmp/pip-req-build-klina76j
[2024-08-02T17:12:33.453+0900] {process_utils.py:191} INFO -   Resolved https://github.com/7-TRG/extract_trg.git to commit 0712b3f1bbaeeeea58bf80749079a62c7e1bec3d
[2024-08-02T17:12:33.457+0900] {process_utils.py:191} INFO -   Installing build dependencies: started
[2024-08-02T17:12:35.716+0900] {process_utils.py:191} INFO -   Installing build dependencies: finished with status 'done'
[2024-08-02T17:12:35.718+0900] {process_utils.py:191} INFO -   Getting requirements to build wheel: started
[2024-08-02T17:12:35.985+0900] {process_utils.py:191} INFO -   Getting requirements to build wheel: finished with status 'done'
[2024-08-02T17:12:35.988+0900] {process_utils.py:191} INFO -   Preparing metadata (pyproject.toml): started
[2024-08-02T17:12:36.261+0900] {process_utils.py:191} INFO -   Preparing metadata (pyproject.toml): finished with status 'done'
[2024-08-02T17:12:36.264+0900] {process_utils.py:191} INFO - Building wheels for collected packages: extract_trg
[2024-08-02T17:12:36.269+0900] {process_utils.py:191} INFO -   Building wheel for extract_trg (pyproject.toml): started
[2024-08-02T17:12:36.721+0900] {process_utils.py:191} INFO -   Building wheel for extract_trg (pyproject.toml): finished with status 'done'
[2024-08-02T17:12:36.722+0900] {process_utils.py:191} INFO -   Created wheel for extract_trg: filename=extract_trg-0.1.0-py3-none-any.whl size=2219 sha256=3da31d1ae82b3355aac3db507de4a9a78f9313170c1f5265bf0eeea19b145d9c
[2024-08-02T17:12:36.722+0900] {process_utils.py:191} INFO -   Stored in directory: /tmp/pip-ephem-wheel-cache-0k1t394r/wheels/21/97/ea/e27bc4298590f1b8a2b9c46b60aefbe2e3076cf05f6bd5e464
[2024-08-02T17:12:36.725+0900] {process_utils.py:191} INFO - Successfully built extract_trg
[2024-08-02T17:12:36.738+0900] {process_utils.py:191} INFO - Installing collected packages: extract_trg
[2024-08-02T17:12:36.758+0900] {process_utils.py:191} INFO - Successfully installed extract_trg-0.1.0
[2024-08-02T17:12:36.771+0900] {process_utils.py:191} INFO - 
[2024-08-02T17:12:36.772+0900] {process_utils.py:191} INFO - [notice] A new release of pip is available: 24.1.2 -> 24.2
[2024-08-02T17:12:36.772+0900] {process_utils.py:191} INFO - [notice] To update, run: python -m pip install --upgrade pip
[2024-08-02T17:12:36.923+0900] {process_utils.py:183} INFO - Executing cmd: /tmp/venvht7yz4xc/bin/python /tmp/venv-callusg5tpps/script.py /tmp/venv-callusg5tpps/script.in /tmp/venv-callusg5tpps/script.out /tmp/venv-callusg5tpps/string_args.txt /tmp/venv-callusg5tpps/termination.log
[2024-08-02T17:12:36.924+0900] {process_utils.py:187} INFO - Output:
[2024-08-02T17:12:36.953+0900] {process_utils.py:191} INFO - 
[2024-08-02T17:12:36.953+0900] {process_utils.py:191} INFO - ---------------======---::::::------+--=======++++++++++===--:...::-=--==============--:.....:-=====
[2024-08-02T17:12:36.954+0900] {process_utils.py:191} INFO - ----::---------------------===--::--+-----=============++++++===---:....--===============--:...:-===
[2024-08-02T17:12:36.954+0900] {process_utils.py:191} INFO - ----------------------------------=++----------------------=+===========-::.:-======================
[2024-08-02T17:12:36.954+0900] {process_utils.py:191} INFO - =----------------------------------==-----------------------=-----==============================+=--
[2024-08-02T17:12:36.954+0900] {process_utils.py:191} INFO - %%####=----------------------------==----------------------=-::::-----======+*%#++================::
[2024-08-02T17:12:36.954+0900] {process_utils.py:191} INFO - %%%%%#=----------------------------=-:---------------------=--==--------=====*#*=================-::
[2024-08-02T17:12:36.954+0900] {process_utils.py:191} INFO - @@%%%*-----------------+***++=-----=-::-------------------:+---------=====+++====================-::
[2024-08-02T17:12:36.955+0900] {process_utils.py:191} INFO - @@%%%*---------------#%%%%##%%#=---=-+##*#+----------------=------------=====+====-=--===========-::
[2024-08-02T17:12:36.955+0900] {process_utils.py:191} INFO - @@@%%+--=+*%%%+-----+%@@%#++%%%#=--=*%+===#+::----------::=-----------=+*##*++=-----------=======-::
[2024-08-02T17:12:36.955+0900] {process_utils.py:191} INFO - +++++=-+#+***#*=-----#*++**+#@@@*--+#+**+***-:=-:---=*+-::=-----==+++*######%%%#=-------------==-:::
[2024-08-02T17:12:36.955+0900] {process_utils.py:191} INFO - *******-:::-*=-------+===+=-=+#%%:-=++++=+==-:=-:::=%%#-::###=-*#%%%%%%%%%%%%%%%%+---------------:::
[2024-08-02T17:12:36.955+0900] {process_utils.py:191} INFO - =====+=:--::+---+--+**++++*+++#%*-=--**++++-:=++=::+#*-::=%%%#*#%%%%%%%%@@%%%%@@%%#====------+#%%=-*
[2024-08-02T17:12:36.955+0900] {process_utils.py:191} INFO - =-==++---=+==*#%%%%%%=*++++++++==-=-*##*+=##**++=--++-:--*=-=*#%%%@%###*###*+++*%%%*=============-#%
[2024-08-02T17:12:36.956+0900] {process_utils.py:191} INFO - +-=------=*%%%%@%@@@@***=+*#+*##*#%%@@**++%@%%%%*+=--=-=+-:--:#%@@%#*****###*+---+*++#**===---=++*%@
[2024-08-02T17:12:36.956+0900] {process_utils.py:191} INFO - --==-::-*%%%@@@@@@@%#*=-+++%@%##%%@@@@@%#%@@@%%@%%%*=--=#%####-%@%%####++++++=---==++*####*+++*%@%@@
[2024-08-02T17:12:36.956+0900] {process_utils.py:191} INFO - -=*+=-=#@@@@@@@@@#*+++++*@@@@@@@@@@@@@@@@@@@@@@@@@@@#+==-+*+#=:-+#%##**==++**+++=====+*###*+**#@%##%
[2024-08-02T17:12:36.956+0900] {process_utils.py:191} INFO - -=++-+%%@%@@@@%+=-++***#@@@@@@@@@@@@%:+@@*%+=%@@@@@@%%#%%#*=+--:-=#++**%#*+=+++++===+**####=*%%%%%%%
[2024-08-02T17:12:36.956+0900] {process_utils.py:191} INFO - -=++#%%####+-:---=*%%@@%#######**++++=+++++++++%%=+%@@%##*+==-=++=+*****##*===+++++==*#####*+#%%##%%
[2024-08-02T17:12:36.956+0900] {process_utils.py:191} INFO - -=*+=---==+=-::::-*@@@%+=======++++++++++++++*#%#**%%%*==-+*=--+==*****#**+=====+++++=***+++=+==::::
[2024-08-02T17:12:36.957+0900] {process_utils.py:191} INFO - =#*=++++++*###**==*@@@%=======++++++++*@@@@@@@@%%#####-:=+----==******##****+++++***==-=+=:::.::::::
[2024-08-02T17:12:36.957+0900] {process_utils.py:191} INFO - #%*+*++++**##*###*+#@@#=========++++==*%%%%%%%%######*=-----==+*********##########*+====::::::::::::
[2024-08-02T17:12:36.957+0900] {process_utils.py:191} INFO - ++++*#%%@%*##*##***%@@*===============+%##%%######%%%%*==-===+*********+=+*#######*++++-:::--::-----
[2024-08-02T17:12:36.957+0900] {process_utils.py:191} INFO - ===+*#%@@%*##**#**+=--================+%%#%%###%#%%%%%#======*#######*-:-++*####*****++:------------
[2024-08-02T17:12:36.957+0900] {process_utils.py:191} INFO - =+=------=##**##**+=--================+%%#%%###%%#%%%%%+=====+###**++==----:-*####****=------==-====
[2024-08-02T17:12:36.957+0900] {process_utils.py:191} INFO - 
[2024-08-02T17:12:36.989+0900] {python.py:237} INFO - Done. Returned value was: None
[2024-08-02T17:12:36.989+0900] {taskinstance.py:441} INFO - ::group::Post task execution logs
[2024-08-02T17:12:36.995+0900] {taskinstance.py:1206} INFO - Marking task as SUCCESS. dag_id=movie, task_id=get.data, run_id=scheduled__2017-01-03T05:07:00+00:00, execution_date=20170103T050700, start_date=20240802T081230, end_date=20240802T081236
[2024-08-02T17:12:37.095+0900] {local_task_job_runner.py:243} INFO - Task exited with return code 0
[2024-08-02T17:12:37.118+0900] {taskinstance.py:3503} INFO - 0 downstream tasks scheduled from follow-on schedule check
[2024-08-02T17:12:37.119+0900] {local_task_job_runner.py:222} INFO - ::endgroup::
