[2024-08-02T17:12:41.754+0900] {local_task_job_runner.py:120} INFO - ::group::Pre task execution logs
[2024-08-02T17:12:41.773+0900] {taskinstance.py:2076} INFO - Dependencies all met for dep_context=non-requeueable deps ti=<TaskInstance: movie.get.data scheduled__2017-01-03T05:08:00+00:00 [queued]>
[2024-08-02T17:12:41.782+0900] {taskinstance.py:2076} INFO - Dependencies all met for dep_context=requeueable deps ti=<TaskInstance: movie.get.data scheduled__2017-01-03T05:08:00+00:00 [queued]>
[2024-08-02T17:12:41.782+0900] {taskinstance.py:2306} INFO - Starting attempt 1 of 3
[2024-08-02T17:12:41.806+0900] {taskinstance.py:2330} INFO - Executing <Task(PythonVirtualenvOperator): get.data> on 2017-01-03 05:08:00+00:00
[2024-08-02T17:12:41.809+0900] {standard_task_runner.py:64} INFO - Started process 157955 to run task
[2024-08-02T17:12:41.813+0900] {standard_task_runner.py:90} INFO - Running: ['airflow', 'tasks', 'run', 'movie', 'get.data', 'scheduled__2017-01-03T05:08:00+00:00', '--job-id', '139', '--raw', '--subdir', 'DAGS_FOLDER/movie.py', '--cfg-path', '/tmp/tmp21_d8d3x']
[2024-08-02T17:12:41.814+0900] {standard_task_runner.py:91} INFO - Job 139: Subtask get.data
[2024-08-02T17:12:41.864+0900] {task_command.py:426} INFO - Running <TaskInstance: movie.get.data scheduled__2017-01-03T05:08:00+00:00 [running]> on host playdata.
[2024-08-02T17:12:41.952+0900] {taskinstance.py:2648} INFO - Exporting env vars: AIRFLOW_CTX_DAG_OWNER='airflow' AIRFLOW_CTX_DAG_ID='movie' AIRFLOW_CTX_TASK_ID='get.data' AIRFLOW_CTX_EXECUTION_DATE='2017-01-03T05:08:00+00:00' AIRFLOW_CTX_TRY_NUMBER='1' AIRFLOW_CTX_DAG_RUN_ID='scheduled__2017-01-03T05:08:00+00:00'
[2024-08-02T17:12:41.953+0900] {taskinstance.py:430} INFO - ::endgroup::
[2024-08-02T17:12:41.972+0900] {baseoperator.py:400} WARNING - PythonVirtualenvOperator.execute cannot be called outside TaskInstance!
[2024-08-02T17:12:41.973+0900] {process_utils.py:183} INFO - Executing cmd: /home/oddsummer/.pyenv/versions/3.11.9/envs/air/bin/python -m virtualenv /tmp/venv34s6_a4r --python=python
[2024-08-02T17:12:41.975+0900] {process_utils.py:187} INFO - Output:
[2024-08-02T17:12:42.561+0900] {process_utils.py:191} INFO - created virtual environment CPython3.11.9.final.0-64 in 446ms
[2024-08-02T17:12:42.562+0900] {process_utils.py:191} INFO -   creator CPython3Posix(dest=/tmp/venv34s6_a4r, clear=False, no_vcs_ignore=False, global=False)
[2024-08-02T17:12:42.562+0900] {process_utils.py:191} INFO -   seeder FromAppData(download=False, pip=bundle, setuptools=bundle, wheel=bundle, via=copy, app_data_dir=/home/oddsummer/.local/share/virtualenv)
[2024-08-02T17:12:42.562+0900] {process_utils.py:191} INFO -     added seed packages: pip==24.1.2, setuptools==70.2.0, wheel==0.43.0
[2024-08-02T17:12:42.563+0900] {process_utils.py:191} INFO -   activators BashActivator,CShellActivator,FishActivator,NushellActivator,PowerShellActivator,PythonActivator
[2024-08-02T17:12:42.591+0900] {process_utils.py:183} INFO - Executing cmd: /tmp/venv34s6_a4r/bin/pip install -r /tmp/venv34s6_a4r/requirements.txt
[2024-08-02T17:12:42.592+0900] {process_utils.py:187} INFO - Output:
[2024-08-02T17:12:43.855+0900] {process_utils.py:191} INFO - Collecting git+https://github.com/7-TRG/extract_trg.git@main (from -r /tmp/venv34s6_a4r/requirements.txt (line 1))
[2024-08-02T17:12:43.856+0900] {process_utils.py:191} INFO -   Cloning https://github.com/7-TRG/extract_trg.git (to revision main) to /tmp/pip-req-build-mh5y39hm
[2024-08-02T17:12:43.858+0900] {process_utils.py:191} INFO -   Running command git clone --filter=blob:none --quiet https://github.com/7-TRG/extract_trg.git /tmp/pip-req-build-mh5y39hm
[2024-08-02T17:12:45.325+0900] {process_utils.py:191} INFO -   Resolved https://github.com/7-TRG/extract_trg.git to commit 0712b3f1bbaeeeea58bf80749079a62c7e1bec3d
[2024-08-02T17:12:45.332+0900] {process_utils.py:191} INFO -   Installing build dependencies: started
[2024-08-02T17:12:47.656+0900] {process_utils.py:191} INFO -   Installing build dependencies: finished with status 'done'
[2024-08-02T17:12:47.659+0900] {process_utils.py:191} INFO -   Getting requirements to build wheel: started
[2024-08-02T17:12:48.058+0900] {process_utils.py:191} INFO -   Getting requirements to build wheel: finished with status 'done'
[2024-08-02T17:12:48.060+0900] {process_utils.py:191} INFO -   Preparing metadata (pyproject.toml): started
[2024-08-02T17:12:48.372+0900] {process_utils.py:191} INFO -   Preparing metadata (pyproject.toml): finished with status 'done'
[2024-08-02T17:12:48.375+0900] {process_utils.py:191} INFO - Building wheels for collected packages: extract_trg
[2024-08-02T17:12:48.378+0900] {process_utils.py:191} INFO -   Building wheel for extract_trg (pyproject.toml): started
[2024-08-02T17:12:48.655+0900] {process_utils.py:191} INFO -   Building wheel for extract_trg (pyproject.toml): finished with status 'done'
[2024-08-02T17:12:48.656+0900] {process_utils.py:191} INFO -   Created wheel for extract_trg: filename=extract_trg-0.1.0-py3-none-any.whl size=2219 sha256=344e7ffd2055e1fa1d9f39c99318bee3b64f928cd96ee003daaf7587a0161541
[2024-08-02T17:12:48.657+0900] {process_utils.py:191} INFO -   Stored in directory: /tmp/pip-ephem-wheel-cache-6eo1gemw/wheels/21/97/ea/e27bc4298590f1b8a2b9c46b60aefbe2e3076cf05f6bd5e464
[2024-08-02T17:12:48.659+0900] {process_utils.py:191} INFO - Successfully built extract_trg
[2024-08-02T17:12:48.671+0900] {process_utils.py:191} INFO - Installing collected packages: extract_trg
[2024-08-02T17:12:48.691+0900] {process_utils.py:191} INFO - Successfully installed extract_trg-0.1.0
[2024-08-02T17:12:48.699+0900] {process_utils.py:191} INFO - 
[2024-08-02T17:12:48.700+0900] {process_utils.py:191} INFO - [notice] A new release of pip is available: 24.1.2 -> 24.2
[2024-08-02T17:12:48.700+0900] {process_utils.py:191} INFO - [notice] To update, run: python -m pip install --upgrade pip
[2024-08-02T17:12:48.797+0900] {process_utils.py:183} INFO - Executing cmd: /tmp/venv34s6_a4r/bin/python /tmp/venv-calldjece_nb/script.py /tmp/venv-calldjece_nb/script.in /tmp/venv-calldjece_nb/script.out /tmp/venv-calldjece_nb/string_args.txt /tmp/venv-calldjece_nb/termination.log
[2024-08-02T17:12:48.798+0900] {process_utils.py:187} INFO - Output:
[2024-08-02T17:12:48.818+0900] {process_utils.py:191} INFO - 
[2024-08-02T17:12:48.818+0900] {process_utils.py:191} INFO - ---------------======---::::::------+--=======++++++++++===--:...::-=--==============--:.....:-=====
[2024-08-02T17:12:48.818+0900] {process_utils.py:191} INFO - ----::---------------------===--::--+-----=============++++++===---:....--===============--:...:-===
[2024-08-02T17:12:48.818+0900] {process_utils.py:191} INFO - ----------------------------------=++----------------------=+===========-::.:-======================
[2024-08-02T17:12:48.818+0900] {process_utils.py:191} INFO - =----------------------------------==-----------------------=-----==============================+=--
[2024-08-02T17:12:48.819+0900] {process_utils.py:191} INFO - %%####=----------------------------==----------------------=-::::-----======+*%#++================::
[2024-08-02T17:12:48.819+0900] {process_utils.py:191} INFO - %%%%%#=----------------------------=-:---------------------=--==--------=====*#*=================-::
[2024-08-02T17:12:48.819+0900] {process_utils.py:191} INFO - @@%%%*-----------------+***++=-----=-::-------------------:+---------=====+++====================-::
[2024-08-02T17:12:48.819+0900] {process_utils.py:191} INFO - @@%%%*---------------#%%%%##%%#=---=-+##*#+----------------=------------=====+====-=--===========-::
[2024-08-02T17:12:48.819+0900] {process_utils.py:191} INFO - @@@%%+--=+*%%%+-----+%@@%#++%%%#=--=*%+===#+::----------::=-----------=+*##*++=-----------=======-::
[2024-08-02T17:12:48.819+0900] {process_utils.py:191} INFO - +++++=-+#+***#*=-----#*++**+#@@@*--+#+**+***-:=-:---=*+-::=-----==+++*######%%%#=-------------==-:::
[2024-08-02T17:12:48.819+0900] {process_utils.py:191} INFO - *******-:::-*=-------+===+=-=+#%%:-=++++=+==-:=-:::=%%#-::###=-*#%%%%%%%%%%%%%%%%+---------------:::
[2024-08-02T17:12:48.820+0900] {process_utils.py:191} INFO - =====+=:--::+---+--+**++++*+++#%*-=--**++++-:=++=::+#*-::=%%%#*#%%%%%%%%@@%%%%@@%%#====------+#%%=-*
[2024-08-02T17:12:48.820+0900] {process_utils.py:191} INFO - =-==++---=+==*#%%%%%%=*++++++++==-=-*##*+=##**++=--++-:--*=-=*#%%%@%###*###*+++*%%%*=============-#%
[2024-08-02T17:12:48.820+0900] {process_utils.py:191} INFO - +-=------=*%%%%@%@@@@***=+*#+*##*#%%@@**++%@%%%%*+=--=-=+-:--:#%@@%#*****###*+---+*++#**===---=++*%@
[2024-08-02T17:12:48.820+0900] {process_utils.py:191} INFO - --==-::-*%%%@@@@@@@%#*=-+++%@%##%%@@@@@%#%@@@%%@%%%*=--=#%####-%@%%####++++++=---==++*####*+++*%@%@@
[2024-08-02T17:12:48.820+0900] {process_utils.py:191} INFO - -=*+=-=#@@@@@@@@@#*+++++*@@@@@@@@@@@@@@@@@@@@@@@@@@@#+==-+*+#=:-+#%##**==++**+++=====+*###*+**#@%##%
[2024-08-02T17:12:48.821+0900] {process_utils.py:191} INFO - -=++-+%%@%@@@@%+=-++***#@@@@@@@@@@@@%:+@@*%+=%@@@@@@%%#%%#*=+--:-=#++**%#*+=+++++===+**####=*%%%%%%%
[2024-08-02T17:12:48.821+0900] {process_utils.py:191} INFO - -=++#%%####+-:---=*%%@@%#######**++++=+++++++++%%=+%@@%##*+==-=++=+*****##*===+++++==*#####*+#%%##%%
[2024-08-02T17:12:48.821+0900] {process_utils.py:191} INFO - -=*+=---==+=-::::-*@@@%+=======++++++++++++++*#%#**%%%*==-+*=--+==*****#**+=====+++++=***+++=+==::::
[2024-08-02T17:12:48.821+0900] {process_utils.py:191} INFO - =#*=++++++*###**==*@@@%=======++++++++*@@@@@@@@%%#####-:=+----==******##****+++++***==-=+=:::.::::::
[2024-08-02T17:12:48.821+0900] {process_utils.py:191} INFO - #%*+*++++**##*###*+#@@#=========++++==*%%%%%%%%######*=-----==+*********##########*+====::::::::::::
[2024-08-02T17:12:48.821+0900] {process_utils.py:191} INFO - ++++*#%%@%*##*##***%@@*===============+%##%%######%%%%*==-===+*********+=+*#######*++++-:::--::-----
[2024-08-02T17:12:48.821+0900] {process_utils.py:191} INFO - ===+*#%@@%*##**#**+=--================+%%#%%###%#%%%%%#======*#######*-:-++*####*****++:------------
[2024-08-02T17:12:48.822+0900] {process_utils.py:191} INFO - =+=------=##**##**+=--================+%%#%%###%%#%%%%%+=====+###**++==----:-*####****=------==-====
[2024-08-02T17:12:48.822+0900] {process_utils.py:191} INFO - 
[2024-08-02T17:12:48.844+0900] {python.py:237} INFO - Done. Returned value was: None
[2024-08-02T17:12:48.845+0900] {taskinstance.py:441} INFO - ::group::Post task execution logs
[2024-08-02T17:12:48.851+0900] {taskinstance.py:1206} INFO - Marking task as SUCCESS. dag_id=movie, task_id=get.data, run_id=scheduled__2017-01-03T05:08:00+00:00, execution_date=20170103T050800, start_date=20240802T081241, end_date=20240802T081248
[2024-08-02T17:12:48.901+0900] {local_task_job_runner.py:243} INFO - Task exited with return code 0
[2024-08-02T17:12:48.913+0900] {taskinstance.py:3503} INFO - 0 downstream tasks scheduled from follow-on schedule check
[2024-08-02T17:12:48.913+0900] {local_task_job_runner.py:222} INFO - ::endgroup::
