[2024-08-02T16:50:39.942+0900] {local_task_job_runner.py:120} INFO - ::group::Pre task execution logs
[2024-08-02T16:50:39.961+0900] {taskinstance.py:2076} INFO - Dependencies all met for dep_context=non-requeueable deps ti=<TaskInstance: movie.get.data scheduled__2017-01-01T05:13:00+00:00 [queued]>
[2024-08-02T16:50:39.968+0900] {taskinstance.py:2076} INFO - Dependencies all met for dep_context=requeueable deps ti=<TaskInstance: movie.get.data scheduled__2017-01-01T05:13:00+00:00 [queued]>
[2024-08-02T16:50:39.968+0900] {taskinstance.py:2306} INFO - Starting attempt 1 of 3
[2024-08-02T16:50:39.982+0900] {taskinstance.py:2330} INFO - Executing <Task(PythonVirtualenvOperator): get.data> on 2017-01-01 05:13:00+00:00
[2024-08-02T16:50:39.984+0900] {standard_task_runner.py:64} INFO - Started process 145205 to run task
[2024-08-02T16:50:39.988+0900] {standard_task_runner.py:90} INFO - Running: ['airflow', 'tasks', 'run', 'movie', 'get.data', 'scheduled__2017-01-01T05:13:00+00:00', '--job-id', '24', '--raw', '--subdir', 'DAGS_FOLDER/movie.py', '--cfg-path', '/tmp/tmpxwx_554y']
[2024-08-02T16:50:39.990+0900] {standard_task_runner.py:91} INFO - Job 24: Subtask get.data
[2024-08-02T16:50:40.026+0900] {task_command.py:426} INFO - Running <TaskInstance: movie.get.data scheduled__2017-01-01T05:13:00+00:00 [running]> on host playdata.
[2024-08-02T16:50:40.092+0900] {taskinstance.py:2648} INFO - Exporting env vars: AIRFLOW_CTX_DAG_OWNER='airflow' AIRFLOW_CTX_DAG_ID='movie' AIRFLOW_CTX_TASK_ID='get.data' AIRFLOW_CTX_EXECUTION_DATE='2017-01-01T05:13:00+00:00' AIRFLOW_CTX_TRY_NUMBER='1' AIRFLOW_CTX_DAG_RUN_ID='scheduled__2017-01-01T05:13:00+00:00'
[2024-08-02T16:50:40.093+0900] {taskinstance.py:430} INFO - ::endgroup::
[2024-08-02T16:50:40.105+0900] {baseoperator.py:400} WARNING - PythonVirtualenvOperator.execute cannot be called outside TaskInstance!
[2024-08-02T16:50:40.106+0900] {process_utils.py:183} INFO - Executing cmd: /home/oddsummer/.pyenv/versions/3.11.9/envs/air/bin/python -m virtualenv /tmp/venvn35yzfks --python=python
[2024-08-02T16:50:40.106+0900] {process_utils.py:187} INFO - Output:
[2024-08-02T16:50:40.466+0900] {process_utils.py:191} INFO - created virtual environment CPython3.11.9.final.0-64 in 254ms
[2024-08-02T16:50:40.466+0900] {process_utils.py:191} INFO -   creator CPython3Posix(dest=/tmp/venvn35yzfks, clear=False, no_vcs_ignore=False, global=False)
[2024-08-02T16:50:40.466+0900] {process_utils.py:191} INFO -   seeder FromAppData(download=False, pip=bundle, setuptools=bundle, wheel=bundle, via=copy, app_data_dir=/home/oddsummer/.local/share/virtualenv)
[2024-08-02T16:50:40.467+0900] {process_utils.py:191} INFO -     added seed packages: pip==24.1.2, setuptools==70.2.0, wheel==0.43.0
[2024-08-02T16:50:40.467+0900] {process_utils.py:191} INFO -   activators BashActivator,CShellActivator,FishActivator,NushellActivator,PowerShellActivator,PythonActivator
[2024-08-02T16:50:40.490+0900] {process_utils.py:183} INFO - Executing cmd: /tmp/venvn35yzfks/bin/pip install -r /tmp/venvn35yzfks/requirements.txt
[2024-08-02T16:50:40.491+0900] {process_utils.py:187} INFO - Output:
[2024-08-02T16:50:41.443+0900] {process_utils.py:191} INFO - Collecting git+https://github.com/7-TRG/extract_trg.git@main (from -r /tmp/venvn35yzfks/requirements.txt (line 1))
[2024-08-02T16:50:41.444+0900] {process_utils.py:191} INFO -   Cloning https://github.com/7-TRG/extract_trg.git (to revision main) to /tmp/pip-req-build-gbzwk76l
[2024-08-02T16:50:41.446+0900] {process_utils.py:191} INFO -   Running command git clone --filter=blob:none --quiet https://github.com/7-TRG/extract_trg.git /tmp/pip-req-build-gbzwk76l
[2024-08-02T16:50:43.044+0900] {process_utils.py:191} INFO -   Resolved https://github.com/7-TRG/extract_trg.git to commit 0712b3f1bbaeeeea58bf80749079a62c7e1bec3d
[2024-08-02T16:50:43.052+0900] {process_utils.py:191} INFO -   Installing build dependencies: started
[2024-08-02T16:50:45.015+0900] {process_utils.py:191} INFO -   Installing build dependencies: finished with status 'done'
[2024-08-02T16:50:45.016+0900] {process_utils.py:191} INFO -   Getting requirements to build wheel: started
[2024-08-02T16:50:45.250+0900] {process_utils.py:191} INFO -   Getting requirements to build wheel: finished with status 'done'
[2024-08-02T16:50:45.251+0900] {process_utils.py:191} INFO -   Preparing metadata (pyproject.toml): started
[2024-08-02T16:50:45.481+0900] {process_utils.py:191} INFO -   Preparing metadata (pyproject.toml): finished with status 'done'
[2024-08-02T16:50:45.484+0900] {process_utils.py:191} INFO - Building wheels for collected packages: extract_trg
[2024-08-02T16:50:45.489+0900] {process_utils.py:191} INFO -   Building wheel for extract_trg (pyproject.toml): started
[2024-08-02T16:50:45.747+0900] {process_utils.py:191} INFO -   Building wheel for extract_trg (pyproject.toml): finished with status 'done'
[2024-08-02T16:50:45.748+0900] {process_utils.py:191} INFO -   Created wheel for extract_trg: filename=extract_trg-0.1.0-py3-none-any.whl size=2219 sha256=4f84f4beb29eb0eb78102d76f11376fdbaa120a4a78db8193fac30cd014eaceb
[2024-08-02T16:50:45.748+0900] {process_utils.py:191} INFO -   Stored in directory: /tmp/pip-ephem-wheel-cache-zi8afak0/wheels/21/97/ea/e27bc4298590f1b8a2b9c46b60aefbe2e3076cf05f6bd5e464
[2024-08-02T16:50:45.750+0900] {process_utils.py:191} INFO - Successfully built extract_trg
[2024-08-02T16:50:45.759+0900] {process_utils.py:191} INFO - Installing collected packages: extract_trg
[2024-08-02T16:50:45.779+0900] {process_utils.py:191} INFO - Successfully installed extract_trg-0.1.0
[2024-08-02T16:50:45.785+0900] {process_utils.py:191} INFO - 
[2024-08-02T16:50:45.785+0900] {process_utils.py:191} INFO - [notice] A new release of pip is available: 24.1.2 -> 24.2
[2024-08-02T16:50:45.786+0900] {process_utils.py:191} INFO - [notice] To update, run: python -m pip install --upgrade pip
[2024-08-02T16:50:45.875+0900] {process_utils.py:183} INFO - Executing cmd: /tmp/venvn35yzfks/bin/python /tmp/venv-call1gbgyy05/script.py /tmp/venv-call1gbgyy05/script.in /tmp/venv-call1gbgyy05/script.out /tmp/venv-call1gbgyy05/string_args.txt /tmp/venv-call1gbgyy05/termination.log
[2024-08-02T16:50:45.876+0900] {process_utils.py:187} INFO - Output:
[2024-08-02T16:50:45.898+0900] {process_utils.py:191} INFO - 
[2024-08-02T16:50:45.899+0900] {process_utils.py:191} INFO - ---------------======---::::::------+--=======++++++++++===--:...::-=--==============--:.....:-=====
[2024-08-02T16:50:45.899+0900] {process_utils.py:191} INFO - ----::---------------------===--::--+-----=============++++++===---:....--===============--:...:-===
[2024-08-02T16:50:45.899+0900] {process_utils.py:191} INFO - ----------------------------------=++----------------------=+===========-::.:-======================
[2024-08-02T16:50:45.899+0900] {process_utils.py:191} INFO - =----------------------------------==-----------------------=-----==============================+=--
[2024-08-02T16:50:45.899+0900] {process_utils.py:191} INFO - %%####=----------------------------==----------------------=-::::-----======+*%#++================::
[2024-08-02T16:50:45.900+0900] {process_utils.py:191} INFO - %%%%%#=----------------------------=-:---------------------=--==--------=====*#*=================-::
[2024-08-02T16:50:45.900+0900] {process_utils.py:191} INFO - @@%%%*-----------------+***++=-----=-::-------------------:+---------=====+++====================-::
[2024-08-02T16:50:45.900+0900] {process_utils.py:191} INFO - @@%%%*---------------#%%%%##%%#=---=-+##*#+----------------=------------=====+====-=--===========-::
[2024-08-02T16:50:45.901+0900] {process_utils.py:191} INFO - @@@%%+--=+*%%%+-----+%@@%#++%%%#=--=*%+===#+::----------::=-----------=+*##*++=-----------=======-::
[2024-08-02T16:50:45.901+0900] {process_utils.py:191} INFO - +++++=-+#+***#*=-----#*++**+#@@@*--+#+**+***-:=-:---=*+-::=-----==+++*######%%%#=-------------==-:::
[2024-08-02T16:50:45.901+0900] {process_utils.py:191} INFO - *******-:::-*=-------+===+=-=+#%%:-=++++=+==-:=-:::=%%#-::###=-*#%%%%%%%%%%%%%%%%+---------------:::
[2024-08-02T16:50:45.901+0900] {process_utils.py:191} INFO - =====+=:--::+---+--+**++++*+++#%*-=--**++++-:=++=::+#*-::=%%%#*#%%%%%%%%@@%%%%@@%%#====------+#%%=-*
[2024-08-02T16:50:45.901+0900] {process_utils.py:191} INFO - =-==++---=+==*#%%%%%%=*++++++++==-=-*##*+=##**++=--++-:--*=-=*#%%%@%###*###*+++*%%%*=============-#%
[2024-08-02T16:50:45.901+0900] {process_utils.py:191} INFO - +-=------=*%%%%@%@@@@***=+*#+*##*#%%@@**++%@%%%%*+=--=-=+-:--:#%@@%#*****###*+---+*++#**===---=++*%@
[2024-08-02T16:50:45.901+0900] {process_utils.py:191} INFO - --==-::-*%%%@@@@@@@%#*=-+++%@%##%%@@@@@%#%@@@%%@%%%*=--=#%####-%@%%####++++++=---==++*####*+++*%@%@@
[2024-08-02T16:50:45.902+0900] {process_utils.py:191} INFO - -=*+=-=#@@@@@@@@@#*+++++*@@@@@@@@@@@@@@@@@@@@@@@@@@@#+==-+*+#=:-+#%##**==++**+++=====+*###*+**#@%##%
[2024-08-02T16:50:45.902+0900] {process_utils.py:191} INFO - -=++-+%%@%@@@@%+=-++***#@@@@@@@@@@@@%:+@@*%+=%@@@@@@%%#%%#*=+--:-=#++**%#*+=+++++===+**####=*%%%%%%%
[2024-08-02T16:50:45.902+0900] {process_utils.py:191} INFO - -=++#%%####+-:---=*%%@@%#######**++++=+++++++++%%=+%@@%##*+==-=++=+*****##*===+++++==*#####*+#%%##%%
[2024-08-02T16:50:45.902+0900] {process_utils.py:191} INFO - -=*+=---==+=-::::-*@@@%+=======++++++++++++++*#%#**%%%*==-+*=--+==*****#**+=====+++++=***+++=+==::::
[2024-08-02T16:50:45.902+0900] {process_utils.py:191} INFO - =#*=++++++*###**==*@@@%=======++++++++*@@@@@@@@%%#####-:=+----==******##****+++++***==-=+=:::.::::::
[2024-08-02T16:50:45.902+0900] {process_utils.py:191} INFO - #%*+*++++**##*###*+#@@#=========++++==*%%%%%%%%######*=-----==+*********##########*+====::::::::::::
[2024-08-02T16:50:45.902+0900] {process_utils.py:191} INFO - ++++*#%%@%*##*##***%@@*===============+%##%%######%%%%*==-===+*********+=+*#######*++++-:::--::-----
[2024-08-02T16:50:45.903+0900] {process_utils.py:191} INFO - ===+*#%@@%*##**#**+=--================+%%#%%###%#%%%%%#======*#######*-:-++*####*****++:------------
[2024-08-02T16:50:45.903+0900] {process_utils.py:191} INFO - =+=------=##**##**+=--================+%%#%%###%%#%%%%%+=====+###**++==----:-*####****=------==-====
[2024-08-02T16:50:45.903+0900] {process_utils.py:191} INFO - 
[2024-08-02T16:50:45.936+0900] {python.py:237} INFO - Done. Returned value was: None
[2024-08-02T16:50:45.937+0900] {taskinstance.py:441} INFO - ::group::Post task execution logs
[2024-08-02T16:50:45.941+0900] {taskinstance.py:1206} INFO - Marking task as SUCCESS. dag_id=movie, task_id=get.data, run_id=scheduled__2017-01-01T05:13:00+00:00, execution_date=20170101T051300, start_date=20240802T075039, end_date=20240802T075045
[2024-08-02T16:50:45.993+0900] {local_task_job_runner.py:243} INFO - Task exited with return code 0
[2024-08-02T16:50:46.003+0900] {taskinstance.py:3503} INFO - 0 downstream tasks scheduled from follow-on schedule check
[2024-08-02T16:50:46.004+0900] {local_task_job_runner.py:222} INFO - ::endgroup::
