[2024-08-02T17:23:51.817+0900] {local_task_job_runner.py:120} INFO - ::group::Pre task execution logs
[2024-08-02T17:23:51.836+0900] {taskinstance.py:2076} INFO - Dependencies all met for dep_context=non-requeueable deps ti=<TaskInstance: movie.get.data scheduled__2017-01-04T05:05:00+00:00 [queued]>
[2024-08-02T17:23:51.849+0900] {taskinstance.py:2076} INFO - Dependencies all met for dep_context=requeueable deps ti=<TaskInstance: movie.get.data scheduled__2017-01-04T05:05:00+00:00 [queued]>
[2024-08-02T17:23:51.849+0900] {taskinstance.py:2306} INFO - Starting attempt 1 of 3
[2024-08-02T17:23:51.867+0900] {taskinstance.py:2330} INFO - Executing <Task(PythonVirtualenvOperator): get.data> on 2017-01-04 05:05:00+00:00
[2024-08-02T17:23:51.870+0900] {standard_task_runner.py:64} INFO - Started process 162844 to run task
[2024-08-02T17:23:51.873+0900] {standard_task_runner.py:90} INFO - Running: ['airflow', 'tasks', 'run', 'movie', 'get.data', 'scheduled__2017-01-04T05:05:00+00:00', '--job-id', '196', '--raw', '--subdir', 'DAGS_FOLDER/movie.py', '--cfg-path', '/tmp/tmpqzaaql8q']
[2024-08-02T17:23:51.875+0900] {standard_task_runner.py:91} INFO - Job 196: Subtask get.data
[2024-08-02T17:23:51.914+0900] {task_command.py:426} INFO - Running <TaskInstance: movie.get.data scheduled__2017-01-04T05:05:00+00:00 [running]> on host playdata.
[2024-08-02T17:23:51.987+0900] {taskinstance.py:2648} INFO - Exporting env vars: AIRFLOW_CTX_DAG_OWNER='airflow' AIRFLOW_CTX_DAG_ID='movie' AIRFLOW_CTX_TASK_ID='get.data' AIRFLOW_CTX_EXECUTION_DATE='2017-01-04T05:05:00+00:00' AIRFLOW_CTX_TRY_NUMBER='1' AIRFLOW_CTX_DAG_RUN_ID='scheduled__2017-01-04T05:05:00+00:00'
[2024-08-02T17:23:51.988+0900] {taskinstance.py:430} INFO - ::endgroup::
[2024-08-02T17:23:51.999+0900] {baseoperator.py:400} WARNING - PythonVirtualenvOperator.execute cannot be called outside TaskInstance!
[2024-08-02T17:23:52.001+0900] {process_utils.py:183} INFO - Executing cmd: /home/oddsummer/.pyenv/versions/3.11.9/envs/air/bin/python -m virtualenv /tmp/venvua_781ua --python=python
[2024-08-02T17:23:52.001+0900] {process_utils.py:187} INFO - Output:
[2024-08-02T17:23:52.340+0900] {process_utils.py:191} INFO - created virtual environment CPython3.11.9.final.0-64 in 232ms
[2024-08-02T17:23:52.340+0900] {process_utils.py:191} INFO -   creator CPython3Posix(dest=/tmp/venvua_781ua, clear=False, no_vcs_ignore=False, global=False)
[2024-08-02T17:23:52.341+0900] {process_utils.py:191} INFO -   seeder FromAppData(download=False, pip=bundle, setuptools=bundle, wheel=bundle, via=copy, app_data_dir=/home/oddsummer/.local/share/virtualenv)
[2024-08-02T17:23:52.341+0900] {process_utils.py:191} INFO -     added seed packages: pip==24.1.2, setuptools==70.2.0, wheel==0.43.0
[2024-08-02T17:23:52.341+0900] {process_utils.py:191} INFO -   activators BashActivator,CShellActivator,FishActivator,NushellActivator,PowerShellActivator,PythonActivator
[2024-08-02T17:23:52.366+0900] {process_utils.py:183} INFO - Executing cmd: /tmp/venvua_781ua/bin/pip install -r /tmp/venvua_781ua/requirements.txt
[2024-08-02T17:23:52.366+0900] {process_utils.py:187} INFO - Output:
[2024-08-02T17:23:53.332+0900] {process_utils.py:191} INFO - Collecting git+https://github.com/7-TRG/extract_trg.git@main (from -r /tmp/venvua_781ua/requirements.txt (line 1))
[2024-08-02T17:23:53.333+0900] {process_utils.py:191} INFO -   Cloning https://github.com/7-TRG/extract_trg.git (to revision main) to /tmp/pip-req-build-flovlklb
[2024-08-02T17:23:53.336+0900] {process_utils.py:191} INFO -   Running command git clone --filter=blob:none --quiet https://github.com/7-TRG/extract_trg.git /tmp/pip-req-build-flovlklb
[2024-08-02T17:23:55.916+0900] {process_utils.py:191} INFO -   Resolved https://github.com/7-TRG/extract_trg.git to commit 0712b3f1bbaeeeea58bf80749079a62c7e1bec3d
[2024-08-02T17:23:55.922+0900] {process_utils.py:191} INFO -   Installing build dependencies: started
[2024-08-02T17:23:58.480+0900] {process_utils.py:191} INFO -   Installing build dependencies: finished with status 'done'
[2024-08-02T17:23:58.481+0900] {process_utils.py:191} INFO -   Getting requirements to build wheel: started
[2024-08-02T17:23:58.880+0900] {process_utils.py:191} INFO -   Getting requirements to build wheel: finished with status 'done'
[2024-08-02T17:23:58.881+0900] {process_utils.py:191} INFO -   Preparing metadata (pyproject.toml): started
[2024-08-02T17:23:59.161+0900] {process_utils.py:191} INFO -   Preparing metadata (pyproject.toml): finished with status 'done'
[2024-08-02T17:23:59.165+0900] {process_utils.py:191} INFO - Building wheels for collected packages: extract_trg
[2024-08-02T17:23:59.171+0900] {process_utils.py:191} INFO -   Building wheel for extract_trg (pyproject.toml): started
[2024-08-02T17:23:59.542+0900] {process_utils.py:191} INFO -   Building wheel for extract_trg (pyproject.toml): finished with status 'done'
[2024-08-02T17:23:59.544+0900] {process_utils.py:191} INFO -   Created wheel for extract_trg: filename=extract_trg-0.1.0-py3-none-any.whl size=2219 sha256=c508795e0fa774362b00866fbdbd92ff5d0b4ed3659457bf3fb275447f0f6d75
[2024-08-02T17:23:59.544+0900] {process_utils.py:191} INFO -   Stored in directory: /tmp/pip-ephem-wheel-cache-1l275ev6/wheels/21/97/ea/e27bc4298590f1b8a2b9c46b60aefbe2e3076cf05f6bd5e464
[2024-08-02T17:23:59.546+0900] {process_utils.py:191} INFO - Successfully built extract_trg
[2024-08-02T17:23:59.566+0900] {process_utils.py:191} INFO - Installing collected packages: extract_trg
[2024-08-02T17:23:59.597+0900] {process_utils.py:191} INFO - Successfully installed extract_trg-0.1.0
[2024-08-02T17:23:59.608+0900] {process_utils.py:191} INFO - 
[2024-08-02T17:23:59.608+0900] {process_utils.py:191} INFO - [notice] A new release of pip is available: 24.1.2 -> 24.2
[2024-08-02T17:23:59.608+0900] {process_utils.py:191} INFO - [notice] To update, run: python -m pip install --upgrade pip
[2024-08-02T17:23:59.733+0900] {process_utils.py:183} INFO - Executing cmd: /tmp/venvua_781ua/bin/python /tmp/venv-callsw081w3t/script.py /tmp/venv-callsw081w3t/script.in /tmp/venv-callsw081w3t/script.out /tmp/venv-callsw081w3t/string_args.txt /tmp/venv-callsw081w3t/termination.log
[2024-08-02T17:23:59.734+0900] {process_utils.py:187} INFO - Output:
[2024-08-02T17:23:59.766+0900] {process_utils.py:191} INFO - 
[2024-08-02T17:23:59.766+0900] {process_utils.py:191} INFO - ---------------======---::::::------+--=======++++++++++===--:...::-=--==============--:.....:-=====
[2024-08-02T17:23:59.766+0900] {process_utils.py:191} INFO - ----::---------------------===--::--+-----=============++++++===---:....--===============--:...:-===
[2024-08-02T17:23:59.767+0900] {process_utils.py:191} INFO - ----------------------------------=++----------------------=+===========-::.:-======================
[2024-08-02T17:23:59.767+0900] {process_utils.py:191} INFO - =----------------------------------==-----------------------=-----==============================+=--
[2024-08-02T17:23:59.767+0900] {process_utils.py:191} INFO - %%####=----------------------------==----------------------=-::::-----======+*%#++================::
[2024-08-02T17:23:59.767+0900] {process_utils.py:191} INFO - %%%%%#=----------------------------=-:---------------------=--==--------=====*#*=================-::
[2024-08-02T17:23:59.768+0900] {process_utils.py:191} INFO - @@%%%*-----------------+***++=-----=-::-------------------:+---------=====+++====================-::
[2024-08-02T17:23:59.768+0900] {process_utils.py:191} INFO - @@%%%*---------------#%%%%##%%#=---=-+##*#+----------------=------------=====+====-=--===========-::
[2024-08-02T17:23:59.768+0900] {process_utils.py:191} INFO - @@@%%+--=+*%%%+-----+%@@%#++%%%#=--=*%+===#+::----------::=-----------=+*##*++=-----------=======-::
[2024-08-02T17:23:59.768+0900] {process_utils.py:191} INFO - +++++=-+#+***#*=-----#*++**+#@@@*--+#+**+***-:=-:---=*+-::=-----==+++*######%%%#=-------------==-:::
[2024-08-02T17:23:59.769+0900] {process_utils.py:191} INFO - *******-:::-*=-------+===+=-=+#%%:-=++++=+==-:=-:::=%%#-::###=-*#%%%%%%%%%%%%%%%%+---------------:::
[2024-08-02T17:23:59.769+0900] {process_utils.py:191} INFO - =====+=:--::+---+--+**++++*+++#%*-=--**++++-:=++=::+#*-::=%%%#*#%%%%%%%%@@%%%%@@%%#====------+#%%=-*
[2024-08-02T17:23:59.769+0900] {process_utils.py:191} INFO - =-==++---=+==*#%%%%%%=*++++++++==-=-*##*+=##**++=--++-:--*=-=*#%%%@%###*###*+++*%%%*=============-#%
[2024-08-02T17:23:59.769+0900] {process_utils.py:191} INFO - +-=------=*%%%%@%@@@@***=+*#+*##*#%%@@**++%@%%%%*+=--=-=+-:--:#%@@%#*****###*+---+*++#**===---=++*%@
[2024-08-02T17:23:59.769+0900] {process_utils.py:191} INFO - --==-::-*%%%@@@@@@@%#*=-+++%@%##%%@@@@@%#%@@@%%@%%%*=--=#%####-%@%%####++++++=---==++*####*+++*%@%@@
[2024-08-02T17:23:59.770+0900] {process_utils.py:191} INFO - -=*+=-=#@@@@@@@@@#*+++++*@@@@@@@@@@@@@@@@@@@@@@@@@@@#+==-+*+#=:-+#%##**==++**+++=====+*###*+**#@%##%
[2024-08-02T17:23:59.770+0900] {process_utils.py:191} INFO - -=++-+%%@%@@@@%+=-++***#@@@@@@@@@@@@%:+@@*%+=%@@@@@@%%#%%#*=+--:-=#++**%#*+=+++++===+**####=*%%%%%%%
[2024-08-02T17:23:59.770+0900] {process_utils.py:191} INFO - -=++#%%####+-:---=*%%@@%#######**++++=+++++++++%%=+%@@%##*+==-=++=+*****##*===+++++==*#####*+#%%##%%
[2024-08-02T17:23:59.770+0900] {process_utils.py:191} INFO - -=*+=---==+=-::::-*@@@%+=======++++++++++++++*#%#**%%%*==-+*=--+==*****#**+=====+++++=***+++=+==::::
[2024-08-02T17:23:59.771+0900] {process_utils.py:191} INFO - =#*=++++++*###**==*@@@%=======++++++++*@@@@@@@@%%#####-:=+----==******##****+++++***==-=+=:::.::::::
[2024-08-02T17:23:59.771+0900] {process_utils.py:191} INFO - #%*+*++++**##*###*+#@@#=========++++==*%%%%%%%%######*=-----==+*********##########*+====::::::::::::
[2024-08-02T17:23:59.771+0900] {process_utils.py:191} INFO - ++++*#%%@%*##*##***%@@*===============+%##%%######%%%%*==-===+*********+=+*#######*++++-:::--::-----
[2024-08-02T17:23:59.771+0900] {process_utils.py:191} INFO - ===+*#%@@%*##**#**+=--================+%%#%%###%#%%%%%#======*#######*-:-++*####*****++:------------
[2024-08-02T17:23:59.771+0900] {process_utils.py:191} INFO - =+=------=##**##**+=--================+%%#%%###%%#%%%%%+=====+###**++==----:-*####****=------==-====
[2024-08-02T17:23:59.771+0900] {process_utils.py:191} INFO - 
[2024-08-02T17:23:59.806+0900] {python.py:237} INFO - Done. Returned value was: None
[2024-08-02T17:23:59.807+0900] {taskinstance.py:441} INFO - ::group::Post task execution logs
[2024-08-02T17:23:59.812+0900] {taskinstance.py:1206} INFO - Marking task as SUCCESS. dag_id=movie, task_id=get.data, run_id=scheduled__2017-01-04T05:05:00+00:00, execution_date=20170104T050500, start_date=20240802T082351, end_date=20240802T082359
[2024-08-02T17:23:59.868+0900] {local_task_job_runner.py:243} INFO - Task exited with return code 0
[2024-08-02T17:23:59.884+0900] {taskinstance.py:3503} INFO - 0 downstream tasks scheduled from follow-on schedule check
[2024-08-02T17:23:59.885+0900] {local_task_job_runner.py:222} INFO - ::endgroup::
