[2024-08-02T17:06:04.070+0900] {local_task_job_runner.py:120} INFO - ::group::Pre task execution logs
[2024-08-02T17:06:04.088+0900] {taskinstance.py:2076} INFO - Dependencies all met for dep_context=non-requeueable deps ti=<TaskInstance: movie.get.data scheduled__2017-01-02T05:34:00+00:00 [queued]>
[2024-08-02T17:06:04.093+0900] {taskinstance.py:2076} INFO - Dependencies all met for dep_context=requeueable deps ti=<TaskInstance: movie.get.data scheduled__2017-01-02T05:34:00+00:00 [queued]>
[2024-08-02T17:06:04.093+0900] {taskinstance.py:2306} INFO - Starting attempt 1 of 3
[2024-08-02T17:06:04.108+0900] {taskinstance.py:2330} INFO - Executing <Task(PythonVirtualenvOperator): get.data> on 2017-01-02 05:34:00+00:00
[2024-08-02T17:06:04.112+0900] {standard_task_runner.py:64} INFO - Started process 153725 to run task
[2024-08-02T17:06:04.116+0900] {standard_task_runner.py:90} INFO - Running: ['airflow', 'tasks', 'run', 'movie', 'get.data', 'scheduled__2017-01-02T05:34:00+00:00', '--job-id', '105', '--raw', '--subdir', 'DAGS_FOLDER/movie.py', '--cfg-path', '/tmp/tmp79d_j281']
[2024-08-02T17:06:04.118+0900] {standard_task_runner.py:91} INFO - Job 105: Subtask get.data
[2024-08-02T17:06:04.156+0900] {task_command.py:426} INFO - Running <TaskInstance: movie.get.data scheduled__2017-01-02T05:34:00+00:00 [running]> on host playdata.
[2024-08-02T17:06:04.229+0900] {taskinstance.py:2648} INFO - Exporting env vars: AIRFLOW_CTX_DAG_OWNER='airflow' AIRFLOW_CTX_DAG_ID='movie' AIRFLOW_CTX_TASK_ID='get.data' AIRFLOW_CTX_EXECUTION_DATE='2017-01-02T05:34:00+00:00' AIRFLOW_CTX_TRY_NUMBER='1' AIRFLOW_CTX_DAG_RUN_ID='scheduled__2017-01-02T05:34:00+00:00'
[2024-08-02T17:06:04.229+0900] {taskinstance.py:430} INFO - ::endgroup::
[2024-08-02T17:06:04.240+0900] {baseoperator.py:400} WARNING - PythonVirtualenvOperator.execute cannot be called outside TaskInstance!
[2024-08-02T17:06:04.240+0900] {process_utils.py:183} INFO - Executing cmd: /home/oddsummer/.pyenv/versions/3.11.9/envs/air/bin/python -m virtualenv /tmp/venvl6t__4y_ --python=python
[2024-08-02T17:06:04.241+0900] {process_utils.py:187} INFO - Output:
[2024-08-02T17:06:04.602+0900] {process_utils.py:191} INFO - created virtual environment CPython3.11.9.final.0-64 in 253ms
[2024-08-02T17:06:04.602+0900] {process_utils.py:191} INFO -   creator CPython3Posix(dest=/tmp/venvl6t__4y_, clear=False, no_vcs_ignore=False, global=False)
[2024-08-02T17:06:04.602+0900] {process_utils.py:191} INFO -   seeder FromAppData(download=False, pip=bundle, setuptools=bundle, wheel=bundle, via=copy, app_data_dir=/home/oddsummer/.local/share/virtualenv)
[2024-08-02T17:06:04.603+0900] {process_utils.py:191} INFO -     added seed packages: pip==24.1.2, setuptools==70.2.0, wheel==0.43.0
[2024-08-02T17:06:04.603+0900] {process_utils.py:191} INFO -   activators BashActivator,CShellActivator,FishActivator,NushellActivator,PowerShellActivator,PythonActivator
[2024-08-02T17:06:04.627+0900] {process_utils.py:183} INFO - Executing cmd: /tmp/venvl6t__4y_/bin/pip install -r /tmp/venvl6t__4y_/requirements.txt
[2024-08-02T17:06:04.628+0900] {process_utils.py:187} INFO - Output:
[2024-08-02T17:06:05.667+0900] {process_utils.py:191} INFO - Collecting git+https://github.com/7-TRG/extract_trg.git@main (from -r /tmp/venvl6t__4y_/requirements.txt (line 1))
[2024-08-02T17:06:05.668+0900] {process_utils.py:191} INFO -   Cloning https://github.com/7-TRG/extract_trg.git (to revision main) to /tmp/pip-req-build-jsy_4bn4
[2024-08-02T17:06:05.670+0900] {process_utils.py:191} INFO -   Running command git clone --filter=blob:none --quiet https://github.com/7-TRG/extract_trg.git /tmp/pip-req-build-jsy_4bn4
[2024-08-02T17:06:07.175+0900] {process_utils.py:191} INFO -   Resolved https://github.com/7-TRG/extract_trg.git to commit 0712b3f1bbaeeeea58bf80749079a62c7e1bec3d
[2024-08-02T17:06:07.182+0900] {process_utils.py:191} INFO -   Installing build dependencies: started
[2024-08-02T17:06:09.102+0900] {process_utils.py:191} INFO -   Installing build dependencies: finished with status 'done'
[2024-08-02T17:06:09.103+0900] {process_utils.py:191} INFO -   Getting requirements to build wheel: started
[2024-08-02T17:06:09.354+0900] {process_utils.py:191} INFO -   Getting requirements to build wheel: finished with status 'done'
[2024-08-02T17:06:09.355+0900] {process_utils.py:191} INFO -   Preparing metadata (pyproject.toml): started
[2024-08-02T17:06:09.676+0900] {process_utils.py:191} INFO -   Preparing metadata (pyproject.toml): finished with status 'done'
[2024-08-02T17:06:09.680+0900] {process_utils.py:191} INFO - Building wheels for collected packages: extract_trg
[2024-08-02T17:06:09.687+0900] {process_utils.py:191} INFO -   Building wheel for extract_trg (pyproject.toml): started
[2024-08-02T17:06:09.966+0900] {process_utils.py:191} INFO -   Building wheel for extract_trg (pyproject.toml): finished with status 'done'
[2024-08-02T17:06:09.966+0900] {process_utils.py:191} INFO -   Created wheel for extract_trg: filename=extract_trg-0.1.0-py3-none-any.whl size=2219 sha256=cd9865a5bda9f73d5ece2784891abd75a3eca92a465c9a58f233c3745349eaac
[2024-08-02T17:06:09.967+0900] {process_utils.py:191} INFO -   Stored in directory: /tmp/pip-ephem-wheel-cache-knobwe2f/wheels/21/97/ea/e27bc4298590f1b8a2b9c46b60aefbe2e3076cf05f6bd5e464
[2024-08-02T17:06:09.969+0900] {process_utils.py:191} INFO - Successfully built extract_trg
[2024-08-02T17:06:09.981+0900] {process_utils.py:191} INFO - Installing collected packages: extract_trg
[2024-08-02T17:06:10.014+0900] {process_utils.py:191} INFO - Successfully installed extract_trg-0.1.0
[2024-08-02T17:06:10.025+0900] {process_utils.py:191} INFO - 
[2024-08-02T17:06:10.026+0900] {process_utils.py:191} INFO - [notice] A new release of pip is available: 24.1.2 -> 24.2
[2024-08-02T17:06:10.026+0900] {process_utils.py:191} INFO - [notice] To update, run: python -m pip install --upgrade pip
[2024-08-02T17:06:10.147+0900] {process_utils.py:183} INFO - Executing cmd: /tmp/venvl6t__4y_/bin/python /tmp/venv-callmt4u4uof/script.py /tmp/venv-callmt4u4uof/script.in /tmp/venv-callmt4u4uof/script.out /tmp/venv-callmt4u4uof/string_args.txt /tmp/venv-callmt4u4uof/termination.log
[2024-08-02T17:06:10.147+0900] {process_utils.py:187} INFO - Output:
[2024-08-02T17:06:10.168+0900] {process_utils.py:191} INFO - 
[2024-08-02T17:06:10.168+0900] {process_utils.py:191} INFO - ---------------======---::::::------+--=======++++++++++===--:...::-=--==============--:.....:-=====
[2024-08-02T17:06:10.168+0900] {process_utils.py:191} INFO - ----::---------------------===--::--+-----=============++++++===---:....--===============--:...:-===
[2024-08-02T17:06:10.168+0900] {process_utils.py:191} INFO - ----------------------------------=++----------------------=+===========-::.:-======================
[2024-08-02T17:06:10.168+0900] {process_utils.py:191} INFO - =----------------------------------==-----------------------=-----==============================+=--
[2024-08-02T17:06:10.169+0900] {process_utils.py:191} INFO - %%####=----------------------------==----------------------=-::::-----======+*%#++================::
[2024-08-02T17:06:10.169+0900] {process_utils.py:191} INFO - %%%%%#=----------------------------=-:---------------------=--==--------=====*#*=================-::
[2024-08-02T17:06:10.169+0900] {process_utils.py:191} INFO - @@%%%*-----------------+***++=-----=-::-------------------:+---------=====+++====================-::
[2024-08-02T17:06:10.169+0900] {process_utils.py:191} INFO - @@%%%*---------------#%%%%##%%#=---=-+##*#+----------------=------------=====+====-=--===========-::
[2024-08-02T17:06:10.169+0900] {process_utils.py:191} INFO - @@@%%+--=+*%%%+-----+%@@%#++%%%#=--=*%+===#+::----------::=-----------=+*##*++=-----------=======-::
[2024-08-02T17:06:10.169+0900] {process_utils.py:191} INFO - +++++=-+#+***#*=-----#*++**+#@@@*--+#+**+***-:=-:---=*+-::=-----==+++*######%%%#=-------------==-:::
[2024-08-02T17:06:10.170+0900] {process_utils.py:191} INFO - *******-:::-*=-------+===+=-=+#%%:-=++++=+==-:=-:::=%%#-::###=-*#%%%%%%%%%%%%%%%%+---------------:::
[2024-08-02T17:06:10.170+0900] {process_utils.py:191} INFO - =====+=:--::+---+--+**++++*+++#%*-=--**++++-:=++=::+#*-::=%%%#*#%%%%%%%%@@%%%%@@%%#====------+#%%=-*
[2024-08-02T17:06:10.170+0900] {process_utils.py:191} INFO - =-==++---=+==*#%%%%%%=*++++++++==-=-*##*+=##**++=--++-:--*=-=*#%%%@%###*###*+++*%%%*=============-#%
[2024-08-02T17:06:10.170+0900] {process_utils.py:191} INFO - +-=------=*%%%%@%@@@@***=+*#+*##*#%%@@**++%@%%%%*+=--=-=+-:--:#%@@%#*****###*+---+*++#**===---=++*%@
[2024-08-02T17:06:10.170+0900] {process_utils.py:191} INFO - --==-::-*%%%@@@@@@@%#*=-+++%@%##%%@@@@@%#%@@@%%@%%%*=--=#%####-%@%%####++++++=---==++*####*+++*%@%@@
[2024-08-02T17:06:10.170+0900] {process_utils.py:191} INFO - -=*+=-=#@@@@@@@@@#*+++++*@@@@@@@@@@@@@@@@@@@@@@@@@@@#+==-+*+#=:-+#%##**==++**+++=====+*###*+**#@%##%
[2024-08-02T17:06:10.170+0900] {process_utils.py:191} INFO - -=++-+%%@%@@@@%+=-++***#@@@@@@@@@@@@%:+@@*%+=%@@@@@@%%#%%#*=+--:-=#++**%#*+=+++++===+**####=*%%%%%%%
[2024-08-02T17:06:10.171+0900] {process_utils.py:191} INFO - -=++#%%####+-:---=*%%@@%#######**++++=+++++++++%%=+%@@%##*+==-=++=+*****##*===+++++==*#####*+#%%##%%
[2024-08-02T17:06:10.171+0900] {process_utils.py:191} INFO - -=*+=---==+=-::::-*@@@%+=======++++++++++++++*#%#**%%%*==-+*=--+==*****#**+=====+++++=***+++=+==::::
[2024-08-02T17:06:10.171+0900] {process_utils.py:191} INFO - =#*=++++++*###**==*@@@%=======++++++++*@@@@@@@@%%#####-:=+----==******##****+++++***==-=+=:::.::::::
[2024-08-02T17:06:10.171+0900] {process_utils.py:191} INFO - #%*+*++++**##*###*+#@@#=========++++==*%%%%%%%%######*=-----==+*********##########*+====::::::::::::
[2024-08-02T17:06:10.171+0900] {process_utils.py:191} INFO - ++++*#%%@%*##*##***%@@*===============+%##%%######%%%%*==-===+*********+=+*#######*++++-:::--::-----
[2024-08-02T17:06:10.171+0900] {process_utils.py:191} INFO - ===+*#%@@%*##**#**+=--================+%%#%%###%#%%%%%#======*#######*-:-++*####*****++:------------
[2024-08-02T17:06:10.171+0900] {process_utils.py:191} INFO - =+=------=##**##**+=--================+%%#%%###%%#%%%%%+=====+###**++==----:-*####****=------==-====
[2024-08-02T17:06:10.171+0900] {process_utils.py:191} INFO - 
[2024-08-02T17:06:10.194+0900] {python.py:237} INFO - Done. Returned value was: None
[2024-08-02T17:06:10.195+0900] {taskinstance.py:441} INFO - ::group::Post task execution logs
[2024-08-02T17:06:10.199+0900] {taskinstance.py:1206} INFO - Marking task as SUCCESS. dag_id=movie, task_id=get.data, run_id=scheduled__2017-01-02T05:34:00+00:00, execution_date=20170102T053400, start_date=20240802T080604, end_date=20240802T080610
[2024-08-02T17:06:10.223+0900] {local_task_job_runner.py:243} INFO - Task exited with return code 0
[2024-08-02T17:06:10.237+0900] {taskinstance.py:3503} INFO - 0 downstream tasks scheduled from follow-on schedule check
[2024-08-02T17:06:10.237+0900] {local_task_job_runner.py:222} INFO - ::endgroup::
