[2024-08-02T17:11:44.159+0900] {local_task_job_runner.py:120} INFO - ::group::Pre task execution logs
[2024-08-02T17:11:44.179+0900] {taskinstance.py:2076} INFO - Dependencies all met for dep_context=non-requeueable deps ti=<TaskInstance: movie.get.data scheduled__2017-01-03T05:03:00+00:00 [queued]>
[2024-08-02T17:11:44.186+0900] {taskinstance.py:2076} INFO - Dependencies all met for dep_context=requeueable deps ti=<TaskInstance: movie.get.data scheduled__2017-01-03T05:03:00+00:00 [queued]>
[2024-08-02T17:11:44.186+0900] {taskinstance.py:2306} INFO - Starting attempt 1 of 3
[2024-08-02T17:11:44.201+0900] {taskinstance.py:2330} INFO - Executing <Task(PythonVirtualenvOperator): get.data> on 2017-01-03 05:03:00+00:00
[2024-08-02T17:11:44.204+0900] {standard_task_runner.py:64} INFO - Started process 157534 to run task
[2024-08-02T17:11:44.207+0900] {standard_task_runner.py:90} INFO - Running: ['airflow', 'tasks', 'run', 'movie', 'get.data', 'scheduled__2017-01-03T05:03:00+00:00', '--job-id', '134', '--raw', '--subdir', 'DAGS_FOLDER/movie.py', '--cfg-path', '/tmp/tmpat4qjiw_']
[2024-08-02T17:11:44.209+0900] {standard_task_runner.py:91} INFO - Job 134: Subtask get.data
[2024-08-02T17:11:44.248+0900] {task_command.py:426} INFO - Running <TaskInstance: movie.get.data scheduled__2017-01-03T05:03:00+00:00 [running]> on host playdata.
[2024-08-02T17:11:44.324+0900] {taskinstance.py:2648} INFO - Exporting env vars: AIRFLOW_CTX_DAG_OWNER='airflow' AIRFLOW_CTX_DAG_ID='movie' AIRFLOW_CTX_TASK_ID='get.data' AIRFLOW_CTX_EXECUTION_DATE='2017-01-03T05:03:00+00:00' AIRFLOW_CTX_TRY_NUMBER='1' AIRFLOW_CTX_DAG_RUN_ID='scheduled__2017-01-03T05:03:00+00:00'
[2024-08-02T17:11:44.324+0900] {taskinstance.py:430} INFO - ::endgroup::
[2024-08-02T17:11:44.337+0900] {baseoperator.py:400} WARNING - PythonVirtualenvOperator.execute cannot be called outside TaskInstance!
[2024-08-02T17:11:44.338+0900] {process_utils.py:183} INFO - Executing cmd: /home/oddsummer/.pyenv/versions/3.11.9/envs/air/bin/python -m virtualenv /tmp/venvwrx0fgk3 --python=python
[2024-08-02T17:11:44.339+0900] {process_utils.py:187} INFO - Output:
[2024-08-02T17:11:44.761+0900] {process_utils.py:191} INFO - created virtual environment CPython3.11.9.final.0-64 in 314ms
[2024-08-02T17:11:44.761+0900] {process_utils.py:191} INFO -   creator CPython3Posix(dest=/tmp/venvwrx0fgk3, clear=False, no_vcs_ignore=False, global=False)
[2024-08-02T17:11:44.761+0900] {process_utils.py:191} INFO -   seeder FromAppData(download=False, pip=bundle, setuptools=bundle, wheel=bundle, via=copy, app_data_dir=/home/oddsummer/.local/share/virtualenv)
[2024-08-02T17:11:44.762+0900] {process_utils.py:191} INFO -     added seed packages: pip==24.1.2, setuptools==70.2.0, wheel==0.43.0
[2024-08-02T17:11:44.762+0900] {process_utils.py:191} INFO -   activators BashActivator,CShellActivator,FishActivator,NushellActivator,PowerShellActivator,PythonActivator
[2024-08-02T17:11:44.787+0900] {process_utils.py:183} INFO - Executing cmd: /tmp/venvwrx0fgk3/bin/pip install -r /tmp/venvwrx0fgk3/requirements.txt
[2024-08-02T17:11:44.788+0900] {process_utils.py:187} INFO - Output:
[2024-08-02T17:11:45.740+0900] {process_utils.py:191} INFO - Collecting git+https://github.com/7-TRG/extract_trg.git@main (from -r /tmp/venvwrx0fgk3/requirements.txt (line 1))
[2024-08-02T17:11:45.742+0900] {process_utils.py:191} INFO -   Cloning https://github.com/7-TRG/extract_trg.git (to revision main) to /tmp/pip-req-build-4ernwg9u
[2024-08-02T17:11:45.744+0900] {process_utils.py:191} INFO -   Running command git clone --filter=blob:none --quiet https://github.com/7-TRG/extract_trg.git /tmp/pip-req-build-4ernwg9u
[2024-08-02T17:11:47.486+0900] {process_utils.py:191} INFO -   Resolved https://github.com/7-TRG/extract_trg.git to commit 0712b3f1bbaeeeea58bf80749079a62c7e1bec3d
[2024-08-02T17:11:47.491+0900] {process_utils.py:191} INFO -   Installing build dependencies: started
[2024-08-02T17:11:49.383+0900] {process_utils.py:191} INFO -   Installing build dependencies: finished with status 'done'
[2024-08-02T17:11:49.384+0900] {process_utils.py:191} INFO -   Getting requirements to build wheel: started
[2024-08-02T17:11:49.629+0900] {process_utils.py:191} INFO -   Getting requirements to build wheel: finished with status 'done'
[2024-08-02T17:11:49.631+0900] {process_utils.py:191} INFO -   Preparing metadata (pyproject.toml): started
[2024-08-02T17:11:49.881+0900] {process_utils.py:191} INFO -   Preparing metadata (pyproject.toml): finished with status 'done'
[2024-08-02T17:11:49.885+0900] {process_utils.py:191} INFO - Building wheels for collected packages: extract_trg
[2024-08-02T17:11:49.891+0900] {process_utils.py:191} INFO -   Building wheel for extract_trg (pyproject.toml): started
[2024-08-02T17:11:50.184+0900] {process_utils.py:191} INFO -   Building wheel for extract_trg (pyproject.toml): finished with status 'done'
[2024-08-02T17:11:50.185+0900] {process_utils.py:191} INFO -   Created wheel for extract_trg: filename=extract_trg-0.1.0-py3-none-any.whl size=2219 sha256=18a732abf99d6733938a9f02dbde40675d713b9102bb54f92cd587cc3234eb90
[2024-08-02T17:11:50.185+0900] {process_utils.py:191} INFO -   Stored in directory: /tmp/pip-ephem-wheel-cache-jkgj5mf7/wheels/21/97/ea/e27bc4298590f1b8a2b9c46b60aefbe2e3076cf05f6bd5e464
[2024-08-02T17:11:50.187+0900] {process_utils.py:191} INFO - Successfully built extract_trg
[2024-08-02T17:11:50.196+0900] {process_utils.py:191} INFO - Installing collected packages: extract_trg
[2024-08-02T17:11:50.217+0900] {process_utils.py:191} INFO - Successfully installed extract_trg-0.1.0
[2024-08-02T17:11:50.224+0900] {process_utils.py:191} INFO - 
[2024-08-02T17:11:50.225+0900] {process_utils.py:191} INFO - [notice] A new release of pip is available: 24.1.2 -> 24.2
[2024-08-02T17:11:50.225+0900] {process_utils.py:191} INFO - [notice] To update, run: python -m pip install --upgrade pip
[2024-08-02T17:11:50.320+0900] {process_utils.py:183} INFO - Executing cmd: /tmp/venvwrx0fgk3/bin/python /tmp/venv-call0m5wq5ac/script.py /tmp/venv-call0m5wq5ac/script.in /tmp/venv-call0m5wq5ac/script.out /tmp/venv-call0m5wq5ac/string_args.txt /tmp/venv-call0m5wq5ac/termination.log
[2024-08-02T17:11:50.320+0900] {process_utils.py:187} INFO - Output:
[2024-08-02T17:11:50.340+0900] {process_utils.py:191} INFO - 
[2024-08-02T17:11:50.340+0900] {process_utils.py:191} INFO - ---------------======---::::::------+--=======++++++++++===--:...::-=--==============--:.....:-=====
[2024-08-02T17:11:50.340+0900] {process_utils.py:191} INFO - ----::---------------------===--::--+-----=============++++++===---:....--===============--:...:-===
[2024-08-02T17:11:50.341+0900] {process_utils.py:191} INFO - ----------------------------------=++----------------------=+===========-::.:-======================
[2024-08-02T17:11:50.341+0900] {process_utils.py:191} INFO - =----------------------------------==-----------------------=-----==============================+=--
[2024-08-02T17:11:50.341+0900] {process_utils.py:191} INFO - %%####=----------------------------==----------------------=-::::-----======+*%#++================::
[2024-08-02T17:11:50.341+0900] {process_utils.py:191} INFO - %%%%%#=----------------------------=-:---------------------=--==--------=====*#*=================-::
[2024-08-02T17:11:50.341+0900] {process_utils.py:191} INFO - @@%%%*-----------------+***++=-----=-::-------------------:+---------=====+++====================-::
[2024-08-02T17:11:50.341+0900] {process_utils.py:191} INFO - @@%%%*---------------#%%%%##%%#=---=-+##*#+----------------=------------=====+====-=--===========-::
[2024-08-02T17:11:50.341+0900] {process_utils.py:191} INFO - @@@%%+--=+*%%%+-----+%@@%#++%%%#=--=*%+===#+::----------::=-----------=+*##*++=-----------=======-::
[2024-08-02T17:11:50.342+0900] {process_utils.py:191} INFO - +++++=-+#+***#*=-----#*++**+#@@@*--+#+**+***-:=-:---=*+-::=-----==+++*######%%%#=-------------==-:::
[2024-08-02T17:11:50.342+0900] {process_utils.py:191} INFO - *******-:::-*=-------+===+=-=+#%%:-=++++=+==-:=-:::=%%#-::###=-*#%%%%%%%%%%%%%%%%+---------------:::
[2024-08-02T17:11:50.342+0900] {process_utils.py:191} INFO - =====+=:--::+---+--+**++++*+++#%*-=--**++++-:=++=::+#*-::=%%%#*#%%%%%%%%@@%%%%@@%%#====------+#%%=-*
[2024-08-02T17:11:50.342+0900] {process_utils.py:191} INFO - =-==++---=+==*#%%%%%%=*++++++++==-=-*##*+=##**++=--++-:--*=-=*#%%%@%###*###*+++*%%%*=============-#%
[2024-08-02T17:11:50.342+0900] {process_utils.py:191} INFO - +-=------=*%%%%@%@@@@***=+*#+*##*#%%@@**++%@%%%%*+=--=-=+-:--:#%@@%#*****###*+---+*++#**===---=++*%@
[2024-08-02T17:11:50.342+0900] {process_utils.py:191} INFO - --==-::-*%%%@@@@@@@%#*=-+++%@%##%%@@@@@%#%@@@%%@%%%*=--=#%####-%@%%####++++++=---==++*####*+++*%@%@@
[2024-08-02T17:11:50.342+0900] {process_utils.py:191} INFO - -=*+=-=#@@@@@@@@@#*+++++*@@@@@@@@@@@@@@@@@@@@@@@@@@@#+==-+*+#=:-+#%##**==++**+++=====+*###*+**#@%##%
[2024-08-02T17:11:50.342+0900] {process_utils.py:191} INFO - -=++-+%%@%@@@@%+=-++***#@@@@@@@@@@@@%:+@@*%+=%@@@@@@%%#%%#*=+--:-=#++**%#*+=+++++===+**####=*%%%%%%%
[2024-08-02T17:11:50.343+0900] {process_utils.py:191} INFO - -=++#%%####+-:---=*%%@@%#######**++++=+++++++++%%=+%@@%##*+==-=++=+*****##*===+++++==*#####*+#%%##%%
[2024-08-02T17:11:50.343+0900] {process_utils.py:191} INFO - -=*+=---==+=-::::-*@@@%+=======++++++++++++++*#%#**%%%*==-+*=--+==*****#**+=====+++++=***+++=+==::::
[2024-08-02T17:11:50.343+0900] {process_utils.py:191} INFO - =#*=++++++*###**==*@@@%=======++++++++*@@@@@@@@%%#####-:=+----==******##****+++++***==-=+=:::.::::::
[2024-08-02T17:11:50.343+0900] {process_utils.py:191} INFO - #%*+*++++**##*###*+#@@#=========++++==*%%%%%%%%######*=-----==+*********##########*+====::::::::::::
[2024-08-02T17:11:50.343+0900] {process_utils.py:191} INFO - ++++*#%%@%*##*##***%@@*===============+%##%%######%%%%*==-===+*********+=+*#######*++++-:::--::-----
[2024-08-02T17:11:50.343+0900] {process_utils.py:191} INFO - ===+*#%@@%*##**#**+=--================+%%#%%###%#%%%%%#======*#######*-:-++*####*****++:------------
[2024-08-02T17:11:50.343+0900] {process_utils.py:191} INFO - =+=------=##**##**+=--================+%%#%%###%%#%%%%%+=====+###**++==----:-*####****=------==-====
[2024-08-02T17:11:50.344+0900] {process_utils.py:191} INFO - 
[2024-08-02T17:11:50.408+0900] {python.py:237} INFO - Done. Returned value was: None
[2024-08-02T17:11:50.409+0900] {taskinstance.py:441} INFO - ::group::Post task execution logs
[2024-08-02T17:11:50.415+0900] {taskinstance.py:1206} INFO - Marking task as SUCCESS. dag_id=movie, task_id=get.data, run_id=scheduled__2017-01-03T05:03:00+00:00, execution_date=20170103T050300, start_date=20240802T081144, end_date=20240802T081150
[2024-08-02T17:11:50.460+0900] {local_task_job_runner.py:243} INFO - Task exited with return code 0
[2024-08-02T17:11:50.475+0900] {taskinstance.py:3503} INFO - 0 downstream tasks scheduled from follow-on schedule check
[2024-08-02T17:11:50.476+0900] {local_task_job_runner.py:222} INFO - ::endgroup::
