[2024-08-02T17:26:50.921+0900] {local_task_job_runner.py:120} INFO - ::group::Pre task execution logs
[2024-08-02T17:26:50.952+0900] {taskinstance.py:2076} INFO - Dependencies all met for dep_context=non-requeueable deps ti=<TaskInstance: movie.get.data scheduled__2017-01-04T05:20:00+00:00 [queued]>
[2024-08-02T17:26:50.959+0900] {taskinstance.py:2076} INFO - Dependencies all met for dep_context=requeueable deps ti=<TaskInstance: movie.get.data scheduled__2017-01-04T05:20:00+00:00 [queued]>
[2024-08-02T17:26:50.959+0900] {taskinstance.py:2306} INFO - Starting attempt 1 of 3
[2024-08-02T17:26:50.979+0900] {taskinstance.py:2330} INFO - Executing <Task(PythonVirtualenvOperator): get.data> on 2017-01-04 05:20:00+00:00
[2024-08-02T17:26:50.985+0900] {standard_task_runner.py:64} INFO - Started process 164135 to run task
[2024-08-02T17:26:50.989+0900] {standard_task_runner.py:90} INFO - Running: ['airflow', 'tasks', 'run', 'movie', 'get.data', 'scheduled__2017-01-04T05:20:00+00:00', '--job-id', '211', '--raw', '--subdir', 'DAGS_FOLDER/movie.py', '--cfg-path', '/tmp/tmpscw920w8']
[2024-08-02T17:26:50.991+0900] {standard_task_runner.py:91} INFO - Job 211: Subtask get.data
[2024-08-02T17:26:51.033+0900] {task_command.py:426} INFO - Running <TaskInstance: movie.get.data scheduled__2017-01-04T05:20:00+00:00 [running]> on host playdata.
[2024-08-02T17:26:51.106+0900] {taskinstance.py:2648} INFO - Exporting env vars: AIRFLOW_CTX_DAG_OWNER='airflow' AIRFLOW_CTX_DAG_ID='movie' AIRFLOW_CTX_TASK_ID='get.data' AIRFLOW_CTX_EXECUTION_DATE='2017-01-04T05:20:00+00:00' AIRFLOW_CTX_TRY_NUMBER='1' AIRFLOW_CTX_DAG_RUN_ID='scheduled__2017-01-04T05:20:00+00:00'
[2024-08-02T17:26:51.107+0900] {taskinstance.py:430} INFO - ::endgroup::
[2024-08-02T17:26:51.117+0900] {baseoperator.py:400} WARNING - PythonVirtualenvOperator.execute cannot be called outside TaskInstance!
[2024-08-02T17:26:51.118+0900] {process_utils.py:183} INFO - Executing cmd: /home/oddsummer/.pyenv/versions/3.11.9/envs/air/bin/python -m virtualenv /tmp/venv6myvq2xs --python=python
[2024-08-02T17:26:51.119+0900] {process_utils.py:187} INFO - Output:
[2024-08-02T17:26:51.522+0900] {process_utils.py:191} INFO - created virtual environment CPython3.11.9.final.0-64 in 289ms
[2024-08-02T17:26:51.522+0900] {process_utils.py:191} INFO -   creator CPython3Posix(dest=/tmp/venv6myvq2xs, clear=False, no_vcs_ignore=False, global=False)
[2024-08-02T17:26:51.522+0900] {process_utils.py:191} INFO -   seeder FromAppData(download=False, pip=bundle, setuptools=bundle, wheel=bundle, via=copy, app_data_dir=/home/oddsummer/.local/share/virtualenv)
[2024-08-02T17:26:51.522+0900] {process_utils.py:191} INFO -     added seed packages: pip==24.1.2, setuptools==70.2.0, wheel==0.43.0
[2024-08-02T17:26:51.523+0900] {process_utils.py:191} INFO -   activators BashActivator,CShellActivator,FishActivator,NushellActivator,PowerShellActivator,PythonActivator
[2024-08-02T17:26:51.548+0900] {process_utils.py:183} INFO - Executing cmd: /tmp/venv6myvq2xs/bin/pip install -r /tmp/venv6myvq2xs/requirements.txt
[2024-08-02T17:26:51.548+0900] {process_utils.py:187} INFO - Output:
[2024-08-02T17:26:52.555+0900] {process_utils.py:191} INFO - Collecting git+https://github.com/7-TRG/extract_trg.git@main (from -r /tmp/venv6myvq2xs/requirements.txt (line 1))
[2024-08-02T17:26:52.555+0900] {process_utils.py:191} INFO -   Cloning https://github.com/7-TRG/extract_trg.git (to revision main) to /tmp/pip-req-build-38ln2cuh
[2024-08-02T17:26:52.558+0900] {process_utils.py:191} INFO -   Running command git clone --filter=blob:none --quiet https://github.com/7-TRG/extract_trg.git /tmp/pip-req-build-38ln2cuh
[2024-08-02T17:26:54.234+0900] {process_utils.py:191} INFO -   Resolved https://github.com/7-TRG/extract_trg.git to commit 0712b3f1bbaeeeea58bf80749079a62c7e1bec3d
[2024-08-02T17:26:54.239+0900] {process_utils.py:191} INFO -   Installing build dependencies: started
[2024-08-02T17:26:56.319+0900] {process_utils.py:191} INFO -   Installing build dependencies: finished with status 'done'
[2024-08-02T17:26:56.320+0900] {process_utils.py:191} INFO -   Getting requirements to build wheel: started
[2024-08-02T17:26:56.565+0900] {process_utils.py:191} INFO -   Getting requirements to build wheel: finished with status 'done'
[2024-08-02T17:26:56.566+0900] {process_utils.py:191} INFO -   Preparing metadata (pyproject.toml): started
[2024-08-02T17:26:56.819+0900] {process_utils.py:191} INFO -   Preparing metadata (pyproject.toml): finished with status 'done'
[2024-08-02T17:26:56.822+0900] {process_utils.py:191} INFO - Building wheels for collected packages: extract_trg
[2024-08-02T17:26:56.825+0900] {process_utils.py:191} INFO -   Building wheel for extract_trg (pyproject.toml): started
[2024-08-02T17:26:57.096+0900] {process_utils.py:191} INFO -   Building wheel for extract_trg (pyproject.toml): finished with status 'done'
[2024-08-02T17:26:57.097+0900] {process_utils.py:191} INFO -   Created wheel for extract_trg: filename=extract_trg-0.1.0-py3-none-any.whl size=2219 sha256=660a0fe65329067b6a44aa844d117ec3f7208f39da80c6093b8ec7247af603eb
[2024-08-02T17:26:57.097+0900] {process_utils.py:191} INFO -   Stored in directory: /tmp/pip-ephem-wheel-cache-hcxsqnt1/wheels/21/97/ea/e27bc4298590f1b8a2b9c46b60aefbe2e3076cf05f6bd5e464
[2024-08-02T17:26:57.099+0900] {process_utils.py:191} INFO - Successfully built extract_trg
[2024-08-02T17:26:57.108+0900] {process_utils.py:191} INFO - Installing collected packages: extract_trg
[2024-08-02T17:26:57.126+0900] {process_utils.py:191} INFO - Successfully installed extract_trg-0.1.0
[2024-08-02T17:26:57.133+0900] {process_utils.py:191} INFO - 
[2024-08-02T17:26:57.133+0900] {process_utils.py:191} INFO - [notice] A new release of pip is available: 24.1.2 -> 24.2
[2024-08-02T17:26:57.133+0900] {process_utils.py:191} INFO - [notice] To update, run: python -m pip install --upgrade pip
[2024-08-02T17:26:57.231+0900] {process_utils.py:183} INFO - Executing cmd: /tmp/venv6myvq2xs/bin/python /tmp/venv-call27u1kr_w/script.py /tmp/venv-call27u1kr_w/script.in /tmp/venv-call27u1kr_w/script.out /tmp/venv-call27u1kr_w/string_args.txt /tmp/venv-call27u1kr_w/termination.log
[2024-08-02T17:26:57.232+0900] {process_utils.py:187} INFO - Output:
[2024-08-02T17:26:57.254+0900] {process_utils.py:191} INFO - 
[2024-08-02T17:26:57.255+0900] {process_utils.py:191} INFO - ---------------======---::::::------+--=======++++++++++===--:...::-=--==============--:.....:-=====
[2024-08-02T17:26:57.255+0900] {process_utils.py:191} INFO - ----::---------------------===--::--+-----=============++++++===---:....--===============--:...:-===
[2024-08-02T17:26:57.255+0900] {process_utils.py:191} INFO - ----------------------------------=++----------------------=+===========-::.:-======================
[2024-08-02T17:26:57.255+0900] {process_utils.py:191} INFO - =----------------------------------==-----------------------=-----==============================+=--
[2024-08-02T17:26:57.255+0900] {process_utils.py:191} INFO - %%####=----------------------------==----------------------=-::::-----======+*%#++================::
[2024-08-02T17:26:57.255+0900] {process_utils.py:191} INFO - %%%%%#=----------------------------=-:---------------------=--==--------=====*#*=================-::
[2024-08-02T17:26:57.255+0900] {process_utils.py:191} INFO - @@%%%*-----------------+***++=-----=-::-------------------:+---------=====+++====================-::
[2024-08-02T17:26:57.256+0900] {process_utils.py:191} INFO - @@%%%*---------------#%%%%##%%#=---=-+##*#+----------------=------------=====+====-=--===========-::
[2024-08-02T17:26:57.256+0900] {process_utils.py:191} INFO - @@@%%+--=+*%%%+-----+%@@%#++%%%#=--=*%+===#+::----------::=-----------=+*##*++=-----------=======-::
[2024-08-02T17:26:57.256+0900] {process_utils.py:191} INFO - +++++=-+#+***#*=-----#*++**+#@@@*--+#+**+***-:=-:---=*+-::=-----==+++*######%%%#=-------------==-:::
[2024-08-02T17:26:57.256+0900] {process_utils.py:191} INFO - *******-:::-*=-------+===+=-=+#%%:-=++++=+==-:=-:::=%%#-::###=-*#%%%%%%%%%%%%%%%%+---------------:::
[2024-08-02T17:26:57.256+0900] {process_utils.py:191} INFO - =====+=:--::+---+--+**++++*+++#%*-=--**++++-:=++=::+#*-::=%%%#*#%%%%%%%%@@%%%%@@%%#====------+#%%=-*
[2024-08-02T17:26:57.256+0900] {process_utils.py:191} INFO - =-==++---=+==*#%%%%%%=*++++++++==-=-*##*+=##**++=--++-:--*=-=*#%%%@%###*###*+++*%%%*=============-#%
[2024-08-02T17:26:57.256+0900] {process_utils.py:191} INFO - +-=------=*%%%%@%@@@@***=+*#+*##*#%%@@**++%@%%%%*+=--=-=+-:--:#%@@%#*****###*+---+*++#**===---=++*%@
[2024-08-02T17:26:57.257+0900] {process_utils.py:191} INFO - --==-::-*%%%@@@@@@@%#*=-+++%@%##%%@@@@@%#%@@@%%@%%%*=--=#%####-%@%%####++++++=---==++*####*+++*%@%@@
[2024-08-02T17:26:57.257+0900] {process_utils.py:191} INFO - -=*+=-=#@@@@@@@@@#*+++++*@@@@@@@@@@@@@@@@@@@@@@@@@@@#+==-+*+#=:-+#%##**==++**+++=====+*###*+**#@%##%
[2024-08-02T17:26:57.257+0900] {process_utils.py:191} INFO - -=++-+%%@%@@@@%+=-++***#@@@@@@@@@@@@%:+@@*%+=%@@@@@@%%#%%#*=+--:-=#++**%#*+=+++++===+**####=*%%%%%%%
[2024-08-02T17:26:57.257+0900] {process_utils.py:191} INFO - -=++#%%####+-:---=*%%@@%#######**++++=+++++++++%%=+%@@%##*+==-=++=+*****##*===+++++==*#####*+#%%##%%
[2024-08-02T17:26:57.257+0900] {process_utils.py:191} INFO - -=*+=---==+=-::::-*@@@%+=======++++++++++++++*#%#**%%%*==-+*=--+==*****#**+=====+++++=***+++=+==::::
[2024-08-02T17:26:57.257+0900] {process_utils.py:191} INFO - =#*=++++++*###**==*@@@%=======++++++++*@@@@@@@@%%#####-:=+----==******##****+++++***==-=+=:::.::::::
[2024-08-02T17:26:57.257+0900] {process_utils.py:191} INFO - #%*+*++++**##*###*+#@@#=========++++==*%%%%%%%%######*=-----==+*********##########*+====::::::::::::
[2024-08-02T17:26:57.258+0900] {process_utils.py:191} INFO - ++++*#%%@%*##*##***%@@*===============+%##%%######%%%%*==-===+*********+=+*#######*++++-:::--::-----
[2024-08-02T17:26:57.258+0900] {process_utils.py:191} INFO - ===+*#%@@%*##**#**+=--================+%%#%%###%#%%%%%#======*#######*-:-++*####*****++:------------
[2024-08-02T17:26:57.258+0900] {process_utils.py:191} INFO - =+=------=##**##**+=--================+%%#%%###%%#%%%%%+=====+###**++==----:-*####****=------==-====
[2024-08-02T17:26:57.258+0900] {process_utils.py:191} INFO - 
[2024-08-02T17:26:57.281+0900] {python.py:237} INFO - Done. Returned value was: None
[2024-08-02T17:26:57.281+0900] {taskinstance.py:441} INFO - ::group::Post task execution logs
[2024-08-02T17:26:57.285+0900] {taskinstance.py:1206} INFO - Marking task as SUCCESS. dag_id=movie, task_id=get.data, run_id=scheduled__2017-01-04T05:20:00+00:00, execution_date=20170104T052000, start_date=20240802T082650, end_date=20240802T082657
[2024-08-02T17:26:57.343+0900] {local_task_job_runner.py:243} INFO - Task exited with return code 0
[2024-08-02T17:26:57.358+0900] {taskinstance.py:3503} INFO - 0 downstream tasks scheduled from follow-on schedule check
[2024-08-02T17:26:57.358+0900] {local_task_job_runner.py:222} INFO - ::endgroup::
