[2024-08-02T17:36:27.750+0900] {local_task_job_runner.py:120} INFO - ::group::Pre task execution logs
[2024-08-02T17:36:27.776+0900] {taskinstance.py:2076} INFO - Dependencies all met for dep_context=non-requeueable deps ti=<TaskInstance: movie.transform scheduled__2017-01-05T05:05:00+00:00 [queued]>
[2024-08-02T17:36:27.782+0900] {taskinstance.py:2076} INFO - Dependencies all met for dep_context=requeueable deps ti=<TaskInstance: movie.transform scheduled__2017-01-05T05:05:00+00:00 [queued]>
[2024-08-02T17:36:27.783+0900] {taskinstance.py:2306} INFO - Starting attempt 1 of 3
[2024-08-02T17:36:27.799+0900] {taskinstance.py:2330} INFO - Executing <Task(PythonVirtualenvOperator): transform> on 2017-01-05 05:05:00+00:00
[2024-08-02T17:36:27.802+0900] {standard_task_runner.py:64} INFO - Started process 170296 to run task
[2024-08-02T17:36:27.806+0900] {standard_task_runner.py:90} INFO - Running: ['airflow', 'tasks', 'run', 'movie', 'transform', 'scheduled__2017-01-05T05:05:00+00:00', '--job-id', '262', '--raw', '--subdir', 'DAGS_FOLDER/movie.py', '--cfg-path', '/tmp/tmp6du5lpy7']
[2024-08-02T17:36:27.807+0900] {standard_task_runner.py:91} INFO - Job 262: Subtask transform
[2024-08-02T17:36:27.847+0900] {task_command.py:426} INFO - Running <TaskInstance: movie.transform scheduled__2017-01-05T05:05:00+00:00 [running]> on host playdata.
[2024-08-02T17:36:27.911+0900] {taskinstance.py:2648} INFO - Exporting env vars: AIRFLOW_CTX_DAG_OWNER='airflow' AIRFLOW_CTX_DAG_ID='movie' AIRFLOW_CTX_TASK_ID='transform' AIRFLOW_CTX_EXECUTION_DATE='2017-01-05T05:05:00+00:00' AIRFLOW_CTX_TRY_NUMBER='1' AIRFLOW_CTX_DAG_RUN_ID='scheduled__2017-01-05T05:05:00+00:00'
[2024-08-02T17:36:27.912+0900] {taskinstance.py:430} INFO - ::endgroup::
[2024-08-02T17:36:27.923+0900] {baseoperator.py:400} WARNING - PythonVirtualenvOperator.execute cannot be called outside TaskInstance!
[2024-08-02T17:36:27.924+0900] {process_utils.py:183} INFO - Executing cmd: /home/oddsummer/.pyenv/versions/3.11.9/envs/air/bin/python -m virtualenv /tmp/venvfpts1pht --python=python
[2024-08-02T17:36:27.925+0900] {process_utils.py:187} INFO - Output:
[2024-08-02T17:36:28.315+0900] {process_utils.py:191} INFO - created virtual environment CPython3.11.9.final.0-64 in 269ms
[2024-08-02T17:36:28.316+0900] {process_utils.py:191} INFO -   creator CPython3Posix(dest=/tmp/venvfpts1pht, clear=False, no_vcs_ignore=False, global=False)
[2024-08-02T17:36:28.316+0900] {process_utils.py:191} INFO -   seeder FromAppData(download=False, pip=bundle, setuptools=bundle, wheel=bundle, via=copy, app_data_dir=/home/oddsummer/.local/share/virtualenv)
[2024-08-02T17:36:28.316+0900] {process_utils.py:191} INFO -     added seed packages: pip==24.1.2, setuptools==70.2.0, wheel==0.43.0
[2024-08-02T17:36:28.316+0900] {process_utils.py:191} INFO -   activators BashActivator,CShellActivator,FishActivator,NushellActivator,PowerShellActivator,PythonActivator
[2024-08-02T17:36:28.342+0900] {process_utils.py:183} INFO - Executing cmd: /tmp/venvfpts1pht/bin/pip install -r /tmp/venvfpts1pht/requirements.txt
[2024-08-02T17:36:28.343+0900] {process_utils.py:187} INFO - Output:
[2024-08-02T17:36:29.467+0900] {process_utils.py:191} INFO - Collecting git+https://github.com/7-TRG/transform_trg.git@main (from -r /tmp/venvfpts1pht/requirements.txt (line 1))
[2024-08-02T17:36:29.468+0900] {process_utils.py:191} INFO -   Cloning https://github.com/7-TRG/transform_trg.git (to revision main) to /tmp/pip-req-build-d15fgleh
[2024-08-02T17:36:29.471+0900] {process_utils.py:191} INFO -   Running command git clone --filter=blob:none --quiet https://github.com/7-TRG/transform_trg.git /tmp/pip-req-build-d15fgleh
[2024-08-02T17:36:31.158+0900] {process_utils.py:191} INFO -   Resolved https://github.com/7-TRG/transform_trg.git to commit 789fe432a030fafcbef44ec873bc256dce822228
[2024-08-02T17:36:31.164+0900] {process_utils.py:191} INFO -   Installing build dependencies: started
[2024-08-02T17:36:33.117+0900] {process_utils.py:191} INFO -   Installing build dependencies: finished with status 'done'
[2024-08-02T17:36:33.118+0900] {process_utils.py:191} INFO -   Getting requirements to build wheel: started
[2024-08-02T17:36:33.375+0900] {process_utils.py:191} INFO -   Getting requirements to build wheel: finished with status 'done'
[2024-08-02T17:36:33.377+0900] {process_utils.py:191} INFO -   Preparing metadata (pyproject.toml): started
[2024-08-02T17:36:33.644+0900] {process_utils.py:191} INFO -   Preparing metadata (pyproject.toml): finished with status 'done'
[2024-08-02T17:36:33.647+0900] {process_utils.py:191} INFO - Building wheels for collected packages: transform_trg
[2024-08-02T17:36:33.650+0900] {process_utils.py:191} INFO -   Building wheel for transform_trg (pyproject.toml): started
[2024-08-02T17:36:33.967+0900] {process_utils.py:191} INFO -   Building wheel for transform_trg (pyproject.toml): finished with status 'done'
[2024-08-02T17:36:33.968+0900] {process_utils.py:191} INFO -   Created wheel for transform_trg: filename=transform_trg-0.1.0-py3-none-any.whl size=2244 sha256=111e06f21c5cf83c9cffe89aedc7bcb6637d65a7be6c5b210316d9496aca2423
[2024-08-02T17:36:33.968+0900] {process_utils.py:191} INFO -   Stored in directory: /tmp/pip-ephem-wheel-cache-ejrufkqr/wheels/52/ed/12/e63285a730e0434716bf2b76c497e2eca12531b214fbcca988
[2024-08-02T17:36:33.971+0900] {process_utils.py:191} INFO - Successfully built transform_trg
[2024-08-02T17:36:33.988+0900] {process_utils.py:191} INFO - Installing collected packages: transform_trg
[2024-08-02T17:36:34.014+0900] {process_utils.py:191} INFO - Successfully installed transform_trg-0.1.0
[2024-08-02T17:36:34.022+0900] {process_utils.py:191} INFO - 
[2024-08-02T17:36:34.023+0900] {process_utils.py:191} INFO - [notice] A new release of pip is available: 24.1.2 -> 24.2
[2024-08-02T17:36:34.023+0900] {process_utils.py:191} INFO - [notice] To update, run: python -m pip install --upgrade pip
[2024-08-02T17:36:34.151+0900] {process_utils.py:183} INFO - Executing cmd: /tmp/venvfpts1pht/bin/python /tmp/venv-callo0jb7tfg/script.py /tmp/venv-callo0jb7tfg/script.in /tmp/venv-callo0jb7tfg/script.out /tmp/venv-callo0jb7tfg/string_args.txt /tmp/venv-callo0jb7tfg/termination.log
[2024-08-02T17:36:34.152+0900] {process_utils.py:187} INFO - Output:
[2024-08-02T17:36:34.171+0900] {process_utils.py:191} INFO - 
[2024-08-02T17:36:34.172+0900] {process_utils.py:191} INFO - ---------------======---::::::------+--=======++++++++++===--:...::-=--==============--:.....:-=====
[2024-08-02T17:36:34.172+0900] {process_utils.py:191} INFO - ----::---------------------===--::--+-----=============++++++===---:....--===============--:...:-===
[2024-08-02T17:36:34.172+0900] {process_utils.py:191} INFO - ----------------------------------=++----------------------=+===========-::.:-======================
[2024-08-02T17:36:34.173+0900] {process_utils.py:191} INFO - =----------------------------------==-----------------------=-----==============================+=--
[2024-08-02T17:36:34.173+0900] {process_utils.py:191} INFO - %%####=----------------------------==----------------------=-::::-----======+*%#++================::
[2024-08-02T17:36:34.173+0900] {process_utils.py:191} INFO - %%%%%#=----------------------------=-:---------------------=--==--------=====*#*=================-::
[2024-08-02T17:36:34.173+0900] {process_utils.py:191} INFO - @@%%%*-----------------+***++=-----=-::-------------------:+---------=====+++====================-::
[2024-08-02T17:36:34.174+0900] {process_utils.py:191} INFO - @@%%%*---------------#%%%%##%%#=---=-+##*#+----------------=------------=====+====-=--===========-::
[2024-08-02T17:36:34.174+0900] {process_utils.py:191} INFO - @@@%%+--=+*%%%+-----+%@@%#++%%%#=--=*%+===#+::----------::=-----------=+*##*++=-----------=======-::
[2024-08-02T17:36:34.174+0900] {process_utils.py:191} INFO - +++++=-+#+***#*=-----#*++**+#@@@*--+#+**+***-:=-:---=*+-::=-----==+++*######%%%#=-------------==-:::
[2024-08-02T17:36:34.174+0900] {process_utils.py:191} INFO - *******-:::-*=-------+===+=-=+#%%:-=++++=+==-:=-:::=%%#-::###=-*#%%%%%%%%%%%%%%%%+---------------:::
[2024-08-02T17:36:34.174+0900] {process_utils.py:191} INFO - =====+=:--::+---+--+**++++*+++#%*-=--**++++-:=++=::+#*-::=%%%#*#%%%%%%%%@@%%%%@@%%#====------+#%%=-*
[2024-08-02T17:36:34.175+0900] {process_utils.py:191} INFO - =-==++---=+==*#%%%%%%=*++++++++==-=-*##*+=##**++=--++-:--*=-=*#%%%@%###*###*+++*%%%*=============-#%
[2024-08-02T17:36:34.175+0900] {process_utils.py:191} INFO - +-=------=*%%%%@%@@@@***=+*#+*##*#%%@@**++%@%%%%*+=--=-=+-:--:#%@@%#*****###*+---+*++#**===---=++*%@
[2024-08-02T17:36:34.175+0900] {process_utils.py:191} INFO - --==-::-*%%%@@@@@@@%#*=-+++%@%##%%@@@@@%#%@@@%%@%%%*=--=#%####-%@%%####++++++=---==++*####*+++*%@%@@
[2024-08-02T17:36:34.175+0900] {process_utils.py:191} INFO - -=*+=-=#@@@@@@@@@#*+++++*@@@@@@@@@@@@@@@@@@@@@@@@@@@#+==-+*+#=:-+#%##**==++**+++=====+*###*+**#@%##%
[2024-08-02T17:36:34.175+0900] {process_utils.py:191} INFO - -=++-+%%@%@@@@%+=-++***#@@@@@@@@@@@@%:+@@*%+=%@@@@@@%%#%%#*=+--:-=#++**%#*+=+++++===+**####=*%%%%%%%
[2024-08-02T17:36:34.176+0900] {process_utils.py:191} INFO - -=++#%%####+-:---=*%%@@%#######**++++=+++++++++%%=+%@@%##*+==-=++=+*****##*===+++++==*#####*+#%%##%%
[2024-08-02T17:36:34.176+0900] {process_utils.py:191} INFO - -=*+=---==+=-::::-*@@@%+=======++++++++++++++*#%#**%%%*==-+*=--+==*****#**+=====+++++=***+++=+==::::
[2024-08-02T17:36:34.176+0900] {process_utils.py:191} INFO - =#*=++++++*###**==*@@@%=======++++++++*@@@@@@@@%%#####-:=+----==******##****+++++***==-=+=:::.::::::
[2024-08-02T17:36:34.176+0900] {process_utils.py:191} INFO - #%*+*++++**##*###*+#@@#=========++++==*%%%%%%%%######*=-----==+*********##########*+====::::::::::::
[2024-08-02T17:36:34.176+0900] {process_utils.py:191} INFO - ++++*#%%@%*##*##***%@@*===============+%##%%######%%%%*==-===+*********+=+*#######*++++-:::--::-----
[2024-08-02T17:36:34.176+0900] {process_utils.py:191} INFO - ===+*#%@@%*##**#**+=--================+%%#%%###%#%%%%%#======*#######*-:-++*####*****++:------------
[2024-08-02T17:36:34.177+0900] {process_utils.py:191} INFO - =+=------=##**##**+=--================+%%#%%###%%#%%%%%+=====+###**++==----:-*####****=------==-====
[2024-08-02T17:36:34.177+0900] {process_utils.py:191} INFO - 
[2024-08-02T17:36:34.199+0900] {python.py:237} INFO - Done. Returned value was: None
[2024-08-02T17:36:34.199+0900] {taskinstance.py:441} INFO - ::group::Post task execution logs
[2024-08-02T17:36:34.204+0900] {taskinstance.py:1206} INFO - Marking task as SUCCESS. dag_id=movie, task_id=transform, run_id=scheduled__2017-01-05T05:05:00+00:00, execution_date=20170105T050500, start_date=20240802T083627, end_date=20240802T083634
[2024-08-02T17:36:34.270+0900] {local_task_job_runner.py:243} INFO - Task exited with return code 0
[2024-08-02T17:36:34.287+0900] {taskinstance.py:3503} INFO - 1 downstream tasks scheduled from follow-on schedule check
[2024-08-02T17:36:34.295+0900] {local_task_job_runner.py:222} INFO - ::endgroup::
