[2024-08-02T17:42:32.588+0900] {local_task_job_runner.py:120} INFO - ::group::Pre task execution logs
[2024-08-02T17:42:32.613+0900] {taskinstance.py:2076} INFO - Dependencies all met for dep_context=non-requeueable deps ti=<TaskInstance: movie.extract scheduled__2017-01-05T05:18:00+00:00 [queued]>
[2024-08-02T17:42:32.620+0900] {taskinstance.py:2076} INFO - Dependencies all met for dep_context=requeueable deps ti=<TaskInstance: movie.extract scheduled__2017-01-05T05:18:00+00:00 [queued]>
[2024-08-02T17:42:32.620+0900] {taskinstance.py:2306} INFO - Starting attempt 1 of 3
[2024-08-02T17:42:32.637+0900] {taskinstance.py:2330} INFO - Executing <Task(PythonVirtualenvOperator): extract> on 2017-01-05 05:18:00+00:00
[2024-08-02T17:42:32.642+0900] {standard_task_runner.py:64} INFO - Started process 174593 to run task
[2024-08-02T17:42:32.646+0900] {standard_task_runner.py:90} INFO - Running: ['airflow', 'tasks', 'run', 'movie', 'extract', 'scheduled__2017-01-05T05:18:00+00:00', '--job-id', '300', '--raw', '--subdir', 'DAGS_FOLDER/movie.py', '--cfg-path', '/tmp/tmpm_toc48e']
[2024-08-02T17:42:32.647+0900] {standard_task_runner.py:91} INFO - Job 300: Subtask extract
[2024-08-02T17:42:32.687+0900] {task_command.py:426} INFO - Running <TaskInstance: movie.extract scheduled__2017-01-05T05:18:00+00:00 [running]> on host playdata.
[2024-08-02T17:42:32.759+0900] {taskinstance.py:2648} INFO - Exporting env vars: AIRFLOW_CTX_DAG_OWNER='airflow' AIRFLOW_CTX_DAG_ID='movie' AIRFLOW_CTX_TASK_ID='extract' AIRFLOW_CTX_EXECUTION_DATE='2017-01-05T05:18:00+00:00' AIRFLOW_CTX_TRY_NUMBER='1' AIRFLOW_CTX_DAG_RUN_ID='scheduled__2017-01-05T05:18:00+00:00'
[2024-08-02T17:42:32.760+0900] {taskinstance.py:430} INFO - ::endgroup::
[2024-08-02T17:42:32.771+0900] {baseoperator.py:400} WARNING - PythonVirtualenvOperator.execute cannot be called outside TaskInstance!
[2024-08-02T17:42:32.772+0900] {process_utils.py:183} INFO - Executing cmd: /home/oddsummer/.pyenv/versions/3.11.9/envs/air/bin/python -m virtualenv /tmp/venvtpj0wahx --python=python
[2024-08-02T17:42:32.772+0900] {process_utils.py:187} INFO - Output:
[2024-08-02T17:42:33.166+0900] {process_utils.py:191} INFO - created virtual environment CPython3.11.9.final.0-64 in 285ms
[2024-08-02T17:42:33.167+0900] {process_utils.py:191} INFO -   creator CPython3Posix(dest=/tmp/venvtpj0wahx, clear=False, no_vcs_ignore=False, global=False)
[2024-08-02T17:42:33.167+0900] {process_utils.py:191} INFO -   seeder FromAppData(download=False, pip=bundle, setuptools=bundle, wheel=bundle, via=copy, app_data_dir=/home/oddsummer/.local/share/virtualenv)
[2024-08-02T17:42:33.167+0900] {process_utils.py:191} INFO -     added seed packages: pip==24.1.2, setuptools==70.2.0, wheel==0.43.0
[2024-08-02T17:42:33.167+0900] {process_utils.py:191} INFO -   activators BashActivator,CShellActivator,FishActivator,NushellActivator,PowerShellActivator,PythonActivator
[2024-08-02T17:42:33.191+0900] {process_utils.py:183} INFO - Executing cmd: /tmp/venvtpj0wahx/bin/pip install -r /tmp/venvtpj0wahx/requirements.txt
[2024-08-02T17:42:33.192+0900] {process_utils.py:187} INFO - Output:
[2024-08-02T17:42:34.151+0900] {process_utils.py:191} INFO - Collecting git+https://github.com/7-TRG/extract_trg.git@main (from -r /tmp/venvtpj0wahx/requirements.txt (line 1))
[2024-08-02T17:42:34.152+0900] {process_utils.py:191} INFO -   Cloning https://github.com/7-TRG/extract_trg.git (to revision main) to /tmp/pip-req-build-le7e63kx
[2024-08-02T17:42:34.155+0900] {process_utils.py:191} INFO -   Running command git clone --filter=blob:none --quiet https://github.com/7-TRG/extract_trg.git /tmp/pip-req-build-le7e63kx
[2024-08-02T17:42:35.826+0900] {process_utils.py:191} INFO -   Resolved https://github.com/7-TRG/extract_trg.git to commit 0712b3f1bbaeeeea58bf80749079a62c7e1bec3d
[2024-08-02T17:42:35.832+0900] {process_utils.py:191} INFO -   Installing build dependencies: started
[2024-08-02T17:42:37.689+0900] {process_utils.py:191} INFO -   Installing build dependencies: finished with status 'done'
[2024-08-02T17:42:37.690+0900] {process_utils.py:191} INFO -   Getting requirements to build wheel: started
[2024-08-02T17:42:37.931+0900] {process_utils.py:191} INFO -   Getting requirements to build wheel: finished with status 'done'
[2024-08-02T17:42:37.932+0900] {process_utils.py:191} INFO -   Preparing metadata (pyproject.toml): started
[2024-08-02T17:42:38.183+0900] {process_utils.py:191} INFO -   Preparing metadata (pyproject.toml): finished with status 'done'
[2024-08-02T17:42:38.186+0900] {process_utils.py:191} INFO - Building wheels for collected packages: extract_trg
[2024-08-02T17:42:38.190+0900] {process_utils.py:191} INFO -   Building wheel for extract_trg (pyproject.toml): started
[2024-08-02T17:42:38.449+0900] {process_utils.py:191} INFO -   Building wheel for extract_trg (pyproject.toml): finished with status 'done'
[2024-08-02T17:42:38.450+0900] {process_utils.py:191} INFO -   Created wheel for extract_trg: filename=extract_trg-0.1.0-py3-none-any.whl size=2219 sha256=cbb4c0c3de6d68f4f0b6e4b80392475ba521c64a231a9d2ce0aabf077b11227b
[2024-08-02T17:42:38.451+0900] {process_utils.py:191} INFO -   Stored in directory: /tmp/pip-ephem-wheel-cache-32qcdisw/wheels/21/97/ea/e27bc4298590f1b8a2b9c46b60aefbe2e3076cf05f6bd5e464
[2024-08-02T17:42:38.453+0900] {process_utils.py:191} INFO - Successfully built extract_trg
[2024-08-02T17:42:38.461+0900] {process_utils.py:191} INFO - Installing collected packages: extract_trg
[2024-08-02T17:42:38.477+0900] {process_utils.py:191} INFO - Successfully installed extract_trg-0.1.0
[2024-08-02T17:42:38.484+0900] {process_utils.py:191} INFO - 
[2024-08-02T17:42:38.484+0900] {process_utils.py:191} INFO - [notice] A new release of pip is available: 24.1.2 -> 24.2
[2024-08-02T17:42:38.484+0900] {process_utils.py:191} INFO - [notice] To update, run: python -m pip install --upgrade pip
[2024-08-02T17:42:38.598+0900] {process_utils.py:183} INFO - Executing cmd: /tmp/venvtpj0wahx/bin/python /tmp/venv-callcx0ytk2p/script.py /tmp/venv-callcx0ytk2p/script.in /tmp/venv-callcx0ytk2p/script.out /tmp/venv-callcx0ytk2p/string_args.txt /tmp/venv-callcx0ytk2p/termination.log
[2024-08-02T17:42:38.599+0900] {process_utils.py:187} INFO - Output:
[2024-08-02T17:42:38.621+0900] {process_utils.py:191} INFO - 
[2024-08-02T17:42:38.621+0900] {process_utils.py:191} INFO - ---------------======---::::::------+--=======++++++++++===--:...::-=--==============--:.....:-=====
[2024-08-02T17:42:38.621+0900] {process_utils.py:191} INFO - ----::---------------------===--::--+-----=============++++++===---:....--===============--:...:-===
[2024-08-02T17:42:38.622+0900] {process_utils.py:191} INFO - ----------------------------------=++----------------------=+===========-::.:-======================
[2024-08-02T17:42:38.622+0900] {process_utils.py:191} INFO - =----------------------------------==-----------------------=-----==============================+=--
[2024-08-02T17:42:38.622+0900] {process_utils.py:191} INFO - %%####=----------------------------==----------------------=-::::-----======+*%#++================::
[2024-08-02T17:42:38.622+0900] {process_utils.py:191} INFO - %%%%%#=----------------------------=-:---------------------=--==--------=====*#*=================-::
[2024-08-02T17:42:38.623+0900] {process_utils.py:191} INFO - @@%%%*-----------------+***++=-----=-::-------------------:+---------=====+++====================-::
[2024-08-02T17:42:38.623+0900] {process_utils.py:191} INFO - @@%%%*---------------#%%%%##%%#=---=-+##*#+----------------=------------=====+====-=--===========-::
[2024-08-02T17:42:38.623+0900] {process_utils.py:191} INFO - @@@%%+--=+*%%%+-----+%@@%#++%%%#=--=*%+===#+::----------::=-----------=+*##*++=-----------=======-::
[2024-08-02T17:42:38.623+0900] {process_utils.py:191} INFO - +++++=-+#+***#*=-----#*++**+#@@@*--+#+**+***-:=-:---=*+-::=-----==+++*######%%%#=-------------==-:::
[2024-08-02T17:42:38.623+0900] {process_utils.py:191} INFO - *******-:::-*=-------+===+=-=+#%%:-=++++=+==-:=-:::=%%#-::###=-*#%%%%%%%%%%%%%%%%+---------------:::
[2024-08-02T17:42:38.624+0900] {process_utils.py:191} INFO - =====+=:--::+---+--+**++++*+++#%*-=--**++++-:=++=::+#*-::=%%%#*#%%%%%%%%@@%%%%@@%%#====------+#%%=-*
[2024-08-02T17:42:38.624+0900] {process_utils.py:191} INFO - =-==++---=+==*#%%%%%%=*++++++++==-=-*##*+=##**++=--++-:--*=-=*#%%%@%###*###*+++*%%%*=============-#%
[2024-08-02T17:42:38.624+0900] {process_utils.py:191} INFO - +-=------=*%%%%@%@@@@***=+*#+*##*#%%@@**++%@%%%%*+=--=-=+-:--:#%@@%#*****###*+---+*++#**===---=++*%@
[2024-08-02T17:42:38.624+0900] {process_utils.py:191} INFO - --==-::-*%%%@@@@@@@%#*=-+++%@%##%%@@@@@%#%@@@%%@%%%*=--=#%####-%@%%####++++++=---==++*####*+++*%@%@@
[2024-08-02T17:42:38.625+0900] {process_utils.py:191} INFO - -=*+=-=#@@@@@@@@@#*+++++*@@@@@@@@@@@@@@@@@@@@@@@@@@@#+==-+*+#=:-+#%##**==++**+++=====+*###*+**#@%##%
[2024-08-02T17:42:38.625+0900] {process_utils.py:191} INFO - -=++-+%%@%@@@@%+=-++***#@@@@@@@@@@@@%:+@@*%+=%@@@@@@%%#%%#*=+--:-=#++**%#*+=+++++===+**####=*%%%%%%%
[2024-08-02T17:42:38.625+0900] {process_utils.py:191} INFO - -=++#%%####+-:---=*%%@@%#######**++++=+++++++++%%=+%@@%##*+==-=++=+*****##*===+++++==*#####*+#%%##%%
[2024-08-02T17:42:38.625+0900] {process_utils.py:191} INFO - -=*+=---==+=-::::-*@@@%+=======++++++++++++++*#%#**%%%*==-+*=--+==*****#**+=====+++++=***+++=+==::::
[2024-08-02T17:42:38.625+0900] {process_utils.py:191} INFO - =#*=++++++*###**==*@@@%=======++++++++*@@@@@@@@%%#####-:=+----==******##****+++++***==-=+=:::.::::::
[2024-08-02T17:42:38.626+0900] {process_utils.py:191} INFO - #%*+*++++**##*###*+#@@#=========++++==*%%%%%%%%######*=-----==+*********##########*+====::::::::::::
[2024-08-02T17:42:38.626+0900] {process_utils.py:191} INFO - ++++*#%%@%*##*##***%@@*===============+%##%%######%%%%*==-===+*********+=+*#######*++++-:::--::-----
[2024-08-02T17:42:38.626+0900] {process_utils.py:191} INFO - ===+*#%@@%*##**#**+=--================+%%#%%###%#%%%%%#======*#######*-:-++*####*****++:------------
[2024-08-02T17:42:38.626+0900] {process_utils.py:191} INFO - =+=------=##**##**+=--================+%%#%%###%%#%%%%%+=====+###**++==----:-*####****=------==-====
[2024-08-02T17:42:38.626+0900] {process_utils.py:191} INFO - 
[2024-08-02T17:42:38.652+0900] {python.py:237} INFO - Done. Returned value was: None
[2024-08-02T17:42:38.652+0900] {taskinstance.py:441} INFO - ::group::Post task execution logs
[2024-08-02T17:42:38.657+0900] {taskinstance.py:1206} INFO - Marking task as SUCCESS. dag_id=movie, task_id=extract, run_id=scheduled__2017-01-05T05:18:00+00:00, execution_date=20170105T051800, start_date=20240802T084232, end_date=20240802T084238
[2024-08-02T17:42:38.692+0900] {local_task_job_runner.py:243} INFO - Task exited with return code 0
[2024-08-02T17:42:38.710+0900] {taskinstance.py:3503} INFO - 1 downstream tasks scheduled from follow-on schedule check
[2024-08-02T17:42:38.715+0900] {local_task_job_runner.py:222} INFO - ::endgroup::
