[2024-08-02T17:43:54.616+0900] {local_task_job_runner.py:120} INFO - ::group::Pre task execution logs
[2024-08-02T17:43:54.636+0900] {taskinstance.py:2076} INFO - Dependencies all met for dep_context=non-requeueable deps ti=<TaskInstance: movie.extract scheduled__2017-01-05T05:21:00+00:00 [queued]>
[2024-08-02T17:43:54.642+0900] {taskinstance.py:2076} INFO - Dependencies all met for dep_context=requeueable deps ti=<TaskInstance: movie.extract scheduled__2017-01-05T05:21:00+00:00 [queued]>
[2024-08-02T17:43:54.642+0900] {taskinstance.py:2306} INFO - Starting attempt 1 of 3
[2024-08-02T17:43:54.658+0900] {taskinstance.py:2330} INFO - Executing <Task(PythonVirtualenvOperator): extract> on 2017-01-05 05:21:00+00:00
[2024-08-02T17:43:54.662+0900] {standard_task_runner.py:64} INFO - Started process 175267 to run task
[2024-08-02T17:43:54.666+0900] {standard_task_runner.py:90} INFO - Running: ['airflow', 'tasks', 'run', 'movie', 'extract', 'scheduled__2017-01-05T05:21:00+00:00', '--job-id', '309', '--raw', '--subdir', 'DAGS_FOLDER/movie.py', '--cfg-path', '/tmp/tmpubwenm6g']
[2024-08-02T17:43:54.668+0900] {standard_task_runner.py:91} INFO - Job 309: Subtask extract
[2024-08-02T17:43:54.711+0900] {task_command.py:426} INFO - Running <TaskInstance: movie.extract scheduled__2017-01-05T05:21:00+00:00 [running]> on host playdata.
[2024-08-02T17:43:54.777+0900] {taskinstance.py:2648} INFO - Exporting env vars: AIRFLOW_CTX_DAG_OWNER='airflow' AIRFLOW_CTX_DAG_ID='movie' AIRFLOW_CTX_TASK_ID='extract' AIRFLOW_CTX_EXECUTION_DATE='2017-01-05T05:21:00+00:00' AIRFLOW_CTX_TRY_NUMBER='1' AIRFLOW_CTX_DAG_RUN_ID='scheduled__2017-01-05T05:21:00+00:00'
[2024-08-02T17:43:54.778+0900] {taskinstance.py:430} INFO - ::endgroup::
[2024-08-02T17:43:54.789+0900] {baseoperator.py:400} WARNING - PythonVirtualenvOperator.execute cannot be called outside TaskInstance!
[2024-08-02T17:43:54.790+0900] {process_utils.py:183} INFO - Executing cmd: /home/oddsummer/.pyenv/versions/3.11.9/envs/air/bin/python -m virtualenv /tmp/venvetin3d7n --python=python
[2024-08-02T17:43:54.791+0900] {process_utils.py:187} INFO - Output:
[2024-08-02T17:43:55.162+0900] {process_utils.py:191} INFO - created virtual environment CPython3.11.9.final.0-64 in 260ms
[2024-08-02T17:43:55.163+0900] {process_utils.py:191} INFO -   creator CPython3Posix(dest=/tmp/venvetin3d7n, clear=False, no_vcs_ignore=False, global=False)
[2024-08-02T17:43:55.163+0900] {process_utils.py:191} INFO -   seeder FromAppData(download=False, pip=bundle, setuptools=bundle, wheel=bundle, via=copy, app_data_dir=/home/oddsummer/.local/share/virtualenv)
[2024-08-02T17:43:55.163+0900] {process_utils.py:191} INFO -     added seed packages: pip==24.1.2, setuptools==70.2.0, wheel==0.43.0
[2024-08-02T17:43:55.163+0900] {process_utils.py:191} INFO -   activators BashActivator,CShellActivator,FishActivator,NushellActivator,PowerShellActivator,PythonActivator
[2024-08-02T17:43:55.192+0900] {process_utils.py:183} INFO - Executing cmd: /tmp/venvetin3d7n/bin/pip install -r /tmp/venvetin3d7n/requirements.txt
[2024-08-02T17:43:55.192+0900] {process_utils.py:187} INFO - Output:
[2024-08-02T17:43:56.147+0900] {process_utils.py:191} INFO - Collecting git+https://github.com/7-TRG/extract_trg.git@main (from -r /tmp/venvetin3d7n/requirements.txt (line 1))
[2024-08-02T17:43:56.148+0900] {process_utils.py:191} INFO -   Cloning https://github.com/7-TRG/extract_trg.git (to revision main) to /tmp/pip-req-build-n4ttah5v
[2024-08-02T17:43:56.150+0900] {process_utils.py:191} INFO -   Running command git clone --filter=blob:none --quiet https://github.com/7-TRG/extract_trg.git /tmp/pip-req-build-n4ttah5v
[2024-08-02T17:43:57.739+0900] {process_utils.py:191} INFO -   Resolved https://github.com/7-TRG/extract_trg.git to commit 0712b3f1bbaeeeea58bf80749079a62c7e1bec3d
[2024-08-02T17:43:57.744+0900] {process_utils.py:191} INFO -   Installing build dependencies: started
[2024-08-02T17:43:59.615+0900] {process_utils.py:191} INFO -   Installing build dependencies: finished with status 'done'
[2024-08-02T17:43:59.616+0900] {process_utils.py:191} INFO -   Getting requirements to build wheel: started
[2024-08-02T17:43:59.865+0900] {process_utils.py:191} INFO -   Getting requirements to build wheel: finished with status 'done'
[2024-08-02T17:43:59.866+0900] {process_utils.py:191} INFO -   Preparing metadata (pyproject.toml): started
[2024-08-02T17:44:00.145+0900] {process_utils.py:191} INFO -   Preparing metadata (pyproject.toml): finished with status 'done'
[2024-08-02T17:44:00.148+0900] {process_utils.py:191} INFO - Building wheels for collected packages: extract_trg
[2024-08-02T17:44:00.152+0900] {process_utils.py:191} INFO -   Building wheel for extract_trg (pyproject.toml): started
[2024-08-02T17:44:00.475+0900] {process_utils.py:191} INFO -   Building wheel for extract_trg (pyproject.toml): finished with status 'done'
[2024-08-02T17:44:00.476+0900] {process_utils.py:191} INFO -   Created wheel for extract_trg: filename=extract_trg-0.1.0-py3-none-any.whl size=2219 sha256=246f0a2814e279a0cd1bc205e1cb26205980982292773da904f3004be43d54ce
[2024-08-02T17:44:00.477+0900] {process_utils.py:191} INFO -   Stored in directory: /tmp/pip-ephem-wheel-cache-msh0sr7c/wheels/21/97/ea/e27bc4298590f1b8a2b9c46b60aefbe2e3076cf05f6bd5e464
[2024-08-02T17:44:00.480+0900] {process_utils.py:191} INFO - Successfully built extract_trg
[2024-08-02T17:44:00.494+0900] {process_utils.py:191} INFO - Installing collected packages: extract_trg
[2024-08-02T17:44:00.510+0900] {process_utils.py:191} INFO - Successfully installed extract_trg-0.1.0
[2024-08-02T17:44:00.518+0900] {process_utils.py:191} INFO - 
[2024-08-02T17:44:00.519+0900] {process_utils.py:191} INFO - [notice] A new release of pip is available: 24.1.2 -> 24.2
[2024-08-02T17:44:00.519+0900] {process_utils.py:191} INFO - [notice] To update, run: python -m pip install --upgrade pip
[2024-08-02T17:44:00.651+0900] {process_utils.py:183} INFO - Executing cmd: /tmp/venvetin3d7n/bin/python /tmp/venv-callochfu1pp/script.py /tmp/venv-callochfu1pp/script.in /tmp/venv-callochfu1pp/script.out /tmp/venv-callochfu1pp/string_args.txt /tmp/venv-callochfu1pp/termination.log
[2024-08-02T17:44:00.652+0900] {process_utils.py:187} INFO - Output:
[2024-08-02T17:44:00.677+0900] {process_utils.py:191} INFO - 
[2024-08-02T17:44:00.677+0900] {process_utils.py:191} INFO - ---------------======---::::::------+--=======++++++++++===--:...::-=--==============--:.....:-=====
[2024-08-02T17:44:00.677+0900] {process_utils.py:191} INFO - ----::---------------------===--::--+-----=============++++++===---:....--===============--:...:-===
[2024-08-02T17:44:00.678+0900] {process_utils.py:191} INFO - ----------------------------------=++----------------------=+===========-::.:-======================
[2024-08-02T17:44:00.678+0900] {process_utils.py:191} INFO - =----------------------------------==-----------------------=-----==============================+=--
[2024-08-02T17:44:00.678+0900] {process_utils.py:191} INFO - %%####=----------------------------==----------------------=-::::-----======+*%#++================::
[2024-08-02T17:44:00.678+0900] {process_utils.py:191} INFO - %%%%%#=----------------------------=-:---------------------=--==--------=====*#*=================-::
[2024-08-02T17:44:00.678+0900] {process_utils.py:191} INFO - @@%%%*-----------------+***++=-----=-::-------------------:+---------=====+++====================-::
[2024-08-02T17:44:00.679+0900] {process_utils.py:191} INFO - @@%%%*---------------#%%%%##%%#=---=-+##*#+----------------=------------=====+====-=--===========-::
[2024-08-02T17:44:00.679+0900] {process_utils.py:191} INFO - @@@%%+--=+*%%%+-----+%@@%#++%%%#=--=*%+===#+::----------::=-----------=+*##*++=-----------=======-::
[2024-08-02T17:44:00.679+0900] {process_utils.py:191} INFO - +++++=-+#+***#*=-----#*++**+#@@@*--+#+**+***-:=-:---=*+-::=-----==+++*######%%%#=-------------==-:::
[2024-08-02T17:44:00.680+0900] {process_utils.py:191} INFO - *******-:::-*=-------+===+=-=+#%%:-=++++=+==-:=-:::=%%#-::###=-*#%%%%%%%%%%%%%%%%+---------------:::
[2024-08-02T17:44:00.680+0900] {process_utils.py:191} INFO - =====+=:--::+---+--+**++++*+++#%*-=--**++++-:=++=::+#*-::=%%%#*#%%%%%%%%@@%%%%@@%%#====------+#%%=-*
[2024-08-02T17:44:00.680+0900] {process_utils.py:191} INFO - =-==++---=+==*#%%%%%%=*++++++++==-=-*##*+=##**++=--++-:--*=-=*#%%%@%###*###*+++*%%%*=============-#%
[2024-08-02T17:44:00.680+0900] {process_utils.py:191} INFO - +-=------=*%%%%@%@@@@***=+*#+*##*#%%@@**++%@%%%%*+=--=-=+-:--:#%@@%#*****###*+---+*++#**===---=++*%@
[2024-08-02T17:44:00.681+0900] {process_utils.py:191} INFO - --==-::-*%%%@@@@@@@%#*=-+++%@%##%%@@@@@%#%@@@%%@%%%*=--=#%####-%@%%####++++++=---==++*####*+++*%@%@@
[2024-08-02T17:44:00.681+0900] {process_utils.py:191} INFO - -=*+=-=#@@@@@@@@@#*+++++*@@@@@@@@@@@@@@@@@@@@@@@@@@@#+==-+*+#=:-+#%##**==++**+++=====+*###*+**#@%##%
[2024-08-02T17:44:00.681+0900] {process_utils.py:191} INFO - -=++-+%%@%@@@@%+=-++***#@@@@@@@@@@@@%:+@@*%+=%@@@@@@%%#%%#*=+--:-=#++**%#*+=+++++===+**####=*%%%%%%%
[2024-08-02T17:44:00.681+0900] {process_utils.py:191} INFO - -=++#%%####+-:---=*%%@@%#######**++++=+++++++++%%=+%@@%##*+==-=++=+*****##*===+++++==*#####*+#%%##%%
[2024-08-02T17:44:00.682+0900] {process_utils.py:191} INFO - -=*+=---==+=-::::-*@@@%+=======++++++++++++++*#%#**%%%*==-+*=--+==*****#**+=====+++++=***+++=+==::::
[2024-08-02T17:44:00.682+0900] {process_utils.py:191} INFO - =#*=++++++*###**==*@@@%=======++++++++*@@@@@@@@%%#####-:=+----==******##****+++++***==-=+=:::.::::::
[2024-08-02T17:44:00.682+0900] {process_utils.py:191} INFO - #%*+*++++**##*###*+#@@#=========++++==*%%%%%%%%######*=-----==+*********##########*+====::::::::::::
[2024-08-02T17:44:00.682+0900] {process_utils.py:191} INFO - ++++*#%%@%*##*##***%@@*===============+%##%%######%%%%*==-===+*********+=+*#######*++++-:::--::-----
[2024-08-02T17:44:00.682+0900] {process_utils.py:191} INFO - ===+*#%@@%*##**#**+=--================+%%#%%###%#%%%%%#======*#######*-:-++*####*****++:------------
[2024-08-02T17:44:00.682+0900] {process_utils.py:191} INFO - =+=------=##**##**+=--================+%%#%%###%%#%%%%%+=====+###**++==----:-*####****=------==-====
[2024-08-02T17:44:00.683+0900] {process_utils.py:191} INFO - 
[2024-08-02T17:44:00.707+0900] {python.py:237} INFO - Done. Returned value was: None
[2024-08-02T17:44:00.707+0900] {taskinstance.py:441} INFO - ::group::Post task execution logs
[2024-08-02T17:44:00.714+0900] {taskinstance.py:1206} INFO - Marking task as SUCCESS. dag_id=movie, task_id=extract, run_id=scheduled__2017-01-05T05:21:00+00:00, execution_date=20170105T052100, start_date=20240802T084354, end_date=20240802T084400
[2024-08-02T17:44:00.767+0900] {local_task_job_runner.py:243} INFO - Task exited with return code 0
[2024-08-02T17:44:00.804+0900] {taskinstance.py:3503} INFO - 1 downstream tasks scheduled from follow-on schedule check
[2024-08-02T17:44:00.813+0900] {local_task_job_runner.py:222} INFO - ::endgroup::
