[2024-08-02T17:25:51.959+0900] {local_task_job_runner.py:120} INFO - ::group::Pre task execution logs
[2024-08-02T17:25:51.979+0900] {taskinstance.py:2076} INFO - Dependencies all met for dep_context=non-requeueable deps ti=<TaskInstance: movie.get.data scheduled__2017-01-04T05:15:00+00:00 [queued]>
[2024-08-02T17:25:51.986+0900] {taskinstance.py:2076} INFO - Dependencies all met for dep_context=requeueable deps ti=<TaskInstance: movie.get.data scheduled__2017-01-04T05:15:00+00:00 [queued]>
[2024-08-02T17:25:51.986+0900] {taskinstance.py:2306} INFO - Starting attempt 1 of 3
[2024-08-02T17:25:52.004+0900] {taskinstance.py:2330} INFO - Executing <Task(PythonVirtualenvOperator): get.data> on 2017-01-04 05:15:00+00:00
[2024-08-02T17:25:52.006+0900] {standard_task_runner.py:64} INFO - Started process 163708 to run task
[2024-08-02T17:25:52.010+0900] {standard_task_runner.py:90} INFO - Running: ['airflow', 'tasks', 'run', 'movie', 'get.data', 'scheduled__2017-01-04T05:15:00+00:00', '--job-id', '206', '--raw', '--subdir', 'DAGS_FOLDER/movie.py', '--cfg-path', '/tmp/tmpofdxeoav']
[2024-08-02T17:25:52.012+0900] {standard_task_runner.py:91} INFO - Job 206: Subtask get.data
[2024-08-02T17:25:52.053+0900] {task_command.py:426} INFO - Running <TaskInstance: movie.get.data scheduled__2017-01-04T05:15:00+00:00 [running]> on host playdata.
[2024-08-02T17:25:52.164+0900] {taskinstance.py:2648} INFO - Exporting env vars: AIRFLOW_CTX_DAG_OWNER='airflow' AIRFLOW_CTX_DAG_ID='movie' AIRFLOW_CTX_TASK_ID='get.data' AIRFLOW_CTX_EXECUTION_DATE='2017-01-04T05:15:00+00:00' AIRFLOW_CTX_TRY_NUMBER='1' AIRFLOW_CTX_DAG_RUN_ID='scheduled__2017-01-04T05:15:00+00:00'
[2024-08-02T17:25:52.164+0900] {taskinstance.py:430} INFO - ::endgroup::
[2024-08-02T17:25:52.178+0900] {baseoperator.py:400} WARNING - PythonVirtualenvOperator.execute cannot be called outside TaskInstance!
[2024-08-02T17:25:52.180+0900] {process_utils.py:183} INFO - Executing cmd: /home/oddsummer/.pyenv/versions/3.11.9/envs/air/bin/python -m virtualenv /tmp/venvjh5vniv6 --python=python
[2024-08-02T17:25:52.181+0900] {process_utils.py:187} INFO - Output:
[2024-08-02T17:25:52.605+0900] {process_utils.py:191} INFO - created virtual environment CPython3.11.9.final.0-64 in 301ms
[2024-08-02T17:25:52.605+0900] {process_utils.py:191} INFO -   creator CPython3Posix(dest=/tmp/venvjh5vniv6, clear=False, no_vcs_ignore=False, global=False)
[2024-08-02T17:25:52.605+0900] {process_utils.py:191} INFO -   seeder FromAppData(download=False, pip=bundle, setuptools=bundle, wheel=bundle, via=copy, app_data_dir=/home/oddsummer/.local/share/virtualenv)
[2024-08-02T17:25:52.605+0900] {process_utils.py:191} INFO -     added seed packages: pip==24.1.2, setuptools==70.2.0, wheel==0.43.0
[2024-08-02T17:25:52.606+0900] {process_utils.py:191} INFO -   activators BashActivator,CShellActivator,FishActivator,NushellActivator,PowerShellActivator,PythonActivator
[2024-08-02T17:25:52.637+0900] {process_utils.py:183} INFO - Executing cmd: /tmp/venvjh5vniv6/bin/pip install -r /tmp/venvjh5vniv6/requirements.txt
[2024-08-02T17:25:52.638+0900] {process_utils.py:187} INFO - Output:
[2024-08-02T17:25:53.867+0900] {process_utils.py:191} INFO - Collecting git+https://github.com/7-TRG/extract_trg.git@main (from -r /tmp/venvjh5vniv6/requirements.txt (line 1))
[2024-08-02T17:25:53.868+0900] {process_utils.py:191} INFO -   Cloning https://github.com/7-TRG/extract_trg.git (to revision main) to /tmp/pip-req-build-ex2l84fw
[2024-08-02T17:25:53.870+0900] {process_utils.py:191} INFO -   Running command git clone --filter=blob:none --quiet https://github.com/7-TRG/extract_trg.git /tmp/pip-req-build-ex2l84fw
[2024-08-02T17:25:55.625+0900] {process_utils.py:191} INFO -   Resolved https://github.com/7-TRG/extract_trg.git to commit 0712b3f1bbaeeeea58bf80749079a62c7e1bec3d
[2024-08-02T17:25:55.631+0900] {process_utils.py:191} INFO -   Installing build dependencies: started
[2024-08-02T17:25:57.663+0900] {process_utils.py:191} INFO -   Installing build dependencies: finished with status 'done'
[2024-08-02T17:25:57.664+0900] {process_utils.py:191} INFO -   Getting requirements to build wheel: started
[2024-08-02T17:25:57.922+0900] {process_utils.py:191} INFO -   Getting requirements to build wheel: finished with status 'done'
[2024-08-02T17:25:57.924+0900] {process_utils.py:191} INFO -   Preparing metadata (pyproject.toml): started
[2024-08-02T17:25:58.238+0900] {process_utils.py:191} INFO -   Preparing metadata (pyproject.toml): finished with status 'done'
[2024-08-02T17:25:58.243+0900] {process_utils.py:191} INFO - Building wheels for collected packages: extract_trg
[2024-08-02T17:25:58.248+0900] {process_utils.py:191} INFO -   Building wheel for extract_trg (pyproject.toml): started
[2024-08-02T17:25:58.564+0900] {process_utils.py:191} INFO -   Building wheel for extract_trg (pyproject.toml): finished with status 'done'
[2024-08-02T17:25:58.565+0900] {process_utils.py:191} INFO -   Created wheel for extract_trg: filename=extract_trg-0.1.0-py3-none-any.whl size=2219 sha256=b4296585c37bdf8cd480f5be190bae97de4f01bf4c58bd4e6d854d3a8383696a
[2024-08-02T17:25:58.565+0900] {process_utils.py:191} INFO -   Stored in directory: /tmp/pip-ephem-wheel-cache-hkwnukb9/wheels/21/97/ea/e27bc4298590f1b8a2b9c46b60aefbe2e3076cf05f6bd5e464
[2024-08-02T17:25:58.567+0900] {process_utils.py:191} INFO - Successfully built extract_trg
[2024-08-02T17:25:58.579+0900] {process_utils.py:191} INFO - Installing collected packages: extract_trg
[2024-08-02T17:25:58.597+0900] {process_utils.py:191} INFO - Successfully installed extract_trg-0.1.0
[2024-08-02T17:25:58.603+0900] {process_utils.py:191} INFO - 
[2024-08-02T17:25:58.603+0900] {process_utils.py:191} INFO - [notice] A new release of pip is available: 24.1.2 -> 24.2
[2024-08-02T17:25:58.603+0900] {process_utils.py:191} INFO - [notice] To update, run: python -m pip install --upgrade pip
[2024-08-02T17:25:58.704+0900] {process_utils.py:183} INFO - Executing cmd: /tmp/venvjh5vniv6/bin/python /tmp/venv-callvgi5iriq/script.py /tmp/venv-callvgi5iriq/script.in /tmp/venv-callvgi5iriq/script.out /tmp/venv-callvgi5iriq/string_args.txt /tmp/venv-callvgi5iriq/termination.log
[2024-08-02T17:25:58.705+0900] {process_utils.py:187} INFO - Output:
[2024-08-02T17:25:58.727+0900] {process_utils.py:191} INFO - 
[2024-08-02T17:25:58.727+0900] {process_utils.py:191} INFO - ---------------======---::::::------+--=======++++++++++===--:...::-=--==============--:.....:-=====
[2024-08-02T17:25:58.727+0900] {process_utils.py:191} INFO - ----::---------------------===--::--+-----=============++++++===---:....--===============--:...:-===
[2024-08-02T17:25:58.728+0900] {process_utils.py:191} INFO - ----------------------------------=++----------------------=+===========-::.:-======================
[2024-08-02T17:25:58.728+0900] {process_utils.py:191} INFO - =----------------------------------==-----------------------=-----==============================+=--
[2024-08-02T17:25:58.728+0900] {process_utils.py:191} INFO - %%####=----------------------------==----------------------=-::::-----======+*%#++================::
[2024-08-02T17:25:58.728+0900] {process_utils.py:191} INFO - %%%%%#=----------------------------=-:---------------------=--==--------=====*#*=================-::
[2024-08-02T17:25:58.728+0900] {process_utils.py:191} INFO - @@%%%*-----------------+***++=-----=-::-------------------:+---------=====+++====================-::
[2024-08-02T17:25:58.729+0900] {process_utils.py:191} INFO - @@%%%*---------------#%%%%##%%#=---=-+##*#+----------------=------------=====+====-=--===========-::
[2024-08-02T17:25:58.729+0900] {process_utils.py:191} INFO - @@@%%+--=+*%%%+-----+%@@%#++%%%#=--=*%+===#+::----------::=-----------=+*##*++=-----------=======-::
[2024-08-02T17:25:58.729+0900] {process_utils.py:191} INFO - +++++=-+#+***#*=-----#*++**+#@@@*--+#+**+***-:=-:---=*+-::=-----==+++*######%%%#=-------------==-:::
[2024-08-02T17:25:58.729+0900] {process_utils.py:191} INFO - *******-:::-*=-------+===+=-=+#%%:-=++++=+==-:=-:::=%%#-::###=-*#%%%%%%%%%%%%%%%%+---------------:::
[2024-08-02T17:25:58.729+0900] {process_utils.py:191} INFO - =====+=:--::+---+--+**++++*+++#%*-=--**++++-:=++=::+#*-::=%%%#*#%%%%%%%%@@%%%%@@%%#====------+#%%=-*
[2024-08-02T17:25:58.729+0900] {process_utils.py:191} INFO - =-==++---=+==*#%%%%%%=*++++++++==-=-*##*+=##**++=--++-:--*=-=*#%%%@%###*###*+++*%%%*=============-#%
[2024-08-02T17:25:58.730+0900] {process_utils.py:191} INFO - +-=------=*%%%%@%@@@@***=+*#+*##*#%%@@**++%@%%%%*+=--=-=+-:--:#%@@%#*****###*+---+*++#**===---=++*%@
[2024-08-02T17:25:58.730+0900] {process_utils.py:191} INFO - --==-::-*%%%@@@@@@@%#*=-+++%@%##%%@@@@@%#%@@@%%@%%%*=--=#%####-%@%%####++++++=---==++*####*+++*%@%@@
[2024-08-02T17:25:58.730+0900] {process_utils.py:191} INFO - -=*+=-=#@@@@@@@@@#*+++++*@@@@@@@@@@@@@@@@@@@@@@@@@@@#+==-+*+#=:-+#%##**==++**+++=====+*###*+**#@%##%
[2024-08-02T17:25:58.731+0900] {process_utils.py:191} INFO - -=++-+%%@%@@@@%+=-++***#@@@@@@@@@@@@%:+@@*%+=%@@@@@@%%#%%#*=+--:-=#++**%#*+=+++++===+**####=*%%%%%%%
[2024-08-02T17:25:58.731+0900] {process_utils.py:191} INFO - -=++#%%####+-:---=*%%@@%#######**++++=+++++++++%%=+%@@%##*+==-=++=+*****##*===+++++==*#####*+#%%##%%
[2024-08-02T17:25:58.731+0900] {process_utils.py:191} INFO - -=*+=---==+=-::::-*@@@%+=======++++++++++++++*#%#**%%%*==-+*=--+==*****#**+=====+++++=***+++=+==::::
[2024-08-02T17:25:58.731+0900] {process_utils.py:191} INFO - =#*=++++++*###**==*@@@%=======++++++++*@@@@@@@@%%#####-:=+----==******##****+++++***==-=+=:::.::::::
[2024-08-02T17:25:58.731+0900] {process_utils.py:191} INFO - #%*+*++++**##*###*+#@@#=========++++==*%%%%%%%%######*=-----==+*********##########*+====::::::::::::
[2024-08-02T17:25:58.732+0900] {process_utils.py:191} INFO - ++++*#%%@%*##*##***%@@*===============+%##%%######%%%%*==-===+*********+=+*#######*++++-:::--::-----
[2024-08-02T17:25:58.732+0900] {process_utils.py:191} INFO - ===+*#%@@%*##**#**+=--================+%%#%%###%#%%%%%#======*#######*-:-++*####*****++:------------
[2024-08-02T17:25:58.732+0900] {process_utils.py:191} INFO - =+=------=##**##**+=--================+%%#%%###%%#%%%%%+=====+###**++==----:-*####****=------==-====
[2024-08-02T17:25:58.732+0900] {process_utils.py:191} INFO - 
[2024-08-02T17:25:58.763+0900] {python.py:237} INFO - Done. Returned value was: None
[2024-08-02T17:25:58.763+0900] {taskinstance.py:441} INFO - ::group::Post task execution logs
[2024-08-02T17:25:58.770+0900] {taskinstance.py:1206} INFO - Marking task as SUCCESS. dag_id=movie, task_id=get.data, run_id=scheduled__2017-01-04T05:15:00+00:00, execution_date=20170104T051500, start_date=20240802T082551, end_date=20240802T082558
[2024-08-02T17:25:58.840+0900] {local_task_job_runner.py:243} INFO - Task exited with return code 0
[2024-08-02T17:25:58.856+0900] {taskinstance.py:3503} INFO - 0 downstream tasks scheduled from follow-on schedule check
[2024-08-02T17:25:58.856+0900] {local_task_job_runner.py:222} INFO - ::endgroup::
