[2024-08-02T17:27:50.236+0900] {local_task_job_runner.py:120} INFO - ::group::Pre task execution logs
[2024-08-02T17:27:50.261+0900] {taskinstance.py:2076} INFO - Dependencies all met for dep_context=non-requeueable deps ti=<TaskInstance: movie.get.data scheduled__2017-01-04T05:25:00+00:00 [queued]>
[2024-08-02T17:27:50.273+0900] {taskinstance.py:2076} INFO - Dependencies all met for dep_context=requeueable deps ti=<TaskInstance: movie.get.data scheduled__2017-01-04T05:25:00+00:00 [queued]>
[2024-08-02T17:27:50.273+0900] {taskinstance.py:2306} INFO - Starting attempt 1 of 3
[2024-08-02T17:27:50.294+0900] {taskinstance.py:2330} INFO - Executing <Task(PythonVirtualenvOperator): get.data> on 2017-01-04 05:25:00+00:00
[2024-08-02T17:27:50.296+0900] {standard_task_runner.py:64} INFO - Started process 164564 to run task
[2024-08-02T17:27:50.302+0900] {standard_task_runner.py:90} INFO - Running: ['airflow', 'tasks', 'run', 'movie', 'get.data', 'scheduled__2017-01-04T05:25:00+00:00', '--job-id', '216', '--raw', '--subdir', 'DAGS_FOLDER/movie.py', '--cfg-path', '/tmp/tmpnz8abe9x']
[2024-08-02T17:27:50.306+0900] {standard_task_runner.py:91} INFO - Job 216: Subtask get.data
[2024-08-02T17:27:50.352+0900] {task_command.py:426} INFO - Running <TaskInstance: movie.get.data scheduled__2017-01-04T05:25:00+00:00 [running]> on host playdata.
[2024-08-02T17:27:50.452+0900] {taskinstance.py:2648} INFO - Exporting env vars: AIRFLOW_CTX_DAG_OWNER='airflow' AIRFLOW_CTX_DAG_ID='movie' AIRFLOW_CTX_TASK_ID='get.data' AIRFLOW_CTX_EXECUTION_DATE='2017-01-04T05:25:00+00:00' AIRFLOW_CTX_TRY_NUMBER='1' AIRFLOW_CTX_DAG_RUN_ID='scheduled__2017-01-04T05:25:00+00:00'
[2024-08-02T17:27:50.453+0900] {taskinstance.py:430} INFO - ::endgroup::
[2024-08-02T17:27:50.463+0900] {baseoperator.py:400} WARNING - PythonVirtualenvOperator.execute cannot be called outside TaskInstance!
[2024-08-02T17:27:50.465+0900] {process_utils.py:183} INFO - Executing cmd: /home/oddsummer/.pyenv/versions/3.11.9/envs/air/bin/python -m virtualenv /tmp/venvk1o9hju_ --python=python
[2024-08-02T17:27:50.466+0900] {process_utils.py:187} INFO - Output:
[2024-08-02T17:27:50.923+0900] {process_utils.py:191} INFO - created virtual environment CPython3.11.9.final.0-64 in 348ms
[2024-08-02T17:27:50.923+0900] {process_utils.py:191} INFO -   creator CPython3Posix(dest=/tmp/venvk1o9hju_, clear=False, no_vcs_ignore=False, global=False)
[2024-08-02T17:27:50.924+0900] {process_utils.py:191} INFO -   seeder FromAppData(download=False, pip=bundle, setuptools=bundle, wheel=bundle, via=copy, app_data_dir=/home/oddsummer/.local/share/virtualenv)
[2024-08-02T17:27:50.924+0900] {process_utils.py:191} INFO -     added seed packages: pip==24.1.2, setuptools==70.2.0, wheel==0.43.0
[2024-08-02T17:27:50.924+0900] {process_utils.py:191} INFO -   activators BashActivator,CShellActivator,FishActivator,NushellActivator,PowerShellActivator,PythonActivator
[2024-08-02T17:27:50.949+0900] {process_utils.py:183} INFO - Executing cmd: /tmp/venvk1o9hju_/bin/pip install -r /tmp/venvk1o9hju_/requirements.txt
[2024-08-02T17:27:50.950+0900] {process_utils.py:187} INFO - Output:
[2024-08-02T17:27:51.885+0900] {process_utils.py:191} INFO - Collecting git+https://github.com/7-TRG/extract_trg.git@main (from -r /tmp/venvk1o9hju_/requirements.txt (line 1))
[2024-08-02T17:27:51.886+0900] {process_utils.py:191} INFO -   Cloning https://github.com/7-TRG/extract_trg.git (to revision main) to /tmp/pip-req-build-cfwpap6x
[2024-08-02T17:27:51.888+0900] {process_utils.py:191} INFO -   Running command git clone --filter=blob:none --quiet https://github.com/7-TRG/extract_trg.git /tmp/pip-req-build-cfwpap6x
[2024-08-02T17:27:53.526+0900] {process_utils.py:191} INFO -   Resolved https://github.com/7-TRG/extract_trg.git to commit 0712b3f1bbaeeeea58bf80749079a62c7e1bec3d
[2024-08-02T17:27:53.533+0900] {process_utils.py:191} INFO -   Installing build dependencies: started
[2024-08-02T17:27:55.333+0900] {process_utils.py:191} INFO -   Installing build dependencies: finished with status 'done'
[2024-08-02T17:27:55.334+0900] {process_utils.py:191} INFO -   Getting requirements to build wheel: started
[2024-08-02T17:27:55.578+0900] {process_utils.py:191} INFO -   Getting requirements to build wheel: finished with status 'done'
[2024-08-02T17:27:55.579+0900] {process_utils.py:191} INFO -   Preparing metadata (pyproject.toml): started
[2024-08-02T17:27:55.835+0900] {process_utils.py:191} INFO -   Preparing metadata (pyproject.toml): finished with status 'done'
[2024-08-02T17:27:55.838+0900] {process_utils.py:191} INFO - Building wheels for collected packages: extract_trg
[2024-08-02T17:27:55.844+0900] {process_utils.py:191} INFO -   Building wheel for extract_trg (pyproject.toml): started
[2024-08-02T17:27:56.163+0900] {process_utils.py:191} INFO -   Building wheel for extract_trg (pyproject.toml): finished with status 'done'
[2024-08-02T17:27:56.164+0900] {process_utils.py:191} INFO -   Created wheel for extract_trg: filename=extract_trg-0.1.0-py3-none-any.whl size=2219 sha256=6fbc0c451677f454aa89f660ac50cbe88003c1c586a2213776332f12759384ea
[2024-08-02T17:27:56.164+0900] {process_utils.py:191} INFO -   Stored in directory: /tmp/pip-ephem-wheel-cache-d980e_6_/wheels/21/97/ea/e27bc4298590f1b8a2b9c46b60aefbe2e3076cf05f6bd5e464
[2024-08-02T17:27:56.167+0900] {process_utils.py:191} INFO - Successfully built extract_trg
[2024-08-02T17:27:56.180+0900] {process_utils.py:191} INFO - Installing collected packages: extract_trg
[2024-08-02T17:27:56.204+0900] {process_utils.py:191} INFO - Successfully installed extract_trg-0.1.0
[2024-08-02T17:27:56.211+0900] {process_utils.py:191} INFO - 
[2024-08-02T17:27:56.211+0900] {process_utils.py:191} INFO - [notice] A new release of pip is available: 24.1.2 -> 24.2
[2024-08-02T17:27:56.211+0900] {process_utils.py:191} INFO - [notice] To update, run: python -m pip install --upgrade pip
[2024-08-02T17:27:56.346+0900] {process_utils.py:183} INFO - Executing cmd: /tmp/venvk1o9hju_/bin/python /tmp/venv-call2xx1r9jz/script.py /tmp/venv-call2xx1r9jz/script.in /tmp/venv-call2xx1r9jz/script.out /tmp/venv-call2xx1r9jz/string_args.txt /tmp/venv-call2xx1r9jz/termination.log
[2024-08-02T17:27:56.347+0900] {process_utils.py:187} INFO - Output:
[2024-08-02T17:27:56.375+0900] {process_utils.py:191} INFO - 
[2024-08-02T17:27:56.375+0900] {process_utils.py:191} INFO - ---------------======---::::::------+--=======++++++++++===--:...::-=--==============--:.....:-=====
[2024-08-02T17:27:56.376+0900] {process_utils.py:191} INFO - ----::---------------------===--::--+-----=============++++++===---:....--===============--:...:-===
[2024-08-02T17:27:56.376+0900] {process_utils.py:191} INFO - ----------------------------------=++----------------------=+===========-::.:-======================
[2024-08-02T17:27:56.376+0900] {process_utils.py:191} INFO - =----------------------------------==-----------------------=-----==============================+=--
[2024-08-02T17:27:56.376+0900] {process_utils.py:191} INFO - %%####=----------------------------==----------------------=-::::-----======+*%#++================::
[2024-08-02T17:27:56.377+0900] {process_utils.py:191} INFO - %%%%%#=----------------------------=-:---------------------=--==--------=====*#*=================-::
[2024-08-02T17:27:56.377+0900] {process_utils.py:191} INFO - @@%%%*-----------------+***++=-----=-::-------------------:+---------=====+++====================-::
[2024-08-02T17:27:56.377+0900] {process_utils.py:191} INFO - @@%%%*---------------#%%%%##%%#=---=-+##*#+----------------=------------=====+====-=--===========-::
[2024-08-02T17:27:56.377+0900] {process_utils.py:191} INFO - @@@%%+--=+*%%%+-----+%@@%#++%%%#=--=*%+===#+::----------::=-----------=+*##*++=-----------=======-::
[2024-08-02T17:27:56.377+0900] {process_utils.py:191} INFO - +++++=-+#+***#*=-----#*++**+#@@@*--+#+**+***-:=-:---=*+-::=-----==+++*######%%%#=-------------==-:::
[2024-08-02T17:27:56.378+0900] {process_utils.py:191} INFO - *******-:::-*=-------+===+=-=+#%%:-=++++=+==-:=-:::=%%#-::###=-*#%%%%%%%%%%%%%%%%+---------------:::
[2024-08-02T17:27:56.378+0900] {process_utils.py:191} INFO - =====+=:--::+---+--+**++++*+++#%*-=--**++++-:=++=::+#*-::=%%%#*#%%%%%%%%@@%%%%@@%%#====------+#%%=-*
[2024-08-02T17:27:56.378+0900] {process_utils.py:191} INFO - =-==++---=+==*#%%%%%%=*++++++++==-=-*##*+=##**++=--++-:--*=-=*#%%%@%###*###*+++*%%%*=============-#%
[2024-08-02T17:27:56.378+0900] {process_utils.py:191} INFO - +-=------=*%%%%@%@@@@***=+*#+*##*#%%@@**++%@%%%%*+=--=-=+-:--:#%@@%#*****###*+---+*++#**===---=++*%@
[2024-08-02T17:27:56.379+0900] {process_utils.py:191} INFO - --==-::-*%%%@@@@@@@%#*=-+++%@%##%%@@@@@%#%@@@%%@%%%*=--=#%####-%@%%####++++++=---==++*####*+++*%@%@@
[2024-08-02T17:27:56.379+0900] {process_utils.py:191} INFO - -=*+=-=#@@@@@@@@@#*+++++*@@@@@@@@@@@@@@@@@@@@@@@@@@@#+==-+*+#=:-+#%##**==++**+++=====+*###*+**#@%##%
[2024-08-02T17:27:56.379+0900] {process_utils.py:191} INFO - -=++-+%%@%@@@@%+=-++***#@@@@@@@@@@@@%:+@@*%+=%@@@@@@%%#%%#*=+--:-=#++**%#*+=+++++===+**####=*%%%%%%%
[2024-08-02T17:27:56.380+0900] {process_utils.py:191} INFO - -=++#%%####+-:---=*%%@@%#######**++++=+++++++++%%=+%@@%##*+==-=++=+*****##*===+++++==*#####*+#%%##%%
[2024-08-02T17:27:56.380+0900] {process_utils.py:191} INFO - -=*+=---==+=-::::-*@@@%+=======++++++++++++++*#%#**%%%*==-+*=--+==*****#**+=====+++++=***+++=+==::::
[2024-08-02T17:27:56.380+0900] {process_utils.py:191} INFO - =#*=++++++*###**==*@@@%=======++++++++*@@@@@@@@%%#####-:=+----==******##****+++++***==-=+=:::.::::::
[2024-08-02T17:27:56.381+0900] {process_utils.py:191} INFO - #%*+*++++**##*###*+#@@#=========++++==*%%%%%%%%######*=-----==+*********##########*+====::::::::::::
[2024-08-02T17:27:56.381+0900] {process_utils.py:191} INFO - ++++*#%%@%*##*##***%@@*===============+%##%%######%%%%*==-===+*********+=+*#######*++++-:::--::-----
[2024-08-02T17:27:56.381+0900] {process_utils.py:191} INFO - ===+*#%@@%*##**#**+=--================+%%#%%###%#%%%%%#======*#######*-:-++*####*****++:------------
[2024-08-02T17:27:56.381+0900] {process_utils.py:191} INFO - =+=------=##**##**+=--================+%%#%%###%%#%%%%%+=====+###**++==----:-*####****=------==-====
[2024-08-02T17:27:56.381+0900] {process_utils.py:191} INFO - 
[2024-08-02T17:27:56.412+0900] {python.py:237} INFO - Done. Returned value was: None
[2024-08-02T17:27:56.412+0900] {taskinstance.py:441} INFO - ::group::Post task execution logs
[2024-08-02T17:27:56.420+0900] {taskinstance.py:1206} INFO - Marking task as SUCCESS. dag_id=movie, task_id=get.data, run_id=scheduled__2017-01-04T05:25:00+00:00, execution_date=20170104T052500, start_date=20240802T082750, end_date=20240802T082756
[2024-08-02T17:27:56.465+0900] {local_task_job_runner.py:243} INFO - Task exited with return code 0
[2024-08-02T17:27:56.495+0900] {taskinstance.py:3503} INFO - 0 downstream tasks scheduled from follow-on schedule check
[2024-08-02T17:27:56.496+0900] {local_task_job_runner.py:222} INFO - ::endgroup::
