[2024-08-02T17:24:28.790+0900] {local_task_job_runner.py:120} INFO - ::group::Pre task execution logs
[2024-08-02T17:24:28.812+0900] {taskinstance.py:2076} INFO - Dependencies all met for dep_context=non-requeueable deps ti=<TaskInstance: movie.get.data scheduled__2017-01-04T05:08:00+00:00 [queued]>
[2024-08-02T17:24:28.822+0900] {taskinstance.py:2076} INFO - Dependencies all met for dep_context=requeueable deps ti=<TaskInstance: movie.get.data scheduled__2017-01-04T05:08:00+00:00 [queued]>
[2024-08-02T17:24:28.822+0900] {taskinstance.py:2306} INFO - Starting attempt 1 of 3
[2024-08-02T17:24:28.840+0900] {taskinstance.py:2330} INFO - Executing <Task(PythonVirtualenvOperator): get.data> on 2017-01-04 05:08:00+00:00
[2024-08-02T17:24:28.842+0900] {standard_task_runner.py:64} INFO - Started process 163108 to run task
[2024-08-02T17:24:28.846+0900] {standard_task_runner.py:90} INFO - Running: ['airflow', 'tasks', 'run', 'movie', 'get.data', 'scheduled__2017-01-04T05:08:00+00:00', '--job-id', '199', '--raw', '--subdir', 'DAGS_FOLDER/movie.py', '--cfg-path', '/tmp/tmpvjnxybem']
[2024-08-02T17:24:28.849+0900] {standard_task_runner.py:91} INFO - Job 199: Subtask get.data
[2024-08-02T17:24:28.896+0900] {task_command.py:426} INFO - Running <TaskInstance: movie.get.data scheduled__2017-01-04T05:08:00+00:00 [running]> on host playdata.
[2024-08-02T17:24:28.976+0900] {taskinstance.py:2648} INFO - Exporting env vars: AIRFLOW_CTX_DAG_OWNER='airflow' AIRFLOW_CTX_DAG_ID='movie' AIRFLOW_CTX_TASK_ID='get.data' AIRFLOW_CTX_EXECUTION_DATE='2017-01-04T05:08:00+00:00' AIRFLOW_CTX_TRY_NUMBER='1' AIRFLOW_CTX_DAG_RUN_ID='scheduled__2017-01-04T05:08:00+00:00'
[2024-08-02T17:24:28.976+0900] {taskinstance.py:430} INFO - ::endgroup::
[2024-08-02T17:24:28.988+0900] {baseoperator.py:400} WARNING - PythonVirtualenvOperator.execute cannot be called outside TaskInstance!
[2024-08-02T17:24:28.989+0900] {process_utils.py:183} INFO - Executing cmd: /home/oddsummer/.pyenv/versions/3.11.9/envs/air/bin/python -m virtualenv /tmp/venvq5hctkh9 --python=python
[2024-08-02T17:24:28.990+0900] {process_utils.py:187} INFO - Output:
[2024-08-02T17:24:29.429+0900] {process_utils.py:191} INFO - created virtual environment CPython3.11.9.final.0-64 in 324ms
[2024-08-02T17:24:29.430+0900] {process_utils.py:191} INFO -   creator CPython3Posix(dest=/tmp/venvq5hctkh9, clear=False, no_vcs_ignore=False, global=False)
[2024-08-02T17:24:29.430+0900] {process_utils.py:191} INFO -   seeder FromAppData(download=False, pip=bundle, setuptools=bundle, wheel=bundle, via=copy, app_data_dir=/home/oddsummer/.local/share/virtualenv)
[2024-08-02T17:24:29.430+0900] {process_utils.py:191} INFO -     added seed packages: pip==24.1.2, setuptools==70.2.0, wheel==0.43.0
[2024-08-02T17:24:29.430+0900] {process_utils.py:191} INFO -   activators BashActivator,CShellActivator,FishActivator,NushellActivator,PowerShellActivator,PythonActivator
[2024-08-02T17:24:29.462+0900] {process_utils.py:183} INFO - Executing cmd: /tmp/venvq5hctkh9/bin/pip install -r /tmp/venvq5hctkh9/requirements.txt
[2024-08-02T17:24:29.464+0900] {process_utils.py:187} INFO - Output:
[2024-08-02T17:24:30.667+0900] {process_utils.py:191} INFO - Collecting git+https://github.com/7-TRG/extract_trg.git@main (from -r /tmp/venvq5hctkh9/requirements.txt (line 1))
[2024-08-02T17:24:30.669+0900] {process_utils.py:191} INFO -   Cloning https://github.com/7-TRG/extract_trg.git (to revision main) to /tmp/pip-req-build-4rc6ya_e
[2024-08-02T17:24:30.672+0900] {process_utils.py:191} INFO -   Running command git clone --filter=blob:none --quiet https://github.com/7-TRG/extract_trg.git /tmp/pip-req-build-4rc6ya_e
[2024-08-02T17:24:32.309+0900] {process_utils.py:191} INFO -   Resolved https://github.com/7-TRG/extract_trg.git to commit 0712b3f1bbaeeeea58bf80749079a62c7e1bec3d
[2024-08-02T17:24:32.315+0900] {process_utils.py:191} INFO -   Installing build dependencies: started
[2024-08-02T17:24:34.201+0900] {process_utils.py:191} INFO -   Installing build dependencies: finished with status 'done'
[2024-08-02T17:24:34.202+0900] {process_utils.py:191} INFO -   Getting requirements to build wheel: started
[2024-08-02T17:24:34.454+0900] {process_utils.py:191} INFO -   Getting requirements to build wheel: finished with status 'done'
[2024-08-02T17:24:34.456+0900] {process_utils.py:191} INFO -   Preparing metadata (pyproject.toml): started
[2024-08-02T17:24:34.692+0900] {process_utils.py:191} INFO -   Preparing metadata (pyproject.toml): finished with status 'done'
[2024-08-02T17:24:34.694+0900] {process_utils.py:191} INFO - Building wheels for collected packages: extract_trg
[2024-08-02T17:24:34.698+0900] {process_utils.py:191} INFO -   Building wheel for extract_trg (pyproject.toml): started
[2024-08-02T17:24:34.978+0900] {process_utils.py:191} INFO -   Building wheel for extract_trg (pyproject.toml): finished with status 'done'
[2024-08-02T17:24:34.979+0900] {process_utils.py:191} INFO -   Created wheel for extract_trg: filename=extract_trg-0.1.0-py3-none-any.whl size=2219 sha256=1aff3117cf619e117399ae29150f22577e6faa8431183171abb851bebea606aa
[2024-08-02T17:24:34.980+0900] {process_utils.py:191} INFO -   Stored in directory: /tmp/pip-ephem-wheel-cache-bsz5c6cw/wheels/21/97/ea/e27bc4298590f1b8a2b9c46b60aefbe2e3076cf05f6bd5e464
[2024-08-02T17:24:34.982+0900] {process_utils.py:191} INFO - Successfully built extract_trg
[2024-08-02T17:24:34.997+0900] {process_utils.py:191} INFO - Installing collected packages: extract_trg
[2024-08-02T17:24:35.018+0900] {process_utils.py:191} INFO - Successfully installed extract_trg-0.1.0
[2024-08-02T17:24:35.027+0900] {process_utils.py:191} INFO - 
[2024-08-02T17:24:35.027+0900] {process_utils.py:191} INFO - [notice] A new release of pip is available: 24.1.2 -> 24.2
[2024-08-02T17:24:35.028+0900] {process_utils.py:191} INFO - [notice] To update, run: python -m pip install --upgrade pip
[2024-08-02T17:24:35.137+0900] {process_utils.py:183} INFO - Executing cmd: /tmp/venvq5hctkh9/bin/python /tmp/venv-callp1p5ij3c/script.py /tmp/venv-callp1p5ij3c/script.in /tmp/venv-callp1p5ij3c/script.out /tmp/venv-callp1p5ij3c/string_args.txt /tmp/venv-callp1p5ij3c/termination.log
[2024-08-02T17:24:35.138+0900] {process_utils.py:187} INFO - Output:
[2024-08-02T17:24:35.157+0900] {process_utils.py:191} INFO - 
[2024-08-02T17:24:35.158+0900] {process_utils.py:191} INFO - ---------------======---::::::------+--=======++++++++++===--:...::-=--==============--:.....:-=====
[2024-08-02T17:24:35.158+0900] {process_utils.py:191} INFO - ----::---------------------===--::--+-----=============++++++===---:....--===============--:...:-===
[2024-08-02T17:24:35.158+0900] {process_utils.py:191} INFO - ----------------------------------=++----------------------=+===========-::.:-======================
[2024-08-02T17:24:35.158+0900] {process_utils.py:191} INFO - =----------------------------------==-----------------------=-----==============================+=--
[2024-08-02T17:24:35.158+0900] {process_utils.py:191} INFO - %%####=----------------------------==----------------------=-::::-----======+*%#++================::
[2024-08-02T17:24:35.159+0900] {process_utils.py:191} INFO - %%%%%#=----------------------------=-:---------------------=--==--------=====*#*=================-::
[2024-08-02T17:24:35.159+0900] {process_utils.py:191} INFO - @@%%%*-----------------+***++=-----=-::-------------------:+---------=====+++====================-::
[2024-08-02T17:24:35.159+0900] {process_utils.py:191} INFO - @@%%%*---------------#%%%%##%%#=---=-+##*#+----------------=------------=====+====-=--===========-::
[2024-08-02T17:24:35.159+0900] {process_utils.py:191} INFO - @@@%%+--=+*%%%+-----+%@@%#++%%%#=--=*%+===#+::----------::=-----------=+*##*++=-----------=======-::
[2024-08-02T17:24:35.159+0900] {process_utils.py:191} INFO - +++++=-+#+***#*=-----#*++**+#@@@*--+#+**+***-:=-:---=*+-::=-----==+++*######%%%#=-------------==-:::
[2024-08-02T17:24:35.159+0900] {process_utils.py:191} INFO - *******-:::-*=-------+===+=-=+#%%:-=++++=+==-:=-:::=%%#-::###=-*#%%%%%%%%%%%%%%%%+---------------:::
[2024-08-02T17:24:35.159+0900] {process_utils.py:191} INFO - =====+=:--::+---+--+**++++*+++#%*-=--**++++-:=++=::+#*-::=%%%#*#%%%%%%%%@@%%%%@@%%#====------+#%%=-*
[2024-08-02T17:24:35.160+0900] {process_utils.py:191} INFO - =-==++---=+==*#%%%%%%=*++++++++==-=-*##*+=##**++=--++-:--*=-=*#%%%@%###*###*+++*%%%*=============-#%
[2024-08-02T17:24:35.160+0900] {process_utils.py:191} INFO - +-=------=*%%%%@%@@@@***=+*#+*##*#%%@@**++%@%%%%*+=--=-=+-:--:#%@@%#*****###*+---+*++#**===---=++*%@
[2024-08-02T17:24:35.160+0900] {process_utils.py:191} INFO - --==-::-*%%%@@@@@@@%#*=-+++%@%##%%@@@@@%#%@@@%%@%%%*=--=#%####-%@%%####++++++=---==++*####*+++*%@%@@
[2024-08-02T17:24:35.160+0900] {process_utils.py:191} INFO - -=*+=-=#@@@@@@@@@#*+++++*@@@@@@@@@@@@@@@@@@@@@@@@@@@#+==-+*+#=:-+#%##**==++**+++=====+*###*+**#@%##%
[2024-08-02T17:24:35.160+0900] {process_utils.py:191} INFO - -=++-+%%@%@@@@%+=-++***#@@@@@@@@@@@@%:+@@*%+=%@@@@@@%%#%%#*=+--:-=#++**%#*+=+++++===+**####=*%%%%%%%
[2024-08-02T17:24:35.161+0900] {process_utils.py:191} INFO - -=++#%%####+-:---=*%%@@%#######**++++=+++++++++%%=+%@@%##*+==-=++=+*****##*===+++++==*#####*+#%%##%%
[2024-08-02T17:24:35.161+0900] {process_utils.py:191} INFO - -=*+=---==+=-::::-*@@@%+=======++++++++++++++*#%#**%%%*==-+*=--+==*****#**+=====+++++=***+++=+==::::
[2024-08-02T17:24:35.161+0900] {process_utils.py:191} INFO - =#*=++++++*###**==*@@@%=======++++++++*@@@@@@@@%%#####-:=+----==******##****+++++***==-=+=:::.::::::
[2024-08-02T17:24:35.161+0900] {process_utils.py:191} INFO - #%*+*++++**##*###*+#@@#=========++++==*%%%%%%%%######*=-----==+*********##########*+====::::::::::::
[2024-08-02T17:24:35.161+0900] {process_utils.py:191} INFO - ++++*#%%@%*##*##***%@@*===============+%##%%######%%%%*==-===+*********+=+*#######*++++-:::--::-----
[2024-08-02T17:24:35.161+0900] {process_utils.py:191} INFO - ===+*#%@@%*##**#**+=--================+%%#%%###%#%%%%%#======*#######*-:-++*####*****++:------------
[2024-08-02T17:24:35.162+0900] {process_utils.py:191} INFO - =+=------=##**##**+=--================+%%#%%###%%#%%%%%+=====+###**++==----:-*####****=------==-====
[2024-08-02T17:24:35.162+0900] {process_utils.py:191} INFO - 
[2024-08-02T17:24:35.192+0900] {python.py:237} INFO - Done. Returned value was: None
[2024-08-02T17:24:35.192+0900] {taskinstance.py:441} INFO - ::group::Post task execution logs
[2024-08-02T17:24:35.196+0900] {taskinstance.py:1206} INFO - Marking task as SUCCESS. dag_id=movie, task_id=get.data, run_id=scheduled__2017-01-04T05:08:00+00:00, execution_date=20170104T050800, start_date=20240802T082428, end_date=20240802T082435
[2024-08-02T17:24:35.237+0900] {local_task_job_runner.py:243} INFO - Task exited with return code 0
[2024-08-02T17:24:35.252+0900] {taskinstance.py:3503} INFO - 0 downstream tasks scheduled from follow-on schedule check
[2024-08-02T17:24:35.252+0900] {local_task_job_runner.py:222} INFO - ::endgroup::
