[2024-08-02T16:48:09.321+0900] {local_task_job_runner.py:120} INFO - ::group::Pre task execution logs
[2024-08-02T16:48:09.341+0900] {taskinstance.py:2076} INFO - Dependencies all met for dep_context=non-requeueable deps ti=<TaskInstance: movie.get.data scheduled__2017-01-01T05:01:00+00:00 [queued]>
[2024-08-02T16:48:09.351+0900] {taskinstance.py:2076} INFO - Dependencies all met for dep_context=requeueable deps ti=<TaskInstance: movie.get.data scheduled__2017-01-01T05:01:00+00:00 [queued]>
[2024-08-02T16:48:09.351+0900] {taskinstance.py:2306} INFO - Starting attempt 1 of 3
[2024-08-02T16:48:09.370+0900] {taskinstance.py:2330} INFO - Executing <Task(PythonVirtualenvOperator): get.data> on 2017-01-01 05:01:00+00:00
[2024-08-02T16:48:09.372+0900] {standard_task_runner.py:64} INFO - Started process 143535 to run task
[2024-08-02T16:48:09.374+0900] {standard_task_runner.py:90} INFO - Running: ['airflow', 'tasks', 'run', 'movie', 'get.data', 'scheduled__2017-01-01T05:01:00+00:00', '--job-id', '12', '--raw', '--subdir', 'DAGS_FOLDER/movie.py', '--cfg-path', '/tmp/tmpuw1k2xa4']
[2024-08-02T16:48:09.376+0900] {standard_task_runner.py:91} INFO - Job 12: Subtask get.data
[2024-08-02T16:48:09.426+0900] {task_command.py:426} INFO - Running <TaskInstance: movie.get.data scheduled__2017-01-01T05:01:00+00:00 [running]> on host playdata.
[2024-08-02T16:48:09.539+0900] {taskinstance.py:2648} INFO - Exporting env vars: AIRFLOW_CTX_DAG_OWNER='airflow' AIRFLOW_CTX_DAG_ID='movie' AIRFLOW_CTX_TASK_ID='get.data' AIRFLOW_CTX_EXECUTION_DATE='2017-01-01T05:01:00+00:00' AIRFLOW_CTX_TRY_NUMBER='1' AIRFLOW_CTX_DAG_RUN_ID='scheduled__2017-01-01T05:01:00+00:00'
[2024-08-02T16:48:09.539+0900] {taskinstance.py:430} INFO - ::endgroup::
[2024-08-02T16:48:09.554+0900] {baseoperator.py:400} WARNING - PythonVirtualenvOperator.execute cannot be called outside TaskInstance!
[2024-08-02T16:48:09.554+0900] {process_utils.py:183} INFO - Executing cmd: /home/oddsummer/.pyenv/versions/3.11.9/envs/air/bin/python -m virtualenv /tmp/venvl1m4m317 --python=python
[2024-08-02T16:48:09.556+0900] {process_utils.py:187} INFO - Output:
[2024-08-02T16:48:10.039+0900] {process_utils.py:191} INFO - created virtual environment CPython3.11.9.final.0-64 in 351ms
[2024-08-02T16:48:10.039+0900] {process_utils.py:191} INFO -   creator CPython3Posix(dest=/tmp/venvl1m4m317, clear=False, no_vcs_ignore=False, global=False)
[2024-08-02T16:48:10.039+0900] {process_utils.py:191} INFO -   seeder FromAppData(download=False, pip=bundle, setuptools=bundle, wheel=bundle, via=copy, app_data_dir=/home/oddsummer/.local/share/virtualenv)
[2024-08-02T16:48:10.039+0900] {process_utils.py:191} INFO -     added seed packages: pip==24.1.2, setuptools==70.2.0, wheel==0.43.0
[2024-08-02T16:48:10.040+0900] {process_utils.py:191} INFO -   activators BashActivator,CShellActivator,FishActivator,NushellActivator,PowerShellActivator,PythonActivator
[2024-08-02T16:48:10.074+0900] {process_utils.py:183} INFO - Executing cmd: /tmp/venvl1m4m317/bin/pip install -r /tmp/venvl1m4m317/requirements.txt
[2024-08-02T16:48:10.075+0900] {process_utils.py:187} INFO - Output:
[2024-08-02T16:48:11.320+0900] {process_utils.py:191} INFO - Collecting git+https://github.com/7-TRG/extract_trg.git@main (from -r /tmp/venvl1m4m317/requirements.txt (line 1))
[2024-08-02T16:48:11.321+0900] {process_utils.py:191} INFO -   Cloning https://github.com/7-TRG/extract_trg.git (to revision main) to /tmp/pip-req-build-_76p46i7
[2024-08-02T16:48:11.323+0900] {process_utils.py:191} INFO -   Running command git clone --filter=blob:none --quiet https://github.com/7-TRG/extract_trg.git /tmp/pip-req-build-_76p46i7
[2024-08-02T16:48:13.054+0900] {process_utils.py:191} INFO -   Resolved https://github.com/7-TRG/extract_trg.git to commit 0712b3f1bbaeeeea58bf80749079a62c7e1bec3d
[2024-08-02T16:48:13.061+0900] {process_utils.py:191} INFO -   Installing build dependencies: started
[2024-08-02T16:48:15.467+0900] {process_utils.py:191} INFO -   Installing build dependencies: finished with status 'done'
[2024-08-02T16:48:15.468+0900] {process_utils.py:191} INFO -   Getting requirements to build wheel: started
[2024-08-02T16:48:15.773+0900] {process_utils.py:191} INFO -   Getting requirements to build wheel: finished with status 'done'
[2024-08-02T16:48:15.775+0900] {process_utils.py:191} INFO -   Preparing metadata (pyproject.toml): started
[2024-08-02T16:48:16.091+0900] {process_utils.py:191} INFO -   Preparing metadata (pyproject.toml): finished with status 'done'
[2024-08-02T16:48:16.093+0900] {process_utils.py:191} INFO - Building wheels for collected packages: extract_trg
[2024-08-02T16:48:16.101+0900] {process_utils.py:191} INFO -   Building wheel for extract_trg (pyproject.toml): started
[2024-08-02T16:48:16.442+0900] {process_utils.py:191} INFO -   Building wheel for extract_trg (pyproject.toml): finished with status 'done'
[2024-08-02T16:48:16.442+0900] {process_utils.py:191} INFO -   Created wheel for extract_trg: filename=extract_trg-0.1.0-py3-none-any.whl size=2219 sha256=152261c43c53742b3abfcd145464cd9d7d9dce43850cfbef64de7a297ac6c288
[2024-08-02T16:48:16.442+0900] {process_utils.py:191} INFO -   Stored in directory: /tmp/pip-ephem-wheel-cache-uiw5968w/wheels/21/97/ea/e27bc4298590f1b8a2b9c46b60aefbe2e3076cf05f6bd5e464
[2024-08-02T16:48:16.447+0900] {process_utils.py:191} INFO - Successfully built extract_trg
[2024-08-02T16:48:16.457+0900] {process_utils.py:191} INFO - Installing collected packages: extract_trg
[2024-08-02T16:48:16.483+0900] {process_utils.py:191} INFO - Successfully installed extract_trg-0.1.0
[2024-08-02T16:48:16.490+0900] {process_utils.py:191} INFO - 
[2024-08-02T16:48:16.490+0900] {process_utils.py:191} INFO - [notice] A new release of pip is available: 24.1.2 -> 24.2
[2024-08-02T16:48:16.490+0900] {process_utils.py:191} INFO - [notice] To update, run: python -m pip install --upgrade pip
[2024-08-02T16:48:16.651+0900] {process_utils.py:183} INFO - Executing cmd: /tmp/venvl1m4m317/bin/python /tmp/venv-callk2l1yb4v/script.py /tmp/venv-callk2l1yb4v/script.in /tmp/venv-callk2l1yb4v/script.out /tmp/venv-callk2l1yb4v/string_args.txt /tmp/venv-callk2l1yb4v/termination.log
[2024-08-02T16:48:16.652+0900] {process_utils.py:187} INFO - Output:
[2024-08-02T16:48:16.683+0900] {process_utils.py:191} INFO - 
[2024-08-02T16:48:16.683+0900] {process_utils.py:191} INFO - ---------------======---::::::------+--=======++++++++++===--:...::-=--==============--:.....:-=====
[2024-08-02T16:48:16.684+0900] {process_utils.py:191} INFO - ----::---------------------===--::--+-----=============++++++===---:....--===============--:...:-===
[2024-08-02T16:48:16.684+0900] {process_utils.py:191} INFO - ----------------------------------=++----------------------=+===========-::.:-======================
[2024-08-02T16:48:16.684+0900] {process_utils.py:191} INFO - =----------------------------------==-----------------------=-----==============================+=--
[2024-08-02T16:48:16.684+0900] {process_utils.py:191} INFO - %%####=----------------------------==----------------------=-::::-----======+*%#++================::
[2024-08-02T16:48:16.684+0900] {process_utils.py:191} INFO - %%%%%#=----------------------------=-:---------------------=--==--------=====*#*=================-::
[2024-08-02T16:48:16.684+0900] {process_utils.py:191} INFO - @@%%%*-----------------+***++=-----=-::-------------------:+---------=====+++====================-::
[2024-08-02T16:48:16.685+0900] {process_utils.py:191} INFO - @@%%%*---------------#%%%%##%%#=---=-+##*#+----------------=------------=====+====-=--===========-::
[2024-08-02T16:48:16.685+0900] {process_utils.py:191} INFO - @@@%%+--=+*%%%+-----+%@@%#++%%%#=--=*%+===#+::----------::=-----------=+*##*++=-----------=======-::
[2024-08-02T16:48:16.685+0900] {process_utils.py:191} INFO - +++++=-+#+***#*=-----#*++**+#@@@*--+#+**+***-:=-:---=*+-::=-----==+++*######%%%#=-------------==-:::
[2024-08-02T16:48:16.685+0900] {process_utils.py:191} INFO - *******-:::-*=-------+===+=-=+#%%:-=++++=+==-:=-:::=%%#-::###=-*#%%%%%%%%%%%%%%%%+---------------:::
[2024-08-02T16:48:16.685+0900] {process_utils.py:191} INFO - =====+=:--::+---+--+**++++*+++#%*-=--**++++-:=++=::+#*-::=%%%#*#%%%%%%%%@@%%%%@@%%#====------+#%%=-*
[2024-08-02T16:48:16.686+0900] {process_utils.py:191} INFO - =-==++---=+==*#%%%%%%=*++++++++==-=-*##*+=##**++=--++-:--*=-=*#%%%@%###*###*+++*%%%*=============-#%
[2024-08-02T16:48:16.686+0900] {process_utils.py:191} INFO - +-=------=*%%%%@%@@@@***=+*#+*##*#%%@@**++%@%%%%*+=--=-=+-:--:#%@@%#*****###*+---+*++#**===---=++*%@
[2024-08-02T16:48:16.686+0900] {process_utils.py:191} INFO - --==-::-*%%%@@@@@@@%#*=-+++%@%##%%@@@@@%#%@@@%%@%%%*=--=#%####-%@%%####++++++=---==++*####*+++*%@%@@
[2024-08-02T16:48:16.686+0900] {process_utils.py:191} INFO - -=*+=-=#@@@@@@@@@#*+++++*@@@@@@@@@@@@@@@@@@@@@@@@@@@#+==-+*+#=:-+#%##**==++**+++=====+*###*+**#@%##%
[2024-08-02T16:48:16.686+0900] {process_utils.py:191} INFO - -=++-+%%@%@@@@%+=-++***#@@@@@@@@@@@@%:+@@*%+=%@@@@@@%%#%%#*=+--:-=#++**%#*+=+++++===+**####=*%%%%%%%
[2024-08-02T16:48:16.686+0900] {process_utils.py:191} INFO - -=++#%%####+-:---=*%%@@%#######**++++=+++++++++%%=+%@@%##*+==-=++=+*****##*===+++++==*#####*+#%%##%%
[2024-08-02T16:48:16.687+0900] {process_utils.py:191} INFO - -=*+=---==+=-::::-*@@@%+=======++++++++++++++*#%#**%%%*==-+*=--+==*****#**+=====+++++=***+++=+==::::
[2024-08-02T16:48:16.687+0900] {process_utils.py:191} INFO - =#*=++++++*###**==*@@@%=======++++++++*@@@@@@@@%%#####-:=+----==******##****+++++***==-=+=:::.::::::
[2024-08-02T16:48:16.687+0900] {process_utils.py:191} INFO - #%*+*++++**##*###*+#@@#=========++++==*%%%%%%%%######*=-----==+*********##########*+====::::::::::::
[2024-08-02T16:48:16.687+0900] {process_utils.py:191} INFO - ++++*#%%@%*##*##***%@@*===============+%##%%######%%%%*==-===+*********+=+*#######*++++-:::--::-----
[2024-08-02T16:48:16.687+0900] {process_utils.py:191} INFO - ===+*#%@@%*##**#**+=--================+%%#%%###%#%%%%%#======*#######*-:-++*####*****++:------------
[2024-08-02T16:48:16.687+0900] {process_utils.py:191} INFO - =+=------=##**##**+=--================+%%#%%###%%#%%%%%+=====+###**++==----:-*####****=------==-====
[2024-08-02T16:48:16.688+0900] {process_utils.py:191} INFO - 
[2024-08-02T16:48:16.736+0900] {python.py:237} INFO - Done. Returned value was: None
[2024-08-02T16:48:16.736+0900] {taskinstance.py:441} INFO - ::group::Post task execution logs
[2024-08-02T16:48:16.742+0900] {taskinstance.py:1206} INFO - Marking task as SUCCESS. dag_id=movie, task_id=get.data, run_id=scheduled__2017-01-01T05:01:00+00:00, execution_date=20170101T050100, start_date=20240802T074809, end_date=20240802T074816
[2024-08-02T16:48:16.788+0900] {local_task_job_runner.py:243} INFO - Task exited with return code 0
[2024-08-02T16:48:16.812+0900] {taskinstance.py:3503} INFO - 0 downstream tasks scheduled from follow-on schedule check
[2024-08-02T16:48:16.813+0900] {local_task_job_runner.py:222} INFO - ::endgroup::
