[2024-08-02T17:20:32.284+0900] {local_task_job_runner.py:120} INFO - ::group::Pre task execution logs
[2024-08-02T17:20:32.308+0900] {taskinstance.py:2076} INFO - Dependencies all met for dep_context=non-requeueable deps ti=<TaskInstance: movie.get.data scheduled__2017-01-03T05:48:00+00:00 [queued]>
[2024-08-02T17:20:32.318+0900] {taskinstance.py:2076} INFO - Dependencies all met for dep_context=requeueable deps ti=<TaskInstance: movie.get.data scheduled__2017-01-03T05:48:00+00:00 [queued]>
[2024-08-02T17:20:32.318+0900] {taskinstance.py:2306} INFO - Starting attempt 1 of 3
[2024-08-02T17:20:32.333+0900] {taskinstance.py:2330} INFO - Executing <Task(PythonVirtualenvOperator): get.data> on 2017-01-03 05:48:00+00:00
[2024-08-02T17:20:32.336+0900] {standard_task_runner.py:64} INFO - Started process 161382 to run task
[2024-08-02T17:20:32.339+0900] {standard_task_runner.py:90} INFO - Running: ['airflow', 'tasks', 'run', 'movie', 'get.data', 'scheduled__2017-01-03T05:48:00+00:00', '--job-id', '179', '--raw', '--subdir', 'DAGS_FOLDER/movie.py', '--cfg-path', '/tmp/tmpftv5rsfd']
[2024-08-02T17:20:32.342+0900] {standard_task_runner.py:91} INFO - Job 179: Subtask get.data
[2024-08-02T17:20:32.413+0900] {task_command.py:426} INFO - Running <TaskInstance: movie.get.data scheduled__2017-01-03T05:48:00+00:00 [running]> on host playdata.
[2024-08-02T17:20:32.523+0900] {taskinstance.py:2648} INFO - Exporting env vars: AIRFLOW_CTX_DAG_OWNER='airflow' AIRFLOW_CTX_DAG_ID='movie' AIRFLOW_CTX_TASK_ID='get.data' AIRFLOW_CTX_EXECUTION_DATE='2017-01-03T05:48:00+00:00' AIRFLOW_CTX_TRY_NUMBER='1' AIRFLOW_CTX_DAG_RUN_ID='scheduled__2017-01-03T05:48:00+00:00'
[2024-08-02T17:20:32.524+0900] {taskinstance.py:430} INFO - ::endgroup::
[2024-08-02T17:20:32.537+0900] {baseoperator.py:400} WARNING - PythonVirtualenvOperator.execute cannot be called outside TaskInstance!
[2024-08-02T17:20:32.538+0900] {process_utils.py:183} INFO - Executing cmd: /home/oddsummer/.pyenv/versions/3.11.9/envs/air/bin/python -m virtualenv /tmp/venvcjfiutj6 --python=python
[2024-08-02T17:20:32.539+0900] {process_utils.py:187} INFO - Output:
[2024-08-02T17:20:33.108+0900] {process_utils.py:191} INFO - created virtual environment CPython3.11.9.final.0-64 in 422ms
[2024-08-02T17:20:33.108+0900] {process_utils.py:191} INFO -   creator CPython3Posix(dest=/tmp/venvcjfiutj6, clear=False, no_vcs_ignore=False, global=False)
[2024-08-02T17:20:33.109+0900] {process_utils.py:191} INFO -   seeder FromAppData(download=False, pip=bundle, setuptools=bundle, wheel=bundle, via=copy, app_data_dir=/home/oddsummer/.local/share/virtualenv)
[2024-08-02T17:20:33.109+0900] {process_utils.py:191} INFO -     added seed packages: pip==24.1.2, setuptools==70.2.0, wheel==0.43.0
[2024-08-02T17:20:33.110+0900] {process_utils.py:191} INFO -   activators BashActivator,CShellActivator,FishActivator,NushellActivator,PowerShellActivator,PythonActivator
[2024-08-02T17:20:33.154+0900] {process_utils.py:183} INFO - Executing cmd: /tmp/venvcjfiutj6/bin/pip install -r /tmp/venvcjfiutj6/requirements.txt
[2024-08-02T17:20:33.155+0900] {process_utils.py:187} INFO - Output:
[2024-08-02T17:20:34.410+0900] {process_utils.py:191} INFO - Collecting git+https://github.com/7-TRG/extract_trg.git@main (from -r /tmp/venvcjfiutj6/requirements.txt (line 1))
[2024-08-02T17:20:34.411+0900] {process_utils.py:191} INFO -   Cloning https://github.com/7-TRG/extract_trg.git (to revision main) to /tmp/pip-req-build-hnflr4x4
[2024-08-02T17:20:34.414+0900] {process_utils.py:191} INFO -   Running command git clone --filter=blob:none --quiet https://github.com/7-TRG/extract_trg.git /tmp/pip-req-build-hnflr4x4
[2024-08-02T17:20:35.891+0900] {process_utils.py:191} INFO -   Resolved https://github.com/7-TRG/extract_trg.git to commit 0712b3f1bbaeeeea58bf80749079a62c7e1bec3d
[2024-08-02T17:20:35.898+0900] {process_utils.py:191} INFO -   Installing build dependencies: started
[2024-08-02T17:20:37.875+0900] {process_utils.py:191} INFO -   Installing build dependencies: finished with status 'done'
[2024-08-02T17:20:37.876+0900] {process_utils.py:191} INFO -   Getting requirements to build wheel: started
[2024-08-02T17:20:38.121+0900] {process_utils.py:191} INFO -   Getting requirements to build wheel: finished with status 'done'
[2024-08-02T17:20:38.122+0900] {process_utils.py:191} INFO -   Preparing metadata (pyproject.toml): started
[2024-08-02T17:20:38.361+0900] {process_utils.py:191} INFO -   Preparing metadata (pyproject.toml): finished with status 'done'
[2024-08-02T17:20:38.363+0900] {process_utils.py:191} INFO - Building wheels for collected packages: extract_trg
[2024-08-02T17:20:38.367+0900] {process_utils.py:191} INFO -   Building wheel for extract_trg (pyproject.toml): started
[2024-08-02T17:20:38.627+0900] {process_utils.py:191} INFO -   Building wheel for extract_trg (pyproject.toml): finished with status 'done'
[2024-08-02T17:20:38.628+0900] {process_utils.py:191} INFO -   Created wheel for extract_trg: filename=extract_trg-0.1.0-py3-none-any.whl size=2219 sha256=743b0fc7e0e55590b06cdc399e8794d5e929d0b5185a0544c334279dded2acdd
[2024-08-02T17:20:38.628+0900] {process_utils.py:191} INFO -   Stored in directory: /tmp/pip-ephem-wheel-cache-e10mfl5m/wheels/21/97/ea/e27bc4298590f1b8a2b9c46b60aefbe2e3076cf05f6bd5e464
[2024-08-02T17:20:38.630+0900] {process_utils.py:191} INFO - Successfully built extract_trg
[2024-08-02T17:20:38.640+0900] {process_utils.py:191} INFO - Installing collected packages: extract_trg
[2024-08-02T17:20:38.675+0900] {process_utils.py:191} INFO - Successfully installed extract_trg-0.1.0
[2024-08-02T17:20:38.681+0900] {process_utils.py:191} INFO - 
[2024-08-02T17:20:38.682+0900] {process_utils.py:191} INFO - [notice] A new release of pip is available: 24.1.2 -> 24.2
[2024-08-02T17:20:38.682+0900] {process_utils.py:191} INFO - [notice] To update, run: python -m pip install --upgrade pip
[2024-08-02T17:20:38.776+0900] {process_utils.py:183} INFO - Executing cmd: /tmp/venvcjfiutj6/bin/python /tmp/venv-calll5gwegyh/script.py /tmp/venv-calll5gwegyh/script.in /tmp/venv-calll5gwegyh/script.out /tmp/venv-calll5gwegyh/string_args.txt /tmp/venv-calll5gwegyh/termination.log
[2024-08-02T17:20:38.776+0900] {process_utils.py:187} INFO - Output:
[2024-08-02T17:20:38.796+0900] {process_utils.py:191} INFO - 
[2024-08-02T17:20:38.796+0900] {process_utils.py:191} INFO - ---------------======---::::::------+--=======++++++++++===--:...::-=--==============--:.....:-=====
[2024-08-02T17:20:38.797+0900] {process_utils.py:191} INFO - ----::---------------------===--::--+-----=============++++++===---:....--===============--:...:-===
[2024-08-02T17:20:38.797+0900] {process_utils.py:191} INFO - ----------------------------------=++----------------------=+===========-::.:-======================
[2024-08-02T17:20:38.797+0900] {process_utils.py:191} INFO - =----------------------------------==-----------------------=-----==============================+=--
[2024-08-02T17:20:38.797+0900] {process_utils.py:191} INFO - %%####=----------------------------==----------------------=-::::-----======+*%#++================::
[2024-08-02T17:20:38.798+0900] {process_utils.py:191} INFO - %%%%%#=----------------------------=-:---------------------=--==--------=====*#*=================-::
[2024-08-02T17:20:38.798+0900] {process_utils.py:191} INFO - @@%%%*-----------------+***++=-----=-::-------------------:+---------=====+++====================-::
[2024-08-02T17:20:38.798+0900] {process_utils.py:191} INFO - @@%%%*---------------#%%%%##%%#=---=-+##*#+----------------=------------=====+====-=--===========-::
[2024-08-02T17:20:38.798+0900] {process_utils.py:191} INFO - @@@%%+--=+*%%%+-----+%@@%#++%%%#=--=*%+===#+::----------::=-----------=+*##*++=-----------=======-::
[2024-08-02T17:20:38.798+0900] {process_utils.py:191} INFO - +++++=-+#+***#*=-----#*++**+#@@@*--+#+**+***-:=-:---=*+-::=-----==+++*######%%%#=-------------==-:::
[2024-08-02T17:20:38.799+0900] {process_utils.py:191} INFO - *******-:::-*=-------+===+=-=+#%%:-=++++=+==-:=-:::=%%#-::###=-*#%%%%%%%%%%%%%%%%+---------------:::
[2024-08-02T17:20:38.799+0900] {process_utils.py:191} INFO - =====+=:--::+---+--+**++++*+++#%*-=--**++++-:=++=::+#*-::=%%%#*#%%%%%%%%@@%%%%@@%%#====------+#%%=-*
[2024-08-02T17:20:38.799+0900] {process_utils.py:191} INFO - =-==++---=+==*#%%%%%%=*++++++++==-=-*##*+=##**++=--++-:--*=-=*#%%%@%###*###*+++*%%%*=============-#%
[2024-08-02T17:20:38.799+0900] {process_utils.py:191} INFO - +-=------=*%%%%@%@@@@***=+*#+*##*#%%@@**++%@%%%%*+=--=-=+-:--:#%@@%#*****###*+---+*++#**===---=++*%@
[2024-08-02T17:20:38.800+0900] {process_utils.py:191} INFO - --==-::-*%%%@@@@@@@%#*=-+++%@%##%%@@@@@%#%@@@%%@%%%*=--=#%####-%@%%####++++++=---==++*####*+++*%@%@@
[2024-08-02T17:20:38.800+0900] {process_utils.py:191} INFO - -=*+=-=#@@@@@@@@@#*+++++*@@@@@@@@@@@@@@@@@@@@@@@@@@@#+==-+*+#=:-+#%##**==++**+++=====+*###*+**#@%##%
[2024-08-02T17:20:38.800+0900] {process_utils.py:191} INFO - -=++-+%%@%@@@@%+=-++***#@@@@@@@@@@@@%:+@@*%+=%@@@@@@%%#%%#*=+--:-=#++**%#*+=+++++===+**####=*%%%%%%%
[2024-08-02T17:20:38.800+0900] {process_utils.py:191} INFO - -=++#%%####+-:---=*%%@@%#######**++++=+++++++++%%=+%@@%##*+==-=++=+*****##*===+++++==*#####*+#%%##%%
[2024-08-02T17:20:38.800+0900] {process_utils.py:191} INFO - -=*+=---==+=-::::-*@@@%+=======++++++++++++++*#%#**%%%*==-+*=--+==*****#**+=====+++++=***+++=+==::::
[2024-08-02T17:20:38.801+0900] {process_utils.py:191} INFO - =#*=++++++*###**==*@@@%=======++++++++*@@@@@@@@%%#####-:=+----==******##****+++++***==-=+=:::.::::::
[2024-08-02T17:20:38.801+0900] {process_utils.py:191} INFO - #%*+*++++**##*###*+#@@#=========++++==*%%%%%%%%######*=-----==+*********##########*+====::::::::::::
[2024-08-02T17:20:38.801+0900] {process_utils.py:191} INFO - ++++*#%%@%*##*##***%@@*===============+%##%%######%%%%*==-===+*********+=+*#######*++++-:::--::-----
[2024-08-02T17:20:38.801+0900] {process_utils.py:191} INFO - ===+*#%@@%*##**#**+=--================+%%#%%###%#%%%%%#======*#######*-:-++*####*****++:------------
[2024-08-02T17:20:38.801+0900] {process_utils.py:191} INFO - =+=------=##**##**+=--================+%%#%%###%%#%%%%%+=====+###**++==----:-*####****=------==-====
[2024-08-02T17:20:38.801+0900] {process_utils.py:191} INFO - 
[2024-08-02T17:20:38.823+0900] {python.py:237} INFO - Done. Returned value was: None
[2024-08-02T17:20:38.823+0900] {taskinstance.py:441} INFO - ::group::Post task execution logs
[2024-08-02T17:20:38.827+0900] {taskinstance.py:1206} INFO - Marking task as SUCCESS. dag_id=movie, task_id=get.data, run_id=scheduled__2017-01-03T05:48:00+00:00, execution_date=20170103T054800, start_date=20240802T082032, end_date=20240802T082038
[2024-08-02T17:20:38.886+0900] {local_task_job_runner.py:243} INFO - Task exited with return code 0
[2024-08-02T17:20:38.903+0900] {taskinstance.py:3503} INFO - 0 downstream tasks scheduled from follow-on schedule check
[2024-08-02T17:20:38.904+0900] {local_task_job_runner.py:222} INFO - ::endgroup::
