[2024-08-02T17:16:36.024+0900] {local_task_job_runner.py:120} INFO - ::group::Pre task execution logs
[2024-08-02T17:16:36.049+0900] {taskinstance.py:2076} INFO - Dependencies all met for dep_context=non-requeueable deps ti=<TaskInstance: movie.get.data scheduled__2017-01-03T05:28:00+00:00 [queued]>
[2024-08-02T17:16:36.056+0900] {taskinstance.py:2076} INFO - Dependencies all met for dep_context=requeueable deps ti=<TaskInstance: movie.get.data scheduled__2017-01-03T05:28:00+00:00 [queued]>
[2024-08-02T17:16:36.057+0900] {taskinstance.py:2306} INFO - Starting attempt 1 of 3
[2024-08-02T17:16:36.072+0900] {taskinstance.py:2330} INFO - Executing <Task(PythonVirtualenvOperator): get.data> on 2017-01-03 05:28:00+00:00
[2024-08-02T17:16:36.075+0900] {standard_task_runner.py:64} INFO - Started process 159663 to run task
[2024-08-02T17:16:36.078+0900] {standard_task_runner.py:90} INFO - Running: ['airflow', 'tasks', 'run', 'movie', 'get.data', 'scheduled__2017-01-03T05:28:00+00:00', '--job-id', '159', '--raw', '--subdir', 'DAGS_FOLDER/movie.py', '--cfg-path', '/tmp/tmpm1rd_zqu']
[2024-08-02T17:16:36.080+0900] {standard_task_runner.py:91} INFO - Job 159: Subtask get.data
[2024-08-02T17:16:36.117+0900] {task_command.py:426} INFO - Running <TaskInstance: movie.get.data scheduled__2017-01-03T05:28:00+00:00 [running]> on host playdata.
[2024-08-02T17:16:36.187+0900] {taskinstance.py:2648} INFO - Exporting env vars: AIRFLOW_CTX_DAG_OWNER='airflow' AIRFLOW_CTX_DAG_ID='movie' AIRFLOW_CTX_TASK_ID='get.data' AIRFLOW_CTX_EXECUTION_DATE='2017-01-03T05:28:00+00:00' AIRFLOW_CTX_TRY_NUMBER='1' AIRFLOW_CTX_DAG_RUN_ID='scheduled__2017-01-03T05:28:00+00:00'
[2024-08-02T17:16:36.188+0900] {taskinstance.py:430} INFO - ::endgroup::
[2024-08-02T17:16:36.199+0900] {baseoperator.py:400} WARNING - PythonVirtualenvOperator.execute cannot be called outside TaskInstance!
[2024-08-02T17:16:36.199+0900] {process_utils.py:183} INFO - Executing cmd: /home/oddsummer/.pyenv/versions/3.11.9/envs/air/bin/python -m virtualenv /tmp/venvtaayjd_u --python=python
[2024-08-02T17:16:36.200+0900] {process_utils.py:187} INFO - Output:
[2024-08-02T17:16:36.613+0900] {process_utils.py:191} INFO - created virtual environment CPython3.11.9.final.0-64 in 296ms
[2024-08-02T17:16:36.613+0900] {process_utils.py:191} INFO -   creator CPython3Posix(dest=/tmp/venvtaayjd_u, clear=False, no_vcs_ignore=False, global=False)
[2024-08-02T17:16:36.613+0900] {process_utils.py:191} INFO -   seeder FromAppData(download=False, pip=bundle, setuptools=bundle, wheel=bundle, via=copy, app_data_dir=/home/oddsummer/.local/share/virtualenv)
[2024-08-02T17:16:36.613+0900] {process_utils.py:191} INFO -     added seed packages: pip==24.1.2, setuptools==70.2.0, wheel==0.43.0
[2024-08-02T17:16:36.614+0900] {process_utils.py:191} INFO -   activators BashActivator,CShellActivator,FishActivator,NushellActivator,PowerShellActivator,PythonActivator
[2024-08-02T17:16:36.641+0900] {process_utils.py:183} INFO - Executing cmd: /tmp/venvtaayjd_u/bin/pip install -r /tmp/venvtaayjd_u/requirements.txt
[2024-08-02T17:16:36.641+0900] {process_utils.py:187} INFO - Output:
[2024-08-02T17:16:37.830+0900] {process_utils.py:191} INFO - Collecting git+https://github.com/7-TRG/extract_trg.git@main (from -r /tmp/venvtaayjd_u/requirements.txt (line 1))
[2024-08-02T17:16:37.832+0900] {process_utils.py:191} INFO -   Cloning https://github.com/7-TRG/extract_trg.git (to revision main) to /tmp/pip-req-build-89g_nawh
[2024-08-02T17:16:37.835+0900] {process_utils.py:191} INFO -   Running command git clone --filter=blob:none --quiet https://github.com/7-TRG/extract_trg.git /tmp/pip-req-build-89g_nawh
[2024-08-02T17:16:39.436+0900] {process_utils.py:191} INFO -   Resolved https://github.com/7-TRG/extract_trg.git to commit 0712b3f1bbaeeeea58bf80749079a62c7e1bec3d
[2024-08-02T17:16:39.446+0900] {process_utils.py:191} INFO -   Installing build dependencies: started
[2024-08-02T17:16:41.572+0900] {process_utils.py:191} INFO -   Installing build dependencies: finished with status 'done'
[2024-08-02T17:16:41.574+0900] {process_utils.py:191} INFO -   Getting requirements to build wheel: started
[2024-08-02T17:16:41.858+0900] {process_utils.py:191} INFO -   Getting requirements to build wheel: finished with status 'done'
[2024-08-02T17:16:41.859+0900] {process_utils.py:191} INFO -   Preparing metadata (pyproject.toml): started
[2024-08-02T17:16:42.129+0900] {process_utils.py:191} INFO -   Preparing metadata (pyproject.toml): finished with status 'done'
[2024-08-02T17:16:42.132+0900] {process_utils.py:191} INFO - Building wheels for collected packages: extract_trg
[2024-08-02T17:16:42.136+0900] {process_utils.py:191} INFO -   Building wheel for extract_trg (pyproject.toml): started
[2024-08-02T17:16:42.423+0900] {process_utils.py:191} INFO -   Building wheel for extract_trg (pyproject.toml): finished with status 'done'
[2024-08-02T17:16:42.424+0900] {process_utils.py:191} INFO -   Created wheel for extract_trg: filename=extract_trg-0.1.0-py3-none-any.whl size=2219 sha256=52df8e882cd46d70567b0345a4082e6a6a6bc6bba1255e3dbf74f7241b9a8a70
[2024-08-02T17:16:42.424+0900] {process_utils.py:191} INFO -   Stored in directory: /tmp/pip-ephem-wheel-cache-wm98dldn/wheels/21/97/ea/e27bc4298590f1b8a2b9c46b60aefbe2e3076cf05f6bd5e464
[2024-08-02T17:16:42.426+0900] {process_utils.py:191} INFO - Successfully built extract_trg
[2024-08-02T17:16:42.436+0900] {process_utils.py:191} INFO - Installing collected packages: extract_trg
[2024-08-02T17:16:42.456+0900] {process_utils.py:191} INFO - Successfully installed extract_trg-0.1.0
[2024-08-02T17:16:42.464+0900] {process_utils.py:191} INFO - 
[2024-08-02T17:16:42.464+0900] {process_utils.py:191} INFO - [notice] A new release of pip is available: 24.1.2 -> 24.2
[2024-08-02T17:16:42.464+0900] {process_utils.py:191} INFO - [notice] To update, run: python -m pip install --upgrade pip
[2024-08-02T17:16:42.571+0900] {process_utils.py:183} INFO - Executing cmd: /tmp/venvtaayjd_u/bin/python /tmp/venv-callqq31c_y1/script.py /tmp/venv-callqq31c_y1/script.in /tmp/venv-callqq31c_y1/script.out /tmp/venv-callqq31c_y1/string_args.txt /tmp/venv-callqq31c_y1/termination.log
[2024-08-02T17:16:42.572+0900] {process_utils.py:187} INFO - Output:
[2024-08-02T17:16:42.593+0900] {process_utils.py:191} INFO - 
[2024-08-02T17:16:42.593+0900] {process_utils.py:191} INFO - ---------------======---::::::------+--=======++++++++++===--:...::-=--==============--:.....:-=====
[2024-08-02T17:16:42.593+0900] {process_utils.py:191} INFO - ----::---------------------===--::--+-----=============++++++===---:....--===============--:...:-===
[2024-08-02T17:16:42.593+0900] {process_utils.py:191} INFO - ----------------------------------=++----------------------=+===========-::.:-======================
[2024-08-02T17:16:42.594+0900] {process_utils.py:191} INFO - =----------------------------------==-----------------------=-----==============================+=--
[2024-08-02T17:16:42.594+0900] {process_utils.py:191} INFO - %%####=----------------------------==----------------------=-::::-----======+*%#++================::
[2024-08-02T17:16:42.594+0900] {process_utils.py:191} INFO - %%%%%#=----------------------------=-:---------------------=--==--------=====*#*=================-::
[2024-08-02T17:16:42.594+0900] {process_utils.py:191} INFO - @@%%%*-----------------+***++=-----=-::-------------------:+---------=====+++====================-::
[2024-08-02T17:16:42.594+0900] {process_utils.py:191} INFO - @@%%%*---------------#%%%%##%%#=---=-+##*#+----------------=------------=====+====-=--===========-::
[2024-08-02T17:16:42.594+0900] {process_utils.py:191} INFO - @@@%%+--=+*%%%+-----+%@@%#++%%%#=--=*%+===#+::----------::=-----------=+*##*++=-----------=======-::
[2024-08-02T17:16:42.595+0900] {process_utils.py:191} INFO - +++++=-+#+***#*=-----#*++**+#@@@*--+#+**+***-:=-:---=*+-::=-----==+++*######%%%#=-------------==-:::
[2024-08-02T17:16:42.595+0900] {process_utils.py:191} INFO - *******-:::-*=-------+===+=-=+#%%:-=++++=+==-:=-:::=%%#-::###=-*#%%%%%%%%%%%%%%%%+---------------:::
[2024-08-02T17:16:42.595+0900] {process_utils.py:191} INFO - =====+=:--::+---+--+**++++*+++#%*-=--**++++-:=++=::+#*-::=%%%#*#%%%%%%%%@@%%%%@@%%#====------+#%%=-*
[2024-08-02T17:16:42.595+0900] {process_utils.py:191} INFO - =-==++---=+==*#%%%%%%=*++++++++==-=-*##*+=##**++=--++-:--*=-=*#%%%@%###*###*+++*%%%*=============-#%
[2024-08-02T17:16:42.595+0900] {process_utils.py:191} INFO - +-=------=*%%%%@%@@@@***=+*#+*##*#%%@@**++%@%%%%*+=--=-=+-:--:#%@@%#*****###*+---+*++#**===---=++*%@
[2024-08-02T17:16:42.595+0900] {process_utils.py:191} INFO - --==-::-*%%%@@@@@@@%#*=-+++%@%##%%@@@@@%#%@@@%%@%%%*=--=#%####-%@%%####++++++=---==++*####*+++*%@%@@
[2024-08-02T17:16:42.595+0900] {process_utils.py:191} INFO - -=*+=-=#@@@@@@@@@#*+++++*@@@@@@@@@@@@@@@@@@@@@@@@@@@#+==-+*+#=:-+#%##**==++**+++=====+*###*+**#@%##%
[2024-08-02T17:16:42.595+0900] {process_utils.py:191} INFO - -=++-+%%@%@@@@%+=-++***#@@@@@@@@@@@@%:+@@*%+=%@@@@@@%%#%%#*=+--:-=#++**%#*+=+++++===+**####=*%%%%%%%
[2024-08-02T17:16:42.596+0900] {process_utils.py:191} INFO - -=++#%%####+-:---=*%%@@%#######**++++=+++++++++%%=+%@@%##*+==-=++=+*****##*===+++++==*#####*+#%%##%%
[2024-08-02T17:16:42.596+0900] {process_utils.py:191} INFO - -=*+=---==+=-::::-*@@@%+=======++++++++++++++*#%#**%%%*==-+*=--+==*****#**+=====+++++=***+++=+==::::
[2024-08-02T17:16:42.596+0900] {process_utils.py:191} INFO - =#*=++++++*###**==*@@@%=======++++++++*@@@@@@@@%%#####-:=+----==******##****+++++***==-=+=:::.::::::
[2024-08-02T17:16:42.596+0900] {process_utils.py:191} INFO - #%*+*++++**##*###*+#@@#=========++++==*%%%%%%%%######*=-----==+*********##########*+====::::::::::::
[2024-08-02T17:16:42.596+0900] {process_utils.py:191} INFO - ++++*#%%@%*##*##***%@@*===============+%##%%######%%%%*==-===+*********+=+*#######*++++-:::--::-----
[2024-08-02T17:16:42.596+0900] {process_utils.py:191} INFO - ===+*#%@@%*##**#**+=--================+%%#%%###%#%%%%%#======*#######*-:-++*####*****++:------------
[2024-08-02T17:16:42.596+0900] {process_utils.py:191} INFO - =+=------=##**##**+=--================+%%#%%###%%#%%%%%+=====+###**++==----:-*####****=------==-====
[2024-08-02T17:16:42.596+0900] {process_utils.py:191} INFO - 
[2024-08-02T17:16:42.618+0900] {python.py:237} INFO - Done. Returned value was: None
[2024-08-02T17:16:42.618+0900] {taskinstance.py:441} INFO - ::group::Post task execution logs
[2024-08-02T17:16:42.624+0900] {taskinstance.py:1206} INFO - Marking task as SUCCESS. dag_id=movie, task_id=get.data, run_id=scheduled__2017-01-03T05:28:00+00:00, execution_date=20170103T052800, start_date=20240802T081636, end_date=20240802T081642
[2024-08-02T17:16:42.701+0900] {local_task_job_runner.py:243} INFO - Task exited with return code 0
[2024-08-02T17:16:42.721+0900] {taskinstance.py:3503} INFO - 0 downstream tasks scheduled from follow-on schedule check
[2024-08-02T17:16:42.722+0900] {local_task_job_runner.py:222} INFO - ::endgroup::
