[2024-08-02T17:18:56.305+0900] {local_task_job_runner.py:120} INFO - ::group::Pre task execution logs
[2024-08-02T17:18:56.327+0900] {taskinstance.py:2076} INFO - Dependencies all met for dep_context=non-requeueable deps ti=<TaskInstance: movie.get.data scheduled__2017-01-03T05:40:00+00:00 [queued]>
[2024-08-02T17:18:56.333+0900] {taskinstance.py:2076} INFO - Dependencies all met for dep_context=requeueable deps ti=<TaskInstance: movie.get.data scheduled__2017-01-03T05:40:00+00:00 [queued]>
[2024-08-02T17:18:56.334+0900] {taskinstance.py:2306} INFO - Starting attempt 1 of 3
[2024-08-02T17:18:56.350+0900] {taskinstance.py:2330} INFO - Executing <Task(PythonVirtualenvOperator): get.data> on 2017-01-03 05:40:00+00:00
[2024-08-02T17:18:56.352+0900] {standard_task_runner.py:64} INFO - Started process 160691 to run task
[2024-08-02T17:18:56.355+0900] {standard_task_runner.py:90} INFO - Running: ['airflow', 'tasks', 'run', 'movie', 'get.data', 'scheduled__2017-01-03T05:40:00+00:00', '--job-id', '171', '--raw', '--subdir', 'DAGS_FOLDER/movie.py', '--cfg-path', '/tmp/tmpipb_r8b0']
[2024-08-02T17:18:56.357+0900] {standard_task_runner.py:91} INFO - Job 171: Subtask get.data
[2024-08-02T17:18:56.394+0900] {task_command.py:426} INFO - Running <TaskInstance: movie.get.data scheduled__2017-01-03T05:40:00+00:00 [running]> on host playdata.
[2024-08-02T17:18:56.462+0900] {taskinstance.py:2648} INFO - Exporting env vars: AIRFLOW_CTX_DAG_OWNER='airflow' AIRFLOW_CTX_DAG_ID='movie' AIRFLOW_CTX_TASK_ID='get.data' AIRFLOW_CTX_EXECUTION_DATE='2017-01-03T05:40:00+00:00' AIRFLOW_CTX_TRY_NUMBER='1' AIRFLOW_CTX_DAG_RUN_ID='scheduled__2017-01-03T05:40:00+00:00'
[2024-08-02T17:18:56.463+0900] {taskinstance.py:430} INFO - ::endgroup::
[2024-08-02T17:18:56.473+0900] {baseoperator.py:400} WARNING - PythonVirtualenvOperator.execute cannot be called outside TaskInstance!
[2024-08-02T17:18:56.474+0900] {process_utils.py:183} INFO - Executing cmd: /home/oddsummer/.pyenv/versions/3.11.9/envs/air/bin/python -m virtualenv /tmp/venv_vxjik41 --python=python
[2024-08-02T17:18:56.475+0900] {process_utils.py:187} INFO - Output:
[2024-08-02T17:18:56.833+0900] {process_utils.py:191} INFO - created virtual environment CPython3.11.9.final.0-64 in 244ms
[2024-08-02T17:18:56.833+0900] {process_utils.py:191} INFO -   creator CPython3Posix(dest=/tmp/venv_vxjik41, clear=False, no_vcs_ignore=False, global=False)
[2024-08-02T17:18:56.834+0900] {process_utils.py:191} INFO -   seeder FromAppData(download=False, pip=bundle, setuptools=bundle, wheel=bundle, via=copy, app_data_dir=/home/oddsummer/.local/share/virtualenv)
[2024-08-02T17:18:56.834+0900] {process_utils.py:191} INFO -     added seed packages: pip==24.1.2, setuptools==70.2.0, wheel==0.43.0
[2024-08-02T17:18:56.834+0900] {process_utils.py:191} INFO -   activators BashActivator,CShellActivator,FishActivator,NushellActivator,PowerShellActivator,PythonActivator
[2024-08-02T17:18:56.857+0900] {process_utils.py:183} INFO - Executing cmd: /tmp/venv_vxjik41/bin/pip install -r /tmp/venv_vxjik41/requirements.txt
[2024-08-02T17:18:56.858+0900] {process_utils.py:187} INFO - Output:
[2024-08-02T17:18:57.820+0900] {process_utils.py:191} INFO - Collecting git+https://github.com/7-TRG/extract_trg.git@main (from -r /tmp/venv_vxjik41/requirements.txt (line 1))
[2024-08-02T17:18:57.821+0900] {process_utils.py:191} INFO -   Cloning https://github.com/7-TRG/extract_trg.git (to revision main) to /tmp/pip-req-build-zwnbtpcn
[2024-08-02T17:18:57.823+0900] {process_utils.py:191} INFO -   Running command git clone --filter=blob:none --quiet https://github.com/7-TRG/extract_trg.git /tmp/pip-req-build-zwnbtpcn
[2024-08-02T17:18:59.511+0900] {process_utils.py:191} INFO -   Resolved https://github.com/7-TRG/extract_trg.git to commit 0712b3f1bbaeeeea58bf80749079a62c7e1bec3d
[2024-08-02T17:18:59.516+0900] {process_utils.py:191} INFO -   Installing build dependencies: started
[2024-08-02T17:19:01.418+0900] {process_utils.py:191} INFO -   Installing build dependencies: finished with status 'done'
[2024-08-02T17:19:01.419+0900] {process_utils.py:191} INFO -   Getting requirements to build wheel: started
[2024-08-02T17:19:01.667+0900] {process_utils.py:191} INFO -   Getting requirements to build wheel: finished with status 'done'
[2024-08-02T17:19:01.669+0900] {process_utils.py:191} INFO -   Preparing metadata (pyproject.toml): started
[2024-08-02T17:19:01.921+0900] {process_utils.py:191} INFO -   Preparing metadata (pyproject.toml): finished with status 'done'
[2024-08-02T17:19:01.923+0900] {process_utils.py:191} INFO - Building wheels for collected packages: extract_trg
[2024-08-02T17:19:01.927+0900] {process_utils.py:191} INFO -   Building wheel for extract_trg (pyproject.toml): started
[2024-08-02T17:19:02.188+0900] {process_utils.py:191} INFO -   Building wheel for extract_trg (pyproject.toml): finished with status 'done'
[2024-08-02T17:19:02.189+0900] {process_utils.py:191} INFO -   Created wheel for extract_trg: filename=extract_trg-0.1.0-py3-none-any.whl size=2219 sha256=9b9b16f898eee91127def326ecb5c85e7fd4cd9bf64131ad2b435f3f076bf225
[2024-08-02T17:19:02.190+0900] {process_utils.py:191} INFO -   Stored in directory: /tmp/pip-ephem-wheel-cache-r77r48qp/wheels/21/97/ea/e27bc4298590f1b8a2b9c46b60aefbe2e3076cf05f6bd5e464
[2024-08-02T17:19:02.192+0900] {process_utils.py:191} INFO - Successfully built extract_trg
[2024-08-02T17:19:02.201+0900] {process_utils.py:191} INFO - Installing collected packages: extract_trg
[2024-08-02T17:19:02.222+0900] {process_utils.py:191} INFO - Successfully installed extract_trg-0.1.0
[2024-08-02T17:19:02.228+0900] {process_utils.py:191} INFO - 
[2024-08-02T17:19:02.228+0900] {process_utils.py:191} INFO - [notice] A new release of pip is available: 24.1.2 -> 24.2
[2024-08-02T17:19:02.228+0900] {process_utils.py:191} INFO - [notice] To update, run: python -m pip install --upgrade pip
[2024-08-02T17:19:02.328+0900] {process_utils.py:183} INFO - Executing cmd: /tmp/venv_vxjik41/bin/python /tmp/venv-call08x6u5ur/script.py /tmp/venv-call08x6u5ur/script.in /tmp/venv-call08x6u5ur/script.out /tmp/venv-call08x6u5ur/string_args.txt /tmp/venv-call08x6u5ur/termination.log
[2024-08-02T17:19:02.328+0900] {process_utils.py:187} INFO - Output:
[2024-08-02T17:19:02.348+0900] {process_utils.py:191} INFO - 
[2024-08-02T17:19:02.348+0900] {process_utils.py:191} INFO - ---------------======---::::::------+--=======++++++++++===--:...::-=--==============--:.....:-=====
[2024-08-02T17:19:02.348+0900] {process_utils.py:191} INFO - ----::---------------------===--::--+-----=============++++++===---:....--===============--:...:-===
[2024-08-02T17:19:02.349+0900] {process_utils.py:191} INFO - ----------------------------------=++----------------------=+===========-::.:-======================
[2024-08-02T17:19:02.349+0900] {process_utils.py:191} INFO - =----------------------------------==-----------------------=-----==============================+=--
[2024-08-02T17:19:02.349+0900] {process_utils.py:191} INFO - %%####=----------------------------==----------------------=-::::-----======+*%#++================::
[2024-08-02T17:19:02.349+0900] {process_utils.py:191} INFO - %%%%%#=----------------------------=-:---------------------=--==--------=====*#*=================-::
[2024-08-02T17:19:02.349+0900] {process_utils.py:191} INFO - @@%%%*-----------------+***++=-----=-::-------------------:+---------=====+++====================-::
[2024-08-02T17:19:02.349+0900] {process_utils.py:191} INFO - @@%%%*---------------#%%%%##%%#=---=-+##*#+----------------=------------=====+====-=--===========-::
[2024-08-02T17:19:02.350+0900] {process_utils.py:191} INFO - @@@%%+--=+*%%%+-----+%@@%#++%%%#=--=*%+===#+::----------::=-----------=+*##*++=-----------=======-::
[2024-08-02T17:19:02.350+0900] {process_utils.py:191} INFO - +++++=-+#+***#*=-----#*++**+#@@@*--+#+**+***-:=-:---=*+-::=-----==+++*######%%%#=-------------==-:::
[2024-08-02T17:19:02.350+0900] {process_utils.py:191} INFO - *******-:::-*=-------+===+=-=+#%%:-=++++=+==-:=-:::=%%#-::###=-*#%%%%%%%%%%%%%%%%+---------------:::
[2024-08-02T17:19:02.350+0900] {process_utils.py:191} INFO - =====+=:--::+---+--+**++++*+++#%*-=--**++++-:=++=::+#*-::=%%%#*#%%%%%%%%@@%%%%@@%%#====------+#%%=-*
[2024-08-02T17:19:02.350+0900] {process_utils.py:191} INFO - =-==++---=+==*#%%%%%%=*++++++++==-=-*##*+=##**++=--++-:--*=-=*#%%%@%###*###*+++*%%%*=============-#%
[2024-08-02T17:19:02.350+0900] {process_utils.py:191} INFO - +-=------=*%%%%@%@@@@***=+*#+*##*#%%@@**++%@%%%%*+=--=-=+-:--:#%@@%#*****###*+---+*++#**===---=++*%@
[2024-08-02T17:19:02.350+0900] {process_utils.py:191} INFO - --==-::-*%%%@@@@@@@%#*=-+++%@%##%%@@@@@%#%@@@%%@%%%*=--=#%####-%@%%####++++++=---==++*####*+++*%@%@@
[2024-08-02T17:19:02.351+0900] {process_utils.py:191} INFO - -=*+=-=#@@@@@@@@@#*+++++*@@@@@@@@@@@@@@@@@@@@@@@@@@@#+==-+*+#=:-+#%##**==++**+++=====+*###*+**#@%##%
[2024-08-02T17:19:02.351+0900] {process_utils.py:191} INFO - -=++-+%%@%@@@@%+=-++***#@@@@@@@@@@@@%:+@@*%+=%@@@@@@%%#%%#*=+--:-=#++**%#*+=+++++===+**####=*%%%%%%%
[2024-08-02T17:19:02.351+0900] {process_utils.py:191} INFO - -=++#%%####+-:---=*%%@@%#######**++++=+++++++++%%=+%@@%##*+==-=++=+*****##*===+++++==*#####*+#%%##%%
[2024-08-02T17:19:02.351+0900] {process_utils.py:191} INFO - -=*+=---==+=-::::-*@@@%+=======++++++++++++++*#%#**%%%*==-+*=--+==*****#**+=====+++++=***+++=+==::::
[2024-08-02T17:19:02.351+0900] {process_utils.py:191} INFO - =#*=++++++*###**==*@@@%=======++++++++*@@@@@@@@%%#####-:=+----==******##****+++++***==-=+=:::.::::::
[2024-08-02T17:19:02.351+0900] {process_utils.py:191} INFO - #%*+*++++**##*###*+#@@#=========++++==*%%%%%%%%######*=-----==+*********##########*+====::::::::::::
[2024-08-02T17:19:02.351+0900] {process_utils.py:191} INFO - ++++*#%%@%*##*##***%@@*===============+%##%%######%%%%*==-===+*********+=+*#######*++++-:::--::-----
[2024-08-02T17:19:02.352+0900] {process_utils.py:191} INFO - ===+*#%@@%*##**#**+=--================+%%#%%###%#%%%%%#======*#######*-:-++*####*****++:------------
[2024-08-02T17:19:02.352+0900] {process_utils.py:191} INFO - =+=------=##**##**+=--================+%%#%%###%%#%%%%%+=====+###**++==----:-*####****=------==-====
[2024-08-02T17:19:02.352+0900] {process_utils.py:191} INFO - 
[2024-08-02T17:19:02.381+0900] {python.py:237} INFO - Done. Returned value was: None
[2024-08-02T17:19:02.382+0900] {taskinstance.py:441} INFO - ::group::Post task execution logs
[2024-08-02T17:19:02.386+0900] {taskinstance.py:1206} INFO - Marking task as SUCCESS. dag_id=movie, task_id=get.data, run_id=scheduled__2017-01-03T05:40:00+00:00, execution_date=20170103T054000, start_date=20240802T081856, end_date=20240802T081902
[2024-08-02T17:19:02.445+0900] {local_task_job_runner.py:243} INFO - Task exited with return code 0
[2024-08-02T17:19:02.456+0900] {taskinstance.py:3503} INFO - 0 downstream tasks scheduled from follow-on schedule check
[2024-08-02T17:19:02.457+0900] {local_task_job_runner.py:222} INFO - ::endgroup::
