[2024-08-02T17:10:08.696+0900] {local_task_job_runner.py:120} INFO - ::group::Pre task execution logs
[2024-08-02T17:10:08.722+0900] {taskinstance.py:2076} INFO - Dependencies all met for dep_context=non-requeueable deps ti=<TaskInstance: movie.get.data scheduled__2017-01-02T05:55:00+00:00 [queued]>
[2024-08-02T17:10:08.729+0900] {taskinstance.py:2076} INFO - Dependencies all met for dep_context=requeueable deps ti=<TaskInstance: movie.get.data scheduled__2017-01-02T05:55:00+00:00 [queued]>
[2024-08-02T17:10:08.729+0900] {taskinstance.py:2306} INFO - Starting attempt 1 of 3
[2024-08-02T17:10:08.746+0900] {taskinstance.py:2330} INFO - Executing <Task(PythonVirtualenvOperator): get.data> on 2017-01-02 05:55:00+00:00
[2024-08-02T17:10:08.748+0900] {standard_task_runner.py:64} INFO - Started process 155509 to run task
[2024-08-02T17:10:08.753+0900] {standard_task_runner.py:90} INFO - Running: ['airflow', 'tasks', 'run', 'movie', 'get.data', 'scheduled__2017-01-02T05:55:00+00:00', '--job-id', '126', '--raw', '--subdir', 'DAGS_FOLDER/movie.py', '--cfg-path', '/tmp/tmp11y_lim2']
[2024-08-02T17:10:08.754+0900] {standard_task_runner.py:91} INFO - Job 126: Subtask get.data
[2024-08-02T17:10:08.796+0900] {task_command.py:426} INFO - Running <TaskInstance: movie.get.data scheduled__2017-01-02T05:55:00+00:00 [running]> on host playdata.
[2024-08-02T17:10:08.877+0900] {taskinstance.py:2648} INFO - Exporting env vars: AIRFLOW_CTX_DAG_OWNER='airflow' AIRFLOW_CTX_DAG_ID='movie' AIRFLOW_CTX_TASK_ID='get.data' AIRFLOW_CTX_EXECUTION_DATE='2017-01-02T05:55:00+00:00' AIRFLOW_CTX_TRY_NUMBER='1' AIRFLOW_CTX_DAG_RUN_ID='scheduled__2017-01-02T05:55:00+00:00'
[2024-08-02T17:10:08.877+0900] {taskinstance.py:430} INFO - ::endgroup::
[2024-08-02T17:10:08.891+0900] {baseoperator.py:400} WARNING - PythonVirtualenvOperator.execute cannot be called outside TaskInstance!
[2024-08-02T17:10:08.891+0900] {process_utils.py:183} INFO - Executing cmd: /home/oddsummer/.pyenv/versions/3.11.9/envs/air/bin/python -m virtualenv /tmp/venvp66ka0al --python=python
[2024-08-02T17:10:08.892+0900] {process_utils.py:187} INFO - Output:
[2024-08-02T17:10:09.314+0900] {process_utils.py:191} INFO - created virtual environment CPython3.11.9.final.0-64 in 300ms
[2024-08-02T17:10:09.314+0900] {process_utils.py:191} INFO -   creator CPython3Posix(dest=/tmp/venvp66ka0al, clear=False, no_vcs_ignore=False, global=False)
[2024-08-02T17:10:09.315+0900] {process_utils.py:191} INFO -   seeder FromAppData(download=False, pip=bundle, setuptools=bundle, wheel=bundle, via=copy, app_data_dir=/home/oddsummer/.local/share/virtualenv)
[2024-08-02T17:10:09.315+0900] {process_utils.py:191} INFO -     added seed packages: pip==24.1.2, setuptools==70.2.0, wheel==0.43.0
[2024-08-02T17:10:09.315+0900] {process_utils.py:191} INFO -   activators BashActivator,CShellActivator,FishActivator,NushellActivator,PowerShellActivator,PythonActivator
[2024-08-02T17:10:09.340+0900] {process_utils.py:183} INFO - Executing cmd: /tmp/venvp66ka0al/bin/pip install -r /tmp/venvp66ka0al/requirements.txt
[2024-08-02T17:10:09.340+0900] {process_utils.py:187} INFO - Output:
[2024-08-02T17:10:10.672+0900] {process_utils.py:191} INFO - Collecting git+https://github.com/7-TRG/extract_trg.git@main (from -r /tmp/venvp66ka0al/requirements.txt (line 1))
[2024-08-02T17:10:10.672+0900] {process_utils.py:191} INFO -   Cloning https://github.com/7-TRG/extract_trg.git (to revision main) to /tmp/pip-req-build-2iqj3fq0
[2024-08-02T17:10:10.675+0900] {process_utils.py:191} INFO -   Running command git clone --filter=blob:none --quiet https://github.com/7-TRG/extract_trg.git /tmp/pip-req-build-2iqj3fq0
[2024-08-02T17:10:12.357+0900] {process_utils.py:191} INFO -   Resolved https://github.com/7-TRG/extract_trg.git to commit 0712b3f1bbaeeeea58bf80749079a62c7e1bec3d
[2024-08-02T17:10:12.364+0900] {process_utils.py:191} INFO -   Installing build dependencies: started
[2024-08-02T17:10:14.406+0900] {process_utils.py:191} INFO -   Installing build dependencies: finished with status 'done'
[2024-08-02T17:10:14.407+0900] {process_utils.py:191} INFO -   Getting requirements to build wheel: started
[2024-08-02T17:10:14.772+0900] {process_utils.py:191} INFO -   Getting requirements to build wheel: finished with status 'done'
[2024-08-02T17:10:14.773+0900] {process_utils.py:191} INFO -   Preparing metadata (pyproject.toml): started
[2024-08-02T17:10:15.165+0900] {process_utils.py:191} INFO -   Preparing metadata (pyproject.toml): finished with status 'done'
[2024-08-02T17:10:15.168+0900] {process_utils.py:191} INFO - Building wheels for collected packages: extract_trg
[2024-08-02T17:10:15.173+0900] {process_utils.py:191} INFO -   Building wheel for extract_trg (pyproject.toml): started
[2024-08-02T17:10:15.474+0900] {process_utils.py:191} INFO -   Building wheel for extract_trg (pyproject.toml): finished with status 'done'
[2024-08-02T17:10:15.476+0900] {process_utils.py:191} INFO -   Created wheel for extract_trg: filename=extract_trg-0.1.0-py3-none-any.whl size=2219 sha256=499a6a8505b2a7c84c2c355b1c22b0ebb1b63f3b944db82902dd6af77382efae
[2024-08-02T17:10:15.476+0900] {process_utils.py:191} INFO -   Stored in directory: /tmp/pip-ephem-wheel-cache-5d4n4ym4/wheels/21/97/ea/e27bc4298590f1b8a2b9c46b60aefbe2e3076cf05f6bd5e464
[2024-08-02T17:10:15.479+0900] {process_utils.py:191} INFO - Successfully built extract_trg
[2024-08-02T17:10:15.493+0900] {process_utils.py:191} INFO - Installing collected packages: extract_trg
[2024-08-02T17:10:15.513+0900] {process_utils.py:191} INFO - Successfully installed extract_trg-0.1.0
[2024-08-02T17:10:15.523+0900] {process_utils.py:191} INFO - 
[2024-08-02T17:10:15.524+0900] {process_utils.py:191} INFO - [notice] A new release of pip is available: 24.1.2 -> 24.2
[2024-08-02T17:10:15.524+0900] {process_utils.py:191} INFO - [notice] To update, run: python -m pip install --upgrade pip
[2024-08-02T17:10:15.627+0900] {process_utils.py:183} INFO - Executing cmd: /tmp/venvp66ka0al/bin/python /tmp/venv-callu8844e2i/script.py /tmp/venv-callu8844e2i/script.in /tmp/venv-callu8844e2i/script.out /tmp/venv-callu8844e2i/string_args.txt /tmp/venv-callu8844e2i/termination.log
[2024-08-02T17:10:15.628+0900] {process_utils.py:187} INFO - Output:
[2024-08-02T17:10:15.649+0900] {process_utils.py:191} INFO - 
[2024-08-02T17:10:15.649+0900] {process_utils.py:191} INFO - ---------------======---::::::------+--=======++++++++++===--:...::-=--==============--:.....:-=====
[2024-08-02T17:10:15.650+0900] {process_utils.py:191} INFO - ----::---------------------===--::--+-----=============++++++===---:....--===============--:...:-===
[2024-08-02T17:10:15.650+0900] {process_utils.py:191} INFO - ----------------------------------=++----------------------=+===========-::.:-======================
[2024-08-02T17:10:15.650+0900] {process_utils.py:191} INFO - =----------------------------------==-----------------------=-----==============================+=--
[2024-08-02T17:10:15.650+0900] {process_utils.py:191} INFO - %%####=----------------------------==----------------------=-::::-----======+*%#++================::
[2024-08-02T17:10:15.650+0900] {process_utils.py:191} INFO - %%%%%#=----------------------------=-:---------------------=--==--------=====*#*=================-::
[2024-08-02T17:10:15.650+0900] {process_utils.py:191} INFO - @@%%%*-----------------+***++=-----=-::-------------------:+---------=====+++====================-::
[2024-08-02T17:10:15.650+0900] {process_utils.py:191} INFO - @@%%%*---------------#%%%%##%%#=---=-+##*#+----------------=------------=====+====-=--===========-::
[2024-08-02T17:10:15.651+0900] {process_utils.py:191} INFO - @@@%%+--=+*%%%+-----+%@@%#++%%%#=--=*%+===#+::----------::=-----------=+*##*++=-----------=======-::
[2024-08-02T17:10:15.651+0900] {process_utils.py:191} INFO - +++++=-+#+***#*=-----#*++**+#@@@*--+#+**+***-:=-:---=*+-::=-----==+++*######%%%#=-------------==-:::
[2024-08-02T17:10:15.651+0900] {process_utils.py:191} INFO - *******-:::-*=-------+===+=-=+#%%:-=++++=+==-:=-:::=%%#-::###=-*#%%%%%%%%%%%%%%%%+---------------:::
[2024-08-02T17:10:15.651+0900] {process_utils.py:191} INFO - =====+=:--::+---+--+**++++*+++#%*-=--**++++-:=++=::+#*-::=%%%#*#%%%%%%%%@@%%%%@@%%#====------+#%%=-*
[2024-08-02T17:10:15.651+0900] {process_utils.py:191} INFO - =-==++---=+==*#%%%%%%=*++++++++==-=-*##*+=##**++=--++-:--*=-=*#%%%@%###*###*+++*%%%*=============-#%
[2024-08-02T17:10:15.651+0900] {process_utils.py:191} INFO - +-=------=*%%%%@%@@@@***=+*#+*##*#%%@@**++%@%%%%*+=--=-=+-:--:#%@@%#*****###*+---+*++#**===---=++*%@
[2024-08-02T17:10:15.651+0900] {process_utils.py:191} INFO - --==-::-*%%%@@@@@@@%#*=-+++%@%##%%@@@@@%#%@@@%%@%%%*=--=#%####-%@%%####++++++=---==++*####*+++*%@%@@
[2024-08-02T17:10:15.652+0900] {process_utils.py:191} INFO - -=*+=-=#@@@@@@@@@#*+++++*@@@@@@@@@@@@@@@@@@@@@@@@@@@#+==-+*+#=:-+#%##**==++**+++=====+*###*+**#@%##%
[2024-08-02T17:10:15.652+0900] {process_utils.py:191} INFO - -=++-+%%@%@@@@%+=-++***#@@@@@@@@@@@@%:+@@*%+=%@@@@@@%%#%%#*=+--:-=#++**%#*+=+++++===+**####=*%%%%%%%
[2024-08-02T17:10:15.652+0900] {process_utils.py:191} INFO - -=++#%%####+-:---=*%%@@%#######**++++=+++++++++%%=+%@@%##*+==-=++=+*****##*===+++++==*#####*+#%%##%%
[2024-08-02T17:10:15.652+0900] {process_utils.py:191} INFO - -=*+=---==+=-::::-*@@@%+=======++++++++++++++*#%#**%%%*==-+*=--+==*****#**+=====+++++=***+++=+==::::
[2024-08-02T17:10:15.652+0900] {process_utils.py:191} INFO - =#*=++++++*###**==*@@@%=======++++++++*@@@@@@@@%%#####-:=+----==******##****+++++***==-=+=:::.::::::
[2024-08-02T17:10:15.652+0900] {process_utils.py:191} INFO - #%*+*++++**##*###*+#@@#=========++++==*%%%%%%%%######*=-----==+*********##########*+====::::::::::::
[2024-08-02T17:10:15.652+0900] {process_utils.py:191} INFO - ++++*#%%@%*##*##***%@@*===============+%##%%######%%%%*==-===+*********+=+*#######*++++-:::--::-----
[2024-08-02T17:10:15.653+0900] {process_utils.py:191} INFO - ===+*#%@@%*##**#**+=--================+%%#%%###%#%%%%%#======*#######*-:-++*####*****++:------------
[2024-08-02T17:10:15.653+0900] {process_utils.py:191} INFO - =+=------=##**##**+=--================+%%#%%###%%#%%%%%+=====+###**++==----:-*####****=------==-====
[2024-08-02T17:10:15.653+0900] {process_utils.py:191} INFO - 
[2024-08-02T17:10:15.676+0900] {python.py:237} INFO - Done. Returned value was: None
[2024-08-02T17:10:15.677+0900] {taskinstance.py:441} INFO - ::group::Post task execution logs
[2024-08-02T17:10:15.682+0900] {taskinstance.py:1206} INFO - Marking task as SUCCESS. dag_id=movie, task_id=get.data, run_id=scheduled__2017-01-02T05:55:00+00:00, execution_date=20170102T055500, start_date=20240802T081008, end_date=20240802T081015
[2024-08-02T17:10:15.747+0900] {local_task_job_runner.py:243} INFO - Task exited with return code 0
[2024-08-02T17:10:15.765+0900] {taskinstance.py:3503} INFO - 0 downstream tasks scheduled from follow-on schedule check
[2024-08-02T17:10:15.766+0900] {local_task_job_runner.py:222} INFO - ::endgroup::
