[2024-08-02T17:06:15.103+0900] {local_task_job_runner.py:120} INFO - ::group::Pre task execution logs
[2024-08-02T17:06:15.122+0900] {taskinstance.py:2076} INFO - Dependencies all met for dep_context=non-requeueable deps ti=<TaskInstance: movie.get.data scheduled__2017-01-02T05:35:00+00:00 [queued]>
[2024-08-02T17:06:15.129+0900] {taskinstance.py:2076} INFO - Dependencies all met for dep_context=requeueable deps ti=<TaskInstance: movie.get.data scheduled__2017-01-02T05:35:00+00:00 [queued]>
[2024-08-02T17:06:15.129+0900] {taskinstance.py:2306} INFO - Starting attempt 1 of 3
[2024-08-02T17:06:15.146+0900] {taskinstance.py:2330} INFO - Executing <Task(PythonVirtualenvOperator): get.data> on 2017-01-02 05:35:00+00:00
[2024-08-02T17:06:15.149+0900] {standard_task_runner.py:64} INFO - Started process 153810 to run task
[2024-08-02T17:06:15.153+0900] {standard_task_runner.py:90} INFO - Running: ['airflow', 'tasks', 'run', 'movie', 'get.data', 'scheduled__2017-01-02T05:35:00+00:00', '--job-id', '106', '--raw', '--subdir', 'DAGS_FOLDER/movie.py', '--cfg-path', '/tmp/tmpbhcj4w21']
[2024-08-02T17:06:15.154+0900] {standard_task_runner.py:91} INFO - Job 106: Subtask get.data
[2024-08-02T17:06:15.192+0900] {task_command.py:426} INFO - Running <TaskInstance: movie.get.data scheduled__2017-01-02T05:35:00+00:00 [running]> on host playdata.
[2024-08-02T17:06:15.270+0900] {taskinstance.py:2648} INFO - Exporting env vars: AIRFLOW_CTX_DAG_OWNER='airflow' AIRFLOW_CTX_DAG_ID='movie' AIRFLOW_CTX_TASK_ID='get.data' AIRFLOW_CTX_EXECUTION_DATE='2017-01-02T05:35:00+00:00' AIRFLOW_CTX_TRY_NUMBER='1' AIRFLOW_CTX_DAG_RUN_ID='scheduled__2017-01-02T05:35:00+00:00'
[2024-08-02T17:06:15.271+0900] {taskinstance.py:430} INFO - ::endgroup::
[2024-08-02T17:06:15.281+0900] {baseoperator.py:400} WARNING - PythonVirtualenvOperator.execute cannot be called outside TaskInstance!
[2024-08-02T17:06:15.282+0900] {process_utils.py:183} INFO - Executing cmd: /home/oddsummer/.pyenv/versions/3.11.9/envs/air/bin/python -m virtualenv /tmp/venv57wg0_h0 --python=python
[2024-08-02T17:06:15.282+0900] {process_utils.py:187} INFO - Output:
[2024-08-02T17:06:15.636+0900] {process_utils.py:191} INFO - created virtual environment CPython3.11.9.final.0-64 in 245ms
[2024-08-02T17:06:15.636+0900] {process_utils.py:191} INFO -   creator CPython3Posix(dest=/tmp/venv57wg0_h0, clear=False, no_vcs_ignore=False, global=False)
[2024-08-02T17:06:15.637+0900] {process_utils.py:191} INFO -   seeder FromAppData(download=False, pip=bundle, setuptools=bundle, wheel=bundle, via=copy, app_data_dir=/home/oddsummer/.local/share/virtualenv)
[2024-08-02T17:06:15.637+0900] {process_utils.py:191} INFO -     added seed packages: pip==24.1.2, setuptools==70.2.0, wheel==0.43.0
[2024-08-02T17:06:15.638+0900] {process_utils.py:191} INFO -   activators BashActivator,CShellActivator,FishActivator,NushellActivator,PowerShellActivator,PythonActivator
[2024-08-02T17:06:15.675+0900] {process_utils.py:183} INFO - Executing cmd: /tmp/venv57wg0_h0/bin/pip install -r /tmp/venv57wg0_h0/requirements.txt
[2024-08-02T17:06:15.676+0900] {process_utils.py:187} INFO - Output:
[2024-08-02T17:06:17.006+0900] {process_utils.py:191} INFO - Collecting git+https://github.com/7-TRG/extract_trg.git@main (from -r /tmp/venv57wg0_h0/requirements.txt (line 1))
[2024-08-02T17:06:17.007+0900] {process_utils.py:191} INFO -   Cloning https://github.com/7-TRG/extract_trg.git (to revision main) to /tmp/pip-req-build-7d83bc7i
[2024-08-02T17:06:17.011+0900] {process_utils.py:191} INFO -   Running command git clone --filter=blob:none --quiet https://github.com/7-TRG/extract_trg.git /tmp/pip-req-build-7d83bc7i
[2024-08-02T17:06:18.778+0900] {process_utils.py:191} INFO -   Resolved https://github.com/7-TRG/extract_trg.git to commit 0712b3f1bbaeeeea58bf80749079a62c7e1bec3d
[2024-08-02T17:06:18.784+0900] {process_utils.py:191} INFO -   Installing build dependencies: started
[2024-08-02T17:06:20.682+0900] {process_utils.py:191} INFO -   Installing build dependencies: finished with status 'done'
[2024-08-02T17:06:20.683+0900] {process_utils.py:191} INFO -   Getting requirements to build wheel: started
[2024-08-02T17:06:20.924+0900] {process_utils.py:191} INFO -   Getting requirements to build wheel: finished with status 'done'
[2024-08-02T17:06:20.925+0900] {process_utils.py:191} INFO -   Preparing metadata (pyproject.toml): started
[2024-08-02T17:06:21.149+0900] {process_utils.py:191} INFO -   Preparing metadata (pyproject.toml): finished with status 'done'
[2024-08-02T17:06:21.152+0900] {process_utils.py:191} INFO - Building wheels for collected packages: extract_trg
[2024-08-02T17:06:21.155+0900] {process_utils.py:191} INFO -   Building wheel for extract_trg (pyproject.toml): started
[2024-08-02T17:06:21.417+0900] {process_utils.py:191} INFO -   Building wheel for extract_trg (pyproject.toml): finished with status 'done'
[2024-08-02T17:06:21.418+0900] {process_utils.py:191} INFO -   Created wheel for extract_trg: filename=extract_trg-0.1.0-py3-none-any.whl size=2219 sha256=14afbafe4b76ac1fc7eaec634643d777d07decb04a7f629e1983ce6f0b4e8e57
[2024-08-02T17:06:21.418+0900] {process_utils.py:191} INFO -   Stored in directory: /tmp/pip-ephem-wheel-cache-un3f_xs1/wheels/21/97/ea/e27bc4298590f1b8a2b9c46b60aefbe2e3076cf05f6bd5e464
[2024-08-02T17:06:21.421+0900] {process_utils.py:191} INFO - Successfully built extract_trg
[2024-08-02T17:06:21.431+0900] {process_utils.py:191} INFO - Installing collected packages: extract_trg
[2024-08-02T17:06:21.444+0900] {process_utils.py:191} INFO - Successfully installed extract_trg-0.1.0
[2024-08-02T17:06:21.450+0900] {process_utils.py:191} INFO - 
[2024-08-02T17:06:21.451+0900] {process_utils.py:191} INFO - [notice] A new release of pip is available: 24.1.2 -> 24.2
[2024-08-02T17:06:21.451+0900] {process_utils.py:191} INFO - [notice] To update, run: python -m pip install --upgrade pip
[2024-08-02T17:06:21.545+0900] {process_utils.py:183} INFO - Executing cmd: /tmp/venv57wg0_h0/bin/python /tmp/venv-callgzhef9vs/script.py /tmp/venv-callgzhef9vs/script.in /tmp/venv-callgzhef9vs/script.out /tmp/venv-callgzhef9vs/string_args.txt /tmp/venv-callgzhef9vs/termination.log
[2024-08-02T17:06:21.545+0900] {process_utils.py:187} INFO - Output:
[2024-08-02T17:06:21.565+0900] {process_utils.py:191} INFO - 
[2024-08-02T17:06:21.565+0900] {process_utils.py:191} INFO - ---------------======---::::::------+--=======++++++++++===--:...::-=--==============--:.....:-=====
[2024-08-02T17:06:21.565+0900] {process_utils.py:191} INFO - ----::---------------------===--::--+-----=============++++++===---:....--===============--:...:-===
[2024-08-02T17:06:21.566+0900] {process_utils.py:191} INFO - ----------------------------------=++----------------------=+===========-::.:-======================
[2024-08-02T17:06:21.566+0900] {process_utils.py:191} INFO - =----------------------------------==-----------------------=-----==============================+=--
[2024-08-02T17:06:21.566+0900] {process_utils.py:191} INFO - %%####=----------------------------==----------------------=-::::-----======+*%#++================::
[2024-08-02T17:06:21.566+0900] {process_utils.py:191} INFO - %%%%%#=----------------------------=-:---------------------=--==--------=====*#*=================-::
[2024-08-02T17:06:21.567+0900] {process_utils.py:191} INFO - @@%%%*-----------------+***++=-----=-::-------------------:+---------=====+++====================-::
[2024-08-02T17:06:21.567+0900] {process_utils.py:191} INFO - @@%%%*---------------#%%%%##%%#=---=-+##*#+----------------=------------=====+====-=--===========-::
[2024-08-02T17:06:21.567+0900] {process_utils.py:191} INFO - @@@%%+--=+*%%%+-----+%@@%#++%%%#=--=*%+===#+::----------::=-----------=+*##*++=-----------=======-::
[2024-08-02T17:06:21.567+0900] {process_utils.py:191} INFO - +++++=-+#+***#*=-----#*++**+#@@@*--+#+**+***-:=-:---=*+-::=-----==+++*######%%%#=-------------==-:::
[2024-08-02T17:06:21.568+0900] {process_utils.py:191} INFO - *******-:::-*=-------+===+=-=+#%%:-=++++=+==-:=-:::=%%#-::###=-*#%%%%%%%%%%%%%%%%+---------------:::
[2024-08-02T17:06:21.568+0900] {process_utils.py:191} INFO - =====+=:--::+---+--+**++++*+++#%*-=--**++++-:=++=::+#*-::=%%%#*#%%%%%%%%@@%%%%@@%%#====------+#%%=-*
[2024-08-02T17:06:21.568+0900] {process_utils.py:191} INFO - =-==++---=+==*#%%%%%%=*++++++++==-=-*##*+=##**++=--++-:--*=-=*#%%%@%###*###*+++*%%%*=============-#%
[2024-08-02T17:06:21.568+0900] {process_utils.py:191} INFO - +-=------=*%%%%@%@@@@***=+*#+*##*#%%@@**++%@%%%%*+=--=-=+-:--:#%@@%#*****###*+---+*++#**===---=++*%@
[2024-08-02T17:06:21.568+0900] {process_utils.py:191} INFO - --==-::-*%%%@@@@@@@%#*=-+++%@%##%%@@@@@%#%@@@%%@%%%*=--=#%####-%@%%####++++++=---==++*####*+++*%@%@@
[2024-08-02T17:06:21.568+0900] {process_utils.py:191} INFO - -=*+=-=#@@@@@@@@@#*+++++*@@@@@@@@@@@@@@@@@@@@@@@@@@@#+==-+*+#=:-+#%##**==++**+++=====+*###*+**#@%##%
[2024-08-02T17:06:21.569+0900] {process_utils.py:191} INFO - -=++-+%%@%@@@@%+=-++***#@@@@@@@@@@@@%:+@@*%+=%@@@@@@%%#%%#*=+--:-=#++**%#*+=+++++===+**####=*%%%%%%%
[2024-08-02T17:06:21.569+0900] {process_utils.py:191} INFO - -=++#%%####+-:---=*%%@@%#######**++++=+++++++++%%=+%@@%##*+==-=++=+*****##*===+++++==*#####*+#%%##%%
[2024-08-02T17:06:21.569+0900] {process_utils.py:191} INFO - -=*+=---==+=-::::-*@@@%+=======++++++++++++++*#%#**%%%*==-+*=--+==*****#**+=====+++++=***+++=+==::::
[2024-08-02T17:06:21.569+0900] {process_utils.py:191} INFO - =#*=++++++*###**==*@@@%=======++++++++*@@@@@@@@%%#####-:=+----==******##****+++++***==-=+=:::.::::::
[2024-08-02T17:06:21.569+0900] {process_utils.py:191} INFO - #%*+*++++**##*###*+#@@#=========++++==*%%%%%%%%######*=-----==+*********##########*+====::::::::::::
[2024-08-02T17:06:21.569+0900] {process_utils.py:191} INFO - ++++*#%%@%*##*##***%@@*===============+%##%%######%%%%*==-===+*********+=+*#######*++++-:::--::-----
[2024-08-02T17:06:21.570+0900] {process_utils.py:191} INFO - ===+*#%@@%*##**#**+=--================+%%#%%###%#%%%%%#======*#######*-:-++*####*****++:------------
[2024-08-02T17:06:21.570+0900] {process_utils.py:191} INFO - =+=------=##**##**+=--================+%%#%%###%%#%%%%%+=====+###**++==----:-*####****=------==-====
[2024-08-02T17:06:21.570+0900] {process_utils.py:191} INFO - 
[2024-08-02T17:06:21.598+0900] {python.py:237} INFO - Done. Returned value was: None
[2024-08-02T17:06:21.598+0900] {taskinstance.py:441} INFO - ::group::Post task execution logs
[2024-08-02T17:06:21.604+0900] {taskinstance.py:1206} INFO - Marking task as SUCCESS. dag_id=movie, task_id=get.data, run_id=scheduled__2017-01-02T05:35:00+00:00, execution_date=20170102T053500, start_date=20240802T080615, end_date=20240802T080621
[2024-08-02T17:06:21.666+0900] {local_task_job_runner.py:243} INFO - Task exited with return code 0
[2024-08-02T17:06:21.685+0900] {taskinstance.py:3503} INFO - 0 downstream tasks scheduled from follow-on schedule check
[2024-08-02T17:06:21.685+0900] {local_task_job_runner.py:222} INFO - ::endgroup::
