[2024-08-02T16:54:13.654+0900] {local_task_job_runner.py:120} INFO - ::group::Pre task execution logs
[2024-08-02T16:54:13.675+0900] {taskinstance.py:2076} INFO - Dependencies all met for dep_context=non-requeueable deps ti=<TaskInstance: movie.get.data scheduled__2017-01-01T05:32:00+00:00 [queued]>
[2024-08-02T16:54:13.683+0900] {taskinstance.py:2076} INFO - Dependencies all met for dep_context=requeueable deps ti=<TaskInstance: movie.get.data scheduled__2017-01-01T05:32:00+00:00 [queued]>
[2024-08-02T16:54:13.684+0900] {taskinstance.py:2306} INFO - Starting attempt 1 of 3
[2024-08-02T16:54:13.700+0900] {taskinstance.py:2330} INFO - Executing <Task(PythonVirtualenvOperator): get.data> on 2017-01-01 05:32:00+00:00
[2024-08-02T16:54:13.703+0900] {standard_task_runner.py:64} INFO - Started process 146970 to run task
[2024-08-02T16:54:13.706+0900] {standard_task_runner.py:90} INFO - Running: ['airflow', 'tasks', 'run', 'movie', 'get.data', 'scheduled__2017-01-01T05:32:00+00:00', '--job-id', '43', '--raw', '--subdir', 'DAGS_FOLDER/movie.py', '--cfg-path', '/tmp/tmpys697dsi']
[2024-08-02T16:54:13.707+0900] {standard_task_runner.py:91} INFO - Job 43: Subtask get.data
[2024-08-02T16:54:13.745+0900] {task_command.py:426} INFO - Running <TaskInstance: movie.get.data scheduled__2017-01-01T05:32:00+00:00 [running]> on host playdata.
[2024-08-02T16:54:13.815+0900] {taskinstance.py:2648} INFO - Exporting env vars: AIRFLOW_CTX_DAG_OWNER='airflow' AIRFLOW_CTX_DAG_ID='movie' AIRFLOW_CTX_TASK_ID='get.data' AIRFLOW_CTX_EXECUTION_DATE='2017-01-01T05:32:00+00:00' AIRFLOW_CTX_TRY_NUMBER='1' AIRFLOW_CTX_DAG_RUN_ID='scheduled__2017-01-01T05:32:00+00:00'
[2024-08-02T16:54:13.816+0900] {taskinstance.py:430} INFO - ::endgroup::
[2024-08-02T16:54:13.825+0900] {baseoperator.py:400} WARNING - PythonVirtualenvOperator.execute cannot be called outside TaskInstance!
[2024-08-02T16:54:13.826+0900] {process_utils.py:183} INFO - Executing cmd: /home/oddsummer/.pyenv/versions/3.11.9/envs/air/bin/python -m virtualenv /tmp/venv_fv587yg --python=python
[2024-08-02T16:54:13.827+0900] {process_utils.py:187} INFO - Output:
[2024-08-02T16:54:14.182+0900] {process_utils.py:191} INFO - created virtual environment CPython3.11.9.final.0-64 in 243ms
[2024-08-02T16:54:14.182+0900] {process_utils.py:191} INFO -   creator CPython3Posix(dest=/tmp/venv_fv587yg, clear=False, no_vcs_ignore=False, global=False)
[2024-08-02T16:54:14.183+0900] {process_utils.py:191} INFO -   seeder FromAppData(download=False, pip=bundle, setuptools=bundle, wheel=bundle, via=copy, app_data_dir=/home/oddsummer/.local/share/virtualenv)
[2024-08-02T16:54:14.183+0900] {process_utils.py:191} INFO -     added seed packages: pip==24.1.2, setuptools==70.2.0, wheel==0.43.0
[2024-08-02T16:54:14.183+0900] {process_utils.py:191} INFO -   activators BashActivator,CShellActivator,FishActivator,NushellActivator,PowerShellActivator,PythonActivator
[2024-08-02T16:54:14.208+0900] {process_utils.py:183} INFO - Executing cmd: /tmp/venv_fv587yg/bin/pip install -r /tmp/venv_fv587yg/requirements.txt
[2024-08-02T16:54:14.209+0900] {process_utils.py:187} INFO - Output:
[2024-08-02T16:54:15.154+0900] {process_utils.py:191} INFO - Collecting git+https://github.com/7-TRG/extract_trg.git@main (from -r /tmp/venv_fv587yg/requirements.txt (line 1))
[2024-08-02T16:54:15.155+0900] {process_utils.py:191} INFO -   Cloning https://github.com/7-TRG/extract_trg.git (to revision main) to /tmp/pip-req-build-vmnzq_y0
[2024-08-02T16:54:15.158+0900] {process_utils.py:191} INFO -   Running command git clone --filter=blob:none --quiet https://github.com/7-TRG/extract_trg.git /tmp/pip-req-build-vmnzq_y0
[2024-08-02T16:54:16.869+0900] {process_utils.py:191} INFO -   Resolved https://github.com/7-TRG/extract_trg.git to commit 0712b3f1bbaeeeea58bf80749079a62c7e1bec3d
[2024-08-02T16:54:16.873+0900] {process_utils.py:191} INFO -   Installing build dependencies: started
[2024-08-02T16:54:18.683+0900] {process_utils.py:191} INFO -   Installing build dependencies: finished with status 'done'
[2024-08-02T16:54:18.684+0900] {process_utils.py:191} INFO -   Getting requirements to build wheel: started
[2024-08-02T16:54:18.935+0900] {process_utils.py:191} INFO -   Getting requirements to build wheel: finished with status 'done'
[2024-08-02T16:54:18.937+0900] {process_utils.py:191} INFO -   Preparing metadata (pyproject.toml): started
[2024-08-02T16:54:19.185+0900] {process_utils.py:191} INFO -   Preparing metadata (pyproject.toml): finished with status 'done'
[2024-08-02T16:54:19.188+0900] {process_utils.py:191} INFO - Building wheels for collected packages: extract_trg
[2024-08-02T16:54:19.192+0900] {process_utils.py:191} INFO -   Building wheel for extract_trg (pyproject.toml): started
[2024-08-02T16:54:19.443+0900] {process_utils.py:191} INFO -   Building wheel for extract_trg (pyproject.toml): finished with status 'done'
[2024-08-02T16:54:19.444+0900] {process_utils.py:191} INFO -   Created wheel for extract_trg: filename=extract_trg-0.1.0-py3-none-any.whl size=2219 sha256=3aeaad4dcf57db4697ce64a07af0f877db698341dd7870ebc02a390381f15818
[2024-08-02T16:54:19.444+0900] {process_utils.py:191} INFO -   Stored in directory: /tmp/pip-ephem-wheel-cache-uxus5y2d/wheels/21/97/ea/e27bc4298590f1b8a2b9c46b60aefbe2e3076cf05f6bd5e464
[2024-08-02T16:54:19.446+0900] {process_utils.py:191} INFO - Successfully built extract_trg
[2024-08-02T16:54:19.456+0900] {process_utils.py:191} INFO - Installing collected packages: extract_trg
[2024-08-02T16:54:19.485+0900] {process_utils.py:191} INFO - Successfully installed extract_trg-0.1.0
[2024-08-02T16:54:19.491+0900] {process_utils.py:191} INFO - 
[2024-08-02T16:54:19.491+0900] {process_utils.py:191} INFO - [notice] A new release of pip is available: 24.1.2 -> 24.2
[2024-08-02T16:54:19.492+0900] {process_utils.py:191} INFO - [notice] To update, run: python -m pip install --upgrade pip
[2024-08-02T16:54:19.586+0900] {process_utils.py:183} INFO - Executing cmd: /tmp/venv_fv587yg/bin/python /tmp/venv-callicdd3vyx/script.py /tmp/venv-callicdd3vyx/script.in /tmp/venv-callicdd3vyx/script.out /tmp/venv-callicdd3vyx/string_args.txt /tmp/venv-callicdd3vyx/termination.log
[2024-08-02T16:54:19.586+0900] {process_utils.py:187} INFO - Output:
[2024-08-02T16:54:19.607+0900] {process_utils.py:191} INFO - 
[2024-08-02T16:54:19.607+0900] {process_utils.py:191} INFO - ---------------======---::::::------+--=======++++++++++===--:...::-=--==============--:.....:-=====
[2024-08-02T16:54:19.608+0900] {process_utils.py:191} INFO - ----::---------------------===--::--+-----=============++++++===---:....--===============--:...:-===
[2024-08-02T16:54:19.608+0900] {process_utils.py:191} INFO - ----------------------------------=++----------------------=+===========-::.:-======================
[2024-08-02T16:54:19.608+0900] {process_utils.py:191} INFO - =----------------------------------==-----------------------=-----==============================+=--
[2024-08-02T16:54:19.608+0900] {process_utils.py:191} INFO - %%####=----------------------------==----------------------=-::::-----======+*%#++================::
[2024-08-02T16:54:19.609+0900] {process_utils.py:191} INFO - %%%%%#=----------------------------=-:---------------------=--==--------=====*#*=================-::
[2024-08-02T16:54:19.609+0900] {process_utils.py:191} INFO - @@%%%*-----------------+***++=-----=-::-------------------:+---------=====+++====================-::
[2024-08-02T16:54:19.609+0900] {process_utils.py:191} INFO - @@%%%*---------------#%%%%##%%#=---=-+##*#+----------------=------------=====+====-=--===========-::
[2024-08-02T16:54:19.609+0900] {process_utils.py:191} INFO - @@@%%+--=+*%%%+-----+%@@%#++%%%#=--=*%+===#+::----------::=-----------=+*##*++=-----------=======-::
[2024-08-02T16:54:19.610+0900] {process_utils.py:191} INFO - +++++=-+#+***#*=-----#*++**+#@@@*--+#+**+***-:=-:---=*+-::=-----==+++*######%%%#=-------------==-:::
[2024-08-02T16:54:19.610+0900] {process_utils.py:191} INFO - *******-:::-*=-------+===+=-=+#%%:-=++++=+==-:=-:::=%%#-::###=-*#%%%%%%%%%%%%%%%%+---------------:::
[2024-08-02T16:54:19.610+0900] {process_utils.py:191} INFO - =====+=:--::+---+--+**++++*+++#%*-=--**++++-:=++=::+#*-::=%%%#*#%%%%%%%%@@%%%%@@%%#====------+#%%=-*
[2024-08-02T16:54:19.610+0900] {process_utils.py:191} INFO - =-==++---=+==*#%%%%%%=*++++++++==-=-*##*+=##**++=--++-:--*=-=*#%%%@%###*###*+++*%%%*=============-#%
[2024-08-02T16:54:19.611+0900] {process_utils.py:191} INFO - +-=------=*%%%%@%@@@@***=+*#+*##*#%%@@**++%@%%%%*+=--=-=+-:--:#%@@%#*****###*+---+*++#**===---=++*%@
[2024-08-02T16:54:19.611+0900] {process_utils.py:191} INFO - --==-::-*%%%@@@@@@@%#*=-+++%@%##%%@@@@@%#%@@@%%@%%%*=--=#%####-%@%%####++++++=---==++*####*+++*%@%@@
[2024-08-02T16:54:19.611+0900] {process_utils.py:191} INFO - -=*+=-=#@@@@@@@@@#*+++++*@@@@@@@@@@@@@@@@@@@@@@@@@@@#+==-+*+#=:-+#%##**==++**+++=====+*###*+**#@%##%
[2024-08-02T16:54:19.611+0900] {process_utils.py:191} INFO - -=++-+%%@%@@@@%+=-++***#@@@@@@@@@@@@%:+@@*%+=%@@@@@@%%#%%#*=+--:-=#++**%#*+=+++++===+**####=*%%%%%%%
[2024-08-02T16:54:19.611+0900] {process_utils.py:191} INFO - -=++#%%####+-:---=*%%@@%#######**++++=+++++++++%%=+%@@%##*+==-=++=+*****##*===+++++==*#####*+#%%##%%
[2024-08-02T16:54:19.612+0900] {process_utils.py:191} INFO - -=*+=---==+=-::::-*@@@%+=======++++++++++++++*#%#**%%%*==-+*=--+==*****#**+=====+++++=***+++=+==::::
[2024-08-02T16:54:19.612+0900] {process_utils.py:191} INFO - =#*=++++++*###**==*@@@%=======++++++++*@@@@@@@@%%#####-:=+----==******##****+++++***==-=+=:::.::::::
[2024-08-02T16:54:19.612+0900] {process_utils.py:191} INFO - #%*+*++++**##*###*+#@@#=========++++==*%%%%%%%%######*=-----==+*********##########*+====::::::::::::
[2024-08-02T16:54:19.612+0900] {process_utils.py:191} INFO - ++++*#%%@%*##*##***%@@*===============+%##%%######%%%%*==-===+*********+=+*#######*++++-:::--::-----
[2024-08-02T16:54:19.612+0900] {process_utils.py:191} INFO - ===+*#%@@%*##**#**+=--================+%%#%%###%#%%%%%#======*#######*-:-++*####*****++:------------
[2024-08-02T16:54:19.612+0900] {process_utils.py:191} INFO - =+=------=##**##**+=--================+%%#%%###%%#%%%%%+=====+###**++==----:-*####****=------==-====
[2024-08-02T16:54:19.613+0900] {process_utils.py:191} INFO - 
[2024-08-02T16:54:19.635+0900] {python.py:237} INFO - Done. Returned value was: None
[2024-08-02T16:54:19.635+0900] {taskinstance.py:441} INFO - ::group::Post task execution logs
[2024-08-02T16:54:19.639+0900] {taskinstance.py:1206} INFO - Marking task as SUCCESS. dag_id=movie, task_id=get.data, run_id=scheduled__2017-01-01T05:32:00+00:00, execution_date=20170101T053200, start_date=20240802T075413, end_date=20240802T075419
[2024-08-02T16:54:19.698+0900] {local_task_job_runner.py:243} INFO - Task exited with return code 0
[2024-08-02T16:54:19.715+0900] {taskinstance.py:3503} INFO - 0 downstream tasks scheduled from follow-on schedule check
[2024-08-02T16:54:19.715+0900] {local_task_job_runner.py:222} INFO - ::endgroup::
