[2024-08-02T17:10:45.370+0900] {local_task_job_runner.py:120} INFO - ::group::Pre task execution logs
[2024-08-02T17:10:45.391+0900] {taskinstance.py:2076} INFO - Dependencies all met for dep_context=non-requeueable deps ti=<TaskInstance: movie.get.data scheduled__2017-01-02T05:58:00+00:00 [queued]>
[2024-08-02T17:10:45.398+0900] {taskinstance.py:2076} INFO - Dependencies all met for dep_context=requeueable deps ti=<TaskInstance: movie.get.data scheduled__2017-01-02T05:58:00+00:00 [queued]>
[2024-08-02T17:10:45.398+0900] {taskinstance.py:2306} INFO - Starting attempt 1 of 3
[2024-08-02T17:10:45.417+0900] {taskinstance.py:2330} INFO - Executing <Task(PythonVirtualenvOperator): get.data> on 2017-01-02 05:58:00+00:00
[2024-08-02T17:10:45.419+0900] {standard_task_runner.py:64} INFO - Started process 155905 to run task
[2024-08-02T17:10:45.422+0900] {standard_task_runner.py:90} INFO - Running: ['airflow', 'tasks', 'run', 'movie', 'get.data', 'scheduled__2017-01-02T05:58:00+00:00', '--job-id', '129', '--raw', '--subdir', 'DAGS_FOLDER/movie.py', '--cfg-path', '/tmp/tmp6f4_r2zq']
[2024-08-02T17:10:45.423+0900] {standard_task_runner.py:91} INFO - Job 129: Subtask get.data
[2024-08-02T17:10:45.462+0900] {task_command.py:426} INFO - Running <TaskInstance: movie.get.data scheduled__2017-01-02T05:58:00+00:00 [running]> on host playdata.
[2024-08-02T17:10:45.539+0900] {taskinstance.py:2648} INFO - Exporting env vars: AIRFLOW_CTX_DAG_OWNER='airflow' AIRFLOW_CTX_DAG_ID='movie' AIRFLOW_CTX_TASK_ID='get.data' AIRFLOW_CTX_EXECUTION_DATE='2017-01-02T05:58:00+00:00' AIRFLOW_CTX_TRY_NUMBER='1' AIRFLOW_CTX_DAG_RUN_ID='scheduled__2017-01-02T05:58:00+00:00'
[2024-08-02T17:10:45.540+0900] {taskinstance.py:430} INFO - ::endgroup::
[2024-08-02T17:10:45.549+0900] {baseoperator.py:400} WARNING - PythonVirtualenvOperator.execute cannot be called outside TaskInstance!
[2024-08-02T17:10:45.550+0900] {process_utils.py:183} INFO - Executing cmd: /home/oddsummer/.pyenv/versions/3.11.9/envs/air/bin/python -m virtualenv /tmp/venvxokfko9c --python=python
[2024-08-02T17:10:45.551+0900] {process_utils.py:187} INFO - Output:
[2024-08-02T17:10:45.921+0900] {process_utils.py:191} INFO - created virtual environment CPython3.11.9.final.0-64 in 253ms
[2024-08-02T17:10:45.922+0900] {process_utils.py:191} INFO -   creator CPython3Posix(dest=/tmp/venvxokfko9c, clear=False, no_vcs_ignore=False, global=False)
[2024-08-02T17:10:45.922+0900] {process_utils.py:191} INFO -   seeder FromAppData(download=False, pip=bundle, setuptools=bundle, wheel=bundle, via=copy, app_data_dir=/home/oddsummer/.local/share/virtualenv)
[2024-08-02T17:10:45.922+0900] {process_utils.py:191} INFO -     added seed packages: pip==24.1.2, setuptools==70.2.0, wheel==0.43.0
[2024-08-02T17:10:45.922+0900] {process_utils.py:191} INFO -   activators BashActivator,CShellActivator,FishActivator,NushellActivator,PowerShellActivator,PythonActivator
[2024-08-02T17:10:45.950+0900] {process_utils.py:183} INFO - Executing cmd: /tmp/venvxokfko9c/bin/pip install -r /tmp/venvxokfko9c/requirements.txt
[2024-08-02T17:10:45.951+0900] {process_utils.py:187} INFO - Output:
[2024-08-02T17:10:46.973+0900] {process_utils.py:191} INFO - Collecting git+https://github.com/7-TRG/extract_trg.git@main (from -r /tmp/venvxokfko9c/requirements.txt (line 1))
[2024-08-02T17:10:46.974+0900] {process_utils.py:191} INFO -   Cloning https://github.com/7-TRG/extract_trg.git (to revision main) to /tmp/pip-req-build-c5rkmauj
[2024-08-02T17:10:46.977+0900] {process_utils.py:191} INFO -   Running command git clone --filter=blob:none --quiet https://github.com/7-TRG/extract_trg.git /tmp/pip-req-build-c5rkmauj
[2024-08-02T17:10:48.709+0900] {process_utils.py:191} INFO -   Resolved https://github.com/7-TRG/extract_trg.git to commit 0712b3f1bbaeeeea58bf80749079a62c7e1bec3d
[2024-08-02T17:10:48.713+0900] {process_utils.py:191} INFO -   Installing build dependencies: started
[2024-08-02T17:10:50.689+0900] {process_utils.py:191} INFO -   Installing build dependencies: finished with status 'done'
[2024-08-02T17:10:50.691+0900] {process_utils.py:191} INFO -   Getting requirements to build wheel: started
[2024-08-02T17:10:50.947+0900] {process_utils.py:191} INFO -   Getting requirements to build wheel: finished with status 'done'
[2024-08-02T17:10:50.950+0900] {process_utils.py:191} INFO -   Preparing metadata (pyproject.toml): started
[2024-08-02T17:10:51.198+0900] {process_utils.py:191} INFO -   Preparing metadata (pyproject.toml): finished with status 'done'
[2024-08-02T17:10:51.201+0900] {process_utils.py:191} INFO - Building wheels for collected packages: extract_trg
[2024-08-02T17:10:51.205+0900] {process_utils.py:191} INFO -   Building wheel for extract_trg (pyproject.toml): started
[2024-08-02T17:10:51.552+0900] {process_utils.py:191} INFO -   Building wheel for extract_trg (pyproject.toml): finished with status 'done'
[2024-08-02T17:10:51.553+0900] {process_utils.py:191} INFO -   Created wheel for extract_trg: filename=extract_trg-0.1.0-py3-none-any.whl size=2219 sha256=7b4b2ed3e042e40911c88a7e67b10c2bfaebc5b31bd47602c29c866369982b13
[2024-08-02T17:10:51.553+0900] {process_utils.py:191} INFO -   Stored in directory: /tmp/pip-ephem-wheel-cache-klhcm7qw/wheels/21/97/ea/e27bc4298590f1b8a2b9c46b60aefbe2e3076cf05f6bd5e464
[2024-08-02T17:10:51.555+0900] {process_utils.py:191} INFO - Successfully built extract_trg
[2024-08-02T17:10:51.566+0900] {process_utils.py:191} INFO - Installing collected packages: extract_trg
[2024-08-02T17:10:51.584+0900] {process_utils.py:191} INFO - Successfully installed extract_trg-0.1.0
[2024-08-02T17:10:51.589+0900] {process_utils.py:191} INFO - 
[2024-08-02T17:10:51.589+0900] {process_utils.py:191} INFO - [notice] A new release of pip is available: 24.1.2 -> 24.2
[2024-08-02T17:10:51.589+0900] {process_utils.py:191} INFO - [notice] To update, run: python -m pip install --upgrade pip
[2024-08-02T17:10:51.679+0900] {process_utils.py:183} INFO - Executing cmd: /tmp/venvxokfko9c/bin/python /tmp/venv-call17843bl4/script.py /tmp/venv-call17843bl4/script.in /tmp/venv-call17843bl4/script.out /tmp/venv-call17843bl4/string_args.txt /tmp/venv-call17843bl4/termination.log
[2024-08-02T17:10:51.679+0900] {process_utils.py:187} INFO - Output:
[2024-08-02T17:10:51.700+0900] {process_utils.py:191} INFO - 
[2024-08-02T17:10:51.700+0900] {process_utils.py:191} INFO - ---------------======---::::::------+--=======++++++++++===--:...::-=--==============--:.....:-=====
[2024-08-02T17:10:51.701+0900] {process_utils.py:191} INFO - ----::---------------------===--::--+-----=============++++++===---:....--===============--:...:-===
[2024-08-02T17:10:51.701+0900] {process_utils.py:191} INFO - ----------------------------------=++----------------------=+===========-::.:-======================
[2024-08-02T17:10:51.701+0900] {process_utils.py:191} INFO - =----------------------------------==-----------------------=-----==============================+=--
[2024-08-02T17:10:51.701+0900] {process_utils.py:191} INFO - %%####=----------------------------==----------------------=-::::-----======+*%#++================::
[2024-08-02T17:10:51.701+0900] {process_utils.py:191} INFO - %%%%%#=----------------------------=-:---------------------=--==--------=====*#*=================-::
[2024-08-02T17:10:51.701+0900] {process_utils.py:191} INFO - @@%%%*-----------------+***++=-----=-::-------------------:+---------=====+++====================-::
[2024-08-02T17:10:51.701+0900] {process_utils.py:191} INFO - @@%%%*---------------#%%%%##%%#=---=-+##*#+----------------=------------=====+====-=--===========-::
[2024-08-02T17:10:51.702+0900] {process_utils.py:191} INFO - @@@%%+--=+*%%%+-----+%@@%#++%%%#=--=*%+===#+::----------::=-----------=+*##*++=-----------=======-::
[2024-08-02T17:10:51.702+0900] {process_utils.py:191} INFO - +++++=-+#+***#*=-----#*++**+#@@@*--+#+**+***-:=-:---=*+-::=-----==+++*######%%%#=-------------==-:::
[2024-08-02T17:10:51.702+0900] {process_utils.py:191} INFO - *******-:::-*=-------+===+=-=+#%%:-=++++=+==-:=-:::=%%#-::###=-*#%%%%%%%%%%%%%%%%+---------------:::
[2024-08-02T17:10:51.702+0900] {process_utils.py:191} INFO - =====+=:--::+---+--+**++++*+++#%*-=--**++++-:=++=::+#*-::=%%%#*#%%%%%%%%@@%%%%@@%%#====------+#%%=-*
[2024-08-02T17:10:51.702+0900] {process_utils.py:191} INFO - =-==++---=+==*#%%%%%%=*++++++++==-=-*##*+=##**++=--++-:--*=-=*#%%%@%###*###*+++*%%%*=============-#%
[2024-08-02T17:10:51.702+0900] {process_utils.py:191} INFO - +-=------=*%%%%@%@@@@***=+*#+*##*#%%@@**++%@%%%%*+=--=-=+-:--:#%@@%#*****###*+---+*++#**===---=++*%@
[2024-08-02T17:10:51.702+0900] {process_utils.py:191} INFO - --==-::-*%%%@@@@@@@%#*=-+++%@%##%%@@@@@%#%@@@%%@%%%*=--=#%####-%@%%####++++++=---==++*####*+++*%@%@@
[2024-08-02T17:10:51.702+0900] {process_utils.py:191} INFO - -=*+=-=#@@@@@@@@@#*+++++*@@@@@@@@@@@@@@@@@@@@@@@@@@@#+==-+*+#=:-+#%##**==++**+++=====+*###*+**#@%##%
[2024-08-02T17:10:51.703+0900] {process_utils.py:191} INFO - -=++-+%%@%@@@@%+=-++***#@@@@@@@@@@@@%:+@@*%+=%@@@@@@%%#%%#*=+--:-=#++**%#*+=+++++===+**####=*%%%%%%%
[2024-08-02T17:10:51.703+0900] {process_utils.py:191} INFO - -=++#%%####+-:---=*%%@@%#######**++++=+++++++++%%=+%@@%##*+==-=++=+*****##*===+++++==*#####*+#%%##%%
[2024-08-02T17:10:51.703+0900] {process_utils.py:191} INFO - -=*+=---==+=-::::-*@@@%+=======++++++++++++++*#%#**%%%*==-+*=--+==*****#**+=====+++++=***+++=+==::::
[2024-08-02T17:10:51.703+0900] {process_utils.py:191} INFO - =#*=++++++*###**==*@@@%=======++++++++*@@@@@@@@%%#####-:=+----==******##****+++++***==-=+=:::.::::::
[2024-08-02T17:10:51.703+0900] {process_utils.py:191} INFO - #%*+*++++**##*###*+#@@#=========++++==*%%%%%%%%######*=-----==+*********##########*+====::::::::::::
[2024-08-02T17:10:51.703+0900] {process_utils.py:191} INFO - ++++*#%%@%*##*##***%@@*===============+%##%%######%%%%*==-===+*********+=+*#######*++++-:::--::-----
[2024-08-02T17:10:51.703+0900] {process_utils.py:191} INFO - ===+*#%@@%*##**#**+=--================+%%#%%###%#%%%%%#======*#######*-:-++*####*****++:------------
[2024-08-02T17:10:51.703+0900] {process_utils.py:191} INFO - =+=------=##**##**+=--================+%%#%%###%%#%%%%%+=====+###**++==----:-*####****=------==-====
[2024-08-02T17:10:51.703+0900] {process_utils.py:191} INFO - 
[2024-08-02T17:10:51.725+0900] {python.py:237} INFO - Done. Returned value was: None
[2024-08-02T17:10:51.725+0900] {taskinstance.py:441} INFO - ::group::Post task execution logs
[2024-08-02T17:10:51.731+0900] {taskinstance.py:1206} INFO - Marking task as SUCCESS. dag_id=movie, task_id=get.data, run_id=scheduled__2017-01-02T05:58:00+00:00, execution_date=20170102T055800, start_date=20240802T081045, end_date=20240802T081051
[2024-08-02T17:10:51.799+0900] {local_task_job_runner.py:243} INFO - Task exited with return code 0
[2024-08-02T17:10:51.819+0900] {taskinstance.py:3503} INFO - 0 downstream tasks scheduled from follow-on schedule check
[2024-08-02T17:10:51.820+0900] {local_task_job_runner.py:222} INFO - ::endgroup::
