[2024-08-02T17:35:56.455+0900] {local_task_job_runner.py:120} INFO - ::group::Pre task execution logs
[2024-08-02T17:35:56.477+0900] {taskinstance.py:2076} INFO - Dependencies all met for dep_context=non-requeueable deps ti=<TaskInstance: movie.transform scheduled__2017-01-05T05:04:00+00:00 [queued]>
[2024-08-02T17:35:56.484+0900] {taskinstance.py:2076} INFO - Dependencies all met for dep_context=requeueable deps ti=<TaskInstance: movie.transform scheduled__2017-01-05T05:04:00+00:00 [queued]>
[2024-08-02T17:35:56.484+0900] {taskinstance.py:2306} INFO - Starting attempt 1 of 3
[2024-08-02T17:35:56.502+0900] {taskinstance.py:2330} INFO - Executing <Task(PythonVirtualenvOperator): transform> on 2017-01-05 05:04:00+00:00
[2024-08-02T17:35:56.505+0900] {standard_task_runner.py:64} INFO - Started process 169408 to run task
[2024-08-02T17:35:56.509+0900] {standard_task_runner.py:90} INFO - Running: ['airflow', 'tasks', 'run', 'movie', 'transform', 'scheduled__2017-01-05T05:04:00+00:00', '--job-id', '259', '--raw', '--subdir', 'DAGS_FOLDER/movie.py', '--cfg-path', '/tmp/tmprtdklcmv']
[2024-08-02T17:35:56.510+0900] {standard_task_runner.py:91} INFO - Job 259: Subtask transform
[2024-08-02T17:35:56.549+0900] {task_command.py:426} INFO - Running <TaskInstance: movie.transform scheduled__2017-01-05T05:04:00+00:00 [running]> on host playdata.
[2024-08-02T17:35:56.616+0900] {taskinstance.py:2648} INFO - Exporting env vars: AIRFLOW_CTX_DAG_OWNER='airflow' AIRFLOW_CTX_DAG_ID='movie' AIRFLOW_CTX_TASK_ID='transform' AIRFLOW_CTX_EXECUTION_DATE='2017-01-05T05:04:00+00:00' AIRFLOW_CTX_TRY_NUMBER='1' AIRFLOW_CTX_DAG_RUN_ID='scheduled__2017-01-05T05:04:00+00:00'
[2024-08-02T17:35:56.617+0900] {taskinstance.py:430} INFO - ::endgroup::
[2024-08-02T17:35:56.629+0900] {baseoperator.py:400} WARNING - PythonVirtualenvOperator.execute cannot be called outside TaskInstance!
[2024-08-02T17:35:56.630+0900] {process_utils.py:183} INFO - Executing cmd: /home/oddsummer/.pyenv/versions/3.11.9/envs/air/bin/python -m virtualenv /tmp/venv2chj_aff --python=python
[2024-08-02T17:35:56.631+0900] {process_utils.py:187} INFO - Output:
[2024-08-02T17:35:57.029+0900] {process_utils.py:191} INFO - created virtual environment CPython3.11.9.final.0-64 in 296ms
[2024-08-02T17:35:57.030+0900] {process_utils.py:191} INFO -   creator CPython3Posix(dest=/tmp/venv2chj_aff, clear=False, no_vcs_ignore=False, global=False)
[2024-08-02T17:35:57.030+0900] {process_utils.py:191} INFO -   seeder FromAppData(download=False, pip=bundle, setuptools=bundle, wheel=bundle, via=copy, app_data_dir=/home/oddsummer/.local/share/virtualenv)
[2024-08-02T17:35:57.030+0900] {process_utils.py:191} INFO -     added seed packages: pip==24.1.2, setuptools==70.2.0, wheel==0.43.0
[2024-08-02T17:35:57.030+0900] {process_utils.py:191} INFO -   activators BashActivator,CShellActivator,FishActivator,NushellActivator,PowerShellActivator,PythonActivator
[2024-08-02T17:35:57.057+0900] {process_utils.py:183} INFO - Executing cmd: /tmp/venv2chj_aff/bin/pip install -r /tmp/venv2chj_aff/requirements.txt
[2024-08-02T17:35:57.058+0900] {process_utils.py:187} INFO - Output:
[2024-08-02T17:35:58.025+0900] {process_utils.py:191} INFO - Collecting git+https://github.com/7-TRG/transform_trg.git@main (from -r /tmp/venv2chj_aff/requirements.txt (line 1))
[2024-08-02T17:35:58.025+0900] {process_utils.py:191} INFO -   Cloning https://github.com/7-TRG/transform_trg.git (to revision main) to /tmp/pip-req-build-f9i_qpkc
[2024-08-02T17:35:58.028+0900] {process_utils.py:191} INFO -   Running command git clone --filter=blob:none --quiet https://github.com/7-TRG/transform_trg.git /tmp/pip-req-build-f9i_qpkc
[2024-08-02T17:35:59.644+0900] {process_utils.py:191} INFO -   Resolved https://github.com/7-TRG/transform_trg.git to commit 789fe432a030fafcbef44ec873bc256dce822228
[2024-08-02T17:35:59.650+0900] {process_utils.py:191} INFO -   Installing build dependencies: started
[2024-08-02T17:36:01.782+0900] {process_utils.py:191} INFO -   Installing build dependencies: finished with status 'done'
[2024-08-02T17:36:01.783+0900] {process_utils.py:191} INFO -   Getting requirements to build wheel: started
[2024-08-02T17:36:02.047+0900] {process_utils.py:191} INFO -   Getting requirements to build wheel: finished with status 'done'
[2024-08-02T17:36:02.048+0900] {process_utils.py:191} INFO -   Preparing metadata (pyproject.toml): started
[2024-08-02T17:36:02.308+0900] {process_utils.py:191} INFO -   Preparing metadata (pyproject.toml): finished with status 'done'
[2024-08-02T17:36:02.311+0900] {process_utils.py:191} INFO - Building wheels for collected packages: transform_trg
[2024-08-02T17:36:02.315+0900] {process_utils.py:191} INFO -   Building wheel for transform_trg (pyproject.toml): started
[2024-08-02T17:36:02.599+0900] {process_utils.py:191} INFO -   Building wheel for transform_trg (pyproject.toml): finished with status 'done'
[2024-08-02T17:36:02.600+0900] {process_utils.py:191} INFO -   Created wheel for transform_trg: filename=transform_trg-0.1.0-py3-none-any.whl size=2244 sha256=388b5230f265b2b1ba58b912f8db769a0edc866eaaf3b39d69d09983e76dfa71
[2024-08-02T17:36:02.600+0900] {process_utils.py:191} INFO -   Stored in directory: /tmp/pip-ephem-wheel-cache-ymxsj6_c/wheels/52/ed/12/e63285a730e0434716bf2b76c497e2eca12531b214fbcca988
[2024-08-02T17:36:02.602+0900] {process_utils.py:191} INFO - Successfully built transform_trg
[2024-08-02T17:36:02.611+0900] {process_utils.py:191} INFO - Installing collected packages: transform_trg
[2024-08-02T17:36:02.628+0900] {process_utils.py:191} INFO - Successfully installed transform_trg-0.1.0
[2024-08-02T17:36:02.634+0900] {process_utils.py:191} INFO - 
[2024-08-02T17:36:02.634+0900] {process_utils.py:191} INFO - [notice] A new release of pip is available: 24.1.2 -> 24.2
[2024-08-02T17:36:02.634+0900] {process_utils.py:191} INFO - [notice] To update, run: python -m pip install --upgrade pip
[2024-08-02T17:36:02.731+0900] {process_utils.py:183} INFO - Executing cmd: /tmp/venv2chj_aff/bin/python /tmp/venv-callzcf64tfg/script.py /tmp/venv-callzcf64tfg/script.in /tmp/venv-callzcf64tfg/script.out /tmp/venv-callzcf64tfg/string_args.txt /tmp/venv-callzcf64tfg/termination.log
[2024-08-02T17:36:02.732+0900] {process_utils.py:187} INFO - Output:
[2024-08-02T17:36:02.752+0900] {process_utils.py:191} INFO - 
[2024-08-02T17:36:02.753+0900] {process_utils.py:191} INFO - ---------------======---::::::------+--=======++++++++++===--:...::-=--==============--:.....:-=====
[2024-08-02T17:36:02.753+0900] {process_utils.py:191} INFO - ----::---------------------===--::--+-----=============++++++===---:....--===============--:...:-===
[2024-08-02T17:36:02.753+0900] {process_utils.py:191} INFO - ----------------------------------=++----------------------=+===========-::.:-======================
[2024-08-02T17:36:02.753+0900] {process_utils.py:191} INFO - =----------------------------------==-----------------------=-----==============================+=--
[2024-08-02T17:36:02.753+0900] {process_utils.py:191} INFO - %%####=----------------------------==----------------------=-::::-----======+*%#++================::
[2024-08-02T17:36:02.754+0900] {process_utils.py:191} INFO - %%%%%#=----------------------------=-:---------------------=--==--------=====*#*=================-::
[2024-08-02T17:36:02.754+0900] {process_utils.py:191} INFO - @@%%%*-----------------+***++=-----=-::-------------------:+---------=====+++====================-::
[2024-08-02T17:36:02.754+0900] {process_utils.py:191} INFO - @@%%%*---------------#%%%%##%%#=---=-+##*#+----------------=------------=====+====-=--===========-::
[2024-08-02T17:36:02.754+0900] {process_utils.py:191} INFO - @@@%%+--=+*%%%+-----+%@@%#++%%%#=--=*%+===#+::----------::=-----------=+*##*++=-----------=======-::
[2024-08-02T17:36:02.754+0900] {process_utils.py:191} INFO - +++++=-+#+***#*=-----#*++**+#@@@*--+#+**+***-:=-:---=*+-::=-----==+++*######%%%#=-------------==-:::
[2024-08-02T17:36:02.755+0900] {process_utils.py:191} INFO - *******-:::-*=-------+===+=-=+#%%:-=++++=+==-:=-:::=%%#-::###=-*#%%%%%%%%%%%%%%%%+---------------:::
[2024-08-02T17:36:02.755+0900] {process_utils.py:191} INFO - =====+=:--::+---+--+**++++*+++#%*-=--**++++-:=++=::+#*-::=%%%#*#%%%%%%%%@@%%%%@@%%#====------+#%%=-*
[2024-08-02T17:36:02.755+0900] {process_utils.py:191} INFO - =-==++---=+==*#%%%%%%=*++++++++==-=-*##*+=##**++=--++-:--*=-=*#%%%@%###*###*+++*%%%*=============-#%
[2024-08-02T17:36:02.755+0900] {process_utils.py:191} INFO - +-=------=*%%%%@%@@@@***=+*#+*##*#%%@@**++%@%%%%*+=--=-=+-:--:#%@@%#*****###*+---+*++#**===---=++*%@
[2024-08-02T17:36:02.755+0900] {process_utils.py:191} INFO - --==-::-*%%%@@@@@@@%#*=-+++%@%##%%@@@@@%#%@@@%%@%%%*=--=#%####-%@%%####++++++=---==++*####*+++*%@%@@
[2024-08-02T17:36:02.755+0900] {process_utils.py:191} INFO - -=*+=-=#@@@@@@@@@#*+++++*@@@@@@@@@@@@@@@@@@@@@@@@@@@#+==-+*+#=:-+#%##**==++**+++=====+*###*+**#@%##%
[2024-08-02T17:36:02.755+0900] {process_utils.py:191} INFO - -=++-+%%@%@@@@%+=-++***#@@@@@@@@@@@@%:+@@*%+=%@@@@@@%%#%%#*=+--:-=#++**%#*+=+++++===+**####=*%%%%%%%
[2024-08-02T17:36:02.756+0900] {process_utils.py:191} INFO - -=++#%%####+-:---=*%%@@%#######**++++=+++++++++%%=+%@@%##*+==-=++=+*****##*===+++++==*#####*+#%%##%%
[2024-08-02T17:36:02.756+0900] {process_utils.py:191} INFO - -=*+=---==+=-::::-*@@@%+=======++++++++++++++*#%#**%%%*==-+*=--+==*****#**+=====+++++=***+++=+==::::
[2024-08-02T17:36:02.756+0900] {process_utils.py:191} INFO - =#*=++++++*###**==*@@@%=======++++++++*@@@@@@@@%%#####-:=+----==******##****+++++***==-=+=:::.::::::
[2024-08-02T17:36:02.756+0900] {process_utils.py:191} INFO - #%*+*++++**##*###*+#@@#=========++++==*%%%%%%%%######*=-----==+*********##########*+====::::::::::::
[2024-08-02T17:36:02.756+0900] {process_utils.py:191} INFO - ++++*#%%@%*##*##***%@@*===============+%##%%######%%%%*==-===+*********+=+*#######*++++-:::--::-----
[2024-08-02T17:36:02.756+0900] {process_utils.py:191} INFO - ===+*#%@@%*##**#**+=--================+%%#%%###%#%%%%%#======*#######*-:-++*####*****++:------------
[2024-08-02T17:36:02.756+0900] {process_utils.py:191} INFO - =+=------=##**##**+=--================+%%#%%###%%#%%%%%+=====+###**++==----:-*####****=------==-====
[2024-08-02T17:36:02.756+0900] {process_utils.py:191} INFO - 
[2024-08-02T17:36:02.781+0900] {python.py:237} INFO - Done. Returned value was: None
[2024-08-02T17:36:02.781+0900] {taskinstance.py:441} INFO - ::group::Post task execution logs
[2024-08-02T17:36:02.785+0900] {taskinstance.py:1206} INFO - Marking task as SUCCESS. dag_id=movie, task_id=transform, run_id=scheduled__2017-01-05T05:04:00+00:00, execution_date=20170105T050400, start_date=20240802T083556, end_date=20240802T083602
[2024-08-02T17:36:02.820+0900] {local_task_job_runner.py:243} INFO - Task exited with return code 0
[2024-08-02T17:36:02.837+0900] {taskinstance.py:3503} INFO - 1 downstream tasks scheduled from follow-on schedule check
[2024-08-02T17:36:02.844+0900] {local_task_job_runner.py:222} INFO - ::endgroup::
