[2024-08-02T16:51:25.269+0900] {local_task_job_runner.py:120} INFO - ::group::Pre task execution logs
[2024-08-02T16:51:25.294+0900] {taskinstance.py:2076} INFO - Dependencies all met for dep_context=non-requeueable deps ti=<TaskInstance: movie.get.data scheduled__2017-01-01T05:17:00+00:00 [queued]>
[2024-08-02T16:51:25.301+0900] {taskinstance.py:2076} INFO - Dependencies all met for dep_context=requeueable deps ti=<TaskInstance: movie.get.data scheduled__2017-01-01T05:17:00+00:00 [queued]>
[2024-08-02T16:51:25.302+0900] {taskinstance.py:2306} INFO - Starting attempt 1 of 3
[2024-08-02T16:51:25.318+0900] {taskinstance.py:2330} INFO - Executing <Task(PythonVirtualenvOperator): get.data> on 2017-01-01 05:17:00+00:00
[2024-08-02T16:51:25.320+0900] {standard_task_runner.py:64} INFO - Started process 145723 to run task
[2024-08-02T16:51:25.323+0900] {standard_task_runner.py:90} INFO - Running: ['airflow', 'tasks', 'run', 'movie', 'get.data', 'scheduled__2017-01-01T05:17:00+00:00', '--job-id', '28', '--raw', '--subdir', 'DAGS_FOLDER/movie.py', '--cfg-path', '/tmp/tmpp1wd_qe5']
[2024-08-02T16:51:25.324+0900] {standard_task_runner.py:91} INFO - Job 28: Subtask get.data
[2024-08-02T16:51:25.362+0900] {task_command.py:426} INFO - Running <TaskInstance: movie.get.data scheduled__2017-01-01T05:17:00+00:00 [running]> on host playdata.
[2024-08-02T16:51:25.433+0900] {taskinstance.py:2648} INFO - Exporting env vars: AIRFLOW_CTX_DAG_OWNER='airflow' AIRFLOW_CTX_DAG_ID='movie' AIRFLOW_CTX_TASK_ID='get.data' AIRFLOW_CTX_EXECUTION_DATE='2017-01-01T05:17:00+00:00' AIRFLOW_CTX_TRY_NUMBER='1' AIRFLOW_CTX_DAG_RUN_ID='scheduled__2017-01-01T05:17:00+00:00'
[2024-08-02T16:51:25.433+0900] {taskinstance.py:430} INFO - ::endgroup::
[2024-08-02T16:51:25.447+0900] {baseoperator.py:400} WARNING - PythonVirtualenvOperator.execute cannot be called outside TaskInstance!
[2024-08-02T16:51:25.448+0900] {process_utils.py:183} INFO - Executing cmd: /home/oddsummer/.pyenv/versions/3.11.9/envs/air/bin/python -m virtualenv /tmp/venvpcnslzxo --python=python
[2024-08-02T16:51:25.449+0900] {process_utils.py:187} INFO - Output:
[2024-08-02T16:51:25.830+0900] {process_utils.py:191} INFO - created virtual environment CPython3.11.9.final.0-64 in 249ms
[2024-08-02T16:51:25.831+0900] {process_utils.py:191} INFO -   creator CPython3Posix(dest=/tmp/venvpcnslzxo, clear=False, no_vcs_ignore=False, global=False)
[2024-08-02T16:51:25.831+0900] {process_utils.py:191} INFO -   seeder FromAppData(download=False, pip=bundle, setuptools=bundle, wheel=bundle, via=copy, app_data_dir=/home/oddsummer/.local/share/virtualenv)
[2024-08-02T16:51:25.831+0900] {process_utils.py:191} INFO -     added seed packages: pip==24.1.2, setuptools==70.2.0, wheel==0.43.0
[2024-08-02T16:51:25.831+0900] {process_utils.py:191} INFO -   activators BashActivator,CShellActivator,FishActivator,NushellActivator,PowerShellActivator,PythonActivator
[2024-08-02T16:51:25.856+0900] {process_utils.py:183} INFO - Executing cmd: /tmp/venvpcnslzxo/bin/pip install -r /tmp/venvpcnslzxo/requirements.txt
[2024-08-02T16:51:25.856+0900] {process_utils.py:187} INFO - Output:
[2024-08-02T16:51:26.943+0900] {process_utils.py:191} INFO - Collecting git+https://github.com/7-TRG/extract_trg.git@main (from -r /tmp/venvpcnslzxo/requirements.txt (line 1))
[2024-08-02T16:51:26.945+0900] {process_utils.py:191} INFO -   Cloning https://github.com/7-TRG/extract_trg.git (to revision main) to /tmp/pip-req-build-i3rwlk3r
[2024-08-02T16:51:26.947+0900] {process_utils.py:191} INFO -   Running command git clone --filter=blob:none --quiet https://github.com/7-TRG/extract_trg.git /tmp/pip-req-build-i3rwlk3r
[2024-08-02T16:51:28.733+0900] {process_utils.py:191} INFO -   Resolved https://github.com/7-TRG/extract_trg.git to commit 0712b3f1bbaeeeea58bf80749079a62c7e1bec3d
[2024-08-02T16:51:28.739+0900] {process_utils.py:191} INFO -   Installing build dependencies: started
[2024-08-02T16:51:30.829+0900] {process_utils.py:191} INFO -   Installing build dependencies: finished with status 'done'
[2024-08-02T16:51:30.831+0900] {process_utils.py:191} INFO -   Getting requirements to build wheel: started
[2024-08-02T16:51:31.093+0900] {process_utils.py:191} INFO -   Getting requirements to build wheel: finished with status 'done'
[2024-08-02T16:51:31.095+0900] {process_utils.py:191} INFO -   Preparing metadata (pyproject.toml): started
[2024-08-02T16:51:31.358+0900] {process_utils.py:191} INFO -   Preparing metadata (pyproject.toml): finished with status 'done'
[2024-08-02T16:51:31.360+0900] {process_utils.py:191} INFO - Building wheels for collected packages: extract_trg
[2024-08-02T16:51:31.365+0900] {process_utils.py:191} INFO -   Building wheel for extract_trg (pyproject.toml): started
[2024-08-02T16:51:31.625+0900] {process_utils.py:191} INFO -   Building wheel for extract_trg (pyproject.toml): finished with status 'done'
[2024-08-02T16:51:31.626+0900] {process_utils.py:191} INFO -   Created wheel for extract_trg: filename=extract_trg-0.1.0-py3-none-any.whl size=2219 sha256=64a52b03bc2baefc32dad02f981e9c178aba0368ae0b4c96a88a1f031b12ddd9
[2024-08-02T16:51:31.626+0900] {process_utils.py:191} INFO -   Stored in directory: /tmp/pip-ephem-wheel-cache-33f_5yra/wheels/21/97/ea/e27bc4298590f1b8a2b9c46b60aefbe2e3076cf05f6bd5e464
[2024-08-02T16:51:31.628+0900] {process_utils.py:191} INFO - Successfully built extract_trg
[2024-08-02T16:51:31.639+0900] {process_utils.py:191} INFO - Installing collected packages: extract_trg
[2024-08-02T16:51:31.656+0900] {process_utils.py:191} INFO - Successfully installed extract_trg-0.1.0
[2024-08-02T16:51:31.661+0900] {process_utils.py:191} INFO - 
[2024-08-02T16:51:31.662+0900] {process_utils.py:191} INFO - [notice] A new release of pip is available: 24.1.2 -> 24.2
[2024-08-02T16:51:31.662+0900] {process_utils.py:191} INFO - [notice] To update, run: python -m pip install --upgrade pip
[2024-08-02T16:51:31.765+0900] {process_utils.py:183} INFO - Executing cmd: /tmp/venvpcnslzxo/bin/python /tmp/venv-callo6ayy8ow/script.py /tmp/venv-callo6ayy8ow/script.in /tmp/venv-callo6ayy8ow/script.out /tmp/venv-callo6ayy8ow/string_args.txt /tmp/venv-callo6ayy8ow/termination.log
[2024-08-02T16:51:31.766+0900] {process_utils.py:187} INFO - Output:
[2024-08-02T16:51:31.785+0900] {process_utils.py:191} INFO - 
[2024-08-02T16:51:31.786+0900] {process_utils.py:191} INFO - ---------------======---::::::------+--=======++++++++++===--:...::-=--==============--:.....:-=====
[2024-08-02T16:51:31.786+0900] {process_utils.py:191} INFO - ----::---------------------===--::--+-----=============++++++===---:....--===============--:...:-===
[2024-08-02T16:51:31.787+0900] {process_utils.py:191} INFO - ----------------------------------=++----------------------=+===========-::.:-======================
[2024-08-02T16:51:31.787+0900] {process_utils.py:191} INFO - =----------------------------------==-----------------------=-----==============================+=--
[2024-08-02T16:51:31.787+0900] {process_utils.py:191} INFO - %%####=----------------------------==----------------------=-::::-----======+*%#++================::
[2024-08-02T16:51:31.787+0900] {process_utils.py:191} INFO - %%%%%#=----------------------------=-:---------------------=--==--------=====*#*=================-::
[2024-08-02T16:51:31.788+0900] {process_utils.py:191} INFO - @@%%%*-----------------+***++=-----=-::-------------------:+---------=====+++====================-::
[2024-08-02T16:51:31.788+0900] {process_utils.py:191} INFO - @@%%%*---------------#%%%%##%%#=---=-+##*#+----------------=------------=====+====-=--===========-::
[2024-08-02T16:51:31.788+0900] {process_utils.py:191} INFO - @@@%%+--=+*%%%+-----+%@@%#++%%%#=--=*%+===#+::----------::=-----------=+*##*++=-----------=======-::
[2024-08-02T16:51:31.788+0900] {process_utils.py:191} INFO - +++++=-+#+***#*=-----#*++**+#@@@*--+#+**+***-:=-:---=*+-::=-----==+++*######%%%#=-------------==-:::
[2024-08-02T16:51:31.789+0900] {process_utils.py:191} INFO - *******-:::-*=-------+===+=-=+#%%:-=++++=+==-:=-:::=%%#-::###=-*#%%%%%%%%%%%%%%%%+---------------:::
[2024-08-02T16:51:31.789+0900] {process_utils.py:191} INFO - =====+=:--::+---+--+**++++*+++#%*-=--**++++-:=++=::+#*-::=%%%#*#%%%%%%%%@@%%%%@@%%#====------+#%%=-*
[2024-08-02T16:51:31.789+0900] {process_utils.py:191} INFO - =-==++---=+==*#%%%%%%=*++++++++==-=-*##*+=##**++=--++-:--*=-=*#%%%@%###*###*+++*%%%*=============-#%
[2024-08-02T16:51:31.789+0900] {process_utils.py:191} INFO - +-=------=*%%%%@%@@@@***=+*#+*##*#%%@@**++%@%%%%*+=--=-=+-:--:#%@@%#*****###*+---+*++#**===---=++*%@
[2024-08-02T16:51:31.790+0900] {process_utils.py:191} INFO - --==-::-*%%%@@@@@@@%#*=-+++%@%##%%@@@@@%#%@@@%%@%%%*=--=#%####-%@%%####++++++=---==++*####*+++*%@%@@
[2024-08-02T16:51:31.790+0900] {process_utils.py:191} INFO - -=*+=-=#@@@@@@@@@#*+++++*@@@@@@@@@@@@@@@@@@@@@@@@@@@#+==-+*+#=:-+#%##**==++**+++=====+*###*+**#@%##%
[2024-08-02T16:51:31.790+0900] {process_utils.py:191} INFO - -=++-+%%@%@@@@%+=-++***#@@@@@@@@@@@@%:+@@*%+=%@@@@@@%%#%%#*=+--:-=#++**%#*+=+++++===+**####=*%%%%%%%
[2024-08-02T16:51:31.790+0900] {process_utils.py:191} INFO - -=++#%%####+-:---=*%%@@%#######**++++=+++++++++%%=+%@@%##*+==-=++=+*****##*===+++++==*#####*+#%%##%%
[2024-08-02T16:51:31.790+0900] {process_utils.py:191} INFO - -=*+=---==+=-::::-*@@@%+=======++++++++++++++*#%#**%%%*==-+*=--+==*****#**+=====+++++=***+++=+==::::
[2024-08-02T16:51:31.790+0900] {process_utils.py:191} INFO - =#*=++++++*###**==*@@@%=======++++++++*@@@@@@@@%%#####-:=+----==******##****+++++***==-=+=:::.::::::
[2024-08-02T16:51:31.790+0900] {process_utils.py:191} INFO - #%*+*++++**##*###*+#@@#=========++++==*%%%%%%%%######*=-----==+*********##########*+====::::::::::::
[2024-08-02T16:51:31.791+0900] {process_utils.py:191} INFO - ++++*#%%@%*##*##***%@@*===============+%##%%######%%%%*==-===+*********+=+*#######*++++-:::--::-----
[2024-08-02T16:51:31.791+0900] {process_utils.py:191} INFO - ===+*#%@@%*##**#**+=--================+%%#%%###%#%%%%%#======*#######*-:-++*####*****++:------------
[2024-08-02T16:51:31.791+0900] {process_utils.py:191} INFO - =+=------=##**##**+=--================+%%#%%###%%#%%%%%+=====+###**++==----:-*####****=------==-====
[2024-08-02T16:51:31.791+0900] {process_utils.py:191} INFO - 
[2024-08-02T16:51:31.820+0900] {python.py:237} INFO - Done. Returned value was: None
[2024-08-02T16:51:31.820+0900] {taskinstance.py:441} INFO - ::group::Post task execution logs
[2024-08-02T16:51:31.824+0900] {taskinstance.py:1206} INFO - Marking task as SUCCESS. dag_id=movie, task_id=get.data, run_id=scheduled__2017-01-01T05:17:00+00:00, execution_date=20170101T051700, start_date=20240802T075125, end_date=20240802T075131
[2024-08-02T16:51:31.870+0900] {local_task_job_runner.py:243} INFO - Task exited with return code 0
[2024-08-02T16:51:31.884+0900] {taskinstance.py:3503} INFO - 0 downstream tasks scheduled from follow-on schedule check
[2024-08-02T16:51:31.885+0900] {local_task_job_runner.py:222} INFO - ::endgroup::
