[2024-08-02T17:46:51.142+0900] {local_task_job_runner.py:120} INFO - ::group::Pre task execution logs
[2024-08-02T17:46:51.167+0900] {taskinstance.py:2076} INFO - Dependencies all met for dep_context=non-requeueable deps ti=<TaskInstance: movie.transform scheduled__2017-01-05T05:27:00+00:00 [queued]>
[2024-08-02T17:46:51.174+0900] {taskinstance.py:2076} INFO - Dependencies all met for dep_context=requeueable deps ti=<TaskInstance: movie.transform scheduled__2017-01-05T05:27:00+00:00 [queued]>
[2024-08-02T17:46:51.174+0900] {taskinstance.py:2306} INFO - Starting attempt 1 of 3
[2024-08-02T17:46:51.190+0900] {taskinstance.py:2330} INFO - Executing <Task(PythonVirtualenvOperator): transform> on 2017-01-05 05:27:00+00:00
[2024-08-02T17:46:51.192+0900] {standard_task_runner.py:64} INFO - Started process 176713 to run task
[2024-08-02T17:46:51.195+0900] {standard_task_runner.py:90} INFO - Running: ['airflow', 'tasks', 'run', 'movie', 'transform', 'scheduled__2017-01-05T05:27:00+00:00', '--job-id', '328', '--raw', '--subdir', 'DAGS_FOLDER/movie.py', '--cfg-path', '/tmp/tmpmvmxwkpd']
[2024-08-02T17:46:51.196+0900] {standard_task_runner.py:91} INFO - Job 328: Subtask transform
[2024-08-02T17:46:51.234+0900] {task_command.py:426} INFO - Running <TaskInstance: movie.transform scheduled__2017-01-05T05:27:00+00:00 [running]> on host playdata.
[2024-08-02T17:46:51.308+0900] {taskinstance.py:2648} INFO - Exporting env vars: AIRFLOW_CTX_DAG_OWNER='airflow' AIRFLOW_CTX_DAG_ID='movie' AIRFLOW_CTX_TASK_ID='transform' AIRFLOW_CTX_EXECUTION_DATE='2017-01-05T05:27:00+00:00' AIRFLOW_CTX_TRY_NUMBER='1' AIRFLOW_CTX_DAG_RUN_ID='scheduled__2017-01-05T05:27:00+00:00'
[2024-08-02T17:46:51.308+0900] {taskinstance.py:430} INFO - ::endgroup::
[2024-08-02T17:46:51.318+0900] {baseoperator.py:400} WARNING - PythonVirtualenvOperator.execute cannot be called outside TaskInstance!
[2024-08-02T17:46:51.319+0900] {process_utils.py:183} INFO - Executing cmd: /home/oddsummer/.pyenv/versions/3.11.9/envs/air/bin/python -m virtualenv /tmp/venvl93wmoyt --python=python
[2024-08-02T17:46:51.320+0900] {process_utils.py:187} INFO - Output:
[2024-08-02T17:46:51.683+0900] {process_utils.py:191} INFO - created virtual environment CPython3.11.9.final.0-64 in 258ms
[2024-08-02T17:46:51.683+0900] {process_utils.py:191} INFO -   creator CPython3Posix(dest=/tmp/venvl93wmoyt, clear=False, no_vcs_ignore=False, global=False)
[2024-08-02T17:46:51.683+0900] {process_utils.py:191} INFO -   seeder FromAppData(download=False, pip=bundle, setuptools=bundle, wheel=bundle, via=copy, app_data_dir=/home/oddsummer/.local/share/virtualenv)
[2024-08-02T17:46:51.684+0900] {process_utils.py:191} INFO -     added seed packages: pip==24.1.2, setuptools==70.2.0, wheel==0.43.0
[2024-08-02T17:46:51.684+0900] {process_utils.py:191} INFO -   activators BashActivator,CShellActivator,FishActivator,NushellActivator,PowerShellActivator,PythonActivator
[2024-08-02T17:46:51.707+0900] {process_utils.py:183} INFO - Executing cmd: /tmp/venvl93wmoyt/bin/pip install -r /tmp/venvl93wmoyt/requirements.txt
[2024-08-02T17:46:51.708+0900] {process_utils.py:187} INFO - Output:
[2024-08-02T17:46:52.659+0900] {process_utils.py:191} INFO - Collecting git+https://github.com/7-TRG/transform_trg.git@main (from -r /tmp/venvl93wmoyt/requirements.txt (line 1))
[2024-08-02T17:46:52.659+0900] {process_utils.py:191} INFO -   Cloning https://github.com/7-TRG/transform_trg.git (to revision main) to /tmp/pip-req-build-vwmhhwre
[2024-08-02T17:46:52.662+0900] {process_utils.py:191} INFO -   Running command git clone --filter=blob:none --quiet https://github.com/7-TRG/transform_trg.git /tmp/pip-req-build-vwmhhwre
[2024-08-02T17:46:54.674+0900] {process_utils.py:191} INFO -   Resolved https://github.com/7-TRG/transform_trg.git to commit 789fe432a030fafcbef44ec873bc256dce822228
[2024-08-02T17:46:54.679+0900] {process_utils.py:191} INFO -   Installing build dependencies: started
[2024-08-02T17:46:56.503+0900] {process_utils.py:191} INFO -   Installing build dependencies: finished with status 'done'
[2024-08-02T17:46:56.504+0900] {process_utils.py:191} INFO -   Getting requirements to build wheel: started
[2024-08-02T17:46:56.744+0900] {process_utils.py:191} INFO -   Getting requirements to build wheel: finished with status 'done'
[2024-08-02T17:46:56.746+0900] {process_utils.py:191} INFO -   Preparing metadata (pyproject.toml): started
[2024-08-02T17:46:56.989+0900] {process_utils.py:191} INFO -   Preparing metadata (pyproject.toml): finished with status 'done'
[2024-08-02T17:46:56.992+0900] {process_utils.py:191} INFO - Building wheels for collected packages: transform_trg
[2024-08-02T17:46:56.996+0900] {process_utils.py:191} INFO -   Building wheel for transform_trg (pyproject.toml): started
[2024-08-02T17:46:57.258+0900] {process_utils.py:191} INFO -   Building wheel for transform_trg (pyproject.toml): finished with status 'done'
[2024-08-02T17:46:57.259+0900] {process_utils.py:191} INFO -   Created wheel for transform_trg: filename=transform_trg-0.1.0-py3-none-any.whl size=2244 sha256=6a1da210a42abd86cfb3bdd99c6f50e9e2f24e05f54abd3cf558a34d545a2b29
[2024-08-02T17:46:57.259+0900] {process_utils.py:191} INFO -   Stored in directory: /tmp/pip-ephem-wheel-cache-_d4lfgdv/wheels/52/ed/12/e63285a730e0434716bf2b76c497e2eca12531b214fbcca988
[2024-08-02T17:46:57.262+0900] {process_utils.py:191} INFO - Successfully built transform_trg
[2024-08-02T17:46:57.273+0900] {process_utils.py:191} INFO - Installing collected packages: transform_trg
[2024-08-02T17:46:57.289+0900] {process_utils.py:191} INFO - Successfully installed transform_trg-0.1.0
[2024-08-02T17:46:57.294+0900] {process_utils.py:191} INFO - 
[2024-08-02T17:46:57.295+0900] {process_utils.py:191} INFO - [notice] A new release of pip is available: 24.1.2 -> 24.2
[2024-08-02T17:46:57.295+0900] {process_utils.py:191} INFO - [notice] To update, run: python -m pip install --upgrade pip
[2024-08-02T17:46:57.391+0900] {process_utils.py:183} INFO - Executing cmd: /tmp/venvl93wmoyt/bin/python /tmp/venv-calligadrc45/script.py /tmp/venv-calligadrc45/script.in /tmp/venv-calligadrc45/script.out /tmp/venv-calligadrc45/string_args.txt /tmp/venv-calligadrc45/termination.log
[2024-08-02T17:46:57.391+0900] {process_utils.py:187} INFO - Output:
[2024-08-02T17:46:57.411+0900] {process_utils.py:191} INFO - 
[2024-08-02T17:46:57.411+0900] {process_utils.py:191} INFO - ---------------======---::::::------+--=======++++++++++===--:...::-=--==============--:.....:-=====
[2024-08-02T17:46:57.411+0900] {process_utils.py:191} INFO - ----::---------------------===--::--+-----=============++++++===---:....--===============--:...:-===
[2024-08-02T17:46:57.411+0900] {process_utils.py:191} INFO - ----------------------------------=++----------------------=+===========-::.:-======================
[2024-08-02T17:46:57.411+0900] {process_utils.py:191} INFO - =----------------------------------==-----------------------=-----==============================+=--
[2024-08-02T17:46:57.412+0900] {process_utils.py:191} INFO - %%####=----------------------------==----------------------=-::::-----======+*%#++================::
[2024-08-02T17:46:57.412+0900] {process_utils.py:191} INFO - %%%%%#=----------------------------=-:---------------------=--==--------=====*#*=================-::
[2024-08-02T17:46:57.412+0900] {process_utils.py:191} INFO - @@%%%*-----------------+***++=-----=-::-------------------:+---------=====+++====================-::
[2024-08-02T17:46:57.412+0900] {process_utils.py:191} INFO - @@%%%*---------------#%%%%##%%#=---=-+##*#+----------------=------------=====+====-=--===========-::
[2024-08-02T17:46:57.412+0900] {process_utils.py:191} INFO - @@@%%+--=+*%%%+-----+%@@%#++%%%#=--=*%+===#+::----------::=-----------=+*##*++=-----------=======-::
[2024-08-02T17:46:57.412+0900] {process_utils.py:191} INFO - +++++=-+#+***#*=-----#*++**+#@@@*--+#+**+***-:=-:---=*+-::=-----==+++*######%%%#=-------------==-:::
[2024-08-02T17:46:57.412+0900] {process_utils.py:191} INFO - *******-:::-*=-------+===+=-=+#%%:-=++++=+==-:=-:::=%%#-::###=-*#%%%%%%%%%%%%%%%%+---------------:::
[2024-08-02T17:46:57.413+0900] {process_utils.py:191} INFO - =====+=:--::+---+--+**++++*+++#%*-=--**++++-:=++=::+#*-::=%%%#*#%%%%%%%%@@%%%%@@%%#====------+#%%=-*
[2024-08-02T17:46:57.413+0900] {process_utils.py:191} INFO - =-==++---=+==*#%%%%%%=*++++++++==-=-*##*+=##**++=--++-:--*=-=*#%%%@%###*###*+++*%%%*=============-#%
[2024-08-02T17:46:57.413+0900] {process_utils.py:191} INFO - +-=------=*%%%%@%@@@@***=+*#+*##*#%%@@**++%@%%%%*+=--=-=+-:--:#%@@%#*****###*+---+*++#**===---=++*%@
[2024-08-02T17:46:57.413+0900] {process_utils.py:191} INFO - --==-::-*%%%@@@@@@@%#*=-+++%@%##%%@@@@@%#%@@@%%@%%%*=--=#%####-%@%%####++++++=---==++*####*+++*%@%@@
[2024-08-02T17:46:57.413+0900] {process_utils.py:191} INFO - -=*+=-=#@@@@@@@@@#*+++++*@@@@@@@@@@@@@@@@@@@@@@@@@@@#+==-+*+#=:-+#%##**==++**+++=====+*###*+**#@%##%
[2024-08-02T17:46:57.413+0900] {process_utils.py:191} INFO - -=++-+%%@%@@@@%+=-++***#@@@@@@@@@@@@%:+@@*%+=%@@@@@@%%#%%#*=+--:-=#++**%#*+=+++++===+**####=*%%%%%%%
[2024-08-02T17:46:57.413+0900] {process_utils.py:191} INFO - -=++#%%####+-:---=*%%@@%#######**++++=+++++++++%%=+%@@%##*+==-=++=+*****##*===+++++==*#####*+#%%##%%
[2024-08-02T17:46:57.413+0900] {process_utils.py:191} INFO - -=*+=---==+=-::::-*@@@%+=======++++++++++++++*#%#**%%%*==-+*=--+==*****#**+=====+++++=***+++=+==::::
[2024-08-02T17:46:57.414+0900] {process_utils.py:191} INFO - =#*=++++++*###**==*@@@%=======++++++++*@@@@@@@@%%#####-:=+----==******##****+++++***==-=+=:::.::::::
[2024-08-02T17:46:57.414+0900] {process_utils.py:191} INFO - #%*+*++++**##*###*+#@@#=========++++==*%%%%%%%%######*=-----==+*********##########*+====::::::::::::
[2024-08-02T17:46:57.414+0900] {process_utils.py:191} INFO - ++++*#%%@%*##*##***%@@*===============+%##%%######%%%%*==-===+*********+=+*#######*++++-:::--::-----
[2024-08-02T17:46:57.414+0900] {process_utils.py:191} INFO - ===+*#%@@%*##**#**+=--================+%%#%%###%#%%%%%#======*#######*-:-++*####*****++:------------
[2024-08-02T17:46:57.414+0900] {process_utils.py:191} INFO - =+=------=##**##**+=--================+%%#%%###%%#%%%%%+=====+###**++==----:-*####****=------==-====
[2024-08-02T17:46:57.415+0900] {process_utils.py:191} INFO - 
[2024-08-02T17:46:57.436+0900] {python.py:237} INFO - Done. Returned value was: None
[2024-08-02T17:46:57.437+0900] {taskinstance.py:441} INFO - ::group::Post task execution logs
[2024-08-02T17:46:57.440+0900] {taskinstance.py:1206} INFO - Marking task as SUCCESS. dag_id=movie, task_id=transform, run_id=scheduled__2017-01-05T05:27:00+00:00, execution_date=20170105T052700, start_date=20240802T084651, end_date=20240802T084657
[2024-08-02T17:46:57.500+0900] {local_task_job_runner.py:243} INFO - Task exited with return code 0
[2024-08-02T17:46:57.525+0900] {taskinstance.py:3503} INFO - 1 downstream tasks scheduled from follow-on schedule check
[2024-08-02T17:46:57.531+0900] {local_task_job_runner.py:222} INFO - ::endgroup::
