[2024-08-02T17:02:13.376+0900] {local_task_job_runner.py:120} INFO - ::group::Pre task execution logs
[2024-08-02T17:02:13.402+0900] {taskinstance.py:2076} INFO - Dependencies all met for dep_context=non-requeueable deps ti=<TaskInstance: movie.get.data scheduled__2017-01-02T05:14:00+00:00 [queued]>
[2024-08-02T17:02:13.412+0900] {taskinstance.py:2076} INFO - Dependencies all met for dep_context=requeueable deps ti=<TaskInstance: movie.get.data scheduled__2017-01-02T05:14:00+00:00 [queued]>
[2024-08-02T17:02:13.412+0900] {taskinstance.py:2306} INFO - Starting attempt 1 of 3
[2024-08-02T17:02:13.428+0900] {taskinstance.py:2330} INFO - Executing <Task(PythonVirtualenvOperator): get.data> on 2017-01-02 05:14:00+00:00
[2024-08-02T17:02:13.431+0900] {standard_task_runner.py:64} INFO - Started process 152038 to run task
[2024-08-02T17:02:13.435+0900] {standard_task_runner.py:90} INFO - Running: ['airflow', 'tasks', 'run', 'movie', 'get.data', 'scheduled__2017-01-02T05:14:00+00:00', '--job-id', '85', '--raw', '--subdir', 'DAGS_FOLDER/movie.py', '--cfg-path', '/tmp/tmpf6c7xnaq']
[2024-08-02T17:02:13.436+0900] {standard_task_runner.py:91} INFO - Job 85: Subtask get.data
[2024-08-02T17:02:13.471+0900] {task_command.py:426} INFO - Running <TaskInstance: movie.get.data scheduled__2017-01-02T05:14:00+00:00 [running]> on host playdata.
[2024-08-02T17:02:13.546+0900] {taskinstance.py:2648} INFO - Exporting env vars: AIRFLOW_CTX_DAG_OWNER='airflow' AIRFLOW_CTX_DAG_ID='movie' AIRFLOW_CTX_TASK_ID='get.data' AIRFLOW_CTX_EXECUTION_DATE='2017-01-02T05:14:00+00:00' AIRFLOW_CTX_TRY_NUMBER='1' AIRFLOW_CTX_DAG_RUN_ID='scheduled__2017-01-02T05:14:00+00:00'
[2024-08-02T17:02:13.546+0900] {taskinstance.py:430} INFO - ::endgroup::
[2024-08-02T17:02:13.556+0900] {baseoperator.py:400} WARNING - PythonVirtualenvOperator.execute cannot be called outside TaskInstance!
[2024-08-02T17:02:13.557+0900] {process_utils.py:183} INFO - Executing cmd: /home/oddsummer/.pyenv/versions/3.11.9/envs/air/bin/python -m virtualenv /tmp/venvw2m_kgdh --python=python
[2024-08-02T17:02:13.558+0900] {process_utils.py:187} INFO - Output:
[2024-08-02T17:02:13.950+0900] {process_utils.py:191} INFO - created virtual environment CPython3.11.9.final.0-64 in 286ms
[2024-08-02T17:02:13.950+0900] {process_utils.py:191} INFO -   creator CPython3Posix(dest=/tmp/venvw2m_kgdh, clear=False, no_vcs_ignore=False, global=False)
[2024-08-02T17:02:13.951+0900] {process_utils.py:191} INFO -   seeder FromAppData(download=False, pip=bundle, setuptools=bundle, wheel=bundle, via=copy, app_data_dir=/home/oddsummer/.local/share/virtualenv)
[2024-08-02T17:02:13.951+0900] {process_utils.py:191} INFO -     added seed packages: pip==24.1.2, setuptools==70.2.0, wheel==0.43.0
[2024-08-02T17:02:13.951+0900] {process_utils.py:191} INFO -   activators BashActivator,CShellActivator,FishActivator,NushellActivator,PowerShellActivator,PythonActivator
[2024-08-02T17:02:13.973+0900] {process_utils.py:183} INFO - Executing cmd: /tmp/venvw2m_kgdh/bin/pip install -r /tmp/venvw2m_kgdh/requirements.txt
[2024-08-02T17:02:13.974+0900] {process_utils.py:187} INFO - Output:
[2024-08-02T17:02:14.929+0900] {process_utils.py:191} INFO - Collecting git+https://github.com/7-TRG/extract_trg.git@main (from -r /tmp/venvw2m_kgdh/requirements.txt (line 1))
[2024-08-02T17:02:14.930+0900] {process_utils.py:191} INFO -   Cloning https://github.com/7-TRG/extract_trg.git (to revision main) to /tmp/pip-req-build-fz116sv6
[2024-08-02T17:02:14.933+0900] {process_utils.py:191} INFO -   Running command git clone --filter=blob:none --quiet https://github.com/7-TRG/extract_trg.git /tmp/pip-req-build-fz116sv6
[2024-08-02T17:02:16.529+0900] {process_utils.py:191} INFO -   Resolved https://github.com/7-TRG/extract_trg.git to commit 0712b3f1bbaeeeea58bf80749079a62c7e1bec3d
[2024-08-02T17:02:16.534+0900] {process_utils.py:191} INFO -   Installing build dependencies: started
[2024-08-02T17:02:18.331+0900] {process_utils.py:191} INFO -   Installing build dependencies: finished with status 'done'
[2024-08-02T17:02:18.332+0900] {process_utils.py:191} INFO -   Getting requirements to build wheel: started
[2024-08-02T17:02:18.591+0900] {process_utils.py:191} INFO -   Getting requirements to build wheel: finished with status 'done'
[2024-08-02T17:02:18.592+0900] {process_utils.py:191} INFO -   Preparing metadata (pyproject.toml): started
[2024-08-02T17:02:18.835+0900] {process_utils.py:191} INFO -   Preparing metadata (pyproject.toml): finished with status 'done'
[2024-08-02T17:02:18.838+0900] {process_utils.py:191} INFO - Building wheels for collected packages: extract_trg
[2024-08-02T17:02:18.842+0900] {process_utils.py:191} INFO -   Building wheel for extract_trg (pyproject.toml): started
[2024-08-02T17:02:19.101+0900] {process_utils.py:191} INFO -   Building wheel for extract_trg (pyproject.toml): finished with status 'done'
[2024-08-02T17:02:19.102+0900] {process_utils.py:191} INFO -   Created wheel for extract_trg: filename=extract_trg-0.1.0-py3-none-any.whl size=2219 sha256=4bac30aa0d67275d35976da2af28a3b72f67a295f0edce9160367fe7546f7025
[2024-08-02T17:02:19.102+0900] {process_utils.py:191} INFO -   Stored in directory: /tmp/pip-ephem-wheel-cache-dkgq49nb/wheels/21/97/ea/e27bc4298590f1b8a2b9c46b60aefbe2e3076cf05f6bd5e464
[2024-08-02T17:02:19.104+0900] {process_utils.py:191} INFO - Successfully built extract_trg
[2024-08-02T17:02:19.113+0900] {process_utils.py:191} INFO - Installing collected packages: extract_trg
[2024-08-02T17:02:19.131+0900] {process_utils.py:191} INFO - Successfully installed extract_trg-0.1.0
[2024-08-02T17:02:19.136+0900] {process_utils.py:191} INFO - 
[2024-08-02T17:02:19.136+0900] {process_utils.py:191} INFO - [notice] A new release of pip is available: 24.1.2 -> 24.2
[2024-08-02T17:02:19.136+0900] {process_utils.py:191} INFO - [notice] To update, run: python -m pip install --upgrade pip
[2024-08-02T17:02:19.225+0900] {process_utils.py:183} INFO - Executing cmd: /tmp/venvw2m_kgdh/bin/python /tmp/venv-callg3eezsrt/script.py /tmp/venv-callg3eezsrt/script.in /tmp/venv-callg3eezsrt/script.out /tmp/venv-callg3eezsrt/string_args.txt /tmp/venv-callg3eezsrt/termination.log
[2024-08-02T17:02:19.225+0900] {process_utils.py:187} INFO - Output:
[2024-08-02T17:02:19.251+0900] {process_utils.py:191} INFO - 
[2024-08-02T17:02:19.251+0900] {process_utils.py:191} INFO - ---------------======---::::::------+--=======++++++++++===--:...::-=--==============--:.....:-=====
[2024-08-02T17:02:19.252+0900] {process_utils.py:191} INFO - ----::---------------------===--::--+-----=============++++++===---:....--===============--:...:-===
[2024-08-02T17:02:19.252+0900] {process_utils.py:191} INFO - ----------------------------------=++----------------------=+===========-::.:-======================
[2024-08-02T17:02:19.252+0900] {process_utils.py:191} INFO - =----------------------------------==-----------------------=-----==============================+=--
[2024-08-02T17:02:19.252+0900] {process_utils.py:191} INFO - %%####=----------------------------==----------------------=-::::-----======+*%#++================::
[2024-08-02T17:02:19.253+0900] {process_utils.py:191} INFO - %%%%%#=----------------------------=-:---------------------=--==--------=====*#*=================-::
[2024-08-02T17:02:19.253+0900] {process_utils.py:191} INFO - @@%%%*-----------------+***++=-----=-::-------------------:+---------=====+++====================-::
[2024-08-02T17:02:19.253+0900] {process_utils.py:191} INFO - @@%%%*---------------#%%%%##%%#=---=-+##*#+----------------=------------=====+====-=--===========-::
[2024-08-02T17:02:19.253+0900] {process_utils.py:191} INFO - @@@%%+--=+*%%%+-----+%@@%#++%%%#=--=*%+===#+::----------::=-----------=+*##*++=-----------=======-::
[2024-08-02T17:02:19.253+0900] {process_utils.py:191} INFO - +++++=-+#+***#*=-----#*++**+#@@@*--+#+**+***-:=-:---=*+-::=-----==+++*######%%%#=-------------==-:::
[2024-08-02T17:02:19.254+0900] {process_utils.py:191} INFO - *******-:::-*=-------+===+=-=+#%%:-=++++=+==-:=-:::=%%#-::###=-*#%%%%%%%%%%%%%%%%+---------------:::
[2024-08-02T17:02:19.254+0900] {process_utils.py:191} INFO - =====+=:--::+---+--+**++++*+++#%*-=--**++++-:=++=::+#*-::=%%%#*#%%%%%%%%@@%%%%@@%%#====------+#%%=-*
[2024-08-02T17:02:19.254+0900] {process_utils.py:191} INFO - =-==++---=+==*#%%%%%%=*++++++++==-=-*##*+=##**++=--++-:--*=-=*#%%%@%###*###*+++*%%%*=============-#%
[2024-08-02T17:02:19.254+0900] {process_utils.py:191} INFO - +-=------=*%%%%@%@@@@***=+*#+*##*#%%@@**++%@%%%%*+=--=-=+-:--:#%@@%#*****###*+---+*++#**===---=++*%@
[2024-08-02T17:02:19.254+0900] {process_utils.py:191} INFO - --==-::-*%%%@@@@@@@%#*=-+++%@%##%%@@@@@%#%@@@%%@%%%*=--=#%####-%@%%####++++++=---==++*####*+++*%@%@@
[2024-08-02T17:02:19.255+0900] {process_utils.py:191} INFO - -=*+=-=#@@@@@@@@@#*+++++*@@@@@@@@@@@@@@@@@@@@@@@@@@@#+==-+*+#=:-+#%##**==++**+++=====+*###*+**#@%##%
[2024-08-02T17:02:19.255+0900] {process_utils.py:191} INFO - -=++-+%%@%@@@@%+=-++***#@@@@@@@@@@@@%:+@@*%+=%@@@@@@%%#%%#*=+--:-=#++**%#*+=+++++===+**####=*%%%%%%%
[2024-08-02T17:02:19.255+0900] {process_utils.py:191} INFO - -=++#%%####+-:---=*%%@@%#######**++++=+++++++++%%=+%@@%##*+==-=++=+*****##*===+++++==*#####*+#%%##%%
[2024-08-02T17:02:19.255+0900] {process_utils.py:191} INFO - -=*+=---==+=-::::-*@@@%+=======++++++++++++++*#%#**%%%*==-+*=--+==*****#**+=====+++++=***+++=+==::::
[2024-08-02T17:02:19.255+0900] {process_utils.py:191} INFO - =#*=++++++*###**==*@@@%=======++++++++*@@@@@@@@%%#####-:=+----==******##****+++++***==-=+=:::.::::::
[2024-08-02T17:02:19.255+0900] {process_utils.py:191} INFO - #%*+*++++**##*###*+#@@#=========++++==*%%%%%%%%######*=-----==+*********##########*+====::::::::::::
[2024-08-02T17:02:19.255+0900] {process_utils.py:191} INFO - ++++*#%%@%*##*##***%@@*===============+%##%%######%%%%*==-===+*********+=+*#######*++++-:::--::-----
[2024-08-02T17:02:19.256+0900] {process_utils.py:191} INFO - ===+*#%@@%*##**#**+=--================+%%#%%###%#%%%%%#======*#######*-:-++*####*****++:------------
[2024-08-02T17:02:19.256+0900] {process_utils.py:191} INFO - =+=------=##**##**+=--================+%%#%%###%%#%%%%%+=====+###**++==----:-*####****=------==-====
[2024-08-02T17:02:19.256+0900] {process_utils.py:191} INFO - 
[2024-08-02T17:02:19.277+0900] {python.py:237} INFO - Done. Returned value was: None
[2024-08-02T17:02:19.278+0900] {taskinstance.py:441} INFO - ::group::Post task execution logs
[2024-08-02T17:02:19.282+0900] {taskinstance.py:1206} INFO - Marking task as SUCCESS. dag_id=movie, task_id=get.data, run_id=scheduled__2017-01-02T05:14:00+00:00, execution_date=20170102T051400, start_date=20240802T080213, end_date=20240802T080219
[2024-08-02T17:02:19.321+0900] {local_task_job_runner.py:243} INFO - Task exited with return code 0
[2024-08-02T17:02:19.332+0900] {taskinstance.py:3503} INFO - 0 downstream tasks scheduled from follow-on schedule check
[2024-08-02T17:02:19.332+0900] {local_task_job_runner.py:222} INFO - ::endgroup::
