[2024-08-02T17:47:38.581+0900] {local_task_job_runner.py:120} INFO - ::group::Pre task execution logs
[2024-08-02T17:47:38.600+0900] {taskinstance.py:2076} INFO - Dependencies all met for dep_context=non-requeueable deps ti=<TaskInstance: movie.extract scheduled__2017-01-05T05:29:00+00:00 [queued]>
[2024-08-02T17:47:38.606+0900] {taskinstance.py:2076} INFO - Dependencies all met for dep_context=requeueable deps ti=<TaskInstance: movie.extract scheduled__2017-01-05T05:29:00+00:00 [queued]>
[2024-08-02T17:47:38.606+0900] {taskinstance.py:2306} INFO - Starting attempt 1 of 3
[2024-08-02T17:47:38.622+0900] {taskinstance.py:2330} INFO - Executing <Task(PythonVirtualenvOperator): extract> on 2017-01-05 05:29:00+00:00
[2024-08-02T17:47:38.626+0900] {standard_task_runner.py:64} INFO - Started process 177097 to run task
[2024-08-02T17:47:38.629+0900] {standard_task_runner.py:90} INFO - Running: ['airflow', 'tasks', 'run', 'movie', 'extract', 'scheduled__2017-01-05T05:29:00+00:00', '--job-id', '333', '--raw', '--subdir', 'DAGS_FOLDER/movie.py', '--cfg-path', '/tmp/tmppih6mt3t']
[2024-08-02T17:47:38.630+0900] {standard_task_runner.py:91} INFO - Job 333: Subtask extract
[2024-08-02T17:47:38.666+0900] {task_command.py:426} INFO - Running <TaskInstance: movie.extract scheduled__2017-01-05T05:29:00+00:00 [running]> on host playdata.
[2024-08-02T17:47:38.740+0900] {taskinstance.py:2648} INFO - Exporting env vars: AIRFLOW_CTX_DAG_OWNER='airflow' AIRFLOW_CTX_DAG_ID='movie' AIRFLOW_CTX_TASK_ID='extract' AIRFLOW_CTX_EXECUTION_DATE='2017-01-05T05:29:00+00:00' AIRFLOW_CTX_TRY_NUMBER='1' AIRFLOW_CTX_DAG_RUN_ID='scheduled__2017-01-05T05:29:00+00:00'
[2024-08-02T17:47:38.741+0900] {taskinstance.py:430} INFO - ::endgroup::
[2024-08-02T17:47:38.752+0900] {baseoperator.py:400} WARNING - PythonVirtualenvOperator.execute cannot be called outside TaskInstance!
[2024-08-02T17:47:38.752+0900] {process_utils.py:183} INFO - Executing cmd: /home/oddsummer/.pyenv/versions/3.11.9/envs/air/bin/python -m virtualenv /tmp/venv4p6yu6dy --python=python
[2024-08-02T17:47:38.753+0900] {process_utils.py:187} INFO - Output:
[2024-08-02T17:47:39.093+0900] {process_utils.py:191} INFO - created virtual environment CPython3.11.9.final.0-64 in 230ms
[2024-08-02T17:47:39.093+0900] {process_utils.py:191} INFO -   creator CPython3Posix(dest=/tmp/venv4p6yu6dy, clear=False, no_vcs_ignore=False, global=False)
[2024-08-02T17:47:39.093+0900] {process_utils.py:191} INFO -   seeder FromAppData(download=False, pip=bundle, setuptools=bundle, wheel=bundle, via=copy, app_data_dir=/home/oddsummer/.local/share/virtualenv)
[2024-08-02T17:47:39.093+0900] {process_utils.py:191} INFO -     added seed packages: pip==24.1.2, setuptools==70.2.0, wheel==0.43.0
[2024-08-02T17:47:39.093+0900] {process_utils.py:191} INFO -   activators BashActivator,CShellActivator,FishActivator,NushellActivator,PowerShellActivator,PythonActivator
[2024-08-02T17:47:39.120+0900] {process_utils.py:183} INFO - Executing cmd: /tmp/venv4p6yu6dy/bin/pip install -r /tmp/venv4p6yu6dy/requirements.txt
[2024-08-02T17:47:39.120+0900] {process_utils.py:187} INFO - Output:
[2024-08-02T17:47:40.142+0900] {process_utils.py:191} INFO - Collecting git+https://github.com/7-TRG/extract_trg.git@main (from -r /tmp/venv4p6yu6dy/requirements.txt (line 1))
[2024-08-02T17:47:40.143+0900] {process_utils.py:191} INFO -   Cloning https://github.com/7-TRG/extract_trg.git (to revision main) to /tmp/pip-req-build-ryqqcb0n
[2024-08-02T17:47:40.145+0900] {process_utils.py:191} INFO -   Running command git clone --filter=blob:none --quiet https://github.com/7-TRG/extract_trg.git /tmp/pip-req-build-ryqqcb0n
[2024-08-02T17:47:41.897+0900] {process_utils.py:191} INFO -   Resolved https://github.com/7-TRG/extract_trg.git to commit 0712b3f1bbaeeeea58bf80749079a62c7e1bec3d
[2024-08-02T17:47:41.904+0900] {process_utils.py:191} INFO -   Installing build dependencies: started
[2024-08-02T17:47:43.738+0900] {process_utils.py:191} INFO -   Installing build dependencies: finished with status 'done'
[2024-08-02T17:47:43.739+0900] {process_utils.py:191} INFO -   Getting requirements to build wheel: started
[2024-08-02T17:47:43.973+0900] {process_utils.py:191} INFO -   Getting requirements to build wheel: finished with status 'done'
[2024-08-02T17:47:43.975+0900] {process_utils.py:191} INFO -   Preparing metadata (pyproject.toml): started
[2024-08-02T17:47:44.221+0900] {process_utils.py:191} INFO -   Preparing metadata (pyproject.toml): finished with status 'done'
[2024-08-02T17:47:44.224+0900] {process_utils.py:191} INFO - Building wheels for collected packages: extract_trg
[2024-08-02T17:47:44.228+0900] {process_utils.py:191} INFO -   Building wheel for extract_trg (pyproject.toml): started
[2024-08-02T17:47:44.493+0900] {process_utils.py:191} INFO -   Building wheel for extract_trg (pyproject.toml): finished with status 'done'
[2024-08-02T17:47:44.494+0900] {process_utils.py:191} INFO -   Created wheel for extract_trg: filename=extract_trg-0.1.0-py3-none-any.whl size=2219 sha256=a4c55b7f1cdd1b1e5d72df27e60f0bc91b73a25ca41414d70f2e544f4a7054de
[2024-08-02T17:47:44.494+0900] {process_utils.py:191} INFO -   Stored in directory: /tmp/pip-ephem-wheel-cache-f612a74u/wheels/21/97/ea/e27bc4298590f1b8a2b9c46b60aefbe2e3076cf05f6bd5e464
[2024-08-02T17:47:44.496+0900] {process_utils.py:191} INFO - Successfully built extract_trg
[2024-08-02T17:47:44.504+0900] {process_utils.py:191} INFO - Installing collected packages: extract_trg
[2024-08-02T17:47:44.540+0900] {process_utils.py:191} INFO - Successfully installed extract_trg-0.1.0
[2024-08-02T17:47:44.546+0900] {process_utils.py:191} INFO - 
[2024-08-02T17:47:44.546+0900] {process_utils.py:191} INFO - [notice] A new release of pip is available: 24.1.2 -> 24.2
[2024-08-02T17:47:44.546+0900] {process_utils.py:191} INFO - [notice] To update, run: python -m pip install --upgrade pip
[2024-08-02T17:47:44.661+0900] {process_utils.py:183} INFO - Executing cmd: /tmp/venv4p6yu6dy/bin/python /tmp/venv-callverk7vjg/script.py /tmp/venv-callverk7vjg/script.in /tmp/venv-callverk7vjg/script.out /tmp/venv-callverk7vjg/string_args.txt /tmp/venv-callverk7vjg/termination.log
[2024-08-02T17:47:44.662+0900] {process_utils.py:187} INFO - Output:
[2024-08-02T17:47:44.683+0900] {process_utils.py:191} INFO - 
[2024-08-02T17:47:44.684+0900] {process_utils.py:191} INFO - ---------------======---::::::------+--=======++++++++++===--:...::-=--==============--:.....:-=====
[2024-08-02T17:47:44.684+0900] {process_utils.py:191} INFO - ----::---------------------===--::--+-----=============++++++===---:....--===============--:...:-===
[2024-08-02T17:47:44.684+0900] {process_utils.py:191} INFO - ----------------------------------=++----------------------=+===========-::.:-======================
[2024-08-02T17:47:44.684+0900] {process_utils.py:191} INFO - =----------------------------------==-----------------------=-----==============================+=--
[2024-08-02T17:47:44.685+0900] {process_utils.py:191} INFO - %%####=----------------------------==----------------------=-::::-----======+*%#++================::
[2024-08-02T17:47:44.685+0900] {process_utils.py:191} INFO - %%%%%#=----------------------------=-:---------------------=--==--------=====*#*=================-::
[2024-08-02T17:47:44.685+0900] {process_utils.py:191} INFO - @@%%%*-----------------+***++=-----=-::-------------------:+---------=====+++====================-::
[2024-08-02T17:47:44.685+0900] {process_utils.py:191} INFO - @@%%%*---------------#%%%%##%%#=---=-+##*#+----------------=------------=====+====-=--===========-::
[2024-08-02T17:47:44.685+0900] {process_utils.py:191} INFO - @@@%%+--=+*%%%+-----+%@@%#++%%%#=--=*%+===#+::----------::=-----------=+*##*++=-----------=======-::
[2024-08-02T17:47:44.685+0900] {process_utils.py:191} INFO - +++++=-+#+***#*=-----#*++**+#@@@*--+#+**+***-:=-:---=*+-::=-----==+++*######%%%#=-------------==-:::
[2024-08-02T17:47:44.686+0900] {process_utils.py:191} INFO - *******-:::-*=-------+===+=-=+#%%:-=++++=+==-:=-:::=%%#-::###=-*#%%%%%%%%%%%%%%%%+---------------:::
[2024-08-02T17:47:44.686+0900] {process_utils.py:191} INFO - =====+=:--::+---+--+**++++*+++#%*-=--**++++-:=++=::+#*-::=%%%#*#%%%%%%%%@@%%%%@@%%#====------+#%%=-*
[2024-08-02T17:47:44.686+0900] {process_utils.py:191} INFO - =-==++---=+==*#%%%%%%=*++++++++==-=-*##*+=##**++=--++-:--*=-=*#%%%@%###*###*+++*%%%*=============-#%
[2024-08-02T17:47:44.686+0900] {process_utils.py:191} INFO - +-=------=*%%%%@%@@@@***=+*#+*##*#%%@@**++%@%%%%*+=--=-=+-:--:#%@@%#*****###*+---+*++#**===---=++*%@
[2024-08-02T17:47:44.686+0900] {process_utils.py:191} INFO - --==-::-*%%%@@@@@@@%#*=-+++%@%##%%@@@@@%#%@@@%%@%%%*=--=#%####-%@%%####++++++=---==++*####*+++*%@%@@
[2024-08-02T17:47:44.686+0900] {process_utils.py:191} INFO - -=*+=-=#@@@@@@@@@#*+++++*@@@@@@@@@@@@@@@@@@@@@@@@@@@#+==-+*+#=:-+#%##**==++**+++=====+*###*+**#@%##%
[2024-08-02T17:47:44.686+0900] {process_utils.py:191} INFO - -=++-+%%@%@@@@%+=-++***#@@@@@@@@@@@@%:+@@*%+=%@@@@@@%%#%%#*=+--:-=#++**%#*+=+++++===+**####=*%%%%%%%
[2024-08-02T17:47:44.686+0900] {process_utils.py:191} INFO - -=++#%%####+-:---=*%%@@%#######**++++=+++++++++%%=+%@@%##*+==-=++=+*****##*===+++++==*#####*+#%%##%%
[2024-08-02T17:47:44.687+0900] {process_utils.py:191} INFO - -=*+=---==+=-::::-*@@@%+=======++++++++++++++*#%#**%%%*==-+*=--+==*****#**+=====+++++=***+++=+==::::
[2024-08-02T17:47:44.687+0900] {process_utils.py:191} INFO - =#*=++++++*###**==*@@@%=======++++++++*@@@@@@@@%%#####-:=+----==******##****+++++***==-=+=:::.::::::
[2024-08-02T17:47:44.687+0900] {process_utils.py:191} INFO - #%*+*++++**##*###*+#@@#=========++++==*%%%%%%%%######*=-----==+*********##########*+====::::::::::::
[2024-08-02T17:47:44.687+0900] {process_utils.py:191} INFO - ++++*#%%@%*##*##***%@@*===============+%##%%######%%%%*==-===+*********+=+*#######*++++-:::--::-----
[2024-08-02T17:47:44.687+0900] {process_utils.py:191} INFO - ===+*#%@@%*##**#**+=--================+%%#%%###%#%%%%%#======*#######*-:-++*####*****++:------------
[2024-08-02T17:47:44.687+0900] {process_utils.py:191} INFO - =+=------=##**##**+=--================+%%#%%###%%#%%%%%+=====+###**++==----:-*####****=------==-====
[2024-08-02T17:47:44.687+0900] {process_utils.py:191} INFO - 
[2024-08-02T17:47:44.711+0900] {python.py:237} INFO - Done. Returned value was: None
[2024-08-02T17:47:44.712+0900] {taskinstance.py:441} INFO - ::group::Post task execution logs
[2024-08-02T17:47:44.716+0900] {taskinstance.py:1206} INFO - Marking task as SUCCESS. dag_id=movie, task_id=extract, run_id=scheduled__2017-01-05T05:29:00+00:00, execution_date=20170105T052900, start_date=20240802T084738, end_date=20240802T084744
[2024-08-02T17:47:44.755+0900] {local_task_job_runner.py:243} INFO - Task exited with return code 0
[2024-08-02T17:47:44.777+0900] {taskinstance.py:3503} INFO - 1 downstream tasks scheduled from follow-on schedule check
[2024-08-02T17:47:44.782+0900] {local_task_job_runner.py:222} INFO - ::endgroup::
