[2024-08-02T17:04:52.116+0900] {local_task_job_runner.py:120} INFO - ::group::Pre task execution logs
[2024-08-02T17:04:52.141+0900] {taskinstance.py:2076} INFO - Dependencies all met for dep_context=non-requeueable deps ti=<TaskInstance: movie.get.data scheduled__2017-01-02T05:28:00+00:00 [queued]>
[2024-08-02T17:04:52.153+0900] {taskinstance.py:2076} INFO - Dependencies all met for dep_context=requeueable deps ti=<TaskInstance: movie.get.data scheduled__2017-01-02T05:28:00+00:00 [queued]>
[2024-08-02T17:04:52.153+0900] {taskinstance.py:2306} INFO - Starting attempt 1 of 3
[2024-08-02T17:04:52.174+0900] {taskinstance.py:2330} INFO - Executing <Task(PythonVirtualenvOperator): get.data> on 2017-01-02 05:28:00+00:00
[2024-08-02T17:04:52.177+0900] {standard_task_runner.py:64} INFO - Started process 153210 to run task
[2024-08-02T17:04:52.182+0900] {standard_task_runner.py:90} INFO - Running: ['airflow', 'tasks', 'run', 'movie', 'get.data', 'scheduled__2017-01-02T05:28:00+00:00', '--job-id', '99', '--raw', '--subdir', 'DAGS_FOLDER/movie.py', '--cfg-path', '/tmp/tmpr908hogs']
[2024-08-02T17:04:52.184+0900] {standard_task_runner.py:91} INFO - Job 99: Subtask get.data
[2024-08-02T17:04:52.237+0900] {task_command.py:426} INFO - Running <TaskInstance: movie.get.data scheduled__2017-01-02T05:28:00+00:00 [running]> on host playdata.
[2024-08-02T17:04:52.342+0900] {taskinstance.py:2648} INFO - Exporting env vars: AIRFLOW_CTX_DAG_OWNER='airflow' AIRFLOW_CTX_DAG_ID='movie' AIRFLOW_CTX_TASK_ID='get.data' AIRFLOW_CTX_EXECUTION_DATE='2017-01-02T05:28:00+00:00' AIRFLOW_CTX_TRY_NUMBER='1' AIRFLOW_CTX_DAG_RUN_ID='scheduled__2017-01-02T05:28:00+00:00'
[2024-08-02T17:04:52.343+0900] {taskinstance.py:430} INFO - ::endgroup::
[2024-08-02T17:04:52.356+0900] {baseoperator.py:400} WARNING - PythonVirtualenvOperator.execute cannot be called outside TaskInstance!
[2024-08-02T17:04:52.357+0900] {process_utils.py:183} INFO - Executing cmd: /home/oddsummer/.pyenv/versions/3.11.9/envs/air/bin/python -m virtualenv /tmp/venvnjx8dij0 --python=python
[2024-08-02T17:04:52.358+0900] {process_utils.py:187} INFO - Output:
[2024-08-02T17:04:52.767+0900] {process_utils.py:191} INFO - created virtual environment CPython3.11.9.final.0-64 in 284ms
[2024-08-02T17:04:52.768+0900] {process_utils.py:191} INFO -   creator CPython3Posix(dest=/tmp/venvnjx8dij0, clear=False, no_vcs_ignore=False, global=False)
[2024-08-02T17:04:52.768+0900] {process_utils.py:191} INFO -   seeder FromAppData(download=False, pip=bundle, setuptools=bundle, wheel=bundle, via=copy, app_data_dir=/home/oddsummer/.local/share/virtualenv)
[2024-08-02T17:04:52.769+0900] {process_utils.py:191} INFO -     added seed packages: pip==24.1.2, setuptools==70.2.0, wheel==0.43.0
[2024-08-02T17:04:52.769+0900] {process_utils.py:191} INFO -   activators BashActivator,CShellActivator,FishActivator,NushellActivator,PowerShellActivator,PythonActivator
[2024-08-02T17:04:52.791+0900] {process_utils.py:183} INFO - Executing cmd: /tmp/venvnjx8dij0/bin/pip install -r /tmp/venvnjx8dij0/requirements.txt
[2024-08-02T17:04:52.792+0900] {process_utils.py:187} INFO - Output:
[2024-08-02T17:04:53.958+0900] {process_utils.py:191} INFO - Collecting git+https://github.com/7-TRG/extract_trg.git@main (from -r /tmp/venvnjx8dij0/requirements.txt (line 1))
[2024-08-02T17:04:53.958+0900] {process_utils.py:191} INFO -   Cloning https://github.com/7-TRG/extract_trg.git (to revision main) to /tmp/pip-req-build-pr2q9lbz
[2024-08-02T17:04:53.961+0900] {process_utils.py:191} INFO -   Running command git clone --filter=blob:none --quiet https://github.com/7-TRG/extract_trg.git /tmp/pip-req-build-pr2q9lbz
[2024-08-02T17:04:56.281+0900] {process_utils.py:191} INFO -   Resolved https://github.com/7-TRG/extract_trg.git to commit 0712b3f1bbaeeeea58bf80749079a62c7e1bec3d
[2024-08-02T17:04:56.288+0900] {process_utils.py:191} INFO -   Installing build dependencies: started
[2024-08-02T17:04:58.933+0900] {process_utils.py:191} INFO -   Installing build dependencies: finished with status 'done'
[2024-08-02T17:04:58.934+0900] {process_utils.py:191} INFO -   Getting requirements to build wheel: started
[2024-08-02T17:04:59.465+0900] {process_utils.py:191} INFO -   Getting requirements to build wheel: finished with status 'done'
[2024-08-02T17:04:59.468+0900] {process_utils.py:191} INFO -   Preparing metadata (pyproject.toml): started
[2024-08-02T17:04:59.989+0900] {process_utils.py:191} INFO -   Preparing metadata (pyproject.toml): finished with status 'done'
[2024-08-02T17:04:59.994+0900] {process_utils.py:191} INFO - Building wheels for collected packages: extract_trg
[2024-08-02T17:05:00.003+0900] {process_utils.py:191} INFO -   Building wheel for extract_trg (pyproject.toml): started
[2024-08-02T17:05:00.501+0900] {process_utils.py:191} INFO -   Building wheel for extract_trg (pyproject.toml): finished with status 'done'
[2024-08-02T17:05:00.502+0900] {process_utils.py:191} INFO -   Created wheel for extract_trg: filename=extract_trg-0.1.0-py3-none-any.whl size=2219 sha256=588381fd41c743dea82d5439d6f78b7bb155e433a46b43e834a54ebd72d43ce2
[2024-08-02T17:05:00.502+0900] {process_utils.py:191} INFO -   Stored in directory: /tmp/pip-ephem-wheel-cache-vux1uo2j/wheels/21/97/ea/e27bc4298590f1b8a2b9c46b60aefbe2e3076cf05f6bd5e464
[2024-08-02T17:05:00.504+0900] {process_utils.py:191} INFO - Successfully built extract_trg
[2024-08-02T17:05:00.518+0900] {process_utils.py:191} INFO - Installing collected packages: extract_trg
[2024-08-02T17:05:00.554+0900] {process_utils.py:191} INFO - Successfully installed extract_trg-0.1.0
[2024-08-02T17:05:00.563+0900] {process_utils.py:191} INFO - 
[2024-08-02T17:05:00.563+0900] {process_utils.py:191} INFO - [notice] A new release of pip is available: 24.1.2 -> 24.2
[2024-08-02T17:05:00.563+0900] {process_utils.py:191} INFO - [notice] To update, run: python -m pip install --upgrade pip
[2024-08-02T17:05:00.766+0900] {process_utils.py:183} INFO - Executing cmd: /tmp/venvnjx8dij0/bin/python /tmp/venv-callxex69vp_/script.py /tmp/venv-callxex69vp_/script.in /tmp/venv-callxex69vp_/script.out /tmp/venv-callxex69vp_/string_args.txt /tmp/venv-callxex69vp_/termination.log
[2024-08-02T17:05:00.768+0900] {process_utils.py:187} INFO - Output:
[2024-08-02T17:05:00.802+0900] {process_utils.py:191} INFO - 
[2024-08-02T17:05:00.803+0900] {process_utils.py:191} INFO - ---------------======---::::::------+--=======++++++++++===--:...::-=--==============--:.....:-=====
[2024-08-02T17:05:00.803+0900] {process_utils.py:191} INFO - ----::---------------------===--::--+-----=============++++++===---:....--===============--:...:-===
[2024-08-02T17:05:00.803+0900] {process_utils.py:191} INFO - ----------------------------------=++----------------------=+===========-::.:-======================
[2024-08-02T17:05:00.803+0900] {process_utils.py:191} INFO - =----------------------------------==-----------------------=-----==============================+=--
[2024-08-02T17:05:00.803+0900] {process_utils.py:191} INFO - %%####=----------------------------==----------------------=-::::-----======+*%#++================::
[2024-08-02T17:05:00.803+0900] {process_utils.py:191} INFO - %%%%%#=----------------------------=-:---------------------=--==--------=====*#*=================-::
[2024-08-02T17:05:00.803+0900] {process_utils.py:191} INFO - @@%%%*-----------------+***++=-----=-::-------------------:+---------=====+++====================-::
[2024-08-02T17:05:00.804+0900] {process_utils.py:191} INFO - @@%%%*---------------#%%%%##%%#=---=-+##*#+----------------=------------=====+====-=--===========-::
[2024-08-02T17:05:00.804+0900] {process_utils.py:191} INFO - @@@%%+--=+*%%%+-----+%@@%#++%%%#=--=*%+===#+::----------::=-----------=+*##*++=-----------=======-::
[2024-08-02T17:05:00.804+0900] {process_utils.py:191} INFO - +++++=-+#+***#*=-----#*++**+#@@@*--+#+**+***-:=-:---=*+-::=-----==+++*######%%%#=-------------==-:::
[2024-08-02T17:05:00.804+0900] {process_utils.py:191} INFO - *******-:::-*=-------+===+=-=+#%%:-=++++=+==-:=-:::=%%#-::###=-*#%%%%%%%%%%%%%%%%+---------------:::
[2024-08-02T17:05:00.804+0900] {process_utils.py:191} INFO - =====+=:--::+---+--+**++++*+++#%*-=--**++++-:=++=::+#*-::=%%%#*#%%%%%%%%@@%%%%@@%%#====------+#%%=-*
[2024-08-02T17:05:00.804+0900] {process_utils.py:191} INFO - =-==++---=+==*#%%%%%%=*++++++++==-=-*##*+=##**++=--++-:--*=-=*#%%%@%###*###*+++*%%%*=============-#%
[2024-08-02T17:05:00.805+0900] {process_utils.py:191} INFO - +-=------=*%%%%@%@@@@***=+*#+*##*#%%@@**++%@%%%%*+=--=-=+-:--:#%@@%#*****###*+---+*++#**===---=++*%@
[2024-08-02T17:05:00.805+0900] {process_utils.py:191} INFO - --==-::-*%%%@@@@@@@%#*=-+++%@%##%%@@@@@%#%@@@%%@%%%*=--=#%####-%@%%####++++++=---==++*####*+++*%@%@@
[2024-08-02T17:05:00.805+0900] {process_utils.py:191} INFO - -=*+=-=#@@@@@@@@@#*+++++*@@@@@@@@@@@@@@@@@@@@@@@@@@@#+==-+*+#=:-+#%##**==++**+++=====+*###*+**#@%##%
[2024-08-02T17:05:00.805+0900] {process_utils.py:191} INFO - -=++-+%%@%@@@@%+=-++***#@@@@@@@@@@@@%:+@@*%+=%@@@@@@%%#%%#*=+--:-=#++**%#*+=+++++===+**####=*%%%%%%%
[2024-08-02T17:05:00.805+0900] {process_utils.py:191} INFO - -=++#%%####+-:---=*%%@@%#######**++++=+++++++++%%=+%@@%##*+==-=++=+*****##*===+++++==*#####*+#%%##%%
[2024-08-02T17:05:00.805+0900] {process_utils.py:191} INFO - -=*+=---==+=-::::-*@@@%+=======++++++++++++++*#%#**%%%*==-+*=--+==*****#**+=====+++++=***+++=+==::::
[2024-08-02T17:05:00.805+0900] {process_utils.py:191} INFO - =#*=++++++*###**==*@@@%=======++++++++*@@@@@@@@%%#####-:=+----==******##****+++++***==-=+=:::.::::::
[2024-08-02T17:05:00.806+0900] {process_utils.py:191} INFO - #%*+*++++**##*###*+#@@#=========++++==*%%%%%%%%######*=-----==+*********##########*+====::::::::::::
[2024-08-02T17:05:00.806+0900] {process_utils.py:191} INFO - ++++*#%%@%*##*##***%@@*===============+%##%%######%%%%*==-===+*********+=+*#######*++++-:::--::-----
[2024-08-02T17:05:00.806+0900] {process_utils.py:191} INFO - ===+*#%@@%*##**#**+=--================+%%#%%###%#%%%%%#======*#######*-:-++*####*****++:------------
[2024-08-02T17:05:00.806+0900] {process_utils.py:191} INFO - =+=------=##**##**+=--================+%%#%%###%%#%%%%%+=====+###**++==----:-*####****=------==-====
[2024-08-02T17:05:00.806+0900] {process_utils.py:191} INFO - 
[2024-08-02T17:05:00.838+0900] {python.py:237} INFO - Done. Returned value was: None
[2024-08-02T17:05:00.839+0900] {taskinstance.py:441} INFO - ::group::Post task execution logs
[2024-08-02T17:05:00.844+0900] {taskinstance.py:1206} INFO - Marking task as SUCCESS. dag_id=movie, task_id=get.data, run_id=scheduled__2017-01-02T05:28:00+00:00, execution_date=20170102T052800, start_date=20240802T080452, end_date=20240802T080500
[2024-08-02T17:05:00.910+0900] {local_task_job_runner.py:243} INFO - Task exited with return code 0
[2024-08-02T17:05:00.924+0900] {taskinstance.py:3503} INFO - 0 downstream tasks scheduled from follow-on schedule check
[2024-08-02T17:05:00.924+0900] {local_task_job_runner.py:222} INFO - ::endgroup::
