[2024-08-02T17:30:35.793+0900] {local_task_job_runner.py:120} INFO - ::group::Pre task execution logs
[2024-08-02T17:30:35.816+0900] {taskinstance.py:2076} INFO - Dependencies all met for dep_context=non-requeueable deps ti=<TaskInstance: movie.get.data scheduled__2017-01-04T05:39:00+00:00 [queued]>
[2024-08-02T17:30:35.823+0900] {taskinstance.py:2076} INFO - Dependencies all met for dep_context=requeueable deps ti=<TaskInstance: movie.get.data scheduled__2017-01-04T05:39:00+00:00 [queued]>
[2024-08-02T17:30:35.824+0900] {taskinstance.py:2306} INFO - Starting attempt 1 of 3
[2024-08-02T17:30:35.840+0900] {taskinstance.py:2330} INFO - Executing <Task(PythonVirtualenvOperator): get.data> on 2017-01-04 05:39:00+00:00
[2024-08-02T17:30:35.843+0900] {standard_task_runner.py:64} INFO - Started process 165939 to run task
[2024-08-02T17:30:35.846+0900] {standard_task_runner.py:90} INFO - Running: ['airflow', 'tasks', 'run', 'movie', 'get.data', 'scheduled__2017-01-04T05:39:00+00:00', '--job-id', '230', '--raw', '--subdir', 'DAGS_FOLDER/movie.py', '--cfg-path', '/tmp/tmpjp_e89s8']
[2024-08-02T17:30:35.848+0900] {standard_task_runner.py:91} INFO - Job 230: Subtask get.data
[2024-08-02T17:30:35.885+0900] {task_command.py:426} INFO - Running <TaskInstance: movie.get.data scheduled__2017-01-04T05:39:00+00:00 [running]> on host playdata.
[2024-08-02T17:30:35.963+0900] {taskinstance.py:2648} INFO - Exporting env vars: AIRFLOW_CTX_DAG_OWNER='airflow' AIRFLOW_CTX_DAG_ID='movie' AIRFLOW_CTX_TASK_ID='get.data' AIRFLOW_CTX_EXECUTION_DATE='2017-01-04T05:39:00+00:00' AIRFLOW_CTX_TRY_NUMBER='1' AIRFLOW_CTX_DAG_RUN_ID='scheduled__2017-01-04T05:39:00+00:00'
[2024-08-02T17:30:35.964+0900] {taskinstance.py:430} INFO - ::endgroup::
[2024-08-02T17:30:35.974+0900] {baseoperator.py:400} WARNING - PythonVirtualenvOperator.execute cannot be called outside TaskInstance!
[2024-08-02T17:30:35.974+0900] {process_utils.py:183} INFO - Executing cmd: /home/oddsummer/.pyenv/versions/3.11.9/envs/air/bin/python -m virtualenv /tmp/venvsyizpqbl --python=python
[2024-08-02T17:30:35.975+0900] {process_utils.py:187} INFO - Output:
[2024-08-02T17:30:36.424+0900] {process_utils.py:191} INFO - created virtual environment CPython3.11.9.final.0-64 in 337ms
[2024-08-02T17:30:36.424+0900] {process_utils.py:191} INFO -   creator CPython3Posix(dest=/tmp/venvsyizpqbl, clear=False, no_vcs_ignore=False, global=False)
[2024-08-02T17:30:36.424+0900] {process_utils.py:191} INFO -   seeder FromAppData(download=False, pip=bundle, setuptools=bundle, wheel=bundle, via=copy, app_data_dir=/home/oddsummer/.local/share/virtualenv)
[2024-08-02T17:30:36.425+0900] {process_utils.py:191} INFO -     added seed packages: pip==24.1.2, setuptools==70.2.0, wheel==0.43.0
[2024-08-02T17:30:36.425+0900] {process_utils.py:191} INFO -   activators BashActivator,CShellActivator,FishActivator,NushellActivator,PowerShellActivator,PythonActivator
[2024-08-02T17:30:36.450+0900] {process_utils.py:183} INFO - Executing cmd: /tmp/venvsyizpqbl/bin/pip install -r /tmp/venvsyizpqbl/requirements.txt
[2024-08-02T17:30:36.451+0900] {process_utils.py:187} INFO - Output:
[2024-08-02T17:30:37.375+0900] {process_utils.py:191} INFO - Collecting git+https://github.com/7-TRG/extract_trg.git@main (from -r /tmp/venvsyizpqbl/requirements.txt (line 1))
[2024-08-02T17:30:37.376+0900] {process_utils.py:191} INFO -   Cloning https://github.com/7-TRG/extract_trg.git (to revision main) to /tmp/pip-req-build-v3ijjqgr
[2024-08-02T17:30:37.378+0900] {process_utils.py:191} INFO -   Running command git clone --filter=blob:none --quiet https://github.com/7-TRG/extract_trg.git /tmp/pip-req-build-v3ijjqgr
[2024-08-02T17:30:38.926+0900] {process_utils.py:191} INFO -   Resolved https://github.com/7-TRG/extract_trg.git to commit 0712b3f1bbaeeeea58bf80749079a62c7e1bec3d
[2024-08-02T17:30:38.932+0900] {process_utils.py:191} INFO -   Installing build dependencies: started
[2024-08-02T17:30:40.844+0900] {process_utils.py:191} INFO -   Installing build dependencies: finished with status 'done'
[2024-08-02T17:30:40.845+0900] {process_utils.py:191} INFO -   Getting requirements to build wheel: started
[2024-08-02T17:30:41.087+0900] {process_utils.py:191} INFO -   Getting requirements to build wheel: finished with status 'done'
[2024-08-02T17:30:41.088+0900] {process_utils.py:191} INFO -   Preparing metadata (pyproject.toml): started
[2024-08-02T17:30:41.338+0900] {process_utils.py:191} INFO -   Preparing metadata (pyproject.toml): finished with status 'done'
[2024-08-02T17:30:41.342+0900] {process_utils.py:191} INFO - Building wheels for collected packages: extract_trg
[2024-08-02T17:30:41.345+0900] {process_utils.py:191} INFO -   Building wheel for extract_trg (pyproject.toml): started
[2024-08-02T17:30:41.603+0900] {process_utils.py:191} INFO -   Building wheel for extract_trg (pyproject.toml): finished with status 'done'
[2024-08-02T17:30:41.604+0900] {process_utils.py:191} INFO -   Created wheel for extract_trg: filename=extract_trg-0.1.0-py3-none-any.whl size=2219 sha256=90fe7b8838e427ec30d615c89f0da03c7c163ba64d0ca31240e80bbe590b881e
[2024-08-02T17:30:41.604+0900] {process_utils.py:191} INFO -   Stored in directory: /tmp/pip-ephem-wheel-cache-0moriojp/wheels/21/97/ea/e27bc4298590f1b8a2b9c46b60aefbe2e3076cf05f6bd5e464
[2024-08-02T17:30:41.606+0900] {process_utils.py:191} INFO - Successfully built extract_trg
[2024-08-02T17:30:41.616+0900] {process_utils.py:191} INFO - Installing collected packages: extract_trg
[2024-08-02T17:30:41.658+0900] {process_utils.py:191} INFO - Successfully installed extract_trg-0.1.0
[2024-08-02T17:30:41.664+0900] {process_utils.py:191} INFO - 
[2024-08-02T17:30:41.665+0900] {process_utils.py:191} INFO - [notice] A new release of pip is available: 24.1.2 -> 24.2
[2024-08-02T17:30:41.665+0900] {process_utils.py:191} INFO - [notice] To update, run: python -m pip install --upgrade pip
[2024-08-02T17:30:41.764+0900] {process_utils.py:183} INFO - Executing cmd: /tmp/venvsyizpqbl/bin/python /tmp/venv-callqnkzv_x_/script.py /tmp/venv-callqnkzv_x_/script.in /tmp/venv-callqnkzv_x_/script.out /tmp/venv-callqnkzv_x_/string_args.txt /tmp/venv-callqnkzv_x_/termination.log
[2024-08-02T17:30:41.764+0900] {process_utils.py:187} INFO - Output:
[2024-08-02T17:30:41.786+0900] {process_utils.py:191} INFO - 
[2024-08-02T17:30:41.787+0900] {process_utils.py:191} INFO - ---------------======---::::::------+--=======++++++++++===--:...::-=--==============--:.....:-=====
[2024-08-02T17:30:41.787+0900] {process_utils.py:191} INFO - ----::---------------------===--::--+-----=============++++++===---:....--===============--:...:-===
[2024-08-02T17:30:41.787+0900] {process_utils.py:191} INFO - ----------------------------------=++----------------------=+===========-::.:-======================
[2024-08-02T17:30:41.787+0900] {process_utils.py:191} INFO - =----------------------------------==-----------------------=-----==============================+=--
[2024-08-02T17:30:41.787+0900] {process_utils.py:191} INFO - %%####=----------------------------==----------------------=-::::-----======+*%#++================::
[2024-08-02T17:30:41.788+0900] {process_utils.py:191} INFO - %%%%%#=----------------------------=-:---------------------=--==--------=====*#*=================-::
[2024-08-02T17:30:41.788+0900] {process_utils.py:191} INFO - @@%%%*-----------------+***++=-----=-::-------------------:+---------=====+++====================-::
[2024-08-02T17:30:41.788+0900] {process_utils.py:191} INFO - @@%%%*---------------#%%%%##%%#=---=-+##*#+----------------=------------=====+====-=--===========-::
[2024-08-02T17:30:41.788+0900] {process_utils.py:191} INFO - @@@%%+--=+*%%%+-----+%@@%#++%%%#=--=*%+===#+::----------::=-----------=+*##*++=-----------=======-::
[2024-08-02T17:30:41.788+0900] {process_utils.py:191} INFO - +++++=-+#+***#*=-----#*++**+#@@@*--+#+**+***-:=-:---=*+-::=-----==+++*######%%%#=-------------==-:::
[2024-08-02T17:30:41.788+0900] {process_utils.py:191} INFO - *******-:::-*=-------+===+=-=+#%%:-=++++=+==-:=-:::=%%#-::###=-*#%%%%%%%%%%%%%%%%+---------------:::
[2024-08-02T17:30:41.788+0900] {process_utils.py:191} INFO - =====+=:--::+---+--+**++++*+++#%*-=--**++++-:=++=::+#*-::=%%%#*#%%%%%%%%@@%%%%@@%%#====------+#%%=-*
[2024-08-02T17:30:41.788+0900] {process_utils.py:191} INFO - =-==++---=+==*#%%%%%%=*++++++++==-=-*##*+=##**++=--++-:--*=-=*#%%%@%###*###*+++*%%%*=============-#%
[2024-08-02T17:30:41.789+0900] {process_utils.py:191} INFO - +-=------=*%%%%@%@@@@***=+*#+*##*#%%@@**++%@%%%%*+=--=-=+-:--:#%@@%#*****###*+---+*++#**===---=++*%@
[2024-08-02T17:30:41.789+0900] {process_utils.py:191} INFO - --==-::-*%%%@@@@@@@%#*=-+++%@%##%%@@@@@%#%@@@%%@%%%*=--=#%####-%@%%####++++++=---==++*####*+++*%@%@@
[2024-08-02T17:30:41.789+0900] {process_utils.py:191} INFO - -=*+=-=#@@@@@@@@@#*+++++*@@@@@@@@@@@@@@@@@@@@@@@@@@@#+==-+*+#=:-+#%##**==++**+++=====+*###*+**#@%##%
[2024-08-02T17:30:41.789+0900] {process_utils.py:191} INFO - -=++-+%%@%@@@@%+=-++***#@@@@@@@@@@@@%:+@@*%+=%@@@@@@%%#%%#*=+--:-=#++**%#*+=+++++===+**####=*%%%%%%%
[2024-08-02T17:30:41.789+0900] {process_utils.py:191} INFO - -=++#%%####+-:---=*%%@@%#######**++++=+++++++++%%=+%@@%##*+==-=++=+*****##*===+++++==*#####*+#%%##%%
[2024-08-02T17:30:41.789+0900] {process_utils.py:191} INFO - -=*+=---==+=-::::-*@@@%+=======++++++++++++++*#%#**%%%*==-+*=--+==*****#**+=====+++++=***+++=+==::::
[2024-08-02T17:30:41.789+0900] {process_utils.py:191} INFO - =#*=++++++*###**==*@@@%=======++++++++*@@@@@@@@%%#####-:=+----==******##****+++++***==-=+=:::.::::::
[2024-08-02T17:30:41.790+0900] {process_utils.py:191} INFO - #%*+*++++**##*###*+#@@#=========++++==*%%%%%%%%######*=-----==+*********##########*+====::::::::::::
[2024-08-02T17:30:41.790+0900] {process_utils.py:191} INFO - ++++*#%%@%*##*##***%@@*===============+%##%%######%%%%*==-===+*********+=+*#######*++++-:::--::-----
[2024-08-02T17:30:41.790+0900] {process_utils.py:191} INFO - ===+*#%@@%*##**#**+=--================+%%#%%###%#%%%%%#======*#######*-:-++*####*****++:------------
[2024-08-02T17:30:41.790+0900] {process_utils.py:191} INFO - =+=------=##**##**+=--================+%%#%%###%%#%%%%%+=====+###**++==----:-*####****=------==-====
[2024-08-02T17:30:41.790+0900] {process_utils.py:191} INFO - 
[2024-08-02T17:30:41.812+0900] {python.py:237} INFO - Done. Returned value was: None
[2024-08-02T17:30:41.812+0900] {taskinstance.py:441} INFO - ::group::Post task execution logs
[2024-08-02T17:30:41.816+0900] {taskinstance.py:1206} INFO - Marking task as SUCCESS. dag_id=movie, task_id=get.data, run_id=scheduled__2017-01-04T05:39:00+00:00, execution_date=20170104T053900, start_date=20240802T083035, end_date=20240802T083041
[2024-08-02T17:30:41.892+0900] {local_task_job_runner.py:243} INFO - Task exited with return code 0
[2024-08-02T17:30:41.915+0900] {taskinstance.py:3503} INFO - 0 downstream tasks scheduled from follow-on schedule check
[2024-08-02T17:30:41.915+0900] {local_task_job_runner.py:222} INFO - ::endgroup::
