[2024-08-02T16:51:13.624+0900] {local_task_job_runner.py:120} INFO - ::group::Pre task execution logs
[2024-08-02T16:51:13.644+0900] {taskinstance.py:2076} INFO - Dependencies all met for dep_context=non-requeueable deps ti=<TaskInstance: movie.get.data scheduled__2017-01-01T05:16:00+00:00 [queued]>
[2024-08-02T16:51:13.650+0900] {taskinstance.py:2076} INFO - Dependencies all met for dep_context=requeueable deps ti=<TaskInstance: movie.get.data scheduled__2017-01-01T05:16:00+00:00 [queued]>
[2024-08-02T16:51:13.650+0900] {taskinstance.py:2306} INFO - Starting attempt 1 of 3
[2024-08-02T16:51:13.666+0900] {taskinstance.py:2330} INFO - Executing <Task(PythonVirtualenvOperator): get.data> on 2017-01-01 05:16:00+00:00
[2024-08-02T16:51:13.668+0900] {standard_task_runner.py:64} INFO - Started process 145547 to run task
[2024-08-02T16:51:13.671+0900] {standard_task_runner.py:90} INFO - Running: ['airflow', 'tasks', 'run', 'movie', 'get.data', 'scheduled__2017-01-01T05:16:00+00:00', '--job-id', '27', '--raw', '--subdir', 'DAGS_FOLDER/movie.py', '--cfg-path', '/tmp/tmpeccdfl1_']
[2024-08-02T16:51:13.672+0900] {standard_task_runner.py:91} INFO - Job 27: Subtask get.data
[2024-08-02T16:51:13.711+0900] {task_command.py:426} INFO - Running <TaskInstance: movie.get.data scheduled__2017-01-01T05:16:00+00:00 [running]> on host playdata.
[2024-08-02T16:51:13.778+0900] {taskinstance.py:2648} INFO - Exporting env vars: AIRFLOW_CTX_DAG_OWNER='airflow' AIRFLOW_CTX_DAG_ID='movie' AIRFLOW_CTX_TASK_ID='get.data' AIRFLOW_CTX_EXECUTION_DATE='2017-01-01T05:16:00+00:00' AIRFLOW_CTX_TRY_NUMBER='1' AIRFLOW_CTX_DAG_RUN_ID='scheduled__2017-01-01T05:16:00+00:00'
[2024-08-02T16:51:13.779+0900] {taskinstance.py:430} INFO - ::endgroup::
[2024-08-02T16:51:13.790+0900] {baseoperator.py:400} WARNING - PythonVirtualenvOperator.execute cannot be called outside TaskInstance!
[2024-08-02T16:51:13.791+0900] {process_utils.py:183} INFO - Executing cmd: /home/oddsummer/.pyenv/versions/3.11.9/envs/air/bin/python -m virtualenv /tmp/venvazu9ljux --python=python
[2024-08-02T16:51:13.792+0900] {process_utils.py:187} INFO - Output:
[2024-08-02T16:51:14.148+0900] {process_utils.py:191} INFO - created virtual environment CPython3.11.9.final.0-64 in 248ms
[2024-08-02T16:51:14.148+0900] {process_utils.py:191} INFO -   creator CPython3Posix(dest=/tmp/venvazu9ljux, clear=False, no_vcs_ignore=False, global=False)
[2024-08-02T16:51:14.148+0900] {process_utils.py:191} INFO -   seeder FromAppData(download=False, pip=bundle, setuptools=bundle, wheel=bundle, via=copy, app_data_dir=/home/oddsummer/.local/share/virtualenv)
[2024-08-02T16:51:14.148+0900] {process_utils.py:191} INFO -     added seed packages: pip==24.1.2, setuptools==70.2.0, wheel==0.43.0
[2024-08-02T16:51:14.148+0900] {process_utils.py:191} INFO -   activators BashActivator,CShellActivator,FishActivator,NushellActivator,PowerShellActivator,PythonActivator
[2024-08-02T16:51:14.175+0900] {process_utils.py:183} INFO - Executing cmd: /tmp/venvazu9ljux/bin/pip install -r /tmp/venvazu9ljux/requirements.txt
[2024-08-02T16:51:14.175+0900] {process_utils.py:187} INFO - Output:
[2024-08-02T16:51:15.117+0900] {process_utils.py:191} INFO - Collecting git+https://github.com/7-TRG/extract_trg.git@main (from -r /tmp/venvazu9ljux/requirements.txt (line 1))
[2024-08-02T16:51:15.118+0900] {process_utils.py:191} INFO -   Cloning https://github.com/7-TRG/extract_trg.git (to revision main) to /tmp/pip-req-build-0lvu7454
[2024-08-02T16:51:15.120+0900] {process_utils.py:191} INFO -   Running command git clone --filter=blob:none --quiet https://github.com/7-TRG/extract_trg.git /tmp/pip-req-build-0lvu7454
[2024-08-02T16:51:16.857+0900] {process_utils.py:191} INFO -   Resolved https://github.com/7-TRG/extract_trg.git to commit 0712b3f1bbaeeeea58bf80749079a62c7e1bec3d
[2024-08-02T16:51:16.863+0900] {process_utils.py:191} INFO -   Installing build dependencies: started
[2024-08-02T16:51:18.937+0900] {process_utils.py:191} INFO -   Installing build dependencies: finished with status 'done'
[2024-08-02T16:51:18.938+0900] {process_utils.py:191} INFO -   Getting requirements to build wheel: started
[2024-08-02T16:51:19.203+0900] {process_utils.py:191} INFO -   Getting requirements to build wheel: finished with status 'done'
[2024-08-02T16:51:19.205+0900] {process_utils.py:191} INFO -   Preparing metadata (pyproject.toml): started
[2024-08-02T16:51:19.459+0900] {process_utils.py:191} INFO -   Preparing metadata (pyproject.toml): finished with status 'done'
[2024-08-02T16:51:19.462+0900] {process_utils.py:191} INFO - Building wheels for collected packages: extract_trg
[2024-08-02T16:51:19.466+0900] {process_utils.py:191} INFO -   Building wheel for extract_trg (pyproject.toml): started
[2024-08-02T16:51:19.731+0900] {process_utils.py:191} INFO -   Building wheel for extract_trg (pyproject.toml): finished with status 'done'
[2024-08-02T16:51:19.732+0900] {process_utils.py:191} INFO -   Created wheel for extract_trg: filename=extract_trg-0.1.0-py3-none-any.whl size=2219 sha256=e9875eecfa9d2692b7372b548aa84cd2e636a754842ceb0a8e195d27b097f187
[2024-08-02T16:51:19.733+0900] {process_utils.py:191} INFO -   Stored in directory: /tmp/pip-ephem-wheel-cache-l942ulx4/wheels/21/97/ea/e27bc4298590f1b8a2b9c46b60aefbe2e3076cf05f6bd5e464
[2024-08-02T16:51:19.734+0900] {process_utils.py:191} INFO - Successfully built extract_trg
[2024-08-02T16:51:19.744+0900] {process_utils.py:191} INFO - Installing collected packages: extract_trg
[2024-08-02T16:51:19.771+0900] {process_utils.py:191} INFO - Successfully installed extract_trg-0.1.0
[2024-08-02T16:51:19.776+0900] {process_utils.py:191} INFO - 
[2024-08-02T16:51:19.777+0900] {process_utils.py:191} INFO - [notice] A new release of pip is available: 24.1.2 -> 24.2
[2024-08-02T16:51:19.777+0900] {process_utils.py:191} INFO - [notice] To update, run: python -m pip install --upgrade pip
[2024-08-02T16:51:19.900+0900] {process_utils.py:183} INFO - Executing cmd: /tmp/venvazu9ljux/bin/python /tmp/venv-callk87x56r3/script.py /tmp/venv-callk87x56r3/script.in /tmp/venv-callk87x56r3/script.out /tmp/venv-callk87x56r3/string_args.txt /tmp/venv-callk87x56r3/termination.log
[2024-08-02T16:51:19.901+0900] {process_utils.py:187} INFO - Output:
[2024-08-02T16:51:19.924+0900] {process_utils.py:191} INFO - 
[2024-08-02T16:51:19.925+0900] {process_utils.py:191} INFO - ---------------======---::::::------+--=======++++++++++===--:...::-=--==============--:.....:-=====
[2024-08-02T16:51:19.925+0900] {process_utils.py:191} INFO - ----::---------------------===--::--+-----=============++++++===---:....--===============--:...:-===
[2024-08-02T16:51:19.925+0900] {process_utils.py:191} INFO - ----------------------------------=++----------------------=+===========-::.:-======================
[2024-08-02T16:51:19.925+0900] {process_utils.py:191} INFO - =----------------------------------==-----------------------=-----==============================+=--
[2024-08-02T16:51:19.926+0900] {process_utils.py:191} INFO - %%####=----------------------------==----------------------=-::::-----======+*%#++================::
[2024-08-02T16:51:19.926+0900] {process_utils.py:191} INFO - %%%%%#=----------------------------=-:---------------------=--==--------=====*#*=================-::
[2024-08-02T16:51:19.926+0900] {process_utils.py:191} INFO - @@%%%*-----------------+***++=-----=-::-------------------:+---------=====+++====================-::
[2024-08-02T16:51:19.926+0900] {process_utils.py:191} INFO - @@%%%*---------------#%%%%##%%#=---=-+##*#+----------------=------------=====+====-=--===========-::
[2024-08-02T16:51:19.926+0900] {process_utils.py:191} INFO - @@@%%+--=+*%%%+-----+%@@%#++%%%#=--=*%+===#+::----------::=-----------=+*##*++=-----------=======-::
[2024-08-02T16:51:19.926+0900] {process_utils.py:191} INFO - +++++=-+#+***#*=-----#*++**+#@@@*--+#+**+***-:=-:---=*+-::=-----==+++*######%%%#=-------------==-:::
[2024-08-02T16:51:19.927+0900] {process_utils.py:191} INFO - *******-:::-*=-------+===+=-=+#%%:-=++++=+==-:=-:::=%%#-::###=-*#%%%%%%%%%%%%%%%%+---------------:::
[2024-08-02T16:51:19.927+0900] {process_utils.py:191} INFO - =====+=:--::+---+--+**++++*+++#%*-=--**++++-:=++=::+#*-::=%%%#*#%%%%%%%%@@%%%%@@%%#====------+#%%=-*
[2024-08-02T16:51:19.927+0900] {process_utils.py:191} INFO - =-==++---=+==*#%%%%%%=*++++++++==-=-*##*+=##**++=--++-:--*=-=*#%%%@%###*###*+++*%%%*=============-#%
[2024-08-02T16:51:19.927+0900] {process_utils.py:191} INFO - +-=------=*%%%%@%@@@@***=+*#+*##*#%%@@**++%@%%%%*+=--=-=+-:--:#%@@%#*****###*+---+*++#**===---=++*%@
[2024-08-02T16:51:19.927+0900] {process_utils.py:191} INFO - --==-::-*%%%@@@@@@@%#*=-+++%@%##%%@@@@@%#%@@@%%@%%%*=--=#%####-%@%%####++++++=---==++*####*+++*%@%@@
[2024-08-02T16:51:19.928+0900] {process_utils.py:191} INFO - -=*+=-=#@@@@@@@@@#*+++++*@@@@@@@@@@@@@@@@@@@@@@@@@@@#+==-+*+#=:-+#%##**==++**+++=====+*###*+**#@%##%
[2024-08-02T16:51:19.928+0900] {process_utils.py:191} INFO - -=++-+%%@%@@@@%+=-++***#@@@@@@@@@@@@%:+@@*%+=%@@@@@@%%#%%#*=+--:-=#++**%#*+=+++++===+**####=*%%%%%%%
[2024-08-02T16:51:19.928+0900] {process_utils.py:191} INFO - -=++#%%####+-:---=*%%@@%#######**++++=+++++++++%%=+%@@%##*+==-=++=+*****##*===+++++==*#####*+#%%##%%
[2024-08-02T16:51:19.928+0900] {process_utils.py:191} INFO - -=*+=---==+=-::::-*@@@%+=======++++++++++++++*#%#**%%%*==-+*=--+==*****#**+=====+++++=***+++=+==::::
[2024-08-02T16:51:19.928+0900] {process_utils.py:191} INFO - =#*=++++++*###**==*@@@%=======++++++++*@@@@@@@@%%#####-:=+----==******##****+++++***==-=+=:::.::::::
[2024-08-02T16:51:19.928+0900] {process_utils.py:191} INFO - #%*+*++++**##*###*+#@@#=========++++==*%%%%%%%%######*=-----==+*********##########*+====::::::::::::
[2024-08-02T16:51:19.929+0900] {process_utils.py:191} INFO - ++++*#%%@%*##*##***%@@*===============+%##%%######%%%%*==-===+*********+=+*#######*++++-:::--::-----
[2024-08-02T16:51:19.929+0900] {process_utils.py:191} INFO - ===+*#%@@%*##**#**+=--================+%%#%%###%#%%%%%#======*#######*-:-++*####*****++:------------
[2024-08-02T16:51:19.929+0900] {process_utils.py:191} INFO - =+=------=##**##**+=--================+%%#%%###%%#%%%%%+=====+###**++==----:-*####****=------==-====
[2024-08-02T16:51:19.929+0900] {process_utils.py:191} INFO - 
[2024-08-02T16:51:19.954+0900] {python.py:237} INFO - Done. Returned value was: None
[2024-08-02T16:51:19.954+0900] {taskinstance.py:441} INFO - ::group::Post task execution logs
[2024-08-02T16:51:19.959+0900] {taskinstance.py:1206} INFO - Marking task as SUCCESS. dag_id=movie, task_id=get.data, run_id=scheduled__2017-01-01T05:16:00+00:00, execution_date=20170101T051600, start_date=20240802T075113, end_date=20240802T075119
[2024-08-02T16:51:19.998+0900] {local_task_job_runner.py:243} INFO - Task exited with return code 0
[2024-08-02T16:51:20.014+0900] {taskinstance.py:3503} INFO - 0 downstream tasks scheduled from follow-on schedule check
[2024-08-02T16:51:20.014+0900] {local_task_job_runner.py:222} INFO - ::endgroup::
