[2024-08-02T16:56:28.912+0900] {local_task_job_runner.py:120} INFO - ::group::Pre task execution logs
[2024-08-02T16:56:28.932+0900] {taskinstance.py:2076} INFO - Dependencies all met for dep_context=non-requeueable deps ti=<TaskInstance: movie.get.data scheduled__2017-01-01T05:44:00+00:00 [queued]>
[2024-08-02T16:56:28.938+0900] {taskinstance.py:2076} INFO - Dependencies all met for dep_context=requeueable deps ti=<TaskInstance: movie.get.data scheduled__2017-01-01T05:44:00+00:00 [queued]>
[2024-08-02T16:56:28.939+0900] {taskinstance.py:2306} INFO - Starting attempt 1 of 3
[2024-08-02T16:56:28.957+0900] {taskinstance.py:2330} INFO - Executing <Task(PythonVirtualenvOperator): get.data> on 2017-01-01 05:44:00+00:00
[2024-08-02T16:56:28.960+0900] {standard_task_runner.py:64} INFO - Started process 149241 to run task
[2024-08-02T16:56:28.964+0900] {standard_task_runner.py:90} INFO - Running: ['airflow', 'tasks', 'run', 'movie', 'get.data', 'scheduled__2017-01-01T05:44:00+00:00', '--job-id', '55', '--raw', '--subdir', 'DAGS_FOLDER/movie.py', '--cfg-path', '/tmp/tmpzkh3e3ko']
[2024-08-02T16:56:28.966+0900] {standard_task_runner.py:91} INFO - Job 55: Subtask get.data
[2024-08-02T16:56:29.003+0900] {task_command.py:426} INFO - Running <TaskInstance: movie.get.data scheduled__2017-01-01T05:44:00+00:00 [running]> on host playdata.
[2024-08-02T16:56:29.082+0900] {taskinstance.py:2648} INFO - Exporting env vars: AIRFLOW_CTX_DAG_OWNER='airflow' AIRFLOW_CTX_DAG_ID='movie' AIRFLOW_CTX_TASK_ID='get.data' AIRFLOW_CTX_EXECUTION_DATE='2017-01-01T05:44:00+00:00' AIRFLOW_CTX_TRY_NUMBER='1' AIRFLOW_CTX_DAG_RUN_ID='scheduled__2017-01-01T05:44:00+00:00'
[2024-08-02T16:56:29.083+0900] {taskinstance.py:430} INFO - ::endgroup::
[2024-08-02T16:56:29.094+0900] {baseoperator.py:400} WARNING - PythonVirtualenvOperator.execute cannot be called outside TaskInstance!
[2024-08-02T16:56:29.095+0900] {process_utils.py:183} INFO - Executing cmd: /home/oddsummer/.pyenv/versions/3.11.9/envs/air/bin/python -m virtualenv /tmp/venv7t9fdcdb --python=python
[2024-08-02T16:56:29.096+0900] {process_utils.py:187} INFO - Output:
[2024-08-02T16:56:29.476+0900] {process_utils.py:191} INFO - created virtual environment CPython3.11.9.final.0-64 in 273ms
[2024-08-02T16:56:29.476+0900] {process_utils.py:191} INFO -   creator CPython3Posix(dest=/tmp/venv7t9fdcdb, clear=False, no_vcs_ignore=False, global=False)
[2024-08-02T16:56:29.477+0900] {process_utils.py:191} INFO -   seeder FromAppData(download=False, pip=bundle, setuptools=bundle, wheel=bundle, via=copy, app_data_dir=/home/oddsummer/.local/share/virtualenv)
[2024-08-02T16:56:29.477+0900] {process_utils.py:191} INFO -     added seed packages: pip==24.1.2, setuptools==70.2.0, wheel==0.43.0
[2024-08-02T16:56:29.477+0900] {process_utils.py:191} INFO -   activators BashActivator,CShellActivator,FishActivator,NushellActivator,PowerShellActivator,PythonActivator
[2024-08-02T16:56:29.501+0900] {process_utils.py:183} INFO - Executing cmd: /tmp/venv7t9fdcdb/bin/pip install -r /tmp/venv7t9fdcdb/requirements.txt
[2024-08-02T16:56:29.502+0900] {process_utils.py:187} INFO - Output:
[2024-08-02T16:56:30.455+0900] {process_utils.py:191} INFO - Collecting git+https://github.com/7-TRG/extract_trg.git@main (from -r /tmp/venv7t9fdcdb/requirements.txt (line 1))
[2024-08-02T16:56:30.455+0900] {process_utils.py:191} INFO -   Cloning https://github.com/7-TRG/extract_trg.git (to revision main) to /tmp/pip-req-build-yzxpgxfk
[2024-08-02T16:56:30.458+0900] {process_utils.py:191} INFO -   Running command git clone --filter=blob:none --quiet https://github.com/7-TRG/extract_trg.git /tmp/pip-req-build-yzxpgxfk
[2024-08-02T16:56:32.046+0900] {process_utils.py:191} INFO -   Resolved https://github.com/7-TRG/extract_trg.git to commit 0712b3f1bbaeeeea58bf80749079a62c7e1bec3d
[2024-08-02T16:56:32.051+0900] {process_utils.py:191} INFO -   Installing build dependencies: started
[2024-08-02T16:56:33.867+0900] {process_utils.py:191} INFO -   Installing build dependencies: finished with status 'done'
[2024-08-02T16:56:33.869+0900] {process_utils.py:191} INFO -   Getting requirements to build wheel: started
[2024-08-02T16:56:34.108+0900] {process_utils.py:191} INFO -   Getting requirements to build wheel: finished with status 'done'
[2024-08-02T16:56:34.109+0900] {process_utils.py:191} INFO -   Preparing metadata (pyproject.toml): started
[2024-08-02T16:56:34.350+0900] {process_utils.py:191} INFO -   Preparing metadata (pyproject.toml): finished with status 'done'
[2024-08-02T16:56:34.354+0900] {process_utils.py:191} INFO - Building wheels for collected packages: extract_trg
[2024-08-02T16:56:34.357+0900] {process_utils.py:191} INFO -   Building wheel for extract_trg (pyproject.toml): started
[2024-08-02T16:56:34.629+0900] {process_utils.py:191} INFO -   Building wheel for extract_trg (pyproject.toml): finished with status 'done'
[2024-08-02T16:56:34.630+0900] {process_utils.py:191} INFO -   Created wheel for extract_trg: filename=extract_trg-0.1.0-py3-none-any.whl size=2219 sha256=b4b31062b5158e92829f8d4d17d6f06dc30a31d4c19c32b62599bba94b2e46c5
[2024-08-02T16:56:34.630+0900] {process_utils.py:191} INFO -   Stored in directory: /tmp/pip-ephem-wheel-cache-53tfou_l/wheels/21/97/ea/e27bc4298590f1b8a2b9c46b60aefbe2e3076cf05f6bd5e464
[2024-08-02T16:56:34.632+0900] {process_utils.py:191} INFO - Successfully built extract_trg
[2024-08-02T16:56:34.642+0900] {process_utils.py:191} INFO - Installing collected packages: extract_trg
[2024-08-02T16:56:34.656+0900] {process_utils.py:191} INFO - Successfully installed extract_trg-0.1.0
[2024-08-02T16:56:34.662+0900] {process_utils.py:191} INFO - 
[2024-08-02T16:56:34.663+0900] {process_utils.py:191} INFO - [notice] A new release of pip is available: 24.1.2 -> 24.2
[2024-08-02T16:56:34.663+0900] {process_utils.py:191} INFO - [notice] To update, run: python -m pip install --upgrade pip
[2024-08-02T16:56:34.758+0900] {process_utils.py:183} INFO - Executing cmd: /tmp/venv7t9fdcdb/bin/python /tmp/venv-call_10yc7yp/script.py /tmp/venv-call_10yc7yp/script.in /tmp/venv-call_10yc7yp/script.out /tmp/venv-call_10yc7yp/string_args.txt /tmp/venv-call_10yc7yp/termination.log
[2024-08-02T16:56:34.758+0900] {process_utils.py:187} INFO - Output:
[2024-08-02T16:56:34.778+0900] {process_utils.py:191} INFO - 
[2024-08-02T16:56:34.779+0900] {process_utils.py:191} INFO - ---------------======---::::::------+--=======++++++++++===--:...::-=--==============--:.....:-=====
[2024-08-02T16:56:34.779+0900] {process_utils.py:191} INFO - ----::---------------------===--::--+-----=============++++++===---:....--===============--:...:-===
[2024-08-02T16:56:34.779+0900] {process_utils.py:191} INFO - ----------------------------------=++----------------------=+===========-::.:-======================
[2024-08-02T16:56:34.779+0900] {process_utils.py:191} INFO - =----------------------------------==-----------------------=-----==============================+=--
[2024-08-02T16:56:34.780+0900] {process_utils.py:191} INFO - %%####=----------------------------==----------------------=-::::-----======+*%#++================::
[2024-08-02T16:56:34.780+0900] {process_utils.py:191} INFO - %%%%%#=----------------------------=-:---------------------=--==--------=====*#*=================-::
[2024-08-02T16:56:34.780+0900] {process_utils.py:191} INFO - @@%%%*-----------------+***++=-----=-::-------------------:+---------=====+++====================-::
[2024-08-02T16:56:34.780+0900] {process_utils.py:191} INFO - @@%%%*---------------#%%%%##%%#=---=-+##*#+----------------=------------=====+====-=--===========-::
[2024-08-02T16:56:34.781+0900] {process_utils.py:191} INFO - @@@%%+--=+*%%%+-----+%@@%#++%%%#=--=*%+===#+::----------::=-----------=+*##*++=-----------=======-::
[2024-08-02T16:56:34.781+0900] {process_utils.py:191} INFO - +++++=-+#+***#*=-----#*++**+#@@@*--+#+**+***-:=-:---=*+-::=-----==+++*######%%%#=-------------==-:::
[2024-08-02T16:56:34.781+0900] {process_utils.py:191} INFO - *******-:::-*=-------+===+=-=+#%%:-=++++=+==-:=-:::=%%#-::###=-*#%%%%%%%%%%%%%%%%+---------------:::
[2024-08-02T16:56:34.781+0900] {process_utils.py:191} INFO - =====+=:--::+---+--+**++++*+++#%*-=--**++++-:=++=::+#*-::=%%%#*#%%%%%%%%@@%%%%@@%%#====------+#%%=-*
[2024-08-02T16:56:34.781+0900] {process_utils.py:191} INFO - =-==++---=+==*#%%%%%%=*++++++++==-=-*##*+=##**++=--++-:--*=-=*#%%%@%###*###*+++*%%%*=============-#%
[2024-08-02T16:56:34.782+0900] {process_utils.py:191} INFO - +-=------=*%%%%@%@@@@***=+*#+*##*#%%@@**++%@%%%%*+=--=-=+-:--:#%@@%#*****###*+---+*++#**===---=++*%@
[2024-08-02T16:56:34.782+0900] {process_utils.py:191} INFO - --==-::-*%%%@@@@@@@%#*=-+++%@%##%%@@@@@%#%@@@%%@%%%*=--=#%####-%@%%####++++++=---==++*####*+++*%@%@@
[2024-08-02T16:56:34.782+0900] {process_utils.py:191} INFO - -=*+=-=#@@@@@@@@@#*+++++*@@@@@@@@@@@@@@@@@@@@@@@@@@@#+==-+*+#=:-+#%##**==++**+++=====+*###*+**#@%##%
[2024-08-02T16:56:34.782+0900] {process_utils.py:191} INFO - -=++-+%%@%@@@@%+=-++***#@@@@@@@@@@@@%:+@@*%+=%@@@@@@%%#%%#*=+--:-=#++**%#*+=+++++===+**####=*%%%%%%%
[2024-08-02T16:56:34.782+0900] {process_utils.py:191} INFO - -=++#%%####+-:---=*%%@@%#######**++++=+++++++++%%=+%@@%##*+==-=++=+*****##*===+++++==*#####*+#%%##%%
[2024-08-02T16:56:34.783+0900] {process_utils.py:191} INFO - -=*+=---==+=-::::-*@@@%+=======++++++++++++++*#%#**%%%*==-+*=--+==*****#**+=====+++++=***+++=+==::::
[2024-08-02T16:56:34.783+0900] {process_utils.py:191} INFO - =#*=++++++*###**==*@@@%=======++++++++*@@@@@@@@%%#####-:=+----==******##****+++++***==-=+=:::.::::::
[2024-08-02T16:56:34.783+0900] {process_utils.py:191} INFO - #%*+*++++**##*###*+#@@#=========++++==*%%%%%%%%######*=-----==+*********##########*+====::::::::::::
[2024-08-02T16:56:34.783+0900] {process_utils.py:191} INFO - ++++*#%%@%*##*##***%@@*===============+%##%%######%%%%*==-===+*********+=+*#######*++++-:::--::-----
[2024-08-02T16:56:34.783+0900] {process_utils.py:191} INFO - ===+*#%@@%*##**#**+=--================+%%#%%###%#%%%%%#======*#######*-:-++*####*****++:------------
[2024-08-02T16:56:34.783+0900] {process_utils.py:191} INFO - =+=------=##**##**+=--================+%%#%%###%%#%%%%%+=====+###**++==----:-*####****=------==-====
[2024-08-02T16:56:34.783+0900] {process_utils.py:191} INFO - 
[2024-08-02T16:56:34.807+0900] {python.py:237} INFO - Done. Returned value was: None
[2024-08-02T16:56:34.807+0900] {taskinstance.py:441} INFO - ::group::Post task execution logs
[2024-08-02T16:56:34.811+0900] {taskinstance.py:1206} INFO - Marking task as SUCCESS. dag_id=movie, task_id=get.data, run_id=scheduled__2017-01-01T05:44:00+00:00, execution_date=20170101T054400, start_date=20240802T075628, end_date=20240802T075634
[2024-08-02T16:56:34.860+0900] {local_task_job_runner.py:243} INFO - Task exited with return code 0
[2024-08-02T16:56:34.872+0900] {taskinstance.py:3503} INFO - 0 downstream tasks scheduled from follow-on schedule check
[2024-08-02T16:56:34.873+0900] {local_task_job_runner.py:222} INFO - ::endgroup::
