[2024-08-02T17:22:17.187+0900] {local_task_job_runner.py:120} INFO - ::group::Pre task execution logs
[2024-08-02T17:22:17.212+0900] {taskinstance.py:2076} INFO - Dependencies all met for dep_context=non-requeueable deps ti=<TaskInstance: movie.get.data scheduled__2017-01-03T05:57:00+00:00 [queued]>
[2024-08-02T17:22:17.223+0900] {taskinstance.py:2076} INFO - Dependencies all met for dep_context=requeueable deps ti=<TaskInstance: movie.get.data scheduled__2017-01-03T05:57:00+00:00 [queued]>
[2024-08-02T17:22:17.223+0900] {taskinstance.py:2306} INFO - Starting attempt 1 of 3
[2024-08-02T17:22:17.241+0900] {taskinstance.py:2330} INFO - Executing <Task(PythonVirtualenvOperator): get.data> on 2017-01-03 05:57:00+00:00
[2024-08-02T17:22:17.244+0900] {standard_task_runner.py:64} INFO - Started process 162159 to run task
[2024-08-02T17:22:17.248+0900] {standard_task_runner.py:90} INFO - Running: ['airflow', 'tasks', 'run', 'movie', 'get.data', 'scheduled__2017-01-03T05:57:00+00:00', '--job-id', '188', '--raw', '--subdir', 'DAGS_FOLDER/movie.py', '--cfg-path', '/tmp/tmp4c58ck8k']
[2024-08-02T17:22:17.251+0900] {standard_task_runner.py:91} INFO - Job 188: Subtask get.data
[2024-08-02T17:22:17.302+0900] {task_command.py:426} INFO - Running <TaskInstance: movie.get.data scheduled__2017-01-03T05:57:00+00:00 [running]> on host playdata.
[2024-08-02T17:22:17.391+0900] {taskinstance.py:2648} INFO - Exporting env vars: AIRFLOW_CTX_DAG_OWNER='airflow' AIRFLOW_CTX_DAG_ID='movie' AIRFLOW_CTX_TASK_ID='get.data' AIRFLOW_CTX_EXECUTION_DATE='2017-01-03T05:57:00+00:00' AIRFLOW_CTX_TRY_NUMBER='1' AIRFLOW_CTX_DAG_RUN_ID='scheduled__2017-01-03T05:57:00+00:00'
[2024-08-02T17:22:17.392+0900] {taskinstance.py:430} INFO - ::endgroup::
[2024-08-02T17:22:17.407+0900] {baseoperator.py:400} WARNING - PythonVirtualenvOperator.execute cannot be called outside TaskInstance!
[2024-08-02T17:22:17.408+0900] {process_utils.py:183} INFO - Executing cmd: /home/oddsummer/.pyenv/versions/3.11.9/envs/air/bin/python -m virtualenv /tmp/venv9o6xbn1h --python=python
[2024-08-02T17:22:17.409+0900] {process_utils.py:187} INFO - Output:
[2024-08-02T17:22:17.858+0900] {process_utils.py:191} INFO - created virtual environment CPython3.11.9.final.0-64 in 316ms
[2024-08-02T17:22:17.859+0900] {process_utils.py:191} INFO -   creator CPython3Posix(dest=/tmp/venv9o6xbn1h, clear=False, no_vcs_ignore=False, global=False)
[2024-08-02T17:22:17.859+0900] {process_utils.py:191} INFO -   seeder FromAppData(download=False, pip=bundle, setuptools=bundle, wheel=bundle, via=copy, app_data_dir=/home/oddsummer/.local/share/virtualenv)
[2024-08-02T17:22:17.860+0900] {process_utils.py:191} INFO -     added seed packages: pip==24.1.2, setuptools==70.2.0, wheel==0.43.0
[2024-08-02T17:22:17.860+0900] {process_utils.py:191} INFO -   activators BashActivator,CShellActivator,FishActivator,NushellActivator,PowerShellActivator,PythonActivator
[2024-08-02T17:22:17.884+0900] {process_utils.py:183} INFO - Executing cmd: /tmp/venv9o6xbn1h/bin/pip install -r /tmp/venv9o6xbn1h/requirements.txt
[2024-08-02T17:22:17.884+0900] {process_utils.py:187} INFO - Output:
[2024-08-02T17:22:18.839+0900] {process_utils.py:191} INFO - Collecting git+https://github.com/7-TRG/extract_trg.git@main (from -r /tmp/venv9o6xbn1h/requirements.txt (line 1))
[2024-08-02T17:22:18.840+0900] {process_utils.py:191} INFO -   Cloning https://github.com/7-TRG/extract_trg.git (to revision main) to /tmp/pip-req-build-cjg5y1d6
[2024-08-02T17:22:18.843+0900] {process_utils.py:191} INFO -   Running command git clone --filter=blob:none --quiet https://github.com/7-TRG/extract_trg.git /tmp/pip-req-build-cjg5y1d6
[2024-08-02T17:22:20.630+0900] {process_utils.py:191} INFO -   Resolved https://github.com/7-TRG/extract_trg.git to commit 0712b3f1bbaeeeea58bf80749079a62c7e1bec3d
[2024-08-02T17:22:20.635+0900] {process_utils.py:191} INFO -   Installing build dependencies: started
[2024-08-02T17:22:22.993+0900] {process_utils.py:191} INFO -   Installing build dependencies: finished with status 'done'
[2024-08-02T17:22:22.996+0900] {process_utils.py:191} INFO -   Getting requirements to build wheel: started
[2024-08-02T17:22:23.321+0900] {process_utils.py:191} INFO -   Getting requirements to build wheel: finished with status 'done'
[2024-08-02T17:22:23.323+0900] {process_utils.py:191} INFO -   Preparing metadata (pyproject.toml): started
[2024-08-02T17:22:23.602+0900] {process_utils.py:191} INFO -   Preparing metadata (pyproject.toml): finished with status 'done'
[2024-08-02T17:22:23.605+0900] {process_utils.py:191} INFO - Building wheels for collected packages: extract_trg
[2024-08-02T17:22:23.609+0900] {process_utils.py:191} INFO -   Building wheel for extract_trg (pyproject.toml): started
[2024-08-02T17:22:23.870+0900] {process_utils.py:191} INFO -   Building wheel for extract_trg (pyproject.toml): finished with status 'done'
[2024-08-02T17:22:23.871+0900] {process_utils.py:191} INFO -   Created wheel for extract_trg: filename=extract_trg-0.1.0-py3-none-any.whl size=2219 sha256=2bb0f89ee0ec32d1615d8b32d2b0f94372573b14daa445e10d14407a9400dde2
[2024-08-02T17:22:23.871+0900] {process_utils.py:191} INFO -   Stored in directory: /tmp/pip-ephem-wheel-cache-o8fj3ugg/wheels/21/97/ea/e27bc4298590f1b8a2b9c46b60aefbe2e3076cf05f6bd5e464
[2024-08-02T17:22:23.873+0900] {process_utils.py:191} INFO - Successfully built extract_trg
[2024-08-02T17:22:23.883+0900] {process_utils.py:191} INFO - Installing collected packages: extract_trg
[2024-08-02T17:22:23.901+0900] {process_utils.py:191} INFO - Successfully installed extract_trg-0.1.0
[2024-08-02T17:22:23.906+0900] {process_utils.py:191} INFO - 
[2024-08-02T17:22:23.906+0900] {process_utils.py:191} INFO - [notice] A new release of pip is available: 24.1.2 -> 24.2
[2024-08-02T17:22:23.907+0900] {process_utils.py:191} INFO - [notice] To update, run: python -m pip install --upgrade pip
[2024-08-02T17:22:24.008+0900] {process_utils.py:183} INFO - Executing cmd: /tmp/venv9o6xbn1h/bin/python /tmp/venv-callnnzlu7lr/script.py /tmp/venv-callnnzlu7lr/script.in /tmp/venv-callnnzlu7lr/script.out /tmp/venv-callnnzlu7lr/string_args.txt /tmp/venv-callnnzlu7lr/termination.log
[2024-08-02T17:22:24.009+0900] {process_utils.py:187} INFO - Output:
[2024-08-02T17:22:24.029+0900] {process_utils.py:191} INFO - 
[2024-08-02T17:22:24.030+0900] {process_utils.py:191} INFO - ---------------======---::::::------+--=======++++++++++===--:...::-=--==============--:.....:-=====
[2024-08-02T17:22:24.030+0900] {process_utils.py:191} INFO - ----::---------------------===--::--+-----=============++++++===---:....--===============--:...:-===
[2024-08-02T17:22:24.031+0900] {process_utils.py:191} INFO - ----------------------------------=++----------------------=+===========-::.:-======================
[2024-08-02T17:22:24.031+0900] {process_utils.py:191} INFO - =----------------------------------==-----------------------=-----==============================+=--
[2024-08-02T17:22:24.031+0900] {process_utils.py:191} INFO - %%####=----------------------------==----------------------=-::::-----======+*%#++================::
[2024-08-02T17:22:24.031+0900] {process_utils.py:191} INFO - %%%%%#=----------------------------=-:---------------------=--==--------=====*#*=================-::
[2024-08-02T17:22:24.032+0900] {process_utils.py:191} INFO - @@%%%*-----------------+***++=-----=-::-------------------:+---------=====+++====================-::
[2024-08-02T17:22:24.032+0900] {process_utils.py:191} INFO - @@%%%*---------------#%%%%##%%#=---=-+##*#+----------------=------------=====+====-=--===========-::
[2024-08-02T17:22:24.032+0900] {process_utils.py:191} INFO - @@@%%+--=+*%%%+-----+%@@%#++%%%#=--=*%+===#+::----------::=-----------=+*##*++=-----------=======-::
[2024-08-02T17:22:24.032+0900] {process_utils.py:191} INFO - +++++=-+#+***#*=-----#*++**+#@@@*--+#+**+***-:=-:---=*+-::=-----==+++*######%%%#=-------------==-:::
[2024-08-02T17:22:24.033+0900] {process_utils.py:191} INFO - *******-:::-*=-------+===+=-=+#%%:-=++++=+==-:=-:::=%%#-::###=-*#%%%%%%%%%%%%%%%%+---------------:::
[2024-08-02T17:22:24.033+0900] {process_utils.py:191} INFO - =====+=:--::+---+--+**++++*+++#%*-=--**++++-:=++=::+#*-::=%%%#*#%%%%%%%%@@%%%%@@%%#====------+#%%=-*
[2024-08-02T17:22:24.033+0900] {process_utils.py:191} INFO - =-==++---=+==*#%%%%%%=*++++++++==-=-*##*+=##**++=--++-:--*=-=*#%%%@%###*###*+++*%%%*=============-#%
[2024-08-02T17:22:24.033+0900] {process_utils.py:191} INFO - +-=------=*%%%%@%@@@@***=+*#+*##*#%%@@**++%@%%%%*+=--=-=+-:--:#%@@%#*****###*+---+*++#**===---=++*%@
[2024-08-02T17:22:24.034+0900] {process_utils.py:191} INFO - --==-::-*%%%@@@@@@@%#*=-+++%@%##%%@@@@@%#%@@@%%@%%%*=--=#%####-%@%%####++++++=---==++*####*+++*%@%@@
[2024-08-02T17:22:24.034+0900] {process_utils.py:191} INFO - -=*+=-=#@@@@@@@@@#*+++++*@@@@@@@@@@@@@@@@@@@@@@@@@@@#+==-+*+#=:-+#%##**==++**+++=====+*###*+**#@%##%
[2024-08-02T17:22:24.034+0900] {process_utils.py:191} INFO - -=++-+%%@%@@@@%+=-++***#@@@@@@@@@@@@%:+@@*%+=%@@@@@@%%#%%#*=+--:-=#++**%#*+=+++++===+**####=*%%%%%%%
[2024-08-02T17:22:24.034+0900] {process_utils.py:191} INFO - -=++#%%####+-:---=*%%@@%#######**++++=+++++++++%%=+%@@%##*+==-=++=+*****##*===+++++==*#####*+#%%##%%
[2024-08-02T17:22:24.034+0900] {process_utils.py:191} INFO - -=*+=---==+=-::::-*@@@%+=======++++++++++++++*#%#**%%%*==-+*=--+==*****#**+=====+++++=***+++=+==::::
[2024-08-02T17:22:24.035+0900] {process_utils.py:191} INFO - =#*=++++++*###**==*@@@%=======++++++++*@@@@@@@@%%#####-:=+----==******##****+++++***==-=+=:::.::::::
[2024-08-02T17:22:24.035+0900] {process_utils.py:191} INFO - #%*+*++++**##*###*+#@@#=========++++==*%%%%%%%%######*=-----==+*********##########*+====::::::::::::
[2024-08-02T17:22:24.035+0900] {process_utils.py:191} INFO - ++++*#%%@%*##*##***%@@*===============+%##%%######%%%%*==-===+*********+=+*#######*++++-:::--::-----
[2024-08-02T17:22:24.035+0900] {process_utils.py:191} INFO - ===+*#%@@%*##**#**+=--================+%%#%%###%#%%%%%#======*#######*-:-++*####*****++:------------
[2024-08-02T17:22:24.035+0900] {process_utils.py:191} INFO - =+=------=##**##**+=--================+%%#%%###%%#%%%%%+=====+###**++==----:-*####****=------==-====
[2024-08-02T17:22:24.035+0900] {process_utils.py:191} INFO - 
[2024-08-02T17:22:24.058+0900] {python.py:237} INFO - Done. Returned value was: None
[2024-08-02T17:22:24.058+0900] {taskinstance.py:441} INFO - ::group::Post task execution logs
[2024-08-02T17:22:24.063+0900] {taskinstance.py:1206} INFO - Marking task as SUCCESS. dag_id=movie, task_id=get.data, run_id=scheduled__2017-01-03T05:57:00+00:00, execution_date=20170103T055700, start_date=20240802T082217, end_date=20240802T082224
[2024-08-02T17:22:24.131+0900] {local_task_job_runner.py:243} INFO - Task exited with return code 0
[2024-08-02T17:22:24.149+0900] {taskinstance.py:3503} INFO - 0 downstream tasks scheduled from follow-on schedule check
[2024-08-02T17:22:24.149+0900] {local_task_job_runner.py:222} INFO - ::endgroup::
