[2024-08-02T17:23:26.599+0900] {local_task_job_runner.py:120} INFO - ::group::Pre task execution logs
[2024-08-02T17:23:26.621+0900] {taskinstance.py:2076} INFO - Dependencies all met for dep_context=non-requeueable deps ti=<TaskInstance: movie.get.data scheduled__2017-01-04T05:03:00+00:00 [queued]>
[2024-08-02T17:23:26.629+0900] {taskinstance.py:2076} INFO - Dependencies all met for dep_context=requeueable deps ti=<TaskInstance: movie.get.data scheduled__2017-01-04T05:03:00+00:00 [queued]>
[2024-08-02T17:23:26.629+0900] {taskinstance.py:2306} INFO - Starting attempt 1 of 3
[2024-08-02T17:23:26.650+0900] {taskinstance.py:2330} INFO - Executing <Task(PythonVirtualenvOperator): get.data> on 2017-01-04 05:03:00+00:00
[2024-08-02T17:23:26.652+0900] {standard_task_runner.py:64} INFO - Started process 162667 to run task
[2024-08-02T17:23:26.657+0900] {standard_task_runner.py:90} INFO - Running: ['airflow', 'tasks', 'run', 'movie', 'get.data', 'scheduled__2017-01-04T05:03:00+00:00', '--job-id', '194', '--raw', '--subdir', 'DAGS_FOLDER/movie.py', '--cfg-path', '/tmp/tmpvw_xfl5a']
[2024-08-02T17:23:26.658+0900] {standard_task_runner.py:91} INFO - Job 194: Subtask get.data
[2024-08-02T17:23:26.697+0900] {task_command.py:426} INFO - Running <TaskInstance: movie.get.data scheduled__2017-01-04T05:03:00+00:00 [running]> on host playdata.
[2024-08-02T17:23:26.780+0900] {taskinstance.py:2648} INFO - Exporting env vars: AIRFLOW_CTX_DAG_OWNER='airflow' AIRFLOW_CTX_DAG_ID='movie' AIRFLOW_CTX_TASK_ID='get.data' AIRFLOW_CTX_EXECUTION_DATE='2017-01-04T05:03:00+00:00' AIRFLOW_CTX_TRY_NUMBER='1' AIRFLOW_CTX_DAG_RUN_ID='scheduled__2017-01-04T05:03:00+00:00'
[2024-08-02T17:23:26.781+0900] {taskinstance.py:430} INFO - ::endgroup::
[2024-08-02T17:23:26.792+0900] {baseoperator.py:400} WARNING - PythonVirtualenvOperator.execute cannot be called outside TaskInstance!
[2024-08-02T17:23:26.793+0900] {process_utils.py:183} INFO - Executing cmd: /home/oddsummer/.pyenv/versions/3.11.9/envs/air/bin/python -m virtualenv /tmp/venvfu4ypsxn --python=python
[2024-08-02T17:23:26.794+0900] {process_utils.py:187} INFO - Output:
[2024-08-02T17:23:27.191+0900] {process_utils.py:191} INFO - created virtual environment CPython3.11.9.final.0-64 in 285ms
[2024-08-02T17:23:27.192+0900] {process_utils.py:191} INFO -   creator CPython3Posix(dest=/tmp/venvfu4ypsxn, clear=False, no_vcs_ignore=False, global=False)
[2024-08-02T17:23:27.192+0900] {process_utils.py:191} INFO -   seeder FromAppData(download=False, pip=bundle, setuptools=bundle, wheel=bundle, via=copy, app_data_dir=/home/oddsummer/.local/share/virtualenv)
[2024-08-02T17:23:27.192+0900] {process_utils.py:191} INFO -     added seed packages: pip==24.1.2, setuptools==70.2.0, wheel==0.43.0
[2024-08-02T17:23:27.192+0900] {process_utils.py:191} INFO -   activators BashActivator,CShellActivator,FishActivator,NushellActivator,PowerShellActivator,PythonActivator
[2024-08-02T17:23:27.217+0900] {process_utils.py:183} INFO - Executing cmd: /tmp/venvfu4ypsxn/bin/pip install -r /tmp/venvfu4ypsxn/requirements.txt
[2024-08-02T17:23:27.217+0900] {process_utils.py:187} INFO - Output:
[2024-08-02T17:23:28.865+0900] {process_utils.py:191} INFO - Collecting git+https://github.com/7-TRG/extract_trg.git@main (from -r /tmp/venvfu4ypsxn/requirements.txt (line 1))
[2024-08-02T17:23:28.866+0900] {process_utils.py:191} INFO -   Cloning https://github.com/7-TRG/extract_trg.git (to revision main) to /tmp/pip-req-build-9zmojra5
[2024-08-02T17:23:28.868+0900] {process_utils.py:191} INFO -   Running command git clone --filter=blob:none --quiet https://github.com/7-TRG/extract_trg.git /tmp/pip-req-build-9zmojra5
[2024-08-02T17:23:30.449+0900] {process_utils.py:191} INFO -   Resolved https://github.com/7-TRG/extract_trg.git to commit 0712b3f1bbaeeeea58bf80749079a62c7e1bec3d
[2024-08-02T17:23:30.456+0900] {process_utils.py:191} INFO -   Installing build dependencies: started
[2024-08-02T17:23:33.394+0900] {process_utils.py:191} INFO -   Installing build dependencies: finished with status 'done'
[2024-08-02T17:23:33.395+0900] {process_utils.py:191} INFO -   Getting requirements to build wheel: started
[2024-08-02T17:23:33.933+0900] {process_utils.py:191} INFO -   Getting requirements to build wheel: finished with status 'done'
[2024-08-02T17:23:33.935+0900] {process_utils.py:191} INFO -   Preparing metadata (pyproject.toml): started
[2024-08-02T17:23:34.375+0900] {process_utils.py:191} INFO -   Preparing metadata (pyproject.toml): finished with status 'done'
[2024-08-02T17:23:34.378+0900] {process_utils.py:191} INFO - Building wheels for collected packages: extract_trg
[2024-08-02T17:23:34.383+0900] {process_utils.py:191} INFO -   Building wheel for extract_trg (pyproject.toml): started
[2024-08-02T17:23:34.664+0900] {process_utils.py:191} INFO -   Building wheel for extract_trg (pyproject.toml): finished with status 'done'
[2024-08-02T17:23:34.665+0900] {process_utils.py:191} INFO -   Created wheel for extract_trg: filename=extract_trg-0.1.0-py3-none-any.whl size=2219 sha256=a0fb1367873eedbf3eabe2f4bfd14144b07d92ceccfb09748ee579caedde2a8b
[2024-08-02T17:23:34.665+0900] {process_utils.py:191} INFO -   Stored in directory: /tmp/pip-ephem-wheel-cache-wrj3r2xd/wheels/21/97/ea/e27bc4298590f1b8a2b9c46b60aefbe2e3076cf05f6bd5e464
[2024-08-02T17:23:34.667+0900] {process_utils.py:191} INFO - Successfully built extract_trg
[2024-08-02T17:23:34.679+0900] {process_utils.py:191} INFO - Installing collected packages: extract_trg
[2024-08-02T17:23:34.699+0900] {process_utils.py:191} INFO - Successfully installed extract_trg-0.1.0
[2024-08-02T17:23:34.705+0900] {process_utils.py:191} INFO - 
[2024-08-02T17:23:34.705+0900] {process_utils.py:191} INFO - [notice] A new release of pip is available: 24.1.2 -> 24.2
[2024-08-02T17:23:34.706+0900] {process_utils.py:191} INFO - [notice] To update, run: python -m pip install --upgrade pip
[2024-08-02T17:23:34.807+0900] {process_utils.py:183} INFO - Executing cmd: /tmp/venvfu4ypsxn/bin/python /tmp/venv-call_17e51z3/script.py /tmp/venv-call_17e51z3/script.in /tmp/venv-call_17e51z3/script.out /tmp/venv-call_17e51z3/string_args.txt /tmp/venv-call_17e51z3/termination.log
[2024-08-02T17:23:34.808+0900] {process_utils.py:187} INFO - Output:
[2024-08-02T17:23:34.833+0900] {process_utils.py:191} INFO - 
[2024-08-02T17:23:34.834+0900] {process_utils.py:191} INFO - ---------------======---::::::------+--=======++++++++++===--:...::-=--==============--:.....:-=====
[2024-08-02T17:23:34.834+0900] {process_utils.py:191} INFO - ----::---------------------===--::--+-----=============++++++===---:....--===============--:...:-===
[2024-08-02T17:23:34.835+0900] {process_utils.py:191} INFO - ----------------------------------=++----------------------=+===========-::.:-======================
[2024-08-02T17:23:34.835+0900] {process_utils.py:191} INFO - =----------------------------------==-----------------------=-----==============================+=--
[2024-08-02T17:23:34.835+0900] {process_utils.py:191} INFO - %%####=----------------------------==----------------------=-::::-----======+*%#++================::
[2024-08-02T17:23:34.835+0900] {process_utils.py:191} INFO - %%%%%#=----------------------------=-:---------------------=--==--------=====*#*=================-::
[2024-08-02T17:23:34.836+0900] {process_utils.py:191} INFO - @@%%%*-----------------+***++=-----=-::-------------------:+---------=====+++====================-::
[2024-08-02T17:23:34.836+0900] {process_utils.py:191} INFO - @@%%%*---------------#%%%%##%%#=---=-+##*#+----------------=------------=====+====-=--===========-::
[2024-08-02T17:23:34.836+0900] {process_utils.py:191} INFO - @@@%%+--=+*%%%+-----+%@@%#++%%%#=--=*%+===#+::----------::=-----------=+*##*++=-----------=======-::
[2024-08-02T17:23:34.836+0900] {process_utils.py:191} INFO - +++++=-+#+***#*=-----#*++**+#@@@*--+#+**+***-:=-:---=*+-::=-----==+++*######%%%#=-------------==-:::
[2024-08-02T17:23:34.837+0900] {process_utils.py:191} INFO - *******-:::-*=-------+===+=-=+#%%:-=++++=+==-:=-:::=%%#-::###=-*#%%%%%%%%%%%%%%%%+---------------:::
[2024-08-02T17:23:34.837+0900] {process_utils.py:191} INFO - =====+=:--::+---+--+**++++*+++#%*-=--**++++-:=++=::+#*-::=%%%#*#%%%%%%%%@@%%%%@@%%#====------+#%%=-*
[2024-08-02T17:23:34.837+0900] {process_utils.py:191} INFO - =-==++---=+==*#%%%%%%=*++++++++==-=-*##*+=##**++=--++-:--*=-=*#%%%@%###*###*+++*%%%*=============-#%
[2024-08-02T17:23:34.837+0900] {process_utils.py:191} INFO - +-=------=*%%%%@%@@@@***=+*#+*##*#%%@@**++%@%%%%*+=--=-=+-:--:#%@@%#*****###*+---+*++#**===---=++*%@
[2024-08-02T17:23:34.837+0900] {process_utils.py:191} INFO - --==-::-*%%%@@@@@@@%#*=-+++%@%##%%@@@@@%#%@@@%%@%%%*=--=#%####-%@%%####++++++=---==++*####*+++*%@%@@
[2024-08-02T17:23:34.838+0900] {process_utils.py:191} INFO - -=*+=-=#@@@@@@@@@#*+++++*@@@@@@@@@@@@@@@@@@@@@@@@@@@#+==-+*+#=:-+#%##**==++**+++=====+*###*+**#@%##%
[2024-08-02T17:23:34.838+0900] {process_utils.py:191} INFO - -=++-+%%@%@@@@%+=-++***#@@@@@@@@@@@@%:+@@*%+=%@@@@@@%%#%%#*=+--:-=#++**%#*+=+++++===+**####=*%%%%%%%
[2024-08-02T17:23:34.838+0900] {process_utils.py:191} INFO - -=++#%%####+-:---=*%%@@%#######**++++=+++++++++%%=+%@@%##*+==-=++=+*****##*===+++++==*#####*+#%%##%%
[2024-08-02T17:23:34.838+0900] {process_utils.py:191} INFO - -=*+=---==+=-::::-*@@@%+=======++++++++++++++*#%#**%%%*==-+*=--+==*****#**+=====+++++=***+++=+==::::
[2024-08-02T17:23:34.839+0900] {process_utils.py:191} INFO - =#*=++++++*###**==*@@@%=======++++++++*@@@@@@@@%%#####-:=+----==******##****+++++***==-=+=:::.::::::
[2024-08-02T17:23:34.839+0900] {process_utils.py:191} INFO - #%*+*++++**##*###*+#@@#=========++++==*%%%%%%%%######*=-----==+*********##########*+====::::::::::::
[2024-08-02T17:23:34.839+0900] {process_utils.py:191} INFO - ++++*#%%@%*##*##***%@@*===============+%##%%######%%%%*==-===+*********+=+*#######*++++-:::--::-----
[2024-08-02T17:23:34.839+0900] {process_utils.py:191} INFO - ===+*#%@@%*##**#**+=--================+%%#%%###%#%%%%%#======*#######*-:-++*####*****++:------------
[2024-08-02T17:23:34.840+0900] {process_utils.py:191} INFO - =+=------=##**##**+=--================+%%#%%###%%#%%%%%+=====+###**++==----:-*####****=------==-====
[2024-08-02T17:23:34.840+0900] {process_utils.py:191} INFO - 
[2024-08-02T17:23:34.877+0900] {python.py:237} INFO - Done. Returned value was: None
[2024-08-02T17:23:34.877+0900] {taskinstance.py:441} INFO - ::group::Post task execution logs
[2024-08-02T17:23:34.882+0900] {taskinstance.py:1206} INFO - Marking task as SUCCESS. dag_id=movie, task_id=get.data, run_id=scheduled__2017-01-04T05:03:00+00:00, execution_date=20170104T050300, start_date=20240802T082326, end_date=20240802T082334
[2024-08-02T17:23:34.945+0900] {local_task_job_runner.py:243} INFO - Task exited with return code 0
[2024-08-02T17:23:34.957+0900] {taskinstance.py:3503} INFO - 0 downstream tasks scheduled from follow-on schedule check
[2024-08-02T17:23:34.958+0900] {local_task_job_runner.py:222} INFO - ::endgroup::
