[2024-08-02T16:54:35.927+0900] {local_task_job_runner.py:120} INFO - ::group::Pre task execution logs
[2024-08-02T16:54:35.949+0900] {taskinstance.py:2076} INFO - Dependencies all met for dep_context=non-requeueable deps ti=<TaskInstance: movie.get.data scheduled__2017-01-01T05:34:00+00:00 [queued]>
[2024-08-02T16:54:35.956+0900] {taskinstance.py:2076} INFO - Dependencies all met for dep_context=requeueable deps ti=<TaskInstance: movie.get.data scheduled__2017-01-01T05:34:00+00:00 [queued]>
[2024-08-02T16:54:35.956+0900] {taskinstance.py:2306} INFO - Starting attempt 1 of 3
[2024-08-02T16:54:35.972+0900] {taskinstance.py:2330} INFO - Executing <Task(PythonVirtualenvOperator): get.data> on 2017-01-01 05:34:00+00:00
[2024-08-02T16:54:35.975+0900] {standard_task_runner.py:64} INFO - Started process 147134 to run task
[2024-08-02T16:54:35.979+0900] {standard_task_runner.py:90} INFO - Running: ['airflow', 'tasks', 'run', 'movie', 'get.data', 'scheduled__2017-01-01T05:34:00+00:00', '--job-id', '45', '--raw', '--subdir', 'DAGS_FOLDER/movie.py', '--cfg-path', '/tmp/tmpm1v2vozd']
[2024-08-02T16:54:35.980+0900] {standard_task_runner.py:91} INFO - Job 45: Subtask get.data
[2024-08-02T16:54:36.018+0900] {task_command.py:426} INFO - Running <TaskInstance: movie.get.data scheduled__2017-01-01T05:34:00+00:00 [running]> on host playdata.
[2024-08-02T16:54:36.098+0900] {taskinstance.py:2648} INFO - Exporting env vars: AIRFLOW_CTX_DAG_OWNER='airflow' AIRFLOW_CTX_DAG_ID='movie' AIRFLOW_CTX_TASK_ID='get.data' AIRFLOW_CTX_EXECUTION_DATE='2017-01-01T05:34:00+00:00' AIRFLOW_CTX_TRY_NUMBER='1' AIRFLOW_CTX_DAG_RUN_ID='scheduled__2017-01-01T05:34:00+00:00'
[2024-08-02T16:54:36.099+0900] {taskinstance.py:430} INFO - ::endgroup::
[2024-08-02T16:54:36.109+0900] {baseoperator.py:400} WARNING - PythonVirtualenvOperator.execute cannot be called outside TaskInstance!
[2024-08-02T16:54:36.110+0900] {process_utils.py:183} INFO - Executing cmd: /home/oddsummer/.pyenv/versions/3.11.9/envs/air/bin/python -m virtualenv /tmp/venvhychyuuc --python=python
[2024-08-02T16:54:36.111+0900] {process_utils.py:187} INFO - Output:
[2024-08-02T16:54:36.496+0900] {process_utils.py:191} INFO - created virtual environment CPython3.11.9.final.0-64 in 276ms
[2024-08-02T16:54:36.496+0900] {process_utils.py:191} INFO -   creator CPython3Posix(dest=/tmp/venvhychyuuc, clear=False, no_vcs_ignore=False, global=False)
[2024-08-02T16:54:36.496+0900] {process_utils.py:191} INFO -   seeder FromAppData(download=False, pip=bundle, setuptools=bundle, wheel=bundle, via=copy, app_data_dir=/home/oddsummer/.local/share/virtualenv)
[2024-08-02T16:54:36.497+0900] {process_utils.py:191} INFO -     added seed packages: pip==24.1.2, setuptools==70.2.0, wheel==0.43.0
[2024-08-02T16:54:36.497+0900] {process_utils.py:191} INFO -   activators BashActivator,CShellActivator,FishActivator,NushellActivator,PowerShellActivator,PythonActivator
[2024-08-02T16:54:36.519+0900] {process_utils.py:183} INFO - Executing cmd: /tmp/venvhychyuuc/bin/pip install -r /tmp/venvhychyuuc/requirements.txt
[2024-08-02T16:54:36.520+0900] {process_utils.py:187} INFO - Output:
[2024-08-02T16:54:37.462+0900] {process_utils.py:191} INFO - Collecting git+https://github.com/7-TRG/extract_trg.git@main (from -r /tmp/venvhychyuuc/requirements.txt (line 1))
[2024-08-02T16:54:37.463+0900] {process_utils.py:191} INFO -   Cloning https://github.com/7-TRG/extract_trg.git (to revision main) to /tmp/pip-req-build-guv8fz32
[2024-08-02T16:54:37.465+0900] {process_utils.py:191} INFO -   Running command git clone --filter=blob:none --quiet https://github.com/7-TRG/extract_trg.git /tmp/pip-req-build-guv8fz32
[2024-08-02T16:54:39.064+0900] {process_utils.py:191} INFO -   Resolved https://github.com/7-TRG/extract_trg.git to commit 0712b3f1bbaeeeea58bf80749079a62c7e1bec3d
[2024-08-02T16:54:39.069+0900] {process_utils.py:191} INFO -   Installing build dependencies: started
[2024-08-02T16:54:40.905+0900] {process_utils.py:191} INFO -   Installing build dependencies: finished with status 'done'
[2024-08-02T16:54:40.906+0900] {process_utils.py:191} INFO -   Getting requirements to build wheel: started
[2024-08-02T16:54:41.151+0900] {process_utils.py:191} INFO -   Getting requirements to build wheel: finished with status 'done'
[2024-08-02T16:54:41.152+0900] {process_utils.py:191} INFO -   Preparing metadata (pyproject.toml): started
[2024-08-02T16:54:41.393+0900] {process_utils.py:191} INFO -   Preparing metadata (pyproject.toml): finished with status 'done'
[2024-08-02T16:54:41.395+0900] {process_utils.py:191} INFO - Building wheels for collected packages: extract_trg
[2024-08-02T16:54:41.399+0900] {process_utils.py:191} INFO -   Building wheel for extract_trg (pyproject.toml): started
[2024-08-02T16:54:41.644+0900] {process_utils.py:191} INFO -   Building wheel for extract_trg (pyproject.toml): finished with status 'done'
[2024-08-02T16:54:41.645+0900] {process_utils.py:191} INFO -   Created wheel for extract_trg: filename=extract_trg-0.1.0-py3-none-any.whl size=2219 sha256=f87a4b3b64663911f9b731ede054f955a3b3cb60df1b4a71b99ff09bd7afe741
[2024-08-02T16:54:41.646+0900] {process_utils.py:191} INFO -   Stored in directory: /tmp/pip-ephem-wheel-cache-sp9c9e53/wheels/21/97/ea/e27bc4298590f1b8a2b9c46b60aefbe2e3076cf05f6bd5e464
[2024-08-02T16:54:41.648+0900] {process_utils.py:191} INFO - Successfully built extract_trg
[2024-08-02T16:54:41.657+0900] {process_utils.py:191} INFO - Installing collected packages: extract_trg
[2024-08-02T16:54:41.673+0900] {process_utils.py:191} INFO - Successfully installed extract_trg-0.1.0
[2024-08-02T16:54:41.679+0900] {process_utils.py:191} INFO - 
[2024-08-02T16:54:41.680+0900] {process_utils.py:191} INFO - [notice] A new release of pip is available: 24.1.2 -> 24.2
[2024-08-02T16:54:41.680+0900] {process_utils.py:191} INFO - [notice] To update, run: python -m pip install --upgrade pip
[2024-08-02T16:54:41.778+0900] {process_utils.py:183} INFO - Executing cmd: /tmp/venvhychyuuc/bin/python /tmp/venv-call16s_6do9/script.py /tmp/venv-call16s_6do9/script.in /tmp/venv-call16s_6do9/script.out /tmp/venv-call16s_6do9/string_args.txt /tmp/venv-call16s_6do9/termination.log
[2024-08-02T16:54:41.778+0900] {process_utils.py:187} INFO - Output:
[2024-08-02T16:54:41.799+0900] {process_utils.py:191} INFO - 
[2024-08-02T16:54:41.800+0900] {process_utils.py:191} INFO - ---------------======---::::::------+--=======++++++++++===--:...::-=--==============--:.....:-=====
[2024-08-02T16:54:41.800+0900] {process_utils.py:191} INFO - ----::---------------------===--::--+-----=============++++++===---:....--===============--:...:-===
[2024-08-02T16:54:41.801+0900] {process_utils.py:191} INFO - ----------------------------------=++----------------------=+===========-::.:-======================
[2024-08-02T16:54:41.801+0900] {process_utils.py:191} INFO - =----------------------------------==-----------------------=-----==============================+=--
[2024-08-02T16:54:41.801+0900] {process_utils.py:191} INFO - %%####=----------------------------==----------------------=-::::-----======+*%#++================::
[2024-08-02T16:54:41.801+0900] {process_utils.py:191} INFO - %%%%%#=----------------------------=-:---------------------=--==--------=====*#*=================-::
[2024-08-02T16:54:41.801+0900] {process_utils.py:191} INFO - @@%%%*-----------------+***++=-----=-::-------------------:+---------=====+++====================-::
[2024-08-02T16:54:41.801+0900] {process_utils.py:191} INFO - @@%%%*---------------#%%%%##%%#=---=-+##*#+----------------=------------=====+====-=--===========-::
[2024-08-02T16:54:41.801+0900] {process_utils.py:191} INFO - @@@%%+--=+*%%%+-----+%@@%#++%%%#=--=*%+===#+::----------::=-----------=+*##*++=-----------=======-::
[2024-08-02T16:54:41.801+0900] {process_utils.py:191} INFO - +++++=-+#+***#*=-----#*++**+#@@@*--+#+**+***-:=-:---=*+-::=-----==+++*######%%%#=-------------==-:::
[2024-08-02T16:54:41.802+0900] {process_utils.py:191} INFO - *******-:::-*=-------+===+=-=+#%%:-=++++=+==-:=-:::=%%#-::###=-*#%%%%%%%%%%%%%%%%+---------------:::
[2024-08-02T16:54:41.802+0900] {process_utils.py:191} INFO - =====+=:--::+---+--+**++++*+++#%*-=--**++++-:=++=::+#*-::=%%%#*#%%%%%%%%@@%%%%@@%%#====------+#%%=-*
[2024-08-02T16:54:41.802+0900] {process_utils.py:191} INFO - =-==++---=+==*#%%%%%%=*++++++++==-=-*##*+=##**++=--++-:--*=-=*#%%%@%###*###*+++*%%%*=============-#%
[2024-08-02T16:54:41.802+0900] {process_utils.py:191} INFO - +-=------=*%%%%@%@@@@***=+*#+*##*#%%@@**++%@%%%%*+=--=-=+-:--:#%@@%#*****###*+---+*++#**===---=++*%@
[2024-08-02T16:54:41.802+0900] {process_utils.py:191} INFO - --==-::-*%%%@@@@@@@%#*=-+++%@%##%%@@@@@%#%@@@%%@%%%*=--=#%####-%@%%####++++++=---==++*####*+++*%@%@@
[2024-08-02T16:54:41.802+0900] {process_utils.py:191} INFO - -=*+=-=#@@@@@@@@@#*+++++*@@@@@@@@@@@@@@@@@@@@@@@@@@@#+==-+*+#=:-+#%##**==++**+++=====+*###*+**#@%##%
[2024-08-02T16:54:41.802+0900] {process_utils.py:191} INFO - -=++-+%%@%@@@@%+=-++***#@@@@@@@@@@@@%:+@@*%+=%@@@@@@%%#%%#*=+--:-=#++**%#*+=+++++===+**####=*%%%%%%%
[2024-08-02T16:54:41.802+0900] {process_utils.py:191} INFO - -=++#%%####+-:---=*%%@@%#######**++++=+++++++++%%=+%@@%##*+==-=++=+*****##*===+++++==*#####*+#%%##%%
[2024-08-02T16:54:41.803+0900] {process_utils.py:191} INFO - -=*+=---==+=-::::-*@@@%+=======++++++++++++++*#%#**%%%*==-+*=--+==*****#**+=====+++++=***+++=+==::::
[2024-08-02T16:54:41.803+0900] {process_utils.py:191} INFO - =#*=++++++*###**==*@@@%=======++++++++*@@@@@@@@%%#####-:=+----==******##****+++++***==-=+=:::.::::::
[2024-08-02T16:54:41.803+0900] {process_utils.py:191} INFO - #%*+*++++**##*###*+#@@#=========++++==*%%%%%%%%######*=-----==+*********##########*+====::::::::::::
[2024-08-02T16:54:41.803+0900] {process_utils.py:191} INFO - ++++*#%%@%*##*##***%@@*===============+%##%%######%%%%*==-===+*********+=+*#######*++++-:::--::-----
[2024-08-02T16:54:41.803+0900] {process_utils.py:191} INFO - ===+*#%@@%*##**#**+=--================+%%#%%###%#%%%%%#======*#######*-:-++*####*****++:------------
[2024-08-02T16:54:41.803+0900] {process_utils.py:191} INFO - =+=------=##**##**+=--================+%%#%%###%%#%%%%%+=====+###**++==----:-*####****=------==-====
[2024-08-02T16:54:41.803+0900] {process_utils.py:191} INFO - 
[2024-08-02T16:54:41.825+0900] {python.py:237} INFO - Done. Returned value was: None
[2024-08-02T16:54:41.826+0900] {taskinstance.py:441} INFO - ::group::Post task execution logs
[2024-08-02T16:54:41.830+0900] {taskinstance.py:1206} INFO - Marking task as SUCCESS. dag_id=movie, task_id=get.data, run_id=scheduled__2017-01-01T05:34:00+00:00, execution_date=20170101T053400, start_date=20240802T075435, end_date=20240802T075441
[2024-08-02T16:54:41.885+0900] {local_task_job_runner.py:243} INFO - Task exited with return code 0
[2024-08-02T16:54:41.900+0900] {taskinstance.py:3503} INFO - 0 downstream tasks scheduled from follow-on schedule check
[2024-08-02T16:54:41.900+0900] {local_task_job_runner.py:222} INFO - ::endgroup::
