[2024-08-02T17:22:29.197+0900] {local_task_job_runner.py:120} INFO - ::group::Pre task execution logs
[2024-08-02T17:22:29.216+0900] {taskinstance.py:2076} INFO - Dependencies all met for dep_context=non-requeueable deps ti=<TaskInstance: movie.get.data scheduled__2017-01-03T05:58:00+00:00 [queued]>
[2024-08-02T17:22:29.224+0900] {taskinstance.py:2076} INFO - Dependencies all met for dep_context=requeueable deps ti=<TaskInstance: movie.get.data scheduled__2017-01-03T05:58:00+00:00 [queued]>
[2024-08-02T17:22:29.225+0900] {taskinstance.py:2306} INFO - Starting attempt 1 of 3
[2024-08-02T17:22:29.243+0900] {taskinstance.py:2330} INFO - Executing <Task(PythonVirtualenvOperator): get.data> on 2017-01-03 05:58:00+00:00
[2024-08-02T17:22:29.246+0900] {standard_task_runner.py:64} INFO - Started process 162245 to run task
[2024-08-02T17:22:29.250+0900] {standard_task_runner.py:90} INFO - Running: ['airflow', 'tasks', 'run', 'movie', 'get.data', 'scheduled__2017-01-03T05:58:00+00:00', '--job-id', '189', '--raw', '--subdir', 'DAGS_FOLDER/movie.py', '--cfg-path', '/tmp/tmpog1krkk4']
[2024-08-02T17:22:29.251+0900] {standard_task_runner.py:91} INFO - Job 189: Subtask get.data
[2024-08-02T17:22:29.290+0900] {task_command.py:426} INFO - Running <TaskInstance: movie.get.data scheduled__2017-01-03T05:58:00+00:00 [running]> on host playdata.
[2024-08-02T17:22:29.359+0900] {taskinstance.py:2648} INFO - Exporting env vars: AIRFLOW_CTX_DAG_OWNER='airflow' AIRFLOW_CTX_DAG_ID='movie' AIRFLOW_CTX_TASK_ID='get.data' AIRFLOW_CTX_EXECUTION_DATE='2017-01-03T05:58:00+00:00' AIRFLOW_CTX_TRY_NUMBER='1' AIRFLOW_CTX_DAG_RUN_ID='scheduled__2017-01-03T05:58:00+00:00'
[2024-08-02T17:22:29.360+0900] {taskinstance.py:430} INFO - ::endgroup::
[2024-08-02T17:22:29.370+0900] {baseoperator.py:400} WARNING - PythonVirtualenvOperator.execute cannot be called outside TaskInstance!
[2024-08-02T17:22:29.371+0900] {process_utils.py:183} INFO - Executing cmd: /home/oddsummer/.pyenv/versions/3.11.9/envs/air/bin/python -m virtualenv /tmp/venvwu3cc4ti --python=python
[2024-08-02T17:22:29.372+0900] {process_utils.py:187} INFO - Output:
[2024-08-02T17:22:29.717+0900] {process_utils.py:191} INFO - created virtual environment CPython3.11.9.final.0-64 in 240ms
[2024-08-02T17:22:29.717+0900] {process_utils.py:191} INFO -   creator CPython3Posix(dest=/tmp/venvwu3cc4ti, clear=False, no_vcs_ignore=False, global=False)
[2024-08-02T17:22:29.718+0900] {process_utils.py:191} INFO -   seeder FromAppData(download=False, pip=bundle, setuptools=bundle, wheel=bundle, via=copy, app_data_dir=/home/oddsummer/.local/share/virtualenv)
[2024-08-02T17:22:29.718+0900] {process_utils.py:191} INFO -     added seed packages: pip==24.1.2, setuptools==70.2.0, wheel==0.43.0
[2024-08-02T17:22:29.718+0900] {process_utils.py:191} INFO -   activators BashActivator,CShellActivator,FishActivator,NushellActivator,PowerShellActivator,PythonActivator
[2024-08-02T17:22:29.740+0900] {process_utils.py:183} INFO - Executing cmd: /tmp/venvwu3cc4ti/bin/pip install -r /tmp/venvwu3cc4ti/requirements.txt
[2024-08-02T17:22:29.741+0900] {process_utils.py:187} INFO - Output:
[2024-08-02T17:22:30.669+0900] {process_utils.py:191} INFO - Collecting git+https://github.com/7-TRG/extract_trg.git@main (from -r /tmp/venvwu3cc4ti/requirements.txt (line 1))
[2024-08-02T17:22:30.670+0900] {process_utils.py:191} INFO -   Cloning https://github.com/7-TRG/extract_trg.git (to revision main) to /tmp/pip-req-build-8qnlpcpl
[2024-08-02T17:22:30.672+0900] {process_utils.py:191} INFO -   Running command git clone --filter=blob:none --quiet https://github.com/7-TRG/extract_trg.git /tmp/pip-req-build-8qnlpcpl
[2024-08-02T17:22:32.390+0900] {process_utils.py:191} INFO -   Resolved https://github.com/7-TRG/extract_trg.git to commit 0712b3f1bbaeeeea58bf80749079a62c7e1bec3d
[2024-08-02T17:22:32.395+0900] {process_utils.py:191} INFO -   Installing build dependencies: started
[2024-08-02T17:22:34.235+0900] {process_utils.py:191} INFO -   Installing build dependencies: finished with status 'done'
[2024-08-02T17:22:34.236+0900] {process_utils.py:191} INFO -   Getting requirements to build wheel: started
[2024-08-02T17:22:34.475+0900] {process_utils.py:191} INFO -   Getting requirements to build wheel: finished with status 'done'
[2024-08-02T17:22:34.477+0900] {process_utils.py:191} INFO -   Preparing metadata (pyproject.toml): started
[2024-08-02T17:22:34.730+0900] {process_utils.py:191} INFO -   Preparing metadata (pyproject.toml): finished with status 'done'
[2024-08-02T17:22:34.732+0900] {process_utils.py:191} INFO - Building wheels for collected packages: extract_trg
[2024-08-02T17:22:34.736+0900] {process_utils.py:191} INFO -   Building wheel for extract_trg (pyproject.toml): started
[2024-08-02T17:22:34.992+0900] {process_utils.py:191} INFO -   Building wheel for extract_trg (pyproject.toml): finished with status 'done'
[2024-08-02T17:22:34.992+0900] {process_utils.py:191} INFO -   Created wheel for extract_trg: filename=extract_trg-0.1.0-py3-none-any.whl size=2219 sha256=d510e234050d47282ceeff767a0aacea6f6f4633a53e8fa2e80d497ae731528c
[2024-08-02T17:22:34.993+0900] {process_utils.py:191} INFO -   Stored in directory: /tmp/pip-ephem-wheel-cache-hrppafk0/wheels/21/97/ea/e27bc4298590f1b8a2b9c46b60aefbe2e3076cf05f6bd5e464
[2024-08-02T17:22:34.995+0900] {process_utils.py:191} INFO - Successfully built extract_trg
[2024-08-02T17:22:35.004+0900] {process_utils.py:191} INFO - Installing collected packages: extract_trg
[2024-08-02T17:22:35.019+0900] {process_utils.py:191} INFO - Successfully installed extract_trg-0.1.0
[2024-08-02T17:22:35.026+0900] {process_utils.py:191} INFO - 
[2024-08-02T17:22:35.026+0900] {process_utils.py:191} INFO - [notice] A new release of pip is available: 24.1.2 -> 24.2
[2024-08-02T17:22:35.027+0900] {process_utils.py:191} INFO - [notice] To update, run: python -m pip install --upgrade pip
[2024-08-02T17:22:35.121+0900] {process_utils.py:183} INFO - Executing cmd: /tmp/venvwu3cc4ti/bin/python /tmp/venv-callaltp8ss7/script.py /tmp/venv-callaltp8ss7/script.in /tmp/venv-callaltp8ss7/script.out /tmp/venv-callaltp8ss7/string_args.txt /tmp/venv-callaltp8ss7/termination.log
[2024-08-02T17:22:35.122+0900] {process_utils.py:187} INFO - Output:
[2024-08-02T17:22:35.146+0900] {process_utils.py:191} INFO - 
[2024-08-02T17:22:35.146+0900] {process_utils.py:191} INFO - ---------------======---::::::------+--=======++++++++++===--:...::-=--==============--:.....:-=====
[2024-08-02T17:22:35.147+0900] {process_utils.py:191} INFO - ----::---------------------===--::--+-----=============++++++===---:....--===============--:...:-===
[2024-08-02T17:22:35.147+0900] {process_utils.py:191} INFO - ----------------------------------=++----------------------=+===========-::.:-======================
[2024-08-02T17:22:35.147+0900] {process_utils.py:191} INFO - =----------------------------------==-----------------------=-----==============================+=--
[2024-08-02T17:22:35.147+0900] {process_utils.py:191} INFO - %%####=----------------------------==----------------------=-::::-----======+*%#++================::
[2024-08-02T17:22:35.147+0900] {process_utils.py:191} INFO - %%%%%#=----------------------------=-:---------------------=--==--------=====*#*=================-::
[2024-08-02T17:22:35.148+0900] {process_utils.py:191} INFO - @@%%%*-----------------+***++=-----=-::-------------------:+---------=====+++====================-::
[2024-08-02T17:22:35.148+0900] {process_utils.py:191} INFO - @@%%%*---------------#%%%%##%%#=---=-+##*#+----------------=------------=====+====-=--===========-::
[2024-08-02T17:22:35.148+0900] {process_utils.py:191} INFO - @@@%%+--=+*%%%+-----+%@@%#++%%%#=--=*%+===#+::----------::=-----------=+*##*++=-----------=======-::
[2024-08-02T17:22:35.148+0900] {process_utils.py:191} INFO - +++++=-+#+***#*=-----#*++**+#@@@*--+#+**+***-:=-:---=*+-::=-----==+++*######%%%#=-------------==-:::
[2024-08-02T17:22:35.148+0900] {process_utils.py:191} INFO - *******-:::-*=-------+===+=-=+#%%:-=++++=+==-:=-:::=%%#-::###=-*#%%%%%%%%%%%%%%%%+---------------:::
[2024-08-02T17:22:35.149+0900] {process_utils.py:191} INFO - =====+=:--::+---+--+**++++*+++#%*-=--**++++-:=++=::+#*-::=%%%#*#%%%%%%%%@@%%%%@@%%#====------+#%%=-*
[2024-08-02T17:22:35.149+0900] {process_utils.py:191} INFO - =-==++---=+==*#%%%%%%=*++++++++==-=-*##*+=##**++=--++-:--*=-=*#%%%@%###*###*+++*%%%*=============-#%
[2024-08-02T17:22:35.149+0900] {process_utils.py:191} INFO - +-=------=*%%%%@%@@@@***=+*#+*##*#%%@@**++%@%%%%*+=--=-=+-:--:#%@@%#*****###*+---+*++#**===---=++*%@
[2024-08-02T17:22:35.149+0900] {process_utils.py:191} INFO - --==-::-*%%%@@@@@@@%#*=-+++%@%##%%@@@@@%#%@@@%%@%%%*=--=#%####-%@%%####++++++=---==++*####*+++*%@%@@
[2024-08-02T17:22:35.149+0900] {process_utils.py:191} INFO - -=*+=-=#@@@@@@@@@#*+++++*@@@@@@@@@@@@@@@@@@@@@@@@@@@#+==-+*+#=:-+#%##**==++**+++=====+*###*+**#@%##%
[2024-08-02T17:22:35.149+0900] {process_utils.py:191} INFO - -=++-+%%@%@@@@%+=-++***#@@@@@@@@@@@@%:+@@*%+=%@@@@@@%%#%%#*=+--:-=#++**%#*+=+++++===+**####=*%%%%%%%
[2024-08-02T17:22:35.150+0900] {process_utils.py:191} INFO - -=++#%%####+-:---=*%%@@%#######**++++=+++++++++%%=+%@@%##*+==-=++=+*****##*===+++++==*#####*+#%%##%%
[2024-08-02T17:22:35.150+0900] {process_utils.py:191} INFO - -=*+=---==+=-::::-*@@@%+=======++++++++++++++*#%#**%%%*==-+*=--+==*****#**+=====+++++=***+++=+==::::
[2024-08-02T17:22:35.150+0900] {process_utils.py:191} INFO - =#*=++++++*###**==*@@@%=======++++++++*@@@@@@@@%%#####-:=+----==******##****+++++***==-=+=:::.::::::
[2024-08-02T17:22:35.150+0900] {process_utils.py:191} INFO - #%*+*++++**##*###*+#@@#=========++++==*%%%%%%%%######*=-----==+*********##########*+====::::::::::::
[2024-08-02T17:22:35.151+0900] {process_utils.py:191} INFO - ++++*#%%@%*##*##***%@@*===============+%##%%######%%%%*==-===+*********+=+*#######*++++-:::--::-----
[2024-08-02T17:22:35.151+0900] {process_utils.py:191} INFO - ===+*#%@@%*##**#**+=--================+%%#%%###%#%%%%%#======*#######*-:-++*####*****++:------------
[2024-08-02T17:22:35.151+0900] {process_utils.py:191} INFO - =+=------=##**##**+=--================+%%#%%###%%#%%%%%+=====+###**++==----:-*####****=------==-====
[2024-08-02T17:22:35.151+0900] {process_utils.py:191} INFO - 
[2024-08-02T17:22:35.174+0900] {python.py:237} INFO - Done. Returned value was: None
[2024-08-02T17:22:35.175+0900] {taskinstance.py:441} INFO - ::group::Post task execution logs
[2024-08-02T17:22:35.179+0900] {taskinstance.py:1206} INFO - Marking task as SUCCESS. dag_id=movie, task_id=get.data, run_id=scheduled__2017-01-03T05:58:00+00:00, execution_date=20170103T055800, start_date=20240802T082229, end_date=20240802T082235
[2024-08-02T17:22:35.220+0900] {local_task_job_runner.py:243} INFO - Task exited with return code 0
[2024-08-02T17:22:35.233+0900] {taskinstance.py:3503} INFO - 0 downstream tasks scheduled from follow-on schedule check
[2024-08-02T17:22:35.234+0900] {local_task_job_runner.py:222} INFO - ::endgroup::
