[2024-08-02T17:38:26.233+0900] {local_task_job_runner.py:120} INFO - ::group::Pre task execution logs
[2024-08-02T17:38:26.254+0900] {taskinstance.py:2076} INFO - Dependencies all met for dep_context=non-requeueable deps ti=<TaskInstance: movie.load scheduled__2017-01-05T05:09:00+00:00 [queued]>
[2024-08-02T17:38:26.263+0900] {taskinstance.py:2076} INFO - Dependencies all met for dep_context=requeueable deps ti=<TaskInstance: movie.load scheduled__2017-01-05T05:09:00+00:00 [queued]>
[2024-08-02T17:38:26.263+0900] {taskinstance.py:2306} INFO - Starting attempt 1 of 3
[2024-08-02T17:38:26.281+0900] {taskinstance.py:2330} INFO - Executing <Task(PythonVirtualenvOperator): load> on 2017-01-05 05:09:00+00:00
[2024-08-02T17:38:26.284+0900] {standard_task_runner.py:64} INFO - Started process 171916 to run task
[2024-08-02T17:38:26.288+0900] {standard_task_runner.py:90} INFO - Running: ['airflow', 'tasks', 'run', 'movie', 'load', 'scheduled__2017-01-05T05:09:00+00:00', '--job-id', '275', '--raw', '--subdir', 'DAGS_FOLDER/movie.py', '--cfg-path', '/tmp/tmpjogeigaa']
[2024-08-02T17:38:26.289+0900] {standard_task_runner.py:91} INFO - Job 275: Subtask load
[2024-08-02T17:38:26.324+0900] {task_command.py:426} INFO - Running <TaskInstance: movie.load scheduled__2017-01-05T05:09:00+00:00 [running]> on host playdata.
[2024-08-02T17:38:26.392+0900] {taskinstance.py:2648} INFO - Exporting env vars: AIRFLOW_CTX_DAG_OWNER='airflow' AIRFLOW_CTX_DAG_ID='movie' AIRFLOW_CTX_TASK_ID='load' AIRFLOW_CTX_EXECUTION_DATE='2017-01-05T05:09:00+00:00' AIRFLOW_CTX_TRY_NUMBER='1' AIRFLOW_CTX_DAG_RUN_ID='scheduled__2017-01-05T05:09:00+00:00'
[2024-08-02T17:38:26.393+0900] {taskinstance.py:430} INFO - ::endgroup::
[2024-08-02T17:38:26.403+0900] {baseoperator.py:400} WARNING - PythonVirtualenvOperator.execute cannot be called outside TaskInstance!
[2024-08-02T17:38:26.404+0900] {process_utils.py:183} INFO - Executing cmd: /home/oddsummer/.pyenv/versions/3.11.9/envs/air/bin/python -m virtualenv /tmp/venvhp0cu5_3 --python=python
[2024-08-02T17:38:26.405+0900] {process_utils.py:187} INFO - Output:
[2024-08-02T17:38:26.795+0900] {process_utils.py:191} INFO - created virtual environment CPython3.11.9.final.0-64 in 281ms
[2024-08-02T17:38:26.796+0900] {process_utils.py:191} INFO -   creator CPython3Posix(dest=/tmp/venvhp0cu5_3, clear=False, no_vcs_ignore=False, global=False)
[2024-08-02T17:38:26.796+0900] {process_utils.py:191} INFO -   seeder FromAppData(download=False, pip=bundle, setuptools=bundle, wheel=bundle, via=copy, app_data_dir=/home/oddsummer/.local/share/virtualenv)
[2024-08-02T17:38:26.796+0900] {process_utils.py:191} INFO -     added seed packages: pip==24.1.2, setuptools==70.2.0, wheel==0.43.0
[2024-08-02T17:38:26.796+0900] {process_utils.py:191} INFO -   activators BashActivator,CShellActivator,FishActivator,NushellActivator,PowerShellActivator,PythonActivator
[2024-08-02T17:38:26.821+0900] {process_utils.py:183} INFO - Executing cmd: /tmp/venvhp0cu5_3/bin/pip install -r /tmp/venvhp0cu5_3/requirements.txt
[2024-08-02T17:38:26.821+0900] {process_utils.py:187} INFO - Output:
[2024-08-02T17:38:27.766+0900] {process_utils.py:191} INFO - Collecting git+https://github.com/7-TRG/load_trg.git@main (from -r /tmp/venvhp0cu5_3/requirements.txt (line 1))
[2024-08-02T17:38:27.767+0900] {process_utils.py:191} INFO -   Cloning https://github.com/7-TRG/load_trg.git (to revision main) to /tmp/pip-req-build-012vuckc
[2024-08-02T17:38:27.769+0900] {process_utils.py:191} INFO -   Running command git clone --filter=blob:none --quiet https://github.com/7-TRG/load_trg.git /tmp/pip-req-build-012vuckc
[2024-08-02T17:38:29.532+0900] {process_utils.py:191} INFO -   Resolved https://github.com/7-TRG/load_trg.git to commit a78367af409831858479a749824cec8cc5149efe
[2024-08-02T17:38:29.538+0900] {process_utils.py:191} INFO -   Installing build dependencies: started
[2024-08-02T17:38:31.383+0900] {process_utils.py:191} INFO -   Installing build dependencies: finished with status 'done'
[2024-08-02T17:38:31.384+0900] {process_utils.py:191} INFO -   Getting requirements to build wheel: started
[2024-08-02T17:38:31.630+0900] {process_utils.py:191} INFO -   Getting requirements to build wheel: finished with status 'done'
[2024-08-02T17:38:31.632+0900] {process_utils.py:191} INFO -   Preparing metadata (pyproject.toml): started
[2024-08-02T17:38:31.881+0900] {process_utils.py:191} INFO -   Preparing metadata (pyproject.toml): finished with status 'done'
[2024-08-02T17:38:31.883+0900] {process_utils.py:191} INFO - Building wheels for collected packages: load_trg
[2024-08-02T17:38:31.888+0900] {process_utils.py:191} INFO -   Building wheel for load_trg (pyproject.toml): started
[2024-08-02T17:38:32.150+0900] {process_utils.py:191} INFO -   Building wheel for load_trg (pyproject.toml): finished with status 'done'
[2024-08-02T17:38:32.151+0900] {process_utils.py:191} INFO -   Created wheel for load_trg: filename=load_trg-0.1.0-py3-none-any.whl size=2181 sha256=54ad76526464ede09e808ee78a424ac9f971413374d3aa755bdd31350d02c09e
[2024-08-02T17:38:32.151+0900] {process_utils.py:191} INFO -   Stored in directory: /tmp/pip-ephem-wheel-cache-26qfmtv6/wheels/a8/48/51/c448b4db115fa94c6efe6c0747490b8a38ea43c45c28f37c7f
[2024-08-02T17:38:32.153+0900] {process_utils.py:191} INFO - Successfully built load_trg
[2024-08-02T17:38:32.162+0900] {process_utils.py:191} INFO - Installing collected packages: load_trg
[2024-08-02T17:38:32.179+0900] {process_utils.py:191} INFO - Successfully installed load_trg-0.1.0
[2024-08-02T17:38:32.185+0900] {process_utils.py:191} INFO - 
[2024-08-02T17:38:32.186+0900] {process_utils.py:191} INFO - [notice] A new release of pip is available: 24.1.2 -> 24.2
[2024-08-02T17:38:32.186+0900] {process_utils.py:191} INFO - [notice] To update, run: python -m pip install --upgrade pip
[2024-08-02T17:38:32.278+0900] {process_utils.py:183} INFO - Executing cmd: /tmp/venvhp0cu5_3/bin/python /tmp/venv-call2tm8oy2b/script.py /tmp/venv-call2tm8oy2b/script.in /tmp/venv-call2tm8oy2b/script.out /tmp/venv-call2tm8oy2b/string_args.txt /tmp/venv-call2tm8oy2b/termination.log
[2024-08-02T17:38:32.279+0900] {process_utils.py:187} INFO - Output:
[2024-08-02T17:38:32.298+0900] {process_utils.py:191} INFO - 
[2024-08-02T17:38:32.299+0900] {process_utils.py:191} INFO -     ---------------======---::::::------+--=======++++++++++===--:...::-=--==============--:.....:-=====
[2024-08-02T17:38:32.299+0900] {process_utils.py:191} INFO - ----::---------------------===--::--+-----=============++++++===---:....--===============--:...:-===
[2024-08-02T17:38:32.299+0900] {process_utils.py:191} INFO - ----------------------------------=++----------------------=+===========-::.:-======================
[2024-08-02T17:38:32.299+0900] {process_utils.py:191} INFO - =----------------------------------==-----------------------=-----==============================+=--
[2024-08-02T17:38:32.299+0900] {process_utils.py:191} INFO - %%####=----------------------------==----------------------=-::::-----======+*%#++================::
[2024-08-02T17:38:32.299+0900] {process_utils.py:191} INFO - %%%%%#=----------------------------=-:---------------------=--==--------=====*#*=================-::
[2024-08-02T17:38:32.299+0900] {process_utils.py:191} INFO - @@%%%*-----------------+***++=-----=-::-------------------:+---------=====+++====================-::
[2024-08-02T17:38:32.300+0900] {process_utils.py:191} INFO - @@%%%*---------------#%%%%##%%#=---=-+##*#+----------------=------------=====+====-=--===========-::
[2024-08-02T17:38:32.300+0900] {process_utils.py:191} INFO - @@@%%+--=+*%%%+-----+%@@%#++%%%#=--=*%+===#+::----------::=-----------=+*##*++=-----------=======-::
[2024-08-02T17:38:32.300+0900] {process_utils.py:191} INFO - +++++=-+#+***#*=-----#*++**+#@@@*--+#+**+***-:=-:---=*+-::=-----==+++*######%%%#=-------------==-:::
[2024-08-02T17:38:32.300+0900] {process_utils.py:191} INFO - *******-:::-*=-------+===+=-=+#%%:-=++++=+==-:=-:::=%%#-::###=-*#%%%%%%%%%%%%%%%%+---------------:::
[2024-08-02T17:38:32.300+0900] {process_utils.py:191} INFO - =====+=:--::+---+--+**++++*+++#%*-=--**++++-:=++=::+#*-::=%%%#*#%%%%%%%%@@%%%%@@%%#====------+#%%=-*
[2024-08-02T17:38:32.300+0900] {process_utils.py:191} INFO - =-==++---=+==*#%%%%%%=*++++++++==-=-*##*+=##**++=--++-:--*=-=*#%%%@%###*###*+++*%%%*=============-#%
[2024-08-02T17:38:32.300+0900] {process_utils.py:191} INFO - +-=------=*%%%%@%@@@@***=+*#+*##*#%%@@**++%@%%%%*+=--=-=+-:--:#%@@%#*****###*+---+*++#**===---=++*%@
[2024-08-02T17:38:32.301+0900] {process_utils.py:191} INFO - --==-::-*%%%@@@@@@@%#*=-+++%@%##%%@@@@@%#%@@@%%@%%%*=--=#%####-%@%%####++++++=---==++*####*+++*%@%@@
[2024-08-02T17:38:32.301+0900] {process_utils.py:191} INFO - -=*+=-=#@@@@@@@@@#*+++++*@@@@@@@@@@@@@@@@@@@@@@@@@@@#+==-+*+#=:-+#%##**==++**+++=====+*###*+**#@%##%
[2024-08-02T17:38:32.301+0900] {process_utils.py:191} INFO - -=++-+%%@%@@@@%+=-++***#@@@@@@@@@@@@%:+@@*%+=%@@@@@@%%#%%#*=+--:-=#++**%#*+=+++++===+**####=*%%%%%%%
[2024-08-02T17:38:32.301+0900] {process_utils.py:191} INFO - -=++#%%####+-:---=*%%@@%#######**++++=+++++++++%%=+%@@%##*+==-=++=+*****##*===+++++==*#####*+#%%##%%
[2024-08-02T17:38:32.301+0900] {process_utils.py:191} INFO - -=*+=---==+=-::::-*@@@%+=======++++++++++++++*#%#**%%%*==-+*=--+==*****#**+=====+++++=***+++=+==::::
[2024-08-02T17:38:32.301+0900] {process_utils.py:191} INFO - =#*=++++++*###**==*@@@%=======++++++++*@@@@@@@@%%#####-:=+----==******##****+++++***==-=+=:::.::::::
[2024-08-02T17:38:32.301+0900] {process_utils.py:191} INFO - #%*+*++++**##*###*+#@@#=========++++==*%%%%%%%%######*=-----==+*********##########*+====::::::::::::
[2024-08-02T17:38:32.301+0900] {process_utils.py:191} INFO - ++++*#%%@%*##*##***%@@*===============+%##%%######%%%%*==-===+*********+=+*#######*++++-:::--::-----
[2024-08-02T17:38:32.302+0900] {process_utils.py:191} INFO - ===+*#%@@%*##**#**+=--================+%%#%%###%#%%%%%#======*#######*-:-++*####*****++:------------
[2024-08-02T17:38:32.302+0900] {process_utils.py:191} INFO - =+=------=##**##**+=--================+%%#%%###%%#%%%%%+=====+###**++==----:-*####****=------==-====
[2024-08-02T17:38:32.302+0900] {process_utils.py:191} INFO - 
[2024-08-02T17:38:32.302+0900] {process_utils.py:191} INFO - 
[2024-08-02T17:38:32.302+0900] {process_utils.py:191} INFO -     ---------------======---::::::------+--=======++++++++++===--:...::-=--==============--:.....:-=====
[2024-08-02T17:38:32.302+0900] {process_utils.py:191} INFO - ----::---------------------===--::--+-----=============++++++===---:....--===============--:...:-===
[2024-08-02T17:38:32.302+0900] {process_utils.py:191} INFO - ----------------------------------=++----------------------=+===========-::.:-======================
[2024-08-02T17:38:32.302+0900] {process_utils.py:191} INFO - =----------------------------------==-----------------------=-----==============================+=--
[2024-08-02T17:38:32.302+0900] {process_utils.py:191} INFO - %%####=----------------------------==----------------------=-::::-----======+*%#++================::
[2024-08-02T17:38:32.303+0900] {process_utils.py:191} INFO - %%%%%#=----------------------------=-:---------------------=--==--------=====*#*=================-::
[2024-08-02T17:38:32.303+0900] {process_utils.py:191} INFO - @@%%%*-----------------+***++=-----=-::-------------------:+---------=====+++====================-::
[2024-08-02T17:38:32.303+0900] {process_utils.py:191} INFO - @@%%%*---------------#%%%%##%%#=---=-+##*#+----------------=------------=====+====-=--===========-::
[2024-08-02T17:38:32.303+0900] {process_utils.py:191} INFO - @@@%%+--=+*%%%+-----+%@@%#++%%%#=--=*%+===#+::----------::=-----------=+*##*++=-----------=======-::
[2024-08-02T17:38:32.303+0900] {process_utils.py:191} INFO - +++++=-+#+***#*=-----#*++**+#@@@*--+#+**+***-:=-:---=*+-::=-----==+++*######%%%#=-------------==-:::
[2024-08-02T17:38:32.303+0900] {process_utils.py:191} INFO - *******-:::-*=-------+===+=-=+#%%:-=++++=+==-:=-:::=%%#-::###=-*#%%%%%%%%%%%%%%%%+---------------:::
[2024-08-02T17:38:32.303+0900] {process_utils.py:191} INFO - =====+=:--::+---+--+**++++*+++#%*-=--**++++-:=++=::+#*-::=%%%#*#%%%%%%%%@@%%%%@@%%#====------+#%%=-*
[2024-08-02T17:38:32.303+0900] {process_utils.py:191} INFO - =-==++---=+==*#%%%%%%=*++++++++==-=-*##*+=##**++=--++-:--*=-=*#%%%@%###*###*+++*%%%*=============-#%
[2024-08-02T17:38:32.303+0900] {process_utils.py:191} INFO - +-=------=*%%%%@%@@@@***=+*#+*##*#%%@@**++%@%%%%*+=--=-=+-:--:#%@@%#*****###*+---+*++#**===---=++*%@
[2024-08-02T17:38:32.304+0900] {process_utils.py:191} INFO - --==-::-*%%%@@@@@@@%#*=-+++%@%##%%@@@@@%#%@@@%%@%%%*=--=#%####-%@%%####++++++=---==++*####*+++*%@%@@
[2024-08-02T17:38:32.304+0900] {process_utils.py:191} INFO - -=*+=-=#@@@@@@@@@#*+++++*@@@@@@@@@@@@@@@@@@@@@@@@@@@#+==-+*+#=:-+#%##**==++**+++=====+*###*+**#@%##%
[2024-08-02T17:38:32.304+0900] {process_utils.py:191} INFO - -=++-+%%@%@@@@%+=-++***#@@@@@@@@@@@@%:+@@*%+=%@@@@@@%%#%%#*=+--:-=#++**%#*+=+++++===+**####=*%%%%%%%
[2024-08-02T17:38:32.304+0900] {process_utils.py:191} INFO - -=++#%%####+-:---=*%%@@%#######**++++=+++++++++%%=+%@@%##*+==-=++=+*****##*===+++++==*#####*+#%%##%%
[2024-08-02T17:38:32.304+0900] {process_utils.py:191} INFO - -=*+=---==+=-::::-*@@@%+=======++++++++++++++*#%#**%%%*==-+*=--+==*****#**+=====+++++=***+++=+==::::
[2024-08-02T17:38:32.304+0900] {process_utils.py:191} INFO - =#*=++++++*###**==*@@@%=======++++++++*@@@@@@@@%%#####-:=+----==******##****+++++***==-=+=:::.::::::
[2024-08-02T17:38:32.304+0900] {process_utils.py:191} INFO - #%*+*++++**##*###*+#@@#=========++++==*%%%%%%%%######*=-----==+*********##########*+====::::::::::::
[2024-08-02T17:38:32.304+0900] {process_utils.py:191} INFO - ++++*#%%@%*##*##***%@@*===============+%##%%######%%%%*==-===+*********+=+*#######*++++-:::--::-----
[2024-08-02T17:38:32.305+0900] {process_utils.py:191} INFO - ===+*#%@@%*##**#**+=--================+%%#%%###%#%%%%%#======*#######*-:-++*####*****++:------------
[2024-08-02T17:38:32.305+0900] {process_utils.py:191} INFO - =+=------=##**##**+=--================+%%#%%###%%#%%%%%+=====+###**++==----:-*####****=------==-====
[2024-08-02T17:38:32.305+0900] {process_utils.py:191} INFO - 
[2024-08-02T17:38:32.326+0900] {python.py:237} INFO - Done. Returned value was: None
[2024-08-02T17:38:32.326+0900] {taskinstance.py:441} INFO - ::group::Post task execution logs
[2024-08-02T17:38:32.330+0900] {taskinstance.py:1206} INFO - Marking task as SUCCESS. dag_id=movie, task_id=load, run_id=scheduled__2017-01-05T05:09:00+00:00, execution_date=20170105T050900, start_date=20240802T083826, end_date=20240802T083832
[2024-08-02T17:38:32.414+0900] {local_task_job_runner.py:243} INFO - Task exited with return code 0
[2024-08-02T17:38:32.428+0900] {taskinstance.py:3503} INFO - 0 downstream tasks scheduled from follow-on schedule check
[2024-08-02T17:38:32.429+0900] {local_task_job_runner.py:222} INFO - ::endgroup::
