[2024-08-02T17:16:48.154+0900] {local_task_job_runner.py:120} INFO - ::group::Pre task execution logs
[2024-08-02T17:16:48.177+0900] {taskinstance.py:2076} INFO - Dependencies all met for dep_context=non-requeueable deps ti=<TaskInstance: movie.get.data scheduled__2017-01-03T05:29:00+00:00 [queued]>
[2024-08-02T17:16:48.183+0900] {taskinstance.py:2076} INFO - Dependencies all met for dep_context=requeueable deps ti=<TaskInstance: movie.get.data scheduled__2017-01-03T05:29:00+00:00 [queued]>
[2024-08-02T17:16:48.183+0900] {taskinstance.py:2306} INFO - Starting attempt 1 of 3
[2024-08-02T17:16:48.200+0900] {taskinstance.py:2330} INFO - Executing <Task(PythonVirtualenvOperator): get.data> on 2017-01-03 05:29:00+00:00
[2024-08-02T17:16:48.202+0900] {standard_task_runner.py:64} INFO - Started process 159752 to run task
[2024-08-02T17:16:48.207+0900] {standard_task_runner.py:90} INFO - Running: ['airflow', 'tasks', 'run', 'movie', 'get.data', 'scheduled__2017-01-03T05:29:00+00:00', '--job-id', '160', '--raw', '--subdir', 'DAGS_FOLDER/movie.py', '--cfg-path', '/tmp/tmpukayr710']
[2024-08-02T17:16:48.209+0900] {standard_task_runner.py:91} INFO - Job 160: Subtask get.data
[2024-08-02T17:16:48.252+0900] {task_command.py:426} INFO - Running <TaskInstance: movie.get.data scheduled__2017-01-03T05:29:00+00:00 [running]> on host playdata.
[2024-08-02T17:16:48.334+0900] {taskinstance.py:2648} INFO - Exporting env vars: AIRFLOW_CTX_DAG_OWNER='airflow' AIRFLOW_CTX_DAG_ID='movie' AIRFLOW_CTX_TASK_ID='get.data' AIRFLOW_CTX_EXECUTION_DATE='2017-01-03T05:29:00+00:00' AIRFLOW_CTX_TRY_NUMBER='1' AIRFLOW_CTX_DAG_RUN_ID='scheduled__2017-01-03T05:29:00+00:00'
[2024-08-02T17:16:48.334+0900] {taskinstance.py:430} INFO - ::endgroup::
[2024-08-02T17:16:48.346+0900] {baseoperator.py:400} WARNING - PythonVirtualenvOperator.execute cannot be called outside TaskInstance!
[2024-08-02T17:16:48.347+0900] {process_utils.py:183} INFO - Executing cmd: /home/oddsummer/.pyenv/versions/3.11.9/envs/air/bin/python -m virtualenv /tmp/venv2c6uvazb --python=python
[2024-08-02T17:16:48.347+0900] {process_utils.py:187} INFO - Output:
[2024-08-02T17:16:48.725+0900] {process_utils.py:191} INFO - created virtual environment CPython3.11.9.final.0-64 in 266ms
[2024-08-02T17:16:48.725+0900] {process_utils.py:191} INFO -   creator CPython3Posix(dest=/tmp/venv2c6uvazb, clear=False, no_vcs_ignore=False, global=False)
[2024-08-02T17:16:48.725+0900] {process_utils.py:191} INFO -   seeder FromAppData(download=False, pip=bundle, setuptools=bundle, wheel=bundle, via=copy, app_data_dir=/home/oddsummer/.local/share/virtualenv)
[2024-08-02T17:16:48.725+0900] {process_utils.py:191} INFO -     added seed packages: pip==24.1.2, setuptools==70.2.0, wheel==0.43.0
[2024-08-02T17:16:48.726+0900] {process_utils.py:191} INFO -   activators BashActivator,CShellActivator,FishActivator,NushellActivator,PowerShellActivator,PythonActivator
[2024-08-02T17:16:48.764+0900] {process_utils.py:183} INFO - Executing cmd: /tmp/venv2c6uvazb/bin/pip install -r /tmp/venv2c6uvazb/requirements.txt
[2024-08-02T17:16:48.764+0900] {process_utils.py:187} INFO - Output:
[2024-08-02T17:16:49.853+0900] {process_utils.py:191} INFO - Collecting git+https://github.com/7-TRG/extract_trg.git@main (from -r /tmp/venv2c6uvazb/requirements.txt (line 1))
[2024-08-02T17:16:49.855+0900] {process_utils.py:191} INFO -   Cloning https://github.com/7-TRG/extract_trg.git (to revision main) to /tmp/pip-req-build-1oad32ln
[2024-08-02T17:16:49.857+0900] {process_utils.py:191} INFO -   Running command git clone --filter=blob:none --quiet https://github.com/7-TRG/extract_trg.git /tmp/pip-req-build-1oad32ln
[2024-08-02T17:16:51.547+0900] {process_utils.py:191} INFO -   Resolved https://github.com/7-TRG/extract_trg.git to commit 0712b3f1bbaeeeea58bf80749079a62c7e1bec3d
[2024-08-02T17:16:51.556+0900] {process_utils.py:191} INFO -   Installing build dependencies: started
[2024-08-02T17:16:53.823+0900] {process_utils.py:191} INFO -   Installing build dependencies: finished with status 'done'
[2024-08-02T17:16:53.824+0900] {process_utils.py:191} INFO -   Getting requirements to build wheel: started
[2024-08-02T17:16:54.166+0900] {process_utils.py:191} INFO -   Getting requirements to build wheel: finished with status 'done'
[2024-08-02T17:16:54.168+0900] {process_utils.py:191} INFO -   Preparing metadata (pyproject.toml): started
[2024-08-02T17:16:54.499+0900] {process_utils.py:191} INFO -   Preparing metadata (pyproject.toml): finished with status 'done'
[2024-08-02T17:16:54.502+0900] {process_utils.py:191} INFO - Building wheels for collected packages: extract_trg
[2024-08-02T17:16:54.508+0900] {process_utils.py:191} INFO -   Building wheel for extract_trg (pyproject.toml): started
[2024-08-02T17:16:54.898+0900] {process_utils.py:191} INFO -   Building wheel for extract_trg (pyproject.toml): finished with status 'done'
[2024-08-02T17:16:54.899+0900] {process_utils.py:191} INFO -   Created wheel for extract_trg: filename=extract_trg-0.1.0-py3-none-any.whl size=2219 sha256=2ce3f48544a035cb96feba6c5c2fce034e8aa1df86adc19e0b125ac57925dc83
[2024-08-02T17:16:54.899+0900] {process_utils.py:191} INFO -   Stored in directory: /tmp/pip-ephem-wheel-cache-rh6tq0om/wheels/21/97/ea/e27bc4298590f1b8a2b9c46b60aefbe2e3076cf05f6bd5e464
[2024-08-02T17:16:54.901+0900] {process_utils.py:191} INFO - Successfully built extract_trg
[2024-08-02T17:16:54.919+0900] {process_utils.py:191} INFO - Installing collected packages: extract_trg
[2024-08-02T17:16:54.955+0900] {process_utils.py:191} INFO - Successfully installed extract_trg-0.1.0
[2024-08-02T17:16:54.964+0900] {process_utils.py:191} INFO - 
[2024-08-02T17:16:54.965+0900] {process_utils.py:191} INFO - [notice] A new release of pip is available: 24.1.2 -> 24.2
[2024-08-02T17:16:54.965+0900] {process_utils.py:191} INFO - [notice] To update, run: python -m pip install --upgrade pip
[2024-08-02T17:16:55.113+0900] {process_utils.py:183} INFO - Executing cmd: /tmp/venv2c6uvazb/bin/python /tmp/venv-call9lqc57ek/script.py /tmp/venv-call9lqc57ek/script.in /tmp/venv-call9lqc57ek/script.out /tmp/venv-call9lqc57ek/string_args.txt /tmp/venv-call9lqc57ek/termination.log
[2024-08-02T17:16:55.115+0900] {process_utils.py:187} INFO - Output:
[2024-08-02T17:16:55.137+0900] {process_utils.py:191} INFO - 
[2024-08-02T17:16:55.138+0900] {process_utils.py:191} INFO - ---------------======---::::::------+--=======++++++++++===--:...::-=--==============--:.....:-=====
[2024-08-02T17:16:55.139+0900] {process_utils.py:191} INFO - ----::---------------------===--::--+-----=============++++++===---:....--===============--:...:-===
[2024-08-02T17:16:55.139+0900] {process_utils.py:191} INFO - ----------------------------------=++----------------------=+===========-::.:-======================
[2024-08-02T17:16:55.140+0900] {process_utils.py:191} INFO - =----------------------------------==-----------------------=-----==============================+=--
[2024-08-02T17:16:55.140+0900] {process_utils.py:191} INFO - %%####=----------------------------==----------------------=-::::-----======+*%#++================::
[2024-08-02T17:16:55.141+0900] {process_utils.py:191} INFO - %%%%%#=----------------------------=-:---------------------=--==--------=====*#*=================-::
[2024-08-02T17:16:55.141+0900] {process_utils.py:191} INFO - @@%%%*-----------------+***++=-----=-::-------------------:+---------=====+++====================-::
[2024-08-02T17:16:55.141+0900] {process_utils.py:191} INFO - @@%%%*---------------#%%%%##%%#=---=-+##*#+----------------=------------=====+====-=--===========-::
[2024-08-02T17:16:55.141+0900] {process_utils.py:191} INFO - @@@%%+--=+*%%%+-----+%@@%#++%%%#=--=*%+===#+::----------::=-----------=+*##*++=-----------=======-::
[2024-08-02T17:16:55.142+0900] {process_utils.py:191} INFO - +++++=-+#+***#*=-----#*++**+#@@@*--+#+**+***-:=-:---=*+-::=-----==+++*######%%%#=-------------==-:::
[2024-08-02T17:16:55.142+0900] {process_utils.py:191} INFO - *******-:::-*=-------+===+=-=+#%%:-=++++=+==-:=-:::=%%#-::###=-*#%%%%%%%%%%%%%%%%+---------------:::
[2024-08-02T17:16:55.142+0900] {process_utils.py:191} INFO - =====+=:--::+---+--+**++++*+++#%*-=--**++++-:=++=::+#*-::=%%%#*#%%%%%%%%@@%%%%@@%%#====------+#%%=-*
[2024-08-02T17:16:55.143+0900] {process_utils.py:191} INFO - =-==++---=+==*#%%%%%%=*++++++++==-=-*##*+=##**++=--++-:--*=-=*#%%%@%###*###*+++*%%%*=============-#%
[2024-08-02T17:16:55.143+0900] {process_utils.py:191} INFO - +-=------=*%%%%@%@@@@***=+*#+*##*#%%@@**++%@%%%%*+=--=-=+-:--:#%@@%#*****###*+---+*++#**===---=++*%@
[2024-08-02T17:16:55.143+0900] {process_utils.py:191} INFO - --==-::-*%%%@@@@@@@%#*=-+++%@%##%%@@@@@%#%@@@%%@%%%*=--=#%####-%@%%####++++++=---==++*####*+++*%@%@@
[2024-08-02T17:16:55.143+0900] {process_utils.py:191} INFO - -=*+=-=#@@@@@@@@@#*+++++*@@@@@@@@@@@@@@@@@@@@@@@@@@@#+==-+*+#=:-+#%##**==++**+++=====+*###*+**#@%##%
[2024-08-02T17:16:55.144+0900] {process_utils.py:191} INFO - -=++-+%%@%@@@@%+=-++***#@@@@@@@@@@@@%:+@@*%+=%@@@@@@%%#%%#*=+--:-=#++**%#*+=+++++===+**####=*%%%%%%%
[2024-08-02T17:16:55.144+0900] {process_utils.py:191} INFO - -=++#%%####+-:---=*%%@@%#######**++++=+++++++++%%=+%@@%##*+==-=++=+*****##*===+++++==*#####*+#%%##%%
[2024-08-02T17:16:55.144+0900] {process_utils.py:191} INFO - -=*+=---==+=-::::-*@@@%+=======++++++++++++++*#%#**%%%*==-+*=--+==*****#**+=====+++++=***+++=+==::::
[2024-08-02T17:16:55.144+0900] {process_utils.py:191} INFO - =#*=++++++*###**==*@@@%=======++++++++*@@@@@@@@%%#####-:=+----==******##****+++++***==-=+=:::.::::::
[2024-08-02T17:16:55.144+0900] {process_utils.py:191} INFO - #%*+*++++**##*###*+#@@#=========++++==*%%%%%%%%######*=-----==+*********##########*+====::::::::::::
[2024-08-02T17:16:55.144+0900] {process_utils.py:191} INFO - ++++*#%%@%*##*##***%@@*===============+%##%%######%%%%*==-===+*********+=+*#######*++++-:::--::-----
[2024-08-02T17:16:55.145+0900] {process_utils.py:191} INFO - ===+*#%@@%*##**#**+=--================+%%#%%###%#%%%%%#======*#######*-:-++*####*****++:------------
[2024-08-02T17:16:55.145+0900] {process_utils.py:191} INFO - =+=------=##**##**+=--================+%%#%%###%%#%%%%%+=====+###**++==----:-*####****=------==-====
[2024-08-02T17:16:55.145+0900] {process_utils.py:191} INFO - 
[2024-08-02T17:16:55.171+0900] {python.py:237} INFO - Done. Returned value was: None
[2024-08-02T17:16:55.172+0900] {taskinstance.py:441} INFO - ::group::Post task execution logs
[2024-08-02T17:16:55.178+0900] {taskinstance.py:1206} INFO - Marking task as SUCCESS. dag_id=movie, task_id=get.data, run_id=scheduled__2017-01-03T05:29:00+00:00, execution_date=20170103T052900, start_date=20240802T081648, end_date=20240802T081655
[2024-08-02T17:16:55.245+0900] {local_task_job_runner.py:243} INFO - Task exited with return code 0
[2024-08-02T17:16:55.261+0900] {taskinstance.py:3503} INFO - 0 downstream tasks scheduled from follow-on schedule check
[2024-08-02T17:16:55.262+0900] {local_task_job_runner.py:222} INFO - ::endgroup::
