[2024-08-02T17:07:45.438+0900] {local_task_job_runner.py:120} INFO - ::group::Pre task execution logs
[2024-08-02T17:07:45.456+0900] {taskinstance.py:2076} INFO - Dependencies all met for dep_context=non-requeueable deps ti=<TaskInstance: movie.get.data scheduled__2017-01-02T05:43:00+00:00 [queued]>
[2024-08-02T17:07:45.463+0900] {taskinstance.py:2076} INFO - Dependencies all met for dep_context=requeueable deps ti=<TaskInstance: movie.get.data scheduled__2017-01-02T05:43:00+00:00 [queued]>
[2024-08-02T17:07:45.463+0900] {taskinstance.py:2306} INFO - Starting attempt 1 of 3
[2024-08-02T17:07:45.479+0900] {taskinstance.py:2330} INFO - Executing <Task(PythonVirtualenvOperator): get.data> on 2017-01-02 05:43:00+00:00
[2024-08-02T17:07:45.482+0900] {standard_task_runner.py:64} INFO - Started process 154476 to run task
[2024-08-02T17:07:45.486+0900] {standard_task_runner.py:90} INFO - Running: ['airflow', 'tasks', 'run', 'movie', 'get.data', 'scheduled__2017-01-02T05:43:00+00:00', '--job-id', '114', '--raw', '--subdir', 'DAGS_FOLDER/movie.py', '--cfg-path', '/tmp/tmp3ebumb9k']
[2024-08-02T17:07:45.488+0900] {standard_task_runner.py:91} INFO - Job 114: Subtask get.data
[2024-08-02T17:07:45.523+0900] {task_command.py:426} INFO - Running <TaskInstance: movie.get.data scheduled__2017-01-02T05:43:00+00:00 [running]> on host playdata.
[2024-08-02T17:07:45.592+0900] {taskinstance.py:2648} INFO - Exporting env vars: AIRFLOW_CTX_DAG_OWNER='airflow' AIRFLOW_CTX_DAG_ID='movie' AIRFLOW_CTX_TASK_ID='get.data' AIRFLOW_CTX_EXECUTION_DATE='2017-01-02T05:43:00+00:00' AIRFLOW_CTX_TRY_NUMBER='1' AIRFLOW_CTX_DAG_RUN_ID='scheduled__2017-01-02T05:43:00+00:00'
[2024-08-02T17:07:45.593+0900] {taskinstance.py:430} INFO - ::endgroup::
[2024-08-02T17:07:45.608+0900] {baseoperator.py:400} WARNING - PythonVirtualenvOperator.execute cannot be called outside TaskInstance!
[2024-08-02T17:07:45.609+0900] {process_utils.py:183} INFO - Executing cmd: /home/oddsummer/.pyenv/versions/3.11.9/envs/air/bin/python -m virtualenv /tmp/venvauxhoq7g --python=python
[2024-08-02T17:07:45.610+0900] {process_utils.py:187} INFO - Output:
[2024-08-02T17:07:46.063+0900] {process_utils.py:191} INFO - created virtual environment CPython3.11.9.final.0-64 in 343ms
[2024-08-02T17:07:46.064+0900] {process_utils.py:191} INFO -   creator CPython3Posix(dest=/tmp/venvauxhoq7g, clear=False, no_vcs_ignore=False, global=False)
[2024-08-02T17:07:46.064+0900] {process_utils.py:191} INFO -   seeder FromAppData(download=False, pip=bundle, setuptools=bundle, wheel=bundle, via=copy, app_data_dir=/home/oddsummer/.local/share/virtualenv)
[2024-08-02T17:07:46.064+0900] {process_utils.py:191} INFO -     added seed packages: pip==24.1.2, setuptools==70.2.0, wheel==0.43.0
[2024-08-02T17:07:46.064+0900] {process_utils.py:191} INFO -   activators BashActivator,CShellActivator,FishActivator,NushellActivator,PowerShellActivator,PythonActivator
[2024-08-02T17:07:46.088+0900] {process_utils.py:183} INFO - Executing cmd: /tmp/venvauxhoq7g/bin/pip install -r /tmp/venvauxhoq7g/requirements.txt
[2024-08-02T17:07:46.089+0900] {process_utils.py:187} INFO - Output:
[2024-08-02T17:07:47.007+0900] {process_utils.py:191} INFO - Collecting git+https://github.com/7-TRG/extract_trg.git@main (from -r /tmp/venvauxhoq7g/requirements.txt (line 1))
[2024-08-02T17:07:47.008+0900] {process_utils.py:191} INFO -   Cloning https://github.com/7-TRG/extract_trg.git (to revision main) to /tmp/pip-req-build-m2u_mwy3
[2024-08-02T17:07:47.010+0900] {process_utils.py:191} INFO -   Running command git clone --filter=blob:none --quiet https://github.com/7-TRG/extract_trg.git /tmp/pip-req-build-m2u_mwy3
[2024-08-02T17:07:48.577+0900] {process_utils.py:191} INFO -   Resolved https://github.com/7-TRG/extract_trg.git to commit 0712b3f1bbaeeeea58bf80749079a62c7e1bec3d
[2024-08-02T17:07:48.583+0900] {process_utils.py:191} INFO -   Installing build dependencies: started
[2024-08-02T17:07:50.414+0900] {process_utils.py:191} INFO -   Installing build dependencies: finished with status 'done'
[2024-08-02T17:07:50.415+0900] {process_utils.py:191} INFO -   Getting requirements to build wheel: started
[2024-08-02T17:07:50.664+0900] {process_utils.py:191} INFO -   Getting requirements to build wheel: finished with status 'done'
[2024-08-02T17:07:50.665+0900] {process_utils.py:191} INFO -   Preparing metadata (pyproject.toml): started
[2024-08-02T17:07:50.910+0900] {process_utils.py:191} INFO -   Preparing metadata (pyproject.toml): finished with status 'done'
[2024-08-02T17:07:50.913+0900] {process_utils.py:191} INFO - Building wheels for collected packages: extract_trg
[2024-08-02T17:07:50.917+0900] {process_utils.py:191} INFO -   Building wheel for extract_trg (pyproject.toml): started
[2024-08-02T17:07:51.163+0900] {process_utils.py:191} INFO -   Building wheel for extract_trg (pyproject.toml): finished with status 'done'
[2024-08-02T17:07:51.164+0900] {process_utils.py:191} INFO -   Created wheel for extract_trg: filename=extract_trg-0.1.0-py3-none-any.whl size=2219 sha256=7564e5a980845f7ad90e4aa15ad70dd30c7339afef6935c738d1227865102284
[2024-08-02T17:07:51.164+0900] {process_utils.py:191} INFO -   Stored in directory: /tmp/pip-ephem-wheel-cache-8lzaz8xm/wheels/21/97/ea/e27bc4298590f1b8a2b9c46b60aefbe2e3076cf05f6bd5e464
[2024-08-02T17:07:51.166+0900] {process_utils.py:191} INFO - Successfully built extract_trg
[2024-08-02T17:07:51.176+0900] {process_utils.py:191} INFO - Installing collected packages: extract_trg
[2024-08-02T17:07:51.195+0900] {process_utils.py:191} INFO - Successfully installed extract_trg-0.1.0
[2024-08-02T17:07:51.201+0900] {process_utils.py:191} INFO - 
[2024-08-02T17:07:51.201+0900] {process_utils.py:191} INFO - [notice] A new release of pip is available: 24.1.2 -> 24.2
[2024-08-02T17:07:51.201+0900] {process_utils.py:191} INFO - [notice] To update, run: python -m pip install --upgrade pip
[2024-08-02T17:07:51.294+0900] {process_utils.py:183} INFO - Executing cmd: /tmp/venvauxhoq7g/bin/python /tmp/venv-callr2cgn8x0/script.py /tmp/venv-callr2cgn8x0/script.in /tmp/venv-callr2cgn8x0/script.out /tmp/venv-callr2cgn8x0/string_args.txt /tmp/venv-callr2cgn8x0/termination.log
[2024-08-02T17:07:51.294+0900] {process_utils.py:187} INFO - Output:
[2024-08-02T17:07:51.314+0900] {process_utils.py:191} INFO - 
[2024-08-02T17:07:51.314+0900] {process_utils.py:191} INFO - ---------------======---::::::------+--=======++++++++++===--:...::-=--==============--:.....:-=====
[2024-08-02T17:07:51.314+0900] {process_utils.py:191} INFO - ----::---------------------===--::--+-----=============++++++===---:....--===============--:...:-===
[2024-08-02T17:07:51.315+0900] {process_utils.py:191} INFO - ----------------------------------=++----------------------=+===========-::.:-======================
[2024-08-02T17:07:51.315+0900] {process_utils.py:191} INFO - =----------------------------------==-----------------------=-----==============================+=--
[2024-08-02T17:07:51.315+0900] {process_utils.py:191} INFO - %%####=----------------------------==----------------------=-::::-----======+*%#++================::
[2024-08-02T17:07:51.315+0900] {process_utils.py:191} INFO - %%%%%#=----------------------------=-:---------------------=--==--------=====*#*=================-::
[2024-08-02T17:07:51.316+0900] {process_utils.py:191} INFO - @@%%%*-----------------+***++=-----=-::-------------------:+---------=====+++====================-::
[2024-08-02T17:07:51.316+0900] {process_utils.py:191} INFO - @@%%%*---------------#%%%%##%%#=---=-+##*#+----------------=------------=====+====-=--===========-::
[2024-08-02T17:07:51.316+0900] {process_utils.py:191} INFO - @@@%%+--=+*%%%+-----+%@@%#++%%%#=--=*%+===#+::----------::=-----------=+*##*++=-----------=======-::
[2024-08-02T17:07:51.316+0900] {process_utils.py:191} INFO - +++++=-+#+***#*=-----#*++**+#@@@*--+#+**+***-:=-:---=*+-::=-----==+++*######%%%#=-------------==-:::
[2024-08-02T17:07:51.316+0900] {process_utils.py:191} INFO - *******-:::-*=-------+===+=-=+#%%:-=++++=+==-:=-:::=%%#-::###=-*#%%%%%%%%%%%%%%%%+---------------:::
[2024-08-02T17:07:51.317+0900] {process_utils.py:191} INFO - =====+=:--::+---+--+**++++*+++#%*-=--**++++-:=++=::+#*-::=%%%#*#%%%%%%%%@@%%%%@@%%#====------+#%%=-*
[2024-08-02T17:07:51.317+0900] {process_utils.py:191} INFO - =-==++---=+==*#%%%%%%=*++++++++==-=-*##*+=##**++=--++-:--*=-=*#%%%@%###*###*+++*%%%*=============-#%
[2024-08-02T17:07:51.317+0900] {process_utils.py:191} INFO - +-=------=*%%%%@%@@@@***=+*#+*##*#%%@@**++%@%%%%*+=--=-=+-:--:#%@@%#*****###*+---+*++#**===---=++*%@
[2024-08-02T17:07:51.317+0900] {process_utils.py:191} INFO - --==-::-*%%%@@@@@@@%#*=-+++%@%##%%@@@@@%#%@@@%%@%%%*=--=#%####-%@%%####++++++=---==++*####*+++*%@%@@
[2024-08-02T17:07:51.317+0900] {process_utils.py:191} INFO - -=*+=-=#@@@@@@@@@#*+++++*@@@@@@@@@@@@@@@@@@@@@@@@@@@#+==-+*+#=:-+#%##**==++**+++=====+*###*+**#@%##%
[2024-08-02T17:07:51.318+0900] {process_utils.py:191} INFO - -=++-+%%@%@@@@%+=-++***#@@@@@@@@@@@@%:+@@*%+=%@@@@@@%%#%%#*=+--:-=#++**%#*+=+++++===+**####=*%%%%%%%
[2024-08-02T17:07:51.318+0900] {process_utils.py:191} INFO - -=++#%%####+-:---=*%%@@%#######**++++=+++++++++%%=+%@@%##*+==-=++=+*****##*===+++++==*#####*+#%%##%%
[2024-08-02T17:07:51.318+0900] {process_utils.py:191} INFO - -=*+=---==+=-::::-*@@@%+=======++++++++++++++*#%#**%%%*==-+*=--+==*****#**+=====+++++=***+++=+==::::
[2024-08-02T17:07:51.318+0900] {process_utils.py:191} INFO - =#*=++++++*###**==*@@@%=======++++++++*@@@@@@@@%%#####-:=+----==******##****+++++***==-=+=:::.::::::
[2024-08-02T17:07:51.318+0900] {process_utils.py:191} INFO - #%*+*++++**##*###*+#@@#=========++++==*%%%%%%%%######*=-----==+*********##########*+====::::::::::::
[2024-08-02T17:07:51.318+0900] {process_utils.py:191} INFO - ++++*#%%@%*##*##***%@@*===============+%##%%######%%%%*==-===+*********+=+*#######*++++-:::--::-----
[2024-08-02T17:07:51.319+0900] {process_utils.py:191} INFO - ===+*#%@@%*##**#**+=--================+%%#%%###%#%%%%%#======*#######*-:-++*####*****++:------------
[2024-08-02T17:07:51.319+0900] {process_utils.py:191} INFO - =+=------=##**##**+=--================+%%#%%###%%#%%%%%+=====+###**++==----:-*####****=------==-====
[2024-08-02T17:07:51.319+0900] {process_utils.py:191} INFO - 
[2024-08-02T17:07:51.347+0900] {python.py:237} INFO - Done. Returned value was: None
[2024-08-02T17:07:51.347+0900] {taskinstance.py:441} INFO - ::group::Post task execution logs
[2024-08-02T17:07:51.352+0900] {taskinstance.py:1206} INFO - Marking task as SUCCESS. dag_id=movie, task_id=get.data, run_id=scheduled__2017-01-02T05:43:00+00:00, execution_date=20170102T054300, start_date=20240802T080745, end_date=20240802T080751
[2024-08-02T17:07:51.398+0900] {local_task_job_runner.py:243} INFO - Task exited with return code 0
[2024-08-02T17:07:51.410+0900] {taskinstance.py:3503} INFO - 0 downstream tasks scheduled from follow-on schedule check
[2024-08-02T17:07:51.411+0900] {local_task_job_runner.py:222} INFO - ::endgroup::
