[2024-08-02T16:54:02.353+0900] {local_task_job_runner.py:120} INFO - ::group::Pre task execution logs
[2024-08-02T16:54:02.375+0900] {taskinstance.py:2076} INFO - Dependencies all met for dep_context=non-requeueable deps ti=<TaskInstance: movie.get.data scheduled__2017-01-01T05:31:00+00:00 [queued]>
[2024-08-02T16:54:02.383+0900] {taskinstance.py:2076} INFO - Dependencies all met for dep_context=requeueable deps ti=<TaskInstance: movie.get.data scheduled__2017-01-01T05:31:00+00:00 [queued]>
[2024-08-02T16:54:02.384+0900] {taskinstance.py:2306} INFO - Starting attempt 1 of 3
[2024-08-02T16:54:02.404+0900] {taskinstance.py:2330} INFO - Executing <Task(PythonVirtualenvOperator): get.data> on 2017-01-01 05:31:00+00:00
[2024-08-02T16:54:02.406+0900] {standard_task_runner.py:64} INFO - Started process 146886 to run task
[2024-08-02T16:54:02.410+0900] {standard_task_runner.py:90} INFO - Running: ['airflow', 'tasks', 'run', 'movie', 'get.data', 'scheduled__2017-01-01T05:31:00+00:00', '--job-id', '42', '--raw', '--subdir', 'DAGS_FOLDER/movie.py', '--cfg-path', '/tmp/tmp8wwpnec3']
[2024-08-02T16:54:02.413+0900] {standard_task_runner.py:91} INFO - Job 42: Subtask get.data
[2024-08-02T16:54:02.459+0900] {task_command.py:426} INFO - Running <TaskInstance: movie.get.data scheduled__2017-01-01T05:31:00+00:00 [running]> on host playdata.
[2024-08-02T16:54:02.534+0900] {taskinstance.py:2648} INFO - Exporting env vars: AIRFLOW_CTX_DAG_OWNER='airflow' AIRFLOW_CTX_DAG_ID='movie' AIRFLOW_CTX_TASK_ID='get.data' AIRFLOW_CTX_EXECUTION_DATE='2017-01-01T05:31:00+00:00' AIRFLOW_CTX_TRY_NUMBER='1' AIRFLOW_CTX_DAG_RUN_ID='scheduled__2017-01-01T05:31:00+00:00'
[2024-08-02T16:54:02.535+0900] {taskinstance.py:430} INFO - ::endgroup::
[2024-08-02T16:54:02.545+0900] {baseoperator.py:400} WARNING - PythonVirtualenvOperator.execute cannot be called outside TaskInstance!
[2024-08-02T16:54:02.546+0900] {process_utils.py:183} INFO - Executing cmd: /home/oddsummer/.pyenv/versions/3.11.9/envs/air/bin/python -m virtualenv /tmp/venvvpp_3qk5 --python=python
[2024-08-02T16:54:02.546+0900] {process_utils.py:187} INFO - Output:
[2024-08-02T16:54:02.997+0900] {process_utils.py:191} INFO - created virtual environment CPython3.11.9.final.0-64 in 333ms
[2024-08-02T16:54:02.997+0900] {process_utils.py:191} INFO -   creator CPython3Posix(dest=/tmp/venvvpp_3qk5, clear=False, no_vcs_ignore=False, global=False)
[2024-08-02T16:54:02.997+0900] {process_utils.py:191} INFO -   seeder FromAppData(download=False, pip=bundle, setuptools=bundle, wheel=bundle, via=copy, app_data_dir=/home/oddsummer/.local/share/virtualenv)
[2024-08-02T16:54:02.998+0900] {process_utils.py:191} INFO -     added seed packages: pip==24.1.2, setuptools==70.2.0, wheel==0.43.0
[2024-08-02T16:54:02.998+0900] {process_utils.py:191} INFO -   activators BashActivator,CShellActivator,FishActivator,NushellActivator,PowerShellActivator,PythonActivator
[2024-08-02T16:54:03.022+0900] {process_utils.py:183} INFO - Executing cmd: /tmp/venvvpp_3qk5/bin/pip install -r /tmp/venvvpp_3qk5/requirements.txt
[2024-08-02T16:54:03.023+0900] {process_utils.py:187} INFO - Output:
[2024-08-02T16:54:03.961+0900] {process_utils.py:191} INFO - Collecting git+https://github.com/7-TRG/extract_trg.git@main (from -r /tmp/venvvpp_3qk5/requirements.txt (line 1))
[2024-08-02T16:54:03.962+0900] {process_utils.py:191} INFO -   Cloning https://github.com/7-TRG/extract_trg.git (to revision main) to /tmp/pip-req-build-6d8g5abl
[2024-08-02T16:54:03.964+0900] {process_utils.py:191} INFO -   Running command git clone --filter=blob:none --quiet https://github.com/7-TRG/extract_trg.git /tmp/pip-req-build-6d8g5abl
[2024-08-02T16:54:05.601+0900] {process_utils.py:191} INFO -   Resolved https://github.com/7-TRG/extract_trg.git to commit 0712b3f1bbaeeeea58bf80749079a62c7e1bec3d
[2024-08-02T16:54:05.606+0900] {process_utils.py:191} INFO -   Installing build dependencies: started
[2024-08-02T16:54:07.388+0900] {process_utils.py:191} INFO -   Installing build dependencies: finished with status 'done'
[2024-08-02T16:54:07.389+0900] {process_utils.py:191} INFO -   Getting requirements to build wheel: started
[2024-08-02T16:54:07.630+0900] {process_utils.py:191} INFO -   Getting requirements to build wheel: finished with status 'done'
[2024-08-02T16:54:07.632+0900] {process_utils.py:191} INFO -   Preparing metadata (pyproject.toml): started
[2024-08-02T16:54:07.883+0900] {process_utils.py:191} INFO -   Preparing metadata (pyproject.toml): finished with status 'done'
[2024-08-02T16:54:07.886+0900] {process_utils.py:191} INFO - Building wheels for collected packages: extract_trg
[2024-08-02T16:54:07.890+0900] {process_utils.py:191} INFO -   Building wheel for extract_trg (pyproject.toml): started
[2024-08-02T16:54:08.157+0900] {process_utils.py:191} INFO -   Building wheel for extract_trg (pyproject.toml): finished with status 'done'
[2024-08-02T16:54:08.158+0900] {process_utils.py:191} INFO -   Created wheel for extract_trg: filename=extract_trg-0.1.0-py3-none-any.whl size=2219 sha256=be2ba8a7c9afb5dd887260a949f70cab6f63186906d9a94481a470a79119355c
[2024-08-02T16:54:08.158+0900] {process_utils.py:191} INFO -   Stored in directory: /tmp/pip-ephem-wheel-cache-ximy7f4s/wheels/21/97/ea/e27bc4298590f1b8a2b9c46b60aefbe2e3076cf05f6bd5e464
[2024-08-02T16:54:08.160+0900] {process_utils.py:191} INFO - Successfully built extract_trg
[2024-08-02T16:54:08.170+0900] {process_utils.py:191} INFO - Installing collected packages: extract_trg
[2024-08-02T16:54:08.183+0900] {process_utils.py:191} INFO - Successfully installed extract_trg-0.1.0
[2024-08-02T16:54:08.189+0900] {process_utils.py:191} INFO - 
[2024-08-02T16:54:08.189+0900] {process_utils.py:191} INFO - [notice] A new release of pip is available: 24.1.2 -> 24.2
[2024-08-02T16:54:08.189+0900] {process_utils.py:191} INFO - [notice] To update, run: python -m pip install --upgrade pip
[2024-08-02T16:54:08.283+0900] {process_utils.py:183} INFO - Executing cmd: /tmp/venvvpp_3qk5/bin/python /tmp/venv-callj2endf4b/script.py /tmp/venv-callj2endf4b/script.in /tmp/venv-callj2endf4b/script.out /tmp/venv-callj2endf4b/string_args.txt /tmp/venv-callj2endf4b/termination.log
[2024-08-02T16:54:08.284+0900] {process_utils.py:187} INFO - Output:
[2024-08-02T16:54:08.303+0900] {process_utils.py:191} INFO - 
[2024-08-02T16:54:08.304+0900] {process_utils.py:191} INFO - ---------------======---::::::------+--=======++++++++++===--:...::-=--==============--:.....:-=====
[2024-08-02T16:54:08.304+0900] {process_utils.py:191} INFO - ----::---------------------===--::--+-----=============++++++===---:....--===============--:...:-===
[2024-08-02T16:54:08.304+0900] {process_utils.py:191} INFO - ----------------------------------=++----------------------=+===========-::.:-======================
[2024-08-02T16:54:08.304+0900] {process_utils.py:191} INFO - =----------------------------------==-----------------------=-----==============================+=--
[2024-08-02T16:54:08.304+0900] {process_utils.py:191} INFO - %%####=----------------------------==----------------------=-::::-----======+*%#++================::
[2024-08-02T16:54:08.304+0900] {process_utils.py:191} INFO - %%%%%#=----------------------------=-:---------------------=--==--------=====*#*=================-::
[2024-08-02T16:54:08.305+0900] {process_utils.py:191} INFO - @@%%%*-----------------+***++=-----=-::-------------------:+---------=====+++====================-::
[2024-08-02T16:54:08.305+0900] {process_utils.py:191} INFO - @@%%%*---------------#%%%%##%%#=---=-+##*#+----------------=------------=====+====-=--===========-::
[2024-08-02T16:54:08.305+0900] {process_utils.py:191} INFO - @@@%%+--=+*%%%+-----+%@@%#++%%%#=--=*%+===#+::----------::=-----------=+*##*++=-----------=======-::
[2024-08-02T16:54:08.305+0900] {process_utils.py:191} INFO - +++++=-+#+***#*=-----#*++**+#@@@*--+#+**+***-:=-:---=*+-::=-----==+++*######%%%#=-------------==-:::
[2024-08-02T16:54:08.305+0900] {process_utils.py:191} INFO - *******-:::-*=-------+===+=-=+#%%:-=++++=+==-:=-:::=%%#-::###=-*#%%%%%%%%%%%%%%%%+---------------:::
[2024-08-02T16:54:08.305+0900] {process_utils.py:191} INFO - =====+=:--::+---+--+**++++*+++#%*-=--**++++-:=++=::+#*-::=%%%#*#%%%%%%%%@@%%%%@@%%#====------+#%%=-*
[2024-08-02T16:54:08.305+0900] {process_utils.py:191} INFO - =-==++---=+==*#%%%%%%=*++++++++==-=-*##*+=##**++=--++-:--*=-=*#%%%@%###*###*+++*%%%*=============-#%
[2024-08-02T16:54:08.305+0900] {process_utils.py:191} INFO - +-=------=*%%%%@%@@@@***=+*#+*##*#%%@@**++%@%%%%*+=--=-=+-:--:#%@@%#*****###*+---+*++#**===---=++*%@
[2024-08-02T16:54:08.306+0900] {process_utils.py:191} INFO - --==-::-*%%%@@@@@@@%#*=-+++%@%##%%@@@@@%#%@@@%%@%%%*=--=#%####-%@%%####++++++=---==++*####*+++*%@%@@
[2024-08-02T16:54:08.306+0900] {process_utils.py:191} INFO - -=*+=-=#@@@@@@@@@#*+++++*@@@@@@@@@@@@@@@@@@@@@@@@@@@#+==-+*+#=:-+#%##**==++**+++=====+*###*+**#@%##%
[2024-08-02T16:54:08.306+0900] {process_utils.py:191} INFO - -=++-+%%@%@@@@%+=-++***#@@@@@@@@@@@@%:+@@*%+=%@@@@@@%%#%%#*=+--:-=#++**%#*+=+++++===+**####=*%%%%%%%
[2024-08-02T16:54:08.306+0900] {process_utils.py:191} INFO - -=++#%%####+-:---=*%%@@%#######**++++=+++++++++%%=+%@@%##*+==-=++=+*****##*===+++++==*#####*+#%%##%%
[2024-08-02T16:54:08.306+0900] {process_utils.py:191} INFO - -=*+=---==+=-::::-*@@@%+=======++++++++++++++*#%#**%%%*==-+*=--+==*****#**+=====+++++=***+++=+==::::
[2024-08-02T16:54:08.306+0900] {process_utils.py:191} INFO - =#*=++++++*###**==*@@@%=======++++++++*@@@@@@@@%%#####-:=+----==******##****+++++***==-=+=:::.::::::
[2024-08-02T16:54:08.306+0900] {process_utils.py:191} INFO - #%*+*++++**##*###*+#@@#=========++++==*%%%%%%%%######*=-----==+*********##########*+====::::::::::::
[2024-08-02T16:54:08.306+0900] {process_utils.py:191} INFO - ++++*#%%@%*##*##***%@@*===============+%##%%######%%%%*==-===+*********+=+*#######*++++-:::--::-----
[2024-08-02T16:54:08.306+0900] {process_utils.py:191} INFO - ===+*#%@@%*##**#**+=--================+%%#%%###%#%%%%%#======*#######*-:-++*####*****++:------------
[2024-08-02T16:54:08.307+0900] {process_utils.py:191} INFO - =+=------=##**##**+=--================+%%#%%###%%#%%%%%+=====+###**++==----:-*####****=------==-====
[2024-08-02T16:54:08.307+0900] {process_utils.py:191} INFO - 
[2024-08-02T16:54:08.328+0900] {python.py:237} INFO - Done. Returned value was: None
[2024-08-02T16:54:08.329+0900] {taskinstance.py:441} INFO - ::group::Post task execution logs
[2024-08-02T16:54:08.333+0900] {taskinstance.py:1206} INFO - Marking task as SUCCESS. dag_id=movie, task_id=get.data, run_id=scheduled__2017-01-01T05:31:00+00:00, execution_date=20170101T053100, start_date=20240802T075402, end_date=20240802T075408
[2024-08-02T16:54:08.388+0900] {local_task_job_runner.py:243} INFO - Task exited with return code 0
[2024-08-02T16:54:08.404+0900] {taskinstance.py:3503} INFO - 0 downstream tasks scheduled from follow-on schedule check
[2024-08-02T16:54:08.405+0900] {local_task_job_runner.py:222} INFO - ::endgroup::
