[2024-08-02T17:48:40.806+0900] {local_task_job_runner.py:120} INFO - ::group::Pre task execution logs
[2024-08-02T17:48:40.831+0900] {taskinstance.py:2076} INFO - Dependencies all met for dep_context=non-requeueable deps ti=<TaskInstance: movie.extract scheduled__2017-01-05T05:31:00+00:00 [queued]>
[2024-08-02T17:48:40.839+0900] {taskinstance.py:2076} INFO - Dependencies all met for dep_context=requeueable deps ti=<TaskInstance: movie.extract scheduled__2017-01-05T05:31:00+00:00 [queued]>
[2024-08-02T17:48:40.839+0900] {taskinstance.py:2306} INFO - Starting attempt 1 of 3
[2024-08-02T17:48:40.856+0900] {taskinstance.py:2330} INFO - Executing <Task(PythonVirtualenvOperator): extract> on 2017-01-05 05:31:00+00:00
[2024-08-02T17:48:40.860+0900] {standard_task_runner.py:64} INFO - Started process 177578 to run task
[2024-08-02T17:48:40.864+0900] {standard_task_runner.py:90} INFO - Running: ['airflow', 'tasks', 'run', 'movie', 'extract', 'scheduled__2017-01-05T05:31:00+00:00', '--job-id', '339', '--raw', '--subdir', 'DAGS_FOLDER/movie.py', '--cfg-path', '/tmp/tmpe06c9h35']
[2024-08-02T17:48:40.865+0900] {standard_task_runner.py:91} INFO - Job 339: Subtask extract
[2024-08-02T17:48:40.909+0900] {task_command.py:426} INFO - Running <TaskInstance: movie.extract scheduled__2017-01-05T05:31:00+00:00 [running]> on host playdata.
[2024-08-02T17:48:40.985+0900] {taskinstance.py:2648} INFO - Exporting env vars: AIRFLOW_CTX_DAG_OWNER='airflow' AIRFLOW_CTX_DAG_ID='movie' AIRFLOW_CTX_TASK_ID='extract' AIRFLOW_CTX_EXECUTION_DATE='2017-01-05T05:31:00+00:00' AIRFLOW_CTX_TRY_NUMBER='1' AIRFLOW_CTX_DAG_RUN_ID='scheduled__2017-01-05T05:31:00+00:00'
[2024-08-02T17:48:40.985+0900] {taskinstance.py:430} INFO - ::endgroup::
[2024-08-02T17:48:40.998+0900] {baseoperator.py:400} WARNING - PythonVirtualenvOperator.execute cannot be called outside TaskInstance!
[2024-08-02T17:48:40.999+0900] {process_utils.py:183} INFO - Executing cmd: /home/oddsummer/.pyenv/versions/3.11.9/envs/air/bin/python -m virtualenv /tmp/venv7ec1zzy7 --python=python
[2024-08-02T17:48:41.000+0900] {process_utils.py:187} INFO - Output:
[2024-08-02T17:48:41.441+0900] {process_utils.py:191} INFO - created virtual environment CPython3.11.9.final.0-64 in 333ms
[2024-08-02T17:48:41.441+0900] {process_utils.py:191} INFO -   creator CPython3Posix(dest=/tmp/venv7ec1zzy7, clear=False, no_vcs_ignore=False, global=False)
[2024-08-02T17:48:41.441+0900] {process_utils.py:191} INFO -   seeder FromAppData(download=False, pip=bundle, setuptools=bundle, wheel=bundle, via=copy, app_data_dir=/home/oddsummer/.local/share/virtualenv)
[2024-08-02T17:48:41.441+0900] {process_utils.py:191} INFO -     added seed packages: pip==24.1.2, setuptools==70.2.0, wheel==0.43.0
[2024-08-02T17:48:41.442+0900] {process_utils.py:191} INFO -   activators BashActivator,CShellActivator,FishActivator,NushellActivator,PowerShellActivator,PythonActivator
[2024-08-02T17:48:41.466+0900] {process_utils.py:183} INFO - Executing cmd: /tmp/venv7ec1zzy7/bin/pip install -r /tmp/venv7ec1zzy7/requirements.txt
[2024-08-02T17:48:41.467+0900] {process_utils.py:187} INFO - Output:
[2024-08-02T17:48:42.413+0900] {process_utils.py:191} INFO - Collecting git+https://github.com/7-TRG/extract_trg.git@main (from -r /tmp/venv7ec1zzy7/requirements.txt (line 1))
[2024-08-02T17:48:42.415+0900] {process_utils.py:191} INFO -   Cloning https://github.com/7-TRG/extract_trg.git (to revision main) to /tmp/pip-req-build-kvww2j2h
[2024-08-02T17:48:42.418+0900] {process_utils.py:191} INFO -   Running command git clone --filter=blob:none --quiet https://github.com/7-TRG/extract_trg.git /tmp/pip-req-build-kvww2j2h
[2024-08-02T17:48:44.137+0900] {process_utils.py:191} INFO -   Resolved https://github.com/7-TRG/extract_trg.git to commit 0712b3f1bbaeeeea58bf80749079a62c7e1bec3d
[2024-08-02T17:48:44.144+0900] {process_utils.py:191} INFO -   Installing build dependencies: started
[2024-08-02T17:48:46.026+0900] {process_utils.py:191} INFO -   Installing build dependencies: finished with status 'done'
[2024-08-02T17:48:46.027+0900] {process_utils.py:191} INFO -   Getting requirements to build wheel: started
[2024-08-02T17:48:46.304+0900] {process_utils.py:191} INFO -   Getting requirements to build wheel: finished with status 'done'
[2024-08-02T17:48:46.305+0900] {process_utils.py:191} INFO -   Preparing metadata (pyproject.toml): started
[2024-08-02T17:48:46.563+0900] {process_utils.py:191} INFO -   Preparing metadata (pyproject.toml): finished with status 'done'
[2024-08-02T17:48:46.566+0900] {process_utils.py:191} INFO - Building wheels for collected packages: extract_trg
[2024-08-02T17:48:46.571+0900] {process_utils.py:191} INFO -   Building wheel for extract_trg (pyproject.toml): started
[2024-08-02T17:48:46.862+0900] {process_utils.py:191} INFO -   Building wheel for extract_trg (pyproject.toml): finished with status 'done'
[2024-08-02T17:48:46.863+0900] {process_utils.py:191} INFO -   Created wheel for extract_trg: filename=extract_trg-0.1.0-py3-none-any.whl size=2219 sha256=308192b8ec7ea58245c5d3c1a1ac2ab400f083dfcfa8eab13f7ed00774d75f19
[2024-08-02T17:48:46.863+0900] {process_utils.py:191} INFO -   Stored in directory: /tmp/pip-ephem-wheel-cache-l3d2c7np/wheels/21/97/ea/e27bc4298590f1b8a2b9c46b60aefbe2e3076cf05f6bd5e464
[2024-08-02T17:48:46.865+0900] {process_utils.py:191} INFO - Successfully built extract_trg
[2024-08-02T17:48:46.876+0900] {process_utils.py:191} INFO - Installing collected packages: extract_trg
[2024-08-02T17:48:46.914+0900] {process_utils.py:191} INFO - Successfully installed extract_trg-0.1.0
[2024-08-02T17:48:46.922+0900] {process_utils.py:191} INFO - 
[2024-08-02T17:48:46.923+0900] {process_utils.py:191} INFO - [notice] A new release of pip is available: 24.1.2 -> 24.2
[2024-08-02T17:48:46.923+0900] {process_utils.py:191} INFO - [notice] To update, run: python -m pip install --upgrade pip
[2024-08-02T17:48:47.031+0900] {process_utils.py:183} INFO - Executing cmd: /tmp/venv7ec1zzy7/bin/python /tmp/venv-callukp1jr2x/script.py /tmp/venv-callukp1jr2x/script.in /tmp/venv-callukp1jr2x/script.out /tmp/venv-callukp1jr2x/string_args.txt /tmp/venv-callukp1jr2x/termination.log
[2024-08-02T17:48:47.032+0900] {process_utils.py:187} INFO - Output:
[2024-08-02T17:48:47.056+0900] {process_utils.py:191} INFO - 
[2024-08-02T17:48:47.057+0900] {process_utils.py:191} INFO - ---------------======---::::::------+--=======++++++++++===--:...::-=--==============--:.....:-=====
[2024-08-02T17:48:47.057+0900] {process_utils.py:191} INFO - ----::---------------------===--::--+-----=============++++++===---:....--===============--:...:-===
[2024-08-02T17:48:47.057+0900] {process_utils.py:191} INFO - ----------------------------------=++----------------------=+===========-::.:-======================
[2024-08-02T17:48:47.057+0900] {process_utils.py:191} INFO - =----------------------------------==-----------------------=-----==============================+=--
[2024-08-02T17:48:47.057+0900] {process_utils.py:191} INFO - %%####=----------------------------==----------------------=-::::-----======+*%#++================::
[2024-08-02T17:48:47.057+0900] {process_utils.py:191} INFO - %%%%%#=----------------------------=-:---------------------=--==--------=====*#*=================-::
[2024-08-02T17:48:47.057+0900] {process_utils.py:191} INFO - @@%%%*-----------------+***++=-----=-::-------------------:+---------=====+++====================-::
[2024-08-02T17:48:47.058+0900] {process_utils.py:191} INFO - @@%%%*---------------#%%%%##%%#=---=-+##*#+----------------=------------=====+====-=--===========-::
[2024-08-02T17:48:47.058+0900] {process_utils.py:191} INFO - @@@%%+--=+*%%%+-----+%@@%#++%%%#=--=*%+===#+::----------::=-----------=+*##*++=-----------=======-::
[2024-08-02T17:48:47.058+0900] {process_utils.py:191} INFO - +++++=-+#+***#*=-----#*++**+#@@@*--+#+**+***-:=-:---=*+-::=-----==+++*######%%%#=-------------==-:::
[2024-08-02T17:48:47.058+0900] {process_utils.py:191} INFO - *******-:::-*=-------+===+=-=+#%%:-=++++=+==-:=-:::=%%#-::###=-*#%%%%%%%%%%%%%%%%+---------------:::
[2024-08-02T17:48:47.058+0900] {process_utils.py:191} INFO - =====+=:--::+---+--+**++++*+++#%*-=--**++++-:=++=::+#*-::=%%%#*#%%%%%%%%@@%%%%@@%%#====------+#%%=-*
[2024-08-02T17:48:47.058+0900] {process_utils.py:191} INFO - =-==++---=+==*#%%%%%%=*++++++++==-=-*##*+=##**++=--++-:--*=-=*#%%%@%###*###*+++*%%%*=============-#%
[2024-08-02T17:48:47.058+0900] {process_utils.py:191} INFO - +-=------=*%%%%@%@@@@***=+*#+*##*#%%@@**++%@%%%%*+=--=-=+-:--:#%@@%#*****###*+---+*++#**===---=++*%@
[2024-08-02T17:48:47.059+0900] {process_utils.py:191} INFO - --==-::-*%%%@@@@@@@%#*=-+++%@%##%%@@@@@%#%@@@%%@%%%*=--=#%####-%@%%####++++++=---==++*####*+++*%@%@@
[2024-08-02T17:48:47.059+0900] {process_utils.py:191} INFO - -=*+=-=#@@@@@@@@@#*+++++*@@@@@@@@@@@@@@@@@@@@@@@@@@@#+==-+*+#=:-+#%##**==++**+++=====+*###*+**#@%##%
[2024-08-02T17:48:47.059+0900] {process_utils.py:191} INFO - -=++-+%%@%@@@@%+=-++***#@@@@@@@@@@@@%:+@@*%+=%@@@@@@%%#%%#*=+--:-=#++**%#*+=+++++===+**####=*%%%%%%%
[2024-08-02T17:48:47.059+0900] {process_utils.py:191} INFO - -=++#%%####+-:---=*%%@@%#######**++++=+++++++++%%=+%@@%##*+==-=++=+*****##*===+++++==*#####*+#%%##%%
[2024-08-02T17:48:47.059+0900] {process_utils.py:191} INFO - -=*+=---==+=-::::-*@@@%+=======++++++++++++++*#%#**%%%*==-+*=--+==*****#**+=====+++++=***+++=+==::::
[2024-08-02T17:48:47.059+0900] {process_utils.py:191} INFO - =#*=++++++*###**==*@@@%=======++++++++*@@@@@@@@%%#####-:=+----==******##****+++++***==-=+=:::.::::::
[2024-08-02T17:48:47.060+0900] {process_utils.py:191} INFO - #%*+*++++**##*###*+#@@#=========++++==*%%%%%%%%######*=-----==+*********##########*+====::::::::::::
[2024-08-02T17:48:47.060+0900] {process_utils.py:191} INFO - ++++*#%%@%*##*##***%@@*===============+%##%%######%%%%*==-===+*********+=+*#######*++++-:::--::-----
[2024-08-02T17:48:47.060+0900] {process_utils.py:191} INFO - ===+*#%@@%*##**#**+=--================+%%#%%###%#%%%%%#======*#######*-:-++*####*****++:------------
[2024-08-02T17:48:47.060+0900] {process_utils.py:191} INFO - =+=------=##**##**+=--================+%%#%%###%%#%%%%%+=====+###**++==----:-*####****=------==-====
[2024-08-02T17:48:47.060+0900] {process_utils.py:191} INFO - 
[2024-08-02T17:48:47.085+0900] {python.py:237} INFO - Done. Returned value was: None
[2024-08-02T17:48:47.085+0900] {taskinstance.py:441} INFO - ::group::Post task execution logs
[2024-08-02T17:48:47.090+0900] {taskinstance.py:1206} INFO - Marking task as SUCCESS. dag_id=movie, task_id=extract, run_id=scheduled__2017-01-05T05:31:00+00:00, execution_date=20170105T053100, start_date=20240802T084840, end_date=20240802T084847
[2024-08-02T17:48:47.152+0900] {local_task_job_runner.py:243} INFO - Task exited with return code 0
[2024-08-02T17:48:47.172+0900] {taskinstance.py:3503} INFO - 1 downstream tasks scheduled from follow-on schedule check
[2024-08-02T17:48:47.181+0900] {local_task_job_runner.py:222} INFO - ::endgroup::
