[2024-08-02T17:24:40.184+0900] {local_task_job_runner.py:120} INFO - ::group::Pre task execution logs
[2024-08-02T17:24:40.207+0900] {taskinstance.py:2076} INFO - Dependencies all met for dep_context=non-requeueable deps ti=<TaskInstance: movie.get.data scheduled__2017-01-04T05:09:00+00:00 [queued]>
[2024-08-02T17:24:40.214+0900] {taskinstance.py:2076} INFO - Dependencies all met for dep_context=requeueable deps ti=<TaskInstance: movie.get.data scheduled__2017-01-04T05:09:00+00:00 [queued]>
[2024-08-02T17:24:40.214+0900] {taskinstance.py:2306} INFO - Starting attempt 1 of 3
[2024-08-02T17:24:40.229+0900] {taskinstance.py:2330} INFO - Executing <Task(PythonVirtualenvOperator): get.data> on 2017-01-04 05:09:00+00:00
[2024-08-02T17:24:40.231+0900] {standard_task_runner.py:64} INFO - Started process 163191 to run task
[2024-08-02T17:24:40.234+0900] {standard_task_runner.py:90} INFO - Running: ['airflow', 'tasks', 'run', 'movie', 'get.data', 'scheduled__2017-01-04T05:09:00+00:00', '--job-id', '200', '--raw', '--subdir', 'DAGS_FOLDER/movie.py', '--cfg-path', '/tmp/tmpk1km3kht']
[2024-08-02T17:24:40.235+0900] {standard_task_runner.py:91} INFO - Job 200: Subtask get.data
[2024-08-02T17:24:40.271+0900] {task_command.py:426} INFO - Running <TaskInstance: movie.get.data scheduled__2017-01-04T05:09:00+00:00 [running]> on host playdata.
[2024-08-02T17:24:40.341+0900] {taskinstance.py:2648} INFO - Exporting env vars: AIRFLOW_CTX_DAG_OWNER='airflow' AIRFLOW_CTX_DAG_ID='movie' AIRFLOW_CTX_TASK_ID='get.data' AIRFLOW_CTX_EXECUTION_DATE='2017-01-04T05:09:00+00:00' AIRFLOW_CTX_TRY_NUMBER='1' AIRFLOW_CTX_DAG_RUN_ID='scheduled__2017-01-04T05:09:00+00:00'
[2024-08-02T17:24:40.342+0900] {taskinstance.py:430} INFO - ::endgroup::
[2024-08-02T17:24:40.354+0900] {baseoperator.py:400} WARNING - PythonVirtualenvOperator.execute cannot be called outside TaskInstance!
[2024-08-02T17:24:40.355+0900] {process_utils.py:183} INFO - Executing cmd: /home/oddsummer/.pyenv/versions/3.11.9/envs/air/bin/python -m virtualenv /tmp/venv4geo1kl7 --python=python
[2024-08-02T17:24:40.355+0900] {process_utils.py:187} INFO - Output:
[2024-08-02T17:24:40.721+0900] {process_utils.py:191} INFO - created virtual environment CPython3.11.9.final.0-64 in 254ms
[2024-08-02T17:24:40.722+0900] {process_utils.py:191} INFO -   creator CPython3Posix(dest=/tmp/venv4geo1kl7, clear=False, no_vcs_ignore=False, global=False)
[2024-08-02T17:24:40.722+0900] {process_utils.py:191} INFO -   seeder FromAppData(download=False, pip=bundle, setuptools=bundle, wheel=bundle, via=copy, app_data_dir=/home/oddsummer/.local/share/virtualenv)
[2024-08-02T17:24:40.722+0900] {process_utils.py:191} INFO -     added seed packages: pip==24.1.2, setuptools==70.2.0, wheel==0.43.0
[2024-08-02T17:24:40.723+0900] {process_utils.py:191} INFO -   activators BashActivator,CShellActivator,FishActivator,NushellActivator,PowerShellActivator,PythonActivator
[2024-08-02T17:24:40.746+0900] {process_utils.py:183} INFO - Executing cmd: /tmp/venv4geo1kl7/bin/pip install -r /tmp/venv4geo1kl7/requirements.txt
[2024-08-02T17:24:40.747+0900] {process_utils.py:187} INFO - Output:
[2024-08-02T17:24:41.693+0900] {process_utils.py:191} INFO - Collecting git+https://github.com/7-TRG/extract_trg.git@main (from -r /tmp/venv4geo1kl7/requirements.txt (line 1))
[2024-08-02T17:24:41.694+0900] {process_utils.py:191} INFO -   Cloning https://github.com/7-TRG/extract_trg.git (to revision main) to /tmp/pip-req-build-6opj0wjn
[2024-08-02T17:24:41.696+0900] {process_utils.py:191} INFO -   Running command git clone --filter=blob:none --quiet https://github.com/7-TRG/extract_trg.git /tmp/pip-req-build-6opj0wjn
[2024-08-02T17:24:43.383+0900] {process_utils.py:191} INFO -   Resolved https://github.com/7-TRG/extract_trg.git to commit 0712b3f1bbaeeeea58bf80749079a62c7e1bec3d
[2024-08-02T17:24:43.389+0900] {process_utils.py:191} INFO -   Installing build dependencies: started
[2024-08-02T17:24:45.336+0900] {process_utils.py:191} INFO -   Installing build dependencies: finished with status 'done'
[2024-08-02T17:24:45.337+0900] {process_utils.py:191} INFO -   Getting requirements to build wheel: started
[2024-08-02T17:24:45.576+0900] {process_utils.py:191} INFO -   Getting requirements to build wheel: finished with status 'done'
[2024-08-02T17:24:45.578+0900] {process_utils.py:191} INFO -   Preparing metadata (pyproject.toml): started
[2024-08-02T17:24:45.824+0900] {process_utils.py:191} INFO -   Preparing metadata (pyproject.toml): finished with status 'done'
[2024-08-02T17:24:45.827+0900] {process_utils.py:191} INFO - Building wheels for collected packages: extract_trg
[2024-08-02T17:24:45.831+0900] {process_utils.py:191} INFO -   Building wheel for extract_trg (pyproject.toml): started
[2024-08-02T17:24:46.101+0900] {process_utils.py:191} INFO -   Building wheel for extract_trg (pyproject.toml): finished with status 'done'
[2024-08-02T17:24:46.102+0900] {process_utils.py:191} INFO -   Created wheel for extract_trg: filename=extract_trg-0.1.0-py3-none-any.whl size=2219 sha256=ee2238fac54dd74ce6bf0cf90f7a2d0a6ed810321c80eddaf3bb4e669ac8c2fb
[2024-08-02T17:24:46.103+0900] {process_utils.py:191} INFO -   Stored in directory: /tmp/pip-ephem-wheel-cache-zudpkbz6/wheels/21/97/ea/e27bc4298590f1b8a2b9c46b60aefbe2e3076cf05f6bd5e464
[2024-08-02T17:24:46.105+0900] {process_utils.py:191} INFO - Successfully built extract_trg
[2024-08-02T17:24:46.117+0900] {process_utils.py:191} INFO - Installing collected packages: extract_trg
[2024-08-02T17:24:46.133+0900] {process_utils.py:191} INFO - Successfully installed extract_trg-0.1.0
[2024-08-02T17:24:46.139+0900] {process_utils.py:191} INFO - 
[2024-08-02T17:24:46.139+0900] {process_utils.py:191} INFO - [notice] A new release of pip is available: 24.1.2 -> 24.2
[2024-08-02T17:24:46.139+0900] {process_utils.py:191} INFO - [notice] To update, run: python -m pip install --upgrade pip
[2024-08-02T17:24:46.250+0900] {process_utils.py:183} INFO - Executing cmd: /tmp/venv4geo1kl7/bin/python /tmp/venv-callko21czsr/script.py /tmp/venv-callko21czsr/script.in /tmp/venv-callko21czsr/script.out /tmp/venv-callko21czsr/string_args.txt /tmp/venv-callko21czsr/termination.log
[2024-08-02T17:24:46.251+0900] {process_utils.py:187} INFO - Output:
[2024-08-02T17:24:46.271+0900] {process_utils.py:191} INFO - 
[2024-08-02T17:24:46.272+0900] {process_utils.py:191} INFO - ---------------======---::::::------+--=======++++++++++===--:...::-=--==============--:.....:-=====
[2024-08-02T17:24:46.272+0900] {process_utils.py:191} INFO - ----::---------------------===--::--+-----=============++++++===---:....--===============--:...:-===
[2024-08-02T17:24:46.272+0900] {process_utils.py:191} INFO - ----------------------------------=++----------------------=+===========-::.:-======================
[2024-08-02T17:24:46.272+0900] {process_utils.py:191} INFO - =----------------------------------==-----------------------=-----==============================+=--
[2024-08-02T17:24:46.272+0900] {process_utils.py:191} INFO - %%####=----------------------------==----------------------=-::::-----======+*%#++================::
[2024-08-02T17:24:46.273+0900] {process_utils.py:191} INFO - %%%%%#=----------------------------=-:---------------------=--==--------=====*#*=================-::
[2024-08-02T17:24:46.273+0900] {process_utils.py:191} INFO - @@%%%*-----------------+***++=-----=-::-------------------:+---------=====+++====================-::
[2024-08-02T17:24:46.273+0900] {process_utils.py:191} INFO - @@%%%*---------------#%%%%##%%#=---=-+##*#+----------------=------------=====+====-=--===========-::
[2024-08-02T17:24:46.273+0900] {process_utils.py:191} INFO - @@@%%+--=+*%%%+-----+%@@%#++%%%#=--=*%+===#+::----------::=-----------=+*##*++=-----------=======-::
[2024-08-02T17:24:46.273+0900] {process_utils.py:191} INFO - +++++=-+#+***#*=-----#*++**+#@@@*--+#+**+***-:=-:---=*+-::=-----==+++*######%%%#=-------------==-:::
[2024-08-02T17:24:46.273+0900] {process_utils.py:191} INFO - *******-:::-*=-------+===+=-=+#%%:-=++++=+==-:=-:::=%%#-::###=-*#%%%%%%%%%%%%%%%%+---------------:::
[2024-08-02T17:24:46.273+0900] {process_utils.py:191} INFO - =====+=:--::+---+--+**++++*+++#%*-=--**++++-:=++=::+#*-::=%%%#*#%%%%%%%%@@%%%%@@%%#====------+#%%=-*
[2024-08-02T17:24:46.273+0900] {process_utils.py:191} INFO - =-==++---=+==*#%%%%%%=*++++++++==-=-*##*+=##**++=--++-:--*=-=*#%%%@%###*###*+++*%%%*=============-#%
[2024-08-02T17:24:46.274+0900] {process_utils.py:191} INFO - +-=------=*%%%%@%@@@@***=+*#+*##*#%%@@**++%@%%%%*+=--=-=+-:--:#%@@%#*****###*+---+*++#**===---=++*%@
[2024-08-02T17:24:46.274+0900] {process_utils.py:191} INFO - --==-::-*%%%@@@@@@@%#*=-+++%@%##%%@@@@@%#%@@@%%@%%%*=--=#%####-%@%%####++++++=---==++*####*+++*%@%@@
[2024-08-02T17:24:46.274+0900] {process_utils.py:191} INFO - -=*+=-=#@@@@@@@@@#*+++++*@@@@@@@@@@@@@@@@@@@@@@@@@@@#+==-+*+#=:-+#%##**==++**+++=====+*###*+**#@%##%
[2024-08-02T17:24:46.274+0900] {process_utils.py:191} INFO - -=++-+%%@%@@@@%+=-++***#@@@@@@@@@@@@%:+@@*%+=%@@@@@@%%#%%#*=+--:-=#++**%#*+=+++++===+**####=*%%%%%%%
[2024-08-02T17:24:46.274+0900] {process_utils.py:191} INFO - -=++#%%####+-:---=*%%@@%#######**++++=+++++++++%%=+%@@%##*+==-=++=+*****##*===+++++==*#####*+#%%##%%
[2024-08-02T17:24:46.274+0900] {process_utils.py:191} INFO - -=*+=---==+=-::::-*@@@%+=======++++++++++++++*#%#**%%%*==-+*=--+==*****#**+=====+++++=***+++=+==::::
[2024-08-02T17:24:46.274+0900] {process_utils.py:191} INFO - =#*=++++++*###**==*@@@%=======++++++++*@@@@@@@@%%#####-:=+----==******##****+++++***==-=+=:::.::::::
[2024-08-02T17:24:46.275+0900] {process_utils.py:191} INFO - #%*+*++++**##*###*+#@@#=========++++==*%%%%%%%%######*=-----==+*********##########*+====::::::::::::
[2024-08-02T17:24:46.275+0900] {process_utils.py:191} INFO - ++++*#%%@%*##*##***%@@*===============+%##%%######%%%%*==-===+*********+=+*#######*++++-:::--::-----
[2024-08-02T17:24:46.275+0900] {process_utils.py:191} INFO - ===+*#%@@%*##**#**+=--================+%%#%%###%#%%%%%#======*#######*-:-++*####*****++:------------
[2024-08-02T17:24:46.275+0900] {process_utils.py:191} INFO - =+=------=##**##**+=--================+%%#%%###%%#%%%%%+=====+###**++==----:-*####****=------==-====
[2024-08-02T17:24:46.275+0900] {process_utils.py:191} INFO - 
[2024-08-02T17:24:46.301+0900] {python.py:237} INFO - Done. Returned value was: None
[2024-08-02T17:24:46.301+0900] {taskinstance.py:441} INFO - ::group::Post task execution logs
[2024-08-02T17:24:46.306+0900] {taskinstance.py:1206} INFO - Marking task as SUCCESS. dag_id=movie, task_id=get.data, run_id=scheduled__2017-01-04T05:09:00+00:00, execution_date=20170104T050900, start_date=20240802T082440, end_date=20240802T082446
[2024-08-02T17:24:46.364+0900] {local_task_job_runner.py:243} INFO - Task exited with return code 0
[2024-08-02T17:24:46.382+0900] {taskinstance.py:3503} INFO - 0 downstream tasks scheduled from follow-on schedule check
[2024-08-02T17:24:46.382+0900] {local_task_job_runner.py:222} INFO - ::endgroup::
