[2024-08-02T16:58:08.601+0900] {local_task_job_runner.py:120} INFO - ::group::Pre task execution logs
[2024-08-02T16:58:08.622+0900] {taskinstance.py:2076} INFO - Dependencies all met for dep_context=non-requeueable deps ti=<TaskInstance: movie.get.data scheduled__2017-01-01T05:53:00+00:00 [queued]>
[2024-08-02T16:58:08.628+0900] {taskinstance.py:2076} INFO - Dependencies all met for dep_context=requeueable deps ti=<TaskInstance: movie.get.data scheduled__2017-01-01T05:53:00+00:00 [queued]>
[2024-08-02T16:58:08.628+0900] {taskinstance.py:2306} INFO - Starting attempt 1 of 3
[2024-08-02T16:58:08.644+0900] {taskinstance.py:2330} INFO - Executing <Task(PythonVirtualenvOperator): get.data> on 2017-01-01 05:53:00+00:00
[2024-08-02T16:58:08.647+0900] {standard_task_runner.py:64} INFO - Started process 149985 to run task
[2024-08-02T16:58:08.650+0900] {standard_task_runner.py:90} INFO - Running: ['airflow', 'tasks', 'run', 'movie', 'get.data', 'scheduled__2017-01-01T05:53:00+00:00', '--job-id', '64', '--raw', '--subdir', 'DAGS_FOLDER/movie.py', '--cfg-path', '/tmp/tmpla2i4pjy']
[2024-08-02T16:58:08.651+0900] {standard_task_runner.py:91} INFO - Job 64: Subtask get.data
[2024-08-02T16:58:08.692+0900] {task_command.py:426} INFO - Running <TaskInstance: movie.get.data scheduled__2017-01-01T05:53:00+00:00 [running]> on host playdata.
[2024-08-02T16:58:08.765+0900] {taskinstance.py:2648} INFO - Exporting env vars: AIRFLOW_CTX_DAG_OWNER='airflow' AIRFLOW_CTX_DAG_ID='movie' AIRFLOW_CTX_TASK_ID='get.data' AIRFLOW_CTX_EXECUTION_DATE='2017-01-01T05:53:00+00:00' AIRFLOW_CTX_TRY_NUMBER='1' AIRFLOW_CTX_DAG_RUN_ID='scheduled__2017-01-01T05:53:00+00:00'
[2024-08-02T16:58:08.766+0900] {taskinstance.py:430} INFO - ::endgroup::
[2024-08-02T16:58:08.776+0900] {baseoperator.py:400} WARNING - PythonVirtualenvOperator.execute cannot be called outside TaskInstance!
[2024-08-02T16:58:08.776+0900] {process_utils.py:183} INFO - Executing cmd: /home/oddsummer/.pyenv/versions/3.11.9/envs/air/bin/python -m virtualenv /tmp/venv0k0phzhx --python=python
[2024-08-02T16:58:08.777+0900] {process_utils.py:187} INFO - Output:
[2024-08-02T16:58:09.171+0900] {process_utils.py:191} INFO - created virtual environment CPython3.11.9.final.0-64 in 286ms
[2024-08-02T16:58:09.172+0900] {process_utils.py:191} INFO -   creator CPython3Posix(dest=/tmp/venv0k0phzhx, clear=False, no_vcs_ignore=False, global=False)
[2024-08-02T16:58:09.172+0900] {process_utils.py:191} INFO -   seeder FromAppData(download=False, pip=bundle, setuptools=bundle, wheel=bundle, via=copy, app_data_dir=/home/oddsummer/.local/share/virtualenv)
[2024-08-02T16:58:09.172+0900] {process_utils.py:191} INFO -     added seed packages: pip==24.1.2, setuptools==70.2.0, wheel==0.43.0
[2024-08-02T16:58:09.172+0900] {process_utils.py:191} INFO -   activators BashActivator,CShellActivator,FishActivator,NushellActivator,PowerShellActivator,PythonActivator
[2024-08-02T16:58:09.197+0900] {process_utils.py:183} INFO - Executing cmd: /tmp/venv0k0phzhx/bin/pip install -r /tmp/venv0k0phzhx/requirements.txt
[2024-08-02T16:58:09.198+0900] {process_utils.py:187} INFO - Output:
[2024-08-02T16:58:10.116+0900] {process_utils.py:191} INFO - Collecting git+https://github.com/7-TRG/extract_trg.git@main (from -r /tmp/venv0k0phzhx/requirements.txt (line 1))
[2024-08-02T16:58:10.117+0900] {process_utils.py:191} INFO -   Cloning https://github.com/7-TRG/extract_trg.git (to revision main) to /tmp/pip-req-build-b1g2v1dn
[2024-08-02T16:58:10.120+0900] {process_utils.py:191} INFO -   Running command git clone --filter=blob:none --quiet https://github.com/7-TRG/extract_trg.git /tmp/pip-req-build-b1g2v1dn
[2024-08-02T16:58:11.663+0900] {process_utils.py:191} INFO -   Resolved https://github.com/7-TRG/extract_trg.git to commit 0712b3f1bbaeeeea58bf80749079a62c7e1bec3d
[2024-08-02T16:58:11.668+0900] {process_utils.py:191} INFO -   Installing build dependencies: started
[2024-08-02T16:58:13.482+0900] {process_utils.py:191} INFO -   Installing build dependencies: finished with status 'done'
[2024-08-02T16:58:13.484+0900] {process_utils.py:191} INFO -   Getting requirements to build wheel: started
[2024-08-02T16:58:13.730+0900] {process_utils.py:191} INFO -   Getting requirements to build wheel: finished with status 'done'
[2024-08-02T16:58:13.731+0900] {process_utils.py:191} INFO -   Preparing metadata (pyproject.toml): started
[2024-08-02T16:58:13.972+0900] {process_utils.py:191} INFO -   Preparing metadata (pyproject.toml): finished with status 'done'
[2024-08-02T16:58:13.974+0900] {process_utils.py:191} INFO - Building wheels for collected packages: extract_trg
[2024-08-02T16:58:13.978+0900] {process_utils.py:191} INFO -   Building wheel for extract_trg (pyproject.toml): started
[2024-08-02T16:58:14.222+0900] {process_utils.py:191} INFO -   Building wheel for extract_trg (pyproject.toml): finished with status 'done'
[2024-08-02T16:58:14.223+0900] {process_utils.py:191} INFO -   Created wheel for extract_trg: filename=extract_trg-0.1.0-py3-none-any.whl size=2219 sha256=e6020a92462fdfaef733b311a995c4862bf7d9545f2ac372689299e2d65cce12
[2024-08-02T16:58:14.223+0900] {process_utils.py:191} INFO -   Stored in directory: /tmp/pip-ephem-wheel-cache-m1xwxmvv/wheels/21/97/ea/e27bc4298590f1b8a2b9c46b60aefbe2e3076cf05f6bd5e464
[2024-08-02T16:58:14.225+0900] {process_utils.py:191} INFO - Successfully built extract_trg
[2024-08-02T16:58:14.234+0900] {process_utils.py:191} INFO - Installing collected packages: extract_trg
[2024-08-02T16:58:14.254+0900] {process_utils.py:191} INFO - Successfully installed extract_trg-0.1.0
[2024-08-02T16:58:14.261+0900] {process_utils.py:191} INFO - 
[2024-08-02T16:58:14.261+0900] {process_utils.py:191} INFO - [notice] A new release of pip is available: 24.1.2 -> 24.2
[2024-08-02T16:58:14.262+0900] {process_utils.py:191} INFO - [notice] To update, run: python -m pip install --upgrade pip
[2024-08-02T16:58:14.358+0900] {process_utils.py:183} INFO - Executing cmd: /tmp/venv0k0phzhx/bin/python /tmp/venv-call98fiqiwe/script.py /tmp/venv-call98fiqiwe/script.in /tmp/venv-call98fiqiwe/script.out /tmp/venv-call98fiqiwe/string_args.txt /tmp/venv-call98fiqiwe/termination.log
[2024-08-02T16:58:14.358+0900] {process_utils.py:187} INFO - Output:
[2024-08-02T16:58:14.380+0900] {process_utils.py:191} INFO - 
[2024-08-02T16:58:14.380+0900] {process_utils.py:191} INFO - ---------------======---::::::------+--=======++++++++++===--:...::-=--==============--:.....:-=====
[2024-08-02T16:58:14.381+0900] {process_utils.py:191} INFO - ----::---------------------===--::--+-----=============++++++===---:....--===============--:...:-===
[2024-08-02T16:58:14.381+0900] {process_utils.py:191} INFO - ----------------------------------=++----------------------=+===========-::.:-======================
[2024-08-02T16:58:14.381+0900] {process_utils.py:191} INFO - =----------------------------------==-----------------------=-----==============================+=--
[2024-08-02T16:58:14.382+0900] {process_utils.py:191} INFO - %%####=----------------------------==----------------------=-::::-----======+*%#++================::
[2024-08-02T16:58:14.382+0900] {process_utils.py:191} INFO - %%%%%#=----------------------------=-:---------------------=--==--------=====*#*=================-::
[2024-08-02T16:58:14.382+0900] {process_utils.py:191} INFO - @@%%%*-----------------+***++=-----=-::-------------------:+---------=====+++====================-::
[2024-08-02T16:58:14.382+0900] {process_utils.py:191} INFO - @@%%%*---------------#%%%%##%%#=---=-+##*#+----------------=------------=====+====-=--===========-::
[2024-08-02T16:58:14.382+0900] {process_utils.py:191} INFO - @@@%%+--=+*%%%+-----+%@@%#++%%%#=--=*%+===#+::----------::=-----------=+*##*++=-----------=======-::
[2024-08-02T16:58:14.383+0900] {process_utils.py:191} INFO - +++++=-+#+***#*=-----#*++**+#@@@*--+#+**+***-:=-:---=*+-::=-----==+++*######%%%#=-------------==-:::
[2024-08-02T16:58:14.383+0900] {process_utils.py:191} INFO - *******-:::-*=-------+===+=-=+#%%:-=++++=+==-:=-:::=%%#-::###=-*#%%%%%%%%%%%%%%%%+---------------:::
[2024-08-02T16:58:14.383+0900] {process_utils.py:191} INFO - =====+=:--::+---+--+**++++*+++#%*-=--**++++-:=++=::+#*-::=%%%#*#%%%%%%%%@@%%%%@@%%#====------+#%%=-*
[2024-08-02T16:58:14.383+0900] {process_utils.py:191} INFO - =-==++---=+==*#%%%%%%=*++++++++==-=-*##*+=##**++=--++-:--*=-=*#%%%@%###*###*+++*%%%*=============-#%
[2024-08-02T16:58:14.383+0900] {process_utils.py:191} INFO - +-=------=*%%%%@%@@@@***=+*#+*##*#%%@@**++%@%%%%*+=--=-=+-:--:#%@@%#*****###*+---+*++#**===---=++*%@
[2024-08-02T16:58:14.384+0900] {process_utils.py:191} INFO - --==-::-*%%%@@@@@@@%#*=-+++%@%##%%@@@@@%#%@@@%%@%%%*=--=#%####-%@%%####++++++=---==++*####*+++*%@%@@
[2024-08-02T16:58:14.384+0900] {process_utils.py:191} INFO - -=*+=-=#@@@@@@@@@#*+++++*@@@@@@@@@@@@@@@@@@@@@@@@@@@#+==-+*+#=:-+#%##**==++**+++=====+*###*+**#@%##%
[2024-08-02T16:58:14.384+0900] {process_utils.py:191} INFO - -=++-+%%@%@@@@%+=-++***#@@@@@@@@@@@@%:+@@*%+=%@@@@@@%%#%%#*=+--:-=#++**%#*+=+++++===+**####=*%%%%%%%
[2024-08-02T16:58:14.384+0900] {process_utils.py:191} INFO - -=++#%%####+-:---=*%%@@%#######**++++=+++++++++%%=+%@@%##*+==-=++=+*****##*===+++++==*#####*+#%%##%%
[2024-08-02T16:58:14.384+0900] {process_utils.py:191} INFO - -=*+=---==+=-::::-*@@@%+=======++++++++++++++*#%#**%%%*==-+*=--+==*****#**+=====+++++=***+++=+==::::
[2024-08-02T16:58:14.385+0900] {process_utils.py:191} INFO - =#*=++++++*###**==*@@@%=======++++++++*@@@@@@@@%%#####-:=+----==******##****+++++***==-=+=:::.::::::
[2024-08-02T16:58:14.385+0900] {process_utils.py:191} INFO - #%*+*++++**##*###*+#@@#=========++++==*%%%%%%%%######*=-----==+*********##########*+====::::::::::::
[2024-08-02T16:58:14.385+0900] {process_utils.py:191} INFO - ++++*#%%@%*##*##***%@@*===============+%##%%######%%%%*==-===+*********+=+*#######*++++-:::--::-----
[2024-08-02T16:58:14.385+0900] {process_utils.py:191} INFO - ===+*#%@@%*##**#**+=--================+%%#%%###%#%%%%%#======*#######*-:-++*####*****++:------------
[2024-08-02T16:58:14.385+0900] {process_utils.py:191} INFO - =+=------=##**##**+=--================+%%#%%###%%#%%%%%+=====+###**++==----:-*####****=------==-====
[2024-08-02T16:58:14.385+0900] {process_utils.py:191} INFO - 
[2024-08-02T16:58:14.406+0900] {python.py:237} INFO - Done. Returned value was: None
[2024-08-02T16:58:14.407+0900] {taskinstance.py:441} INFO - ::group::Post task execution logs
[2024-08-02T16:58:14.411+0900] {taskinstance.py:1206} INFO - Marking task as SUCCESS. dag_id=movie, task_id=get.data, run_id=scheduled__2017-01-01T05:53:00+00:00, execution_date=20170101T055300, start_date=20240802T075808, end_date=20240802T075814
[2024-08-02T16:58:14.467+0900] {local_task_job_runner.py:243} INFO - Task exited with return code 0
[2024-08-02T16:58:14.478+0900] {taskinstance.py:3503} INFO - 0 downstream tasks scheduled from follow-on schedule check
[2024-08-02T16:58:14.479+0900] {local_task_job_runner.py:222} INFO - ::endgroup::
