[2024-08-02T17:08:20.311+0900] {local_task_job_runner.py:120} INFO - ::group::Pre task execution logs
[2024-08-02T17:08:20.329+0900] {taskinstance.py:2076} INFO - Dependencies all met for dep_context=non-requeueable deps ti=<TaskInstance: movie.get.data scheduled__2017-01-02T05:46:00+00:00 [queued]>
[2024-08-02T17:08:20.335+0900] {taskinstance.py:2076} INFO - Dependencies all met for dep_context=requeueable deps ti=<TaskInstance: movie.get.data scheduled__2017-01-02T05:46:00+00:00 [queued]>
[2024-08-02T17:08:20.335+0900] {taskinstance.py:2306} INFO - Starting attempt 1 of 3
[2024-08-02T17:08:20.367+0900] {taskinstance.py:2330} INFO - Executing <Task(PythonVirtualenvOperator): get.data> on 2017-01-02 05:46:00+00:00
[2024-08-02T17:08:20.370+0900] {standard_task_runner.py:64} INFO - Started process 154731 to run task
[2024-08-02T17:08:20.374+0900] {standard_task_runner.py:90} INFO - Running: ['airflow', 'tasks', 'run', 'movie', 'get.data', 'scheduled__2017-01-02T05:46:00+00:00', '--job-id', '117', '--raw', '--subdir', 'DAGS_FOLDER/movie.py', '--cfg-path', '/tmp/tmp1s1gvdjb']
[2024-08-02T17:08:20.375+0900] {standard_task_runner.py:91} INFO - Job 117: Subtask get.data
[2024-08-02T17:08:20.411+0900] {task_command.py:426} INFO - Running <TaskInstance: movie.get.data scheduled__2017-01-02T05:46:00+00:00 [running]> on host playdata.
[2024-08-02T17:08:20.481+0900] {taskinstance.py:2648} INFO - Exporting env vars: AIRFLOW_CTX_DAG_OWNER='airflow' AIRFLOW_CTX_DAG_ID='movie' AIRFLOW_CTX_TASK_ID='get.data' AIRFLOW_CTX_EXECUTION_DATE='2017-01-02T05:46:00+00:00' AIRFLOW_CTX_TRY_NUMBER='1' AIRFLOW_CTX_DAG_RUN_ID='scheduled__2017-01-02T05:46:00+00:00'
[2024-08-02T17:08:20.482+0900] {taskinstance.py:430} INFO - ::endgroup::
[2024-08-02T17:08:20.494+0900] {baseoperator.py:400} WARNING - PythonVirtualenvOperator.execute cannot be called outside TaskInstance!
[2024-08-02T17:08:20.496+0900] {process_utils.py:183} INFO - Executing cmd: /home/oddsummer/.pyenv/versions/3.11.9/envs/air/bin/python -m virtualenv /tmp/venv1u44q7re --python=python
[2024-08-02T17:08:20.497+0900] {process_utils.py:187} INFO - Output:
[2024-08-02T17:08:20.857+0900] {process_utils.py:191} INFO - created virtual environment CPython3.11.9.final.0-64 in 255ms
[2024-08-02T17:08:20.857+0900] {process_utils.py:191} INFO -   creator CPython3Posix(dest=/tmp/venv1u44q7re, clear=False, no_vcs_ignore=False, global=False)
[2024-08-02T17:08:20.857+0900] {process_utils.py:191} INFO -   seeder FromAppData(download=False, pip=bundle, setuptools=bundle, wheel=bundle, via=copy, app_data_dir=/home/oddsummer/.local/share/virtualenv)
[2024-08-02T17:08:20.857+0900] {process_utils.py:191} INFO -     added seed packages: pip==24.1.2, setuptools==70.2.0, wheel==0.43.0
[2024-08-02T17:08:20.858+0900] {process_utils.py:191} INFO -   activators BashActivator,CShellActivator,FishActivator,NushellActivator,PowerShellActivator,PythonActivator
[2024-08-02T17:08:20.880+0900] {process_utils.py:183} INFO - Executing cmd: /tmp/venv1u44q7re/bin/pip install -r /tmp/venv1u44q7re/requirements.txt
[2024-08-02T17:08:20.881+0900] {process_utils.py:187} INFO - Output:
[2024-08-02T17:08:21.811+0900] {process_utils.py:191} INFO - Collecting git+https://github.com/7-TRG/extract_trg.git@main (from -r /tmp/venv1u44q7re/requirements.txt (line 1))
[2024-08-02T17:08:21.812+0900] {process_utils.py:191} INFO -   Cloning https://github.com/7-TRG/extract_trg.git (to revision main) to /tmp/pip-req-build-ii_6jxxn
[2024-08-02T17:08:21.814+0900] {process_utils.py:191} INFO -   Running command git clone --filter=blob:none --quiet https://github.com/7-TRG/extract_trg.git /tmp/pip-req-build-ii_6jxxn
[2024-08-02T17:08:23.299+0900] {process_utils.py:191} INFO -   Resolved https://github.com/7-TRG/extract_trg.git to commit 0712b3f1bbaeeeea58bf80749079a62c7e1bec3d
[2024-08-02T17:08:23.304+0900] {process_utils.py:191} INFO -   Installing build dependencies: started
[2024-08-02T17:08:25.365+0900] {process_utils.py:191} INFO -   Installing build dependencies: finished with status 'done'
[2024-08-02T17:08:25.366+0900] {process_utils.py:191} INFO -   Getting requirements to build wheel: started
[2024-08-02T17:08:25.610+0900] {process_utils.py:191} INFO -   Getting requirements to build wheel: finished with status 'done'
[2024-08-02T17:08:25.611+0900] {process_utils.py:191} INFO -   Preparing metadata (pyproject.toml): started
[2024-08-02T17:08:25.861+0900] {process_utils.py:191} INFO -   Preparing metadata (pyproject.toml): finished with status 'done'
[2024-08-02T17:08:25.864+0900] {process_utils.py:191} INFO - Building wheels for collected packages: extract_trg
[2024-08-02T17:08:25.869+0900] {process_utils.py:191} INFO -   Building wheel for extract_trg (pyproject.toml): started
[2024-08-02T17:08:26.125+0900] {process_utils.py:191} INFO -   Building wheel for extract_trg (pyproject.toml): finished with status 'done'
[2024-08-02T17:08:26.126+0900] {process_utils.py:191} INFO -   Created wheel for extract_trg: filename=extract_trg-0.1.0-py3-none-any.whl size=2219 sha256=6120d596370ce9160135272333b0e459bc1eb9cc16110af40d4ff4ea40195850
[2024-08-02T17:08:26.126+0900] {process_utils.py:191} INFO -   Stored in directory: /tmp/pip-ephem-wheel-cache-96c0820v/wheels/21/97/ea/e27bc4298590f1b8a2b9c46b60aefbe2e3076cf05f6bd5e464
[2024-08-02T17:08:26.128+0900] {process_utils.py:191} INFO - Successfully built extract_trg
[2024-08-02T17:08:26.138+0900] {process_utils.py:191} INFO - Installing collected packages: extract_trg
[2024-08-02T17:08:26.157+0900] {process_utils.py:191} INFO - Successfully installed extract_trg-0.1.0
[2024-08-02T17:08:26.163+0900] {process_utils.py:191} INFO - 
[2024-08-02T17:08:26.163+0900] {process_utils.py:191} INFO - [notice] A new release of pip is available: 24.1.2 -> 24.2
[2024-08-02T17:08:26.163+0900] {process_utils.py:191} INFO - [notice] To update, run: python -m pip install --upgrade pip
[2024-08-02T17:08:26.255+0900] {process_utils.py:183} INFO - Executing cmd: /tmp/venv1u44q7re/bin/python /tmp/venv-calle7hb753m/script.py /tmp/venv-calle7hb753m/script.in /tmp/venv-calle7hb753m/script.out /tmp/venv-calle7hb753m/string_args.txt /tmp/venv-calle7hb753m/termination.log
[2024-08-02T17:08:26.256+0900] {process_utils.py:187} INFO - Output:
[2024-08-02T17:08:26.275+0900] {process_utils.py:191} INFO - 
[2024-08-02T17:08:26.275+0900] {process_utils.py:191} INFO - ---------------======---::::::------+--=======++++++++++===--:...::-=--==============--:.....:-=====
[2024-08-02T17:08:26.276+0900] {process_utils.py:191} INFO - ----::---------------------===--::--+-----=============++++++===---:....--===============--:...:-===
[2024-08-02T17:08:26.276+0900] {process_utils.py:191} INFO - ----------------------------------=++----------------------=+===========-::.:-======================
[2024-08-02T17:08:26.276+0900] {process_utils.py:191} INFO - =----------------------------------==-----------------------=-----==============================+=--
[2024-08-02T17:08:26.276+0900] {process_utils.py:191} INFO - %%####=----------------------------==----------------------=-::::-----======+*%#++================::
[2024-08-02T17:08:26.277+0900] {process_utils.py:191} INFO - %%%%%#=----------------------------=-:---------------------=--==--------=====*#*=================-::
[2024-08-02T17:08:26.277+0900] {process_utils.py:191} INFO - @@%%%*-----------------+***++=-----=-::-------------------:+---------=====+++====================-::
[2024-08-02T17:08:26.277+0900] {process_utils.py:191} INFO - @@%%%*---------------#%%%%##%%#=---=-+##*#+----------------=------------=====+====-=--===========-::
[2024-08-02T17:08:26.277+0900] {process_utils.py:191} INFO - @@@%%+--=+*%%%+-----+%@@%#++%%%#=--=*%+===#+::----------::=-----------=+*##*++=-----------=======-::
[2024-08-02T17:08:26.277+0900] {process_utils.py:191} INFO - +++++=-+#+***#*=-----#*++**+#@@@*--+#+**+***-:=-:---=*+-::=-----==+++*######%%%#=-------------==-:::
[2024-08-02T17:08:26.278+0900] {process_utils.py:191} INFO - *******-:::-*=-------+===+=-=+#%%:-=++++=+==-:=-:::=%%#-::###=-*#%%%%%%%%%%%%%%%%+---------------:::
[2024-08-02T17:08:26.278+0900] {process_utils.py:191} INFO - =====+=:--::+---+--+**++++*+++#%*-=--**++++-:=++=::+#*-::=%%%#*#%%%%%%%%@@%%%%@@%%#====------+#%%=-*
[2024-08-02T17:08:26.278+0900] {process_utils.py:191} INFO - =-==++---=+==*#%%%%%%=*++++++++==-=-*##*+=##**++=--++-:--*=-=*#%%%@%###*###*+++*%%%*=============-#%
[2024-08-02T17:08:26.278+0900] {process_utils.py:191} INFO - +-=------=*%%%%@%@@@@***=+*#+*##*#%%@@**++%@%%%%*+=--=-=+-:--:#%@@%#*****###*+---+*++#**===---=++*%@
[2024-08-02T17:08:26.279+0900] {process_utils.py:191} INFO - --==-::-*%%%@@@@@@@%#*=-+++%@%##%%@@@@@%#%@@@%%@%%%*=--=#%####-%@%%####++++++=---==++*####*+++*%@%@@
[2024-08-02T17:08:26.279+0900] {process_utils.py:191} INFO - -=*+=-=#@@@@@@@@@#*+++++*@@@@@@@@@@@@@@@@@@@@@@@@@@@#+==-+*+#=:-+#%##**==++**+++=====+*###*+**#@%##%
[2024-08-02T17:08:26.279+0900] {process_utils.py:191} INFO - -=++-+%%@%@@@@%+=-++***#@@@@@@@@@@@@%:+@@*%+=%@@@@@@%%#%%#*=+--:-=#++**%#*+=+++++===+**####=*%%%%%%%
[2024-08-02T17:08:26.279+0900] {process_utils.py:191} INFO - -=++#%%####+-:---=*%%@@%#######**++++=+++++++++%%=+%@@%##*+==-=++=+*****##*===+++++==*#####*+#%%##%%
[2024-08-02T17:08:26.279+0900] {process_utils.py:191} INFO - -=*+=---==+=-::::-*@@@%+=======++++++++++++++*#%#**%%%*==-+*=--+==*****#**+=====+++++=***+++=+==::::
[2024-08-02T17:08:26.280+0900] {process_utils.py:191} INFO - =#*=++++++*###**==*@@@%=======++++++++*@@@@@@@@%%#####-:=+----==******##****+++++***==-=+=:::.::::::
[2024-08-02T17:08:26.280+0900] {process_utils.py:191} INFO - #%*+*++++**##*###*+#@@#=========++++==*%%%%%%%%######*=-----==+*********##########*+====::::::::::::
[2024-08-02T17:08:26.280+0900] {process_utils.py:191} INFO - ++++*#%%@%*##*##***%@@*===============+%##%%######%%%%*==-===+*********+=+*#######*++++-:::--::-----
[2024-08-02T17:08:26.280+0900] {process_utils.py:191} INFO - ===+*#%@@%*##**#**+=--================+%%#%%###%#%%%%%#======*#######*-:-++*####*****++:------------
[2024-08-02T17:08:26.281+0900] {process_utils.py:191} INFO - =+=------=##**##**+=--================+%%#%%###%%#%%%%%+=====+###**++==----:-*####****=------==-====
[2024-08-02T17:08:26.281+0900] {process_utils.py:191} INFO - 
[2024-08-02T17:08:26.306+0900] {python.py:237} INFO - Done. Returned value was: None
[2024-08-02T17:08:26.306+0900] {taskinstance.py:441} INFO - ::group::Post task execution logs
[2024-08-02T17:08:26.310+0900] {taskinstance.py:1206} INFO - Marking task as SUCCESS. dag_id=movie, task_id=get.data, run_id=scheduled__2017-01-02T05:46:00+00:00, execution_date=20170102T054600, start_date=20240802T080820, end_date=20240802T080826
[2024-08-02T17:08:26.360+0900] {local_task_job_runner.py:243} INFO - Task exited with return code 0
[2024-08-02T17:08:26.374+0900] {taskinstance.py:3503} INFO - 0 downstream tasks scheduled from follow-on schedule check
[2024-08-02T17:08:26.374+0900] {local_task_job_runner.py:222} INFO - ::endgroup::
