[2024-08-02T17:39:06.813+0900] {local_task_job_runner.py:120} INFO - ::group::Pre task execution logs
[2024-08-02T17:39:06.842+0900] {taskinstance.py:2076} INFO - Dependencies all met for dep_context=non-requeueable deps ti=<TaskInstance: movie.extract scheduled__2017-01-05T05:11:00+00:00 [queued]>
[2024-08-02T17:39:06.853+0900] {taskinstance.py:2076} INFO - Dependencies all met for dep_context=requeueable deps ti=<TaskInstance: movie.extract scheduled__2017-01-05T05:11:00+00:00 [queued]>
[2024-08-02T17:39:06.854+0900] {taskinstance.py:2306} INFO - Starting attempt 1 of 3
[2024-08-02T17:39:06.876+0900] {taskinstance.py:2330} INFO - Executing <Task(PythonVirtualenvOperator): extract> on 2017-01-05 05:11:00+00:00
[2024-08-02T17:39:06.882+0900] {standard_task_runner.py:64} INFO - Started process 172497 to run task
[2024-08-02T17:39:06.885+0900] {standard_task_runner.py:90} INFO - Running: ['airflow', 'tasks', 'run', 'movie', 'extract', 'scheduled__2017-01-05T05:11:00+00:00', '--job-id', '279', '--raw', '--subdir', 'DAGS_FOLDER/movie.py', '--cfg-path', '/tmp/tmpozern1xa']
[2024-08-02T17:39:06.886+0900] {standard_task_runner.py:91} INFO - Job 279: Subtask extract
[2024-08-02T17:39:06.937+0900] {task_command.py:426} INFO - Running <TaskInstance: movie.extract scheduled__2017-01-05T05:11:00+00:00 [running]> on host playdata.
[2024-08-02T17:39:07.021+0900] {taskinstance.py:2648} INFO - Exporting env vars: AIRFLOW_CTX_DAG_OWNER='airflow' AIRFLOW_CTX_DAG_ID='movie' AIRFLOW_CTX_TASK_ID='extract' AIRFLOW_CTX_EXECUTION_DATE='2017-01-05T05:11:00+00:00' AIRFLOW_CTX_TRY_NUMBER='1' AIRFLOW_CTX_DAG_RUN_ID='scheduled__2017-01-05T05:11:00+00:00'
[2024-08-02T17:39:07.022+0900] {taskinstance.py:430} INFO - ::endgroup::
[2024-08-02T17:39:07.036+0900] {baseoperator.py:400} WARNING - PythonVirtualenvOperator.execute cannot be called outside TaskInstance!
[2024-08-02T17:39:07.037+0900] {process_utils.py:183} INFO - Executing cmd: /home/oddsummer/.pyenv/versions/3.11.9/envs/air/bin/python -m virtualenv /tmp/venvr71r9kek --python=python
[2024-08-02T17:39:07.038+0900] {process_utils.py:187} INFO - Output:
[2024-08-02T17:39:07.566+0900] {process_utils.py:191} INFO - created virtual environment CPython3.11.9.final.0-64 in 355ms
[2024-08-02T17:39:07.566+0900] {process_utils.py:191} INFO -   creator CPython3Posix(dest=/tmp/venvr71r9kek, clear=False, no_vcs_ignore=False, global=False)
[2024-08-02T17:39:07.567+0900] {process_utils.py:191} INFO -   seeder FromAppData(download=False, pip=bundle, setuptools=bundle, wheel=bundle, via=copy, app_data_dir=/home/oddsummer/.local/share/virtualenv)
[2024-08-02T17:39:07.567+0900] {process_utils.py:191} INFO -     added seed packages: pip==24.1.2, setuptools==70.2.0, wheel==0.43.0
[2024-08-02T17:39:07.567+0900] {process_utils.py:191} INFO -   activators BashActivator,CShellActivator,FishActivator,NushellActivator,PowerShellActivator,PythonActivator
[2024-08-02T17:39:07.594+0900] {process_utils.py:183} INFO - Executing cmd: /tmp/venvr71r9kek/bin/pip install -r /tmp/venvr71r9kek/requirements.txt
[2024-08-02T17:39:07.595+0900] {process_utils.py:187} INFO - Output:
[2024-08-02T17:39:08.589+0900] {process_utils.py:191} INFO - Collecting git+https://github.com/7-TRG/extract_trg.git@main (from -r /tmp/venvr71r9kek/requirements.txt (line 1))
[2024-08-02T17:39:08.590+0900] {process_utils.py:191} INFO -   Cloning https://github.com/7-TRG/extract_trg.git (to revision main) to /tmp/pip-req-build-ihsn_rj2
[2024-08-02T17:39:08.594+0900] {process_utils.py:191} INFO -   Running command git clone --filter=blob:none --quiet https://github.com/7-TRG/extract_trg.git /tmp/pip-req-build-ihsn_rj2
[2024-08-02T17:39:10.421+0900] {process_utils.py:191} INFO -   Resolved https://github.com/7-TRG/extract_trg.git to commit 0712b3f1bbaeeeea58bf80749079a62c7e1bec3d
[2024-08-02T17:39:10.431+0900] {process_utils.py:191} INFO -   Installing build dependencies: started
[2024-08-02T17:39:12.636+0900] {process_utils.py:191} INFO -   Installing build dependencies: finished with status 'done'
[2024-08-02T17:39:12.637+0900] {process_utils.py:191} INFO -   Getting requirements to build wheel: started
[2024-08-02T17:39:12.977+0900] {process_utils.py:191} INFO -   Getting requirements to build wheel: finished with status 'done'
[2024-08-02T17:39:12.981+0900] {process_utils.py:191} INFO -   Preparing metadata (pyproject.toml): started
[2024-08-02T17:39:13.272+0900] {process_utils.py:191} INFO -   Preparing metadata (pyproject.toml): finished with status 'done'
[2024-08-02T17:39:13.275+0900] {process_utils.py:191} INFO - Building wheels for collected packages: extract_trg
[2024-08-02T17:39:13.279+0900] {process_utils.py:191} INFO -   Building wheel for extract_trg (pyproject.toml): started
[2024-08-02T17:39:13.635+0900] {process_utils.py:191} INFO -   Building wheel for extract_trg (pyproject.toml): finished with status 'done'
[2024-08-02T17:39:13.636+0900] {process_utils.py:191} INFO -   Created wheel for extract_trg: filename=extract_trg-0.1.0-py3-none-any.whl size=2219 sha256=1100d3cebaebd43e2bbea0919401a844b28363c8ed79d7cf3fe0ba634a2d0e3c
[2024-08-02T17:39:13.636+0900] {process_utils.py:191} INFO -   Stored in directory: /tmp/pip-ephem-wheel-cache-0q6efx81/wheels/21/97/ea/e27bc4298590f1b8a2b9c46b60aefbe2e3076cf05f6bd5e464
[2024-08-02T17:39:13.639+0900] {process_utils.py:191} INFO - Successfully built extract_trg
[2024-08-02T17:39:13.652+0900] {process_utils.py:191} INFO - Installing collected packages: extract_trg
[2024-08-02T17:39:13.671+0900] {process_utils.py:191} INFO - Successfully installed extract_trg-0.1.0
[2024-08-02T17:39:13.679+0900] {process_utils.py:191} INFO - 
[2024-08-02T17:39:13.679+0900] {process_utils.py:191} INFO - [notice] A new release of pip is available: 24.1.2 -> 24.2
[2024-08-02T17:39:13.679+0900] {process_utils.py:191} INFO - [notice] To update, run: python -m pip install --upgrade pip
[2024-08-02T17:39:13.797+0900] {process_utils.py:183} INFO - Executing cmd: /tmp/venvr71r9kek/bin/python /tmp/venv-callbj3dihw_/script.py /tmp/venv-callbj3dihw_/script.in /tmp/venv-callbj3dihw_/script.out /tmp/venv-callbj3dihw_/string_args.txt /tmp/venv-callbj3dihw_/termination.log
[2024-08-02T17:39:13.798+0900] {process_utils.py:187} INFO - Output:
[2024-08-02T17:39:13.817+0900] {process_utils.py:191} INFO - 
[2024-08-02T17:39:13.817+0900] {process_utils.py:191} INFO - ---------------======---::::::------+--=======++++++++++===--:...::-=--==============--:.....:-=====
[2024-08-02T17:39:13.817+0900] {process_utils.py:191} INFO - ----::---------------------===--::--+-----=============++++++===---:....--===============--:...:-===
[2024-08-02T17:39:13.818+0900] {process_utils.py:191} INFO - ----------------------------------=++----------------------=+===========-::.:-======================
[2024-08-02T17:39:13.818+0900] {process_utils.py:191} INFO - =----------------------------------==-----------------------=-----==============================+=--
[2024-08-02T17:39:13.818+0900] {process_utils.py:191} INFO - %%####=----------------------------==----------------------=-::::-----======+*%#++================::
[2024-08-02T17:39:13.818+0900] {process_utils.py:191} INFO - %%%%%#=----------------------------=-:---------------------=--==--------=====*#*=================-::
[2024-08-02T17:39:13.818+0900] {process_utils.py:191} INFO - @@%%%*-----------------+***++=-----=-::-------------------:+---------=====+++====================-::
[2024-08-02T17:39:13.818+0900] {process_utils.py:191} INFO - @@%%%*---------------#%%%%##%%#=---=-+##*#+----------------=------------=====+====-=--===========-::
[2024-08-02T17:39:13.819+0900] {process_utils.py:191} INFO - @@@%%+--=+*%%%+-----+%@@%#++%%%#=--=*%+===#+::----------::=-----------=+*##*++=-----------=======-::
[2024-08-02T17:39:13.819+0900] {process_utils.py:191} INFO - +++++=-+#+***#*=-----#*++**+#@@@*--+#+**+***-:=-:---=*+-::=-----==+++*######%%%#=-------------==-:::
[2024-08-02T17:39:13.819+0900] {process_utils.py:191} INFO - *******-:::-*=-------+===+=-=+#%%:-=++++=+==-:=-:::=%%#-::###=-*#%%%%%%%%%%%%%%%%+---------------:::
[2024-08-02T17:39:13.819+0900] {process_utils.py:191} INFO - =====+=:--::+---+--+**++++*+++#%*-=--**++++-:=++=::+#*-::=%%%#*#%%%%%%%%@@%%%%@@%%#====------+#%%=-*
[2024-08-02T17:39:13.819+0900] {process_utils.py:191} INFO - =-==++---=+==*#%%%%%%=*++++++++==-=-*##*+=##**++=--++-:--*=-=*#%%%@%###*###*+++*%%%*=============-#%
[2024-08-02T17:39:13.819+0900] {process_utils.py:191} INFO - +-=------=*%%%%@%@@@@***=+*#+*##*#%%@@**++%@%%%%*+=--=-=+-:--:#%@@%#*****###*+---+*++#**===---=++*%@
[2024-08-02T17:39:13.819+0900] {process_utils.py:191} INFO - --==-::-*%%%@@@@@@@%#*=-+++%@%##%%@@@@@%#%@@@%%@%%%*=--=#%####-%@%%####++++++=---==++*####*+++*%@%@@
[2024-08-02T17:39:13.820+0900] {process_utils.py:191} INFO - -=*+=-=#@@@@@@@@@#*+++++*@@@@@@@@@@@@@@@@@@@@@@@@@@@#+==-+*+#=:-+#%##**==++**+++=====+*###*+**#@%##%
[2024-08-02T17:39:13.820+0900] {process_utils.py:191} INFO - -=++-+%%@%@@@@%+=-++***#@@@@@@@@@@@@%:+@@*%+=%@@@@@@%%#%%#*=+--:-=#++**%#*+=+++++===+**####=*%%%%%%%
[2024-08-02T17:39:13.820+0900] {process_utils.py:191} INFO - -=++#%%####+-:---=*%%@@%#######**++++=+++++++++%%=+%@@%##*+==-=++=+*****##*===+++++==*#####*+#%%##%%
[2024-08-02T17:39:13.820+0900] {process_utils.py:191} INFO - -=*+=---==+=-::::-*@@@%+=======++++++++++++++*#%#**%%%*==-+*=--+==*****#**+=====+++++=***+++=+==::::
[2024-08-02T17:39:13.820+0900] {process_utils.py:191} INFO - =#*=++++++*###**==*@@@%=======++++++++*@@@@@@@@%%#####-:=+----==******##****+++++***==-=+=:::.::::::
[2024-08-02T17:39:13.820+0900] {process_utils.py:191} INFO - #%*+*++++**##*###*+#@@#=========++++==*%%%%%%%%######*=-----==+*********##########*+====::::::::::::
[2024-08-02T17:39:13.820+0900] {process_utils.py:191} INFO - ++++*#%%@%*##*##***%@@*===============+%##%%######%%%%*==-===+*********+=+*#######*++++-:::--::-----
[2024-08-02T17:39:13.821+0900] {process_utils.py:191} INFO - ===+*#%@@%*##**#**+=--================+%%#%%###%#%%%%%#======*#######*-:-++*####*****++:------------
[2024-08-02T17:39:13.821+0900] {process_utils.py:191} INFO - =+=------=##**##**+=--================+%%#%%###%%#%%%%%+=====+###**++==----:-*####****=------==-====
[2024-08-02T17:39:13.821+0900] {process_utils.py:191} INFO - 
[2024-08-02T17:39:13.852+0900] {python.py:237} INFO - Done. Returned value was: None
[2024-08-02T17:39:13.853+0900] {taskinstance.py:441} INFO - ::group::Post task execution logs
[2024-08-02T17:39:13.863+0900] {taskinstance.py:1206} INFO - Marking task as SUCCESS. dag_id=movie, task_id=extract, run_id=scheduled__2017-01-05T05:11:00+00:00, execution_date=20170105T051100, start_date=20240802T083906, end_date=20240802T083913
[2024-08-02T17:39:13.953+0900] {local_task_job_runner.py:243} INFO - Task exited with return code 0
[2024-08-02T17:39:13.987+0900] {taskinstance.py:3503} INFO - 1 downstream tasks scheduled from follow-on schedule check
[2024-08-02T17:39:13.994+0900] {local_task_job_runner.py:222} INFO - ::endgroup::
