[2024-08-02T17:38:45.868+0900] {local_task_job_runner.py:120} INFO - ::group::Pre task execution logs
[2024-08-02T17:38:45.891+0900] {taskinstance.py:2076} INFO - Dependencies all met for dep_context=non-requeueable deps ti=<TaskInstance: movie.transform scheduled__2017-01-05T05:10:00+00:00 [queued]>
[2024-08-02T17:38:45.898+0900] {taskinstance.py:2076} INFO - Dependencies all met for dep_context=requeueable deps ti=<TaskInstance: movie.transform scheduled__2017-01-05T05:10:00+00:00 [queued]>
[2024-08-02T17:38:45.898+0900] {taskinstance.py:2306} INFO - Starting attempt 1 of 3
[2024-08-02T17:38:45.919+0900] {taskinstance.py:2330} INFO - Executing <Task(PythonVirtualenvOperator): transform> on 2017-01-05 05:10:00+00:00
[2024-08-02T17:38:45.922+0900] {standard_task_runner.py:64} INFO - Started process 172071 to run task
[2024-08-02T17:38:45.927+0900] {standard_task_runner.py:90} INFO - Running: ['airflow', 'tasks', 'run', 'movie', 'transform', 'scheduled__2017-01-05T05:10:00+00:00', '--job-id', '277', '--raw', '--subdir', 'DAGS_FOLDER/movie.py', '--cfg-path', '/tmp/tmpmbyubs32']
[2024-08-02T17:38:45.929+0900] {standard_task_runner.py:91} INFO - Job 277: Subtask transform
[2024-08-02T17:38:45.977+0900] {task_command.py:426} INFO - Running <TaskInstance: movie.transform scheduled__2017-01-05T05:10:00+00:00 [running]> on host playdata.
[2024-08-02T17:38:46.047+0900] {taskinstance.py:2648} INFO - Exporting env vars: AIRFLOW_CTX_DAG_OWNER='airflow' AIRFLOW_CTX_DAG_ID='movie' AIRFLOW_CTX_TASK_ID='transform' AIRFLOW_CTX_EXECUTION_DATE='2017-01-05T05:10:00+00:00' AIRFLOW_CTX_TRY_NUMBER='1' AIRFLOW_CTX_DAG_RUN_ID='scheduled__2017-01-05T05:10:00+00:00'
[2024-08-02T17:38:46.048+0900] {taskinstance.py:430} INFO - ::endgroup::
[2024-08-02T17:38:46.058+0900] {baseoperator.py:400} WARNING - PythonVirtualenvOperator.execute cannot be called outside TaskInstance!
[2024-08-02T17:38:46.059+0900] {process_utils.py:183} INFO - Executing cmd: /home/oddsummer/.pyenv/versions/3.11.9/envs/air/bin/python -m virtualenv /tmp/venvsly0ljd6 --python=python
[2024-08-02T17:38:46.060+0900] {process_utils.py:187} INFO - Output:
[2024-08-02T17:38:46.514+0900] {process_utils.py:191} INFO - created virtual environment CPython3.11.9.final.0-64 in 349ms
[2024-08-02T17:38:46.515+0900] {process_utils.py:191} INFO -   creator CPython3Posix(dest=/tmp/venvsly0ljd6, clear=False, no_vcs_ignore=False, global=False)
[2024-08-02T17:38:46.515+0900] {process_utils.py:191} INFO -   seeder FromAppData(download=False, pip=bundle, setuptools=bundle, wheel=bundle, via=copy, app_data_dir=/home/oddsummer/.local/share/virtualenv)
[2024-08-02T17:38:46.515+0900] {process_utils.py:191} INFO -     added seed packages: pip==24.1.2, setuptools==70.2.0, wheel==0.43.0
[2024-08-02T17:38:46.515+0900] {process_utils.py:191} INFO -   activators BashActivator,CShellActivator,FishActivator,NushellActivator,PowerShellActivator,PythonActivator
[2024-08-02T17:38:46.555+0900] {process_utils.py:183} INFO - Executing cmd: /tmp/venvsly0ljd6/bin/pip install -r /tmp/venvsly0ljd6/requirements.txt
[2024-08-02T17:38:46.556+0900] {process_utils.py:187} INFO - Output:
[2024-08-02T17:38:47.526+0900] {process_utils.py:191} INFO - Collecting git+https://github.com/7-TRG/transform_trg.git@main (from -r /tmp/venvsly0ljd6/requirements.txt (line 1))
[2024-08-02T17:38:47.527+0900] {process_utils.py:191} INFO -   Cloning https://github.com/7-TRG/transform_trg.git (to revision main) to /tmp/pip-req-build-k_wpurog
[2024-08-02T17:38:47.529+0900] {process_utils.py:191} INFO -   Running command git clone --filter=blob:none --quiet https://github.com/7-TRG/transform_trg.git /tmp/pip-req-build-k_wpurog
[2024-08-02T17:38:49.309+0900] {process_utils.py:191} INFO -   Resolved https://github.com/7-TRG/transform_trg.git to commit 789fe432a030fafcbef44ec873bc256dce822228
[2024-08-02T17:38:49.314+0900] {process_utils.py:191} INFO -   Installing build dependencies: started
[2024-08-02T17:38:51.188+0900] {process_utils.py:191} INFO -   Installing build dependencies: finished with status 'done'
[2024-08-02T17:38:51.189+0900] {process_utils.py:191} INFO -   Getting requirements to build wheel: started
[2024-08-02T17:38:51.445+0900] {process_utils.py:191} INFO -   Getting requirements to build wheel: finished with status 'done'
[2024-08-02T17:38:51.446+0900] {process_utils.py:191} INFO -   Preparing metadata (pyproject.toml): started
[2024-08-02T17:38:51.701+0900] {process_utils.py:191} INFO -   Preparing metadata (pyproject.toml): finished with status 'done'
[2024-08-02T17:38:51.703+0900] {process_utils.py:191} INFO - Building wheels for collected packages: transform_trg
[2024-08-02T17:38:51.707+0900] {process_utils.py:191} INFO -   Building wheel for transform_trg (pyproject.toml): started
[2024-08-02T17:38:51.967+0900] {process_utils.py:191} INFO -   Building wheel for transform_trg (pyproject.toml): finished with status 'done'
[2024-08-02T17:38:51.968+0900] {process_utils.py:191} INFO -   Created wheel for transform_trg: filename=transform_trg-0.1.0-py3-none-any.whl size=2244 sha256=94062456808eb7c11212c3e59bb140a56b1896946617bec080bda097312e4e66
[2024-08-02T17:38:51.968+0900] {process_utils.py:191} INFO -   Stored in directory: /tmp/pip-ephem-wheel-cache-luf27ueg/wheels/52/ed/12/e63285a730e0434716bf2b76c497e2eca12531b214fbcca988
[2024-08-02T17:38:51.970+0900] {process_utils.py:191} INFO - Successfully built transform_trg
[2024-08-02T17:38:51.979+0900] {process_utils.py:191} INFO - Installing collected packages: transform_trg
[2024-08-02T17:38:51.997+0900] {process_utils.py:191} INFO - Successfully installed transform_trg-0.1.0
[2024-08-02T17:38:52.003+0900] {process_utils.py:191} INFO - 
[2024-08-02T17:38:52.003+0900] {process_utils.py:191} INFO - [notice] A new release of pip is available: 24.1.2 -> 24.2
[2024-08-02T17:38:52.003+0900] {process_utils.py:191} INFO - [notice] To update, run: python -m pip install --upgrade pip
[2024-08-02T17:38:52.099+0900] {process_utils.py:183} INFO - Executing cmd: /tmp/venvsly0ljd6/bin/python /tmp/venv-callei2oaqll/script.py /tmp/venv-callei2oaqll/script.in /tmp/venv-callei2oaqll/script.out /tmp/venv-callei2oaqll/string_args.txt /tmp/venv-callei2oaqll/termination.log
[2024-08-02T17:38:52.100+0900] {process_utils.py:187} INFO - Output:
[2024-08-02T17:38:52.121+0900] {process_utils.py:191} INFO - 
[2024-08-02T17:38:52.121+0900] {process_utils.py:191} INFO - ---------------======---::::::------+--=======++++++++++===--:...::-=--==============--:.....:-=====
[2024-08-02T17:38:52.122+0900] {process_utils.py:191} INFO - ----::---------------------===--::--+-----=============++++++===---:....--===============--:...:-===
[2024-08-02T17:38:52.122+0900] {process_utils.py:191} INFO - ----------------------------------=++----------------------=+===========-::.:-======================
[2024-08-02T17:38:52.122+0900] {process_utils.py:191} INFO - =----------------------------------==-----------------------=-----==============================+=--
[2024-08-02T17:38:52.122+0900] {process_utils.py:191} INFO - %%####=----------------------------==----------------------=-::::-----======+*%#++================::
[2024-08-02T17:38:52.123+0900] {process_utils.py:191} INFO - %%%%%#=----------------------------=-:---------------------=--==--------=====*#*=================-::
[2024-08-02T17:38:52.123+0900] {process_utils.py:191} INFO - @@%%%*-----------------+***++=-----=-::-------------------:+---------=====+++====================-::
[2024-08-02T17:38:52.123+0900] {process_utils.py:191} INFO - @@%%%*---------------#%%%%##%%#=---=-+##*#+----------------=------------=====+====-=--===========-::
[2024-08-02T17:38:52.123+0900] {process_utils.py:191} INFO - @@@%%+--=+*%%%+-----+%@@%#++%%%#=--=*%+===#+::----------::=-----------=+*##*++=-----------=======-::
[2024-08-02T17:38:52.123+0900] {process_utils.py:191} INFO - +++++=-+#+***#*=-----#*++**+#@@@*--+#+**+***-:=-:---=*+-::=-----==+++*######%%%#=-------------==-:::
[2024-08-02T17:38:52.124+0900] {process_utils.py:191} INFO - *******-:::-*=-------+===+=-=+#%%:-=++++=+==-:=-:::=%%#-::###=-*#%%%%%%%%%%%%%%%%+---------------:::
[2024-08-02T17:38:52.124+0900] {process_utils.py:191} INFO - =====+=:--::+---+--+**++++*+++#%*-=--**++++-:=++=::+#*-::=%%%#*#%%%%%%%%@@%%%%@@%%#====------+#%%=-*
[2024-08-02T17:38:52.124+0900] {process_utils.py:191} INFO - =-==++---=+==*#%%%%%%=*++++++++==-=-*##*+=##**++=--++-:--*=-=*#%%%@%###*###*+++*%%%*=============-#%
[2024-08-02T17:38:52.124+0900] {process_utils.py:191} INFO - +-=------=*%%%%@%@@@@***=+*#+*##*#%%@@**++%@%%%%*+=--=-=+-:--:#%@@%#*****###*+---+*++#**===---=++*%@
[2024-08-02T17:38:52.125+0900] {process_utils.py:191} INFO - --==-::-*%%%@@@@@@@%#*=-+++%@%##%%@@@@@%#%@@@%%@%%%*=--=#%####-%@%%####++++++=---==++*####*+++*%@%@@
[2024-08-02T17:38:52.125+0900] {process_utils.py:191} INFO - -=*+=-=#@@@@@@@@@#*+++++*@@@@@@@@@@@@@@@@@@@@@@@@@@@#+==-+*+#=:-+#%##**==++**+++=====+*###*+**#@%##%
[2024-08-02T17:38:52.125+0900] {process_utils.py:191} INFO - -=++-+%%@%@@@@%+=-++***#@@@@@@@@@@@@%:+@@*%+=%@@@@@@%%#%%#*=+--:-=#++**%#*+=+++++===+**####=*%%%%%%%
[2024-08-02T17:38:52.125+0900] {process_utils.py:191} INFO - -=++#%%####+-:---=*%%@@%#######**++++=+++++++++%%=+%@@%##*+==-=++=+*****##*===+++++==*#####*+#%%##%%
[2024-08-02T17:38:52.125+0900] {process_utils.py:191} INFO - -=*+=---==+=-::::-*@@@%+=======++++++++++++++*#%#**%%%*==-+*=--+==*****#**+=====+++++=***+++=+==::::
[2024-08-02T17:38:52.126+0900] {process_utils.py:191} INFO - =#*=++++++*###**==*@@@%=======++++++++*@@@@@@@@%%#####-:=+----==******##****+++++***==-=+=:::.::::::
[2024-08-02T17:38:52.126+0900] {process_utils.py:191} INFO - #%*+*++++**##*###*+#@@#=========++++==*%%%%%%%%######*=-----==+*********##########*+====::::::::::::
[2024-08-02T17:38:52.126+0900] {process_utils.py:191} INFO - ++++*#%%@%*##*##***%@@*===============+%##%%######%%%%*==-===+*********+=+*#######*++++-:::--::-----
[2024-08-02T17:38:52.126+0900] {process_utils.py:191} INFO - ===+*#%@@%*##**#**+=--================+%%#%%###%#%%%%%#======*#######*-:-++*####*****++:------------
[2024-08-02T17:38:52.126+0900] {process_utils.py:191} INFO - =+=------=##**##**+=--================+%%#%%###%%#%%%%%+=====+###**++==----:-*####****=------==-====
[2024-08-02T17:38:52.126+0900] {process_utils.py:191} INFO - 
[2024-08-02T17:38:52.148+0900] {python.py:237} INFO - Done. Returned value was: None
[2024-08-02T17:38:52.148+0900] {taskinstance.py:441} INFO - ::group::Post task execution logs
[2024-08-02T17:38:52.152+0900] {taskinstance.py:1206} INFO - Marking task as SUCCESS. dag_id=movie, task_id=transform, run_id=scheduled__2017-01-05T05:10:00+00:00, execution_date=20170105T051000, start_date=20240802T083845, end_date=20240802T083852
[2024-08-02T17:38:52.215+0900] {local_task_job_runner.py:243} INFO - Task exited with return code 0
[2024-08-02T17:38:52.246+0900] {taskinstance.py:3503} INFO - 1 downstream tasks scheduled from follow-on schedule check
[2024-08-02T17:38:52.255+0900] {local_task_job_runner.py:222} INFO - ::endgroup::
