[2024-08-02T17:14:04.511+0900] {local_task_job_runner.py:120} INFO - ::group::Pre task execution logs
[2024-08-02T17:14:04.536+0900] {taskinstance.py:2076} INFO - Dependencies all met for dep_context=non-requeueable deps ti=<TaskInstance: movie.get.data scheduled__2017-01-03T05:15:00+00:00 [queued]>
[2024-08-02T17:14:04.543+0900] {taskinstance.py:2076} INFO - Dependencies all met for dep_context=requeueable deps ti=<TaskInstance: movie.get.data scheduled__2017-01-03T05:15:00+00:00 [queued]>
[2024-08-02T17:14:04.543+0900] {taskinstance.py:2306} INFO - Starting attempt 1 of 3
[2024-08-02T17:14:04.559+0900] {taskinstance.py:2330} INFO - Executing <Task(PythonVirtualenvOperator): get.data> on 2017-01-03 05:15:00+00:00
[2024-08-02T17:14:04.561+0900] {standard_task_runner.py:64} INFO - Started process 158554 to run task
[2024-08-02T17:14:04.565+0900] {standard_task_runner.py:90} INFO - Running: ['airflow', 'tasks', 'run', 'movie', 'get.data', 'scheduled__2017-01-03T05:15:00+00:00', '--job-id', '146', '--raw', '--subdir', 'DAGS_FOLDER/movie.py', '--cfg-path', '/tmp/tmplamsrke5']
[2024-08-02T17:14:04.567+0900] {standard_task_runner.py:91} INFO - Job 146: Subtask get.data
[2024-08-02T17:14:04.606+0900] {task_command.py:426} INFO - Running <TaskInstance: movie.get.data scheduled__2017-01-03T05:15:00+00:00 [running]> on host playdata.
[2024-08-02T17:14:04.683+0900] {taskinstance.py:2648} INFO - Exporting env vars: AIRFLOW_CTX_DAG_OWNER='airflow' AIRFLOW_CTX_DAG_ID='movie' AIRFLOW_CTX_TASK_ID='get.data' AIRFLOW_CTX_EXECUTION_DATE='2017-01-03T05:15:00+00:00' AIRFLOW_CTX_TRY_NUMBER='1' AIRFLOW_CTX_DAG_RUN_ID='scheduled__2017-01-03T05:15:00+00:00'
[2024-08-02T17:14:04.684+0900] {taskinstance.py:430} INFO - ::endgroup::
[2024-08-02T17:14:04.695+0900] {baseoperator.py:400} WARNING - PythonVirtualenvOperator.execute cannot be called outside TaskInstance!
[2024-08-02T17:14:04.696+0900] {process_utils.py:183} INFO - Executing cmd: /home/oddsummer/.pyenv/versions/3.11.9/envs/air/bin/python -m virtualenv /tmp/venvlzan9_nr --python=python
[2024-08-02T17:14:04.696+0900] {process_utils.py:187} INFO - Output:
[2024-08-02T17:14:05.024+0900] {process_utils.py:191} INFO - created virtual environment CPython3.11.9.final.0-64 in 220ms
[2024-08-02T17:14:05.025+0900] {process_utils.py:191} INFO -   creator CPython3Posix(dest=/tmp/venvlzan9_nr, clear=False, no_vcs_ignore=False, global=False)
[2024-08-02T17:14:05.025+0900] {process_utils.py:191} INFO -   seeder FromAppData(download=False, pip=bundle, setuptools=bundle, wheel=bundle, via=copy, app_data_dir=/home/oddsummer/.local/share/virtualenv)
[2024-08-02T17:14:05.026+0900] {process_utils.py:191} INFO -     added seed packages: pip==24.1.2, setuptools==70.2.0, wheel==0.43.0
[2024-08-02T17:14:05.026+0900] {process_utils.py:191} INFO -   activators BashActivator,CShellActivator,FishActivator,NushellActivator,PowerShellActivator,PythonActivator
[2024-08-02T17:14:05.048+0900] {process_utils.py:183} INFO - Executing cmd: /tmp/venvlzan9_nr/bin/pip install -r /tmp/venvlzan9_nr/requirements.txt
[2024-08-02T17:14:05.049+0900] {process_utils.py:187} INFO - Output:
[2024-08-02T17:14:05.989+0900] {process_utils.py:191} INFO - Collecting git+https://github.com/7-TRG/extract_trg.git@main (from -r /tmp/venvlzan9_nr/requirements.txt (line 1))
[2024-08-02T17:14:05.990+0900] {process_utils.py:191} INFO -   Cloning https://github.com/7-TRG/extract_trg.git (to revision main) to /tmp/pip-req-build-bkhfh5_9
[2024-08-02T17:14:05.992+0900] {process_utils.py:191} INFO -   Running command git clone --filter=blob:none --quiet https://github.com/7-TRG/extract_trg.git /tmp/pip-req-build-bkhfh5_9
[2024-08-02T17:14:07.875+0900] {process_utils.py:191} INFO -   Resolved https://github.com/7-TRG/extract_trg.git to commit 0712b3f1bbaeeeea58bf80749079a62c7e1bec3d
[2024-08-02T17:14:07.880+0900] {process_utils.py:191} INFO -   Installing build dependencies: started
[2024-08-02T17:14:09.728+0900] {process_utils.py:191} INFO -   Installing build dependencies: finished with status 'done'
[2024-08-02T17:14:09.729+0900] {process_utils.py:191} INFO -   Getting requirements to build wheel: started
[2024-08-02T17:14:09.984+0900] {process_utils.py:191} INFO -   Getting requirements to build wheel: finished with status 'done'
[2024-08-02T17:14:09.985+0900] {process_utils.py:191} INFO -   Preparing metadata (pyproject.toml): started
[2024-08-02T17:14:10.227+0900] {process_utils.py:191} INFO -   Preparing metadata (pyproject.toml): finished with status 'done'
[2024-08-02T17:14:10.230+0900] {process_utils.py:191} INFO - Building wheels for collected packages: extract_trg
[2024-08-02T17:14:10.233+0900] {process_utils.py:191} INFO -   Building wheel for extract_trg (pyproject.toml): started
[2024-08-02T17:14:10.496+0900] {process_utils.py:191} INFO -   Building wheel for extract_trg (pyproject.toml): finished with status 'done'
[2024-08-02T17:14:10.497+0900] {process_utils.py:191} INFO -   Created wheel for extract_trg: filename=extract_trg-0.1.0-py3-none-any.whl size=2219 sha256=62404101695e2b10c91839c95b984ea99eb9c28ea3f10450ba059015813ecf5f
[2024-08-02T17:14:10.497+0900] {process_utils.py:191} INFO -   Stored in directory: /tmp/pip-ephem-wheel-cache-kyld5ch2/wheels/21/97/ea/e27bc4298590f1b8a2b9c46b60aefbe2e3076cf05f6bd5e464
[2024-08-02T17:14:10.500+0900] {process_utils.py:191} INFO - Successfully built extract_trg
[2024-08-02T17:14:10.509+0900] {process_utils.py:191} INFO - Installing collected packages: extract_trg
[2024-08-02T17:14:10.526+0900] {process_utils.py:191} INFO - Successfully installed extract_trg-0.1.0
[2024-08-02T17:14:10.531+0900] {process_utils.py:191} INFO - 
[2024-08-02T17:14:10.532+0900] {process_utils.py:191} INFO - [notice] A new release of pip is available: 24.1.2 -> 24.2
[2024-08-02T17:14:10.532+0900] {process_utils.py:191} INFO - [notice] To update, run: python -m pip install --upgrade pip
[2024-08-02T17:14:10.627+0900] {process_utils.py:183} INFO - Executing cmd: /tmp/venvlzan9_nr/bin/python /tmp/venv-callq5go74ri/script.py /tmp/venv-callq5go74ri/script.in /tmp/venv-callq5go74ri/script.out /tmp/venv-callq5go74ri/string_args.txt /tmp/venv-callq5go74ri/termination.log
[2024-08-02T17:14:10.628+0900] {process_utils.py:187} INFO - Output:
[2024-08-02T17:14:10.647+0900] {process_utils.py:191} INFO - 
[2024-08-02T17:14:10.647+0900] {process_utils.py:191} INFO - ---------------======---::::::------+--=======++++++++++===--:...::-=--==============--:.....:-=====
[2024-08-02T17:14:10.647+0900] {process_utils.py:191} INFO - ----::---------------------===--::--+-----=============++++++===---:....--===============--:...:-===
[2024-08-02T17:14:10.648+0900] {process_utils.py:191} INFO - ----------------------------------=++----------------------=+===========-::.:-======================
[2024-08-02T17:14:10.648+0900] {process_utils.py:191} INFO - =----------------------------------==-----------------------=-----==============================+=--
[2024-08-02T17:14:10.648+0900] {process_utils.py:191} INFO - %%####=----------------------------==----------------------=-::::-----======+*%#++================::
[2024-08-02T17:14:10.648+0900] {process_utils.py:191} INFO - %%%%%#=----------------------------=-:---------------------=--==--------=====*#*=================-::
[2024-08-02T17:14:10.649+0900] {process_utils.py:191} INFO - @@%%%*-----------------+***++=-----=-::-------------------:+---------=====+++====================-::
[2024-08-02T17:14:10.649+0900] {process_utils.py:191} INFO - @@%%%*---------------#%%%%##%%#=---=-+##*#+----------------=------------=====+====-=--===========-::
[2024-08-02T17:14:10.649+0900] {process_utils.py:191} INFO - @@@%%+--=+*%%%+-----+%@@%#++%%%#=--=*%+===#+::----------::=-----------=+*##*++=-----------=======-::
[2024-08-02T17:14:10.649+0900] {process_utils.py:191} INFO - +++++=-+#+***#*=-----#*++**+#@@@*--+#+**+***-:=-:---=*+-::=-----==+++*######%%%#=-------------==-:::
[2024-08-02T17:14:10.649+0900] {process_utils.py:191} INFO - *******-:::-*=-------+===+=-=+#%%:-=++++=+==-:=-:::=%%#-::###=-*#%%%%%%%%%%%%%%%%+---------------:::
[2024-08-02T17:14:10.650+0900] {process_utils.py:191} INFO - =====+=:--::+---+--+**++++*+++#%*-=--**++++-:=++=::+#*-::=%%%#*#%%%%%%%%@@%%%%@@%%#====------+#%%=-*
[2024-08-02T17:14:10.650+0900] {process_utils.py:191} INFO - =-==++---=+==*#%%%%%%=*++++++++==-=-*##*+=##**++=--++-:--*=-=*#%%%@%###*###*+++*%%%*=============-#%
[2024-08-02T17:14:10.650+0900] {process_utils.py:191} INFO - +-=------=*%%%%@%@@@@***=+*#+*##*#%%@@**++%@%%%%*+=--=-=+-:--:#%@@%#*****###*+---+*++#**===---=++*%@
[2024-08-02T17:14:10.650+0900] {process_utils.py:191} INFO - --==-::-*%%%@@@@@@@%#*=-+++%@%##%%@@@@@%#%@@@%%@%%%*=--=#%####-%@%%####++++++=---==++*####*+++*%@%@@
[2024-08-02T17:14:10.650+0900] {process_utils.py:191} INFO - -=*+=-=#@@@@@@@@@#*+++++*@@@@@@@@@@@@@@@@@@@@@@@@@@@#+==-+*+#=:-+#%##**==++**+++=====+*###*+**#@%##%
[2024-08-02T17:14:10.651+0900] {process_utils.py:191} INFO - -=++-+%%@%@@@@%+=-++***#@@@@@@@@@@@@%:+@@*%+=%@@@@@@%%#%%#*=+--:-=#++**%#*+=+++++===+**####=*%%%%%%%
[2024-08-02T17:14:10.651+0900] {process_utils.py:191} INFO - -=++#%%####+-:---=*%%@@%#######**++++=+++++++++%%=+%@@%##*+==-=++=+*****##*===+++++==*#####*+#%%##%%
[2024-08-02T17:14:10.651+0900] {process_utils.py:191} INFO - -=*+=---==+=-::::-*@@@%+=======++++++++++++++*#%#**%%%*==-+*=--+==*****#**+=====+++++=***+++=+==::::
[2024-08-02T17:14:10.651+0900] {process_utils.py:191} INFO - =#*=++++++*###**==*@@@%=======++++++++*@@@@@@@@%%#####-:=+----==******##****+++++***==-=+=:::.::::::
[2024-08-02T17:14:10.651+0900] {process_utils.py:191} INFO - #%*+*++++**##*###*+#@@#=========++++==*%%%%%%%%######*=-----==+*********##########*+====::::::::::::
[2024-08-02T17:14:10.652+0900] {process_utils.py:191} INFO - ++++*#%%@%*##*##***%@@*===============+%##%%######%%%%*==-===+*********+=+*#######*++++-:::--::-----
[2024-08-02T17:14:10.652+0900] {process_utils.py:191} INFO - ===+*#%@@%*##**#**+=--================+%%#%%###%#%%%%%#======*#######*-:-++*####*****++:------------
[2024-08-02T17:14:10.652+0900] {process_utils.py:191} INFO - =+=------=##**##**+=--================+%%#%%###%%#%%%%%+=====+###**++==----:-*####****=------==-====
[2024-08-02T17:14:10.652+0900] {process_utils.py:191} INFO - 
[2024-08-02T17:14:10.673+0900] {python.py:237} INFO - Done. Returned value was: None
[2024-08-02T17:14:10.673+0900] {taskinstance.py:441} INFO - ::group::Post task execution logs
[2024-08-02T17:14:10.677+0900] {taskinstance.py:1206} INFO - Marking task as SUCCESS. dag_id=movie, task_id=get.data, run_id=scheduled__2017-01-03T05:15:00+00:00, execution_date=20170103T051500, start_date=20240802T081404, end_date=20240802T081410
[2024-08-02T17:14:10.706+0900] {local_task_job_runner.py:243} INFO - Task exited with return code 0
[2024-08-02T17:14:10.718+0900] {taskinstance.py:3503} INFO - 0 downstream tasks scheduled from follow-on schedule check
[2024-08-02T17:14:10.718+0900] {local_task_job_runner.py:222} INFO - ::endgroup::
