[2024-08-02T17:39:55.618+0900] {local_task_job_runner.py:120} INFO - ::group::Pre task execution logs
[2024-08-02T17:39:55.638+0900] {taskinstance.py:2076} INFO - Dependencies all met for dep_context=non-requeueable deps ti=<TaskInstance: movie.load scheduled__2017-01-05T05:12:00+00:00 [queued]>
[2024-08-02T17:39:55.645+0900] {taskinstance.py:2076} INFO - Dependencies all met for dep_context=requeueable deps ti=<TaskInstance: movie.load scheduled__2017-01-05T05:12:00+00:00 [queued]>
[2024-08-02T17:39:55.645+0900] {taskinstance.py:2306} INFO - Starting attempt 1 of 3
[2024-08-02T17:39:55.660+0900] {taskinstance.py:2330} INFO - Executing <Task(PythonVirtualenvOperator): load> on 2017-01-05 05:12:00+00:00
[2024-08-02T17:39:55.664+0900] {standard_task_runner.py:64} INFO - Started process 172888 to run task
[2024-08-02T17:39:55.667+0900] {standard_task_runner.py:90} INFO - Running: ['airflow', 'tasks', 'run', 'movie', 'load', 'scheduled__2017-01-05T05:12:00+00:00', '--job-id', '284', '--raw', '--subdir', 'DAGS_FOLDER/movie.py', '--cfg-path', '/tmp/tmpoeab3yo7']
[2024-08-02T17:39:55.668+0900] {standard_task_runner.py:91} INFO - Job 284: Subtask load
[2024-08-02T17:39:55.707+0900] {task_command.py:426} INFO - Running <TaskInstance: movie.load scheduled__2017-01-05T05:12:00+00:00 [running]> on host playdata.
[2024-08-02T17:39:55.781+0900] {taskinstance.py:2648} INFO - Exporting env vars: AIRFLOW_CTX_DAG_OWNER='airflow' AIRFLOW_CTX_DAG_ID='movie' AIRFLOW_CTX_TASK_ID='load' AIRFLOW_CTX_EXECUTION_DATE='2017-01-05T05:12:00+00:00' AIRFLOW_CTX_TRY_NUMBER='1' AIRFLOW_CTX_DAG_RUN_ID='scheduled__2017-01-05T05:12:00+00:00'
[2024-08-02T17:39:55.781+0900] {taskinstance.py:430} INFO - ::endgroup::
[2024-08-02T17:39:55.791+0900] {baseoperator.py:400} WARNING - PythonVirtualenvOperator.execute cannot be called outside TaskInstance!
[2024-08-02T17:39:55.793+0900] {process_utils.py:183} INFO - Executing cmd: /home/oddsummer/.pyenv/versions/3.11.9/envs/air/bin/python -m virtualenv /tmp/venvv9f718ia --python=python
[2024-08-02T17:39:55.794+0900] {process_utils.py:187} INFO - Output:
[2024-08-02T17:39:56.243+0900] {process_utils.py:191} INFO - created virtual environment CPython3.11.9.final.0-64 in 303ms
[2024-08-02T17:39:56.244+0900] {process_utils.py:191} INFO -   creator CPython3Posix(dest=/tmp/venvv9f718ia, clear=False, no_vcs_ignore=False, global=False)
[2024-08-02T17:39:56.244+0900] {process_utils.py:191} INFO -   seeder FromAppData(download=False, pip=bundle, setuptools=bundle, wheel=bundle, via=copy, app_data_dir=/home/oddsummer/.local/share/virtualenv)
[2024-08-02T17:39:56.244+0900] {process_utils.py:191} INFO -     added seed packages: pip==24.1.2, setuptools==70.2.0, wheel==0.43.0
[2024-08-02T17:39:56.245+0900] {process_utils.py:191} INFO -   activators BashActivator,CShellActivator,FishActivator,NushellActivator,PowerShellActivator,PythonActivator
[2024-08-02T17:39:56.299+0900] {process_utils.py:183} INFO - Executing cmd: /tmp/venvv9f718ia/bin/pip install -r /tmp/venvv9f718ia/requirements.txt
[2024-08-02T17:39:56.300+0900] {process_utils.py:187} INFO - Output:
[2024-08-02T17:39:57.516+0900] {process_utils.py:191} INFO - Collecting git+https://github.com/7-TRG/load_trg.git@main (from -r /tmp/venvv9f718ia/requirements.txt (line 1))
[2024-08-02T17:39:57.517+0900] {process_utils.py:191} INFO -   Cloning https://github.com/7-TRG/load_trg.git (to revision main) to /tmp/pip-req-build-zyxddf3r
[2024-08-02T17:39:57.520+0900] {process_utils.py:191} INFO -   Running command git clone --filter=blob:none --quiet https://github.com/7-TRG/load_trg.git /tmp/pip-req-build-zyxddf3r
[2024-08-02T17:39:59.334+0900] {process_utils.py:191} INFO -   Resolved https://github.com/7-TRG/load_trg.git to commit a78367af409831858479a749824cec8cc5149efe
[2024-08-02T17:39:59.340+0900] {process_utils.py:191} INFO -   Installing build dependencies: started
[2024-08-02T17:40:01.207+0900] {process_utils.py:191} INFO -   Installing build dependencies: finished with status 'done'
[2024-08-02T17:40:01.209+0900] {process_utils.py:191} INFO -   Getting requirements to build wheel: started
[2024-08-02T17:40:01.568+0900] {process_utils.py:191} INFO -   Getting requirements to build wheel: finished with status 'done'
[2024-08-02T17:40:01.570+0900] {process_utils.py:191} INFO -   Preparing metadata (pyproject.toml): started
[2024-08-02T17:40:01.869+0900] {process_utils.py:191} INFO -   Preparing metadata (pyproject.toml): finished with status 'done'
[2024-08-02T17:40:01.871+0900] {process_utils.py:191} INFO - Building wheels for collected packages: load_trg
[2024-08-02T17:40:01.875+0900] {process_utils.py:191} INFO -   Building wheel for load_trg (pyproject.toml): started
[2024-08-02T17:40:02.209+0900] {process_utils.py:191} INFO -   Building wheel for load_trg (pyproject.toml): finished with status 'done'
[2024-08-02T17:40:02.210+0900] {process_utils.py:191} INFO -   Created wheel for load_trg: filename=load_trg-0.1.0-py3-none-any.whl size=2181 sha256=bb16d1629c6914b6cfee5a4bd4f4ab74b091109638b5148a10520fdb85372a11
[2024-08-02T17:40:02.210+0900] {process_utils.py:191} INFO -   Stored in directory: /tmp/pip-ephem-wheel-cache-l16ra4qk/wheels/a8/48/51/c448b4db115fa94c6efe6c0747490b8a38ea43c45c28f37c7f
[2024-08-02T17:40:02.215+0900] {process_utils.py:191} INFO - Successfully built load_trg
[2024-08-02T17:40:02.227+0900] {process_utils.py:191} INFO - Installing collected packages: load_trg
[2024-08-02T17:40:02.248+0900] {process_utils.py:191} INFO - Successfully installed load_trg-0.1.0
[2024-08-02T17:40:02.255+0900] {process_utils.py:191} INFO - 
[2024-08-02T17:40:02.255+0900] {process_utils.py:191} INFO - [notice] A new release of pip is available: 24.1.2 -> 24.2
[2024-08-02T17:40:02.255+0900] {process_utils.py:191} INFO - [notice] To update, run: python -m pip install --upgrade pip
[2024-08-02T17:40:02.355+0900] {process_utils.py:183} INFO - Executing cmd: /tmp/venvv9f718ia/bin/python /tmp/venv-callwrhoxuz8/script.py /tmp/venv-callwrhoxuz8/script.in /tmp/venv-callwrhoxuz8/script.out /tmp/venv-callwrhoxuz8/string_args.txt /tmp/venv-callwrhoxuz8/termination.log
[2024-08-02T17:40:02.355+0900] {process_utils.py:187} INFO - Output:
[2024-08-02T17:40:02.375+0900] {process_utils.py:191} INFO - 
[2024-08-02T17:40:02.376+0900] {process_utils.py:191} INFO -     ---------------======---::::::------+--=======++++++++++===--:...::-=--==============--:.....:-=====
[2024-08-02T17:40:02.376+0900] {process_utils.py:191} INFO - ----::---------------------===--::--+-----=============++++++===---:....--===============--:...:-===
[2024-08-02T17:40:02.377+0900] {process_utils.py:191} INFO - ----------------------------------=++----------------------=+===========-::.:-======================
[2024-08-02T17:40:02.377+0900] {process_utils.py:191} INFO - =----------------------------------==-----------------------=-----==============================+=--
[2024-08-02T17:40:02.377+0900] {process_utils.py:191} INFO - %%####=----------------------------==----------------------=-::::-----======+*%#++================::
[2024-08-02T17:40:02.377+0900] {process_utils.py:191} INFO - %%%%%#=----------------------------=-:---------------------=--==--------=====*#*=================-::
[2024-08-02T17:40:02.378+0900] {process_utils.py:191} INFO - @@%%%*-----------------+***++=-----=-::-------------------:+---------=====+++====================-::
[2024-08-02T17:40:02.378+0900] {process_utils.py:191} INFO - @@%%%*---------------#%%%%##%%#=---=-+##*#+----------------=------------=====+====-=--===========-::
[2024-08-02T17:40:02.378+0900] {process_utils.py:191} INFO - @@@%%+--=+*%%%+-----+%@@%#++%%%#=--=*%+===#+::----------::=-----------=+*##*++=-----------=======-::
[2024-08-02T17:40:02.378+0900] {process_utils.py:191} INFO - +++++=-+#+***#*=-----#*++**+#@@@*--+#+**+***-:=-:---=*+-::=-----==+++*######%%%#=-------------==-:::
[2024-08-02T17:40:02.378+0900] {process_utils.py:191} INFO - *******-:::-*=-------+===+=-=+#%%:-=++++=+==-:=-:::=%%#-::###=-*#%%%%%%%%%%%%%%%%+---------------:::
[2024-08-02T17:40:02.379+0900] {process_utils.py:191} INFO - =====+=:--::+---+--+**++++*+++#%*-=--**++++-:=++=::+#*-::=%%%#*#%%%%%%%%@@%%%%@@%%#====------+#%%=-*
[2024-08-02T17:40:02.379+0900] {process_utils.py:191} INFO - =-==++---=+==*#%%%%%%=*++++++++==-=-*##*+=##**++=--++-:--*=-=*#%%%@%###*###*+++*%%%*=============-#%
[2024-08-02T17:40:02.379+0900] {process_utils.py:191} INFO - +-=------=*%%%%@%@@@@***=+*#+*##*#%%@@**++%@%%%%*+=--=-=+-:--:#%@@%#*****###*+---+*++#**===---=++*%@
[2024-08-02T17:40:02.379+0900] {process_utils.py:191} INFO - --==-::-*%%%@@@@@@@%#*=-+++%@%##%%@@@@@%#%@@@%%@%%%*=--=#%####-%@%%####++++++=---==++*####*+++*%@%@@
[2024-08-02T17:40:02.379+0900] {process_utils.py:191} INFO - -=*+=-=#@@@@@@@@@#*+++++*@@@@@@@@@@@@@@@@@@@@@@@@@@@#+==-+*+#=:-+#%##**==++**+++=====+*###*+**#@%##%
[2024-08-02T17:40:02.380+0900] {process_utils.py:191} INFO - -=++-+%%@%@@@@%+=-++***#@@@@@@@@@@@@%:+@@*%+=%@@@@@@%%#%%#*=+--:-=#++**%#*+=+++++===+**####=*%%%%%%%
[2024-08-02T17:40:02.380+0900] {process_utils.py:191} INFO - -=++#%%####+-:---=*%%@@%#######**++++=+++++++++%%=+%@@%##*+==-=++=+*****##*===+++++==*#####*+#%%##%%
[2024-08-02T17:40:02.380+0900] {process_utils.py:191} INFO - -=*+=---==+=-::::-*@@@%+=======++++++++++++++*#%#**%%%*==-+*=--+==*****#**+=====+++++=***+++=+==::::
[2024-08-02T17:40:02.380+0900] {process_utils.py:191} INFO - =#*=++++++*###**==*@@@%=======++++++++*@@@@@@@@%%#####-:=+----==******##****+++++***==-=+=:::.::::::
[2024-08-02T17:40:02.380+0900] {process_utils.py:191} INFO - #%*+*++++**##*###*+#@@#=========++++==*%%%%%%%%######*=-----==+*********##########*+====::::::::::::
[2024-08-02T17:40:02.381+0900] {process_utils.py:191} INFO - ++++*#%%@%*##*##***%@@*===============+%##%%######%%%%*==-===+*********+=+*#######*++++-:::--::-----
[2024-08-02T17:40:02.381+0900] {process_utils.py:191} INFO - ===+*#%@@%*##**#**+=--================+%%#%%###%#%%%%%#======*#######*-:-++*####*****++:------------
[2024-08-02T17:40:02.381+0900] {process_utils.py:191} INFO - =+=------=##**##**+=--================+%%#%%###%%#%%%%%+=====+###**++==----:-*####****=------==-====
[2024-08-02T17:40:02.381+0900] {process_utils.py:191} INFO - 
[2024-08-02T17:40:02.381+0900] {process_utils.py:191} INFO - 
[2024-08-02T17:40:02.381+0900] {process_utils.py:191} INFO -     ---------------======---::::::------+--=======++++++++++===--:...::-=--==============--:.....:-=====
[2024-08-02T17:40:02.381+0900] {process_utils.py:191} INFO - ----::---------------------===--::--+-----=============++++++===---:....--===============--:...:-===
[2024-08-02T17:40:02.381+0900] {process_utils.py:191} INFO - ----------------------------------=++----------------------=+===========-::.:-======================
[2024-08-02T17:40:02.382+0900] {process_utils.py:191} INFO - =----------------------------------==-----------------------=-----==============================+=--
[2024-08-02T17:40:02.382+0900] {process_utils.py:191} INFO - %%####=----------------------------==----------------------=-::::-----======+*%#++================::
[2024-08-02T17:40:02.382+0900] {process_utils.py:191} INFO - %%%%%#=----------------------------=-:---------------------=--==--------=====*#*=================-::
[2024-08-02T17:40:02.382+0900] {process_utils.py:191} INFO - @@%%%*-----------------+***++=-----=-::-------------------:+---------=====+++====================-::
[2024-08-02T17:40:02.382+0900] {process_utils.py:191} INFO - @@%%%*---------------#%%%%##%%#=---=-+##*#+----------------=------------=====+====-=--===========-::
[2024-08-02T17:40:02.382+0900] {process_utils.py:191} INFO - @@@%%+--=+*%%%+-----+%@@%#++%%%#=--=*%+===#+::----------::=-----------=+*##*++=-----------=======-::
[2024-08-02T17:40:02.382+0900] {process_utils.py:191} INFO - +++++=-+#+***#*=-----#*++**+#@@@*--+#+**+***-:=-:---=*+-::=-----==+++*######%%%#=-------------==-:::
[2024-08-02T17:40:02.382+0900] {process_utils.py:191} INFO - *******-:::-*=-------+===+=-=+#%%:-=++++=+==-:=-:::=%%#-::###=-*#%%%%%%%%%%%%%%%%+---------------:::
[2024-08-02T17:40:02.383+0900] {process_utils.py:191} INFO - =====+=:--::+---+--+**++++*+++#%*-=--**++++-:=++=::+#*-::=%%%#*#%%%%%%%%@@%%%%@@%%#====------+#%%=-*
[2024-08-02T17:40:02.383+0900] {process_utils.py:191} INFO - =-==++---=+==*#%%%%%%=*++++++++==-=-*##*+=##**++=--++-:--*=-=*#%%%@%###*###*+++*%%%*=============-#%
[2024-08-02T17:40:02.383+0900] {process_utils.py:191} INFO - +-=------=*%%%%@%@@@@***=+*#+*##*#%%@@**++%@%%%%*+=--=-=+-:--:#%@@%#*****###*+---+*++#**===---=++*%@
[2024-08-02T17:40:02.383+0900] {process_utils.py:191} INFO - --==-::-*%%%@@@@@@@%#*=-+++%@%##%%@@@@@%#%@@@%%@%%%*=--=#%####-%@%%####++++++=---==++*####*+++*%@%@@
[2024-08-02T17:40:02.383+0900] {process_utils.py:191} INFO - -=*+=-=#@@@@@@@@@#*+++++*@@@@@@@@@@@@@@@@@@@@@@@@@@@#+==-+*+#=:-+#%##**==++**+++=====+*###*+**#@%##%
[2024-08-02T17:40:02.383+0900] {process_utils.py:191} INFO - -=++-+%%@%@@@@%+=-++***#@@@@@@@@@@@@%:+@@*%+=%@@@@@@%%#%%#*=+--:-=#++**%#*+=+++++===+**####=*%%%%%%%
[2024-08-02T17:40:02.383+0900] {process_utils.py:191} INFO - -=++#%%####+-:---=*%%@@%#######**++++=+++++++++%%=+%@@%##*+==-=++=+*****##*===+++++==*#####*+#%%##%%
[2024-08-02T17:40:02.383+0900] {process_utils.py:191} INFO - -=*+=---==+=-::::-*@@@%+=======++++++++++++++*#%#**%%%*==-+*=--+==*****#**+=====+++++=***+++=+==::::
[2024-08-02T17:40:02.384+0900] {process_utils.py:191} INFO - =#*=++++++*###**==*@@@%=======++++++++*@@@@@@@@%%#####-:=+----==******##****+++++***==-=+=:::.::::::
[2024-08-02T17:40:02.384+0900] {process_utils.py:191} INFO - #%*+*++++**##*###*+#@@#=========++++==*%%%%%%%%######*=-----==+*********##########*+====::::::::::::
[2024-08-02T17:40:02.384+0900] {process_utils.py:191} INFO - ++++*#%%@%*##*##***%@@*===============+%##%%######%%%%*==-===+*********+=+*#######*++++-:::--::-----
[2024-08-02T17:40:02.384+0900] {process_utils.py:191} INFO - ===+*#%@@%*##**#**+=--================+%%#%%###%#%%%%%#======*#######*-:-++*####*****++:------------
[2024-08-02T17:40:02.384+0900] {process_utils.py:191} INFO - =+=------=##**##**+=--================+%%#%%###%%#%%%%%+=====+###**++==----:-*####****=------==-====
[2024-08-02T17:40:02.384+0900] {process_utils.py:191} INFO - 
[2024-08-02T17:40:02.407+0900] {python.py:237} INFO - Done. Returned value was: None
[2024-08-02T17:40:02.407+0900] {taskinstance.py:441} INFO - ::group::Post task execution logs
[2024-08-02T17:40:02.413+0900] {taskinstance.py:1206} INFO - Marking task as SUCCESS. dag_id=movie, task_id=load, run_id=scheduled__2017-01-05T05:12:00+00:00, execution_date=20170105T051200, start_date=20240802T083955, end_date=20240802T084002
[2024-08-02T17:40:02.463+0900] {local_task_job_runner.py:243} INFO - Task exited with return code 0
[2024-08-02T17:40:02.476+0900] {taskinstance.py:3503} INFO - 0 downstream tasks scheduled from follow-on schedule check
[2024-08-02T17:40:02.477+0900] {local_task_job_runner.py:222} INFO - ::endgroup::
