[2024-08-02T17:33:55.844+0900] {local_task_job_runner.py:120} INFO - ::group::Pre task execution logs
[2024-08-02T17:33:55.867+0900] {taskinstance.py:2076} INFO - Dependencies all met for dep_context=non-requeueable deps ti=<TaskInstance: movie.get.data scheduled__2017-01-04T05:57:00+00:00 [queued]>
[2024-08-02T17:33:55.874+0900] {taskinstance.py:2076} INFO - Dependencies all met for dep_context=requeueable deps ti=<TaskInstance: movie.get.data scheduled__2017-01-04T05:57:00+00:00 [queued]>
[2024-08-02T17:33:55.875+0900] {taskinstance.py:2306} INFO - Starting attempt 1 of 3
[2024-08-02T17:33:55.891+0900] {taskinstance.py:2330} INFO - Executing <Task(PythonVirtualenvOperator): get.data> on 2017-01-04 05:57:00+00:00
[2024-08-02T17:33:55.893+0900] {standard_task_runner.py:64} INFO - Started process 167706 to run task
[2024-08-02T17:33:55.896+0900] {standard_task_runner.py:90} INFO - Running: ['airflow', 'tasks', 'run', 'movie', 'get.data', 'scheduled__2017-01-04T05:57:00+00:00', '--job-id', '248', '--raw', '--subdir', 'DAGS_FOLDER/movie.py', '--cfg-path', '/tmp/tmpeqdook70']
[2024-08-02T17:33:55.898+0900] {standard_task_runner.py:91} INFO - Job 248: Subtask get.data
[2024-08-02T17:33:55.934+0900] {task_command.py:426} INFO - Running <TaskInstance: movie.get.data scheduled__2017-01-04T05:57:00+00:00 [running]> on host playdata.
[2024-08-02T17:33:56.007+0900] {taskinstance.py:2648} INFO - Exporting env vars: AIRFLOW_CTX_DAG_OWNER='airflow' AIRFLOW_CTX_DAG_ID='movie' AIRFLOW_CTX_TASK_ID='get.data' AIRFLOW_CTX_EXECUTION_DATE='2017-01-04T05:57:00+00:00' AIRFLOW_CTX_TRY_NUMBER='1' AIRFLOW_CTX_DAG_RUN_ID='scheduled__2017-01-04T05:57:00+00:00'
[2024-08-02T17:33:56.008+0900] {taskinstance.py:430} INFO - ::endgroup::
[2024-08-02T17:33:56.018+0900] {baseoperator.py:400} WARNING - PythonVirtualenvOperator.execute cannot be called outside TaskInstance!
[2024-08-02T17:33:56.019+0900] {process_utils.py:183} INFO - Executing cmd: /home/oddsummer/.pyenv/versions/3.11.9/envs/air/bin/python -m virtualenv /tmp/venva7t6ut_d --python=python
[2024-08-02T17:33:56.019+0900] {process_utils.py:187} INFO - Output:
[2024-08-02T17:33:56.430+0900] {process_utils.py:191} INFO - created virtual environment CPython3.11.9.final.0-64 in 304ms
[2024-08-02T17:33:56.431+0900] {process_utils.py:191} INFO -   creator CPython3Posix(dest=/tmp/venva7t6ut_d, clear=False, no_vcs_ignore=False, global=False)
[2024-08-02T17:33:56.431+0900] {process_utils.py:191} INFO -   seeder FromAppData(download=False, pip=bundle, setuptools=bundle, wheel=bundle, via=copy, app_data_dir=/home/oddsummer/.local/share/virtualenv)
[2024-08-02T17:33:56.431+0900] {process_utils.py:191} INFO -     added seed packages: pip==24.1.2, setuptools==70.2.0, wheel==0.43.0
[2024-08-02T17:33:56.431+0900] {process_utils.py:191} INFO -   activators BashActivator,CShellActivator,FishActivator,NushellActivator,PowerShellActivator,PythonActivator
[2024-08-02T17:33:56.455+0900] {process_utils.py:183} INFO - Executing cmd: /tmp/venva7t6ut_d/bin/pip install -r /tmp/venva7t6ut_d/requirements.txt
[2024-08-02T17:33:56.456+0900] {process_utils.py:187} INFO - Output:
[2024-08-02T17:33:57.405+0900] {process_utils.py:191} INFO - Collecting git+https://github.com/7-TRG/extract_trg.git@main (from -r /tmp/venva7t6ut_d/requirements.txt (line 1))
[2024-08-02T17:33:57.406+0900] {process_utils.py:191} INFO -   Cloning https://github.com/7-TRG/extract_trg.git (to revision main) to /tmp/pip-req-build-922p3d84
[2024-08-02T17:33:57.408+0900] {process_utils.py:191} INFO -   Running command git clone --filter=blob:none --quiet https://github.com/7-TRG/extract_trg.git /tmp/pip-req-build-922p3d84
[2024-08-02T17:34:00.228+0900] {process_utils.py:191} INFO -   Resolved https://github.com/7-TRG/extract_trg.git to commit 0712b3f1bbaeeeea58bf80749079a62c7e1bec3d
[2024-08-02T17:34:00.234+0900] {process_utils.py:191} INFO -   Installing build dependencies: started
[2024-08-02T17:34:02.022+0900] {process_utils.py:191} INFO -   Installing build dependencies: finished with status 'done'
[2024-08-02T17:34:02.023+0900] {process_utils.py:191} INFO -   Getting requirements to build wheel: started
[2024-08-02T17:34:02.259+0900] {process_utils.py:191} INFO -   Getting requirements to build wheel: finished with status 'done'
[2024-08-02T17:34:02.261+0900] {process_utils.py:191} INFO -   Preparing metadata (pyproject.toml): started
[2024-08-02T17:34:02.515+0900] {process_utils.py:191} INFO -   Preparing metadata (pyproject.toml): finished with status 'done'
[2024-08-02T17:34:02.518+0900] {process_utils.py:191} INFO - Building wheels for collected packages: extract_trg
[2024-08-02T17:34:02.522+0900] {process_utils.py:191} INFO -   Building wheel for extract_trg (pyproject.toml): started
[2024-08-02T17:34:02.793+0900] {process_utils.py:191} INFO -   Building wheel for extract_trg (pyproject.toml): finished with status 'done'
[2024-08-02T17:34:02.794+0900] {process_utils.py:191} INFO -   Created wheel for extract_trg: filename=extract_trg-0.1.0-py3-none-any.whl size=2219 sha256=75acf17d13b3dccd1031589fb5aab7938fbd13edf650f75806b9e41a123946a2
[2024-08-02T17:34:02.794+0900] {process_utils.py:191} INFO -   Stored in directory: /tmp/pip-ephem-wheel-cache-o97ljtjp/wheels/21/97/ea/e27bc4298590f1b8a2b9c46b60aefbe2e3076cf05f6bd5e464
[2024-08-02T17:34:02.797+0900] {process_utils.py:191} INFO - Successfully built extract_trg
[2024-08-02T17:34:02.806+0900] {process_utils.py:191} INFO - Installing collected packages: extract_trg
[2024-08-02T17:34:02.824+0900] {process_utils.py:191} INFO - Successfully installed extract_trg-0.1.0
[2024-08-02T17:34:02.829+0900] {process_utils.py:191} INFO - 
[2024-08-02T17:34:02.830+0900] {process_utils.py:191} INFO - [notice] A new release of pip is available: 24.1.2 -> 24.2
[2024-08-02T17:34:02.830+0900] {process_utils.py:191} INFO - [notice] To update, run: python -m pip install --upgrade pip
[2024-08-02T17:34:02.934+0900] {process_utils.py:183} INFO - Executing cmd: /tmp/venva7t6ut_d/bin/python /tmp/venv-callfyyi__n5/script.py /tmp/venv-callfyyi__n5/script.in /tmp/venv-callfyyi__n5/script.out /tmp/venv-callfyyi__n5/string_args.txt /tmp/venv-callfyyi__n5/termination.log
[2024-08-02T17:34:02.934+0900] {process_utils.py:187} INFO - Output:
[2024-08-02T17:34:02.954+0900] {process_utils.py:191} INFO - 
[2024-08-02T17:34:02.955+0900] {process_utils.py:191} INFO - ---------------======---::::::------+--=======++++++++++===--:...::-=--==============--:.....:-=====
[2024-08-02T17:34:02.955+0900] {process_utils.py:191} INFO - ----::---------------------===--::--+-----=============++++++===---:....--===============--:...:-===
[2024-08-02T17:34:02.955+0900] {process_utils.py:191} INFO - ----------------------------------=++----------------------=+===========-::.:-======================
[2024-08-02T17:34:02.956+0900] {process_utils.py:191} INFO - =----------------------------------==-----------------------=-----==============================+=--
[2024-08-02T17:34:02.956+0900] {process_utils.py:191} INFO - %%####=----------------------------==----------------------=-::::-----======+*%#++================::
[2024-08-02T17:34:02.956+0900] {process_utils.py:191} INFO - %%%%%#=----------------------------=-:---------------------=--==--------=====*#*=================-::
[2024-08-02T17:34:02.956+0900] {process_utils.py:191} INFO - @@%%%*-----------------+***++=-----=-::-------------------:+---------=====+++====================-::
[2024-08-02T17:34:02.957+0900] {process_utils.py:191} INFO - @@%%%*---------------#%%%%##%%#=---=-+##*#+----------------=------------=====+====-=--===========-::
[2024-08-02T17:34:02.957+0900] {process_utils.py:191} INFO - @@@%%+--=+*%%%+-----+%@@%#++%%%#=--=*%+===#+::----------::=-----------=+*##*++=-----------=======-::
[2024-08-02T17:34:02.957+0900] {process_utils.py:191} INFO - +++++=-+#+***#*=-----#*++**+#@@@*--+#+**+***-:=-:---=*+-::=-----==+++*######%%%#=-------------==-:::
[2024-08-02T17:34:02.957+0900] {process_utils.py:191} INFO - *******-:::-*=-------+===+=-=+#%%:-=++++=+==-:=-:::=%%#-::###=-*#%%%%%%%%%%%%%%%%+---------------:::
[2024-08-02T17:34:02.957+0900] {process_utils.py:191} INFO - =====+=:--::+---+--+**++++*+++#%*-=--**++++-:=++=::+#*-::=%%%#*#%%%%%%%%@@%%%%@@%%#====------+#%%=-*
[2024-08-02T17:34:02.958+0900] {process_utils.py:191} INFO - =-==++---=+==*#%%%%%%=*++++++++==-=-*##*+=##**++=--++-:--*=-=*#%%%@%###*###*+++*%%%*=============-#%
[2024-08-02T17:34:02.958+0900] {process_utils.py:191} INFO - +-=------=*%%%%@%@@@@***=+*#+*##*#%%@@**++%@%%%%*+=--=-=+-:--:#%@@%#*****###*+---+*++#**===---=++*%@
[2024-08-02T17:34:02.958+0900] {process_utils.py:191} INFO - --==-::-*%%%@@@@@@@%#*=-+++%@%##%%@@@@@%#%@@@%%@%%%*=--=#%####-%@%%####++++++=---==++*####*+++*%@%@@
[2024-08-02T17:34:02.958+0900] {process_utils.py:191} INFO - -=*+=-=#@@@@@@@@@#*+++++*@@@@@@@@@@@@@@@@@@@@@@@@@@@#+==-+*+#=:-+#%##**==++**+++=====+*###*+**#@%##%
[2024-08-02T17:34:02.958+0900] {process_utils.py:191} INFO - -=++-+%%@%@@@@%+=-++***#@@@@@@@@@@@@%:+@@*%+=%@@@@@@%%#%%#*=+--:-=#++**%#*+=+++++===+**####=*%%%%%%%
[2024-08-02T17:34:02.958+0900] {process_utils.py:191} INFO - -=++#%%####+-:---=*%%@@%#######**++++=+++++++++%%=+%@@%##*+==-=++=+*****##*===+++++==*#####*+#%%##%%
[2024-08-02T17:34:02.959+0900] {process_utils.py:191} INFO - -=*+=---==+=-::::-*@@@%+=======++++++++++++++*#%#**%%%*==-+*=--+==*****#**+=====+++++=***+++=+==::::
[2024-08-02T17:34:02.959+0900] {process_utils.py:191} INFO - =#*=++++++*###**==*@@@%=======++++++++*@@@@@@@@%%#####-:=+----==******##****+++++***==-=+=:::.::::::
[2024-08-02T17:34:02.959+0900] {process_utils.py:191} INFO - #%*+*++++**##*###*+#@@#=========++++==*%%%%%%%%######*=-----==+*********##########*+====::::::::::::
[2024-08-02T17:34:02.959+0900] {process_utils.py:191} INFO - ++++*#%%@%*##*##***%@@*===============+%##%%######%%%%*==-===+*********+=+*#######*++++-:::--::-----
[2024-08-02T17:34:02.959+0900] {process_utils.py:191} INFO - ===+*#%@@%*##**#**+=--================+%%#%%###%#%%%%%#======*#######*-:-++*####*****++:------------
[2024-08-02T17:34:02.960+0900] {process_utils.py:191} INFO - =+=------=##**##**+=--================+%%#%%###%%#%%%%%+=====+###**++==----:-*####****=------==-====
[2024-08-02T17:34:02.960+0900] {process_utils.py:191} INFO - 
[2024-08-02T17:34:02.981+0900] {python.py:237} INFO - Done. Returned value was: None
[2024-08-02T17:34:02.982+0900] {taskinstance.py:441} INFO - ::group::Post task execution logs
[2024-08-02T17:34:02.986+0900] {taskinstance.py:1206} INFO - Marking task as SUCCESS. dag_id=movie, task_id=get.data, run_id=scheduled__2017-01-04T05:57:00+00:00, execution_date=20170104T055700, start_date=20240802T083355, end_date=20240802T083402
[2024-08-02T17:34:03.040+0900] {local_task_job_runner.py:243} INFO - Task exited with return code 0
[2024-08-02T17:34:03.055+0900] {taskinstance.py:3503} INFO - 0 downstream tasks scheduled from follow-on schedule check
[2024-08-02T17:34:03.056+0900] {local_task_job_runner.py:222} INFO - ::endgroup::
