[2024-08-02T17:17:22.417+0900] {local_task_job_runner.py:120} INFO - ::group::Pre task execution logs
[2024-08-02T17:17:22.436+0900] {taskinstance.py:2076} INFO - Dependencies all met for dep_context=non-requeueable deps ti=<TaskInstance: movie.get.data scheduled__2017-01-03T05:32:00+00:00 [queued]>
[2024-08-02T17:17:22.443+0900] {taskinstance.py:2076} INFO - Dependencies all met for dep_context=requeueable deps ti=<TaskInstance: movie.get.data scheduled__2017-01-03T05:32:00+00:00 [queued]>
[2024-08-02T17:17:22.443+0900] {taskinstance.py:2306} INFO - Starting attempt 1 of 3
[2024-08-02T17:17:22.460+0900] {taskinstance.py:2330} INFO - Executing <Task(PythonVirtualenvOperator): get.data> on 2017-01-03 05:32:00+00:00
[2024-08-02T17:17:22.463+0900] {standard_task_runner.py:64} INFO - Started process 160010 to run task
[2024-08-02T17:17:22.467+0900] {standard_task_runner.py:90} INFO - Running: ['airflow', 'tasks', 'run', 'movie', 'get.data', 'scheduled__2017-01-03T05:32:00+00:00', '--job-id', '163', '--raw', '--subdir', 'DAGS_FOLDER/movie.py', '--cfg-path', '/tmp/tmpuxst2b0u']
[2024-08-02T17:17:22.468+0900] {standard_task_runner.py:91} INFO - Job 163: Subtask get.data
[2024-08-02T17:17:22.508+0900] {task_command.py:426} INFO - Running <TaskInstance: movie.get.data scheduled__2017-01-03T05:32:00+00:00 [running]> on host playdata.
[2024-08-02T17:17:22.581+0900] {taskinstance.py:2648} INFO - Exporting env vars: AIRFLOW_CTX_DAG_OWNER='airflow' AIRFLOW_CTX_DAG_ID='movie' AIRFLOW_CTX_TASK_ID='get.data' AIRFLOW_CTX_EXECUTION_DATE='2017-01-03T05:32:00+00:00' AIRFLOW_CTX_TRY_NUMBER='1' AIRFLOW_CTX_DAG_RUN_ID='scheduled__2017-01-03T05:32:00+00:00'
[2024-08-02T17:17:22.582+0900] {taskinstance.py:430} INFO - ::endgroup::
[2024-08-02T17:17:22.592+0900] {baseoperator.py:400} WARNING - PythonVirtualenvOperator.execute cannot be called outside TaskInstance!
[2024-08-02T17:17:22.593+0900] {process_utils.py:183} INFO - Executing cmd: /home/oddsummer/.pyenv/versions/3.11.9/envs/air/bin/python -m virtualenv /tmp/venvahkjbtxm --python=python
[2024-08-02T17:17:22.594+0900] {process_utils.py:187} INFO - Output:
[2024-08-02T17:17:22.999+0900] {process_utils.py:191} INFO - created virtual environment CPython3.11.9.final.0-64 in 299ms
[2024-08-02T17:17:22.999+0900] {process_utils.py:191} INFO -   creator CPython3Posix(dest=/tmp/venvahkjbtxm, clear=False, no_vcs_ignore=False, global=False)
[2024-08-02T17:17:23.000+0900] {process_utils.py:191} INFO -   seeder FromAppData(download=False, pip=bundle, setuptools=bundle, wheel=bundle, via=copy, app_data_dir=/home/oddsummer/.local/share/virtualenv)
[2024-08-02T17:17:23.000+0900] {process_utils.py:191} INFO -     added seed packages: pip==24.1.2, setuptools==70.2.0, wheel==0.43.0
[2024-08-02T17:17:23.000+0900] {process_utils.py:191} INFO -   activators BashActivator,CShellActivator,FishActivator,NushellActivator,PowerShellActivator,PythonActivator
[2024-08-02T17:17:23.024+0900] {process_utils.py:183} INFO - Executing cmd: /tmp/venvahkjbtxm/bin/pip install -r /tmp/venvahkjbtxm/requirements.txt
[2024-08-02T17:17:23.025+0900] {process_utils.py:187} INFO - Output:
[2024-08-02T17:17:23.930+0900] {process_utils.py:191} INFO - Collecting git+https://github.com/7-TRG/extract_trg.git@main (from -r /tmp/venvahkjbtxm/requirements.txt (line 1))
[2024-08-02T17:17:23.931+0900] {process_utils.py:191} INFO -   Cloning https://github.com/7-TRG/extract_trg.git (to revision main) to /tmp/pip-req-build-ocnui7cg
[2024-08-02T17:17:23.933+0900] {process_utils.py:191} INFO -   Running command git clone --filter=blob:none --quiet https://github.com/7-TRG/extract_trg.git /tmp/pip-req-build-ocnui7cg
[2024-08-02T17:17:25.590+0900] {process_utils.py:191} INFO -   Resolved https://github.com/7-TRG/extract_trg.git to commit 0712b3f1bbaeeeea58bf80749079a62c7e1bec3d
[2024-08-02T17:17:25.595+0900] {process_utils.py:191} INFO -   Installing build dependencies: started
[2024-08-02T17:17:27.428+0900] {process_utils.py:191} INFO -   Installing build dependencies: finished with status 'done'
[2024-08-02T17:17:27.429+0900] {process_utils.py:191} INFO -   Getting requirements to build wheel: started
[2024-08-02T17:17:27.684+0900] {process_utils.py:191} INFO -   Getting requirements to build wheel: finished with status 'done'
[2024-08-02T17:17:27.685+0900] {process_utils.py:191} INFO -   Preparing metadata (pyproject.toml): started
[2024-08-02T17:17:27.942+0900] {process_utils.py:191} INFO -   Preparing metadata (pyproject.toml): finished with status 'done'
[2024-08-02T17:17:27.944+0900] {process_utils.py:191} INFO - Building wheels for collected packages: extract_trg
[2024-08-02T17:17:27.948+0900] {process_utils.py:191} INFO -   Building wheel for extract_trg (pyproject.toml): started
[2024-08-02T17:17:28.211+0900] {process_utils.py:191} INFO -   Building wheel for extract_trg (pyproject.toml): finished with status 'done'
[2024-08-02T17:17:28.212+0900] {process_utils.py:191} INFO -   Created wheel for extract_trg: filename=extract_trg-0.1.0-py3-none-any.whl size=2219 sha256=3d2bc6ec50e4e6faf4364dc830a0e55636805b9f93d80ca32d5bfc105aa25ebf
[2024-08-02T17:17:28.212+0900] {process_utils.py:191} INFO -   Stored in directory: /tmp/pip-ephem-wheel-cache-c32bju8i/wheels/21/97/ea/e27bc4298590f1b8a2b9c46b60aefbe2e3076cf05f6bd5e464
[2024-08-02T17:17:28.214+0900] {process_utils.py:191} INFO - Successfully built extract_trg
[2024-08-02T17:17:28.223+0900] {process_utils.py:191} INFO - Installing collected packages: extract_trg
[2024-08-02T17:17:28.252+0900] {process_utils.py:191} INFO - Successfully installed extract_trg-0.1.0
[2024-08-02T17:17:28.261+0900] {process_utils.py:191} INFO - 
[2024-08-02T17:17:28.261+0900] {process_utils.py:191} INFO - [notice] A new release of pip is available: 24.1.2 -> 24.2
[2024-08-02T17:17:28.261+0900] {process_utils.py:191} INFO - [notice] To update, run: python -m pip install --upgrade pip
[2024-08-02T17:17:28.352+0900] {process_utils.py:183} INFO - Executing cmd: /tmp/venvahkjbtxm/bin/python /tmp/venv-calldjiml05n/script.py /tmp/venv-calldjiml05n/script.in /tmp/venv-calldjiml05n/script.out /tmp/venv-calldjiml05n/string_args.txt /tmp/venv-calldjiml05n/termination.log
[2024-08-02T17:17:28.353+0900] {process_utils.py:187} INFO - Output:
[2024-08-02T17:17:28.373+0900] {process_utils.py:191} INFO - 
[2024-08-02T17:17:28.373+0900] {process_utils.py:191} INFO - ---------------======---::::::------+--=======++++++++++===--:...::-=--==============--:.....:-=====
[2024-08-02T17:17:28.373+0900] {process_utils.py:191} INFO - ----::---------------------===--::--+-----=============++++++===---:....--===============--:...:-===
[2024-08-02T17:17:28.373+0900] {process_utils.py:191} INFO - ----------------------------------=++----------------------=+===========-::.:-======================
[2024-08-02T17:17:28.373+0900] {process_utils.py:191} INFO - =----------------------------------==-----------------------=-----==============================+=--
[2024-08-02T17:17:28.374+0900] {process_utils.py:191} INFO - %%####=----------------------------==----------------------=-::::-----======+*%#++================::
[2024-08-02T17:17:28.374+0900] {process_utils.py:191} INFO - %%%%%#=----------------------------=-:---------------------=--==--------=====*#*=================-::
[2024-08-02T17:17:28.374+0900] {process_utils.py:191} INFO - @@%%%*-----------------+***++=-----=-::-------------------:+---------=====+++====================-::
[2024-08-02T17:17:28.374+0900] {process_utils.py:191} INFO - @@%%%*---------------#%%%%##%%#=---=-+##*#+----------------=------------=====+====-=--===========-::
[2024-08-02T17:17:28.374+0900] {process_utils.py:191} INFO - @@@%%+--=+*%%%+-----+%@@%#++%%%#=--=*%+===#+::----------::=-----------=+*##*++=-----------=======-::
[2024-08-02T17:17:28.374+0900] {process_utils.py:191} INFO - +++++=-+#+***#*=-----#*++**+#@@@*--+#+**+***-:=-:---=*+-::=-----==+++*######%%%#=-------------==-:::
[2024-08-02T17:17:28.374+0900] {process_utils.py:191} INFO - *******-:::-*=-------+===+=-=+#%%:-=++++=+==-:=-:::=%%#-::###=-*#%%%%%%%%%%%%%%%%+---------------:::
[2024-08-02T17:17:28.374+0900] {process_utils.py:191} INFO - =====+=:--::+---+--+**++++*+++#%*-=--**++++-:=++=::+#*-::=%%%#*#%%%%%%%%@@%%%%@@%%#====------+#%%=-*
[2024-08-02T17:17:28.374+0900] {process_utils.py:191} INFO - =-==++---=+==*#%%%%%%=*++++++++==-=-*##*+=##**++=--++-:--*=-=*#%%%@%###*###*+++*%%%*=============-#%
[2024-08-02T17:17:28.375+0900] {process_utils.py:191} INFO - +-=------=*%%%%@%@@@@***=+*#+*##*#%%@@**++%@%%%%*+=--=-=+-:--:#%@@%#*****###*+---+*++#**===---=++*%@
[2024-08-02T17:17:28.375+0900] {process_utils.py:191} INFO - --==-::-*%%%@@@@@@@%#*=-+++%@%##%%@@@@@%#%@@@%%@%%%*=--=#%####-%@%%####++++++=---==++*####*+++*%@%@@
[2024-08-02T17:17:28.375+0900] {process_utils.py:191} INFO - -=*+=-=#@@@@@@@@@#*+++++*@@@@@@@@@@@@@@@@@@@@@@@@@@@#+==-+*+#=:-+#%##**==++**+++=====+*###*+**#@%##%
[2024-08-02T17:17:28.375+0900] {process_utils.py:191} INFO - -=++-+%%@%@@@@%+=-++***#@@@@@@@@@@@@%:+@@*%+=%@@@@@@%%#%%#*=+--:-=#++**%#*+=+++++===+**####=*%%%%%%%
[2024-08-02T17:17:28.375+0900] {process_utils.py:191} INFO - -=++#%%####+-:---=*%%@@%#######**++++=+++++++++%%=+%@@%##*+==-=++=+*****##*===+++++==*#####*+#%%##%%
[2024-08-02T17:17:28.375+0900] {process_utils.py:191} INFO - -=*+=---==+=-::::-*@@@%+=======++++++++++++++*#%#**%%%*==-+*=--+==*****#**+=====+++++=***+++=+==::::
[2024-08-02T17:17:28.375+0900] {process_utils.py:191} INFO - =#*=++++++*###**==*@@@%=======++++++++*@@@@@@@@%%#####-:=+----==******##****+++++***==-=+=:::.::::::
[2024-08-02T17:17:28.375+0900] {process_utils.py:191} INFO - #%*+*++++**##*###*+#@@#=========++++==*%%%%%%%%######*=-----==+*********##########*+====::::::::::::
[2024-08-02T17:17:28.376+0900] {process_utils.py:191} INFO - ++++*#%%@%*##*##***%@@*===============+%##%%######%%%%*==-===+*********+=+*#######*++++-:::--::-----
[2024-08-02T17:17:28.376+0900] {process_utils.py:191} INFO - ===+*#%@@%*##**#**+=--================+%%#%%###%#%%%%%#======*#######*-:-++*####*****++:------------
[2024-08-02T17:17:28.376+0900] {process_utils.py:191} INFO - =+=------=##**##**+=--================+%%#%%###%%#%%%%%+=====+###**++==----:-*####****=------==-====
[2024-08-02T17:17:28.376+0900] {process_utils.py:191} INFO - 
[2024-08-02T17:17:28.398+0900] {python.py:237} INFO - Done. Returned value was: None
[2024-08-02T17:17:28.398+0900] {taskinstance.py:441} INFO - ::group::Post task execution logs
[2024-08-02T17:17:28.403+0900] {taskinstance.py:1206} INFO - Marking task as SUCCESS. dag_id=movie, task_id=get.data, run_id=scheduled__2017-01-03T05:32:00+00:00, execution_date=20170103T053200, start_date=20240802T081722, end_date=20240802T081728
[2024-08-02T17:17:28.449+0900] {local_task_job_runner.py:243} INFO - Task exited with return code 0
[2024-08-02T17:17:28.460+0900] {taskinstance.py:3503} INFO - 0 downstream tasks scheduled from follow-on schedule check
[2024-08-02T17:17:28.460+0900] {local_task_job_runner.py:222} INFO - ::endgroup::
