[2024-08-02T17:29:13.356+0900] {local_task_job_runner.py:120} INFO - ::group::Pre task execution logs
[2024-08-02T17:29:13.382+0900] {taskinstance.py:2076} INFO - Dependencies all met for dep_context=non-requeueable deps ti=<TaskInstance: movie.get.data scheduled__2017-01-04T05:32:00+00:00 [queued]>
[2024-08-02T17:29:13.390+0900] {taskinstance.py:2076} INFO - Dependencies all met for dep_context=requeueable deps ti=<TaskInstance: movie.get.data scheduled__2017-01-04T05:32:00+00:00 [queued]>
[2024-08-02T17:29:13.391+0900] {taskinstance.py:2306} INFO - Starting attempt 1 of 3
[2024-08-02T17:29:13.409+0900] {taskinstance.py:2330} INFO - Executing <Task(PythonVirtualenvOperator): get.data> on 2017-01-04 05:32:00+00:00
[2024-08-02T17:29:13.412+0900] {standard_task_runner.py:64} INFO - Started process 165165 to run task
[2024-08-02T17:29:13.419+0900] {standard_task_runner.py:90} INFO - Running: ['airflow', 'tasks', 'run', 'movie', 'get.data', 'scheduled__2017-01-04T05:32:00+00:00', '--job-id', '223', '--raw', '--subdir', 'DAGS_FOLDER/movie.py', '--cfg-path', '/tmp/tmpe7_i6nlb']
[2024-08-02T17:29:13.422+0900] {standard_task_runner.py:91} INFO - Job 223: Subtask get.data
[2024-08-02T17:29:13.478+0900] {task_command.py:426} INFO - Running <TaskInstance: movie.get.data scheduled__2017-01-04T05:32:00+00:00 [running]> on host playdata.
[2024-08-02T17:29:13.572+0900] {taskinstance.py:2648} INFO - Exporting env vars: AIRFLOW_CTX_DAG_OWNER='airflow' AIRFLOW_CTX_DAG_ID='movie' AIRFLOW_CTX_TASK_ID='get.data' AIRFLOW_CTX_EXECUTION_DATE='2017-01-04T05:32:00+00:00' AIRFLOW_CTX_TRY_NUMBER='1' AIRFLOW_CTX_DAG_RUN_ID='scheduled__2017-01-04T05:32:00+00:00'
[2024-08-02T17:29:13.573+0900] {taskinstance.py:430} INFO - ::endgroup::
[2024-08-02T17:29:13.584+0900] {baseoperator.py:400} WARNING - PythonVirtualenvOperator.execute cannot be called outside TaskInstance!
[2024-08-02T17:29:13.584+0900] {process_utils.py:183} INFO - Executing cmd: /home/oddsummer/.pyenv/versions/3.11.9/envs/air/bin/python -m virtualenv /tmp/venv4ztx6mdk --python=python
[2024-08-02T17:29:13.585+0900] {process_utils.py:187} INFO - Output:
[2024-08-02T17:29:13.973+0900] {process_utils.py:191} INFO - created virtual environment CPython3.11.9.final.0-64 in 264ms
[2024-08-02T17:29:13.973+0900] {process_utils.py:191} INFO -   creator CPython3Posix(dest=/tmp/venv4ztx6mdk, clear=False, no_vcs_ignore=False, global=False)
[2024-08-02T17:29:13.973+0900] {process_utils.py:191} INFO -   seeder FromAppData(download=False, pip=bundle, setuptools=bundle, wheel=bundle, via=copy, app_data_dir=/home/oddsummer/.local/share/virtualenv)
[2024-08-02T17:29:13.973+0900] {process_utils.py:191} INFO -     added seed packages: pip==24.1.2, setuptools==70.2.0, wheel==0.43.0
[2024-08-02T17:29:13.974+0900] {process_utils.py:191} INFO -   activators BashActivator,CShellActivator,FishActivator,NushellActivator,PowerShellActivator,PythonActivator
[2024-08-02T17:29:14.000+0900] {process_utils.py:183} INFO - Executing cmd: /tmp/venv4ztx6mdk/bin/pip install -r /tmp/venv4ztx6mdk/requirements.txt
[2024-08-02T17:29:14.001+0900] {process_utils.py:187} INFO - Output:
[2024-08-02T17:29:15.088+0900] {process_utils.py:191} INFO - Collecting git+https://github.com/7-TRG/extract_trg.git@main (from -r /tmp/venv4ztx6mdk/requirements.txt (line 1))
[2024-08-02T17:29:15.089+0900] {process_utils.py:191} INFO -   Cloning https://github.com/7-TRG/extract_trg.git (to revision main) to /tmp/pip-req-build-81hel909
[2024-08-02T17:29:15.092+0900] {process_utils.py:191} INFO -   Running command git clone --filter=blob:none --quiet https://github.com/7-TRG/extract_trg.git /tmp/pip-req-build-81hel909
[2024-08-02T17:29:16.668+0900] {process_utils.py:191} INFO -   Resolved https://github.com/7-TRG/extract_trg.git to commit 0712b3f1bbaeeeea58bf80749079a62c7e1bec3d
[2024-08-02T17:29:16.673+0900] {process_utils.py:191} INFO -   Installing build dependencies: started
[2024-08-02T17:29:18.543+0900] {process_utils.py:191} INFO -   Installing build dependencies: finished with status 'done'
[2024-08-02T17:29:18.544+0900] {process_utils.py:191} INFO -   Getting requirements to build wheel: started
[2024-08-02T17:29:18.790+0900] {process_utils.py:191} INFO -   Getting requirements to build wheel: finished with status 'done'
[2024-08-02T17:29:18.792+0900] {process_utils.py:191} INFO -   Preparing metadata (pyproject.toml): started
[2024-08-02T17:29:19.042+0900] {process_utils.py:191} INFO -   Preparing metadata (pyproject.toml): finished with status 'done'
[2024-08-02T17:29:19.045+0900] {process_utils.py:191} INFO - Building wheels for collected packages: extract_trg
[2024-08-02T17:29:19.049+0900] {process_utils.py:191} INFO -   Building wheel for extract_trg (pyproject.toml): started
[2024-08-02T17:29:19.329+0900] {process_utils.py:191} INFO -   Building wheel for extract_trg (pyproject.toml): finished with status 'done'
[2024-08-02T17:29:19.330+0900] {process_utils.py:191} INFO -   Created wheel for extract_trg: filename=extract_trg-0.1.0-py3-none-any.whl size=2219 sha256=d8b79ff760fa0899f0e8d0a6e88eb8de3589a5554b4c598e0e23a4b87039358a
[2024-08-02T17:29:19.331+0900] {process_utils.py:191} INFO -   Stored in directory: /tmp/pip-ephem-wheel-cache-vfbqppn3/wheels/21/97/ea/e27bc4298590f1b8a2b9c46b60aefbe2e3076cf05f6bd5e464
[2024-08-02T17:29:19.333+0900] {process_utils.py:191} INFO - Successfully built extract_trg
[2024-08-02T17:29:19.342+0900] {process_utils.py:191} INFO - Installing collected packages: extract_trg
[2024-08-02T17:29:19.359+0900] {process_utils.py:191} INFO - Successfully installed extract_trg-0.1.0
[2024-08-02T17:29:19.365+0900] {process_utils.py:191} INFO - 
[2024-08-02T17:29:19.366+0900] {process_utils.py:191} INFO - [notice] A new release of pip is available: 24.1.2 -> 24.2
[2024-08-02T17:29:19.366+0900] {process_utils.py:191} INFO - [notice] To update, run: python -m pip install --upgrade pip
[2024-08-02T17:29:19.461+0900] {process_utils.py:183} INFO - Executing cmd: /tmp/venv4ztx6mdk/bin/python /tmp/venv-callmudk91b4/script.py /tmp/venv-callmudk91b4/script.in /tmp/venv-callmudk91b4/script.out /tmp/venv-callmudk91b4/string_args.txt /tmp/venv-callmudk91b4/termination.log
[2024-08-02T17:29:19.461+0900] {process_utils.py:187} INFO - Output:
[2024-08-02T17:29:19.480+0900] {process_utils.py:191} INFO - 
[2024-08-02T17:29:19.481+0900] {process_utils.py:191} INFO - ---------------======---::::::------+--=======++++++++++===--:...::-=--==============--:.....:-=====
[2024-08-02T17:29:19.481+0900] {process_utils.py:191} INFO - ----::---------------------===--::--+-----=============++++++===---:....--===============--:...:-===
[2024-08-02T17:29:19.481+0900] {process_utils.py:191} INFO - ----------------------------------=++----------------------=+===========-::.:-======================
[2024-08-02T17:29:19.481+0900] {process_utils.py:191} INFO - =----------------------------------==-----------------------=-----==============================+=--
[2024-08-02T17:29:19.481+0900] {process_utils.py:191} INFO - %%####=----------------------------==----------------------=-::::-----======+*%#++================::
[2024-08-02T17:29:19.482+0900] {process_utils.py:191} INFO - %%%%%#=----------------------------=-:---------------------=--==--------=====*#*=================-::
[2024-08-02T17:29:19.482+0900] {process_utils.py:191} INFO - @@%%%*-----------------+***++=-----=-::-------------------:+---------=====+++====================-::
[2024-08-02T17:29:19.482+0900] {process_utils.py:191} INFO - @@%%%*---------------#%%%%##%%#=---=-+##*#+----------------=------------=====+====-=--===========-::
[2024-08-02T17:29:19.482+0900] {process_utils.py:191} INFO - @@@%%+--=+*%%%+-----+%@@%#++%%%#=--=*%+===#+::----------::=-----------=+*##*++=-----------=======-::
[2024-08-02T17:29:19.483+0900] {process_utils.py:191} INFO - +++++=-+#+***#*=-----#*++**+#@@@*--+#+**+***-:=-:---=*+-::=-----==+++*######%%%#=-------------==-:::
[2024-08-02T17:29:19.483+0900] {process_utils.py:191} INFO - *******-:::-*=-------+===+=-=+#%%:-=++++=+==-:=-:::=%%#-::###=-*#%%%%%%%%%%%%%%%%+---------------:::
[2024-08-02T17:29:19.483+0900] {process_utils.py:191} INFO - =====+=:--::+---+--+**++++*+++#%*-=--**++++-:=++=::+#*-::=%%%#*#%%%%%%%%@@%%%%@@%%#====------+#%%=-*
[2024-08-02T17:29:19.483+0900] {process_utils.py:191} INFO - =-==++---=+==*#%%%%%%=*++++++++==-=-*##*+=##**++=--++-:--*=-=*#%%%@%###*###*+++*%%%*=============-#%
[2024-08-02T17:29:19.483+0900] {process_utils.py:191} INFO - +-=------=*%%%%@%@@@@***=+*#+*##*#%%@@**++%@%%%%*+=--=-=+-:--:#%@@%#*****###*+---+*++#**===---=++*%@
[2024-08-02T17:29:19.484+0900] {process_utils.py:191} INFO - --==-::-*%%%@@@@@@@%#*=-+++%@%##%%@@@@@%#%@@@%%@%%%*=--=#%####-%@%%####++++++=---==++*####*+++*%@%@@
[2024-08-02T17:29:19.484+0900] {process_utils.py:191} INFO - -=*+=-=#@@@@@@@@@#*+++++*@@@@@@@@@@@@@@@@@@@@@@@@@@@#+==-+*+#=:-+#%##**==++**+++=====+*###*+**#@%##%
[2024-08-02T17:29:19.484+0900] {process_utils.py:191} INFO - -=++-+%%@%@@@@%+=-++***#@@@@@@@@@@@@%:+@@*%+=%@@@@@@%%#%%#*=+--:-=#++**%#*+=+++++===+**####=*%%%%%%%
[2024-08-02T17:29:19.484+0900] {process_utils.py:191} INFO - -=++#%%####+-:---=*%%@@%#######**++++=+++++++++%%=+%@@%##*+==-=++=+*****##*===+++++==*#####*+#%%##%%
[2024-08-02T17:29:19.484+0900] {process_utils.py:191} INFO - -=*+=---==+=-::::-*@@@%+=======++++++++++++++*#%#**%%%*==-+*=--+==*****#**+=====+++++=***+++=+==::::
[2024-08-02T17:29:19.485+0900] {process_utils.py:191} INFO - =#*=++++++*###**==*@@@%=======++++++++*@@@@@@@@%%#####-:=+----==******##****+++++***==-=+=:::.::::::
[2024-08-02T17:29:19.485+0900] {process_utils.py:191} INFO - #%*+*++++**##*###*+#@@#=========++++==*%%%%%%%%######*=-----==+*********##########*+====::::::::::::
[2024-08-02T17:29:19.485+0900] {process_utils.py:191} INFO - ++++*#%%@%*##*##***%@@*===============+%##%%######%%%%*==-===+*********+=+*#######*++++-:::--::-----
[2024-08-02T17:29:19.485+0900] {process_utils.py:191} INFO - ===+*#%@@%*##**#**+=--================+%%#%%###%#%%%%%#======*#######*-:-++*####*****++:------------
[2024-08-02T17:29:19.485+0900] {process_utils.py:191} INFO - =+=------=##**##**+=--================+%%#%%###%%#%%%%%+=====+###**++==----:-*####****=------==-====
[2024-08-02T17:29:19.485+0900] {process_utils.py:191} INFO - 
[2024-08-02T17:29:19.509+0900] {python.py:237} INFO - Done. Returned value was: None
[2024-08-02T17:29:19.509+0900] {taskinstance.py:441} INFO - ::group::Post task execution logs
[2024-08-02T17:29:19.514+0900] {taskinstance.py:1206} INFO - Marking task as SUCCESS. dag_id=movie, task_id=get.data, run_id=scheduled__2017-01-04T05:32:00+00:00, execution_date=20170104T053200, start_date=20240802T082913, end_date=20240802T082919
[2024-08-02T17:29:19.547+0900] {local_task_job_runner.py:243} INFO - Task exited with return code 0
[2024-08-02T17:29:19.560+0900] {taskinstance.py:3503} INFO - 0 downstream tasks scheduled from follow-on schedule check
[2024-08-02T17:29:19.560+0900] {local_task_job_runner.py:222} INFO - ::endgroup::
