[2024-08-02T17:17:10.996+0900] {local_task_job_runner.py:120} INFO - ::group::Pre task execution logs
[2024-08-02T17:17:11.016+0900] {taskinstance.py:2076} INFO - Dependencies all met for dep_context=non-requeueable deps ti=<TaskInstance: movie.get.data scheduled__2017-01-03T05:31:00+00:00 [queued]>
[2024-08-02T17:17:11.023+0900] {taskinstance.py:2076} INFO - Dependencies all met for dep_context=requeueable deps ti=<TaskInstance: movie.get.data scheduled__2017-01-03T05:31:00+00:00 [queued]>
[2024-08-02T17:17:11.023+0900] {taskinstance.py:2306} INFO - Starting attempt 1 of 3
[2024-08-02T17:17:11.041+0900] {taskinstance.py:2330} INFO - Executing <Task(PythonVirtualenvOperator): get.data> on 2017-01-03 05:31:00+00:00
[2024-08-02T17:17:11.044+0900] {standard_task_runner.py:64} INFO - Started process 159926 to run task
[2024-08-02T17:17:11.047+0900] {standard_task_runner.py:90} INFO - Running: ['airflow', 'tasks', 'run', 'movie', 'get.data', 'scheduled__2017-01-03T05:31:00+00:00', '--job-id', '162', '--raw', '--subdir', 'DAGS_FOLDER/movie.py', '--cfg-path', '/tmp/tmpb4tsvx23']
[2024-08-02T17:17:11.049+0900] {standard_task_runner.py:91} INFO - Job 162: Subtask get.data
[2024-08-02T17:17:11.084+0900] {task_command.py:426} INFO - Running <TaskInstance: movie.get.data scheduled__2017-01-03T05:31:00+00:00 [running]> on host playdata.
[2024-08-02T17:17:11.151+0900] {taskinstance.py:2648} INFO - Exporting env vars: AIRFLOW_CTX_DAG_OWNER='airflow' AIRFLOW_CTX_DAG_ID='movie' AIRFLOW_CTX_TASK_ID='get.data' AIRFLOW_CTX_EXECUTION_DATE='2017-01-03T05:31:00+00:00' AIRFLOW_CTX_TRY_NUMBER='1' AIRFLOW_CTX_DAG_RUN_ID='scheduled__2017-01-03T05:31:00+00:00'
[2024-08-02T17:17:11.151+0900] {taskinstance.py:430} INFO - ::endgroup::
[2024-08-02T17:17:11.165+0900] {baseoperator.py:400} WARNING - PythonVirtualenvOperator.execute cannot be called outside TaskInstance!
[2024-08-02T17:17:11.166+0900] {process_utils.py:183} INFO - Executing cmd: /home/oddsummer/.pyenv/versions/3.11.9/envs/air/bin/python -m virtualenv /tmp/venv6z8stvj2 --python=python
[2024-08-02T17:17:11.167+0900] {process_utils.py:187} INFO - Output:
[2024-08-02T17:17:11.580+0900] {process_utils.py:191} INFO - created virtual environment CPython3.11.9.final.0-64 in 298ms
[2024-08-02T17:17:11.581+0900] {process_utils.py:191} INFO -   creator CPython3Posix(dest=/tmp/venv6z8stvj2, clear=False, no_vcs_ignore=False, global=False)
[2024-08-02T17:17:11.581+0900] {process_utils.py:191} INFO -   seeder FromAppData(download=False, pip=bundle, setuptools=bundle, wheel=bundle, via=copy, app_data_dir=/home/oddsummer/.local/share/virtualenv)
[2024-08-02T17:17:11.582+0900] {process_utils.py:191} INFO -     added seed packages: pip==24.1.2, setuptools==70.2.0, wheel==0.43.0
[2024-08-02T17:17:11.582+0900] {process_utils.py:191} INFO -   activators BashActivator,CShellActivator,FishActivator,NushellActivator,PowerShellActivator,PythonActivator
[2024-08-02T17:17:11.616+0900] {process_utils.py:183} INFO - Executing cmd: /tmp/venv6z8stvj2/bin/pip install -r /tmp/venv6z8stvj2/requirements.txt
[2024-08-02T17:17:11.617+0900] {process_utils.py:187} INFO - Output:
[2024-08-02T17:17:12.598+0900] {process_utils.py:191} INFO - Collecting git+https://github.com/7-TRG/extract_trg.git@main (from -r /tmp/venv6z8stvj2/requirements.txt (line 1))
[2024-08-02T17:17:12.599+0900] {process_utils.py:191} INFO -   Cloning https://github.com/7-TRG/extract_trg.git (to revision main) to /tmp/pip-req-build-czf65p3v
[2024-08-02T17:17:12.601+0900] {process_utils.py:191} INFO -   Running command git clone --filter=blob:none --quiet https://github.com/7-TRG/extract_trg.git /tmp/pip-req-build-czf65p3v
[2024-08-02T17:17:14.470+0900] {process_utils.py:191} INFO -   Resolved https://github.com/7-TRG/extract_trg.git to commit 0712b3f1bbaeeeea58bf80749079a62c7e1bec3d
[2024-08-02T17:17:14.477+0900] {process_utils.py:191} INFO -   Installing build dependencies: started
[2024-08-02T17:17:16.271+0900] {process_utils.py:191} INFO -   Installing build dependencies: finished with status 'done'
[2024-08-02T17:17:16.272+0900] {process_utils.py:191} INFO -   Getting requirements to build wheel: started
[2024-08-02T17:17:16.512+0900] {process_utils.py:191} INFO -   Getting requirements to build wheel: finished with status 'done'
[2024-08-02T17:17:16.513+0900] {process_utils.py:191} INFO -   Preparing metadata (pyproject.toml): started
[2024-08-02T17:17:16.760+0900] {process_utils.py:191} INFO -   Preparing metadata (pyproject.toml): finished with status 'done'
[2024-08-02T17:17:16.763+0900] {process_utils.py:191} INFO - Building wheels for collected packages: extract_trg
[2024-08-02T17:17:16.767+0900] {process_utils.py:191} INFO -   Building wheel for extract_trg (pyproject.toml): started
[2024-08-02T17:17:17.036+0900] {process_utils.py:191} INFO -   Building wheel for extract_trg (pyproject.toml): finished with status 'done'
[2024-08-02T17:17:17.037+0900] {process_utils.py:191} INFO -   Created wheel for extract_trg: filename=extract_trg-0.1.0-py3-none-any.whl size=2219 sha256=34e85b2239ab43da1dcb0969a6aa5ce85fcc2cf2f8a4b76c85e83b609bd308a0
[2024-08-02T17:17:17.038+0900] {process_utils.py:191} INFO -   Stored in directory: /tmp/pip-ephem-wheel-cache-4f4i0aky/wheels/21/97/ea/e27bc4298590f1b8a2b9c46b60aefbe2e3076cf05f6bd5e464
[2024-08-02T17:17:17.040+0900] {process_utils.py:191} INFO - Successfully built extract_trg
[2024-08-02T17:17:17.050+0900] {process_utils.py:191} INFO - Installing collected packages: extract_trg
[2024-08-02T17:17:17.068+0900] {process_utils.py:191} INFO - Successfully installed extract_trg-0.1.0
[2024-08-02T17:17:17.075+0900] {process_utils.py:191} INFO - 
[2024-08-02T17:17:17.075+0900] {process_utils.py:191} INFO - [notice] A new release of pip is available: 24.1.2 -> 24.2
[2024-08-02T17:17:17.075+0900] {process_utils.py:191} INFO - [notice] To update, run: python -m pip install --upgrade pip
[2024-08-02T17:17:17.171+0900] {process_utils.py:183} INFO - Executing cmd: /tmp/venv6z8stvj2/bin/python /tmp/venv-callm3st4eqf/script.py /tmp/venv-callm3st4eqf/script.in /tmp/venv-callm3st4eqf/script.out /tmp/venv-callm3st4eqf/string_args.txt /tmp/venv-callm3st4eqf/termination.log
[2024-08-02T17:17:17.172+0900] {process_utils.py:187} INFO - Output:
[2024-08-02T17:17:17.191+0900] {process_utils.py:191} INFO - 
[2024-08-02T17:17:17.191+0900] {process_utils.py:191} INFO - ---------------======---::::::------+--=======++++++++++===--:...::-=--==============--:.....:-=====
[2024-08-02T17:17:17.192+0900] {process_utils.py:191} INFO - ----::---------------------===--::--+-----=============++++++===---:....--===============--:...:-===
[2024-08-02T17:17:17.192+0900] {process_utils.py:191} INFO - ----------------------------------=++----------------------=+===========-::.:-======================
[2024-08-02T17:17:17.192+0900] {process_utils.py:191} INFO - =----------------------------------==-----------------------=-----==============================+=--
[2024-08-02T17:17:17.192+0900] {process_utils.py:191} INFO - %%####=----------------------------==----------------------=-::::-----======+*%#++================::
[2024-08-02T17:17:17.192+0900] {process_utils.py:191} INFO - %%%%%#=----------------------------=-:---------------------=--==--------=====*#*=================-::
[2024-08-02T17:17:17.192+0900] {process_utils.py:191} INFO - @@%%%*-----------------+***++=-----=-::-------------------:+---------=====+++====================-::
[2024-08-02T17:17:17.193+0900] {process_utils.py:191} INFO - @@%%%*---------------#%%%%##%%#=---=-+##*#+----------------=------------=====+====-=--===========-::
[2024-08-02T17:17:17.193+0900] {process_utils.py:191} INFO - @@@%%+--=+*%%%+-----+%@@%#++%%%#=--=*%+===#+::----------::=-----------=+*##*++=-----------=======-::
[2024-08-02T17:17:17.193+0900] {process_utils.py:191} INFO - +++++=-+#+***#*=-----#*++**+#@@@*--+#+**+***-:=-:---=*+-::=-----==+++*######%%%#=-------------==-:::
[2024-08-02T17:17:17.193+0900] {process_utils.py:191} INFO - *******-:::-*=-------+===+=-=+#%%:-=++++=+==-:=-:::=%%#-::###=-*#%%%%%%%%%%%%%%%%+---------------:::
[2024-08-02T17:17:17.193+0900] {process_utils.py:191} INFO - =====+=:--::+---+--+**++++*+++#%*-=--**++++-:=++=::+#*-::=%%%#*#%%%%%%%%@@%%%%@@%%#====------+#%%=-*
[2024-08-02T17:17:17.193+0900] {process_utils.py:191} INFO - =-==++---=+==*#%%%%%%=*++++++++==-=-*##*+=##**++=--++-:--*=-=*#%%%@%###*###*+++*%%%*=============-#%
[2024-08-02T17:17:17.193+0900] {process_utils.py:191} INFO - +-=------=*%%%%@%@@@@***=+*#+*##*#%%@@**++%@%%%%*+=--=-=+-:--:#%@@%#*****###*+---+*++#**===---=++*%@
[2024-08-02T17:17:17.193+0900] {process_utils.py:191} INFO - --==-::-*%%%@@@@@@@%#*=-+++%@%##%%@@@@@%#%@@@%%@%%%*=--=#%####-%@%%####++++++=---==++*####*+++*%@%@@
[2024-08-02T17:17:17.194+0900] {process_utils.py:191} INFO - -=*+=-=#@@@@@@@@@#*+++++*@@@@@@@@@@@@@@@@@@@@@@@@@@@#+==-+*+#=:-+#%##**==++**+++=====+*###*+**#@%##%
[2024-08-02T17:17:17.194+0900] {process_utils.py:191} INFO - -=++-+%%@%@@@@%+=-++***#@@@@@@@@@@@@%:+@@*%+=%@@@@@@%%#%%#*=+--:-=#++**%#*+=+++++===+**####=*%%%%%%%
[2024-08-02T17:17:17.194+0900] {process_utils.py:191} INFO - -=++#%%####+-:---=*%%@@%#######**++++=+++++++++%%=+%@@%##*+==-=++=+*****##*===+++++==*#####*+#%%##%%
[2024-08-02T17:17:17.194+0900] {process_utils.py:191} INFO - -=*+=---==+=-::::-*@@@%+=======++++++++++++++*#%#**%%%*==-+*=--+==*****#**+=====+++++=***+++=+==::::
[2024-08-02T17:17:17.194+0900] {process_utils.py:191} INFO - =#*=++++++*###**==*@@@%=======++++++++*@@@@@@@@%%#####-:=+----==******##****+++++***==-=+=:::.::::::
[2024-08-02T17:17:17.194+0900] {process_utils.py:191} INFO - #%*+*++++**##*###*+#@@#=========++++==*%%%%%%%%######*=-----==+*********##########*+====::::::::::::
[2024-08-02T17:17:17.194+0900] {process_utils.py:191} INFO - ++++*#%%@%*##*##***%@@*===============+%##%%######%%%%*==-===+*********+=+*#######*++++-:::--::-----
[2024-08-02T17:17:17.195+0900] {process_utils.py:191} INFO - ===+*#%@@%*##**#**+=--================+%%#%%###%#%%%%%#======*#######*-:-++*####*****++:------------
[2024-08-02T17:17:17.195+0900] {process_utils.py:191} INFO - =+=------=##**##**+=--================+%%#%%###%%#%%%%%+=====+###**++==----:-*####****=------==-====
[2024-08-02T17:17:17.195+0900] {process_utils.py:191} INFO - 
[2024-08-02T17:17:17.217+0900] {python.py:237} INFO - Done. Returned value was: None
[2024-08-02T17:17:17.217+0900] {taskinstance.py:441} INFO - ::group::Post task execution logs
[2024-08-02T17:17:17.221+0900] {taskinstance.py:1206} INFO - Marking task as SUCCESS. dag_id=movie, task_id=get.data, run_id=scheduled__2017-01-03T05:31:00+00:00, execution_date=20170103T053100, start_date=20240802T081711, end_date=20240802T081717
[2024-08-02T17:17:17.268+0900] {local_task_job_runner.py:243} INFO - Task exited with return code 0
[2024-08-02T17:17:17.285+0900] {taskinstance.py:3503} INFO - 0 downstream tasks scheduled from follow-on schedule check
[2024-08-02T17:17:17.286+0900] {local_task_job_runner.py:222} INFO - ::endgroup::
