[2024-08-02T17:13:06.130+0900] {local_task_job_runner.py:120} INFO - ::group::Pre task execution logs
[2024-08-02T17:13:06.154+0900] {taskinstance.py:2076} INFO - Dependencies all met for dep_context=non-requeueable deps ti=<TaskInstance: movie.get.data scheduled__2017-01-03T05:10:00+00:00 [queued]>
[2024-08-02T17:13:06.160+0900] {taskinstance.py:2076} INFO - Dependencies all met for dep_context=requeueable deps ti=<TaskInstance: movie.get.data scheduled__2017-01-03T05:10:00+00:00 [queued]>
[2024-08-02T17:13:06.161+0900] {taskinstance.py:2306} INFO - Starting attempt 1 of 3
[2024-08-02T17:13:06.177+0900] {taskinstance.py:2330} INFO - Executing <Task(PythonVirtualenvOperator): get.data> on 2017-01-03 05:10:00+00:00
[2024-08-02T17:13:06.179+0900] {standard_task_runner.py:64} INFO - Started process 158128 to run task
[2024-08-02T17:13:06.183+0900] {standard_task_runner.py:90} INFO - Running: ['airflow', 'tasks', 'run', 'movie', 'get.data', 'scheduled__2017-01-03T05:10:00+00:00', '--job-id', '141', '--raw', '--subdir', 'DAGS_FOLDER/movie.py', '--cfg-path', '/tmp/tmp059g95ar']
[2024-08-02T17:13:06.185+0900] {standard_task_runner.py:91} INFO - Job 141: Subtask get.data
[2024-08-02T17:13:06.226+0900] {task_command.py:426} INFO - Running <TaskInstance: movie.get.data scheduled__2017-01-03T05:10:00+00:00 [running]> on host playdata.
[2024-08-02T17:13:06.300+0900] {taskinstance.py:2648} INFO - Exporting env vars: AIRFLOW_CTX_DAG_OWNER='airflow' AIRFLOW_CTX_DAG_ID='movie' AIRFLOW_CTX_TASK_ID='get.data' AIRFLOW_CTX_EXECUTION_DATE='2017-01-03T05:10:00+00:00' AIRFLOW_CTX_TRY_NUMBER='1' AIRFLOW_CTX_DAG_RUN_ID='scheduled__2017-01-03T05:10:00+00:00'
[2024-08-02T17:13:06.300+0900] {taskinstance.py:430} INFO - ::endgroup::
[2024-08-02T17:13:06.311+0900] {baseoperator.py:400} WARNING - PythonVirtualenvOperator.execute cannot be called outside TaskInstance!
[2024-08-02T17:13:06.312+0900] {process_utils.py:183} INFO - Executing cmd: /home/oddsummer/.pyenv/versions/3.11.9/envs/air/bin/python -m virtualenv /tmp/venvyaz594je --python=python
[2024-08-02T17:13:06.312+0900] {process_utils.py:187} INFO - Output:
[2024-08-02T17:13:06.731+0900] {process_utils.py:191} INFO - created virtual environment CPython3.11.9.final.0-64 in 300ms
[2024-08-02T17:13:06.731+0900] {process_utils.py:191} INFO -   creator CPython3Posix(dest=/tmp/venvyaz594je, clear=False, no_vcs_ignore=False, global=False)
[2024-08-02T17:13:06.731+0900] {process_utils.py:191} INFO -   seeder FromAppData(download=False, pip=bundle, setuptools=bundle, wheel=bundle, via=copy, app_data_dir=/home/oddsummer/.local/share/virtualenv)
[2024-08-02T17:13:06.731+0900] {process_utils.py:191} INFO -     added seed packages: pip==24.1.2, setuptools==70.2.0, wheel==0.43.0
[2024-08-02T17:13:06.732+0900] {process_utils.py:191} INFO -   activators BashActivator,CShellActivator,FishActivator,NushellActivator,PowerShellActivator,PythonActivator
[2024-08-02T17:13:06.762+0900] {process_utils.py:183} INFO - Executing cmd: /tmp/venvyaz594je/bin/pip install -r /tmp/venvyaz594je/requirements.txt
[2024-08-02T17:13:06.763+0900] {process_utils.py:187} INFO - Output:
[2024-08-02T17:13:07.800+0900] {process_utils.py:191} INFO - Collecting git+https://github.com/7-TRG/extract_trg.git@main (from -r /tmp/venvyaz594je/requirements.txt (line 1))
[2024-08-02T17:13:07.801+0900] {process_utils.py:191} INFO -   Cloning https://github.com/7-TRG/extract_trg.git (to revision main) to /tmp/pip-req-build-6288uwya
[2024-08-02T17:13:07.803+0900] {process_utils.py:191} INFO -   Running command git clone --filter=blob:none --quiet https://github.com/7-TRG/extract_trg.git /tmp/pip-req-build-6288uwya
[2024-08-02T17:13:09.506+0900] {process_utils.py:191} INFO -   Resolved https://github.com/7-TRG/extract_trg.git to commit 0712b3f1bbaeeeea58bf80749079a62c7e1bec3d
[2024-08-02T17:13:09.512+0900] {process_utils.py:191} INFO -   Installing build dependencies: started
[2024-08-02T17:13:11.408+0900] {process_utils.py:191} INFO -   Installing build dependencies: finished with status 'done'
[2024-08-02T17:13:11.409+0900] {process_utils.py:191} INFO -   Getting requirements to build wheel: started
[2024-08-02T17:13:11.661+0900] {process_utils.py:191} INFO -   Getting requirements to build wheel: finished with status 'done'
[2024-08-02T17:13:11.662+0900] {process_utils.py:191} INFO -   Preparing metadata (pyproject.toml): started
[2024-08-02T17:13:11.910+0900] {process_utils.py:191} INFO -   Preparing metadata (pyproject.toml): finished with status 'done'
[2024-08-02T17:13:11.912+0900] {process_utils.py:191} INFO - Building wheels for collected packages: extract_trg
[2024-08-02T17:13:11.916+0900] {process_utils.py:191} INFO -   Building wheel for extract_trg (pyproject.toml): started
[2024-08-02T17:13:12.193+0900] {process_utils.py:191} INFO -   Building wheel for extract_trg (pyproject.toml): finished with status 'done'
[2024-08-02T17:13:12.194+0900] {process_utils.py:191} INFO -   Created wheel for extract_trg: filename=extract_trg-0.1.0-py3-none-any.whl size=2219 sha256=45600ff219f851dd1d46bb6da02d6fecd884a53db0c4e985ab4911cc938ebb20
[2024-08-02T17:13:12.194+0900] {process_utils.py:191} INFO -   Stored in directory: /tmp/pip-ephem-wheel-cache-2bqrokfm/wheels/21/97/ea/e27bc4298590f1b8a2b9c46b60aefbe2e3076cf05f6bd5e464
[2024-08-02T17:13:12.196+0900] {process_utils.py:191} INFO - Successfully built extract_trg
[2024-08-02T17:13:12.205+0900] {process_utils.py:191} INFO - Installing collected packages: extract_trg
[2024-08-02T17:13:12.222+0900] {process_utils.py:191} INFO - Successfully installed extract_trg-0.1.0
[2024-08-02T17:13:12.228+0900] {process_utils.py:191} INFO - 
[2024-08-02T17:13:12.228+0900] {process_utils.py:191} INFO - [notice] A new release of pip is available: 24.1.2 -> 24.2
[2024-08-02T17:13:12.229+0900] {process_utils.py:191} INFO - [notice] To update, run: python -m pip install --upgrade pip
[2024-08-02T17:13:12.323+0900] {process_utils.py:183} INFO - Executing cmd: /tmp/venvyaz594je/bin/python /tmp/venv-callcy_aorb5/script.py /tmp/venv-callcy_aorb5/script.in /tmp/venv-callcy_aorb5/script.out /tmp/venv-callcy_aorb5/string_args.txt /tmp/venv-callcy_aorb5/termination.log
[2024-08-02T17:13:12.323+0900] {process_utils.py:187} INFO - Output:
[2024-08-02T17:13:12.343+0900] {process_utils.py:191} INFO - 
[2024-08-02T17:13:12.344+0900] {process_utils.py:191} INFO - ---------------======---::::::------+--=======++++++++++===--:...::-=--==============--:.....:-=====
[2024-08-02T17:13:12.344+0900] {process_utils.py:191} INFO - ----::---------------------===--::--+-----=============++++++===---:....--===============--:...:-===
[2024-08-02T17:13:12.344+0900] {process_utils.py:191} INFO - ----------------------------------=++----------------------=+===========-::.:-======================
[2024-08-02T17:13:12.344+0900] {process_utils.py:191} INFO - =----------------------------------==-----------------------=-----==============================+=--
[2024-08-02T17:13:12.344+0900] {process_utils.py:191} INFO - %%####=----------------------------==----------------------=-::::-----======+*%#++================::
[2024-08-02T17:13:12.345+0900] {process_utils.py:191} INFO - %%%%%#=----------------------------=-:---------------------=--==--------=====*#*=================-::
[2024-08-02T17:13:12.345+0900] {process_utils.py:191} INFO - @@%%%*-----------------+***++=-----=-::-------------------:+---------=====+++====================-::
[2024-08-02T17:13:12.345+0900] {process_utils.py:191} INFO - @@%%%*---------------#%%%%##%%#=---=-+##*#+----------------=------------=====+====-=--===========-::
[2024-08-02T17:13:12.345+0900] {process_utils.py:191} INFO - @@@%%+--=+*%%%+-----+%@@%#++%%%#=--=*%+===#+::----------::=-----------=+*##*++=-----------=======-::
[2024-08-02T17:13:12.345+0900] {process_utils.py:191} INFO - +++++=-+#+***#*=-----#*++**+#@@@*--+#+**+***-:=-:---=*+-::=-----==+++*######%%%#=-------------==-:::
[2024-08-02T17:13:12.345+0900] {process_utils.py:191} INFO - *******-:::-*=-------+===+=-=+#%%:-=++++=+==-:=-:::=%%#-::###=-*#%%%%%%%%%%%%%%%%+---------------:::
[2024-08-02T17:13:12.345+0900] {process_utils.py:191} INFO - =====+=:--::+---+--+**++++*+++#%*-=--**++++-:=++=::+#*-::=%%%#*#%%%%%%%%@@%%%%@@%%#====------+#%%=-*
[2024-08-02T17:13:12.345+0900] {process_utils.py:191} INFO - =-==++---=+==*#%%%%%%=*++++++++==-=-*##*+=##**++=--++-:--*=-=*#%%%@%###*###*+++*%%%*=============-#%
[2024-08-02T17:13:12.346+0900] {process_utils.py:191} INFO - +-=------=*%%%%@%@@@@***=+*#+*##*#%%@@**++%@%%%%*+=--=-=+-:--:#%@@%#*****###*+---+*++#**===---=++*%@
[2024-08-02T17:13:12.346+0900] {process_utils.py:191} INFO - --==-::-*%%%@@@@@@@%#*=-+++%@%##%%@@@@@%#%@@@%%@%%%*=--=#%####-%@%%####++++++=---==++*####*+++*%@%@@
[2024-08-02T17:13:12.346+0900] {process_utils.py:191} INFO - -=*+=-=#@@@@@@@@@#*+++++*@@@@@@@@@@@@@@@@@@@@@@@@@@@#+==-+*+#=:-+#%##**==++**+++=====+*###*+**#@%##%
[2024-08-02T17:13:12.346+0900] {process_utils.py:191} INFO - -=++-+%%@%@@@@%+=-++***#@@@@@@@@@@@@%:+@@*%+=%@@@@@@%%#%%#*=+--:-=#++**%#*+=+++++===+**####=*%%%%%%%
[2024-08-02T17:13:12.346+0900] {process_utils.py:191} INFO - -=++#%%####+-:---=*%%@@%#######**++++=+++++++++%%=+%@@%##*+==-=++=+*****##*===+++++==*#####*+#%%##%%
[2024-08-02T17:13:12.346+0900] {process_utils.py:191} INFO - -=*+=---==+=-::::-*@@@%+=======++++++++++++++*#%#**%%%*==-+*=--+==*****#**+=====+++++=***+++=+==::::
[2024-08-02T17:13:12.346+0900] {process_utils.py:191} INFO - =#*=++++++*###**==*@@@%=======++++++++*@@@@@@@@%%#####-:=+----==******##****+++++***==-=+=:::.::::::
[2024-08-02T17:13:12.346+0900] {process_utils.py:191} INFO - #%*+*++++**##*###*+#@@#=========++++==*%%%%%%%%######*=-----==+*********##########*+====::::::::::::
[2024-08-02T17:13:12.346+0900] {process_utils.py:191} INFO - ++++*#%%@%*##*##***%@@*===============+%##%%######%%%%*==-===+*********+=+*#######*++++-:::--::-----
[2024-08-02T17:13:12.347+0900] {process_utils.py:191} INFO - ===+*#%@@%*##**#**+=--================+%%#%%###%#%%%%%#======*#######*-:-++*####*****++:------------
[2024-08-02T17:13:12.347+0900] {process_utils.py:191} INFO - =+=------=##**##**+=--================+%%#%%###%%#%%%%%+=====+###**++==----:-*####****=------==-====
[2024-08-02T17:13:12.347+0900] {process_utils.py:191} INFO - 
[2024-08-02T17:13:12.369+0900] {python.py:237} INFO - Done. Returned value was: None
[2024-08-02T17:13:12.369+0900] {taskinstance.py:441} INFO - ::group::Post task execution logs
[2024-08-02T17:13:12.374+0900] {taskinstance.py:1206} INFO - Marking task as SUCCESS. dag_id=movie, task_id=get.data, run_id=scheduled__2017-01-03T05:10:00+00:00, execution_date=20170103T051000, start_date=20240802T081306, end_date=20240802T081312
[2024-08-02T17:13:12.447+0900] {local_task_job_runner.py:243} INFO - Task exited with return code 0
[2024-08-02T17:13:12.462+0900] {taskinstance.py:3503} INFO - 0 downstream tasks scheduled from follow-on schedule check
[2024-08-02T17:13:12.463+0900] {local_task_job_runner.py:222} INFO - ::endgroup::
