[2024-08-02T17:32:14.945+0900] {local_task_job_runner.py:120} INFO - ::group::Pre task execution logs
[2024-08-02T17:32:14.965+0900] {taskinstance.py:2076} INFO - Dependencies all met for dep_context=non-requeueable deps ti=<TaskInstance: movie.get.data scheduled__2017-01-04T05:48:00+00:00 [queued]>
[2024-08-02T17:32:14.971+0900] {taskinstance.py:2076} INFO - Dependencies all met for dep_context=requeueable deps ti=<TaskInstance: movie.get.data scheduled__2017-01-04T05:48:00+00:00 [queued]>
[2024-08-02T17:32:14.972+0900] {taskinstance.py:2306} INFO - Starting attempt 1 of 3
[2024-08-02T17:32:14.987+0900] {taskinstance.py:2330} INFO - Executing <Task(PythonVirtualenvOperator): get.data> on 2017-01-04 05:48:00+00:00
[2024-08-02T17:32:14.990+0900] {standard_task_runner.py:64} INFO - Started process 166683 to run task
[2024-08-02T17:32:14.994+0900] {standard_task_runner.py:90} INFO - Running: ['airflow', 'tasks', 'run', 'movie', 'get.data', 'scheduled__2017-01-04T05:48:00+00:00', '--job-id', '239', '--raw', '--subdir', 'DAGS_FOLDER/movie.py', '--cfg-path', '/tmp/tmptvlyuw6d']
[2024-08-02T17:32:14.995+0900] {standard_task_runner.py:91} INFO - Job 239: Subtask get.data
[2024-08-02T17:32:15.031+0900] {task_command.py:426} INFO - Running <TaskInstance: movie.get.data scheduled__2017-01-04T05:48:00+00:00 [running]> on host playdata.
[2024-08-02T17:32:15.106+0900] {taskinstance.py:2648} INFO - Exporting env vars: AIRFLOW_CTX_DAG_OWNER='airflow' AIRFLOW_CTX_DAG_ID='movie' AIRFLOW_CTX_TASK_ID='get.data' AIRFLOW_CTX_EXECUTION_DATE='2017-01-04T05:48:00+00:00' AIRFLOW_CTX_TRY_NUMBER='1' AIRFLOW_CTX_DAG_RUN_ID='scheduled__2017-01-04T05:48:00+00:00'
[2024-08-02T17:32:15.106+0900] {taskinstance.py:430} INFO - ::endgroup::
[2024-08-02T17:32:15.116+0900] {baseoperator.py:400} WARNING - PythonVirtualenvOperator.execute cannot be called outside TaskInstance!
[2024-08-02T17:32:15.118+0900] {process_utils.py:183} INFO - Executing cmd: /home/oddsummer/.pyenv/versions/3.11.9/envs/air/bin/python -m virtualenv /tmp/venv30w5wdgu --python=python
[2024-08-02T17:32:15.119+0900] {process_utils.py:187} INFO - Output:
[2024-08-02T17:32:15.491+0900] {process_utils.py:191} INFO - created virtual environment CPython3.11.9.final.0-64 in 270ms
[2024-08-02T17:32:15.491+0900] {process_utils.py:191} INFO -   creator CPython3Posix(dest=/tmp/venv30w5wdgu, clear=False, no_vcs_ignore=False, global=False)
[2024-08-02T17:32:15.491+0900] {process_utils.py:191} INFO -   seeder FromAppData(download=False, pip=bundle, setuptools=bundle, wheel=bundle, via=copy, app_data_dir=/home/oddsummer/.local/share/virtualenv)
[2024-08-02T17:32:15.491+0900] {process_utils.py:191} INFO -     added seed packages: pip==24.1.2, setuptools==70.2.0, wheel==0.43.0
[2024-08-02T17:32:15.492+0900] {process_utils.py:191} INFO -   activators BashActivator,CShellActivator,FishActivator,NushellActivator,PowerShellActivator,PythonActivator
[2024-08-02T17:32:15.519+0900] {process_utils.py:183} INFO - Executing cmd: /tmp/venv30w5wdgu/bin/pip install -r /tmp/venv30w5wdgu/requirements.txt
[2024-08-02T17:32:15.519+0900] {process_utils.py:187} INFO - Output:
[2024-08-02T17:32:16.434+0900] {process_utils.py:191} INFO - Collecting git+https://github.com/7-TRG/extract_trg.git@main (from -r /tmp/venv30w5wdgu/requirements.txt (line 1))
[2024-08-02T17:32:16.435+0900] {process_utils.py:191} INFO -   Cloning https://github.com/7-TRG/extract_trg.git (to revision main) to /tmp/pip-req-build-cyitxtq7
[2024-08-02T17:32:16.438+0900] {process_utils.py:191} INFO -   Running command git clone --filter=blob:none --quiet https://github.com/7-TRG/extract_trg.git /tmp/pip-req-build-cyitxtq7
[2024-08-02T17:32:17.931+0900] {process_utils.py:191} INFO -   Resolved https://github.com/7-TRG/extract_trg.git to commit 0712b3f1bbaeeeea58bf80749079a62c7e1bec3d
[2024-08-02T17:32:17.938+0900] {process_utils.py:191} INFO -   Installing build dependencies: started
[2024-08-02T17:32:19.750+0900] {process_utils.py:191} INFO -   Installing build dependencies: finished with status 'done'
[2024-08-02T17:32:19.751+0900] {process_utils.py:191} INFO -   Getting requirements to build wheel: started
[2024-08-02T17:32:19.990+0900] {process_utils.py:191} INFO -   Getting requirements to build wheel: finished with status 'done'
[2024-08-02T17:32:19.991+0900] {process_utils.py:191} INFO -   Preparing metadata (pyproject.toml): started
[2024-08-02T17:32:20.257+0900] {process_utils.py:191} INFO -   Preparing metadata (pyproject.toml): finished with status 'done'
[2024-08-02T17:32:20.260+0900] {process_utils.py:191} INFO - Building wheels for collected packages: extract_trg
[2024-08-02T17:32:20.264+0900] {process_utils.py:191} INFO -   Building wheel for extract_trg (pyproject.toml): started
[2024-08-02T17:32:20.525+0900] {process_utils.py:191} INFO -   Building wheel for extract_trg (pyproject.toml): finished with status 'done'
[2024-08-02T17:32:20.526+0900] {process_utils.py:191} INFO -   Created wheel for extract_trg: filename=extract_trg-0.1.0-py3-none-any.whl size=2219 sha256=471a196d6c042a481cea6a4ccd2d2ddad407d1e7b4a9c0efc54f2e2ba10fbb84
[2024-08-02T17:32:20.526+0900] {process_utils.py:191} INFO -   Stored in directory: /tmp/pip-ephem-wheel-cache-3ndtu_gk/wheels/21/97/ea/e27bc4298590f1b8a2b9c46b60aefbe2e3076cf05f6bd5e464
[2024-08-02T17:32:20.528+0900] {process_utils.py:191} INFO - Successfully built extract_trg
[2024-08-02T17:32:20.538+0900] {process_utils.py:191} INFO - Installing collected packages: extract_trg
[2024-08-02T17:32:20.576+0900] {process_utils.py:191} INFO - Successfully installed extract_trg-0.1.0
[2024-08-02T17:32:20.585+0900] {process_utils.py:191} INFO - 
[2024-08-02T17:32:20.585+0900] {process_utils.py:191} INFO - [notice] A new release of pip is available: 24.1.2 -> 24.2
[2024-08-02T17:32:20.585+0900] {process_utils.py:191} INFO - [notice] To update, run: python -m pip install --upgrade pip
[2024-08-02T17:32:20.682+0900] {process_utils.py:183} INFO - Executing cmd: /tmp/venv30w5wdgu/bin/python /tmp/venv-callpf7ahhxr/script.py /tmp/venv-callpf7ahhxr/script.in /tmp/venv-callpf7ahhxr/script.out /tmp/venv-callpf7ahhxr/string_args.txt /tmp/venv-callpf7ahhxr/termination.log
[2024-08-02T17:32:20.683+0900] {process_utils.py:187} INFO - Output:
[2024-08-02T17:32:20.702+0900] {process_utils.py:191} INFO - 
[2024-08-02T17:32:20.702+0900] {process_utils.py:191} INFO - ---------------======---::::::------+--=======++++++++++===--:...::-=--==============--:.....:-=====
[2024-08-02T17:32:20.702+0900] {process_utils.py:191} INFO - ----::---------------------===--::--+-----=============++++++===---:....--===============--:...:-===
[2024-08-02T17:32:20.702+0900] {process_utils.py:191} INFO - ----------------------------------=++----------------------=+===========-::.:-======================
[2024-08-02T17:32:20.703+0900] {process_utils.py:191} INFO - =----------------------------------==-----------------------=-----==============================+=--
[2024-08-02T17:32:20.703+0900] {process_utils.py:191} INFO - %%####=----------------------------==----------------------=-::::-----======+*%#++================::
[2024-08-02T17:32:20.703+0900] {process_utils.py:191} INFO - %%%%%#=----------------------------=-:---------------------=--==--------=====*#*=================-::
[2024-08-02T17:32:20.703+0900] {process_utils.py:191} INFO - @@%%%*-----------------+***++=-----=-::-------------------:+---------=====+++====================-::
[2024-08-02T17:32:20.703+0900] {process_utils.py:191} INFO - @@%%%*---------------#%%%%##%%#=---=-+##*#+----------------=------------=====+====-=--===========-::
[2024-08-02T17:32:20.703+0900] {process_utils.py:191} INFO - @@@%%+--=+*%%%+-----+%@@%#++%%%#=--=*%+===#+::----------::=-----------=+*##*++=-----------=======-::
[2024-08-02T17:32:20.703+0900] {process_utils.py:191} INFO - +++++=-+#+***#*=-----#*++**+#@@@*--+#+**+***-:=-:---=*+-::=-----==+++*######%%%#=-------------==-:::
[2024-08-02T17:32:20.704+0900] {process_utils.py:191} INFO - *******-:::-*=-------+===+=-=+#%%:-=++++=+==-:=-:::=%%#-::###=-*#%%%%%%%%%%%%%%%%+---------------:::
[2024-08-02T17:32:20.704+0900] {process_utils.py:191} INFO - =====+=:--::+---+--+**++++*+++#%*-=--**++++-:=++=::+#*-::=%%%#*#%%%%%%%%@@%%%%@@%%#====------+#%%=-*
[2024-08-02T17:32:20.704+0900] {process_utils.py:191} INFO - =-==++---=+==*#%%%%%%=*++++++++==-=-*##*+=##**++=--++-:--*=-=*#%%%@%###*###*+++*%%%*=============-#%
[2024-08-02T17:32:20.704+0900] {process_utils.py:191} INFO - +-=------=*%%%%@%@@@@***=+*#+*##*#%%@@**++%@%%%%*+=--=-=+-:--:#%@@%#*****###*+---+*++#**===---=++*%@
[2024-08-02T17:32:20.704+0900] {process_utils.py:191} INFO - --==-::-*%%%@@@@@@@%#*=-+++%@%##%%@@@@@%#%@@@%%@%%%*=--=#%####-%@%%####++++++=---==++*####*+++*%@%@@
[2024-08-02T17:32:20.704+0900] {process_utils.py:191} INFO - -=*+=-=#@@@@@@@@@#*+++++*@@@@@@@@@@@@@@@@@@@@@@@@@@@#+==-+*+#=:-+#%##**==++**+++=====+*###*+**#@%##%
[2024-08-02T17:32:20.704+0900] {process_utils.py:191} INFO - -=++-+%%@%@@@@%+=-++***#@@@@@@@@@@@@%:+@@*%+=%@@@@@@%%#%%#*=+--:-=#++**%#*+=+++++===+**####=*%%%%%%%
[2024-08-02T17:32:20.705+0900] {process_utils.py:191} INFO - -=++#%%####+-:---=*%%@@%#######**++++=+++++++++%%=+%@@%##*+==-=++=+*****##*===+++++==*#####*+#%%##%%
[2024-08-02T17:32:20.705+0900] {process_utils.py:191} INFO - -=*+=---==+=-::::-*@@@%+=======++++++++++++++*#%#**%%%*==-+*=--+==*****#**+=====+++++=***+++=+==::::
[2024-08-02T17:32:20.705+0900] {process_utils.py:191} INFO - =#*=++++++*###**==*@@@%=======++++++++*@@@@@@@@%%#####-:=+----==******##****+++++***==-=+=:::.::::::
[2024-08-02T17:32:20.705+0900] {process_utils.py:191} INFO - #%*+*++++**##*###*+#@@#=========++++==*%%%%%%%%######*=-----==+*********##########*+====::::::::::::
[2024-08-02T17:32:20.705+0900] {process_utils.py:191} INFO - ++++*#%%@%*##*##***%@@*===============+%##%%######%%%%*==-===+*********+=+*#######*++++-:::--::-----
[2024-08-02T17:32:20.705+0900] {process_utils.py:191} INFO - ===+*#%@@%*##**#**+=--================+%%#%%###%#%%%%%#======*#######*-:-++*####*****++:------------
[2024-08-02T17:32:20.705+0900] {process_utils.py:191} INFO - =+=------=##**##**+=--================+%%#%%###%%#%%%%%+=====+###**++==----:-*####****=------==-====
[2024-08-02T17:32:20.705+0900] {process_utils.py:191} INFO - 
[2024-08-02T17:32:20.733+0900] {python.py:237} INFO - Done. Returned value was: None
[2024-08-02T17:32:20.733+0900] {taskinstance.py:441} INFO - ::group::Post task execution logs
[2024-08-02T17:32:20.737+0900] {taskinstance.py:1206} INFO - Marking task as SUCCESS. dag_id=movie, task_id=get.data, run_id=scheduled__2017-01-04T05:48:00+00:00, execution_date=20170104T054800, start_date=20240802T083214, end_date=20240802T083220
[2024-08-02T17:32:20.797+0900] {local_task_job_runner.py:243} INFO - Task exited with return code 0
[2024-08-02T17:32:20.808+0900] {taskinstance.py:3503} INFO - 0 downstream tasks scheduled from follow-on schedule check
[2024-08-02T17:32:20.809+0900] {local_task_job_runner.py:222} INFO - ::endgroup::
