[2024-08-02T17:01:51.129+0900] {local_task_job_runner.py:120} INFO - ::group::Pre task execution logs
[2024-08-02T17:01:51.150+0900] {taskinstance.py:2076} INFO - Dependencies all met for dep_context=non-requeueable deps ti=<TaskInstance: movie.get.data scheduled__2017-01-02T05:12:00+00:00 [queued]>
[2024-08-02T17:01:51.158+0900] {taskinstance.py:2076} INFO - Dependencies all met for dep_context=requeueable deps ti=<TaskInstance: movie.get.data scheduled__2017-01-02T05:12:00+00:00 [queued]>
[2024-08-02T17:01:51.159+0900] {taskinstance.py:2306} INFO - Starting attempt 1 of 3
[2024-08-02T17:01:51.174+0900] {taskinstance.py:2330} INFO - Executing <Task(PythonVirtualenvOperator): get.data> on 2017-01-02 05:12:00+00:00
[2024-08-02T17:01:51.177+0900] {standard_task_runner.py:64} INFO - Started process 151872 to run task
[2024-08-02T17:01:51.181+0900] {standard_task_runner.py:90} INFO - Running: ['airflow', 'tasks', 'run', 'movie', 'get.data', 'scheduled__2017-01-02T05:12:00+00:00', '--job-id', '83', '--raw', '--subdir', 'DAGS_FOLDER/movie.py', '--cfg-path', '/tmp/tmp0lg3ebf9']
[2024-08-02T17:01:51.183+0900] {standard_task_runner.py:91} INFO - Job 83: Subtask get.data
[2024-08-02T17:01:51.222+0900] {task_command.py:426} INFO - Running <TaskInstance: movie.get.data scheduled__2017-01-02T05:12:00+00:00 [running]> on host playdata.
[2024-08-02T17:01:51.295+0900] {taskinstance.py:2648} INFO - Exporting env vars: AIRFLOW_CTX_DAG_OWNER='airflow' AIRFLOW_CTX_DAG_ID='movie' AIRFLOW_CTX_TASK_ID='get.data' AIRFLOW_CTX_EXECUTION_DATE='2017-01-02T05:12:00+00:00' AIRFLOW_CTX_TRY_NUMBER='1' AIRFLOW_CTX_DAG_RUN_ID='scheduled__2017-01-02T05:12:00+00:00'
[2024-08-02T17:01:51.296+0900] {taskinstance.py:430} INFO - ::endgroup::
[2024-08-02T17:01:51.308+0900] {baseoperator.py:400} WARNING - PythonVirtualenvOperator.execute cannot be called outside TaskInstance!
[2024-08-02T17:01:51.309+0900] {process_utils.py:183} INFO - Executing cmd: /home/oddsummer/.pyenv/versions/3.11.9/envs/air/bin/python -m virtualenv /tmp/venv640pmptn --python=python
[2024-08-02T17:01:51.310+0900] {process_utils.py:187} INFO - Output:
[2024-08-02T17:01:51.743+0900] {process_utils.py:191} INFO - created virtual environment CPython3.11.9.final.0-64 in 325ms
[2024-08-02T17:01:51.743+0900] {process_utils.py:191} INFO -   creator CPython3Posix(dest=/tmp/venv640pmptn, clear=False, no_vcs_ignore=False, global=False)
[2024-08-02T17:01:51.743+0900] {process_utils.py:191} INFO -   seeder FromAppData(download=False, pip=bundle, setuptools=bundle, wheel=bundle, via=copy, app_data_dir=/home/oddsummer/.local/share/virtualenv)
[2024-08-02T17:01:51.744+0900] {process_utils.py:191} INFO -     added seed packages: pip==24.1.2, setuptools==70.2.0, wheel==0.43.0
[2024-08-02T17:01:51.744+0900] {process_utils.py:191} INFO -   activators BashActivator,CShellActivator,FishActivator,NushellActivator,PowerShellActivator,PythonActivator
[2024-08-02T17:01:51.768+0900] {process_utils.py:183} INFO - Executing cmd: /tmp/venv640pmptn/bin/pip install -r /tmp/venv640pmptn/requirements.txt
[2024-08-02T17:01:51.769+0900] {process_utils.py:187} INFO - Output:
[2024-08-02T17:01:52.719+0900] {process_utils.py:191} INFO - Collecting git+https://github.com/7-TRG/extract_trg.git@main (from -r /tmp/venv640pmptn/requirements.txt (line 1))
[2024-08-02T17:01:52.720+0900] {process_utils.py:191} INFO -   Cloning https://github.com/7-TRG/extract_trg.git (to revision main) to /tmp/pip-req-build-632jqky9
[2024-08-02T17:01:52.722+0900] {process_utils.py:191} INFO -   Running command git clone --filter=blob:none --quiet https://github.com/7-TRG/extract_trg.git /tmp/pip-req-build-632jqky9
[2024-08-02T17:01:54.283+0900] {process_utils.py:191} INFO -   Resolved https://github.com/7-TRG/extract_trg.git to commit 0712b3f1bbaeeeea58bf80749079a62c7e1bec3d
[2024-08-02T17:01:54.288+0900] {process_utils.py:191} INFO -   Installing build dependencies: started
[2024-08-02T17:01:56.124+0900] {process_utils.py:191} INFO -   Installing build dependencies: finished with status 'done'
[2024-08-02T17:01:56.125+0900] {process_utils.py:191} INFO -   Getting requirements to build wheel: started
[2024-08-02T17:01:56.372+0900] {process_utils.py:191} INFO -   Getting requirements to build wheel: finished with status 'done'
[2024-08-02T17:01:56.374+0900] {process_utils.py:191} INFO -   Preparing metadata (pyproject.toml): started
[2024-08-02T17:01:56.627+0900] {process_utils.py:191} INFO -   Preparing metadata (pyproject.toml): finished with status 'done'
[2024-08-02T17:01:56.629+0900] {process_utils.py:191} INFO - Building wheels for collected packages: extract_trg
[2024-08-02T17:01:56.633+0900] {process_utils.py:191} INFO -   Building wheel for extract_trg (pyproject.toml): started
[2024-08-02T17:01:56.891+0900] {process_utils.py:191} INFO -   Building wheel for extract_trg (pyproject.toml): finished with status 'done'
[2024-08-02T17:01:56.892+0900] {process_utils.py:191} INFO -   Created wheel for extract_trg: filename=extract_trg-0.1.0-py3-none-any.whl size=2219 sha256=740023beb4cf2c5175c3e6182ed4e826bddc3e47bf7bd50535dbc5a39d40c374
[2024-08-02T17:01:56.892+0900] {process_utils.py:191} INFO -   Stored in directory: /tmp/pip-ephem-wheel-cache-7cjjduwj/wheels/21/97/ea/e27bc4298590f1b8a2b9c46b60aefbe2e3076cf05f6bd5e464
[2024-08-02T17:01:56.895+0900] {process_utils.py:191} INFO - Successfully built extract_trg
[2024-08-02T17:01:56.904+0900] {process_utils.py:191} INFO - Installing collected packages: extract_trg
[2024-08-02T17:01:56.920+0900] {process_utils.py:191} INFO - Successfully installed extract_trg-0.1.0
[2024-08-02T17:01:56.927+0900] {process_utils.py:191} INFO - 
[2024-08-02T17:01:56.927+0900] {process_utils.py:191} INFO - [notice] A new release of pip is available: 24.1.2 -> 24.2
[2024-08-02T17:01:56.927+0900] {process_utils.py:191} INFO - [notice] To update, run: python -m pip install --upgrade pip
[2024-08-02T17:01:57.020+0900] {process_utils.py:183} INFO - Executing cmd: /tmp/venv640pmptn/bin/python /tmp/venv-call_18uldjc/script.py /tmp/venv-call_18uldjc/script.in /tmp/venv-call_18uldjc/script.out /tmp/venv-call_18uldjc/string_args.txt /tmp/venv-call_18uldjc/termination.log
[2024-08-02T17:01:57.020+0900] {process_utils.py:187} INFO - Output:
[2024-08-02T17:01:57.045+0900] {process_utils.py:191} INFO - 
[2024-08-02T17:01:57.045+0900] {process_utils.py:191} INFO - ---------------======---::::::------+--=======++++++++++===--:...::-=--==============--:.....:-=====
[2024-08-02T17:01:57.045+0900] {process_utils.py:191} INFO - ----::---------------------===--::--+-----=============++++++===---:....--===============--:...:-===
[2024-08-02T17:01:57.046+0900] {process_utils.py:191} INFO - ----------------------------------=++----------------------=+===========-::.:-======================
[2024-08-02T17:01:57.046+0900] {process_utils.py:191} INFO - =----------------------------------==-----------------------=-----==============================+=--
[2024-08-02T17:01:57.046+0900] {process_utils.py:191} INFO - %%####=----------------------------==----------------------=-::::-----======+*%#++================::
[2024-08-02T17:01:57.046+0900] {process_utils.py:191} INFO - %%%%%#=----------------------------=-:---------------------=--==--------=====*#*=================-::
[2024-08-02T17:01:57.047+0900] {process_utils.py:191} INFO - @@%%%*-----------------+***++=-----=-::-------------------:+---------=====+++====================-::
[2024-08-02T17:01:57.047+0900] {process_utils.py:191} INFO - @@%%%*---------------#%%%%##%%#=---=-+##*#+----------------=------------=====+====-=--===========-::
[2024-08-02T17:01:57.047+0900] {process_utils.py:191} INFO - @@@%%+--=+*%%%+-----+%@@%#++%%%#=--=*%+===#+::----------::=-----------=+*##*++=-----------=======-::
[2024-08-02T17:01:57.047+0900] {process_utils.py:191} INFO - +++++=-+#+***#*=-----#*++**+#@@@*--+#+**+***-:=-:---=*+-::=-----==+++*######%%%#=-------------==-:::
[2024-08-02T17:01:57.047+0900] {process_utils.py:191} INFO - *******-:::-*=-------+===+=-=+#%%:-=++++=+==-:=-:::=%%#-::###=-*#%%%%%%%%%%%%%%%%+---------------:::
[2024-08-02T17:01:57.048+0900] {process_utils.py:191} INFO - =====+=:--::+---+--+**++++*+++#%*-=--**++++-:=++=::+#*-::=%%%#*#%%%%%%%%@@%%%%@@%%#====------+#%%=-*
[2024-08-02T17:01:57.048+0900] {process_utils.py:191} INFO - =-==++---=+==*#%%%%%%=*++++++++==-=-*##*+=##**++=--++-:--*=-=*#%%%@%###*###*+++*%%%*=============-#%
[2024-08-02T17:01:57.048+0900] {process_utils.py:191} INFO - +-=------=*%%%%@%@@@@***=+*#+*##*#%%@@**++%@%%%%*+=--=-=+-:--:#%@@%#*****###*+---+*++#**===---=++*%@
[2024-08-02T17:01:57.048+0900] {process_utils.py:191} INFO - --==-::-*%%%@@@@@@@%#*=-+++%@%##%%@@@@@%#%@@@%%@%%%*=--=#%####-%@%%####++++++=---==++*####*+++*%@%@@
[2024-08-02T17:01:57.048+0900] {process_utils.py:191} INFO - -=*+=-=#@@@@@@@@@#*+++++*@@@@@@@@@@@@@@@@@@@@@@@@@@@#+==-+*+#=:-+#%##**==++**+++=====+*###*+**#@%##%
[2024-08-02T17:01:57.049+0900] {process_utils.py:191} INFO - -=++-+%%@%@@@@%+=-++***#@@@@@@@@@@@@%:+@@*%+=%@@@@@@%%#%%#*=+--:-=#++**%#*+=+++++===+**####=*%%%%%%%
[2024-08-02T17:01:57.049+0900] {process_utils.py:191} INFO - -=++#%%####+-:---=*%%@@%#######**++++=+++++++++%%=+%@@%##*+==-=++=+*****##*===+++++==*#####*+#%%##%%
[2024-08-02T17:01:57.049+0900] {process_utils.py:191} INFO - -=*+=---==+=-::::-*@@@%+=======++++++++++++++*#%#**%%%*==-+*=--+==*****#**+=====+++++=***+++=+==::::
[2024-08-02T17:01:57.049+0900] {process_utils.py:191} INFO - =#*=++++++*###**==*@@@%=======++++++++*@@@@@@@@%%#####-:=+----==******##****+++++***==-=+=:::.::::::
[2024-08-02T17:01:57.049+0900] {process_utils.py:191} INFO - #%*+*++++**##*###*+#@@#=========++++==*%%%%%%%%######*=-----==+*********##########*+====::::::::::::
[2024-08-02T17:01:57.049+0900] {process_utils.py:191} INFO - ++++*#%%@%*##*##***%@@*===============+%##%%######%%%%*==-===+*********+=+*#######*++++-:::--::-----
[2024-08-02T17:01:57.049+0900] {process_utils.py:191} INFO - ===+*#%@@%*##**#**+=--================+%%#%%###%#%%%%%#======*#######*-:-++*####*****++:------------
[2024-08-02T17:01:57.050+0900] {process_utils.py:191} INFO - =+=------=##**##**+=--================+%%#%%###%%#%%%%%+=====+###**++==----:-*####****=------==-====
[2024-08-02T17:01:57.050+0900] {process_utils.py:191} INFO - 
[2024-08-02T17:01:57.073+0900] {python.py:237} INFO - Done. Returned value was: None
[2024-08-02T17:01:57.073+0900] {taskinstance.py:441} INFO - ::group::Post task execution logs
[2024-08-02T17:01:57.077+0900] {taskinstance.py:1206} INFO - Marking task as SUCCESS. dag_id=movie, task_id=get.data, run_id=scheduled__2017-01-02T05:12:00+00:00, execution_date=20170102T051200, start_date=20240802T080151, end_date=20240802T080157
[2024-08-02T17:01:57.114+0900] {local_task_job_runner.py:243} INFO - Task exited with return code 0
[2024-08-02T17:01:57.126+0900] {taskinstance.py:3503} INFO - 0 downstream tasks scheduled from follow-on schedule check
[2024-08-02T17:01:57.127+0900] {local_task_job_runner.py:222} INFO - ::endgroup::
