[2024-08-02T17:19:20.011+0900] {local_task_job_runner.py:120} INFO - ::group::Pre task execution logs
[2024-08-02T17:19:20.033+0900] {taskinstance.py:2076} INFO - Dependencies all met for dep_context=non-requeueable deps ti=<TaskInstance: movie.get.data scheduled__2017-01-03T05:42:00+00:00 [queued]>
[2024-08-02T17:19:20.042+0900] {taskinstance.py:2076} INFO - Dependencies all met for dep_context=requeueable deps ti=<TaskInstance: movie.get.data scheduled__2017-01-03T05:42:00+00:00 [queued]>
[2024-08-02T17:19:20.042+0900] {taskinstance.py:2306} INFO - Starting attempt 1 of 3
[2024-08-02T17:19:20.061+0900] {taskinstance.py:2330} INFO - Executing <Task(PythonVirtualenvOperator): get.data> on 2017-01-03 05:42:00+00:00
[2024-08-02T17:19:20.063+0900] {standard_task_runner.py:64} INFO - Started process 160863 to run task
[2024-08-02T17:19:20.068+0900] {standard_task_runner.py:90} INFO - Running: ['airflow', 'tasks', 'run', 'movie', 'get.data', 'scheduled__2017-01-03T05:42:00+00:00', '--job-id', '173', '--raw', '--subdir', 'DAGS_FOLDER/movie.py', '--cfg-path', '/tmp/tmp1j53__so']
[2024-08-02T17:19:20.069+0900] {standard_task_runner.py:91} INFO - Job 173: Subtask get.data
[2024-08-02T17:19:20.105+0900] {task_command.py:426} INFO - Running <TaskInstance: movie.get.data scheduled__2017-01-03T05:42:00+00:00 [running]> on host playdata.
[2024-08-02T17:19:20.176+0900] {taskinstance.py:2648} INFO - Exporting env vars: AIRFLOW_CTX_DAG_OWNER='airflow' AIRFLOW_CTX_DAG_ID='movie' AIRFLOW_CTX_TASK_ID='get.data' AIRFLOW_CTX_EXECUTION_DATE='2017-01-03T05:42:00+00:00' AIRFLOW_CTX_TRY_NUMBER='1' AIRFLOW_CTX_DAG_RUN_ID='scheduled__2017-01-03T05:42:00+00:00'
[2024-08-02T17:19:20.177+0900] {taskinstance.py:430} INFO - ::endgroup::
[2024-08-02T17:19:20.191+0900] {baseoperator.py:400} WARNING - PythonVirtualenvOperator.execute cannot be called outside TaskInstance!
[2024-08-02T17:19:20.192+0900] {process_utils.py:183} INFO - Executing cmd: /home/oddsummer/.pyenv/versions/3.11.9/envs/air/bin/python -m virtualenv /tmp/venv9iqh955o --python=python
[2024-08-02T17:19:20.193+0900] {process_utils.py:187} INFO - Output:
[2024-08-02T17:19:20.658+0900] {process_utils.py:191} INFO - created virtual environment CPython3.11.9.final.0-64 in 329ms
[2024-08-02T17:19:20.658+0900] {process_utils.py:191} INFO -   creator CPython3Posix(dest=/tmp/venv9iqh955o, clear=False, no_vcs_ignore=False, global=False)
[2024-08-02T17:19:20.659+0900] {process_utils.py:191} INFO -   seeder FromAppData(download=False, pip=bundle, setuptools=bundle, wheel=bundle, via=copy, app_data_dir=/home/oddsummer/.local/share/virtualenv)
[2024-08-02T17:19:20.659+0900] {process_utils.py:191} INFO -     added seed packages: pip==24.1.2, setuptools==70.2.0, wheel==0.43.0
[2024-08-02T17:19:20.659+0900] {process_utils.py:191} INFO -   activators BashActivator,CShellActivator,FishActivator,NushellActivator,PowerShellActivator,PythonActivator
[2024-08-02T17:19:20.705+0900] {process_utils.py:183} INFO - Executing cmd: /tmp/venv9iqh955o/bin/pip install -r /tmp/venv9iqh955o/requirements.txt
[2024-08-02T17:19:20.706+0900] {process_utils.py:187} INFO - Output:
[2024-08-02T17:19:21.806+0900] {process_utils.py:191} INFO - Collecting git+https://github.com/7-TRG/extract_trg.git@main (from -r /tmp/venv9iqh955o/requirements.txt (line 1))
[2024-08-02T17:19:21.808+0900] {process_utils.py:191} INFO -   Cloning https://github.com/7-TRG/extract_trg.git (to revision main) to /tmp/pip-req-build-opol6ii6
[2024-08-02T17:19:21.811+0900] {process_utils.py:191} INFO -   Running command git clone --filter=blob:none --quiet https://github.com/7-TRG/extract_trg.git /tmp/pip-req-build-opol6ii6
[2024-08-02T17:19:23.368+0900] {process_utils.py:191} INFO -   Resolved https://github.com/7-TRG/extract_trg.git to commit 0712b3f1bbaeeeea58bf80749079a62c7e1bec3d
[2024-08-02T17:19:23.375+0900] {process_utils.py:191} INFO -   Installing build dependencies: started
[2024-08-02T17:19:25.676+0900] {process_utils.py:191} INFO -   Installing build dependencies: finished with status 'done'
[2024-08-02T17:19:25.677+0900] {process_utils.py:191} INFO -   Getting requirements to build wheel: started
[2024-08-02T17:19:25.986+0900] {process_utils.py:191} INFO -   Getting requirements to build wheel: finished with status 'done'
[2024-08-02T17:19:25.987+0900] {process_utils.py:191} INFO -   Preparing metadata (pyproject.toml): started
[2024-08-02T17:19:26.279+0900] {process_utils.py:191} INFO -   Preparing metadata (pyproject.toml): finished with status 'done'
[2024-08-02T17:19:26.282+0900] {process_utils.py:191} INFO - Building wheels for collected packages: extract_trg
[2024-08-02T17:19:26.286+0900] {process_utils.py:191} INFO -   Building wheel for extract_trg (pyproject.toml): started
[2024-08-02T17:19:26.565+0900] {process_utils.py:191} INFO -   Building wheel for extract_trg (pyproject.toml): finished with status 'done'
[2024-08-02T17:19:26.566+0900] {process_utils.py:191} INFO -   Created wheel for extract_trg: filename=extract_trg-0.1.0-py3-none-any.whl size=2219 sha256=8338a1331cba1a88ca010b44e6c8d1094d904795ccd3a0f3fe6349b5e670c906
[2024-08-02T17:19:26.567+0900] {process_utils.py:191} INFO -   Stored in directory: /tmp/pip-ephem-wheel-cache-4q9303d5/wheels/21/97/ea/e27bc4298590f1b8a2b9c46b60aefbe2e3076cf05f6bd5e464
[2024-08-02T17:19:26.569+0900] {process_utils.py:191} INFO - Successfully built extract_trg
[2024-08-02T17:19:26.579+0900] {process_utils.py:191} INFO - Installing collected packages: extract_trg
[2024-08-02T17:19:26.595+0900] {process_utils.py:191} INFO - Successfully installed extract_trg-0.1.0
[2024-08-02T17:19:26.601+0900] {process_utils.py:191} INFO - 
[2024-08-02T17:19:26.601+0900] {process_utils.py:191} INFO - [notice] A new release of pip is available: 24.1.2 -> 24.2
[2024-08-02T17:19:26.602+0900] {process_utils.py:191} INFO - [notice] To update, run: python -m pip install --upgrade pip
[2024-08-02T17:19:26.703+0900] {process_utils.py:183} INFO - Executing cmd: /tmp/venv9iqh955o/bin/python /tmp/venv-call8galj3kl/script.py /tmp/venv-call8galj3kl/script.in /tmp/venv-call8galj3kl/script.out /tmp/venv-call8galj3kl/string_args.txt /tmp/venv-call8galj3kl/termination.log
[2024-08-02T17:19:26.704+0900] {process_utils.py:187} INFO - Output:
[2024-08-02T17:19:26.727+0900] {process_utils.py:191} INFO - 
[2024-08-02T17:19:26.727+0900] {process_utils.py:191} INFO - ---------------======---::::::------+--=======++++++++++===--:...::-=--==============--:.....:-=====
[2024-08-02T17:19:26.727+0900] {process_utils.py:191} INFO - ----::---------------------===--::--+-----=============++++++===---:....--===============--:...:-===
[2024-08-02T17:19:26.727+0900] {process_utils.py:191} INFO - ----------------------------------=++----------------------=+===========-::.:-======================
[2024-08-02T17:19:26.727+0900] {process_utils.py:191} INFO - =----------------------------------==-----------------------=-----==============================+=--
[2024-08-02T17:19:26.728+0900] {process_utils.py:191} INFO - %%####=----------------------------==----------------------=-::::-----======+*%#++================::
[2024-08-02T17:19:26.728+0900] {process_utils.py:191} INFO - %%%%%#=----------------------------=-:---------------------=--==--------=====*#*=================-::
[2024-08-02T17:19:26.728+0900] {process_utils.py:191} INFO - @@%%%*-----------------+***++=-----=-::-------------------:+---------=====+++====================-::
[2024-08-02T17:19:26.728+0900] {process_utils.py:191} INFO - @@%%%*---------------#%%%%##%%#=---=-+##*#+----------------=------------=====+====-=--===========-::
[2024-08-02T17:19:26.728+0900] {process_utils.py:191} INFO - @@@%%+--=+*%%%+-----+%@@%#++%%%#=--=*%+===#+::----------::=-----------=+*##*++=-----------=======-::
[2024-08-02T17:19:26.728+0900] {process_utils.py:191} INFO - +++++=-+#+***#*=-----#*++**+#@@@*--+#+**+***-:=-:---=*+-::=-----==+++*######%%%#=-------------==-:::
[2024-08-02T17:19:26.728+0900] {process_utils.py:191} INFO - *******-:::-*=-------+===+=-=+#%%:-=++++=+==-:=-:::=%%#-::###=-*#%%%%%%%%%%%%%%%%+---------------:::
[2024-08-02T17:19:26.728+0900] {process_utils.py:191} INFO - =====+=:--::+---+--+**++++*+++#%*-=--**++++-:=++=::+#*-::=%%%#*#%%%%%%%%@@%%%%@@%%#====------+#%%=-*
[2024-08-02T17:19:26.729+0900] {process_utils.py:191} INFO - =-==++---=+==*#%%%%%%=*++++++++==-=-*##*+=##**++=--++-:--*=-=*#%%%@%###*###*+++*%%%*=============-#%
[2024-08-02T17:19:26.729+0900] {process_utils.py:191} INFO - +-=------=*%%%%@%@@@@***=+*#+*##*#%%@@**++%@%%%%*+=--=-=+-:--:#%@@%#*****###*+---+*++#**===---=++*%@
[2024-08-02T17:19:26.729+0900] {process_utils.py:191} INFO - --==-::-*%%%@@@@@@@%#*=-+++%@%##%%@@@@@%#%@@@%%@%%%*=--=#%####-%@%%####++++++=---==++*####*+++*%@%@@
[2024-08-02T17:19:26.729+0900] {process_utils.py:191} INFO - -=*+=-=#@@@@@@@@@#*+++++*@@@@@@@@@@@@@@@@@@@@@@@@@@@#+==-+*+#=:-+#%##**==++**+++=====+*###*+**#@%##%
[2024-08-02T17:19:26.729+0900] {process_utils.py:191} INFO - -=++-+%%@%@@@@%+=-++***#@@@@@@@@@@@@%:+@@*%+=%@@@@@@%%#%%#*=+--:-=#++**%#*+=+++++===+**####=*%%%%%%%
[2024-08-02T17:19:26.729+0900] {process_utils.py:191} INFO - -=++#%%####+-:---=*%%@@%#######**++++=+++++++++%%=+%@@%##*+==-=++=+*****##*===+++++==*#####*+#%%##%%
[2024-08-02T17:19:26.729+0900] {process_utils.py:191} INFO - -=*+=---==+=-::::-*@@@%+=======++++++++++++++*#%#**%%%*==-+*=--+==*****#**+=====+++++=***+++=+==::::
[2024-08-02T17:19:26.730+0900] {process_utils.py:191} INFO - =#*=++++++*###**==*@@@%=======++++++++*@@@@@@@@%%#####-:=+----==******##****+++++***==-=+=:::.::::::
[2024-08-02T17:19:26.730+0900] {process_utils.py:191} INFO - #%*+*++++**##*###*+#@@#=========++++==*%%%%%%%%######*=-----==+*********##########*+====::::::::::::
[2024-08-02T17:19:26.730+0900] {process_utils.py:191} INFO - ++++*#%%@%*##*##***%@@*===============+%##%%######%%%%*==-===+*********+=+*#######*++++-:::--::-----
[2024-08-02T17:19:26.730+0900] {process_utils.py:191} INFO - ===+*#%@@%*##**#**+=--================+%%#%%###%#%%%%%#======*#######*-:-++*####*****++:------------
[2024-08-02T17:19:26.730+0900] {process_utils.py:191} INFO - =+=------=##**##**+=--================+%%#%%###%%#%%%%%+=====+###**++==----:-*####****=------==-====
[2024-08-02T17:19:26.730+0900] {process_utils.py:191} INFO - 
[2024-08-02T17:19:26.752+0900] {python.py:237} INFO - Done. Returned value was: None
[2024-08-02T17:19:26.753+0900] {taskinstance.py:441} INFO - ::group::Post task execution logs
[2024-08-02T17:19:26.757+0900] {taskinstance.py:1206} INFO - Marking task as SUCCESS. dag_id=movie, task_id=get.data, run_id=scheduled__2017-01-03T05:42:00+00:00, execution_date=20170103T054200, start_date=20240802T081920, end_date=20240802T081926
[2024-08-02T17:19:26.819+0900] {local_task_job_runner.py:243} INFO - Task exited with return code 0
[2024-08-02T17:19:26.836+0900] {taskinstance.py:3503} INFO - 0 downstream tasks scheduled from follow-on schedule check
[2024-08-02T17:19:26.836+0900] {local_task_job_runner.py:222} INFO - ::endgroup::
