[2024-08-02T17:46:24.171+0900] {local_task_job_runner.py:120} INFO - ::group::Pre task execution logs
[2024-08-02T17:46:24.192+0900] {taskinstance.py:2076} INFO - Dependencies all met for dep_context=non-requeueable deps ti=<TaskInstance: movie.transform scheduled__2017-01-05T05:26:00+00:00 [queued]>
[2024-08-02T17:46:24.199+0900] {taskinstance.py:2076} INFO - Dependencies all met for dep_context=requeueable deps ti=<TaskInstance: movie.transform scheduled__2017-01-05T05:26:00+00:00 [queued]>
[2024-08-02T17:46:24.199+0900] {taskinstance.py:2306} INFO - Starting attempt 1 of 3
[2024-08-02T17:46:24.219+0900] {taskinstance.py:2330} INFO - Executing <Task(PythonVirtualenvOperator): transform> on 2017-01-05 05:26:00+00:00
[2024-08-02T17:46:24.222+0900] {standard_task_runner.py:64} INFO - Started process 176490 to run task
[2024-08-02T17:46:24.225+0900] {standard_task_runner.py:90} INFO - Running: ['airflow', 'tasks', 'run', 'movie', 'transform', 'scheduled__2017-01-05T05:26:00+00:00', '--job-id', '325', '--raw', '--subdir', 'DAGS_FOLDER/movie.py', '--cfg-path', '/tmp/tmpfpllr_z_']
[2024-08-02T17:46:24.227+0900] {standard_task_runner.py:91} INFO - Job 325: Subtask transform
[2024-08-02T17:46:24.267+0900] {task_command.py:426} INFO - Running <TaskInstance: movie.transform scheduled__2017-01-05T05:26:00+00:00 [running]> on host playdata.
[2024-08-02T17:46:24.333+0900] {taskinstance.py:2648} INFO - Exporting env vars: AIRFLOW_CTX_DAG_OWNER='airflow' AIRFLOW_CTX_DAG_ID='movie' AIRFLOW_CTX_TASK_ID='transform' AIRFLOW_CTX_EXECUTION_DATE='2017-01-05T05:26:00+00:00' AIRFLOW_CTX_TRY_NUMBER='1' AIRFLOW_CTX_DAG_RUN_ID='scheduled__2017-01-05T05:26:00+00:00'
[2024-08-02T17:46:24.334+0900] {taskinstance.py:430} INFO - ::endgroup::
[2024-08-02T17:46:24.345+0900] {baseoperator.py:400} WARNING - PythonVirtualenvOperator.execute cannot be called outside TaskInstance!
[2024-08-02T17:46:24.346+0900] {process_utils.py:183} INFO - Executing cmd: /home/oddsummer/.pyenv/versions/3.11.9/envs/air/bin/python -m virtualenv /tmp/venvi_6o7ln7 --python=python
[2024-08-02T17:46:24.347+0900] {process_utils.py:187} INFO - Output:
[2024-08-02T17:46:24.729+0900] {process_utils.py:191} INFO - created virtual environment CPython3.11.9.final.0-64 in 277ms
[2024-08-02T17:46:24.729+0900] {process_utils.py:191} INFO -   creator CPython3Posix(dest=/tmp/venvi_6o7ln7, clear=False, no_vcs_ignore=False, global=False)
[2024-08-02T17:46:24.730+0900] {process_utils.py:191} INFO -   seeder FromAppData(download=False, pip=bundle, setuptools=bundle, wheel=bundle, via=copy, app_data_dir=/home/oddsummer/.local/share/virtualenv)
[2024-08-02T17:46:24.730+0900] {process_utils.py:191} INFO -     added seed packages: pip==24.1.2, setuptools==70.2.0, wheel==0.43.0
[2024-08-02T17:46:24.730+0900] {process_utils.py:191} INFO -   activators BashActivator,CShellActivator,FishActivator,NushellActivator,PowerShellActivator,PythonActivator
[2024-08-02T17:46:24.753+0900] {process_utils.py:183} INFO - Executing cmd: /tmp/venvi_6o7ln7/bin/pip install -r /tmp/venvi_6o7ln7/requirements.txt
[2024-08-02T17:46:24.754+0900] {process_utils.py:187} INFO - Output:
[2024-08-02T17:46:25.692+0900] {process_utils.py:191} INFO - Collecting git+https://github.com/7-TRG/transform_trg.git@main (from -r /tmp/venvi_6o7ln7/requirements.txt (line 1))
[2024-08-02T17:46:25.693+0900] {process_utils.py:191} INFO -   Cloning https://github.com/7-TRG/transform_trg.git (to revision main) to /tmp/pip-req-build-1vocfnq9
[2024-08-02T17:46:25.695+0900] {process_utils.py:191} INFO -   Running command git clone --filter=blob:none --quiet https://github.com/7-TRG/transform_trg.git /tmp/pip-req-build-1vocfnq9
[2024-08-02T17:46:27.228+0900] {process_utils.py:191} INFO -   Resolved https://github.com/7-TRG/transform_trg.git to commit 789fe432a030fafcbef44ec873bc256dce822228
[2024-08-02T17:46:27.234+0900] {process_utils.py:191} INFO -   Installing build dependencies: started
[2024-08-02T17:46:29.047+0900] {process_utils.py:191} INFO -   Installing build dependencies: finished with status 'done'
[2024-08-02T17:46:29.048+0900] {process_utils.py:191} INFO -   Getting requirements to build wheel: started
[2024-08-02T17:46:29.294+0900] {process_utils.py:191} INFO -   Getting requirements to build wheel: finished with status 'done'
[2024-08-02T17:46:29.296+0900] {process_utils.py:191} INFO -   Preparing metadata (pyproject.toml): started
[2024-08-02T17:46:29.551+0900] {process_utils.py:191} INFO -   Preparing metadata (pyproject.toml): finished with status 'done'
[2024-08-02T17:46:29.554+0900] {process_utils.py:191} INFO - Building wheels for collected packages: transform_trg
[2024-08-02T17:46:29.558+0900] {process_utils.py:191} INFO -   Building wheel for transform_trg (pyproject.toml): started
[2024-08-02T17:46:29.820+0900] {process_utils.py:191} INFO -   Building wheel for transform_trg (pyproject.toml): finished with status 'done'
[2024-08-02T17:46:29.821+0900] {process_utils.py:191} INFO -   Created wheel for transform_trg: filename=transform_trg-0.1.0-py3-none-any.whl size=2244 sha256=8a4e1b03998b7cd256e0a2d77618f3225a71706093776a6463c0cabee6449f72
[2024-08-02T17:46:29.821+0900] {process_utils.py:191} INFO -   Stored in directory: /tmp/pip-ephem-wheel-cache-s1s7ggmk/wheels/52/ed/12/e63285a730e0434716bf2b76c497e2eca12531b214fbcca988
[2024-08-02T17:46:29.823+0900] {process_utils.py:191} INFO - Successfully built transform_trg
[2024-08-02T17:46:29.833+0900] {process_utils.py:191} INFO - Installing collected packages: transform_trg
[2024-08-02T17:46:29.852+0900] {process_utils.py:191} INFO - Successfully installed transform_trg-0.1.0
[2024-08-02T17:46:29.858+0900] {process_utils.py:191} INFO - 
[2024-08-02T17:46:29.858+0900] {process_utils.py:191} INFO - [notice] A new release of pip is available: 24.1.2 -> 24.2
[2024-08-02T17:46:29.858+0900] {process_utils.py:191} INFO - [notice] To update, run: python -m pip install --upgrade pip
[2024-08-02T17:46:29.952+0900] {process_utils.py:183} INFO - Executing cmd: /tmp/venvi_6o7ln7/bin/python /tmp/venv-call_y88n0zh/script.py /tmp/venv-call_y88n0zh/script.in /tmp/venv-call_y88n0zh/script.out /tmp/venv-call_y88n0zh/string_args.txt /tmp/venv-call_y88n0zh/termination.log
[2024-08-02T17:46:29.953+0900] {process_utils.py:187} INFO - Output:
[2024-08-02T17:46:29.973+0900] {process_utils.py:191} INFO - 
[2024-08-02T17:46:29.973+0900] {process_utils.py:191} INFO - ---------------======---::::::------+--=======++++++++++===--:...::-=--==============--:.....:-=====
[2024-08-02T17:46:29.973+0900] {process_utils.py:191} INFO - ----::---------------------===--::--+-----=============++++++===---:....--===============--:...:-===
[2024-08-02T17:46:29.973+0900] {process_utils.py:191} INFO - ----------------------------------=++----------------------=+===========-::.:-======================
[2024-08-02T17:46:29.974+0900] {process_utils.py:191} INFO - =----------------------------------==-----------------------=-----==============================+=--
[2024-08-02T17:46:29.974+0900] {process_utils.py:191} INFO - %%####=----------------------------==----------------------=-::::-----======+*%#++================::
[2024-08-02T17:46:29.974+0900] {process_utils.py:191} INFO - %%%%%#=----------------------------=-:---------------------=--==--------=====*#*=================-::
[2024-08-02T17:46:29.974+0900] {process_utils.py:191} INFO - @@%%%*-----------------+***++=-----=-::-------------------:+---------=====+++====================-::
[2024-08-02T17:46:29.974+0900] {process_utils.py:191} INFO - @@%%%*---------------#%%%%##%%#=---=-+##*#+----------------=------------=====+====-=--===========-::
[2024-08-02T17:46:29.974+0900] {process_utils.py:191} INFO - @@@%%+--=+*%%%+-----+%@@%#++%%%#=--=*%+===#+::----------::=-----------=+*##*++=-----------=======-::
[2024-08-02T17:46:29.975+0900] {process_utils.py:191} INFO - +++++=-+#+***#*=-----#*++**+#@@@*--+#+**+***-:=-:---=*+-::=-----==+++*######%%%#=-------------==-:::
[2024-08-02T17:46:29.975+0900] {process_utils.py:191} INFO - *******-:::-*=-------+===+=-=+#%%:-=++++=+==-:=-:::=%%#-::###=-*#%%%%%%%%%%%%%%%%+---------------:::
[2024-08-02T17:46:29.975+0900] {process_utils.py:191} INFO - =====+=:--::+---+--+**++++*+++#%*-=--**++++-:=++=::+#*-::=%%%#*#%%%%%%%%@@%%%%@@%%#====------+#%%=-*
[2024-08-02T17:46:29.975+0900] {process_utils.py:191} INFO - =-==++---=+==*#%%%%%%=*++++++++==-=-*##*+=##**++=--++-:--*=-=*#%%%@%###*###*+++*%%%*=============-#%
[2024-08-02T17:46:29.975+0900] {process_utils.py:191} INFO - +-=------=*%%%%@%@@@@***=+*#+*##*#%%@@**++%@%%%%*+=--=-=+-:--:#%@@%#*****###*+---+*++#**===---=++*%@
[2024-08-02T17:46:29.975+0900] {process_utils.py:191} INFO - --==-::-*%%%@@@@@@@%#*=-+++%@%##%%@@@@@%#%@@@%%@%%%*=--=#%####-%@%%####++++++=---==++*####*+++*%@%@@
[2024-08-02T17:46:29.975+0900] {process_utils.py:191} INFO - -=*+=-=#@@@@@@@@@#*+++++*@@@@@@@@@@@@@@@@@@@@@@@@@@@#+==-+*+#=:-+#%##**==++**+++=====+*###*+**#@%##%
[2024-08-02T17:46:29.975+0900] {process_utils.py:191} INFO - -=++-+%%@%@@@@%+=-++***#@@@@@@@@@@@@%:+@@*%+=%@@@@@@%%#%%#*=+--:-=#++**%#*+=+++++===+**####=*%%%%%%%
[2024-08-02T17:46:29.976+0900] {process_utils.py:191} INFO - -=++#%%####+-:---=*%%@@%#######**++++=+++++++++%%=+%@@%##*+==-=++=+*****##*===+++++==*#####*+#%%##%%
[2024-08-02T17:46:29.976+0900] {process_utils.py:191} INFO - -=*+=---==+=-::::-*@@@%+=======++++++++++++++*#%#**%%%*==-+*=--+==*****#**+=====+++++=***+++=+==::::
[2024-08-02T17:46:29.976+0900] {process_utils.py:191} INFO - =#*=++++++*###**==*@@@%=======++++++++*@@@@@@@@%%#####-:=+----==******##****+++++***==-=+=:::.::::::
[2024-08-02T17:46:29.976+0900] {process_utils.py:191} INFO - #%*+*++++**##*###*+#@@#=========++++==*%%%%%%%%######*=-----==+*********##########*+====::::::::::::
[2024-08-02T17:46:29.976+0900] {process_utils.py:191} INFO - ++++*#%%@%*##*##***%@@*===============+%##%%######%%%%*==-===+*********+=+*#######*++++-:::--::-----
[2024-08-02T17:46:29.976+0900] {process_utils.py:191} INFO - ===+*#%@@%*##**#**+=--================+%%#%%###%#%%%%%#======*#######*-:-++*####*****++:------------
[2024-08-02T17:46:29.976+0900] {process_utils.py:191} INFO - =+=------=##**##**+=--================+%%#%%###%%#%%%%%+=====+###**++==----:-*####****=------==-====
[2024-08-02T17:46:29.976+0900] {process_utils.py:191} INFO - 
[2024-08-02T17:46:29.997+0900] {python.py:237} INFO - Done. Returned value was: None
[2024-08-02T17:46:29.998+0900] {taskinstance.py:441} INFO - ::group::Post task execution logs
[2024-08-02T17:46:30.001+0900] {taskinstance.py:1206} INFO - Marking task as SUCCESS. dag_id=movie, task_id=transform, run_id=scheduled__2017-01-05T05:26:00+00:00, execution_date=20170105T052600, start_date=20240802T084624, end_date=20240802T084630
[2024-08-02T17:46:30.046+0900] {local_task_job_runner.py:243} INFO - Task exited with return code 0
[2024-08-02T17:46:30.062+0900] {taskinstance.py:3503} INFO - 1 downstream tasks scheduled from follow-on schedule check
[2024-08-02T17:46:30.068+0900] {local_task_job_runner.py:222} INFO - ::endgroup::
