[2024-08-02T17:13:28.606+0900] {local_task_job_runner.py:120} INFO - ::group::Pre task execution logs
[2024-08-02T17:13:28.627+0900] {taskinstance.py:2076} INFO - Dependencies all met for dep_context=non-requeueable deps ti=<TaskInstance: movie.get.data scheduled__2017-01-03T05:12:00+00:00 [queued]>
[2024-08-02T17:13:28.634+0900] {taskinstance.py:2076} INFO - Dependencies all met for dep_context=requeueable deps ti=<TaskInstance: movie.get.data scheduled__2017-01-03T05:12:00+00:00 [queued]>
[2024-08-02T17:13:28.634+0900] {taskinstance.py:2306} INFO - Starting attempt 1 of 3
[2024-08-02T17:13:28.653+0900] {taskinstance.py:2330} INFO - Executing <Task(PythonVirtualenvOperator): get.data> on 2017-01-03 05:12:00+00:00
[2024-08-02T17:13:28.656+0900] {standard_task_runner.py:64} INFO - Started process 158296 to run task
[2024-08-02T17:13:28.660+0900] {standard_task_runner.py:90} INFO - Running: ['airflow', 'tasks', 'run', 'movie', 'get.data', 'scheduled__2017-01-03T05:12:00+00:00', '--job-id', '143', '--raw', '--subdir', 'DAGS_FOLDER/movie.py', '--cfg-path', '/tmp/tmplvfi_82u']
[2024-08-02T17:13:28.662+0900] {standard_task_runner.py:91} INFO - Job 143: Subtask get.data
[2024-08-02T17:13:28.702+0900] {task_command.py:426} INFO - Running <TaskInstance: movie.get.data scheduled__2017-01-03T05:12:00+00:00 [running]> on host playdata.
[2024-08-02T17:13:28.777+0900] {taskinstance.py:2648} INFO - Exporting env vars: AIRFLOW_CTX_DAG_OWNER='airflow' AIRFLOW_CTX_DAG_ID='movie' AIRFLOW_CTX_TASK_ID='get.data' AIRFLOW_CTX_EXECUTION_DATE='2017-01-03T05:12:00+00:00' AIRFLOW_CTX_TRY_NUMBER='1' AIRFLOW_CTX_DAG_RUN_ID='scheduled__2017-01-03T05:12:00+00:00'
[2024-08-02T17:13:28.777+0900] {taskinstance.py:430} INFO - ::endgroup::
[2024-08-02T17:13:28.787+0900] {baseoperator.py:400} WARNING - PythonVirtualenvOperator.execute cannot be called outside TaskInstance!
[2024-08-02T17:13:28.788+0900] {process_utils.py:183} INFO - Executing cmd: /home/oddsummer/.pyenv/versions/3.11.9/envs/air/bin/python -m virtualenv /tmp/venv_mcqautq --python=python
[2024-08-02T17:13:28.789+0900] {process_utils.py:187} INFO - Output:
[2024-08-02T17:13:29.166+0900] {process_utils.py:191} INFO - created virtual environment CPython3.11.9.final.0-64 in 265ms
[2024-08-02T17:13:29.167+0900] {process_utils.py:191} INFO -   creator CPython3Posix(dest=/tmp/venv_mcqautq, clear=False, no_vcs_ignore=False, global=False)
[2024-08-02T17:13:29.167+0900] {process_utils.py:191} INFO -   seeder FromAppData(download=False, pip=bundle, setuptools=bundle, wheel=bundle, via=copy, app_data_dir=/home/oddsummer/.local/share/virtualenv)
[2024-08-02T17:13:29.168+0900] {process_utils.py:191} INFO -     added seed packages: pip==24.1.2, setuptools==70.2.0, wheel==0.43.0
[2024-08-02T17:13:29.168+0900] {process_utils.py:191} INFO -   activators BashActivator,CShellActivator,FishActivator,NushellActivator,PowerShellActivator,PythonActivator
[2024-08-02T17:13:29.197+0900] {process_utils.py:183} INFO - Executing cmd: /tmp/venv_mcqautq/bin/pip install -r /tmp/venv_mcqautq/requirements.txt
[2024-08-02T17:13:29.198+0900] {process_utils.py:187} INFO - Output:
[2024-08-02T17:13:30.180+0900] {process_utils.py:191} INFO - Collecting git+https://github.com/7-TRG/extract_trg.git@main (from -r /tmp/venv_mcqautq/requirements.txt (line 1))
[2024-08-02T17:13:30.181+0900] {process_utils.py:191} INFO -   Cloning https://github.com/7-TRG/extract_trg.git (to revision main) to /tmp/pip-req-build-4vafku53
[2024-08-02T17:13:30.183+0900] {process_utils.py:191} INFO -   Running command git clone --filter=blob:none --quiet https://github.com/7-TRG/extract_trg.git /tmp/pip-req-build-4vafku53
[2024-08-02T17:13:31.722+0900] {process_utils.py:191} INFO -   Resolved https://github.com/7-TRG/extract_trg.git to commit 0712b3f1bbaeeeea58bf80749079a62c7e1bec3d
[2024-08-02T17:13:31.726+0900] {process_utils.py:191} INFO -   Installing build dependencies: started
[2024-08-02T17:13:33.709+0900] {process_utils.py:191} INFO -   Installing build dependencies: finished with status 'done'
[2024-08-02T17:13:33.710+0900] {process_utils.py:191} INFO -   Getting requirements to build wheel: started
[2024-08-02T17:13:33.955+0900] {process_utils.py:191} INFO -   Getting requirements to build wheel: finished with status 'done'
[2024-08-02T17:13:33.956+0900] {process_utils.py:191} INFO -   Preparing metadata (pyproject.toml): started
[2024-08-02T17:13:34.202+0900] {process_utils.py:191} INFO -   Preparing metadata (pyproject.toml): finished with status 'done'
[2024-08-02T17:13:34.205+0900] {process_utils.py:191} INFO - Building wheels for collected packages: extract_trg
[2024-08-02T17:13:34.208+0900] {process_utils.py:191} INFO -   Building wheel for extract_trg (pyproject.toml): started
[2024-08-02T17:13:34.478+0900] {process_utils.py:191} INFO -   Building wheel for extract_trg (pyproject.toml): finished with status 'done'
[2024-08-02T17:13:34.479+0900] {process_utils.py:191} INFO -   Created wheel for extract_trg: filename=extract_trg-0.1.0-py3-none-any.whl size=2219 sha256=1f943d4159fc8816a58ce5f473b89fe8faa6932b0e8e55cd98398e9731845f54
[2024-08-02T17:13:34.479+0900] {process_utils.py:191} INFO -   Stored in directory: /tmp/pip-ephem-wheel-cache-pnynl_so/wheels/21/97/ea/e27bc4298590f1b8a2b9c46b60aefbe2e3076cf05f6bd5e464
[2024-08-02T17:13:34.481+0900] {process_utils.py:191} INFO - Successfully built extract_trg
[2024-08-02T17:13:34.493+0900] {process_utils.py:191} INFO - Installing collected packages: extract_trg
[2024-08-02T17:13:34.508+0900] {process_utils.py:191} INFO - Successfully installed extract_trg-0.1.0
[2024-08-02T17:13:34.514+0900] {process_utils.py:191} INFO - 
[2024-08-02T17:13:34.514+0900] {process_utils.py:191} INFO - [notice] A new release of pip is available: 24.1.2 -> 24.2
[2024-08-02T17:13:34.515+0900] {process_utils.py:191} INFO - [notice] To update, run: python -m pip install --upgrade pip
[2024-08-02T17:13:34.607+0900] {process_utils.py:183} INFO - Executing cmd: /tmp/venv_mcqautq/bin/python /tmp/venv-callt6eu5d2k/script.py /tmp/venv-callt6eu5d2k/script.in /tmp/venv-callt6eu5d2k/script.out /tmp/venv-callt6eu5d2k/string_args.txt /tmp/venv-callt6eu5d2k/termination.log
[2024-08-02T17:13:34.608+0900] {process_utils.py:187} INFO - Output:
[2024-08-02T17:13:34.629+0900] {process_utils.py:191} INFO - 
[2024-08-02T17:13:34.629+0900] {process_utils.py:191} INFO - ---------------======---::::::------+--=======++++++++++===--:...::-=--==============--:.....:-=====
[2024-08-02T17:13:34.629+0900] {process_utils.py:191} INFO - ----::---------------------===--::--+-----=============++++++===---:....--===============--:...:-===
[2024-08-02T17:13:34.629+0900] {process_utils.py:191} INFO - ----------------------------------=++----------------------=+===========-::.:-======================
[2024-08-02T17:13:34.630+0900] {process_utils.py:191} INFO - =----------------------------------==-----------------------=-----==============================+=--
[2024-08-02T17:13:34.630+0900] {process_utils.py:191} INFO - %%####=----------------------------==----------------------=-::::-----======+*%#++================::
[2024-08-02T17:13:34.630+0900] {process_utils.py:191} INFO - %%%%%#=----------------------------=-:---------------------=--==--------=====*#*=================-::
[2024-08-02T17:13:34.630+0900] {process_utils.py:191} INFO - @@%%%*-----------------+***++=-----=-::-------------------:+---------=====+++====================-::
[2024-08-02T17:13:34.630+0900] {process_utils.py:191} INFO - @@%%%*---------------#%%%%##%%#=---=-+##*#+----------------=------------=====+====-=--===========-::
[2024-08-02T17:13:34.630+0900] {process_utils.py:191} INFO - @@@%%+--=+*%%%+-----+%@@%#++%%%#=--=*%+===#+::----------::=-----------=+*##*++=-----------=======-::
[2024-08-02T17:13:34.631+0900] {process_utils.py:191} INFO - +++++=-+#+***#*=-----#*++**+#@@@*--+#+**+***-:=-:---=*+-::=-----==+++*######%%%#=-------------==-:::
[2024-08-02T17:13:34.631+0900] {process_utils.py:191} INFO - *******-:::-*=-------+===+=-=+#%%:-=++++=+==-:=-:::=%%#-::###=-*#%%%%%%%%%%%%%%%%+---------------:::
[2024-08-02T17:13:34.631+0900] {process_utils.py:191} INFO - =====+=:--::+---+--+**++++*+++#%*-=--**++++-:=++=::+#*-::=%%%#*#%%%%%%%%@@%%%%@@%%#====------+#%%=-*
[2024-08-02T17:13:34.631+0900] {process_utils.py:191} INFO - =-==++---=+==*#%%%%%%=*++++++++==-=-*##*+=##**++=--++-:--*=-=*#%%%@%###*###*+++*%%%*=============-#%
[2024-08-02T17:13:34.631+0900] {process_utils.py:191} INFO - +-=------=*%%%%@%@@@@***=+*#+*##*#%%@@**++%@%%%%*+=--=-=+-:--:#%@@%#*****###*+---+*++#**===---=++*%@
[2024-08-02T17:13:34.631+0900] {process_utils.py:191} INFO - --==-::-*%%%@@@@@@@%#*=-+++%@%##%%@@@@@%#%@@@%%@%%%*=--=#%####-%@%%####++++++=---==++*####*+++*%@%@@
[2024-08-02T17:13:34.631+0900] {process_utils.py:191} INFO - -=*+=-=#@@@@@@@@@#*+++++*@@@@@@@@@@@@@@@@@@@@@@@@@@@#+==-+*+#=:-+#%##**==++**+++=====+*###*+**#@%##%
[2024-08-02T17:13:34.632+0900] {process_utils.py:191} INFO - -=++-+%%@%@@@@%+=-++***#@@@@@@@@@@@@%:+@@*%+=%@@@@@@%%#%%#*=+--:-=#++**%#*+=+++++===+**####=*%%%%%%%
[2024-08-02T17:13:34.632+0900] {process_utils.py:191} INFO - -=++#%%####+-:---=*%%@@%#######**++++=+++++++++%%=+%@@%##*+==-=++=+*****##*===+++++==*#####*+#%%##%%
[2024-08-02T17:13:34.632+0900] {process_utils.py:191} INFO - -=*+=---==+=-::::-*@@@%+=======++++++++++++++*#%#**%%%*==-+*=--+==*****#**+=====+++++=***+++=+==::::
[2024-08-02T17:13:34.632+0900] {process_utils.py:191} INFO - =#*=++++++*###**==*@@@%=======++++++++*@@@@@@@@%%#####-:=+----==******##****+++++***==-=+=:::.::::::
[2024-08-02T17:13:34.632+0900] {process_utils.py:191} INFO - #%*+*++++**##*###*+#@@#=========++++==*%%%%%%%%######*=-----==+*********##########*+====::::::::::::
[2024-08-02T17:13:34.632+0900] {process_utils.py:191} INFO - ++++*#%%@%*##*##***%@@*===============+%##%%######%%%%*==-===+*********+=+*#######*++++-:::--::-----
[2024-08-02T17:13:34.633+0900] {process_utils.py:191} INFO - ===+*#%@@%*##**#**+=--================+%%#%%###%#%%%%%#======*#######*-:-++*####*****++:------------
[2024-08-02T17:13:34.633+0900] {process_utils.py:191} INFO - =+=------=##**##**+=--================+%%#%%###%%#%%%%%+=====+###**++==----:-*####****=------==-====
[2024-08-02T17:13:34.633+0900] {process_utils.py:191} INFO - 
[2024-08-02T17:13:34.655+0900] {python.py:237} INFO - Done. Returned value was: None
[2024-08-02T17:13:34.656+0900] {taskinstance.py:441} INFO - ::group::Post task execution logs
[2024-08-02T17:13:34.660+0900] {taskinstance.py:1206} INFO - Marking task as SUCCESS. dag_id=movie, task_id=get.data, run_id=scheduled__2017-01-03T05:12:00+00:00, execution_date=20170103T051200, start_date=20240802T081328, end_date=20240802T081334
[2024-08-02T17:13:34.715+0900] {local_task_job_runner.py:243} INFO - Task exited with return code 0
[2024-08-02T17:13:34.727+0900] {taskinstance.py:3503} INFO - 0 downstream tasks scheduled from follow-on schedule check
[2024-08-02T17:13:34.727+0900] {local_task_job_runner.py:222} INFO - ::endgroup::
